MJLS0_SX286 /home/sky/kaldi/egs/timit/s5/mfcc/raw_mfcc_train.6.ark:1248433
MABC0_SX421 /home/sky/kaldi/egs/timit/s5/mfcc/raw_mfcc_train.3.ark:1456155
MPAR0_SI2206 /home/sky/kaldi/egs/timit/s5/mfcc/raw_mfcc_train.8.ark:494946
MMWS1_SX441 /home/sky/kaldi/egs/timit/s5/mfcc/raw_mfcc_train.8.ark:392276
MBOM0_SX294 /home/sky/kaldi/egs/timit/s5/mfcc/raw_mfcc_train.4.ark:587028
MGSL0_SX174 /home/sky/kaldi/egs/timit/s5/mfcc/raw_mfcc_train.6.ark:234066
FLAG0_SI834 /home/sky/kaldi/egs/timit/s5/mfcc/raw_mfcc_train.2.ark:807946
MJJB0_SX419 /home/sky/kaldi/egs/timit/s5/mfcc/raw_mfcc_train.6.ark:1054560
FTLG0_SI840 /home/sky/kaldi/egs/timit/s5/mfcc/raw_mfcc_train.3.ark:1289688
MJBG0_SX332 /home/sky/kaldi/egs/timit/s5/mfcc/raw_mfcc_train.6.ark:654001
MRPC1_SX222 /home/sky/kaldi/egs/timit/s5/mfcc/raw_mfcc_train.9.ark:618986
FLOD0_SX207 /home/sky/kaldi/egs/timit/s5/mfcc/raw_mfcc_train.2.ark:1185220
FRLL0_SI1514 /home/sky/kaldi/egs/timit/s5/mfcc/raw_mfcc_train.3.ark:414877
MDLH0_SX160 /home/sky/kaldi/egs/timit/s5/mfcc/raw_mfcc_train.5.ark:340751
FMMH0_SI2167 /home/sky/kaldi/egs/timit/s5/mfcc/raw_mfcc_train.2.ark:1501869
FKKH0_SI1290 /home/sky/kaldi/egs/timit/s5/mfcc/raw_mfcc_train.2.ark:602539
MREM0_SI1591 /home/sky/kaldi/egs/timit/s5/mfcc/raw_mfcc_train.8.ark:1351927
FLKM0_SX260 /home/sky/kaldi/egs/timit/s5/mfcc/raw_mfcc_train.2.ark:1052332
MDPB0_SX236 /home/sky/kaldi/egs/timit/s5/mfcc/raw_mfcc_train.5.ark:579513
MSDH0_SX440 /home/sky/kaldi/egs/timit/s5/mfcc/raw_mfcc_train.9.ark:1111414
MREE0_SX384 /home/sky/kaldi/egs/timit/s5/mfcc/raw_mfcc_train.8.ark:1311432
MCDR0_SI1784 /home/sky/kaldi/egs/timit/s5/mfcc/raw_mfcc_train.4.ark:828563
MSMR0_SI775 /home/sky/kaldi/egs/timit/s5/mfcc/raw_mfcc_train.9.ark:1383465
MDPB0_SI866 /home/sky/kaldi/egs/timit/s5/mfcc/raw_mfcc_train.5.ark:569918
MVLO0_SX337 /home/sky/kaldi/egs/timit/s5/mfcc/raw_mfcc_train.10.ark:1090903
MRVG0_SX420 /home/sky/kaldi/egs/timit/s5/mfcc/raw_mfcc_train.9.ark:841811
FDXW0_SX431 /home/sky/kaldi/egs/timit/s5/mfcc/raw_mfcc_train.1.ark:1114285
MRAB1_SX38 /home/sky/kaldi/egs/timit/s5/mfcc/raw_mfcc_train.8.ark:986267
FPMY0_SX163 /home/sky/kaldi/egs/timit/s5/mfcc/raw_mfcc_train.3.ark:336610
MDMT0_SX122 /home/sky/kaldi/egs/timit/s5/mfcc/raw_mfcc_train.5.ark:507060
MLBC0_SX159 /home/sky/kaldi/egs/timit/s5/mfcc/raw_mfcc_train.7.ark:881450
FSJW0_SI703 /home/sky/kaldi/egs/timit/s5/mfcc/raw_mfcc_train.3.ark:835177
MJRH0_SI1125 /home/sky/kaldi/egs/timit/s5/mfcc/raw_mfcc_train.7.ark:17174
MBGT0_SX171 /home/sky/kaldi/egs/timit/s5/mfcc/raw_mfcc_train.4.ark:423500
MABC0_SI781 /home/sky/kaldi/egs/timit/s5/mfcc/raw_mfcc_train.3.ark:1441125
FBCH0_SX56 /home/sky/kaldi/egs/timit/s5/mfcc/raw_mfcc_train.1.ark:270792
MDLM0_SX154 /home/sky/kaldi/egs/timit/s5/mfcc/raw_mfcc_train.5.ark:375388
FKLH0_SX177 /home/sky/kaldi/egs/timit/s5/mfcc/raw_mfcc_train.2.ark:716639
FDTD0_SX321 /home/sky/kaldi/egs/timit/s5/mfcc/raw_mfcc_train.1.ark:1083053
MRSO0_SI1659 /home/sky/kaldi/egs/timit/s5/mfcc/raw_mfcc_train.9.ark:679554
MVLO0_SX157 /home/sky/kaldi/egs/timit/s5/mfcc/raw_mfcc_train.10.ark:1083024
MTXS0_SX70 /home/sky/kaldi/egs/timit/s5/mfcc/raw_mfcc_train.10.ark:1037008
FSSB0_SX452 /home/sky/kaldi/egs/timit/s5/mfcc/raw_mfcc_train.3.ark:1178379
MDLC1_SX355 /home/sky/kaldi/egs/timit/s5/mfcc/raw_mfcc_train.5.ark:291018
MSRG0_SX411 /home/sky/kaldi/egs/timit/s5/mfcc/raw_mfcc_train.9.ark:1460294
MJXL0_SX362 /home/sky/kaldi/egs/timit/s5/mfcc/raw_mfcc_train.7.ark:339772
MCPM0_SX204 /home/sky/kaldi/egs/timit/s5/mfcc/raw_mfcc_train.4.ark:1043713
MEDR0_SX384 /home/sky/kaldi/egs/timit/s5/mfcc/raw_mfcc_train.5.ark:957440
FTAJ0_SI1329 /home/sky/kaldi/egs/timit/s5/mfcc/raw_mfcc_train.3.ark:1187935
FKLC1_SX148 /home/sky/kaldi/egs/timit/s5/mfcc/raw_mfcc_train.2.ark:682366
MWRP0_SX183 /home/sky/kaldi/egs/timit/s5/mfcc/raw_mfcc_train.10.ark:1397069
FMEM0_SI747 /home/sky/kaldi/egs/timit/s5/mfcc/raw_mfcc_train.2.ark:1301401
MJAE0_SX354 /home/sky/kaldi/egs/timit/s5/mfcc/raw_mfcc_train.6.ark:588315
FCJS0_SI977 /home/sky/kaldi/egs/timit/s5/mfcc/raw_mfcc_train.1.ark:567365
MRMB0_SX51 /home/sky/kaldi/egs/timit/s5/mfcc/raw_mfcc_train.9.ark:470244
FSJG0_SX130 /home/sky/kaldi/egs/timit/s5/mfcc/raw_mfcc_train.3.ark:732794
MTMN0_SI1064 /home/sky/kaldi/egs/timit/s5/mfcc/raw_mfcc_train.10.ark:645825
MTPP0_SI2138 /home/sky/kaldi/egs/timit/s5/mfcc/raw_mfcc_train.10.ark:778115
MSDB0_SI2267 /home/sky/kaldi/egs/timit/s5/mfcc/raw_mfcc_train.9.ark:1070730
MFER0_SX52 /home/sky/kaldi/egs/timit/s5/mfcc/raw_mfcc_train.5.ark:1203590
MJDG0_SI1705 /home/sky/kaldi/egs/timit/s5/mfcc/raw_mfcc_train.6.ark:778203
MPRK0_SX287 /home/sky/kaldi/egs/timit/s5/mfcc/raw_mfcc_train.8.ark:863970
FMKC0_SI1041 /home/sky/kaldi/egs/timit/s5/mfcc/raw_mfcc_train.2.ark:1429312
FSCN0_SX86 /home/sky/kaldi/egs/timit/s5/mfcc/raw_mfcc_train.3.ark:622495
MJDC0_SI2165 /home/sky/kaldi/egs/timit/s5/mfcc/raw_mfcc_train.6.ark:699185
MJRG0_SX106 /home/sky/kaldi/egs/timit/s5/mfcc/raw_mfcc_train.6.ark:1484690
FMAH1_SX429 /home/sky/kaldi/egs/timit/s5/mfcc/raw_mfcc_train.2.ark:1251799
FETB0_SX338 /home/sky/kaldi/egs/timit/s5/mfcc/raw_mfcc_train.1.ark:1314092
FDXW0_SX251 /home/sky/kaldi/egs/timit/s5/mfcc/raw_mfcc_train.1.ark:1106705
MMDS0_SX443 /home/sky/kaldi/egs/timit/s5/mfcc/raw_mfcc_train.7.ark:1465933
FJWB1_SX255 /home/sky/kaldi/egs/timit/s5/mfcc/raw_mfcc_train.2.ark:379673
MEJS0_SX250 /home/sky/kaldi/egs/timit/s5/mfcc/raw_mfcc_train.5.ark:1077075
MMAG0_SX136 /home/sky/kaldi/egs/timit/s5/mfcc/raw_mfcc_train.7.ark:1157870
FLAC0_SX361 /home/sky/kaldi/egs/timit/s5/mfcc/raw_mfcc_train.2.ark:786772
FPAC0_SX391 /home/sky/kaldi/egs/timit/s5/mfcc/raw_mfcc_train.3.ark:151137
MCDR0_SX74 /home/sky/kaldi/egs/timit/s5/mfcc/raw_mfcc_train.4.ark:856060
MGAW0_SX355 /home/sky/kaldi/egs/timit/s5/mfcc/raw_mfcc_train.6.ark:46696
MMAA0_SX215 /home/sky/kaldi/egs/timit/s5/mfcc/raw_mfcc_train.7.ark:1093790
MRJT0_SX148 /home/sky/kaldi/egs/timit/s5/mfcc/raw_mfcc_train.9.ark:231815
FJSP0_SX354 /home/sky/kaldi/egs/timit/s5/mfcc/raw_mfcc_train.2.ark:351206
MKLW0_SI2201 /home/sky/kaldi/egs/timit/s5/mfcc/raw_mfcc_train.7.ark:781393
MRDS0_SI1797 /home/sky/kaldi/egs/timit/s5/mfcc/raw_mfcc_train.8.ark:1255368
MTMT0_SI1118 /home/sky/kaldi/egs/timit/s5/mfcc/raw_mfcc_train.10.ark:680644
MAPV0_SI663 /home/sky/kaldi/egs/timit/s5/mfcc/raw_mfcc_train.4.ark:206774
FNTB0_SX33 /home/sky/kaldi/egs/timit/s5/mfcc/raw_mfcc_train.3.ark:75187
MSMS0_SI2063 /home/sky/kaldi/egs/timit/s5/mfcc/raw_mfcc_train.9.ark:1410607
FLKM0_SX80 /home/sky/kaldi/egs/timit/s5/mfcc/raw_mfcc_train.2.ark:1068797
MCDD0_SI883 /home/sky/kaldi/egs/timit/s5/mfcc/raw_mfcc_train.4.ark:800940
MDJM0_SX375 /home/sky/kaldi/egs/timit/s5/mfcc/raw_mfcc_train.5.ark:158097
FPAB1_SX301 /home/sky/kaldi/egs/timit/s5/mfcc/raw_mfcc_train.3.ark:108557
FSDJ0_SX215 /home/sky/kaldi/egs/timit/s5/mfcc/raw_mfcc_train.3.ark:670833
MVRW0_SX315 /home/sky/kaldi/egs/timit/s5/mfcc/raw_mfcc_train.10.ark:1120353
MBEF0_SX291 /home/sky/kaldi/egs/timit/s5/mfcc/raw_mfcc_train.4.ark:405172
MKAJ0_SI2044 /home/sky/kaldi/egs/timit/s5/mfcc/raw_mfcc_train.7.ark:424050
MMDS0_SX173 /home/sky/kaldi/egs/timit/s5/mfcc/raw_mfcc_train.7.ark:1455811
MBSB0_SX273 /home/sky/kaldi/egs/timit/s5/mfcc/raw_mfcc_train.4.ark:612403
MGAR0_SX402 /home/sky/kaldi/egs/timit/s5/mfcc/raw_mfcc_train.6.ark:17227
MDHS0_SX90 /home/sky/kaldi/egs/timit/s5/mfcc/raw_mfcc_train.5.ark:128023
MRAM0_SX375 /home/sky/kaldi/egs/timit/s5/mfcc/raw_mfcc_train.8.ark:1057239
MREE0_SX204 /home/sky/kaldi/egs/timit/s5/mfcc/raw_mfcc_train.8.ark:1301259
MDPS0_SI719 /home/sky/kaldi/egs/timit/s5/mfcc/raw_mfcc_train.5.ark:629858
FPAB1_SX211 /home/sky/kaldi/egs/timit/s5/mfcc/raw_mfcc_train.3.ark:104130
MCEF0_SX145 /home/sky/kaldi/egs/timit/s5/mfcc/raw_mfcc_train.4.ark:872561
FKDW0_SX37 /home/sky/kaldi/egs/timit/s5/mfcc/raw_mfcc_train.2.ark:556811
MRRE0_SX164 /home/sky/kaldi/egs/timit/s5/mfcc/raw_mfcc_train.9.ark:651847
FJLR0_SX61 /home/sky/kaldi/egs/timit/s5/mfcc/raw_mfcc_train.2.ark:219833
FJLG0_SI1889 /home/sky/kaldi/egs/timit/s5/mfcc/raw_mfcc_train.2.ark:161975
MMWS1_SX261 /home/sky/kaldi/egs/timit/s5/mfcc/raw_mfcc_train.8.ark:383247
FPLS0_SI960 /home/sky/kaldi/egs/timit/s5/mfcc/raw_mfcc_train.3.ark:295754
MDED0_SX180 /home/sky/kaldi/egs/timit/s5/mfcc/raw_mfcc_train.4.ark:1452293
MBWP0_SX169 /home/sky/kaldi/egs/timit/s5/mfcc/raw_mfcc_train.4.ark:666990
FJXP0_SI1752 /home/sky/kaldi/egs/timit/s5/mfcc/raw_mfcc_train.2.ark:434314
MDDC0_SI2049 /home/sky/kaldi/egs/timit/s5/mfcc/raw_mfcc_train.4.ark:1413664
MJPG0_SI1191 /home/sky/kaldi/egs/timit/s5/mfcc/raw_mfcc_train.6.ark:1346315
FMPG0_SX432 /home/sky/kaldi/egs/timit/s5/mfcc/raw_mfcc_train.3.ark:9620
MPRK0_SX17 /home/sky/kaldi/egs/timit/s5/mfcc/raw_mfcc_train.8.ark:856078
MREH1_SI969 /home/sky/kaldi/egs/timit/s5/mfcc/raw_mfcc_train.8.ark:1323623
FVFB0_SX312 /home/sky/kaldi/egs/timit/s5/mfcc/raw_mfcc_train.3.ark:1361155
MAPV0_SI1293 /home/sky/kaldi/egs/timit/s5/mfcc/raw_mfcc_train.4.ark:196658
MTRC0_SX363 /home/sky/kaldi/egs/timit/s5/mfcc/raw_mfcc_train.10.ark:904537
MTAB0_SX132 /home/sky/kaldi/egs/timit/s5/mfcc/raw_mfcc_train.10.ark:59131
FRJB0_SX347 /home/sky/kaldi/egs/timit/s5/mfcc/raw_mfcc_train.3.ark:400751
MJPM0_SX108 /home/sky/kaldi/egs/timit/s5/mfcc/raw_mfcc_train.6.ark:1388527
FJRP1_SX352 /home/sky/kaldi/egs/timit/s5/mfcc/raw_mfcc_train.2.ark:281645
MDLH0_SX70 /home/sky/kaldi/egs/timit/s5/mfcc/raw_mfcc_train.5.ark:360564
MKRG0_SI2121 /home/sky/kaldi/egs/timit/s5/mfcc/raw_mfcc_train.7.ark:811447
MAFM0_SX219 /home/sky/kaldi/egs/timit/s5/mfcc/raw_mfcc_train.4.ark:83279
FBCH0_SI959 /home/sky/kaldi/egs/timit/s5/mfcc/raw_mfcc_train.1.ark:247995
FSJS0_SX181 /home/sky/kaldi/egs/timit/s5/mfcc/raw_mfcc_train.3.ark:802276
MRPC1_SX42 /home/sky/kaldi/egs/timit/s5/mfcc/raw_mfcc_train.9.ark:631213
MSAH1_SX329 /home/sky/kaldi/egs/timit/s5/mfcc/raw_mfcc_train.9.ark:959241
MESJ0_SX187 /home/sky/kaldi/egs/timit/s5/mfcc/raw_mfcc_train.5.ark:1137112
MCDD0_SX433 /home/sky/kaldi/egs/timit/s5/mfcc/raw_mfcc_train.4.ark:815580
MWRE0_SI1057 /home/sky/kaldi/egs/timit/s5/mfcc/raw_mfcc_train.10.ark:1349967
MJDE0_SX310 /home/sky/kaldi/egs/timit/s5/mfcc/raw_mfcc_train.6.ark:754363
MMAB1_SI864 /home/sky/kaldi/egs/timit/s5/mfcc/raw_mfcc_train.7.ark:1114516
MGSH0_SX186 /home/sky/kaldi/egs/timit/s5/mfcc/raw_mfcc_train.6.ark:204756
MRHL0_SX75 /home/sky/kaldi/egs/timit/s5/mfcc/raw_mfcc_train.9.ark:73632
MGRL0_SI2127 /home/sky/kaldi/egs/timit/s5/mfcc/raw_mfcc_train.6.ark:122084
MREE0_SX114 /home/sky/kaldi/egs/timit/s5/mfcc/raw_mfcc_train.8.ark:1297690
FSMM0_SI1314 /home/sky/kaldi/egs/timit/s5/mfcc/raw_mfcc_train.3.ark:1018610
MWDK0_SX86 /home/sky/kaldi/egs/timit/s5/mfcc/raw_mfcc_train.10.ark:1281295
FDML0_SX159 /home/sky/kaldi/egs/timit/s5/mfcc/raw_mfcc_train.1.ark:958360
MTML0_SX75 /home/sky/kaldi/egs/timit/s5/mfcc/raw_mfcc_train.10.ark:641631
MMDG0_SI1780 /home/sky/kaldi/egs/timit/s5/mfcc/raw_mfcc_train.7.ark:1345547
MDCD0_SI1415 /home/sky/kaldi/egs/timit/s5/mfcc/raw_mfcc_train.4.ark:1344187
MMWS0_SI559 /home/sky/kaldi/egs/timit/s5/mfcc/raw_mfcc_train.8.ark:345462
MFWK0_SX259 /home/sky/kaldi/egs/timit/s5/mfcc/raw_mfcc_train.5.ark:1285954
FCKE0_SX301 /home/sky/kaldi/egs/timit/s5/mfcc/raw_mfcc_train.1.ark:613736
MHMG0_SI1995 /home/sky/kaldi/egs/timit/s5/mfcc/raw_mfcc_train.6.ark:383003
MWSB0_SX366 /home/sky/kaldi/egs/timit/s5/mfcc/raw_mfcc_train.10.ark:1432641
FREH0_SX145 /home/sky/kaldi/egs/timit/s5/mfcc/raw_mfcc_train.3.ark:369752
MRLD0_SX154 /home/sky/kaldi/egs/timit/s5/mfcc/raw_mfcc_train.9.ark:306573
MTML0_SI2325 /home/sky/kaldi/egs/timit/s5/mfcc/raw_mfcc_train.10.ark:619887
MTRC0_SX93 /home/sky/kaldi/egs/timit/s5/mfcc/raw_mfcc_train.10.ark:907975
MPRB0_SI575 /home/sky/kaldi/egs/timit/s5/mfcc/raw_mfcc_train.8.ark:770580
MMVP0_SX347 /home/sky/kaldi/egs/timit/s5/mfcc/raw_mfcc_train.8.ark:288651
MMDG0_SI2035 /home/sky/kaldi/egs/timit/s5/mfcc/raw_mfcc_train.7.ark:1351977
MCDR0_SX434 /home/sky/kaldi/egs/timit/s5/mfcc/raw_mfcc_train.4.ark:852609
MJAC0_SI1331 /home/sky/kaldi/egs/timit/s5/mfcc/raw_mfcc_train.6.ark:536026
FLAG0_SX294 /home/sky/kaldi/egs/timit/s5/mfcc/raw_mfcc_train.2.ark:826654
FLMC0_SX112 /home/sky/kaldi/egs/timit/s5/mfcc/raw_mfcc_train.2.ark:1112278
MMAM0_SX247 /home/sky/kaldi/egs/timit/s5/mfcc/raw_mfcc_train.7.ark:1193503
FSLS0_SI1686 /home/sky/kaldi/egs/timit/s5/mfcc/raw_mfcc_train.3.ark:955349
FEXM0_SI482 /home/sky/kaldi/egs/timit/s5/mfcc/raw_mfcc_train.1.ark:1335409
FKAA0_SI1838 /home/sky/kaldi/egs/timit/s5/mfcc/raw_mfcc_train.2.ark:464752
MKLS1_SI1545 /home/sky/kaldi/egs/timit/s5/mfcc/raw_mfcc_train.7.ark:741436
MBBR0_SX65 /home/sky/kaldi/egs/timit/s5/mfcc/raw_mfcc_train.4.ark:351038
MADD0_SI1798 /home/sky/kaldi/egs/timit/s5/mfcc/raw_mfcc_train.3.ark:1500044
MRFK0_SX356 /home/sky/kaldi/egs/timit/s5/mfcc/raw_mfcc_train.8.ark:1433028
MCEF0_SX235 /home/sky/kaldi/egs/timit/s5/mfcc/raw_mfcc_train.4.ark:876000
MSMS0_SX83 /home/sky/kaldi/egs/timit/s5/mfcc/raw_mfcc_train.9.ark:1433788
FDTD0_SX211 /home/sky/kaldi/egs/timit/s5/mfcc/raw_mfcc_train.1.ark:1074043
FETB0_SX428 /home/sky/kaldi/egs/timit/s5/mfcc/raw_mfcc_train.1.ark:1318350
FBLV0_SI1688 /home/sky/kaldi/egs/timit/s5/mfcc/raw_mfcc_train.1.ark:311854
MSMR0_SX415 /home/sky/kaldi/egs/timit/s5/mfcc/raw_mfcc_train.9.ark:1397871
FMPG0_SX342 /home/sky/kaldi/egs/timit/s5/mfcc/raw_mfcc_train.3.ark:3828
MTJM0_SX56 /home/sky/kaldi/egs/timit/s5/mfcc/raw_mfcc_train.10.ark:406828
MEDR0_SI1374 /home/sky/kaldi/egs/timit/s5/mfcc/raw_mfcc_train.5.ark:931651
MRMH0_SI2281 /home/sky/kaldi/egs/timit/s5/mfcc/raw_mfcc_train.9.ark:515852
MRFL0_SI526 /home/sky/kaldi/egs/timit/s5/mfcc/raw_mfcc_train.8.ark:1452356
MDNS0_SI2271 /home/sky/kaldi/egs/timit/s5/mfcc/raw_mfcc_train.5.ark:534234
MJLG1_SI1012 /home/sky/kaldi/egs/timit/s5/mfcc/raw_mfcc_train.6.ark:1194149
MSVS0_SX128 /home/sky/kaldi/egs/timit/s5/mfcc/raw_mfcc_train.10.ark:20178
MSTF0_SI766 /home/sky/kaldi/egs/timit/s5/mfcc/raw_mfcc_train.9.ark:1504402
MBMA1_SI954 /home/sky/kaldi/egs/timit/s5/mfcc/raw_mfcc_train.4.ark:512675
MDCD0_SI785 /home/sky/kaldi/egs/timit/s5/mfcc/raw_mfcc_train.4.ark:1351014
MADD0_SX448 /home/sky/kaldi/egs/timit/s5/mfcc/raw_mfcc_train.4.ark:12
FCLT0_SI1438 /home/sky/kaldi/egs/timit/s5/mfcc/raw_mfcc_train.1.ark:622103
MDJM0_SI825 /home/sky/kaldi/egs/timit/s5/mfcc/raw_mfcc_train.5.ark:141059
MBEF0_SX201 /home/sky/kaldi/egs/timit/s5/mfcc/raw_mfcc_train.4.ark:399777
MLJH0_SI1422 /home/sky/kaldi/egs/timit/s5/mfcc/raw_mfcc_train.7.ark:973192
MSJK0_SI966 /home/sky/kaldi/egs/timit/s5/mfcc/raw_mfcc_train.9.ark:1314621
MTLB0_SI1134 /home/sky/kaldi/egs/timit/s5/mfcc/raw_mfcc_train.10.ark:548803
FJSK0_SX242 /home/sky/kaldi/egs/timit/s5/mfcc/raw_mfcc_train.2.ark:314521
MHBS0_SX45 /home/sky/kaldi/egs/timit/s5/mfcc/raw_mfcc_train.6.ark:317703
FKDE0_SX151 /home/sky/kaldi/egs/timit/s5/mfcc/raw_mfcc_train.2.ark:511286
MFWK0_SI619 /home/sky/kaldi/egs/timit/s5/mfcc/raw_mfcc_train.5.ark:1278634
FLET0_SI1767 /home/sky/kaldi/egs/timit/s5/mfcc/raw_mfcc_train.2.ark:872248
MPFU0_SI1258 /home/sky/kaldi/egs/timit/s5/mfcc/raw_mfcc_train.8.ark:550016
MBAR0_SX329 /home/sky/kaldi/egs/timit/s5/mfcc/raw_mfcc_train.4.ark:312409
MTQC0_SX91 /home/sky/kaldi/egs/timit/s5/mfcc/raw_mfcc_train.10.ark:877889
MAJP0_SI1704 /home/sky/kaldi/egs/timit/s5/mfcc/raw_mfcc_train.4.ark:100527
MJRG0_SI1996 /home/sky/kaldi/egs/timit/s5/mfcc/raw_mfcc_train.6.ark:1476642
MPEB0_SX150 /home/sky/kaldi/egs/timit/s5/mfcc/raw_mfcc_train.8.ark:530468
MSFV0_SX182 /home/sky/kaldi/egs/timit/s5/mfcc/raw_mfcc_train.9.ark:1283475
MTAT1_SX239 /home/sky/kaldi/egs/timit/s5/mfcc/raw_mfcc_train.10.ark:157875
MLSH0_SI1417 /home/sky/kaldi/egs/timit/s5/mfcc/raw_mfcc_train.7.ark:1040313
MBWP0_SX439 /home/sky/kaldi/egs/timit/s5/mfcc/raw_mfcc_train.4.ark:681493
MPGR0_SI780 /home/sky/kaldi/egs/timit/s5/mfcc/raw_mfcc_train.8.ark:619668
MPPC0_SX62 /home/sky/kaldi/egs/timit/s5/mfcc/raw_mfcc_train.8.ark:756686
MHIT0_SX83 /home/sky/kaldi/egs/timit/s5/mfcc/raw_mfcc_train.6.ark:349779
FKLC0_SI1615 /home/sky/kaldi/egs/timit/s5/mfcc/raw_mfcc_train.2.ark:637254
MJAC0_SI2148 /home/sky/kaldi/egs/timit/s5/mfcc/raw_mfcc_train.6.ark:540259
FAPB0_SX73 /home/sky/kaldi/egs/timit/s5/mfcc/raw_mfcc_train.1.ark:167544
FMKC0_SI1072 /home/sky/kaldi/egs/timit/s5/mfcc/raw_mfcc_train.2.ark:1435287
MFER0_SX322 /home/sky/kaldi/egs/timit/s5/mfcc/raw_mfcc_train.5.ark:1197337
MJWS0_SI1773 /home/sky/kaldi/egs/timit/s5/mfcc/raw_mfcc_train.7.ark:222365
FCKE0_SX31 /home/sky/kaldi/egs/timit/s5/mfcc/raw_mfcc_train.1.ark:617330
MARW0_SI1276 /home/sky/kaldi/egs/timit/s5/mfcc/raw_mfcc_train.4.ark:257911
FLJD0_SX76 /home/sky/kaldi/egs/timit/s5/mfcc/raw_mfcc_train.2.ark:992777
MGAF0_SX112 /home/sky/kaldi/egs/timit/s5/mfcc/raw_mfcc_train.5.ark:1378771
MRLJ1_SX231 /home/sky/kaldi/egs/timit/s5/mfcc/raw_mfcc_train.9.ark:367106
MBCG0_SX237 /home/sky/kaldi/egs/timit/s5/mfcc/raw_mfcc_train.4.ark:369079
MKLS1_SI915 /home/sky/kaldi/egs/timit/s5/mfcc/raw_mfcc_train.7.ark:748822
MMAG0_SI496 /home/sky/kaldi/egs/timit/s5/mfcc/raw_mfcc_train.7.ark:1153911
MRJB1_SI1413 /home/sky/kaldi/egs/timit/s5/mfcc/raw_mfcc_train.9.ark:81448
FCYL0_SX349 /home/sky/kaldi/egs/timit/s5/mfcc/raw_mfcc_train.1.ark:770464
MFMC0_SX322 /home/sky/kaldi/egs/timit/s5/mfcc/raw_mfcc_train.5.ark:1229335
MEJS0_SI1240 /home/sky/kaldi/egs/timit/s5/mfcc/raw_mfcc_train.5.ark:1059249
MJXA0_SX247 /home/sky/kaldi/egs/timit/s5/mfcc/raw_mfcc_train.7.ark:304712
FKLH0_SX267 /home/sky/kaldi/egs/timit/s5/mfcc/raw_mfcc_train.2.ark:719324
FCDR1_SI556 /home/sky/kaldi/egs/timit/s5/mfcc/raw_mfcc_train.1.ark:482135
FDMY0_SX117 /home/sky/kaldi/egs/timit/s5/mfcc/raw_mfcc_train.1.ark:997832
MJXA0_SX337 /home/sky/kaldi/egs/timit/s5/mfcc/raw_mfcc_train.7.ark:309607
FCJF0_SX127 /home/sky/kaldi/egs/timit/s5/mfcc/raw_mfcc_train.1.ark:549934
MDSJ0_SX382 /home/sky/kaldi/egs/timit/s5/mfcc/raw_mfcc_train.5.ark:712991
MJRH0_SI1840 /home/sky/kaldi/egs/timit/s5/mfcc/raw_mfcc_train.7.ark:24678
MCLM0_SX376 /home/sky/kaldi/egs/timit/s5/mfcc/raw_mfcc_train.4.ark:1022395
MPRT0_SX40 /home/sky/kaldi/egs/timit/s5/mfcc/raw_mfcc_train.8.ark:895954
MCTH0_SX219 /home/sky/kaldi/egs/timit/s5/mfcc/raw_mfcc_train.4.ark:1136859
MGES0_SX401 /home/sky/kaldi/egs/timit/s5/mfcc/raw_mfcc_train.6.ark:75282
MHMG0_SX285 /home/sky/kaldi/egs/timit/s5/mfcc/raw_mfcc_train.6.ark:401679
MJLS0_SI1726 /home/sky/kaldi/egs/timit/s5/mfcc/raw_mfcc_train.6.ark:1228535
MFXS0_SI2225 /home/sky/kaldi/egs/timit/s5/mfcc/raw_mfcc_train.5.ark:1306777
MWAD0_SX72 /home/sky/kaldi/egs/timit/s5/mfcc/raw_mfcc_train.10.ark:1191760
MPGH0_SX114 /home/sky/kaldi/egs/timit/s5/mfcc/raw_mfcc_train.8.ark:597700
MPSW0_SX77 /home/sky/kaldi/egs/timit/s5/mfcc/raw_mfcc_train.8.ark:925632
MRCG0_SX348 /home/sky/kaldi/egs/timit/s5/mfcc/raw_mfcc_train.8.ark:1145070
MCTH0_SX39 /home/sky/kaldi/egs/timit/s5/mfcc/raw_mfcc_train.4.ark:1145231
FCDR1_SX16 /home/sky/kaldi/egs/timit/s5/mfcc/raw_mfcc_train.1.ark:493055
MPAR0_SI1576 /home/sky/kaldi/egs/timit/s5/mfcc/raw_mfcc_train.8.ark:492949
MJFH0_SX297 /home/sky/kaldi/egs/timit/s5/mfcc/raw_mfcc_train.6.ark:954522
FLMC0_SI2002 /home/sky/kaldi/egs/timit/s5/mfcc/raw_mfcc_train.2.ark:1105920
MMXS0_SX156 /home/sky/kaldi/egs/timit/s5/mfcc/raw_mfcc_train.8.ark:409510
MLNS0_SX57 /home/sky/kaldi/egs/timit/s5/mfcc/raw_mfcc_train.7.ark:1037185
MMXS0_SX336 /home/sky/kaldi/egs/timit/s5/mfcc/raw_mfcc_train.8.ark:416466
FDAS1_SI2091 /home/sky/kaldi/egs/timit/s5/mfcc/raw_mfcc_train.1.ark:790422
MMAR0_SX76 /home/sky/kaldi/egs/timit/s5/mfcc/raw_mfcc_train.7.ark:1244007
MTKP0_SI454 /home/sky/kaldi/egs/timit/s5/mfcc/raw_mfcc_train.10.ark:525634
FJSP0_SX84 /home/sky/kaldi/egs/timit/s5/mfcc/raw_mfcc_train.2.ark:358746
MPPC0_SI1412 /home/sky/kaldi/egs/timit/s5/mfcc/raw_mfcc_train.8.ark:728206
MTDB0_SI1401 /home/sky/kaldi/egs/timit/s5/mfcc/raw_mfcc_train.10.ark:240840
MKAH0_SI898 /home/sky/kaldi/egs/timit/s5/mfcc/raw_mfcc_train.7.ark:395842
FAPB0_SI2323 /home/sky/kaldi/egs/timit/s5/mfcc/raw_mfcc_train.1.ark:141081
FJDM2_SX232 /home/sky/kaldi/egs/timit/s5/mfcc/raw_mfcc_train.2.ark:41841
MTPF0_SX425 /home/sky/kaldi/egs/timit/s5/mfcc/raw_mfcc_train.10.ark:738061
MPGR1_SI1269 /home/sky/kaldi/egs/timit/s5/mfcc/raw_mfcc_train.8.ark:641797
MTRC0_SI1623 /home/sky/kaldi/egs/timit/s5/mfcc/raw_mfcc_train.10.ark:882577
MKDB0_SI872 /home/sky/kaldi/egs/timit/s5/mfcc/raw_mfcc_train.7.ark:490874
MDNS0_SX201 /home/sky/kaldi/egs/timit/s5/mfcc/raw_mfcc_train.5.ark:546605
MGSL0_SI534 /home/sky/kaldi/egs/timit/s5/mfcc/raw_mfcc_train.6.ark:225121
FJXM0_SX131 /home/sky/kaldi/egs/timit/s5/mfcc/raw_mfcc_train.2.ark:405463
MJXA0_SX157 /home/sky/kaldi/egs/timit/s5/mfcc/raw_mfcc_train.7.ark:301819
FLJA0_SX178 /home/sky/kaldi/egs/timit/s5/mfcc/raw_mfcc_train.2.ark:941772
FTMG0_SX362 /home/sky/kaldi/egs/timit/s5/mfcc/raw_mfcc_train.3.ark:1330508
MDDC0_SX249 /home/sky/kaldi/egs/timit/s5/mfcc/raw_mfcc_train.4.ark:1424202
FSPM0_SX341 /home/sky/kaldi/egs/timit/s5/mfcc/raw_mfcc_train.3.ark:1110462
MRDD0_SX60 /home/sky/kaldi/egs/timit/s5/mfcc/raw_mfcc_train.8.ark:1216620
MRXB0_SX235 /home/sky/kaldi/egs/timit/s5/mfcc/raw_mfcc_train.9.ark:928119
FLJD0_SX166 /home/sky/kaldi/egs/timit/s5/mfcc/raw_mfcc_train.2.ark:977046
FCEG0_SX348 /home/sky/kaldi/egs/timit/s5/mfcc/raw_mfcc_train.1.ark:525672
MAPV0_SX123 /home/sky/kaldi/egs/timit/s5/mfcc/raw_mfcc_train.4.ark:212748
FGCS0_SX406 /home/sky/kaldi/egs/timit/s5/mfcc/raw_mfcc_train.1.ark:1387508
MTMT0_SX38 /home/sky/kaldi/egs/timit/s5/mfcc/raw_mfcc_train.10.ark:704619
FMKC0_SX172 /home/sky/kaldi/egs/timit/s5/mfcc/raw_mfcc_train.2.ark:1441048
MRFL0_SX436 /home/sky/kaldi/egs/timit/s5/mfcc/raw_mfcc_train.8.ark:1472300
FMEM0_SX297 /home/sky/kaldi/egs/timit/s5/mfcc/raw_mfcc_train.2.ark:1312563
MDSS0_SI2087 /home/sky/kaldi/egs/timit/s5/mfcc/raw_mfcc_train.5.ark:724870
FLET0_SX147 /home/sky/kaldi/egs/timit/s5/mfcc/raw_mfcc_train.2.ark:882818
MCAE0_SX97 /home/sky/kaldi/egs/timit/s5/mfcc/raw_mfcc_train.4.ark:728341
MTJM0_SI1856 /home/sky/kaldi/egs/timit/s5/mfcc/raw_mfcc_train.10.ark:383608
MMAG0_SI1126 /home/sky/kaldi/egs/timit/s5/mfcc/raw_mfcc_train.7.ark:1143652
MJHI0_SX428 /home/sky/kaldi/egs/timit/s5/mfcc/raw_mfcc_train.6.ark:1020286
MAFM0_SI1569 /home/sky/kaldi/egs/timit/s5/mfcc/raw_mfcc_train.4.ark:70692
FLAC0_SX181 /home/sky/kaldi/egs/timit/s5/mfcc/raw_mfcc_train.2.ark:779348
MDWH0_SX395 /home/sky/kaldi/egs/timit/s5/mfcc/raw_mfcc_train.5.ark:868361
FPAC0_SI1921 /home/sky/kaldi/egs/timit/s5/mfcc/raw_mfcc_train.3.ark:119459
FMJB0_SX7 /home/sky/kaldi/egs/timit/s5/mfcc/raw_mfcc_train.2.ark:1353745
FTAJ0_SX339 /home/sky/kaldi/egs/timit/s5/mfcc/raw_mfcc_train.3.ark:1204233
MJPG0_SX21 /home/sky/kaldi/egs/timit/s5/mfcc/raw_mfcc_train.6.ark:1365759
FBMH0_SX326 /home/sky/kaldi/egs/timit/s5/mfcc/raw_mfcc_train.1.ark:363927
FDAW0_SX146 /home/sky/kaldi/egs/timit/s5/mfcc/raw_mfcc_train.1.ark:833823
FECD0_SX338 /home/sky/kaldi/egs/timit/s5/mfcc/raw_mfcc_train.1.ark:1212638
MCDR0_SX344 /home/sky/kaldi/egs/timit/s5/mfcc/raw_mfcc_train.4.ark:849209
MHMG0_SX195 /home/sky/kaldi/egs/timit/s5/mfcc/raw_mfcc_train.6.ark:399319
MTAT0_SI1740 /home/sky/kaldi/egs/timit/s5/mfcc/raw_mfcc_train.10.ark:113649
MRFL0_SX256 /home/sky/kaldi/egs/timit/s5/mfcc/raw_mfcc_train.8.ark:1463433
FCJF0_SX37 /home/sky/kaldi/egs/timit/s5/mfcc/raw_mfcc_train.1.ark:556402
MBTH0_SI505 /home/sky/kaldi/egs/timit/s5/mfcc/raw_mfcc_train.4.ark:628907
FLJA0_SX88 /home/sky/kaldi/egs/timit/s5/mfcc/raw_mfcc_train.2.ark:959908
FDMY0_SX27 /home/sky/kaldi/egs/timit/s5/mfcc/raw_mfcc_train.1.ark:1006516
MADD0_SX88 /home/sky/kaldi/egs/timit/s5/mfcc/raw_mfcc_train.4.ark:3489
MTQC0_SX271 /home/sky/kaldi/egs/timit/s5/mfcc/raw_mfcc_train.10.ark:861983
MJDA0_SI2291 /home/sky/kaldi/egs/timit/s5/mfcc/raw_mfcc_train.6.ark:672875
FNKL0_SX82 /home/sky/kaldi/egs/timit/s5/mfcc/raw_mfcc_train.3.ark:47292
MMGC0_SX45 /home/sky/kaldi/egs/timit/s5/mfcc/raw_mfcc_train.8.ark:36689
FDFB0_SX58 /home/sky/kaldi/egs/timit/s5/mfcc/raw_mfcc_train.1.ark:875820
MLEL0_SX256 /home/sky/kaldi/egs/timit/s5/mfcc/raw_mfcc_train.7.ark:918733
MHXL0_SI1772 /home/sky/kaldi/egs/timit/s5/mfcc/raw_mfcc_train.6.ark:473347
MREM0_SX421 /home/sky/kaldi/egs/timit/s5/mfcc/raw_mfcc_train.8.ark:1376318
MRJM0_SI1228 /home/sky/kaldi/egs/timit/s5/mfcc/raw_mfcc_train.9.ark:156208
MWRE0_SX337 /home/sky/kaldi/egs/timit/s5/mfcc/raw_mfcc_train.10.ark:1369894
MJPM0_SX198 /home/sky/kaldi/egs/timit/s5/mfcc/raw_mfcc_train.6.ark:1395144
MHBS0_SX405 /home/sky/kaldi/egs/timit/s5/mfcc/raw_mfcc_train.6.ark:314421
MHXL0_SI512 /home/sky/kaldi/egs/timit/s5/mfcc/raw_mfcc_train.6.ark:477163
MMJB1_SX238 /home/sky/kaldi/egs/timit/s5/mfcc/raw_mfcc_train.8.ark:113203
MWEM0_SX150 /home/sky/kaldi/egs/timit/s5/mfcc/raw_mfcc_train.10.ark:1295002
MFER0_SI1492 /home/sky/kaldi/egs/timit/s5/mfcc/raw_mfcc_train.5.ark:1179699
MLJC0_SI1855 /home/sky/kaldi/egs/timit/s5/mfcc/raw_mfcc_train.7.ark:943430
MRMB0_SI1581 /home/sky/kaldi/egs/timit/s5/mfcc/raw_mfcc_train.9.ark:442986
FEAC0_SX345 /home/sky/kaldi/egs/timit/s5/mfcc/raw_mfcc_train.1.ark:1142246
FDML0_SX339 /home/sky/kaldi/egs/timit/s5/mfcc/raw_mfcc_train.1.ark:964913
MSAT1_SX263 /home/sky/kaldi/egs/timit/s5/mfcc/raw_mfcc_train.9.ark:1048521
MRMG0_SX180 /home/sky/kaldi/egs/timit/s5/mfcc/raw_mfcc_train.9.ark:486109
MTDP0_SX81 /home/sky/kaldi/egs/timit/s5/mfcc/raw_mfcc_train.10.ark:308690
MRVG0_SI510 /home/sky/kaldi/egs/timit/s5/mfcc/raw_mfcc_train.9.ark:828627
FMJF0_SX174 /home/sky/kaldi/egs/timit/s5/mfcc/raw_mfcc_train.2.ark:1372579
MMDM0_SI681 /home/sky/kaldi/egs/timit/s5/mfcc/raw_mfcc_train.7.ark:1390066
MSMC0_SI1907 /home/sky/kaldi/egs/timit/s5/mfcc/raw_mfcc_train.9.ark:1340013
MDWM0_SX433 /home/sky/kaldi/egs/timit/s5/mfcc/raw_mfcc_train.5.ark:901568
MJSR0_SX344 /home/sky/kaldi/egs/timit/s5/mfcc/raw_mfcc_train.7.ark:167823
MSDS0_SI1077 /home/sky/kaldi/egs/timit/s5/mfcc/raw_mfcc_train.9.ark:1119267
MJEB1_SI1467 /home/sky/kaldi/egs/timit/s5/mfcc/raw_mfcc_train.6.ark:867578
MMLM0_SX357 /home/sky/kaldi/egs/timit/s5/mfcc/raw_mfcc_train.8.ark:148822
MRLR0_SI1826 /home/sky/kaldi/egs/timit/s5/mfcc/raw_mfcc_train.9.ark:418224
FRJB0_SX77 /home/sky/kaldi/egs/timit/s5/mfcc/raw_mfcc_train.3.ark:410943
MLNS0_SI1407 /home/sky/kaldi/egs/timit/s5/mfcc/raw_mfcc_train.7.ark:1010928
MBWP0_SX79 /home/sky/kaldi/egs/timit/s5/mfcc/raw_mfcc_train.4.ark:686075
FJRP1_SI802 /home/sky/kaldi/egs/timit/s5/mfcc/raw_mfcc_train.2.ark:267948
MDBB1_SX286 /home/sky/kaldi/egs/timit/s5/mfcc/raw_mfcc_train.4.ark:1300604
FJRP1_SX82 /home/sky/kaldi/egs/timit/s5/mfcc/raw_mfcc_train.2.ark:293501
FSKP0_SX198 /home/sky/kaldi/egs/timit/s5/mfcc/raw_mfcc_train.3.ark:940512
MMAB1_SI1494 /home/sky/kaldi/egs/timit/s5/mfcc/raw_mfcc_train.7.ark:1109132
FKFB0_SX438 /home/sky/kaldi/egs/timit/s5/mfcc/raw_mfcc_train.2.ark:590812
FSAH0_SX164 /home/sky/kaldi/egs/timit/s5/mfcc/raw_mfcc_train.3.ark:499447
MTPR0_SX430 /home/sky/kaldi/egs/timit/s5/mfcc/raw_mfcc_train.10.ark:830948
MRSP0_SX196 /home/sky/kaldi/egs/timit/s5/mfcc/raw_mfcc_train.9.ark:730840
MFXV0_SI1342 /home/sky/kaldi/egs/timit/s5/mfcc/raw_mfcc_train.5.ark:1340024
MDBP0_SX258 /home/sky/kaldi/egs/timit/s5/mfcc/raw_mfcc_train.4.ark:1326258
MVLO0_SX67 /home/sky/kaldi/egs/timit/s5/mfcc/raw_mfcc_train.10.ark:1098001
MCRE0_SX401 /home/sky/kaldi/egs/timit/s5/mfcc/raw_mfcc_train.4.ark:1078559
MMWB0_SX449 /home/sky/kaldi/egs/timit/s5/mfcc/raw_mfcc_train.8.ark:330907
MJFR0_SI2235 /home/sky/kaldi/egs/timit/s5/mfcc/raw_mfcc_train.6.ark:965179
MLSH0_SX337 /home/sky/kaldi/egs/timit/s5/mfcc/raw_mfcc_train.7.ark:1062722
MVRW0_SI2115 /home/sky/kaldi/egs/timit/s5/mfcc/raw_mfcc_train.10.ark:1108274
FLMA0_SX343 /home/sky/kaldi/egs/timit/s5/mfcc/raw_mfcc_train.2.ark:1089394
FCRZ0_SX73 /home/sky/kaldi/egs/timit/s5/mfcc/raw_mfcc_train.1.ark:746513
FSCN0_SX356 /home/sky/kaldi/egs/timit/s5/mfcc/raw_mfcc_train.3.ark:613265
MJJM0_SI827 /home/sky/kaldi/egs/timit/s5/mfcc/raw_mfcc_train.6.ark:1109545
MJDC0_SX261 /home/sky/kaldi/egs/timit/s5/mfcc/raw_mfcc_train.6.ark:713844
MDEF0_SI1563 /home/sky/kaldi/egs/timit/s5/mfcc/raw_mfcc_train.5.ark:6547
MADC0_SI1367 /home/sky/kaldi/egs/timit/s5/mfcc/raw_mfcc_train.3.ark:1462708
FGCS0_SI2116 /home/sky/kaldi/egs/timit/s5/mfcc/raw_mfcc_train.1.ark:1368012
MSMS0_SX443 /home/sky/kaldi/egs/timit/s5/mfcc/raw_mfcc_train.9.ark:1430103
FGRW0_SX162 /home/sky/kaldi/egs/timit/s5/mfcc/raw_mfcc_train.1.ark:1484925
MDEM0_SX428 /home/sky/kaldi/egs/timit/s5/mfcc/raw_mfcc_train.5.ark:59042
FDJH0_SX125 /home/sky/kaldi/egs/timit/s5/mfcc/raw_mfcc_train.1.ark:892997
MCDD0_SX73 /home/sky/kaldi/egs/timit/s5/mfcc/raw_mfcc_train.4.ark:819655
MJPG0_SX381 /home/sky/kaldi/egs/timit/s5/mfcc/raw_mfcc_train.6.ark:1371194
MHIT0_SX173 /home/sky/kaldi/egs/timit/s5/mfcc/raw_mfcc_train.6.ark:333944
FMMH0_SI1537 /home/sky/kaldi/egs/timit/s5/mfcc/raw_mfcc_train.2.ark:1496661
FJEN0_SX327 /home/sky/kaldi/egs/timit/s5/mfcc/raw_mfcc_train.2.ark:80087
MWCH0_SX452 /home/sky/kaldi/egs/timit/s5/mfcc/raw_mfcc_train.10.ark:1244286
MFMC0_SX142 /home/sky/kaldi/egs/timit/s5/mfcc/raw_mfcc_train.5.ark:1219402
MDLC2_SX444 /home/sky/kaldi/egs/timit/s5/mfcc/raw_mfcc_train.5.ark:320670
MPFU0_SX88 /home/sky/kaldi/egs/timit/s5/mfcc/raw_mfcc_train.8.ark:579263
MVRW0_SX45 /home/sky/kaldi/egs/timit/s5/mfcc/raw_mfcc_train.10.ark:1126281
FDAW0_SX236 /home/sky/kaldi/egs/timit/s5/mfcc/raw_mfcc_train.1.ark:837353
FBMJ0_SI815 /home/sky/kaldi/egs/timit/s5/mfcc/raw_mfcc_train.1.ark:385620
FBJL0_SX202 /home/sky/kaldi/egs/timit/s5/mfcc/raw_mfcc_train.1.ark:292266
MRJM1_SX398 /home/sky/kaldi/egs/timit/s5/mfcc/raw_mfcc_train.9.ark:215418
MTJU0_SI760 /home/sky/kaldi/egs/timit/s5/mfcc/raw_mfcc_train.10.ark:456139
MAKR0_SX272 /home/sky/kaldi/egs/timit/s5/mfcc/raw_mfcc_train.4.ark:184319
MCTM0_SX270 /home/sky/kaldi/egs/timit/s5/mfcc/raw_mfcc_train.4.ark:1170313
MEJS0_SX70 /home/sky/kaldi/egs/timit/s5/mfcc/raw_mfcc_train.5.ark:1089445
MDBB1_SX376 /home/sky/kaldi/egs/timit/s5/mfcc/raw_mfcc_train.4.ark:1305590
MDPS0_SX89 /home/sky/kaldi/egs/timit/s5/mfcc/raw_mfcc_train.5.ark:649288
MMCC0_SI1968 /home/sky/kaldi/egs/timit/s5/mfcc/raw_mfcc_train.7.ark:1290997
MKAJ0_SX154 /home/sky/kaldi/egs/timit/s5/mfcc/raw_mfcc_train.7.ark:432943
MFXV0_SX15 /home/sky/kaldi/egs/timit/s5/mfcc/raw_mfcc_train.5.ark:1351641
FREH0_SX55 /home/sky/kaldi/egs/timit/s5/mfcc/raw_mfcc_train.3.ark:381388
MHMG0_SX105 /home/sky/kaldi/egs/timit/s5/mfcc/raw_mfcc_train.6.ark:392728
MDAS0_SI1266 /home/sky/kaldi/egs/timit/s5/mfcc/raw_mfcc_train.4.ark:1249742
MTPG0_SI753 /home/sky/kaldi/egs/timit/s5/mfcc/raw_mfcc_train.10.ark:750674
MRXB0_SI1585 /home/sky/kaldi/egs/timit/s5/mfcc/raw_mfcc_train.9.ark:909929
MRMB0_SI951 /home/sky/kaldi/egs/timit/s5/mfcc/raw_mfcc_train.9.ark:450255
MEFG0_SI465 /home/sky/kaldi/egs/timit/s5/mfcc/raw_mfcc_train.5.ark:960086
MCRE0_SX131 /home/sky/kaldi/egs/timit/s5/mfcc/raw_mfcc_train.4.ark:1067671
MTJU0_SX220 /home/sky/kaldi/egs/timit/s5/mfcc/raw_mfcc_train.10.ark:463693
FLTM0_SI1070 /home/sky/kaldi/egs/timit/s5/mfcc/raw_mfcc_train.2.ark:1194251
FMJF0_SX264 /home/sky/kaldi/egs/timit/s5/mfcc/raw_mfcc_train.2.ark:1378345
FTBR0_SI921 /home/sky/kaldi/egs/timit/s5/mfcc/raw_mfcc_train.3.ark:1222586
MSMR0_SX235 /home/sky/kaldi/egs/timit/s5/mfcc/raw_mfcc_train.9.ark:1390785
MDLC0_SX45 /home/sky/kaldi/egs/timit/s5/mfcc/raw_mfcc_train.5.ark:264349
MKDD0_SX397 /home/sky/kaldi/egs/timit/s5/mfcc/raw_mfcc_train.7.ark:544031
FVKB0_SX349 /home/sky/kaldi/egs/timit/s5/mfcc/raw_mfcc_train.3.ark:1390462
MMCC0_SI708 /home/sky/kaldi/egs/timit/s5/mfcc/raw_mfcc_train.7.ark:1294046
MRAB0_SX234 /home/sky/kaldi/egs/timit/s5/mfcc/raw_mfcc_train.8.ark:944142
FKLC1_SI1048 /home/sky/kaldi/egs/timit/s5/mfcc/raw_mfcc_train.2.ark:671254
FLEH0_SI1051 /home/sky/kaldi/egs/timit/s5/mfcc/raw_mfcc_train.2.ark:835496
MCEF0_SI1135 /home/sky/kaldi/egs/timit/s5/mfcc/raw_mfcc_train.4.ark:859604
FSMM0_SX144 /home/sky/kaldi/egs/timit/s5/mfcc/raw_mfcc_train.3.ark:1029890
MDJM0_SX285 /home/sky/kaldi/egs/timit/s5/mfcc/raw_mfcc_train.5.ark:154645
MTAT1_SX149 /home/sky/kaldi/egs/timit/s5/mfcc/raw_mfcc_train.10.ark:152213
FJDM2_SI1964 /home/sky/kaldi/egs/timit/s5/mfcc/raw_mfcc_train.2.ark:27961
MJKR0_SI1201 /home/sky/kaldi/egs/timit/s5/mfcc/raw_mfcc_train.6.ark:1131037
MMLM0_SI1527 /home/sky/kaldi/egs/timit/s5/mfcc/raw_mfcc_train.8.ark:131600
MDLR1_SX129 /home/sky/kaldi/egs/timit/s5/mfcc/raw_mfcc_train.5.ark:438994
MGJC0_SI1256 /home/sky/kaldi/egs/timit/s5/mfcc/raw_mfcc_train.6.ark:82732
FRLL0_SI884 /home/sky/kaldi/egs/timit/s5/mfcc/raw_mfcc_train.3.ark:424342
FMBG0_SX440 /home/sky/kaldi/egs/timit/s5/mfcc/raw_mfcc_train.2.ark:1283653
MMDM0_SX411 /home/sky/kaldi/egs/timit/s5/mfcc/raw_mfcc_train.7.ark:1404628
MTML0_SI1065 /home/sky/kaldi/egs/timit/s5/mfcc/raw_mfcc_train.10.ark:610836
MRFL0_SX166 /home/sky/kaldi/egs/timit/s5/mfcc/raw_mfcc_train.8.ark:1457823
MTMT0_SX308 /home/sky/kaldi/egs/timit/s5/mfcc/raw_mfcc_train.10.ark:701077
MEDR0_SI744 /home/sky/kaldi/egs/timit/s5/mfcc/raw_mfcc_train.5.ark:940181
MRTC0_SI2088 /home/sky/kaldi/egs/timit/s5/mfcc/raw_mfcc_train.9.ark:751806
MBMA1_SX324 /home/sky/kaldi/egs/timit/s5/mfcc/raw_mfcc_train.4.ark:525787
MMDB0_SX87 /home/sky/kaldi/egs/timit/s5/mfcc/raw_mfcc_train.7.ark:1342835
FRLL0_SI805 /home/sky/kaldi/egs/timit/s5/mfcc/raw_mfcc_train.3.ark:418147
MJRH1_SI514 /home/sky/kaldi/egs/timit/s5/mfcc/raw_mfcc_train.7.ark:59419
MWRP0_SX273 /home/sky/kaldi/egs/timit/s5/mfcc/raw_mfcc_train.10.ark:1400885
MHXL0_SX242 /home/sky/kaldi/egs/timit/s5/mfcc/raw_mfcc_train.6.ark:488858
MCHL0_SI1347 /home/sky/kaldi/egs/timit/s5/mfcc/raw_mfcc_train.4.ark:931036
MPSW0_SX257 /home/sky/kaldi/egs/timit/s5/mfcc/raw_mfcc_train.8.ark:918768
MJDM0_SX350 /home/sky/kaldi/egs/timit/s5/mfcc/raw_mfcc_train.6.ark:822182
MTAS0_SX305 /home/sky/kaldi/egs/timit/s5/mfcc/raw_mfcc_train.10.ark:98345
MDLB0_SI1306 /home/sky/kaldi/egs/timit/s5/mfcc/raw_mfcc_train.5.ark:194953
MRAB1_SX128 /home/sky/kaldi/egs/timit/s5/mfcc/raw_mfcc_train.8.ark:974534
MJDA0_SI1031 /home/sky/kaldi/egs/timit/s5/mfcc/raw_mfcc_train.6.ark:667984
MRLJ0_SX340 /home/sky/kaldi/egs/timit/s5/mfcc/raw_mfcc_train.9.ark:342238
FLAG0_SI2094 /home/sky/kaldi/egs/timit/s5/mfcc/raw_mfcc_train.2.ark:805105
FSSB0_SX92 /home/sky/kaldi/egs/timit/s5/mfcc/raw_mfcc_train.3.ark:1183351
MJEB1_SX387 /home/sky/kaldi/egs/timit/s5/mfcc/raw_mfcc_train.6.ark:897852
MILB0_SI903 /home/sky/kaldi/egs/timit/s5/mfcc/raw_mfcc_train.6.ark:514692
FLOD0_SI1287 /home/sky/kaldi/egs/timit/s5/mfcc/raw_mfcc_train.2.ark:1164735
MCEW0_SX182 /home/sky/kaldi/egs/timit/s5/mfcc/raw_mfcc_train.4.ark:906977
MJBG0_SI1862 /home/sky/kaldi/egs/timit/s5/mfcc/raw_mfcc_train.6.ark:641786
MHRM0_SI2218 /home/sky/kaldi/egs/timit/s5/mfcc/raw_mfcc_train.6.ark:444906
MSMS0_SI1433 /home/sky/kaldi/egs/timit/s5/mfcc/raw_mfcc_train.9.ark:1404918
FGCS0_SX46 /home/sky/kaldi/egs/timit/s5/mfcc/raw_mfcc_train.1.ark:1391700
FJHK0_SI1022 /home/sky/kaldi/egs/timit/s5/mfcc/raw_mfcc_train.2.ark:96761
MTWH1_SX342 /home/sky/kaldi/egs/timit/s5/mfcc/raw_mfcc_train.10.ark:990904
FKLC0_SI985 /home/sky/kaldi/egs/timit/s5/mfcc/raw_mfcc_train.2.ark:642547
MTJG0_SI2157 /home/sky/kaldi/egs/timit/s5/mfcc/raw_mfcc_train.10.ark:349140
MTAS0_SX395 /home/sky/kaldi/egs/timit/s5/mfcc/raw_mfcc_train.10.ark:103974
MDLH0_SI574 /home/sky/kaldi/egs/timit/s5/mfcc/raw_mfcc_train.5.ark:333028
MJRA0_SX426 /home/sky/kaldi/egs/timit/s5/mfcc/raw_mfcc_train.6.ark:1464699
MRJM1_SX308 /home/sky/kaldi/egs/timit/s5/mfcc/raw_mfcc_train.9.ark:206916
MHRM0_SX418 /home/sky/kaldi/egs/timit/s5/mfcc/raw_mfcc_train.6.ark:463778
MRJT0_SI868 /home/sky/kaldi/egs/timit/s5/mfcc/raw_mfcc_train.9.ark:225984
MTAT0_SX30 /home/sky/kaldi/egs/timit/s5/mfcc/raw_mfcc_train.10.ark:130472
MTMT0_SX398 /home/sky/kaldi/egs/timit/s5/mfcc/raw_mfcc_train.10.ark:708461
MDTB0_SI1200 /home/sky/kaldi/egs/timit/s5/mfcc/raw_mfcc_train.5.ark:777561
MHBS0_SX225 /home/sky/kaldi/egs/timit/s5/mfcc/raw_mfcc_train.6.ark:308544
MDNS0_SI1011 /home/sky/kaldi/egs/timit/s5/mfcc/raw_mfcc_train.5.ark:527479
MMEB0_SX367 /home/sky/kaldi/egs/timit/s5/mfcc/raw_mfcc_train.8.ark:12
MTXS0_SX340 /home/sky/kaldi/egs/timit/s5/mfcc/raw_mfcc_train.10.ark:1026023
MARW0_SX286 /home/sky/kaldi/egs/timit/s5/mfcc/raw_mfcc_train.4.ark:275392
FSJK1_SX215 /home/sky/kaldi/egs/timit/s5/mfcc/raw_mfcc_train.3.ark:775173
MRLD0_SI2224 /home/sky/kaldi/egs/timit/s5/mfcc/raw_mfcc_train.9.ark:298746
FSBK0_SI2329 /home/sky/kaldi/egs/timit/s5/mfcc/raw_mfcc_train.3.ark:558926
MPRT0_SI580 /home/sky/kaldi/egs/timit/s5/mfcc/raw_mfcc_train.8.ark:881614
MARW0_SI1906 /home/sky/kaldi/egs/timit/s5/mfcc/raw_mfcc_train.4.ark:261780
MPMB0_SI871 /home/sky/kaldi/egs/timit/s5/mfcc/raw_mfcc_train.8.ark:689957
FSKC0_SX246 /home/sky/kaldi/egs/timit/s5/mfcc/raw_mfcc_train.3.ark:872792
MWAD0_SI1749 /home/sky/kaldi/egs/timit/s5/mfcc/raw_mfcc_train.10.ark:1173206
MKAH0_SI2158 /home/sky/kaldi/egs/timit/s5/mfcc/raw_mfcc_train.7.ark:392351
MJEE0_SX337 /home/sky/kaldi/egs/timit/s5/mfcc/raw_mfcc_train.6.ark:921751
MEJL0_SX422 /home/sky/kaldi/egs/timit/s5/mfcc/raw_mfcc_train.5.ark:1051565
MRSO0_SX129 /home/sky/kaldi/egs/timit/s5/mfcc/raw_mfcc_train.9.ark:688422
MTQC0_SX181 /home/sky/kaldi/egs/timit/s5/mfcc/raw_mfcc_train.10.ark:855671
MRLJ1_SX141 /home/sky/kaldi/egs/timit/s5/mfcc/raw_mfcc_train.9.ark:363056
MHMR0_SX309 /home/sky/kaldi/egs/timit/s5/mfcc/raw_mfcc_train.6.ark:431682
MRMG0_SI1710 /home/sky/kaldi/egs/timit/s5/mfcc/raw_mfcc_train.9.ark:477696
MSJK0_SX246 /home/sky/kaldi/egs/timit/s5/mfcc/raw_mfcc_train.9.ark:1322838
MKDD0_SX37 /home/sky/kaldi/egs/timit/s5/mfcc/raw_mfcc_train.7.ark:540384
MPRD0_SX441 /home/sky/kaldi/egs/timit/s5/mfcc/raw_mfcc_train.8.ark:827618
FSJS0_SX91 /home/sky/kaldi/egs/timit/s5/mfcc/raw_mfcc_train.3.ark:820360
FDAW0_SX416 /home/sky/kaldi/egs/timit/s5/mfcc/raw_mfcc_train.1.ark:844569
FPMY0_SX343 /home/sky/kaldi/egs/timit/s5/mfcc/raw_mfcc_train.3.ark:347343
MSMC0_SI647 /home/sky/kaldi/egs/timit/s5/mfcc/raw_mfcc_train.9.ark:1348828
MDAS0_SI636 /home/sky/kaldi/egs/timit/s5/mfcc/raw_mfcc_train.4.ark:1258558
FPAZ0_SI1593 /home/sky/kaldi/egs/timit/s5/mfcc/raw_mfcc_train.3.ark:223332
MTKD0_SX377 /home/sky/kaldi/egs/timit/s5/mfcc/raw_mfcc_train.10.ark:510570
MTJM0_SX146 /home/sky/kaldi/egs/timit/s5/mfcc/raw_mfcc_train.10.ark:393398
FJWB1_SI795 /home/sky/kaldi/egs/timit/s5/mfcc/raw_mfcc_train.2.ark:372223
MAKR0_SX452 /home/sky/kaldi/egs/timit/s5/mfcc/raw_mfcc_train.4.ark:190235
MPRK0_SX197 /home/sky/kaldi/egs/timit/s5/mfcc/raw_mfcc_train.8.ark:860453
FKLC1_SX418 /home/sky/kaldi/egs/timit/s5/mfcc/raw_mfcc_train.2.ark:694152
FKLC1_SI1678 /home/sky/kaldi/egs/timit/s5/mfcc/raw_mfcc_train.2.ark:677346
FDMY0_SI714 /home/sky/kaldi/egs/timit/s5/mfcc/raw_mfcc_train.1.ark:989154
MDSS0_SX171 /home/sky/kaldi/egs/timit/s5/mfcc/raw_mfcc_train.5.ark:731163
MDRD0_SI1382 /home/sky/kaldi/egs/timit/s5/mfcc/raw_mfcc_train.5.ark:652598
FCMG0_SI1872 /home/sky/kaldi/egs/timit/s5/mfcc/raw_mfcc_train.1.ark:663906
MLJH0_SX334 /home/sky/kaldi/egs/timit/s5/mfcc/raw_mfcc_train.7.ark:997907
FHLM0_SX300 /home/sky/kaldi/egs/timit/s5/mfcc/raw_mfcc_train.1.ark:1527285
MBSB0_SX93 /home/sky/kaldi/egs/timit/s5/mfcc/raw_mfcc_train.4.ark:619727
MRAB0_SI1854 /home/sky/kaldi/egs/timit/s5/mfcc/raw_mfcc_train.8.ark:932252
MTAS0_SX215 /home/sky/kaldi/egs/timit/s5/mfcc/raw_mfcc_train.10.ark:94672
FTLG0_SX303 /home/sky/kaldi/egs/timit/s5/mfcc/raw_mfcc_train.3.ark:1301500
MHIT0_SI1613 /home/sky/kaldi/egs/timit/s5/mfcc/raw_mfcc_train.6.ark:320974
MTJU0_SX400 /home/sky/kaldi/egs/timit/s5/mfcc/raw_mfcc_train.10.ark:475348
FSMM0_SI1944 /home/sky/kaldi/egs/timit/s5/mfcc/raw_mfcc_train.3.ark:1022245
FGRW0_SI1782 /home/sky/kaldi/egs/timit/s5/mfcc/raw_mfcc_train.1.ark:1476954
FSGF0_SX117 /home/sky/kaldi/egs/timit/s5/mfcc/raw_mfcc_train.3.ark:700432
MTLB0_SI504 /home/sky/kaldi/egs/timit/s5/mfcc/raw_mfcc_train.10.ark:557164
MAJP0_SX354 /home/sky/kaldi/egs/timit/s5/mfcc/raw_mfcc_train.4.ark:120654
FCRZ0_SX433 /home/sky/kaldi/egs/timit/s5/mfcc/raw_mfcc_train.1.ark:742282
MDWH0_SX125 /home/sky/kaldi/egs/timit/s5/mfcc/raw_mfcc_train.5.ark:851226
MLEL0_SI616 /home/sky/kaldi/egs/timit/s5/mfcc/raw_mfcc_train.7.ark:906811
FBJL0_SX382 /home/sky/kaldi/egs/timit/s5/mfcc/raw_mfcc_train.1.ark:303245
MGAW0_SX265 /home/sky/kaldi/egs/timit/s5/mfcc/raw_mfcc_train.6.ark:42971
MTBC0_SX183 /home/sky/kaldi/egs/timit/s5/mfcc/raw_mfcc_train.10.ark:189086
MJLG1_SX202 /home/sky/kaldi/egs/timit/s5/mfcc/raw_mfcc_train.6.ark:1210715
MKLN0_SX428 /home/sky/kaldi/egs/timit/s5/mfcc/raw_mfcc_train.7.ark:669546
FLEH0_SX61 /home/sky/kaldi/egs/timit/s5/mfcc/raw_mfcc_train.2.ark:863743
MRAB0_SI594 /home/sky/kaldi/egs/timit/s5/mfcc/raw_mfcc_train.8.ark:937953
MTDP0_SX171 /home/sky/kaldi/egs/timit/s5/mfcc/raw_mfcc_train.10.ark:287603
FJHK0_SX392 /home/sky/kaldi/egs/timit/s5/mfcc/raw_mfcc_train.2.ark:125125
MAKB0_SI1646 /home/sky/kaldi/egs/timit/s5/mfcc/raw_mfcc_train.4.ark:141925
MDMA0_SX260 /home/sky/kaldi/egs/timit/s5/mfcc/raw_mfcc_train.5.ark:477630
MTLB0_SX414 /home/sky/kaldi/egs/timit/s5/mfcc/raw_mfcc_train.10.ark:573325
MKLN0_SI2228 /home/sky/kaldi/egs/timit/s5/mfcc/raw_mfcc_train.7.ark:650999
MLBC0_SX429 /home/sky/kaldi/egs/timit/s5/mfcc/raw_mfcc_train.7.ark:891715
MMCC0_SX168 /home/sky/kaldi/egs/timit/s5/mfcc/raw_mfcc_train.7.ark:1298330
FMPG0_SX162 /home/sky/kaldi/egs/timit/s5/mfcc/raw_mfcc_train.2.ark:1545202
FCMM0_SX93 /home/sky/kaldi/egs/timit/s5/mfcc/raw_mfcc_train.1.ark:716595
MFRM0_SX435 /home/sky/kaldi/egs/timit/s5/mfcc/raw_mfcc_train.5.ark:1264058
MDKS0_SX76 /home/sky/kaldi/egs/timit/s5/mfcc/raw_mfcc_train.5.ark:189797
MTLB0_SX144 /home/sky/kaldi/egs/timit/s5/mfcc/raw_mfcc_train.10.ark:560551
MTJG0_SI1520 /home/sky/kaldi/egs/timit/s5/mfcc/raw_mfcc_train.10.ark:346532
MAEB0_SI2250 /home/sky/kaldi/egs/timit/s5/mfcc/raw_mfcc_train.4.ark:13333
FJLG0_SI1506 /home/sky/kaldi/egs/timit/s5/mfcc/raw_mfcc_train.2.ark:159822
MDLC0_SX225 /home/sky/kaldi/egs/timit/s5/mfcc/raw_mfcc_train.5.ark:253500
MJMA0_SX55 /home/sky/kaldi/egs/timit/s5/mfcc/raw_mfcc_train.6.ark:1284299
MWCH0_SI2252 /home/sky/kaldi/egs/timit/s5/mfcc/raw_mfcc_train.10.ark:1230738
MKLN0_SX158 /home/sky/kaldi/egs/timit/s5/mfcc/raw_mfcc_train.7.ark:659138
FBLV0_SI1058 /home/sky/kaldi/egs/timit/s5/mfcc/raw_mfcc_train.1.ark:307452
MDWM0_SI916 /home/sky/kaldi/egs/timit/s5/mfcc/raw_mfcc_train.5.ark:880877
MDPS0_SX449 /home/sky/kaldi/egs/timit/s5/mfcc/raw_mfcc_train.5.ark:644940
FGDP0_SI2248 /home/sky/kaldi/egs/timit/s5/mfcc/raw_mfcc_train.1.ark:1397683
FLOD0_SX387 /home/sky/kaldi/egs/timit/s5/mfcc/raw_mfcc_train.2.ark:1190720
MREM0_SX241 /home/sky/kaldi/egs/timit/s5/mfcc/raw_mfcc_train.8.ark:1368881
MMCC0_SX348 /home/sky/kaldi/egs/timit/s5/mfcc/raw_mfcc_train.7.ark:1304402
MDHL0_SX179 /home/sky/kaldi/egs/timit/s5/mfcc/raw_mfcc_train.5.ark:81308
MDJM0_SX15 /home/sky/kaldi/egs/timit/s5/mfcc/raw_mfcc_train.5.ark:148183
FJKL0_SI932 /home/sky/kaldi/egs/timit/s5/mfcc/raw_mfcc_train.2.ark:132870
MEAL0_SI2177 /home/sky/kaldi/egs/timit/s5/mfcc/raw_mfcc_train.5.ark:908773
MDMA0_SI2060 /home/sky/kaldi/egs/timit/s5/mfcc/raw_mfcc_train.5.ark:466956
FPAB1_SX121 /home/sky/kaldi/egs/timit/s5/mfcc/raw_mfcc_train.3.ark:99430
MDMT0_SX212 /home/sky/kaldi/egs/timit/s5/mfcc/raw_mfcc_train.5.ark:511617
FAEM0_SX312 /home/sky/kaldi/egs/timit/s5/mfcc/raw_mfcc_train.1.ark:20537
MRFL0_SX346 /home/sky/kaldi/egs/timit/s5/mfcc/raw_mfcc_train.8.ark:1467275
MJDA0_SX221 /home/sky/kaldi/egs/timit/s5/mfcc/raw_mfcc_train.6.ark:679675
MPFU0_SX358 /home/sky/kaldi/egs/timit/s5/mfcc/raw_mfcc_train.8.ark:570904
MPPC0_SX332 /home/sky/kaldi/egs/timit/s5/mfcc/raw_mfcc_train.8.ark:748392
FJRB0_SI1932 /home/sky/kaldi/egs/timit/s5/mfcc/raw_mfcc_train.2.ark:229495
MBJV0_SX257 /home/sky/kaldi/egs/timit/s5/mfcc/raw_mfcc_train.4.ark:460809
FEEH0_SX212 /home/sky/kaldi/egs/timit/s5/mfcc/raw_mfcc_train.1.ark:1242835
FMMH0_SX187 /home/sky/kaldi/egs/timit/s5/mfcc/raw_mfcc_train.2.ark:1510697
MSDS0_SX267 /home/sky/kaldi/egs/timit/s5/mfcc/raw_mfcc_train.9.ark:1139200
MJAE0_SI1524 /home/sky/kaldi/egs/timit/s5/mfcc/raw_mfcc_train.6.ark:568882
FLAC0_SI1339 /home/sky/kaldi/egs/timit/s5/mfcc/raw_mfcc_train.2.ark:768172
MMAB1_SX234 /home/sky/kaldi/egs/timit/s5/mfcc/raw_mfcc_train.7.ark:1124878
MRSP0_SX439 /home/sky/kaldi/egs/timit/s5/mfcc/raw_mfcc_train.9.ark:737211
MPGR0_SI1410 /home/sky/kaldi/egs/timit/s5/mfcc/raw_mfcc_train.8.ark:611892
FBMJ0_SI516 /home/sky/kaldi/egs/timit/s5/mfcc/raw_mfcc_train.1.ark:379841
FAPB0_SI1063 /home/sky/kaldi/egs/timit/s5/mfcc/raw_mfcc_train.1.ark:131783
FPAD0_SX356 /home/sky/kaldi/egs/timit/s5/mfcc/raw_mfcc_train.3.ark:177922
MFXV0_SX105 /home/sky/kaldi/egs/timit/s5/mfcc/raw_mfcc_train.5.ark:1348593
MRAI0_SX162 /home/sky/kaldi/egs/timit/s5/mfcc/raw_mfcc_train.8.ark:1009002
MRMH0_SX121 /home/sky/kaldi/egs/timit/s5/mfcc/raw_mfcc_train.9.ark:519889
MEJL0_SI1592 /home/sky/kaldi/egs/timit/s5/mfcc/raw_mfcc_train.5.ark:1030670
FSGF0_SX387 /home/sky/kaldi/egs/timit/s5/mfcc/raw_mfcc_train.3.ark:712731
MRGS0_SX276 /home/sky/kaldi/egs/timit/s5/mfcc/raw_mfcc_train.9.ark:28772
MTAT1_SI779 /home/sky/kaldi/egs/timit/s5/mfcc/raw_mfcc_train.10.ark:146317
MSDB0_SX287 /home/sky/kaldi/egs/timit/s5/mfcc/raw_mfcc_train.9.ark:1080676
MSDS0_SX87 /home/sky/kaldi/egs/timit/s5/mfcc/raw_mfcc_train.9.ark:1154443
MJPM0_SX18 /home/sky/kaldi/egs/timit/s5/mfcc/raw_mfcc_train.6.ark:1391887
FJEN0_SX57 /home/sky/kaldi/egs/timit/s5/mfcc/raw_mfcc_train.2.ark:92437
MTCS0_SI712 /home/sky/kaldi/egs/timit/s5/mfcc/raw_mfcc_train.10.ark:213108
MWDK0_SI806 /home/sky/kaldi/egs/timit/s5/mfcc/raw_mfcc_train.10.ark:1260890
MMSM0_SX116 /home/sky/kaldi/egs/timit/s5/mfcc/raw_mfcc_train.8.ark:241539
MCSS0_SI1380 /home/sky/kaldi/egs/timit/s5/mfcc/raw_mfcc_train.4.ark:1087244
MWDK0_SI2017 /home/sky/kaldi/egs/timit/s5/mfcc/raw_mfcc_train.10.ark:1257815
MAEO0_SX246 /home/sky/kaldi/egs/timit/s5/mfcc/raw_mfcc_train.4.ark:55103
MSDH0_SI2240 /home/sky/kaldi/egs/timit/s5/mfcc/raw_mfcc_train.9.ark:1088343
MGSL0_SX84 /home/sky/kaldi/egs/timit/s5/mfcc/raw_mfcc_train.6.ark:251695
FCAG0_SX423 /home/sky/kaldi/egs/timit/s5/mfcc/raw_mfcc_train.1.ark:431921
MRSP0_SX79 /home/sky/kaldi/egs/timit/s5/mfcc/raw_mfcc_train.9.ark:742209
FMKC0_SX262 /home/sky/kaldi/egs/timit/s5/mfcc/raw_mfcc_train.2.ark:1445618
MMDG0_SX160 /home/sky/kaldi/egs/timit/s5/mfcc/raw_mfcc_train.7.ark:1359102
FDML0_SI1149 /home/sky/kaldi/egs/timit/s5/mfcc/raw_mfcc_train.1.ark:947950
MKES0_SI623 /home/sky/kaldi/egs/timit/s5/mfcc/raw_mfcc_train.7.ark:591391
MTWH1_SI882 /home/sky/kaldi/egs/timit/s5/mfcc/raw_mfcc_train.10.ark:980262
MDEF0_SX213 /home/sky/kaldi/egs/timit/s5/mfcc/raw_mfcc_train.5.ark:17034
MPRB0_SX305 /home/sky/kaldi/egs/timit/s5/mfcc/raw_mfcc_train.8.ark:786045
MJRG0_SX352 /home/sky/kaldi/egs/timit/s5/mfcc/raw_mfcc_train.7.ark:7643
MFER0_SI862 /home/sky/kaldi/egs/timit/s5/mfcc/raw_mfcc_train.5.ark:1183809
MRTJ0_SX142 /home/sky/kaldi/egs/timit/s5/mfcc/raw_mfcc_train.9.ark:796506
MHXL0_SX332 /home/sky/kaldi/egs/timit/s5/mfcc/raw_mfcc_train.6.ark:492934
MRJH0_SX169 /home/sky/kaldi/egs/timit/s5/mfcc/raw_mfcc_train.9.ark:130035
FBMJ0_SX336 /home/sky/kaldi/egs/timit/s5/mfcc/raw_mfcc_train.1.ark:396366
MRLD0_SX424 /home/sky/kaldi/egs/timit/s5/mfcc/raw_mfcc_train.9.ark:315850
MEJL0_SX62 /home/sky/kaldi/egs/timit/s5/mfcc/raw_mfcc_train.5.ark:1055614
MEAL0_SX287 /home/sky/kaldi/egs/timit/s5/mfcc/raw_mfcc_train.5.ark:920332
MMVP0_SX204 /home/sky/kaldi/egs/timit/s5/mfcc/raw_mfcc_train.8.ark:280889
MRKM0_SI1267 /home/sky/kaldi/egs/timit/s5/mfcc/raw_mfcc_train.9.ark:253391
MTQC0_SI1441 /home/sky/kaldi/egs/timit/s5/mfcc/raw_mfcc_train.10.ark:838398
MGRP0_SI1317 /home/sky/kaldi/egs/timit/s5/mfcc/raw_mfcc_train.6.ark:149953
FCAJ0_SX309 /home/sky/kaldi/egs/timit/s5/mfcc/raw_mfcc_train.1.ark:457191
MKLN0_SX68 /home/sky/kaldi/egs/timit/s5/mfcc/raw_mfcc_train.7.ark:674076
FJSP0_SI1434 /home/sky/kaldi/egs/timit/s5/mfcc/raw_mfcc_train.2.ark:331371
FPAZ0_SX243 /home/sky/kaldi/egs/timit/s5/mfcc/raw_mfcc_train.3.ark:242211
MLJH0_SI694 /home/sky/kaldi/egs/timit/s5/mfcc/raw_mfcc_train.7.ark:981948
MPGH0_SX384 /home/sky/kaldi/egs/timit/s5/mfcc/raw_mfcc_train.8.ark:609089
MRAM0_SI1905 /home/sky/kaldi/egs/timit/s5/mfcc/raw_mfcc_train.8.ark:1034096
MGRP0_SX327 /home/sky/kaldi/egs/timit/s5/mfcc/raw_mfcc_train.6.ark:171010
MRJM1_SX128 /home/sky/kaldi/egs/timit/s5/mfcc/raw_mfcc_train.9.ark:199765
FTMG0_SX182 /home/sky/kaldi/egs/timit/s5/mfcc/raw_mfcc_train.3.ark:1323734
MREH1_SX159 /home/sky/kaldi/egs/timit/s5/mfcc/raw_mfcc_train.8.ark:1330611
MPMB0_SX331 /home/sky/kaldi/egs/timit/s5/mfcc/raw_mfcc_train.8.ark:708256
FSPM0_SX71 /home/sky/kaldi/egs/timit/s5/mfcc/raw_mfcc_train.3.ark:1118262
MDSJ0_SI1462 /home/sky/kaldi/egs/timit/s5/mfcc/raw_mfcc_train.5.ark:689172
MSRR0_SI501 /home/sky/kaldi/egs/timit/s5/mfcc/raw_mfcc_train.9.ark:1476495
MCTM0_SX180 /home/sky/kaldi/egs/timit/s5/mfcc/raw_mfcc_train.4.ark:1166510
FLJD0_SX256 /home/sky/kaldi/egs/timit/s5/mfcc/raw_mfcc_train.2.ark:982383
MRAM0_SX285 /home/sky/kaldi/egs/timit/s5/mfcc/raw_mfcc_train.8.ark:1053410
MTCS0_SX352 /home/sky/kaldi/egs/timit/s5/mfcc/raw_mfcc_train.10.ark:227221
MRAV0_SI1008 /home/sky/kaldi/egs/timit/s5/mfcc/raw_mfcc_train.8.ark:1061485
MBSB0_SX183 /home/sky/kaldi/egs/timit/s5/mfcc/raw_mfcc_train.4.ark:609965
MABC0_SX331 /home/sky/kaldi/egs/timit/s5/mfcc/raw_mfcc_train.3.ark:1452846
MDTB0_SX300 /home/sky/kaldi/egs/timit/s5/mfcc/raw_mfcc_train.5.ark:794588
FTBW0_SX85 /home/sky/kaldi/egs/timit/s5/mfcc/raw_mfcc_train.3.ark:1273832
MSRR0_SX141 /home/sky/kaldi/egs/timit/s5/mfcc/raw_mfcc_train.9.ark:1482378
MFXS0_SX234 /home/sky/kaldi/egs/timit/s5/mfcc/raw_mfcc_train.5.ark:1316003
FAPB0_SX433 /home/sky/kaldi/egs/timit/s5/mfcc/raw_mfcc_train.1.ark:161818
MEGJ0_SI1337 /home/sky/kaldi/egs/timit/s5/mfcc/raw_mfcc_train.5.ark:994215
MRWS0_SI1732 /home/sky/kaldi/egs/timit/s5/mfcc/raw_mfcc_train.9.ark:887299
MREH1_SX69 /home/sky/kaldi/egs/timit/s5/mfcc/raw_mfcc_train.8.ark:1347278
MMRP0_SX234 /home/sky/kaldi/egs/timit/s5/mfcc/raw_mfcc_train.8.ark:206064
MDCD0_SX65 /home/sky/kaldi/egs/timit/s5/mfcc/raw_mfcc_train.4.ark:1373005
MRMH0_SX391 /home/sky/kaldi/egs/timit/s5/mfcc/raw_mfcc_train.9.ark:533046
MAKR0_SI1352 /home/sky/kaldi/egs/timit/s5/mfcc/raw_mfcc_train.4.ark:172239
MDLC2_SX84 /home/sky/kaldi/egs/timit/s5/mfcc/raw_mfcc_train.5.ark:324199
FPAC0_SX121 /home/sky/kaldi/egs/timit/s5/mfcc/raw_mfcc_train.3.ark:135250
FTBR0_SX111 /home/sky/kaldi/egs/timit/s5/mfcc/raw_mfcc_train.3.ark:1228118
MHJB0_SX27 /home/sky/kaldi/egs/timit/s5/mfcc/raw_mfcc_train.6.ark:370805
MWGR0_SI2236 /home/sky/kaldi/egs/timit/s5/mfcc/raw_mfcc_train.10.ark:1322020
FSCN0_SX446 /home/sky/kaldi/egs/timit/s5/mfcc/raw_mfcc_train.3.ark:617536
MDDC0_SI1419 /home/sky/kaldi/egs/timit/s5/mfcc/raw_mfcc_train.4.ark:1408183
MADD0_SI1295 /home/sky/kaldi/egs/timit/s5/mfcc/raw_mfcc_train.3.ark:1497527
MRML0_SX251 /home/sky/kaldi/egs/timit/s5/mfcc/raw_mfcc_train.9.ark:557133
MDPS0_SI1651 /home/sky/kaldi/egs/timit/s5/mfcc/raw_mfcc_train.5.ark:623018
MMWS0_SI1518 /home/sky/kaldi/egs/timit/s5/mfcc/raw_mfcc_train.8.ark:341243
MDLB0_SX226 /home/sky/kaldi/egs/timit/s5/mfcc/raw_mfcc_train.5.ark:215262
MSAT0_SX446 /home/sky/kaldi/egs/timit/s5/mfcc/raw_mfcc_train.9.ark:1025493
MRAB1_SI1478 /home/sky/kaldi/egs/timit/s5/mfcc/raw_mfcc_train.8.ark:961434
MJDC0_SI531 /home/sky/kaldi/egs/timit/s5/mfcc/raw_mfcc_train.6.ark:701688
MJRP0_SI1845 /home/sky/kaldi/egs/timit/s5/mfcc/raw_mfcc_train.7.ark:113294
FMKF0_SX366 /home/sky/kaldi/egs/timit/s5/mfcc/raw_mfcc_train.2.ark:1483954
MMSM0_SX206 /home/sky/kaldi/egs/timit/s5/mfcc/raw_mfcc_train.8.ark:244614
FJLG0_SX179 /home/sky/kaldi/egs/timit/s5/mfcc/raw_mfcc_train.2.ark:170687
FMJB0_SX187 /home/sky/kaldi/egs/timit/s5/mfcc/raw_mfcc_train.2.ark:1343729
MSMC0_SX197 /home/sky/kaldi/egs/timit/s5/mfcc/raw_mfcc_train.9.ark:1361016
MPRD0_SX261 /home/sky/kaldi/egs/timit/s5/mfcc/raw_mfcc_train.8.ark:819349
MRWA0_SX73 /home/sky/kaldi/egs/timit/s5/mfcc/raw_mfcc_train.9.ark:878339
MJBG0_SI1724 /home/sky/kaldi/egs/timit/s5/mfcc/raw_mfcc_train.6.ark:639490
MRGM0_SX442 /home/sky/kaldi/egs/timit/s5/mfcc/raw_mfcc_train.9.ark:12
MMEA0_SI758 /home/sky/kaldi/egs/timit/s5/mfcc/raw_mfcc_train.7.ark:1478429
MVRW0_SI1485 /home/sky/kaldi/egs/timit/s5/mfcc/raw_mfcc_train.10.ark:1103131
MKDT0_SI2153 /home/sky/kaldi/egs/timit/s5/mfcc/raw_mfcc_train.7.ark:548134
MRLK0_SI843 /home/sky/kaldi/egs/timit/s5/mfcc/raw_mfcc_train.9.ark:391407
MRJH0_SI889 /home/sky/kaldi/egs/timit/s5/mfcc/raw_mfcc_train.9.ark:120843
FCYL0_SX37 /home/sky/kaldi/egs/timit/s5/mfcc/raw_mfcc_train.1.ark:776138
MRFK0_SX446 /home/sky/kaldi/egs/timit/s5/mfcc/raw_mfcc_train.8.ark:1436870
MBTH0_SX302 /home/sky/kaldi/egs/timit/s5/mfcc/raw_mfcc_train.4.ark:644977
FMJU0_SI1389 /home/sky/kaldi/egs/timit/s5/mfcc/raw_mfcc_train.2.ark:1395559
FDMY0_SI1197 /home/sky/kaldi/egs/timit/s5/mfcc/raw_mfcc_train.1.ark:975503
FCKE0_SX121 /home/sky/kaldi/egs/timit/s5/mfcc/raw_mfcc_train.1.ark:606832
MJRH1_SX244 /home/sky/kaldi/egs/timit/s5/mfcc/raw_mfcc_train.7.ark:67090
MGSH0_SX276 /home/sky/kaldi/egs/timit/s5/mfcc/raw_mfcc_train.6.ark:208611
FEXM0_SX381 /home/sky/kaldi/egs/timit/s5/mfcc/raw_mfcc_train.1.ark:1360924
FPAD0_SI716 /home/sky/kaldi/egs/timit/s5/mfcc/raw_mfcc_train.3.ark:162379
MWSH0_SI796 /home/sky/kaldi/egs/timit/s5/mfcc/raw_mfcc_train.10.ark:1452435
FJRP1_SI1432 /home/sky/kaldi/egs/timit/s5/mfcc/raw_mfcc_train.2.ark:256610
FEME0_SX245 /home/sky/kaldi/egs/timit/s5/mfcc/raw_mfcc_train.1.ark:1277511
FSLS0_SX246 /home/sky/kaldi/egs/timit/s5/mfcc/raw_mfcc_train.3.ark:972564
MHJB0_SX297 /home/sky/kaldi/egs/timit/s5/mfcc/raw_mfcc_train.6.ark:373490
MJDM0_SX170 /home/sky/kaldi/egs/timit/s5/mfcc/raw_mfcc_train.6.ark:811417
FMJF0_SX354 /home/sky/kaldi/egs/timit/s5/mfcc/raw_mfcc_train.2.ark:1382070
MGAF0_SX382 /home/sky/kaldi/egs/timit/s5/mfcc/raw_mfcc_train.5.ark:1390498
MESG0_SI1962 /home/sky/kaldi/egs/timit/s5/mfcc/raw_mfcc_train.5.ark:1094765
MMGG0_SX359 /home/sky/kaldi/egs/timit/s5/mfcc/raw_mfcc_train.8.ark:59172
MPPC0_SX242 /home/sky/kaldi/egs/timit/s5/mfcc/raw_mfcc_train.8.ark:744433
FSDJ0_SI1745 /home/sky/kaldi/egs/timit/s5/mfcc/raw_mfcc_train.3.ark:661738
MMWS0_SX78 /home/sky/kaldi/egs/timit/s5/mfcc/raw_mfcc_train.8.ark:369124
MKDT0_SX353 /home/sky/kaldi/egs/timit/s5/mfcc/raw_mfcc_train.7.ark:569619
MRKM0_SX7 /home/sky/kaldi/egs/timit/s5/mfcc/raw_mfcc_train.9.ark:286244
MJDG0_SX322 /home/sky/kaldi/egs/timit/s5/mfcc/raw_mfcc_train.6.ark:789950
MJDG0_SI1672 /home/sky/kaldi/egs/timit/s5/mfcc/raw_mfcc_train.6.ark:773047
MTAB0_SI1572 /home/sky/kaldi/egs/timit/s5/mfcc/raw_mfcc_train.10.ark:43717
FDNC0_SI2287 /home/sky/kaldi/egs/timit/s5/mfcc/raw_mfcc_train.1.ark:1033399
MEJS0_SX340 /home/sky/kaldi/egs/timit/s5/mfcc/raw_mfcc_train.5.ark:1080826
MTAT1_SX59 /home/sky/kaldi/egs/timit/s5/mfcc/raw_mfcc_train.10.ark:173716
MJMA0_SX325 /home/sky/kaldi/egs/timit/s5/mfcc/raw_mfcc_train.6.ark:1278488
FKLH0_SI1887 /home/sky/kaldi/egs/timit/s5/mfcc/raw_mfcc_train.2.ark:710970
MPMB0_SX241 /home/sky/kaldi/egs/timit/s5/mfcc/raw_mfcc_train.8.ark:703725
FJWB1_SX75 /home/sky/kaldi/egs/timit/s5/mfcc/raw_mfcc_train.2.ark:390834
MDLB0_SI1936 /home/sky/kaldi/egs/timit/s5/mfcc/raw_mfcc_train.5.ark:202852
MBMA0_SX232 /home/sky/kaldi/egs/timit/s5/mfcc/raw_mfcc_train.4.ark:490168
MTJM0_SX416 /home/sky/kaldi/egs/timit/s5/mfcc/raw_mfcc_train.10.ark:403351
MSTF0_SX406 /home/sky/kaldi/egs/timit/s5/mfcc/raw_mfcc_train.9.ark:1526017
MPSW0_SI1067 /home/sky/kaldi/egs/timit/s5/mfcc/raw_mfcc_train.8.ark:903067
MPMB0_SI1501 /home/sky/kaldi/egs/timit/s5/mfcc/raw_mfcc_train.8.ark:673354
MSAT0_SI2156 /home/sky/kaldi/egs/timit/s5/mfcc/raw_mfcc_train.9.ark:1009741
MRAB1_SX308 /home/sky/kaldi/egs/timit/s5/mfcc/raw_mfcc_train.8.ark:981997
