MDLM0_SX244 /home/sky/kaldi/egs/timit/s5/mfcc/raw_mfcc_train.5.ark:378281
MRGM0_SX82 /home/sky/kaldi/egs/timit/s5/mfcc/raw_mfcc_train.9.ark:6895
FSCN0_SX446 /home/sky/kaldi/egs/timit/s5/mfcc/raw_mfcc_train.3.ark:617536
MDWD0_SX270 /home/sky/kaldi/egs/timit/s5/mfcc/raw_mfcc_train.5.ark:821380
MDJM0_SX285 /home/sky/kaldi/egs/timit/s5/mfcc/raw_mfcc_train.5.ark:154645
FEME0_SX65 /home/sky/kaldi/egs/timit/s5/mfcc/raw_mfcc_train.1.ark:1291376
MMAB1_SI1494 /home/sky/kaldi/egs/timit/s5/mfcc/raw_mfcc_train.7.ark:1109132
FJLG0_SX179 /home/sky/kaldi/egs/timit/s5/mfcc/raw_mfcc_train.2.ark:170687
MRPC1_SX402 /home/sky/kaldi/egs/timit/s5/mfcc/raw_mfcc_train.9.ark:627879
FPAB1_SI841 /home/sky/kaldi/egs/timit/s5/mfcc/raw_mfcc_train.3.ark:92975
MADC0_SI737 /home/sky/kaldi/egs/timit/s5/mfcc/raw_mfcc_train.3.ark:1472915
MMAM0_SX427 /home/sky/kaldi/egs/timit/s5/mfcc/raw_mfcc_train.7.ark:1201512
MRLD0_SI964 /home/sky/kaldi/egs/timit/s5/mfcc/raw_mfcc_train.9.ark:301756
MRAV0_SX108 /home/sky/kaldi/egs/timit/s5/mfcc/raw_mfcc_train.8.ark:1073390
FNKL0_SX82 /home/sky/kaldi/egs/timit/s5/mfcc/raw_mfcc_train.3.ark:47292
MCLK0_SI650 /home/sky/kaldi/egs/timit/s5/mfcc/raw_mfcc_train.4.ark:971500
MRMS0_SX390 /home/sky/kaldi/egs/timit/s5/mfcc/raw_mfcc_train.9.ark:602867
MRKM0_SX277 /home/sky/kaldi/egs/timit/s5/mfcc/raw_mfcc_train.9.ark:276313
MLSH0_SX157 /home/sky/kaldi/egs/timit/s5/mfcc/raw_mfcc_train.7.ark:1053517
MJWG0_SX355 /home/sky/kaldi/egs/timit/s5/mfcc/raw_mfcc_train.7.ark:208530
MBAR0_SX59 /home/sky/kaldi/egs/timit/s5/mfcc/raw_mfcc_train.4.ark:320976
FJXP0_SI1122 /home/sky/kaldi/egs/timit/s5/mfcc/raw_mfcc_train.2.ark:430653
MCTH0_SI1209 /home/sky/kaldi/egs/timit/s5/mfcc/raw_mfcc_train.4.ark:1120918
MEFG0_SX15 /home/sky/kaldi/egs/timit/s5/mfcc/raw_mfcc_train.5.ark:979210
FSKC0_SX336 /home/sky/kaldi/egs/timit/s5/mfcc/raw_mfcc_train.3.ark:875971
MJMA0_SI865 /home/sky/kaldi/egs/timit/s5/mfcc/raw_mfcc_train.6.ark:1267521
MEGJ0_SI1337 /home/sky/kaldi/egs/timit/s5/mfcc/raw_mfcc_train.5.ark:994215
MRDM0_SI1595 /home/sky/kaldi/egs/timit/s5/mfcc/raw_mfcc_train.8.ark:1226633
MVJH0_SX386 /home/sky/kaldi/egs/timit/s5/mfcc/raw_mfcc_train.10.ark:1067017
MTAS0_SI2015 /home/sky/kaldi/egs/timit/s5/mfcc/raw_mfcc_train.10.ark:86552
MJRK0_SI880 /home/sky/kaldi/egs/timit/s5/mfcc/raw_mfcc_train.7.ark:86139
MHRM0_SX418 /home/sky/kaldi/egs/timit/s5/mfcc/raw_mfcc_train.6.ark:463778
FCKE0_SI481 /home/sky/kaldi/egs/timit/s5/mfcc/raw_mfcc_train.1.ark:600572
FSDC0_SI2234 /home/sky/kaldi/egs/timit/s5/mfcc/raw_mfcc_train.3.ark:635142
FPLS0_SX240 /home/sky/kaldi/egs/timit/s5/mfcc/raw_mfcc_train.3.ark:304621
MJSR0_SX434 /home/sky/kaldi/egs/timit/s5/mfcc/raw_mfcc_train.7.ark:171899
MAEO0_SX246 /home/sky/kaldi/egs/timit/s5/mfcc/raw_mfcc_train.4.ark:55103
MEDR0_SI1374 /home/sky/kaldi/egs/timit/s5/mfcc/raw_mfcc_train.5.ark:931651
MLJC0_SI1225 /home/sky/kaldi/egs/timit/s5/mfcc/raw_mfcc_train.7.ark:936272
MDHS0_SX450 /home/sky/kaldi/egs/timit/s5/mfcc/raw_mfcc_train.5.ark:123883
MVLO0_SX67 /home/sky/kaldi/egs/timit/s5/mfcc/raw_mfcc_train.10.ark:1098001
MRAI0_SX162 /home/sky/kaldi/egs/timit/s5/mfcc/raw_mfcc_train.8.ark:1009002
MCEF0_SI1765 /home/sky/kaldi/egs/timit/s5/mfcc/raw_mfcc_train.4.ark:863460
MJRA0_SX336 /home/sky/kaldi/egs/timit/s5/mfcc/raw_mfcc_train.6.ark:1459193
MRCW0_SI2001 /home/sky/kaldi/egs/timit/s5/mfcc/raw_mfcc_train.8.ark:1165314
MFER0_SX412 /home/sky/kaldi/egs/timit/s5/mfcc/raw_mfcc_train.5.ark:1200217
MTAB0_SX132 /home/sky/kaldi/egs/timit/s5/mfcc/raw_mfcc_train.10.ark:59131
FKLC1_SI1678 /home/sky/kaldi/egs/timit/s5/mfcc/raw_mfcc_train.2.ark:677346
MRJB1_SX120 /home/sky/kaldi/egs/timit/s5/mfcc/raw_mfcc_train.9.ark:94541
MDDC0_SX249 /home/sky/kaldi/egs/timit/s5/mfcc/raw_mfcc_train.4.ark:1424202
FCMG0_SX72 /home/sky/kaldi/egs/timit/s5/mfcc/raw_mfcc_train.1.ark:685572
FPAF0_SX334 /home/sky/kaldi/egs/timit/s5/mfcc/raw_mfcc_train.3.ark:211871
FRLL0_SX164 /home/sky/kaldi/egs/timit/s5/mfcc/raw_mfcc_train.3.ark:429094
MDTB0_SX390 /home/sky/kaldi/egs/timit/s5/mfcc/raw_mfcc_train.5.ark:801882
FGDP0_SX88 /home/sky/kaldi/egs/timit/s5/mfcc/raw_mfcc_train.1.ark:1426376
FSMS1_SX347 /home/sky/kaldi/egs/timit/s5/mfcc/raw_mfcc_train.3.ark:1076833
MTJM0_SX236 /home/sky/kaldi/egs/timit/s5/mfcc/raw_mfcc_train.10.ark:396616
MDSS1_SI1713 /home/sky/kaldi/egs/timit/s5/mfcc/raw_mfcc_train.5.ark:752864
MPRK0_SI467 /home/sky/kaldi/egs/timit/s5/mfcc/raw_mfcc_train.8.ark:846432
FSGF0_SX27 /home/sky/kaldi/egs/timit/s5/mfcc/raw_mfcc_train.3.ark:706893
MPEB0_SI1860 /home/sky/kaldi/egs/timit/s5/mfcc/raw_mfcc_train.8.ark:522628
MRPC1_SI2026 /home/sky/kaldi/egs/timit/s5/mfcc/raw_mfcc_train.9.ark:610774
MTML0_SX345 /home/sky/kaldi/egs/timit/s5/mfcc/raw_mfcc_train.10.ark:632180
MRJH0_SX259 /home/sky/kaldi/egs/timit/s5/mfcc/raw_mfcc_train.9.ark:136165
FLET0_SI507 /home/sky/kaldi/egs/timit/s5/mfcc/raw_mfcc_train.2.ark:876675
FBLV0_SX68 /home/sky/kaldi/egs/timit/s5/mfcc/raw_mfcc_train.1.ark:338884
MPGR1_SX329 /home/sky/kaldi/egs/timit/s5/mfcc/raw_mfcc_train.8.ark:661867
MJDC0_SI531 /home/sky/kaldi/egs/timit/s5/mfcc/raw_mfcc_train.6.ark:701688
FJXM0_SX401 /home/sky/kaldi/egs/timit/s5/mfcc/raw_mfcc_train.2.ark:419316
MJMD0_SX128 /home/sky/kaldi/egs/timit/s5/mfcc/raw_mfcc_train.6.ark:1298487
FCYL0_SX217 /home/sky/kaldi/egs/timit/s5/mfcc/raw_mfcc_train.1.ark:767636
MMVP0_SX347 /home/sky/kaldi/egs/timit/s5/mfcc/raw_mfcc_train.8.ark:288651
MJRK0_SX160 /home/sky/kaldi/egs/timit/s5/mfcc/raw_mfcc_train.7.ark:91866
MDAS0_SI1896 /home/sky/kaldi/egs/timit/s5/mfcc/raw_mfcc_train.4.ark:1252987
MVLO0_SI1147 /home/sky/kaldi/egs/timit/s5/mfcc/raw_mfcc_train.10.ark:1070158
FKAA0_SI578 /home/sky/kaldi/egs/timit/s5/mfcc/raw_mfcc_train.2.ark:468685
MRDS0_SX177 /home/sky/kaldi/egs/timit/s5/mfcc/raw_mfcc_train.8.ark:1264586
MEWM0_SX358 /home/sky/kaldi/egs/timit/s5/mfcc/raw_mfcc_train.5.ark:1169187
MTAT0_SI811 /home/sky/kaldi/egs/timit/s5/mfcc/raw_mfcc_train.10.ark:117842
MWAC0_SI971 /home/sky/kaldi/egs/timit/s5/mfcc/raw_mfcc_train.10.ark:1139954
MRRE0_SI952 /home/sky/kaldi/egs/timit/s5/mfcc/raw_mfcc_train.9.ark:645275
MAKB0_SI1016 /home/sky/kaldi/egs/timit/s5/mfcc/raw_mfcc_train.4.ark:133948
MRJH0_SI889 /home/sky/kaldi/egs/timit/s5/mfcc/raw_mfcc_train.9.ark:120843
FMMH0_SI2167 /home/sky/kaldi/egs/timit/s5/mfcc/raw_mfcc_train.2.ark:1501869
FBAS0_SI1472 /home/sky/kaldi/egs/timit/s5/mfcc/raw_mfcc_train.1.ark:177011
FLMA0_SX163 /home/sky/kaldi/egs/timit/s5/mfcc/raw_mfcc_train.2.ark:1083686
MABC0_SI781 /home/sky/kaldi/egs/timit/s5/mfcc/raw_mfcc_train.3.ark:1441125
MTJS0_SX382 /home/sky/kaldi/egs/timit/s5/mfcc/raw_mfcc_train.10.ark:443129
MMXS0_SX246 /home/sky/kaldi/egs/timit/s5/mfcc/raw_mfcc_train.8.ark:413287
MDWM0_SX106 /home/sky/kaldi/egs/timit/s5/mfcc/raw_mfcc_train.5.ark:886682
FKAA0_SX218 /home/sky/kaldi/egs/timit/s5/mfcc/raw_mfcc_train.2.ark:476837
MKLW0_SI2201 /home/sky/kaldi/egs/timit/s5/mfcc/raw_mfcc_train.7.ark:781393
FJHK0_SX212 /home/sky/kaldi/egs/timit/s5/mfcc/raw_mfcc_train.2.ark:113561
MRWA0_SX253 /home/sky/kaldi/egs/timit/s5/mfcc/raw_mfcc_train.9.ark:865943
MDSS0_SX81 /home/sky/kaldi/egs/timit/s5/mfcc/raw_mfcc_train.5.ark:745321
MRAV0_SI1638 /home/sky/kaldi/egs/timit/s5/mfcc/raw_mfcc_train.8.ark:1063937
MKLN0_SI1598 /home/sky/kaldi/egs/timit/s5/mfcc/raw_mfcc_train.7.ark:646454
MTPR0_SX160 /home/sky/kaldi/egs/timit/s5/mfcc/raw_mfcc_train.10.ark:816276
MJSR0_SI2054 /home/sky/kaldi/egs/timit/s5/mfcc/raw_mfcc_train.7.ark:145578
FMKC0_SI1702 /home/sky/kaldi/egs/timit/s5/mfcc/raw_mfcc_train.2.ark:1438350
MRLJ0_SX250 /home/sky/kaldi/egs/timit/s5/mfcc/raw_mfcc_train.9.ark:338929
MWGR0_SX436 /home/sky/kaldi/egs/timit/s5/mfcc/raw_mfcc_train.10.ark:1343375
MDHL0_SX89 /home/sky/kaldi/egs/timit/s5/mfcc/raw_mfcc_train.5.ark:97793
MGAG0_SX421 /home/sky/kaldi/egs/timit/s5/mfcc/raw_mfcc_train.5.ark:1416834
MHBS0_SX405 /home/sky/kaldi/egs/timit/s5/mfcc/raw_mfcc_train.6.ark:314421
MDPK0_SX243 /home/sky/kaldi/egs/timit/s5/mfcc/raw_mfcc_train.5.ark:607377
FJXM0_SX131 /home/sky/kaldi/egs/timit/s5/mfcc/raw_mfcc_train.2.ark:405463
MWAD0_SI1062 /home/sky/kaldi/egs/timit/s5/mfcc/raw_mfcc_train.10.ark:1168934
MAKR0_SX362 /home/sky/kaldi/egs/timit/s5/mfcc/raw_mfcc_train.4.ark:186562
MHBS0_SI2205 /home/sky/kaldi/egs/timit/s5/mfcc/raw_mfcc_train.6.ark:295055
MBSB0_SI1983 /home/sky/kaldi/egs/timit/s5/mfcc/raw_mfcc_train.4.ark:603022
FSAK0_SI670 /home/sky/kaldi/egs/timit/s5/mfcc/raw_mfcc_train.3.ark:528305
FJEN0_SX327 /home/sky/kaldi/egs/timit/s5/mfcc/raw_mfcc_train.2.ark:80087
FMKC0_SI1072 /home/sky/kaldi/egs/timit/s5/mfcc/raw_mfcc_train.2.ark:1435287
MDDC0_SI2049 /home/sky/kaldi/egs/timit/s5/mfcc/raw_mfcc_train.4.ark:1413664
MTKD0_SX377 /home/sky/kaldi/egs/timit/s5/mfcc/raw_mfcc_train.10.ark:510570
FJSP0_SX264 /home/sky/kaldi/egs/timit/s5/mfcc/raw_mfcc_train.2.ark:347338
MMAG0_SI496 /home/sky/kaldi/egs/timit/s5/mfcc/raw_mfcc_train.7.ark:1153911
MRGS0_SX6 /home/sky/kaldi/egs/timit/s5/mfcc/raw_mfcc_train.9.ark:37286
FCKE0_SI1741 /home/sky/kaldi/egs/timit/s5/mfcc/raw_mfcc_train.1.ark:594650
MKDD0_SX37 /home/sky/kaldi/egs/timit/s5/mfcc/raw_mfcc_train.7.ark:540384
MRFK0_SX176 /home/sky/kaldi/egs/timit/s5/mfcc/raw_mfcc_train.8.ark:1425370
FCKE0_SX211 /home/sky/kaldi/egs/timit/s5/mfcc/raw_mfcc_train.1.ark:610232
MCRE0_SX131 /home/sky/kaldi/egs/timit/s5/mfcc/raw_mfcc_train.4.ark:1067671
MKLS0_SI1533 /home/sky/kaldi/egs/timit/s5/mfcc/raw_mfcc_train.7.ark:713293
MBMA0_SI592 /home/sky/kaldi/egs/timit/s5/mfcc/raw_mfcc_train.4.ark:483719
MGSL0_SI1164 /home/sky/kaldi/egs/timit/s5/mfcc/raw_mfcc_train.6.ark:221227
MMDG0_SX70 /home/sky/kaldi/egs/timit/s5/mfcc/raw_mfcc_train.7.ark:1378915
FJWB1_SX255 /home/sky/kaldi/egs/timit/s5/mfcc/raw_mfcc_train.2.ark:379673
MRJH0_SI914 /home/sky/kaldi/egs/timit/s5/mfcc/raw_mfcc_train.9.ark:127181
FPAC0_SX31 /home/sky/kaldi/egs/timit/s5/mfcc/raw_mfcc_train.3.ark:148270
FSDC0_SX232 /home/sky/kaldi/egs/timit/s5/mfcc/raw_mfcc_train.3.ark:641266
FCAG0_SI2133 /home/sky/kaldi/egs/timit/s5/mfcc/raw_mfcc_train.1.ark:415851
MTJS0_SI562 /home/sky/kaldi/egs/timit/s5/mfcc/raw_mfcc_train.10.ark:421372
MRLR0_SX206 /home/sky/kaldi/egs/timit/s5/mfcc/raw_mfcc_train.9.ark:429113
MLSH0_SX427 /home/sky/kaldi/egs/timit/s5/mfcc/raw_mfcc_train.7.ark:1066616
MJRK0_SI1662 /home/sky/kaldi/egs/timit/s5/mfcc/raw_mfcc_train.7.ark:81561
MMJB1_SX148 /home/sky/kaldi/egs/timit/s5/mfcc/raw_mfcc_train.8.ark:109660
FHXS0_SI1075 /home/sky/kaldi/egs/timit/s5/mfcc/raw_mfcc_train.1.ark:1541321
MBMA0_SX142 /home/sky/kaldi/egs/timit/s5/mfcc/raw_mfcc_train.4.ark:485754
FJKL0_SX32 /home/sky/kaldi/egs/timit/s5/mfcc/raw_mfcc_train.2.ark:152189
FJSK0_SX422 /home/sky/kaldi/egs/timit/s5/mfcc/raw_mfcc_train.2.ark:322920
FSPM0_SX251 /home/sky/kaldi/egs/timit/s5/mfcc/raw_mfcc_train.3.ark:1104436
MMGC0_SX405 /home/sky/kaldi/egs/timit/s5/mfcc/raw_mfcc_train.8.ark:33498
FALR0_SX335 /home/sky/kaldi/egs/timit/s5/mfcc/raw_mfcc_train.1.ark:120595
MJDG0_SI1705 /home/sky/kaldi/egs/timit/s5/mfcc/raw_mfcc_train.6.ark:778203
MDLM0_SX424 /home/sky/kaldi/egs/timit/s5/mfcc/raw_mfcc_train.5.ark:384002
MKLS1_SI2175 /home/sky/kaldi/egs/timit/s5/mfcc/raw_mfcc_train.7.ark:745747
FJXP0_SX402 /home/sky/kaldi/egs/timit/s5/mfcc/raw_mfcc_train.2.ark:453719
MTER0_SI527 /home/sky/kaldi/egs/timit/s5/mfcc/raw_mfcc_train.10.ark:322194
MRJM0_SX148 /home/sky/kaldi/egs/timit/s5/mfcc/raw_mfcc_train.9.ark:165310
FSMA0_SI991 /home/sky/kaldi/egs/timit/s5/mfcc/raw_mfcc_train.3.ark:990592
MKDT0_SX353 /home/sky/kaldi/egs/timit/s5/mfcc/raw_mfcc_train.7.ark:569619
MKES0_SX173 /home/sky/kaldi/egs/timit/s5/mfcc/raw_mfcc_train.7.ark:596923
FJRB0_SI672 /home/sky/kaldi/egs/timit/s5/mfcc/raw_mfcc_train.2.ark:232674
MRCG0_SX168 /home/sky/kaldi/egs/timit/s5/mfcc/raw_mfcc_train.8.ark:1136749
MSRR0_SX231 /home/sky/kaldi/egs/timit/s5/mfcc/raw_mfcc_train.9.ark:1487351
MVRW0_SX405 /home/sky/kaldi/egs/timit/s5/mfcc/raw_mfcc_train.10.ark:1123298
MDAC0_SI1837 /home/sky/kaldi/egs/timit/s5/mfcc/raw_mfcc_train.4.ark:1219754
MAKR0_SI1352 /home/sky/kaldi/egs/timit/s5/mfcc/raw_mfcc_train.4.ark:172239
MMLM0_SI1527 /home/sky/kaldi/egs/timit/s5/mfcc/raw_mfcc_train.8.ark:131600
MDCD0_SX65 /home/sky/kaldi/egs/timit/s5/mfcc/raw_mfcc_train.4.ark:1373005
MCAE0_SX367 /home/sky/kaldi/egs/timit/s5/mfcc/raw_mfcc_train.4.ark:718281
FLHD0_SI1974 /home/sky/kaldi/egs/timit/s5/mfcc/raw_mfcc_train.2.ark:905138
FDFB0_SI1318 /home/sky/kaldi/egs/timit/s5/mfcc/raw_mfcc_train.1.ark:852123
MADD0_SI1798 /home/sky/kaldi/egs/timit/s5/mfcc/raw_mfcc_train.3.ark:1500044
MTWH1_SI2142 /home/sky/kaldi/egs/timit/s5/mfcc/raw_mfcc_train.10.ark:978084
FLHD0_SX264 /home/sky/kaldi/egs/timit/s5/mfcc/raw_mfcc_train.2.ark:914265
FSAG0_SI1953 /home/sky/kaldi/egs/timit/s5/mfcc/raw_mfcc_train.3.ark:451991
MESJ0_SX277 /home/sky/kaldi/egs/timit/s5/mfcc/raw_mfcc_train.5.ark:1139329
MLEL0_SX436 /home/sky/kaldi/egs/timit/s5/mfcc/raw_mfcc_train.7.ark:927912
MNTW0_SX202 /home/sky/kaldi/egs/timit/s5/mfcc/raw_mfcc_train.8.ark:477074
MCXM0_SX271 /home/sky/kaldi/egs/timit/s5/mfcc/raw_mfcc_train.4.ark:1201297
MNET0_SX96 /home/sky/kaldi/egs/timit/s5/mfcc/raw_mfcc_train.8.ark:454169
MRDM0_SI1044 /home/sky/kaldi/egs/timit/s5/mfcc/raw_mfcc_train.8.ark:1221061
MRMS0_SX120 /home/sky/kaldi/egs/timit/s5/mfcc/raw_mfcc_train.9.ark:590932
MTLC0_SX37 /home/sky/kaldi/egs/timit/s5/mfcc/raw_mfcc_train.10.ark:604061
MPRK0_SI1097 /home/sky/kaldi/egs/timit/s5/mfcc/raw_mfcc_train.8.ark:834899
MRJB1_SI1020 /home/sky/kaldi/egs/timit/s5/mfcc/raw_mfcc_train.9.ark:76643
MMEA0_SX398 /home/sky/kaldi/egs/timit/s5/mfcc/raw_mfcc_train.7.ark:1496468
FSJW0_SX73 /home/sky/kaldi/egs/timit/s5/mfcc/raw_mfcc_train.3.ark:854490
MGRL0_SX147 /home/sky/kaldi/egs/timit/s5/mfcc/raw_mfcc_train.6.ark:130899
FMJU0_SX39 /home/sky/kaldi/egs/timit/s5/mfcc/raw_mfcc_train.2.ark:1421770
MAKR0_SX452 /home/sky/kaldi/egs/timit/s5/mfcc/raw_mfcc_train.4.ark:190235
MJWS0_SI513 /home/sky/kaldi/egs/timit/s5/mfcc/raw_mfcc_train.7.ark:226012
FEEH0_SI471 /home/sky/kaldi/egs/timit/s5/mfcc/raw_mfcc_train.1.ark:1235086
MBJV0_SX437 /home/sky/kaldi/egs/timit/s5/mfcc/raw_mfcc_train.4.ark:467947
FCMM0_SX273 /home/sky/kaldi/egs/timit/s5/mfcc/raw_mfcc_train.1.ark:703835
MHJB0_SI1017 /home/sky/kaldi/egs/timit/s5/mfcc/raw_mfcc_train.6.ark:353349
MSAS0_SX116 /home/sky/kaldi/egs/timit/s5/mfcc/raw_mfcc_train.9.ark:987312
MKDD0_SX307 /home/sky/kaldi/egs/timit/s5/mfcc/raw_mfcc_train.7.ark:538025
MFMC0_SI1762 /home/sky/kaldi/egs/timit/s5/mfcc/raw_mfcc_train.5.ark:1211523
MCPM0_SX24 /home/sky/kaldi/egs/timit/s5/mfcc/raw_mfcc_train.4.ark:1046982
FLAC0_SX451 /home/sky/kaldi/egs/timit/s5/mfcc/raw_mfcc_train.2.ark:790224
MJMA0_SX415 /home/sky/kaldi/egs/timit/s5/mfcc/raw_mfcc_train.6.ark:1281316
FJDM2_SX412 /home/sky/kaldi/egs/timit/s5/mfcc/raw_mfcc_train.2.ark:51007
MDLM0_SX334 /home/sky/kaldi/egs/timit/s5/mfcc/raw_mfcc_train.5.ark:381616
FKDE0_SX331 /home/sky/kaldi/egs/timit/s5/mfcc/raw_mfcc_train.2.ark:519139
FVMH0_SX116 /home/sky/kaldi/egs/timit/s5/mfcc/raw_mfcc_train.3.ark:1420028
FKLC1_SX238 /home/sky/kaldi/egs/timit/s5/mfcc/raw_mfcc_train.2.ark:686104
MDTB0_SI570 /home/sky/kaldi/egs/timit/s5/mfcc/raw_mfcc_train.5.ark:783036
FBAS0_SX37 /home/sky/kaldi/egs/timit/s5/mfcc/raw_mfcc_train.1.ark:199029
MJSR0_SX344 /home/sky/kaldi/egs/timit/s5/mfcc/raw_mfcc_train.7.ark:167823
FNKL0_SI2152 /home/sky/kaldi/egs/timit/s5/mfcc/raw_mfcc_train.3.ark:23084
FETB0_SX428 /home/sky/kaldi/egs/timit/s5/mfcc/raw_mfcc_train.1.ark:1318350
MNTW0_SI1068 /home/sky/kaldi/egs/timit/s5/mfcc/raw_mfcc_train.8.ark:457830
FKLC1_SX328 /home/sky/kaldi/egs/timit/s5/mfcc/raw_mfcc_train.2.ark:689751
MREM0_SI1591 /home/sky/kaldi/egs/timit/s5/mfcc/raw_mfcc_train.8.ark:1351927
MSFH0_SX46 /home/sky/kaldi/egs/timit/s5/mfcc/raw_mfcc_train.9.ark:1265089
MRMH0_SI2281 /home/sky/kaldi/egs/timit/s5/mfcc/raw_mfcc_train.9.ark:515852
FPAF0_SX64 /home/sky/kaldi/egs/timit/s5/mfcc/raw_mfcc_train.3.ark:219307
FBCH0_SI1586 /home/sky/kaldi/egs/timit/s5/mfcc/raw_mfcc_train.1.ark:239050
MCTH0_SI1839 /home/sky/kaldi/egs/timit/s5/mfcc/raw_mfcc_train.4.ark:1125593
MBMA1_SI2207 /home/sky/kaldi/egs/timit/s5/mfcc/raw_mfcc_train.4.ark:506043
MSAH1_SX329 /home/sky/kaldi/egs/timit/s5/mfcc/raw_mfcc_train.9.ark:959241
MFMC0_SX412 /home/sky/kaldi/egs/timit/s5/mfcc/raw_mfcc_train.5.ark:1232826
FJEN0_SX237 /home/sky/kaldi/egs/timit/s5/mfcc/raw_mfcc_train.2.ark:77038
MMSM0_SX206 /home/sky/kaldi/egs/timit/s5/mfcc/raw_mfcc_train.8.ark:244614
MDED0_SX450 /home/sky/kaldi/egs/timit/s5/mfcc/raw_mfcc_train.4.ark:1463988
MJDA0_SX131 /home/sky/kaldi/egs/timit/s5/mfcc/raw_mfcc_train.6.ark:677211
MPSW0_SX437 /home/sky/kaldi/egs/timit/s5/mfcc/raw_mfcc_train.8.ark:921531
MTAS0_SX35 /home/sky/kaldi/egs/timit/s5/mfcc/raw_mfcc_train.10.ark:101328
MRLJ0_SX340 /home/sky/kaldi/egs/timit/s5/mfcc/raw_mfcc_train.9.ark:342238
MWEM0_SI1393 /home/sky/kaldi/egs/timit/s5/mfcc/raw_mfcc_train.10.ark:1288760
FSJW0_SI703 /home/sky/kaldi/egs/timit/s5/mfcc/raw_mfcc_train.3.ark:835177
MKLR0_SX429 /home/sky/kaldi/egs/timit/s5/mfcc/raw_mfcc_train.7.ark:698984
MBJV0_SX77 /home/sky/kaldi/egs/timit/s5/mfcc/raw_mfcc_train.4.ark:471840
MGRP0_SI687 /home/sky/kaldi/egs/timit/s5/mfcc/raw_mfcc_train.6.ark:159029
MBOM0_SI1014 /home/sky/kaldi/egs/timit/s5/mfcc/raw_mfcc_train.4.ark:570065
FLJA0_SI1078 /home/sky/kaldi/egs/timit/s5/mfcc/raw_mfcc_train.2.ark:929464
MADD0_SX268 /home/sky/kaldi/egs/timit/s5/mfcc/raw_mfcc_train.3.ark:1513429
FTLG0_SX123 /home/sky/kaldi/egs/timit/s5/mfcc/raw_mfcc_train.3.ark:1293231
MSFV0_SX182 /home/sky/kaldi/egs/timit/s5/mfcc/raw_mfcc_train.9.ark:1283475
MVRW0_SI1485 /home/sky/kaldi/egs/timit/s5/mfcc/raw_mfcc_train.10.ark:1103131
MMDG0_SI520 /home/sky/kaldi/egs/timit/s5/mfcc/raw_mfcc_train.7.ark:1354805
MSES0_SX149 /home/sky/kaldi/egs/timit/s5/mfcc/raw_mfcc_train.9.ark:1211952
MHMG0_SI735 /home/sky/kaldi/egs/timit/s5/mfcc/raw_mfcc_train.6.ark:386585
MDLC1_SI2144 /home/sky/kaldi/egs/timit/s5/mfcc/raw_mfcc_train.5.ark:279817
MBEF0_SI651 /home/sky/kaldi/egs/timit/s5/mfcc/raw_mfcc_train.4.ark:391781
FDAW0_SX236 /home/sky/kaldi/egs/timit/s5/mfcc/raw_mfcc_train.1.ark:837353
MRXB0_SI1585 /home/sky/kaldi/egs/timit/s5/mfcc/raw_mfcc_train.9.ark:909929
MJHI0_SI555 /home/sky/kaldi/egs/timit/s5/mfcc/raw_mfcc_train.6.ark:1002688
FJXM0_SX221 /home/sky/kaldi/egs/timit/s5/mfcc/raw_mfcc_train.2.ark:409032
MTML0_SX165 /home/sky/kaldi/egs/timit/s5/mfcc/raw_mfcc_train.10.ark:624574
MHMG0_SX375 /home/sky/kaldi/egs/timit/s5/mfcc/raw_mfcc_train.6.ark:405157
MSDH0_SI980 /home/sky/kaldi/egs/timit/s5/mfcc/raw_mfcc_train.9.ark:1090313
MTBC0_SX347 /home/sky/kaldi/egs/timit/s5/mfcc/raw_mfcc_train.10.ark:195795
MJDG0_SX412 /home/sky/kaldi/egs/timit/s5/mfcc/raw_mfcc_train.6.ark:793025
MMPM0_SX431 /home/sky/kaldi/egs/timit/s5/mfcc/raw_mfcc_train.8.ark:184117
FTAJ0_SX69 /home/sky/kaldi/egs/timit/s5/mfcc/raw_mfcc_train.3.ark:1210096
FRJB0_SX77 /home/sky/kaldi/egs/timit/s5/mfcc/raw_mfcc_train.3.ark:410943
FDNC0_SX198 /home/sky/kaldi/egs/timit/s5/mfcc/raw_mfcc_train.1.ark:1044157
FHXS0_SX85 /home/sky/kaldi/egs/timit/s5/mfcc/raw_mfcc_train.2.ark:20522
FSJG0_SI1570 /home/sky/kaldi/egs/timit/s5/mfcc/raw_mfcc_train.3.ark:716561
MKLR0_SX69 /home/sky/kaldi/egs/timit/s5/mfcc/raw_mfcc_train.7.ark:702383
MTDP0_SX351 /home/sky/kaldi/egs/timit/s5/mfcc/raw_mfcc_train.10.ark:296600
MWAR0_SX145 /home/sky/kaldi/egs/timit/s5/mfcc/raw_mfcc_train.10.ark:1206845
MDRD0_SX302 /home/sky/kaldi/egs/timit/s5/mfcc/raw_mfcc_train.5.ark:676671
FLMK0_SI1035 /home/sky/kaldi/egs/timit/s5/mfcc/raw_mfcc_train.2.ark:1132827
MDCD0_SI785 /home/sky/kaldi/egs/timit/s5/mfcc/raw_mfcc_train.4.ark:1351014
MRLJ1_SX321 /home/sky/kaldi/egs/timit/s5/mfcc/raw_mfcc_train.9.ark:368712
MTAS0_SI1385 /home/sky/kaldi/egs/timit/s5/mfcc/raw_mfcc_train.10.ark:81825
MKJO0_SI1517 /home/sky/kaldi/egs/timit/s5/mfcc/raw_mfcc_train.7.ark:617303
MJRP0_SI585 /home/sky/kaldi/egs/timit/s5/mfcc/raw_mfcc_train.7.ark:118878
MABC0_SX151 /home/sky/kaldi/egs/timit/s5/mfcc/raw_mfcc_train.3.ark:1446033
MLNS0_SI777 /home/sky/kaldi/egs/timit/s5/mfcc/raw_mfcc_train.7.ark:1018730
MSTF0_SI1396 /home/sky/kaldi/egs/timit/s5/mfcc/raw_mfcc_train.9.ark:1499936
MJWT0_SX31 /home/sky/kaldi/egs/timit/s5/mfcc/raw_mfcc_train.7.ark:283335
FALK0_SI456 /home/sky/kaldi/egs/timit/s5/mfcc/raw_mfcc_train.1.ark:72191
MJXL0_SX92 /home/sky/kaldi/egs/timit/s5/mfcc/raw_mfcc_train.7.ark:349964
MSDS0_SI1077 /home/sky/kaldi/egs/timit/s5/mfcc/raw_mfcc_train.9.ark:1119267
FVMH0_SX386 /home/sky/kaldi/egs/timit/s5/mfcc/raw_mfcc_train.3.ark:1432626
FMJF0_SI624 /home/sky/kaldi/egs/timit/s5/mfcc/raw_mfcc_train.2.ark:1366865
MDWH0_SX125 /home/sky/kaldi/egs/timit/s5/mfcc/raw_mfcc_train.5.ark:851226
FEAC0_SI1245 /home/sky/kaldi/egs/timit/s5/mfcc/raw_mfcc_train.1.ark:1120838
FSAG0_SX153 /home/sky/kaldi/egs/timit/s5/mfcc/raw_mfcc_train.3.ark:457361
MTRT0_SI1227 /home/sky/kaldi/egs/timit/s5/mfcc/raw_mfcc_train.10.ark:942737
MMDS0_SX443 /home/sky/kaldi/egs/timit/s5/mfcc/raw_mfcc_train.7.ark:1465933
MMEB0_SI1357 /home/sky/kaldi/egs/timit/s5/mfcc/raw_mfcc_train.7.ark:1500207
MEGJ0_SX167 /home/sky/kaldi/egs/timit/s5/mfcc/raw_mfcc_train.5.ark:1009707
FCDR1_SI1816 /home/sky/kaldi/egs/timit/s5/mfcc/raw_mfcc_train.1.ark:475758
FALK0_SX6 /home/sky/kaldi/egs/timit/s5/mfcc/raw_mfcc_train.1.ark:94090
MRLJ1_SX411 /home/sky/kaldi/egs/timit/s5/mfcc/raw_mfcc_train.9.ark:373217
FSDJ0_SX125 /home/sky/kaldi/egs/timit/s5/mfcc/raw_mfcc_train.3.ark:668005
FEEH0_SX212 /home/sky/kaldi/egs/timit/s5/mfcc/raw_mfcc_train.1.ark:1242835
MLJC0_SX145 /home/sky/kaldi/egs/timit/s5/mfcc/raw_mfcc_train.7.ark:949879
MMDM0_SX141 /home/sky/kaldi/egs/timit/s5/mfcc/raw_mfcc_train.7.ark:1393427
MZMB0_SX356 /home/sky/kaldi/egs/timit/s5/mfcc/raw_mfcc_train.10.ark:1502693
FBJL0_SI1552 /home/sky/kaldi/egs/timit/s5/mfcc/raw_mfcc_train.1.ark:274856
MRMB0_SX321 /home/sky/kaldi/egs/timit/s5/mfcc/raw_mfcc_train.9.ark:461781
MJAI0_SX434 /home/sky/kaldi/egs/timit/s5/mfcc/raw_mfcc_train.6.ark:628769
MRAM0_SI1951 /home/sky/kaldi/egs/timit/s5/mfcc/raw_mfcc_train.8.ark:1037393
MMGG0_SX89 /home/sky/kaldi/egs/timit/s5/mfcc/raw_mfcc_train.8.ark:69364
MADC0_SI1367 /home/sky/kaldi/egs/timit/s5/mfcc/raw_mfcc_train.3.ark:1462708
MGAW0_SX265 /home/sky/kaldi/egs/timit/s5/mfcc/raw_mfcc_train.6.ark:42971
FDAW0_SI1271 /home/sky/kaldi/egs/timit/s5/mfcc/raw_mfcc_train.1.ark:817641
MRAB1_SI848 /home/sky/kaldi/egs/timit/s5/mfcc/raw_mfcc_train.8.ark:969067
FKLH0_SX357 /home/sky/kaldi/egs/timit/s5/mfcc/raw_mfcc_train.2.ark:723855
MBOM0_SI2274 /home/sky/kaldi/egs/timit/s5/mfcc/raw_mfcc_train.4.ark:577556
MAJP0_SX354 /home/sky/kaldi/egs/timit/s5/mfcc/raw_mfcc_train.4.ark:120654
FPAD0_SX446 /home/sky/kaldi/egs/timit/s5/mfcc/raw_mfcc_train.3.ark:182726
MMXS0_SX66 /home/sky/kaldi/egs/timit/s5/mfcc/raw_mfcc_train.8.ark:426255
MTKP0_SX33 /home/sky/kaldi/egs/timit/s5/mfcc/raw_mfcc_train.10.ark:542119
MRMH0_SX301 /home/sky/kaldi/egs/timit/s5/mfcc/raw_mfcc_train.9.ark:526988
FMJF0_SX354 /home/sky/kaldi/egs/timit/s5/mfcc/raw_mfcc_train.2.ark:1382070
FKLH0_SX177 /home/sky/kaldi/egs/timit/s5/mfcc/raw_mfcc_train.2.ark:716639
MPRD0_SI1431 /home/sky/kaldi/egs/timit/s5/mfcc/raw_mfcc_train.8.ark:798481
MKRG0_SX411 /home/sky/kaldi/egs/timit/s5/mfcc/raw_mfcc_train.7.ark:830201
MSAT0_SX176 /home/sky/kaldi/egs/timit/s5/mfcc/raw_mfcc_train.9.ark:1015735
FTBR0_SX381 /home/sky/kaldi/egs/timit/s5/mfcc/raw_mfcc_train.3.ark:1241730
FLJA0_SI2338 /home/sky/kaldi/egs/timit/s5/mfcc/raw_mfcc_train.2.ark:939438
MFRM0_SI1155 /home/sky/kaldi/egs/timit/s5/mfcc/raw_mfcc_train.5.ark:1241082
MRLJ0_SX70 /home/sky/kaldi/egs/timit/s5/mfcc/raw_mfcc_train.9.ark:350090
MCPM0_SX384 /home/sky/kaldi/egs/timit/s5/mfcc/raw_mfcc_train.4.ark:1052794
MJLG1_SI1012 /home/sky/kaldi/egs/timit/s5/mfcc/raw_mfcc_train.6.ark:1194149
FLMC0_SX22 /home/sky/kaldi/egs/timit/s5/mfcc/raw_mfcc_train.2.ark:1115911
MTAB0_SX402 /home/sky/kaldi/egs/timit/s5/mfcc/raw_mfcc_train.10.ark:74479
MRAI0_SX432 /home/sky/kaldi/egs/timit/s5/mfcc/raw_mfcc_train.8.ark:1021035
MFXS0_SI2304 /home/sky/kaldi/egs/timit/s5/mfcc/raw_mfcc_train.5.ark:1308995
FLAG0_SX384 /home/sky/kaldi/egs/timit/s5/mfcc/raw_mfcc_train.2.ark:831237
MEFG0_SX285 /home/sky/kaldi/egs/timit/s5/mfcc/raw_mfcc_train.5.ark:985841
MKLW0_SX311 /home/sky/kaldi/egs/timit/s5/mfcc/raw_mfcc_train.7.ark:791554
MDWD0_SI1260 /home/sky/kaldi/egs/timit/s5/mfcc/raw_mfcc_train.5.ark:805166
MDLH0_SI700 /home/sky/kaldi/egs/timit/s5/mfcc/raw_mfcc_train.5.ark:335752
MDEM0_SX338 /home/sky/kaldi/egs/timit/s5/mfcc/raw_mfcc_train.5.ark:54277
MJJM0_SX107 /home/sky/kaldi/egs/timit/s5/mfcc/raw_mfcc_train.6.ark:1113829
MDEM0_SX68 /home/sky/kaldi/egs/timit/s5/mfcc/raw_mfcc_train.5.ark:64989
MMAA0_SI2105 /home/sky/kaldi/egs/timit/s5/mfcc/raw_mfcc_train.7.ark:1080704
FSDC0_SX412 /home/sky/kaldi/egs/timit/s5/mfcc/raw_mfcc_train.3.ark:648742
MDBB1_SX16 /home/sky/kaldi/egs/timit/s5/mfcc/raw_mfcc_train.4.ark:1295143
MSJK0_SX156 /home/sky/kaldi/egs/timit/s5/mfcc/raw_mfcc_train.9.ark:1318346
FMAH1_SI2139 /home/sky/kaldi/egs/timit/s5/mfcc/raw_mfcc_train.2.ark:1232017
MBTH0_SX392 /home/sky/kaldi/egs/timit/s5/mfcc/raw_mfcc_train.4.ark:652530
MPFU0_SX358 /home/sky/kaldi/egs/timit/s5/mfcc/raw_mfcc_train.8.ark:570904
FLTM0_SX260 /home/sky/kaldi/egs/timit/s5/mfcc/raw_mfcc_train.2.ark:1209218
FEME0_SX335 /home/sky/kaldi/egs/timit/s5/mfcc/raw_mfcc_train.1.ark:1281197
MSDH0_SX350 /home/sky/kaldi/egs/timit/s5/mfcc/raw_mfcc_train.9.ark:1106103
MCEW0_SX362 /home/sky/kaldi/egs/timit/s5/mfcc/raw_mfcc_train.4.ark:915038
MJLS0_SX286 /home/sky/kaldi/egs/timit/s5/mfcc/raw_mfcc_train.6.ark:1248433
FCDR1_SX376 /home/sky/kaldi/egs/timit/s5/mfcc/raw_mfcc_train.1.ark:505556
FDML0_SI2075 /home/sky/kaldi/egs/timit/s5/mfcc/raw_mfcc_train.1.ark:956169
MAEO0_SI1956 /home/sky/kaldi/egs/timit/s5/mfcc/raw_mfcc_train.4.ark:48160
MTPF0_SI1865 /home/sky/kaldi/egs/timit/s5/mfcc/raw_mfcc_train.10.ark:717317
MSJK0_SI1596 /home/sky/kaldi/egs/timit/s5/mfcc/raw_mfcc_train.9.ark:1305402
MJRP0_SX225 /home/sky/kaldi/egs/timit/s5/mfcc/raw_mfcc_train.7.ark:127355
MDLC1_SX355 /home/sky/kaldi/egs/timit/s5/mfcc/raw_mfcc_train.5.ark:291018
FKDW0_SI1207 /home/sky/kaldi/egs/timit/s5/mfcc/raw_mfcc_train.2.ark:532446
MCLM0_SX106 /home/sky/kaldi/egs/timit/s5/mfcc/raw_mfcc_train.4.ark:1010044
MKRG0_SX141 /home/sky/kaldi/egs/timit/s5/mfcc/raw_mfcc_train.7.ark:822030
MDKS0_SX76 /home/sky/kaldi/egs/timit/s5/mfcc/raw_mfcc_train.5.ark:189797
MSES0_SI1589 /home/sky/kaldi/egs/timit/s5/mfcc/raw_mfcc_train.9.ark:1200684
MTRR0_SX288 /home/sky/kaldi/egs/timit/s5/mfcc/raw_mfcc_train.10.ark:933674
MMJB1_SX238 /home/sky/kaldi/egs/timit/s5/mfcc/raw_mfcc_train.8.ark:113203
MMPM0_SX71 /home/sky/kaldi/egs/timit/s5/mfcc/raw_mfcc_train.8.ark:188309
MCLK0_SX220 /home/sky/kaldi/egs/timit/s5/mfcc/raw_mfcc_train.4.ark:982408
MRCW0_SI741 /home/sky/kaldi/egs/timit/s5/mfcc/raw_mfcc_train.8.ark:1169429
FDMY0_SX27 /home/sky/kaldi/egs/timit/s5/mfcc/raw_mfcc_train.1.ark:1006516
MLJC0_SX415 /home/sky/kaldi/egs/timit/s5/mfcc/raw_mfcc_train.7.ark:961353
MTJS0_SX22 /home/sky/kaldi/egs/timit/s5/mfcc/raw_mfcc_train.10.ark:435237
MDSS1_SI697 /home/sky/kaldi/egs/timit/s5/mfcc/raw_mfcc_train.5.ark:754938
FMPG0_SX72 /home/sky/kaldi/egs/timit/s5/mfcc/raw_mfcc_train.3.ark:16412
MDPS0_SI719 /home/sky/kaldi/egs/timit/s5/mfcc/raw_mfcc_train.5.ark:629858
FEXM0_SX366 /home/sky/kaldi/egs/timit/s5/mfcc/raw_mfcc_train.1.ark:1355015
MRWA0_SX73 /home/sky/kaldi/egs/timit/s5/mfcc/raw_mfcc_train.9.ark:878339
MRAB1_SX38 /home/sky/kaldi/egs/timit/s5/mfcc/raw_mfcc_train.8.ark:986267
MDMT0_SX392 /home/sky/kaldi/egs/timit/s5/mfcc/raw_mfcc_train.5.ark:523428
MTJS0_SX292 /home/sky/kaldi/egs/timit/s5/mfcc/raw_mfcc_train.10.ark:438130
MJEE0_SX247 /home/sky/kaldi/egs/timit/s5/mfcc/raw_mfcc_train.6.ark:916882
FAEM0_SI1392 /home/sky/kaldi/egs/timit/s5/mfcc/raw_mfcc_train.1.ark:13
MBOM0_SX204 /home/sky/kaldi/egs/timit/s5/mfcc/raw_mfcc_train.4.ark:584161
FBAS0_SI2066 /home/sky/kaldi/egs/timit/s5/mfcc/raw_mfcc_train.1.ark:182895
MDMT0_SX122 /home/sky/kaldi/egs/timit/s5/mfcc/raw_mfcc_train.5.ark:507060
FLJD0_SI2146 /home/sky/kaldi/egs/timit/s5/mfcc/raw_mfcc_train.2.ark:971208
MSRG0_SI1221 /home/sky/kaldi/egs/timit/s5/mfcc/raw_mfcc_train.9.ark:1437228
FDML0_SI1779 /home/sky/kaldi/egs/timit/s5/mfcc/raw_mfcc_train.1.ark:952768
MDBP0_SI528 /home/sky/kaldi/egs/timit/s5/mfcc/raw_mfcc_train.4.ark:1316325
MDMA0_SX80 /home/sky/kaldi/egs/timit/s5/mfcc/raw_mfcc_train.5.ark:494628
FVMH0_SI836 /home/sky/kaldi/egs/timit/s5/mfcc/raw_mfcc_train.3.ark:1414327
MAJP0_SX174 /home/sky/kaldi/egs/timit/s5/mfcc/raw_mfcc_train.4.ark:110617
FDAS1_SX201 /home/sky/kaldi/egs/timit/s5/mfcc/raw_mfcc_train.1.ark:803469
MJXL0_SX272 /home/sky/kaldi/egs/timit/s5/mfcc/raw_mfcc_train.7.ark:335995
FLMA0_SX73 /home/sky/kaldi/egs/timit/s5/mfcc/raw_mfcc_train.2.ark:1097376
FKLC0_SX175 /home/sky/kaldi/egs/timit/s5/mfcc/raw_mfcc_train.2.ark:649275
FLJD0_SX436 /home/sky/kaldi/egs/timit/s5/mfcc/raw_mfcc_train.2.ark:990340
MKES0_SI623 /home/sky/kaldi/egs/timit/s5/mfcc/raw_mfcc_train.7.ark:591391
MVJH0_SX206 /home/sky/kaldi/egs/timit/s5/mfcc/raw_mfcc_train.10.ark:1056883
MZMB0_SI1796 /home/sky/kaldi/egs/timit/s5/mfcc/raw_mfcc_train.10.ark:1486883
MREW1_SX330 /home/sky/kaldi/egs/timit/s5/mfcc/raw_mfcc_train.8.ark:1400977
MPAR0_SX316 /home/sky/kaldi/egs/timit/s5/mfcc/raw_mfcc_train.8.ark:510990
MMDB0_SX357 /home/sky/kaldi/egs/timit/s5/mfcc/raw_mfcc_train.7.ark:1335997
MPEB0_SX420 /home/sky/kaldi/egs/timit/s5/mfcc/raw_mfcc_train.8.ark:541071
MDEF0_SX33 /home/sky/kaldi/egs/timit/s5/mfcc/raw_mfcc_train.5.ark:23105
FBCH0_SI959 /home/sky/kaldi/egs/timit/s5/mfcc/raw_mfcc_train.1.ark:247995
MTXS0_SX340 /home/sky/kaldi/egs/timit/s5/mfcc/raw_mfcc_train.10.ark:1026023
MJRH1_SX154 /home/sky/kaldi/egs/timit/s5/mfcc/raw_mfcc_train.7.ark:63170
MEJS0_SX70 /home/sky/kaldi/egs/timit/s5/mfcc/raw_mfcc_train.5.ark:1089445
MEGJ0_SI1967 /home/sky/kaldi/egs/timit/s5/mfcc/raw_mfcc_train.5.ark:1002309
MHBS0_SI1575 /home/sky/kaldi/egs/timit/s5/mfcc/raw_mfcc_train.6.ark:291550
FAPB0_SI1063 /home/sky/kaldi/egs/timit/s5/mfcc/raw_mfcc_train.1.ark:131783
MRMG0_SI1710 /home/sky/kaldi/egs/timit/s5/mfcc/raw_mfcc_train.9.ark:477696
FCMG0_SX432 /home/sky/kaldi/egs/timit/s5/mfcc/raw_mfcc_train.1.ark:679482
FCLT0_SX178 /home/sky/kaldi/egs/timit/s5/mfcc/raw_mfcc_train.1.ark:633617
MDLC2_SI2244 /home/sky/kaldi/egs/timit/s5/mfcc/raw_mfcc_train.5.ark:302175
MGXP0_SX277 /home/sky/kaldi/egs/timit/s5/mfcc/raw_mfcc_train.6.ark:275690
MTJS0_SI1192 /home/sky/kaldi/egs/timit/s5/mfcc/raw_mfcc_train.10.ark:410528
MMRP0_SX234 /home/sky/kaldi/egs/timit/s5/mfcc/raw_mfcc_train.8.ark:206064
MDED0_SI1800 /home/sky/kaldi/egs/timit/s5/mfcc/raw_mfcc_train.4.ark:1441697
FLTM0_SX350 /home/sky/kaldi/egs/timit/s5/mfcc/raw_mfcc_train.2.ark:1213684
MHBS0_SX315 /home/sky/kaldi/egs/timit/s5/mfcc/raw_mfcc_train.6.ark:311099
MCDD0_SI1513 /home/sky/kaldi/egs/timit/s5/mfcc/raw_mfcc_train.4.ark:794464
FSJW0_SX433 /home/sky/kaldi/egs/timit/s5/mfcc/raw_mfcc_train.3.ark:850064
MTLC0_SX217 /home/sky/kaldi/egs/timit/s5/mfcc/raw_mfcc_train.10.ark:599238
MSRG0_SX411 /home/sky/kaldi/egs/timit/s5/mfcc/raw_mfcc_train.9.ark:1460294
MSRG0_SX51 /home/sky/kaldi/egs/timit/s5/mfcc/raw_mfcc_train.9.ark:1464200
MBWP0_SX259 /home/sky/kaldi/egs/timit/s5/mfcc/raw_mfcc_train.4.ark:670858
MDSS0_SX261 /home/sky/kaldi/egs/timit/s5/mfcc/raw_mfcc_train.5.ark:735486
MLBC0_SI609 /home/sky/kaldi/egs/timit/s5/mfcc/raw_mfcc_train.7.ark:876295
MLEL0_SX346 /home/sky/kaldi/egs/timit/s5/mfcc/raw_mfcc_train.7.ark:923381
FSRH0_SI1931 /home/sky/kaldi/egs/timit/s5/mfcc/raw_mfcc_train.3.ark:1123322
MJBG0_SI1724 /home/sky/kaldi/egs/timit/s5/mfcc/raw_mfcc_train.6.ark:639490
MDNS0_SI873 /home/sky/kaldi/egs/timit/s5/mfcc/raw_mfcc_train.5.ark:536958
MRML0_SI791 /home/sky/kaldi/egs/timit/s5/mfcc/raw_mfcc_train.9.ark:546082
MGAR0_SX222 /home/sky/kaldi/egs/timit/s5/mfcc/raw_mfcc_train.6.ark:7372
MDHS0_SX180 /home/sky/kaldi/egs/timit/s5/mfcc/raw_mfcc_train.5.ark:113813
MPRB0_SX395 /home/sky/kaldi/egs/timit/s5/mfcc/raw_mfcc_train.8.ark:794183
MEJS0_SX250 /home/sky/kaldi/egs/timit/s5/mfcc/raw_mfcc_train.5.ark:1077075
MJAI0_SI682 /home/sky/kaldi/egs/timit/s5/mfcc/raw_mfcc_train.6.ark:606764
MRJM1_SI1298 /home/sky/kaldi/egs/timit/s5/mfcc/raw_mfcc_train.9.ark:186821
MFXS0_SX414 /home/sky/kaldi/egs/timit/s5/mfcc/raw_mfcc_train.5.ark:1325871
MRSP0_SI1429 /home/sky/kaldi/egs/timit/s5/mfcc/raw_mfcc_train.9.ark:711467
MTLC0_SX397 /home/sky/kaldi/egs/timit/s5/mfcc/raw_mfcc_train.10.ark:607461
FETB0_SX248 /home/sky/kaldi/egs/timit/s5/mfcc/raw_mfcc_train.1.ark:1310549
MCRE0_SI1121 /home/sky/kaldi/egs/timit/s5/mfcc/raw_mfcc_train.4.ark:1055454
FSDJ0_SX215 /home/sky/kaldi/egs/timit/s5/mfcc/raw_mfcc_train.3.ark:670833
FSLS0_SX156 /home/sky/kaldi/egs/timit/s5/mfcc/raw_mfcc_train.3.ark:965257
FDAS1_SX111 /home/sky/kaldi/egs/timit/s5/mfcc/raw_mfcc_train.1.ark:800069
FEAR0_SI622 /home/sky/kaldi/egs/timit/s5/mfcc/raw_mfcc_train.1.ark:1160703
MRTJ0_SX412 /home/sky/kaldi/egs/timit/s5/mfcc/raw_mfcc_train.9.ark:812374
MJJB0_SI1769 /home/sky/kaldi/egs/timit/s5/mfcc/raw_mfcc_train.6.ark:1036865
FTAJ0_SX429 /home/sky/kaldi/egs/timit/s5/mfcc/raw_mfcc_train.3.ark:1206944
MCAE0_SX97 /home/sky/kaldi/egs/timit/s5/mfcc/raw_mfcc_train.4.ark:728341
MTPP0_SX248 /home/sky/kaldi/egs/timit/s5/mfcc/raw_mfcc_train.10.ark:787652
MJXA0_SI1507 /home/sky/kaldi/egs/timit/s5/mfcc/raw_mfcc_train.7.ark:289603
MTBC0_SX183 /home/sky/kaldi/egs/timit/s5/mfcc/raw_mfcc_train.10.ark:189086
FLJG0_SX441 /home/sky/kaldi/egs/timit/s5/mfcc/raw_mfcc_train.2.ark:1026823
MREW1_SI1500 /home/sky/kaldi/egs/timit/s5/mfcc/raw_mfcc_train.8.ark:1384249
MMWS1_SX261 /home/sky/kaldi/egs/timit/s5/mfcc/raw_mfcc_train.8.ark:383247
MTLB0_SI504 /home/sky/kaldi/egs/timit/s5/mfcc/raw_mfcc_train.10.ark:557164
FSMM0_SX234 /home/sky/kaldi/egs/timit/s5/mfcc/raw_mfcc_train.3.ark:1033394
FCEG0_SX168 /home/sky/kaldi/egs/timit/s5/mfcc/raw_mfcc_train.1.ark:519704
MDAC0_SX361 /home/sky/kaldi/egs/timit/s5/mfcc/raw_mfcc_train.4.ark:1238086
MRWA0_SX163 /home/sky/kaldi/egs/timit/s5/mfcc/raw_mfcc_train.9.ark:862231
MAEO0_SI1326 /home/sky/kaldi/egs/timit/s5/mfcc/raw_mfcc_train.4.ark:38940
MBOM0_SI1644 /home/sky/kaldi/egs/timit/s5/mfcc/raw_mfcc_train.4.ark:574948
MFWK0_SX259 /home/sky/kaldi/egs/timit/s5/mfcc/raw_mfcc_train.5.ark:1285954
FCAG0_SI1503 /home/sky/kaldi/egs/timit/s5/mfcc/raw_mfcc_train.1.ark:410713
MMEB0_SX187 /home/sky/kaldi/egs/timit/s5/mfcc/raw_mfcc_train.7.ark:1511136
MCPM0_SI1824 /home/sky/kaldi/egs/timit/s5/mfcc/raw_mfcc_train.4.ark:1029457
FJWB1_SI795 /home/sky/kaldi/egs/timit/s5/mfcc/raw_mfcc_train.2.ark:372223
MHJB0_SX207 /home/sky/kaldi/egs/timit/s5/mfcc/raw_mfcc_train.6.ark:368602
MWDK0_SI2017 /home/sky/kaldi/egs/timit/s5/mfcc/raw_mfcc_train.10.ark:1257815
MTPR0_SX250 /home/sky/kaldi/egs/timit/s5/mfcc/raw_mfcc_train.10.ark:821873
MDJM0_SX105 /home/sky/kaldi/egs/timit/s5/mfcc/raw_mfcc_train.5.ark:145161
FKLH0_SI1887 /home/sky/kaldi/egs/timit/s5/mfcc/raw_mfcc_train.2.ark:710970
MCDR0_SI1154 /home/sky/kaldi/egs/timit/s5/mfcc/raw_mfcc_train.4.ark:823290
MPRK0_SX197 /home/sky/kaldi/egs/timit/s5/mfcc/raw_mfcc_train.8.ark:860453
FDFB0_SX148 /home/sky/kaldi/egs/timit/s5/mfcc/raw_mfcc_train.1.ark:862234
MRAI0_SI1954 /home/sky/kaldi/egs/timit/s5/mfcc/raw_mfcc_train.8.ark:994537
MCEF0_SI1135 /home/sky/kaldi/egs/timit/s5/mfcc/raw_mfcc_train.4.ark:859604
MSTF0_SI766 /home/sky/kaldi/egs/timit/s5/mfcc/raw_mfcc_train.9.ark:1504402
MJDE0_SI1120 /home/sky/kaldi/egs/timit/s5/mfcc/raw_mfcc_train.6.ark:726066
MAKR0_SX182 /home/sky/kaldi/egs/timit/s5/mfcc/raw_mfcc_train.4.ark:181920
FJSK0_SX152 /home/sky/kaldi/egs/timit/s5/mfcc/raw_mfcc_train.2.ark:310393
FTAJ0_SX339 /home/sky/kaldi/egs/timit/s5/mfcc/raw_mfcc_train.3.ark:1204233
FTMG0_SI902 /home/sky/kaldi/egs/timit/s5/mfcc/raw_mfcc_train.3.ark:1317084
MTML0_SX75 /home/sky/kaldi/egs/timit/s5/mfcc/raw_mfcc_train.10.ark:641631
FKDE0_SX421 /home/sky/kaldi/egs/timit/s5/mfcc/raw_mfcc_train.2.ark:523748
MRLR0_SX116 /home/sky/kaldi/egs/timit/s5/mfcc/raw_mfcc_train.9.ark:426155
MCDR0_SX434 /home/sky/kaldi/egs/timit/s5/mfcc/raw_mfcc_train.4.ark:852609
MGRP0_SI1947 /home/sky/kaldi/egs/timit/s5/mfcc/raw_mfcc_train.6.ark:155668
MRMH0_SX31 /home/sky/kaldi/egs/timit/s5/mfcc/raw_mfcc_train.9.ark:530803
FMBG0_SX260 /home/sky/kaldi/egs/timit/s5/mfcc/raw_mfcc_train.2.ark:1272155
MSRR0_SX51 /home/sky/kaldi/egs/timit/s5/mfcc/raw_mfcc_train.9.ark:1496054
MDHS0_SX90 /home/sky/kaldi/egs/timit/s5/mfcc/raw_mfcc_train.5.ark:128023
MPFU0_SX178 /home/sky/kaldi/egs/timit/s5/mfcc/raw_mfcc_train.8.ark:561894
MJFH0_SI477 /home/sky/kaldi/egs/timit/s5/mfcc/raw_mfcc_train.6.ark:941729
FJLR0_SX151 /home/sky/kaldi/egs/timit/s5/mfcc/raw_mfcc_train.2.ark:203660
MMDS0_SI1343 /home/sky/kaldi/egs/timit/s5/mfcc/raw_mfcc_train.7.ark:1446221
MRHL0_SI1515 /home/sky/kaldi/egs/timit/s5/mfcc/raw_mfcc_train.9.ark:47063
MRAB1_SX308 /home/sky/kaldi/egs/timit/s5/mfcc/raw_mfcc_train.8.ark:981997
MMDB0_SX267 /home/sky/kaldi/egs/timit/s5/mfcc/raw_mfcc_train.7.ark:1331947
MRHL0_SX75 /home/sky/kaldi/egs/timit/s5/mfcc/raw_mfcc_train.9.ark:73632
FDAS1_SI1461 /home/sky/kaldi/egs/timit/s5/mfcc/raw_mfcc_train.1.ark:783914
MCXM0_SX91 /home/sky/kaldi/egs/timit/s5/mfcc/raw_mfcc_train.4.ark:1212640
MJRH0_SX135 /home/sky/kaldi/egs/timit/s5/mfcc/raw_mfcc_train.7.ark:30964
MJHI0_SX428 /home/sky/kaldi/egs/timit/s5/mfcc/raw_mfcc_train.6.ark:1020286
FEME0_SI2135 /home/sky/kaldi/egs/timit/s5/mfcc/raw_mfcc_train.1.ark:1263398
MDLR0_SX63 /home/sky/kaldi/egs/timit/s5/mfcc/raw_mfcc_train.5.ark:421544
FLMK0_SI1229 /home/sky/kaldi/egs/timit/s5/mfcc/raw_mfcc_train.2.ark:1136735
MMDS0_SX353 /home/sky/kaldi/egs/timit/s5/mfcc/raw_mfcc_train.7.ark:1462494
FGCS0_SX136 /home/sky/kaldi/egs/timit/s5/mfcc/raw_mfcc_train.1.ark:1375163
MMAG0_SI1756 /home/sky/kaldi/egs/timit/s5/mfcc/raw_mfcc_train.7.ark:1148054
MPRB0_SX125 /home/sky/kaldi/egs/timit/s5/mfcc/raw_mfcc_train.8.ark:777100
MMRP0_SI717 /home/sky/kaldi/egs/timit/s5/mfcc/raw_mfcc_train.8.ark:193810
MFMC0_SX142 /home/sky/kaldi/egs/timit/s5/mfcc/raw_mfcc_train.5.ark:1219402
FPAB1_SX301 /home/sky/kaldi/egs/timit/s5/mfcc/raw_mfcc_train.3.ark:108557
FNKL0_SX172 /home/sky/kaldi/egs/timit/s5/mfcc/raw_mfcc_train.3.ark:32744
MRVG0_SX60 /home/sky/kaldi/egs/timit/s5/mfcc/raw_mfcc_train.9.ark:846471
FPJF0_SX326 /home/sky/kaldi/egs/timit/s5/mfcc/raw_mfcc_train.3.ark:276426
MMRP0_SI2034 /home/sky/kaldi/egs/timit/s5/mfcc/raw_mfcc_train.8.ark:191658
MKLS1_SI915 /home/sky/kaldi/egs/timit/s5/mfcc/raw_mfcc_train.7.ark:748822
FSMA0_SI2251 /home/sky/kaldi/egs/timit/s5/mfcc/raw_mfcc_train.3.ark:986282
MSVS0_SX38 /home/sky/kaldi/egs/timit/s5/mfcc/raw_mfcc_train.10.ark:33419
FEAC0_SX255 /home/sky/kaldi/egs/timit/s5/mfcc/raw_mfcc_train.1.ark:1138820
MCAE0_SX277 /home/sky/kaldi/egs/timit/s5/mfcc/raw_mfcc_train.4.ark:713698
MDMA0_SX350 /home/sky/kaldi/egs/timit/s5/mfcc/raw_mfcc_train.5.ark:482395
FLJG0_SI1611 /home/sky/kaldi/egs/timit/s5/mfcc/raw_mfcc_train.2.ark:996841
MTAT1_SX239 /home/sky/kaldi/egs/timit/s5/mfcc/raw_mfcc_train.10.ark:157875
MDLR0_SI603 /home/sky/kaldi/egs/timit/s5/mfcc/raw_mfcc_train.5.ark:399215
MRTC0_SI828 /home/sky/kaldi/egs/timit/s5/mfcc/raw_mfcc_train.9.ark:756766
MKXL0_SI1185 /home/sky/kaldi/egs/timit/s5/mfcc/raw_mfcc_train.7.ark:836832
FPAF0_SX244 /home/sky/kaldi/egs/timit/s5/mfcc/raw_mfcc_train.3.ark:207223
MDED0_SX180 /home/sky/kaldi/egs/timit/s5/mfcc/raw_mfcc_train.4.ark:1452293
MLJH0_SX424 /home/sky/kaldi/egs/timit/s5/mfcc/raw_mfcc_train.7.ark:1002009
MPEB0_SI1034 /home/sky/kaldi/egs/timit/s5/mfcc/raw_mfcc_train.8.ark:520618
MJHI0_SX158 /home/sky/kaldi/egs/timit/s5/mfcc/raw_mfcc_train.6.ark:1010307
MRXB0_SX145 /home/sky/kaldi/egs/timit/s5/mfcc/raw_mfcc_train.9.ark:924550
MSDH0_SX170 /home/sky/kaldi/egs/timit/s5/mfcc/raw_mfcc_train.9.ark:1096274
MPRT0_SI1210 /home/sky/kaldi/egs/timit/s5/mfcc/raw_mfcc_train.8.ark:874008
FCJS0_SX77 /home/sky/kaldi/egs/timit/s5/mfcc/raw_mfcc_train.1.ark:589083
MKAM0_SI1250 /home/sky/kaldi/egs/timit/s5/mfcc/raw_mfcc_train.7.ark:448825
MJEB1_SX297 /home/sky/kaldi/egs/timit/s5/mfcc/raw_mfcc_train.6.ark:894582
MGAK0_SI2296 /home/sky/kaldi/egs/timit/s5/mfcc/raw_mfcc_train.5.ark:1433530
FRLL0_SX434 /home/sky/kaldi/egs/timit/s5/mfcc/raw_mfcc_train.3.ark:439879
FMJU0_SX129 /home/sky/kaldi/egs/timit/s5/mfcc/raw_mfcc_train.2.ark:1408945
MCSS0_SX120 /home/sky/kaldi/egs/timit/s5/mfcc/raw_mfcc_train.4.ark:1102982
MEJL0_SX62 /home/sky/kaldi/egs/timit/s5/mfcc/raw_mfcc_train.5.ark:1055614
FSRH0_SX311 /home/sky/kaldi/egs/timit/s5/mfcc/raw_mfcc_train.3.ark:1138599
MPSW0_SI1067 /home/sky/kaldi/egs/timit/s5/mfcc/raw_mfcc_train.8.ark:903067
FLEH0_SI1681 /home/sky/kaldi/egs/timit/s5/mfcc/raw_mfcc_train.2.ark:841185
MFXV0_SX375 /home/sky/kaldi/egs/timit/s5/mfcc/raw_mfcc_train.5.ark:1361191
MBTH0_SX122 /home/sky/kaldi/egs/timit/s5/mfcc/raw_mfcc_train.4.ark:635642
MJMA0_SX55 /home/sky/kaldi/egs/timit/s5/mfcc/raw_mfcc_train.6.ark:1284299
FMMH0_SI907 /home/sky/kaldi/egs/timit/s5/mfcc/raw_mfcc_train.2.ark:1506387
MNTW0_SI1698 /home/sky/kaldi/egs/timit/s5/mfcc/raw_mfcc_train.8.ark:464871
MCTH0_SX309 /home/sky/kaldi/egs/timit/s5/mfcc/raw_mfcc_train.4.ark:1141000
FCAJ0_SI1479 /home/sky/kaldi/egs/timit/s5/mfcc/raw_mfcc_train.1.ark:440021
FALR0_SI1325 /home/sky/kaldi/egs/timit/s5/mfcc/raw_mfcc_train.1.ark:101592
MTML0_SX255 /home/sky/kaldi/egs/timit/s5/mfcc/raw_mfcc_train.10.ark:629118
MSEM1_SI1440 /home/sky/kaldi/egs/timit/s5/mfcc/raw_mfcc_train.9.ark:1158377
MJWT0_SX301 /home/sky/kaldi/egs/timit/s5/mfcc/raw_mfcc_train.7.ark:278571
MDNS0_SX291 /home/sky/kaldi/egs/timit/s5/mfcc/raw_mfcc_train.5.ark:553248
FDML0_SX249 /home/sky/kaldi/egs/timit/s5/mfcc/raw_mfcc_train.1.ark:962202
MGRP0_SX57 /home/sky/kaldi/egs/timit/s5/mfcc/raw_mfcc_train.6.ark:181670
MRJH0_SX79 /home/sky/kaldi/egs/timit/s5/mfcc/raw_mfcc_train.9.ark:148405
MCTH0_SX39 /home/sky/kaldi/egs/timit/s5/mfcc/raw_mfcc_train.4.ark:1145231
MEJL0_SX242 /home/sky/kaldi/egs/timit/s5/mfcc/raw_mfcc_train.5.ark:1043933
FTBW0_SX445 /home/sky/kaldi/egs/timit/s5/mfcc/raw_mfcc_train.3.ark:1270550
MKAM0_SX146 /home/sky/kaldi/egs/timit/s5/mfcc/raw_mfcc_train.7.ark:465254
MSVS0_SX308 /home/sky/kaldi/egs/timit/s5/mfcc/raw_mfcc_train.10.ark:28980
FCLT0_SX268 /home/sky/kaldi/egs/timit/s5/mfcc/raw_mfcc_train.1.ark:637992
MVLO0_SX247 /home/sky/kaldi/egs/timit/s5/mfcc/raw_mfcc_train.10.ark:1086138
MVLO0_SX337 /home/sky/kaldi/egs/timit/s5/mfcc/raw_mfcc_train.10.ark:1090903
MREW1_SX420 /home/sky/kaldi/egs/timit/s5/mfcc/raw_mfcc_train.8.ark:1405586
FJLR0_SX241 /home/sky/kaldi/egs/timit/s5/mfcc/raw_mfcc_train.2.ark:208074
MDBP0_SI1788 /home/sky/kaldi/egs/timit/s5/mfcc/raw_mfcc_train.4.ark:1311885
MJAE0_SI1524 /home/sky/kaldi/egs/timit/s5/mfcc/raw_mfcc_train.6.ark:568882
FPJF0_SI1046 /home/sky/kaldi/egs/timit/s5/mfcc/raw_mfcc_train.3.ark:257279
FKFB0_SX348 /home/sky/kaldi/egs/timit/s5/mfcc/raw_mfcc_train.2.ark:585878
MTKP0_SX123 /home/sky/kaldi/egs/timit/s5/mfcc/raw_mfcc_train.10.ark:531452
MTBC0_SX363 /home/sky/kaldi/egs/timit/s5/mfcc/raw_mfcc_train.10.ark:200898
FDFB0_SX328 /home/sky/kaldi/egs/timit/s5/mfcc/raw_mfcc_train.1.ark:868280
MWSB0_SX366 /home/sky/kaldi/egs/timit/s5/mfcc/raw_mfcc_train.10.ark:1432641
MNET0_SI2076 /home/sky/kaldi/egs/timit/s5/mfcc/raw_mfcc_train.8.ark:434617
FCMM0_SX363 /home/sky/kaldi/egs/timit/s5/mfcc/raw_mfcc_train.1.ark:707183
MTBC0_SI543 /home/sky/kaldi/egs/timit/s5/mfcc/raw_mfcc_train.10.ark:182839
MRSP0_SX259 /home/sky/kaldi/egs/timit/s5/mfcc/raw_mfcc_train.9.ark:733291
FDML0_SX429 /home/sky/kaldi/egs/timit/s5/mfcc/raw_mfcc_train.1.ark:968352
MCTM0_SX360 /home/sky/kaldi/egs/timit/s5/mfcc/raw_mfcc_train.4.ark:1173362
MILB0_SI903 /home/sky/kaldi/egs/timit/s5/mfcc/raw_mfcc_train.6.ark:514692
FECD0_SX428 /home/sky/kaldi/egs/timit/s5/mfcc/raw_mfcc_train.1.ark:1217065
FNTB0_SI679 /home/sky/kaldi/egs/timit/s5/mfcc/raw_mfcc_train.3.ark:58273
MWSH0_SI2266 /home/sky/kaldi/egs/timit/s5/mfcc/raw_mfcc_train.10.ark:1449568
FJXP0_SI1752 /home/sky/kaldi/egs/timit/s5/mfcc/raw_mfcc_train.2.ark:434314
MJDE0_SX40 /home/sky/kaldi/egs/timit/s5/mfcc/raw_mfcc_train.6.ark:759426
MCSS0_SX300 /home/sky/kaldi/egs/timit/s5/mfcc/raw_mfcc_train.4.ark:1113714
MABC0_SX61 /home/sky/kaldi/egs/timit/s5/mfcc/raw_mfcc_train.3.ark:1459346
MBWP0_SI709 /home/sky/kaldi/egs/timit/s5/mfcc/raw_mfcc_train.4.ark:662641
FTBW0_SX175 /home/sky/kaldi/egs/timit/s5/mfcc/raw_mfcc_train.3.ark:1257750
FPAD0_SX86 /home/sky/kaldi/egs/timit/s5/mfcc/raw_mfcc_train.3.ark:186502
MPAR0_SX406 /home/sky/kaldi/egs/timit/s5/mfcc/raw_mfcc_train.8.ark:513961
MJPM0_SX18 /home/sky/kaldi/egs/timit/s5/mfcc/raw_mfcc_train.6.ark:1391887
FVFB0_SI1032 /home/sky/kaldi/egs/timit/s5/mfcc/raw_mfcc_train.3.ark:1342879
FHXS0_SX445 /home/sky/kaldi/egs/timit/s5/mfcc/raw_mfcc_train.2.ark:17448
MSRG0_SX321 /home/sky/kaldi/egs/timit/s5/mfcc/raw_mfcc_train.9.ark:1455750
MARW0_SX16 /home/sky/kaldi/egs/timit/s5/mfcc/raw_mfcc_train.4.ark:271810
FSMM0_SI1944 /home/sky/kaldi/egs/timit/s5/mfcc/raw_mfcc_train.3.ark:1022245
FJSK0_SI2312 /home/sky/kaldi/egs/timit/s5/mfcc/raw_mfcc_train.2.ark:307838
MSTF0_SX316 /home/sky/kaldi/egs/timit/s5/mfcc/raw_mfcc_train.9.ark:1522123
MKXL0_SX195 /home/sky/kaldi/egs/timit/s5/mfcc/raw_mfcc_train.7.ark:858175
MMWS0_SI888 /home/sky/kaldi/egs/timit/s5/mfcc/raw_mfcc_train.8.ark:348186
MAPV0_SX33 /home/sky/kaldi/egs/timit/s5/mfcc/raw_mfcc_train.4.ark:225027
MTRT0_SI597 /home/sky/kaldi/egs/timit/s5/mfcc/raw_mfcc_train.10.ark:953750
MPPC0_SX62 /home/sky/kaldi/egs/timit/s5/mfcc/raw_mfcc_train.8.ark:756686
MCTH0_SX129 /home/sky/kaldi/egs/timit/s5/mfcc/raw_mfcc_train.4.ark:1133160
MRJH0_SX169 /home/sky/kaldi/egs/timit/s5/mfcc/raw_mfcc_train.9.ark:130035
MHIT0_SX443 /home/sky/kaldi/egs/timit/s5/mfcc/raw_mfcc_train.6.ark:346042
FSJG0_SX400 /home/sky/kaldi/egs/timit/s5/mfcc/raw_mfcc_train.3.ark:754765
FSJS0_SI541 /home/sky/kaldi/egs/timit/s5/mfcc/raw_mfcc_train.3.ark:797277
MMWS1_SX27 /home/sky/kaldi/egs/timit/s5/mfcc/raw_mfcc_train.8.ark:385840
MTKP0_SX213 /home/sky/kaldi/egs/timit/s5/mfcc/raw_mfcc_train.10.ark:535385
MREM0_SX61 /home/sky/kaldi/egs/timit/s5/mfcc/raw_mfcc_train.8.ark:1380172
MJBG0_SX242 /home/sky/kaldi/egs/timit/s5/mfcc/raw_mfcc_train.6.ark:649665
FDMY0_SI567 /home/sky/kaldi/egs/timit/s5/mfcc/raw_mfcc_train.1.ark:980801
MDPB0_SX56 /home/sky/kaldi/egs/timit/s5/mfcc/raw_mfcc_train.5.ark:590154
MJRG0_SI736 /home/sky/kaldi/egs/timit/s5/mfcc/raw_mfcc_train.6.ark:1478599
MBMA1_SI954 /home/sky/kaldi/egs/timit/s5/mfcc/raw_mfcc_train.4.ark:512675
MCEW0_SI2072 /home/sky/kaldi/egs/timit/s5/mfcc/raw_mfcc_train.4.ark:894457
MAEB0_SX450 /home/sky/kaldi/egs/timit/s5/mfcc/raw_mfcc_train.4.ark:32153
MAFM0_SI1569 /home/sky/kaldi/egs/timit/s5/mfcc/raw_mfcc_train.4.ark:70692
FJXM0_SX41 /home/sky/kaldi/egs/timit/s5/mfcc/raw_mfcc_train.2.ark:424041
FKKH0_SI1290 /home/sky/kaldi/egs/timit/s5/mfcc/raw_mfcc_train.2.ark:602539
MJDM0_SI1340 /home/sky/kaldi/egs/timit/s5/mfcc/raw_mfcc_train.6.ark:800410
MABC0_SX241 /home/sky/kaldi/egs/timit/s5/mfcc/raw_mfcc_train.3.ark:1450135
MDWD0_SX90 /home/sky/kaldi/egs/timit/s5/mfcc/raw_mfcc_train.5.ark:832294
MCAE0_SX187 /home/sky/kaldi/egs/timit/s5/mfcc/raw_mfcc_train.4.ark:710623
MDTB0_SX300 /home/sky/kaldi/egs/timit/s5/mfcc/raw_mfcc_train.5.ark:794588
MRWA0_SX343 /home/sky/kaldi/egs/timit/s5/mfcc/raw_mfcc_train.9.ark:868810
MCRE0_SX41 /home/sky/kaldi/egs/timit/s5/mfcc/raw_mfcc_train.4.ark:1082608
MTAT0_SX120 /home/sky/kaldi/egs/timit/s5/mfcc/raw_mfcc_train.10.ark:123283
MMDS0_SX263 /home/sky/kaldi/egs/timit/s5/mfcc/raw_mfcc_train.7.ark:1459835
FJKL0_SX392 /home/sky/kaldi/egs/timit/s5/mfcc/raw_mfcc_train.2.ark:155680
FCLT0_SX358 /home/sky/kaldi/egs/timit/s5/mfcc/raw_mfcc_train.1.ark:642276
MMAB1_SI2124 /home/sky/kaldi/egs/timit/s5/mfcc/raw_mfcc_train.7.ark:1111246
MKAJ0_SI1414 /home/sky/kaldi/egs/timit/s5/mfcc/raw_mfcc_train.7.ark:421390
MJXL0_SX362 /home/sky/kaldi/egs/timit/s5/mfcc/raw_mfcc_train.7.ark:339772
FBJL0_SI922 /home/sky/kaldi/egs/timit/s5/mfcc/raw_mfcc_train.1.ark:282294
MFXS0_SX324 /home/sky/kaldi/egs/timit/s5/mfcc/raw_mfcc_train.5.ark:1320287
MJRG0_SI1366 /home/sky/kaldi/egs/timit/s5/mfcc/raw_mfcc_train.6.ark:1472266
MHMG0_SI1995 /home/sky/kaldi/egs/timit/s5/mfcc/raw_mfcc_train.6.ark:383003
MRDD0_SI1680 /home/sky/kaldi/egs/timit/s5/mfcc/raw_mfcc_train.8.ark:1195648
MRDM0_SI965 /home/sky/kaldi/egs/timit/s5/mfcc/raw_mfcc_train.8.ark:1230020
MKJO0_SI2147 /home/sky/kaldi/egs/timit/s5/mfcc/raw_mfcc_train.7.ark:621445
MSMR0_SX55 /home/sky/kaldi/egs/timit/s5/mfcc/raw_mfcc_train.9.ark:1401140
MDRD0_SX122 /home/sky/kaldi/egs/timit/s5/mfcc/raw_mfcc_train.5.ark:666985
FBCG1_SX442 /home/sky/kaldi/egs/timit/s5/mfcc/raw_mfcc_train.1.ark:230807
MMEB0_SI727 /home/sky/kaldi/egs/timit/s5/mfcc/raw_mfcc_train.7.ark:1508230
MKDB0_SI588 /home/sky/kaldi/egs/timit/s5/mfcc/raw_mfcc_train.7.ark:487773
MRGM0_SI1162 /home/sky/kaldi/egs/timit/s5/mfcc/raw_mfcc_train.8.ark:1479646
MEDR0_SX294 /home/sky/kaldi/egs/timit/s5/mfcc/raw_mfcc_train.5.ark:954729
MDNS0_SX21 /home/sky/kaldi/egs/timit/s5/mfcc/raw_mfcc_train.5.ark:550485
FLKM0_SI1880 /home/sky/kaldi/egs/timit/s5/mfcc/raw_mfcc_train.2.ark:1035287
FCAJ0_SX399 /home/sky/kaldi/egs/timit/s5/mfcc/raw_mfcc_train.1.ark:464887
MSMS0_SI2063 /home/sky/kaldi/egs/timit/s5/mfcc/raw_mfcc_train.9.ark:1410607
MMGC0_SX225 /home/sky/kaldi/egs/timit/s5/mfcc/raw_mfcc_train.8.ark:26698
FPMY0_SX253 /home/sky/kaldi/egs/timit/s5/mfcc/raw_mfcc_train.3.ark:343644
MEDR0_SX114 /home/sky/kaldi/egs/timit/s5/mfcc/raw_mfcc_train.5.ark:945206
FGCS0_SX406 /home/sky/kaldi/egs/timit/s5/mfcc/raw_mfcc_train.1.ark:1387508
FNTB0_SI573 /home/sky/kaldi/egs/timit/s5/mfcc/raw_mfcc_train.3.ark:54795
MDPK0_SX333 /home/sky/kaldi/egs/timit/s5/mfcc/raw_mfcc_train.5.ark:610998
MJJB0_SI1277 /home/sky/kaldi/egs/timit/s5/mfcc/raw_mfcc_train.6.ark:1033763
MKDT0_SI893 /home/sky/kaldi/egs/timit/s5/mfcc/raw_mfcc_train.7.ark:557430
FBMH0_SX236 /home/sky/kaldi/egs/timit/s5/mfcc/raw_mfcc_train.1.ark:360956
MAKR0_SX92 /home/sky/kaldi/egs/timit/s5/mfcc/raw_mfcc_train.4.ark:193777
FMBG0_SX80 /home/sky/kaldi/egs/timit/s5/mfcc/raw_mfcc_train.2.ark:1288677
MMRP0_SX324 /home/sky/kaldi/egs/timit/s5/mfcc/raw_mfcc_train.8.ark:210699
MDLR0_SX423 /home/sky/kaldi/egs/timit/s5/mfcc/raw_mfcc_train.5.ark:416793
FJRP1_SI2062 /home/sky/kaldi/egs/timit/s5/mfcc/raw_mfcc_train.2.ark:265302
MLEL0_SI616 /home/sky/kaldi/egs/timit/s5/mfcc/raw_mfcc_train.7.ark:906811
MPRK0_SX107 /home/sky/kaldi/egs/timit/s5/mfcc/raw_mfcc_train.8.ark:852029
MCRE0_SX24 /home/sky/kaldi/egs/timit/s5/mfcc/raw_mfcc_train.4.ark:1075484
MRLD0_SI1594 /home/sky/kaldi/egs/timit/s5/mfcc/raw_mfcc_train.9.ark:294487
MDTB0_SX321 /home/sky/kaldi/egs/timit/s5/mfcc/raw_mfcc_train.5.ark:797364
MWDK0_SX176 /home/sky/kaldi/egs/timit/s5/mfcc/raw_mfcc_train.10.ark:1265187
FTMG0_SX362 /home/sky/kaldi/egs/timit/s5/mfcc/raw_mfcc_train.3.ark:1330508
FTAJ0_SI1329 /home/sky/kaldi/egs/timit/s5/mfcc/raw_mfcc_train.3.ark:1187935
FSAK0_SI1300 /home/sky/kaldi/egs/timit/s5/mfcc/raw_mfcc_train.3.ark:519866
MRLJ0_SI1420 /home/sky/kaldi/egs/timit/s5/mfcc/raw_mfcc_train.9.ark:322286
FMEM0_SI2007 /home/sky/kaldi/egs/timit/s5/mfcc/raw_mfcc_train.2.ark:1296675
FSAK0_SX400 /home/sky/kaldi/egs/timit/s5/mfcc/raw_mfcc_train.3.ark:547865
MRDD0_SX150 /home/sky/kaldi/egs/timit/s5/mfcc/raw_mfcc_train.8.ark:1202891
FGMB0_SX155 /home/sky/kaldi/egs/timit/s5/mfcc/raw_mfcc_train.1.ark:1447037
MRTJ0_SX142 /home/sky/kaldi/egs/timit/s5/mfcc/raw_mfcc_train.9.ark:796506
MTPP0_SX338 /home/sky/kaldi/egs/timit/s5/mfcc/raw_mfcc_train.10.ark:791104
MRJB1_SI1413 /home/sky/kaldi/egs/timit/s5/mfcc/raw_mfcc_train.9.ark:81448
MDLR1_SI1299 /home/sky/kaldi/egs/timit/s5/mfcc/raw_mfcc_train.5.ark:425140
FEME0_SI875 /home/sky/kaldi/egs/timit/s5/mfcc/raw_mfcc_train.1.ark:1266590
MDKS0_SX256 /home/sky/kaldi/egs/timit/s5/mfcc/raw_mfcc_train.5.ark:177440
MLNS0_SI1407 /home/sky/kaldi/egs/timit/s5/mfcc/raw_mfcc_train.7.ark:1010928
MJEE0_SI1237 /home/sky/kaldi/egs/timit/s5/mfcc/raw_mfcc_train.6.ark:902670
MRBC0_SX149 /home/sky/kaldi/egs/timit/s5/mfcc/raw_mfcc_train.8.ark:1101293
MCDC0_SI1292 /home/sky/kaldi/egs/timit/s5/mfcc/raw_mfcc_train.4.ark:763948
FNKL0_SX196 /home/sky/kaldi/egs/timit/s5/mfcc/raw_mfcc_train.3.ark:37067
MMVP0_SI1914 /home/sky/kaldi/egs/timit/s5/mfcc/raw_mfcc_train.8.ark:264046
MGAR0_SX402 /home/sky/kaldi/egs/timit/s5/mfcc/raw_mfcc_train.6.ark:17227
MBTH0_SI757 /home/sky/kaldi/egs/timit/s5/mfcc/raw_mfcc_train.4.ark:632788
MDLC0_SX405 /home/sky/kaldi/egs/timit/s5/mfcc/raw_mfcc_train.5.ark:260534
MPRT0_SI495 /home/sky/kaldi/egs/timit/s5/mfcc/raw_mfcc_train.8.ark:879241
MTPP0_SI878 /home/sky/kaldi/egs/timit/s5/mfcc/raw_mfcc_train.10.ark:780852
MJDE0_SX310 /home/sky/kaldi/egs/timit/s5/mfcc/raw_mfcc_train.6.ark:754363
FNKL0_SX442 /home/sky/kaldi/egs/timit/s5/mfcc/raw_mfcc_train.3.ark:43061
MGSL0_SX444 /home/sky/kaldi/egs/timit/s5/mfcc/raw_mfcc_train.6.ark:246892
FPAB1_SX31 /home/sky/kaldi/egs/timit/s5/mfcc/raw_mfcc_train.3.ark:113295
MGJC0_SX165 /home/sky/kaldi/egs/timit/s5/mfcc/raw_mfcc_train.6.ark:95118
FBJL0_SX292 /home/sky/kaldi/egs/timit/s5/mfcc/raw_mfcc_train.1.ark:298402
FPAF0_SX154 /home/sky/kaldi/egs/timit/s5/mfcc/raw_mfcc_train.3.ark:203563
FMPG0_SX252 /home/sky/kaldi/egs/timit/s5/mfcc/raw_mfcc_train.3.ark:12
MMBS0_SX431 /home/sky/kaldi/egs/timit/s5/mfcc/raw_mfcc_train.7.ark:1276324
MRPC1_SI1482 /home/sky/kaldi/egs/timit/s5/mfcc/raw_mfcc_train.9.ark:606411
FBMH0_SI1766 /home/sky/kaldi/egs/timit/s5/mfcc/raw_mfcc_train.1.ark:348442
MDBP0_SX438 /home/sky/kaldi/egs/timit/s5/mfcc/raw_mfcc_train.4.ark:1335203
MJLS0_SI1726 /home/sky/kaldi/egs/timit/s5/mfcc/raw_mfcc_train.6.ark:1228535
FJHK0_SX302 /home/sky/kaldi/egs/timit/s5/mfcc/raw_mfcc_train.2.ark:118365
MMJB1_SX328 /home/sky/kaldi/egs/timit/s5/mfcc/raw_mfcc_train.8.ark:117422
MBWP0_SX349 /home/sky/kaldi/egs/timit/s5/mfcc/raw_mfcc_train.4.ark:675792
MDBB1_SX196 /home/sky/kaldi/egs/timit/s5/mfcc/raw_mfcc_train.4.ark:1297984
MAKR0_SX272 /home/sky/kaldi/egs/timit/s5/mfcc/raw_mfcc_train.4.ark:184319
FRJB0_SX347 /home/sky/kaldi/egs/timit/s5/mfcc/raw_mfcc_train.3.ark:400751
FMPG0_SI1602 /home/sky/kaldi/egs/timit/s5/mfcc/raw_mfcc_train.2.ark:1529359
FSMM0_SX54 /home/sky/kaldi/egs/timit/s5/mfcc/raw_mfcc_train.3.ark:1048832
MSMC0_SI647 /home/sky/kaldi/egs/timit/s5/mfcc/raw_mfcc_train.9.ark:1348828
MWEM0_SX150 /home/sky/kaldi/egs/timit/s5/mfcc/raw_mfcc_train.10.ark:1295002
MSAH1_SX59 /home/sky/kaldi/egs/timit/s5/mfcc/raw_mfcc_train.9.ark:967405
MDBP0_SX348 /home/sky/kaldi/egs/timit/s5/mfcc/raw_mfcc_train.4.ark:1330373
MGAG0_SX331 /home/sky/kaldi/egs/timit/s5/mfcc/raw_mfcc_train.5.ark:1413642
MNTW0_SX78 /home/sky/kaldi/egs/timit/s5/mfcc/raw_mfcc_train.8.ark:489288
MCDR0_SX74 /home/sky/kaldi/egs/timit/s5/mfcc/raw_mfcc_train.4.ark:856060
MRAB0_SI594 /home/sky/kaldi/egs/timit/s5/mfcc/raw_mfcc_train.8.ark:937953
FCLT0_SI1438 /home/sky/kaldi/egs/timit/s5/mfcc/raw_mfcc_train.1.ark:622103
MMAR0_SI1336 /home/sky/kaldi/egs/timit/s5/mfcc/raw_mfcc_train.7.ark:1208286
FAPB0_SX343 /home/sky/kaldi/egs/timit/s5/mfcc/raw_mfcc_train.1.ark:156585
MDAS0_SI636 /home/sky/kaldi/egs/timit/s5/mfcc/raw_mfcc_train.4.ark:1258558
MMSM0_SI1106 /home/sky/kaldi/egs/timit/s5/mfcc/raw_mfcc_train.8.ark:226515
MDPB0_SX326 /home/sky/kaldi/egs/timit/s5/mfcc/raw_mfcc_train.5.ark:583238
MPRB0_SX215 /home/sky/kaldi/egs/timit/s5/mfcc/raw_mfcc_train.8.ark:780799
MMLM0_SX87 /home/sky/kaldi/egs/timit/s5/mfcc/raw_mfcc_train.8.ark:155738
FCMM0_SI1957 /home/sky/kaldi/egs/timit/s5/mfcc/raw_mfcc_train.1.ark:691984
MTJM0_SI1856 /home/sky/kaldi/egs/timit/s5/mfcc/raw_mfcc_train.10.ark:383608
MRAV0_SX18 /home/sky/kaldi/egs/timit/s5/mfcc/raw_mfcc_train.8.ark:1076841
