MDLC2_SI2244 /home/sky/kaldi/egs/timit/s5/mfcc/raw_mfcc_train.5.ark:302175
MFER0_SI2122 /home/sky/kaldi/egs/timit/s5/mfcc/raw_mfcc_train.5.ark:1181956
MWSB0_SX6 /home/sky/kaldi/egs/timit/s5/mfcc/raw_mfcc_train.10.ark:1437079
MRWA0_SX73 /home/sky/kaldi/egs/timit/s5/mfcc/raw_mfcc_train.9.ark:878339
MGRP0_SX57 /home/sky/kaldi/egs/timit/s5/mfcc/raw_mfcc_train.6.ark:181670
MGJC0_SX345 /home/sky/kaldi/egs/timit/s5/mfcc/raw_mfcc_train.6.ark:104232
FBCH0_SX56 /home/sky/kaldi/egs/timit/s5/mfcc/raw_mfcc_train.1.ark:270792
FCDR1_SX106 /home/sky/kaldi/egs/timit/s5/mfcc/raw_mfcc_train.1.ark:488850
MCRE0_SI1725 /home/sky/kaldi/egs/timit/s5/mfcc/raw_mfcc_train.4.ark:1060350
MRDD0_SI1680 /home/sky/kaldi/egs/timit/s5/mfcc/raw_mfcc_train.8.ark:1195648
MRTJ0_SI772 /home/sky/kaldi/egs/timit/s5/mfcc/raw_mfcc_train.9.ark:789193
MJRK0_SX340 /home/sky/kaldi/egs/timit/s5/mfcc/raw_mfcc_train.7.ark:100967
MBJV0_SX437 /home/sky/kaldi/egs/timit/s5/mfcc/raw_mfcc_train.4.ark:467947
MTJG0_SX350 /home/sky/kaldi/egs/timit/s5/mfcc/raw_mfcc_train.10.ark:365639
MWGR0_SI2236 /home/sky/kaldi/egs/timit/s5/mfcc/raw_mfcc_train.10.ark:1322020
MTLC0_SX127 /home/sky/kaldi/egs/timit/s5/mfcc/raw_mfcc_train.10.ark:597034
MJDC0_SX171 /home/sky/kaldi/egs/timit/s5/mfcc/raw_mfcc_train.6.ark:709417
MEGJ0_SX257 /home/sky/kaldi/egs/timit/s5/mfcc/raw_mfcc_train.5.ark:1016097
MREE0_SX24 /home/sky/kaldi/egs/timit/s5/mfcc/raw_mfcc_train.8.ark:1304736
MRJM0_SX238 /home/sky/kaldi/egs/timit/s5/mfcc/raw_mfcc_train.9.ark:169126
FDMY0_SI714 /home/sky/kaldi/egs/timit/s5/mfcc/raw_mfcc_train.1.ark:989154
FCLT0_SX448 /home/sky/kaldi/egs/timit/s5/mfcc/raw_mfcc_train.1.ark:645715
MKLS1_SI1545 /home/sky/kaldi/egs/timit/s5/mfcc/raw_mfcc_train.7.ark:741436
MGSH0_SX186 /home/sky/kaldi/egs/timit/s5/mfcc/raw_mfcc_train.6.ark:204756
FSMA0_SX361 /home/sky/kaldi/egs/timit/s5/mfcc/raw_mfcc_train.3.ark:1005043
MRJH0_SI914 /home/sky/kaldi/egs/timit/s5/mfcc/raw_mfcc_train.9.ark:127181
FJLG0_SX89 /home/sky/kaldi/egs/timit/s5/mfcc/raw_mfcc_train.2.ark:188082
FLJD0_SX256 /home/sky/kaldi/egs/timit/s5/mfcc/raw_mfcc_train.2.ark:982383
MJAE0_SI1999 /home/sky/kaldi/egs/timit/s5/mfcc/raw_mfcc_train.6.ark:573206
MTAB0_SX132 /home/sky/kaldi/egs/timit/s5/mfcc/raw_mfcc_train.10.ark:59131
MJDC0_SX261 /home/sky/kaldi/egs/timit/s5/mfcc/raw_mfcc_train.6.ark:713844
MDWM0_SI916 /home/sky/kaldi/egs/timit/s5/mfcc/raw_mfcc_train.5.ark:880877
MABC0_SI781 /home/sky/kaldi/egs/timit/s5/mfcc/raw_mfcc_train.3.ark:1441125
FMAH1_SX249 /home/sky/kaldi/egs/timit/s5/mfcc/raw_mfcc_train.2.ark:1245103
FSAH0_SI1874 /home/sky/kaldi/egs/timit/s5/mfcc/raw_mfcc_train.3.ark:489774
MMLM0_SI2150 /home/sky/kaldi/egs/timit/s5/mfcc/raw_mfcc_train.8.ark:133298
FAJW0_SI1263 /home/sky/kaldi/egs/timit/s5/mfcc/raw_mfcc_train.1.ark:32804
MJMD0_SI1028 /home/sky/kaldi/egs/timit/s5/mfcc/raw_mfcc_train.6.ark:1288116
MDWH0_SI1168 /home/sky/kaldi/egs/timit/s5/mfcc/raw_mfcc_train.5.ark:835149
MRRE0_SX74 /home/sky/kaldi/egs/timit/s5/mfcc/raw_mfcc_train.9.ark:668020
MDSS1_SI697 /home/sky/kaldi/egs/timit/s5/mfcc/raw_mfcc_train.5.ark:754938
MEDR0_SI2004 /home/sky/kaldi/egs/timit/s5/mfcc/raw_mfcc_train.5.ark:934714
MSDB0_SX377 /home/sky/kaldi/egs/timit/s5/mfcc/raw_mfcc_train.9.ark:1083504
MWGR0_SI976 /home/sky/kaldi/egs/timit/s5/mfcc/raw_mfcc_train.10.ark:1325511
MMBS0_SX341 /home/sky/kaldi/egs/timit/s5/mfcc/raw_mfcc_train.7.ark:1271884
MRHL0_SX345 /home/sky/kaldi/egs/timit/s5/mfcc/raw_mfcc_train.9.ark:65546
FSAK0_SX130 /home/sky/kaldi/egs/timit/s5/mfcc/raw_mfcc_train.3.ark:532303
MHIT0_SX173 /home/sky/kaldi/egs/timit/s5/mfcc/raw_mfcc_train.6.ark:333944
MRVG0_SI1770 /home/sky/kaldi/egs/timit/s5/mfcc/raw_mfcc_train.9.ark:825513
MJEB1_SX117 /home/sky/kaldi/egs/timit/s5/mfcc/raw_mfcc_train.6.ark:885150
MGRP0_SI1947 /home/sky/kaldi/egs/timit/s5/mfcc/raw_mfcc_train.6.ark:155668
MMJB1_SX238 /home/sky/kaldi/egs/timit/s5/mfcc/raw_mfcc_train.8.ark:113203
MSAT0_SX266 /home/sky/kaldi/egs/timit/s5/mfcc/raw_mfcc_train.9.ark:1019733
FCLT0_SI808 /home/sky/kaldi/egs/timit/s5/mfcc/raw_mfcc_train.1.ark:627747
MDSS0_SX261 /home/sky/kaldi/egs/timit/s5/mfcc/raw_mfcc_train.5.ark:735486
FLEH0_SI1051 /home/sky/kaldi/egs/timit/s5/mfcc/raw_mfcc_train.2.ark:835496
MSMR0_SX145 /home/sky/kaldi/egs/timit/s5/mfcc/raw_mfcc_train.9.ark:1386904
FSJS0_SX181 /home/sky/kaldi/egs/timit/s5/mfcc/raw_mfcc_train.3.ark:802276
MWSH0_SX76 /home/sky/kaldi/egs/timit/s5/mfcc/raw_mfcc_train.10.ark:1476844
MCDR0_SX434 /home/sky/kaldi/egs/timit/s5/mfcc/raw_mfcc_train.4.ark:852609
FJLG0_SX179 /home/sky/kaldi/egs/timit/s5/mfcc/raw_mfcc_train.2.ark:170687
FJWB1_SX435 /home/sky/kaldi/egs/timit/s5/mfcc/raw_mfcc_train.2.ark:386304
MGSL0_SX174 /home/sky/kaldi/egs/timit/s5/mfcc/raw_mfcc_train.6.ark:234066
MPPC0_SX152 /home/sky/kaldi/egs/timit/s5/mfcc/raw_mfcc_train.8.ark:741033
MDKS0_SI2326 /home/sky/kaldi/egs/timit/s5/mfcc/raw_mfcc_train.5.ark:167377
FSKL0_SI1529 /home/sky/kaldi/egs/timit/s5/mfcc/raw_mfcc_train.3.ark:888628
FSMA0_SX451 /home/sky/kaldi/egs/timit/s5/mfcc/raw_mfcc_train.3.ark:1008586
MJMA0_SI865 /home/sky/kaldi/egs/timit/s5/mfcc/raw_mfcc_train.6.ark:1267521
MTAS0_SX35 /home/sky/kaldi/egs/timit/s5/mfcc/raw_mfcc_train.10.ark:101328
FBLV0_SX248 /home/sky/kaldi/egs/timit/s5/mfcc/raw_mfcc_train.1.ark:326566
FMJF0_SX174 /home/sky/kaldi/egs/timit/s5/mfcc/raw_mfcc_train.2.ark:1372579
MGAG0_SI1321 /home/sky/kaldi/egs/timit/s5/mfcc/raw_mfcc_train.5.ark:1394094
MADD0_SX448 /home/sky/kaldi/egs/timit/s5/mfcc/raw_mfcc_train.4.ark:12
MRJT0_SX58 /home/sky/kaldi/egs/timit/s5/mfcc/raw_mfcc_train.9.ark:248001
MTER0_SX77 /home/sky/kaldi/egs/timit/s5/mfcc/raw_mfcc_train.10.ark:342663
MJLG1_SX22 /home/sky/kaldi/egs/timit/s5/mfcc/raw_mfcc_train.6.ark:1213061
FMPG0_SI2232 /home/sky/kaldi/egs/timit/s5/mfcc/raw_mfcc_train.2.ark:1533631
FDKN0_SX361 /home/sky/kaldi/egs/timit/s5/mfcc/raw_mfcc_train.1.ark:933785
MWGR0_SX436 /home/sky/kaldi/egs/timit/s5/mfcc/raw_mfcc_train.10.ark:1343375
MSJK0_SX336 /home/sky/kaldi/egs/timit/s5/mfcc/raw_mfcc_train.9.ark:1326459
MJAC0_SI701 /home/sky/kaldi/egs/timit/s5/mfcc/raw_mfcc_train.6.ark:542528
FTBW0_SI715 /home/sky/kaldi/egs/timit/s5/mfcc/raw_mfcc_train.3.ark:1251672
FAPB0_SI1693 /home/sky/kaldi/egs/timit/s5/mfcc/raw_mfcc_train.1.ark:137498
FSJK1_SX125 /home/sky/kaldi/egs/timit/s5/mfcc/raw_mfcc_train.3.ark:772111
MDLC2_SX84 /home/sky/kaldi/egs/timit/s5/mfcc/raw_mfcc_train.5.ark:324199
MMDB0_SX447 /home/sky/kaldi/egs/timit/s5/mfcc/raw_mfcc_train.7.ark:1340216
MNTW0_SX258 /home/sky/kaldi/egs/timit/s5/mfcc/raw_mfcc_train.8.ark:479837
MTKD0_SI1817 /home/sky/kaldi/egs/timit/s5/mfcc/raw_mfcc_train.10.ark:482865
MDAC0_SI1837 /home/sky/kaldi/egs/timit/s5/mfcc/raw_mfcc_train.4.ark:1219754
FMBG0_SX260 /home/sky/kaldi/egs/timit/s5/mfcc/raw_mfcc_train.2.ark:1272155
FKDW0_SX397 /home/sky/kaldi/egs/timit/s5/mfcc/raw_mfcc_train.2.ark:560302
FMEM0_SI1377 /home/sky/kaldi/egs/timit/s5/mfcc/raw_mfcc_train.2.ark:1291532
MREH1_SX339 /home/sky/kaldi/egs/timit/s5/mfcc/raw_mfcc_train.8.ark:1338919
MKLS0_SX447 /home/sky/kaldi/egs/timit/s5/mfcc/raw_mfcc_train.7.ark:734220
FCEG0_SX348 /home/sky/kaldi/egs/timit/s5/mfcc/raw_mfcc_train.1.ark:525672
FSKP0_SX198 /home/sky/kaldi/egs/timit/s5/mfcc/raw_mfcc_train.3.ark:940512
MMEA0_SX308 /home/sky/kaldi/egs/timit/s5/mfcc/raw_mfcc_train.7.ark:1489669
FDFB0_SX238 /home/sky/kaldi/egs/timit/s5/mfcc/raw_mfcc_train.1.ark:865387
FPJF0_SX326 /home/sky/kaldi/egs/timit/s5/mfcc/raw_mfcc_train.3.ark:276426
MMDB0_SX87 /home/sky/kaldi/egs/timit/s5/mfcc/raw_mfcc_train.7.ark:1342835
MJRH0_SI1755 /home/sky/kaldi/egs/timit/s5/mfcc/raw_mfcc_train.7.ark:20601
MTMT0_SI488 /home/sky/kaldi/egs/timit/s5/mfcc/raw_mfcc_train.10.ark:687822
MNTW0_SX168 /home/sky/kaldi/egs/timit/s5/mfcc/raw_mfcc_train.8.ark:473908
MWGR0_SX166 /home/sky/kaldi/egs/timit/s5/mfcc/raw_mfcc_train.10.ark:1330458
MRWA0_SI1603 /home/sky/kaldi/egs/timit/s5/mfcc/raw_mfcc_train.9.ark:850496
MBEF0_SX21 /home/sky/kaldi/egs/timit/s5/mfcc/raw_mfcc_train.4.ark:402929
MAFM0_SX399 /home/sky/kaldi/egs/timit/s5/mfcc/raw_mfcc_train.4.ark:94362
MKLW0_SX311 /home/sky/kaldi/egs/timit/s5/mfcc/raw_mfcc_train.7.ark:791554
MMDS0_SX83 /home/sky/kaldi/egs/timit/s5/mfcc/raw_mfcc_train.7.ark:1469124
MJJJ0_SX353 /home/sky/kaldi/egs/timit/s5/mfcc/raw_mfcc_train.6.ark:1086863
MWDK0_SX446 /home/sky/kaldi/egs/timit/s5/mfcc/raw_mfcc_train.10.ark:1277519
MEJS0_SX430 /home/sky/kaldi/egs/timit/s5/mfcc/raw_mfcc_train.5.ark:1084382
MRLR0_SI1826 /home/sky/kaldi/egs/timit/s5/mfcc/raw_mfcc_train.9.ark:418224
FJLG0_SX269 /home/sky/kaldi/egs/timit/s5/mfcc/raw_mfcc_train.2.ark:174919
MCDR0_SI1784 /home/sky/kaldi/egs/timit/s5/mfcc/raw_mfcc_train.4.ark:828563
FCEG0_SI618 /home/sky/kaldi/egs/timit/s5/mfcc/raw_mfcc_train.1.ark:516395
MTJU0_SI2020 /home/sky/kaldi/egs/timit/s5/mfcc/raw_mfcc_train.10.ark:448519
MCRE0_SX24 /home/sky/kaldi/egs/timit/s5/mfcc/raw_mfcc_train.4.ark:1075484
MTDB0_SX231 /home/sky/kaldi/egs/timit/s5/mfcc/raw_mfcc_train.10.ark:259641
MRMG0_SX90 /home/sky/kaldi/egs/timit/s5/mfcc/raw_mfcc_train.9.ark:502724
FALR0_SX425 /home/sky/kaldi/egs/timit/s5/mfcc/raw_mfcc_train.1.ark:125958
MMDM1_SX333 /home/sky/kaldi/egs/timit/s5/mfcc/raw_mfcc_train.7.ark:1432121
MGAF0_SX112 /home/sky/kaldi/egs/timit/s5/mfcc/raw_mfcc_train.5.ark:1378771
FSGF0_SX117 /home/sky/kaldi/egs/timit/s5/mfcc/raw_mfcc_train.3.ark:700432
MJJM0_SX107 /home/sky/kaldi/egs/timit/s5/mfcc/raw_mfcc_train.6.ark:1113829
MBJV0_SI617 /home/sky/kaldi/egs/timit/s5/mfcc/raw_mfcc_train.4.ark:452254
FPAF0_SX244 /home/sky/kaldi/egs/timit/s5/mfcc/raw_mfcc_train.3.ark:207223
MRMG0_SX180 /home/sky/kaldi/egs/timit/s5/mfcc/raw_mfcc_train.9.ark:486109
MGRL0_SX417 /home/sky/kaldi/egs/timit/s5/mfcc/raw_mfcc_train.6.ark:143257
MJKR0_SX391 /home/sky/kaldi/egs/timit/s5/mfcc/raw_mfcc_train.6.ark:1161142
MCDD0_SI1513 /home/sky/kaldi/egs/timit/s5/mfcc/raw_mfcc_train.4.ark:794464
MRDS0_SX447 /home/sky/kaldi/egs/timit/s5/mfcc/raw_mfcc_train.8.ark:1275735
FBLV0_SI1688 /home/sky/kaldi/egs/timit/s5/mfcc/raw_mfcc_train.1.ark:311854
MRGM0_SI1162 /home/sky/kaldi/egs/timit/s5/mfcc/raw_mfcc_train.8.ark:1479646
MDEF0_SX33 /home/sky/kaldi/egs/timit/s5/mfcc/raw_mfcc_train.5.ark:23105
MPRK0_SX107 /home/sky/kaldi/egs/timit/s5/mfcc/raw_mfcc_train.8.ark:852029
MRVG0_SX240 /home/sky/kaldi/egs/timit/s5/mfcc/raw_mfcc_train.9.ark:834881
MJFH0_SX207 /home/sky/kaldi/egs/timit/s5/mfcc/raw_mfcc_train.6.ark:949712
FGRW0_SX432 /home/sky/kaldi/egs/timit/s5/mfcc/raw_mfcc_train.1.ark:1498674
FPMY0_SX73 /home/sky/kaldi/egs/timit/s5/mfcc/raw_mfcc_train.3.ark:352055
FPAB1_SI2101 /home/sky/kaldi/egs/timit/s5/mfcc/raw_mfcc_train.3.ark:86546
MJLB0_SI1616 /home/sky/kaldi/egs/timit/s5/mfcc/raw_mfcc_train.6.ark:1164361
FCKE0_SX31 /home/sky/kaldi/egs/timit/s5/mfcc/raw_mfcc_train.1.ark:617330
MBMA1_SI2214 /home/sky/kaldi/egs/timit/s5/mfcc/raw_mfcc_train.4.ark:508573
MJRA0_SX66 /home/sky/kaldi/egs/timit/s5/mfcc/raw_mfcc_train.6.ark:1469125
MDAS0_SI636 /home/sky/kaldi/egs/timit/s5/mfcc/raw_mfcc_train.4.ark:1258558
FVKB0_SX169 /home/sky/kaldi/egs/timit/s5/mfcc/raw_mfcc_train.3.ark:1382141
FKLC0_SX355 /home/sky/kaldi/egs/timit/s5/mfcc/raw_mfcc_train.2.ark:660209
MDED0_SX90 /home/sky/kaldi/egs/timit/s5/mfcc/raw_mfcc_train.4.ark:1468661
MDDC0_SX249 /home/sky/kaldi/egs/timit/s5/mfcc/raw_mfcc_train.4.ark:1424202
FMEM0_SI2007 /home/sky/kaldi/egs/timit/s5/mfcc/raw_mfcc_train.2.ark:1296675
MREE0_SX384 /home/sky/kaldi/egs/timit/s5/mfcc/raw_mfcc_train.8.ark:1311432
MMEA0_SX128 /home/sky/kaldi/egs/timit/s5/mfcc/raw_mfcc_train.7.ark:1483519
MJPM1_SI761 /home/sky/kaldi/egs/timit/s5/mfcc/raw_mfcc_train.6.ark:1412536
MKAM0_SX236 /home/sky/kaldi/egs/timit/s5/mfcc/raw_mfcc_train.7.ark:468615
MVJH0_SI2186 /home/sky/kaldi/egs/timit/s5/mfcc/raw_mfcc_train.10.ark:1045383
MRJM1_SI1298 /home/sky/kaldi/egs/timit/s5/mfcc/raw_mfcc_train.9.ark:186821
MTWH1_SI882 /home/sky/kaldi/egs/timit/s5/mfcc/raw_mfcc_train.10.ark:980262
MEFG0_SI465 /home/sky/kaldi/egs/timit/s5/mfcc/raw_mfcc_train.5.ark:960086
FSMS1_SI1504 /home/sky/kaldi/egs/timit/s5/mfcc/raw_mfcc_train.3.ark:1053481
MDKS0_SX76 /home/sky/kaldi/egs/timit/s5/mfcc/raw_mfcc_train.5.ark:189797
MBWP0_SX169 /home/sky/kaldi/egs/timit/s5/mfcc/raw_mfcc_train.4.ark:666990
MFMC0_SX232 /home/sky/kaldi/egs/timit/s5/mfcc/raw_mfcc_train.5.ark:1224336
MJWT0_SX121 /home/sky/kaldi/egs/timit/s5/mfcc/raw_mfcc_train.7.ark:270172
MJPM0_SI1368 /home/sky/kaldi/egs/timit/s5/mfcc/raw_mfcc_train.6.ark:1373984
MTLC0_SX397 /home/sky/kaldi/egs/timit/s5/mfcc/raw_mfcc_train.10.ark:607461
MDWD0_SX360 /home/sky/kaldi/egs/timit/s5/mfcc/raw_mfcc_train.5.ark:824390
MRSP0_SI2059 /home/sky/kaldi/egs/timit/s5/mfcc/raw_mfcc_train.9.ark:718040
MRWA0_SI973 /home/sky/kaldi/egs/timit/s5/mfcc/raw_mfcc_train.9.ark:858363
MJJJ0_SX83 /home/sky/kaldi/egs/timit/s5/mfcc/raw_mfcc_train.6.ark:1094780
MSFV0_SI1262 /home/sky/kaldi/egs/timit/s5/mfcc/raw_mfcc_train.9.ark:1268906
MDEM0_SI800 /home/sky/kaldi/egs/timit/s5/mfcc/raw_mfcc_train.5.ark:39085
FDFB0_SX328 /home/sky/kaldi/egs/timit/s5/mfcc/raw_mfcc_train.1.ark:868280
FALK0_SX276 /home/sky/kaldi/egs/timit/s5/mfcc/raw_mfcc_train.1.ark:85784
MMEA0_SX38 /home/sky/kaldi/egs/timit/s5/mfcc/raw_mfcc_train.7.ark:1492951
MTJS0_SX202 /home/sky/kaldi/egs/timit/s5/mfcc/raw_mfcc_train.10.ark:432293
FTMG0_SX92 /home/sky/kaldi/egs/timit/s5/mfcc/raw_mfcc_train.3.ark:1339257
FBJL0_SX22 /home/sky/kaldi/egs/timit/s5/mfcc/raw_mfcc_train.1.ark:294469
MSAT0_SX446 /home/sky/kaldi/egs/timit/s5/mfcc/raw_mfcc_train.9.ark:1025493
FMKC0_SX172 /home/sky/kaldi/egs/timit/s5/mfcc/raw_mfcc_train.2.ark:1441048
MMGC0_SX135 /home/sky/kaldi/egs/timit/s5/mfcc/raw_mfcc_train.8.ark:22895
MLBC0_SX159 /home/sky/kaldi/egs/timit/s5/mfcc/raw_mfcc_train.7.ark:881450
FPAZ0_SX27 /home/sky/kaldi/egs/timit/s5/mfcc/raw_mfcc_train.3.ark:246169
FSMS1_SX244 /home/sky/kaldi/egs/timit/s5/mfcc/raw_mfcc_train.3.ark:1069201
FEME0_SX65 /home/sky/kaldi/egs/timit/s5/mfcc/raw_mfcc_train.1.ark:1291376
MRJM0_SI1095 /home/sky/kaldi/egs/timit/s5/mfcc/raw_mfcc_train.9.ark:153288
MRGS0_SI1986 /home/sky/kaldi/egs/timit/s5/mfcc/raw_mfcc_train.9.ark:17038
FLTM0_SX440 /home/sky/kaldi/egs/timit/s5/mfcc/raw_mfcc_train.2.ark:1219931
MPMB0_SI1501 /home/sky/kaldi/egs/timit/s5/mfcc/raw_mfcc_train.8.ark:673354
MSFH0_SX226 /home/sky/kaldi/egs/timit/s5/mfcc/raw_mfcc_train.9.ark:1250808
FJRP1_SX82 /home/sky/kaldi/egs/timit/s5/mfcc/raw_mfcc_train.2.ark:293501
MHMG0_SI1365 /home/sky/kaldi/egs/timit/s5/mfcc/raw_mfcc_train.6.ark:379342
MTMN0_SI1064 /home/sky/kaldi/egs/timit/s5/mfcc/raw_mfcc_train.10.ark:645825
FBJL0_SX292 /home/sky/kaldi/egs/timit/s5/mfcc/raw_mfcc_train.1.ark:298402
MMGK0_SI692 /home/sky/kaldi/egs/timit/s5/mfcc/raw_mfcc_train.8.ark:78786
MVRW0_SX225 /home/sky/kaldi/egs/timit/s5/mfcc/raw_mfcc_train.10.ark:1117967
MWAD0_SI2322 /home/sky/kaldi/egs/timit/s5/mfcc/raw_mfcc_train.10.ark:1174852
MCAL0_SX328 /home/sky/kaldi/egs/timit/s5/mfcc/raw_mfcc_train.4.ark:749120
MJJB0_SX149 /home/sky/kaldi/egs/timit/s5/mfcc/raw_mfcc_train.6.ark:1040291
MREW1_SX150 /home/sky/kaldi/egs/timit/s5/mfcc/raw_mfcc_train.8.ark:1394034
MBCG0_SX57 /home/sky/kaldi/egs/timit/s5/mfcc/raw_mfcc_train.4.ark:380825
MWAR0_SX55 /home/sky/kaldi/egs/timit/s5/mfcc/raw_mfcc_train.10.ark:1220496
FBJL0_SI2182 /home/sky/kaldi/egs/timit/s5/mfcc/raw_mfcc_train.1.ark:278959
MMAM0_SI1668 /home/sky/kaldi/egs/timit/s5/mfcc/raw_mfcc_train.7.ark:1185226
MTML0_SX255 /home/sky/kaldi/egs/timit/s5/mfcc/raw_mfcc_train.10.ark:629118
FETB0_SX338 /home/sky/kaldi/egs/timit/s5/mfcc/raw_mfcc_train.1.ark:1314092
FBLV0_SX158 /home/sky/kaldi/egs/timit/s5/mfcc/raw_mfcc_train.1.ark:323517
FDXW0_SI2141 /home/sky/kaldi/egs/timit/s5/mfcc/raw_mfcc_train.1.ark:1095413
MRJB1_SI1020 /home/sky/kaldi/egs/timit/s5/mfcc/raw_mfcc_train.9.ark:76643
FRJB0_SX347 /home/sky/kaldi/egs/timit/s5/mfcc/raw_mfcc_train.3.ark:400751
MPRD0_SX171 /home/sky/kaldi/egs/timit/s5/mfcc/raw_mfcc_train.8.ark:813375
MTKP0_SX123 /home/sky/kaldi/egs/timit/s5/mfcc/raw_mfcc_train.10.ark:531452
MPRD0_SI801 /home/sky/kaldi/egs/timit/s5/mfcc/raw_mfcc_train.8.ark:806088
FJXP0_SX132 /home/sky/kaldi/egs/timit/s5/mfcc/raw_mfcc_train.2.ark:442323
MRFL0_SX256 /home/sky/kaldi/egs/timit/s5/mfcc/raw_mfcc_train.8.ark:1463433
FSCN0_SX86 /home/sky/kaldi/egs/timit/s5/mfcc/raw_mfcc_train.3.ark:622495
FAEM0_SI1392 /home/sky/kaldi/egs/timit/s5/mfcc/raw_mfcc_train.1.ark:13
FCJS0_SI2237 /home/sky/kaldi/egs/timit/s5/mfcc/raw_mfcc_train.1.ark:565161
FSAG0_SX153 /home/sky/kaldi/egs/timit/s5/mfcc/raw_mfcc_train.3.ark:457361
MMAG0_SX46 /home/sky/kaldi/egs/timit/s5/mfcc/raw_mfcc_train.7.ark:1176890
MPSW0_SX167 /home/sky/kaldi/egs/timit/s5/mfcc/raw_mfcc_train.8.ark:912346
MKAH0_SX178 /home/sky/kaldi/egs/timit/s5/mfcc/raw_mfcc_train.7.ark:399476
MMAR0_SI706 /home/sky/kaldi/egs/timit/s5/mfcc/raw_mfcc_train.7.ark:1219650
MMWS0_SX78 /home/sky/kaldi/egs/timit/s5/mfcc/raw_mfcc_train.8.ark:369124
MJDM0_SX440 /home/sky/kaldi/egs/timit/s5/mfcc/raw_mfcc_train.6.ark:827779
MWCH0_SX272 /home/sky/kaldi/egs/timit/s5/mfcc/raw_mfcc_train.10.ark:1237304
MKLR0_SX249 /home/sky/kaldi/egs/timit/s5/mfcc/raw_mfcc_train.7.ark:691963
MKLS1_SI915 /home/sky/kaldi/egs/timit/s5/mfcc/raw_mfcc_train.7.ark:748822
MBWP0_SI709 /home/sky/kaldi/egs/timit/s5/mfcc/raw_mfcc_train.4.ark:662641
MRMH0_SI1349 /home/sky/kaldi/egs/timit/s5/mfcc/raw_mfcc_train.9.ark:510852
MTJU0_SX130 /home/sky/kaldi/egs/timit/s5/mfcc/raw_mfcc_train.10.ark:460358
FJWB1_SX165 /home/sky/kaldi/egs/timit/s5/mfcc/raw_mfcc_train.2.ark:375831
MTDB0_SX141 /home/sky/kaldi/egs/timit/s5/mfcc/raw_mfcc_train.10.ark:255188
FCEG0_SX78 /home/sky/kaldi/egs/timit/s5/mfcc/raw_mfcc_train.1.ark:534512
MHMR0_SX399 /home/sky/kaldi/egs/timit/s5/mfcc/raw_mfcc_train.6.ark:439326
MCLM0_SX286 /home/sky/kaldi/egs/timit/s5/mfcc/raw_mfcc_train.4.ark:1018020
MRLR0_SX116 /home/sky/kaldi/egs/timit/s5/mfcc/raw_mfcc_train.9.ark:426155
MMAA0_SX215 /home/sky/kaldi/egs/timit/s5/mfcc/raw_mfcc_train.7.ark:1093790
FLJD0_SX166 /home/sky/kaldi/egs/timit/s5/mfcc/raw_mfcc_train.2.ark:977046
MPRT0_SI580 /home/sky/kaldi/egs/timit/s5/mfcc/raw_mfcc_train.8.ark:881614
MMJB1_SX58 /home/sky/kaldi/egs/timit/s5/mfcc/raw_mfcc_train.8.ark:126678
MDDC0_SI789 /home/sky/kaldi/egs/timit/s5/mfcc/raw_mfcc_train.4.ark:1415608
FEEH0_SX392 /home/sky/kaldi/egs/timit/s5/mfcc/raw_mfcc_train.1.ark:1254971
MTBC0_SI543 /home/sky/kaldi/egs/timit/s5/mfcc/raw_mfcc_train.10.ark:182839
MPRK0_SI1727 /home/sky/kaldi/egs/timit/s5/mfcc/raw_mfcc_train.8.ark:842837
MVLO0_SI517 /home/sky/kaldi/egs/timit/s5/mfcc/raw_mfcc_train.10.ark:1077180
MTXS0_SI1060 /home/sky/kaldi/egs/timit/s5/mfcc/raw_mfcc_train.10.ark:1001442
MDLR1_SI1299 /home/sky/kaldi/egs/timit/s5/mfcc/raw_mfcc_train.5.ark:425140
MREM0_SI511 /home/sky/kaldi/egs/timit/s5/mfcc/raw_mfcc_train.8.ark:1355821
MBOM0_SX384 /home/sky/kaldi/egs/timit/s5/mfcc/raw_mfcc_train.4.ark:595414
FGRW0_SX72 /home/sky/kaldi/egs/timit/s5/mfcc/raw_mfcc_train.1.ark:1504569
FCJF0_SI1027 /home/sky/kaldi/egs/timit/s5/mfcc/raw_mfcc_train.1.ark:537185
FJKL0_SI932 /home/sky/kaldi/egs/timit/s5/mfcc/raw_mfcc_train.2.ark:132870
MLSH0_SX247 /home/sky/kaldi/egs/timit/s5/mfcc/raw_mfcc_train.7.ark:1056943
FCDR1_SI556 /home/sky/kaldi/egs/timit/s5/mfcc/raw_mfcc_train.1.ark:482135
MRAB0_SX234 /home/sky/kaldi/egs/timit/s5/mfcc/raw_mfcc_train.8.ark:944142
MRMS0_SI2057 /home/sky/kaldi/egs/timit/s5/mfcc/raw_mfcc_train.9.ark:582012
MJEB1_SI1467 /home/sky/kaldi/egs/timit/s5/mfcc/raw_mfcc_train.6.ark:867578
MSDB0_SX107 /home/sky/kaldi/egs/timit/s5/mfcc/raw_mfcc_train.9.ark:1073415
MMWS1_SX261 /home/sky/kaldi/egs/timit/s5/mfcc/raw_mfcc_train.8.ark:383247
MRMB0_SX51 /home/sky/kaldi/egs/timit/s5/mfcc/raw_mfcc_train.9.ark:470244
MAFM0_SX39 /home/sky/kaldi/egs/timit/s5/mfcc/raw_mfcc_train.4.ark:91144
MCHL0_SX447 /home/sky/kaldi/egs/timit/s5/mfcc/raw_mfcc_train.4.ark:957288
MHXL0_SI612 /home/sky/kaldi/egs/timit/s5/mfcc/raw_mfcc_train.6.ark:480836
MNTW0_SX78 /home/sky/kaldi/egs/timit/s5/mfcc/raw_mfcc_train.8.ark:489288
FLAC0_SI2161 /home/sky/kaldi/egs/timit/s5/mfcc/raw_mfcc_train.2.ark:774823
MTMN0_SI2324 /home/sky/kaldi/egs/timit/s5/mfcc/raw_mfcc_train.10.ark:650396
MDPS0_SX449 /home/sky/kaldi/egs/timit/s5/mfcc/raw_mfcc_train.5.ark:644940
MNTW0_SI1068 /home/sky/kaldi/egs/timit/s5/mfcc/raw_mfcc_train.8.ark:457830
MJWS0_SX243 /home/sky/kaldi/egs/timit/s5/mfcc/raw_mfcc_train.7.ark:234866
MSMC0_SX197 /home/sky/kaldi/egs/timit/s5/mfcc/raw_mfcc_train.9.ark:1361016
MTLB0_SX144 /home/sky/kaldi/egs/timit/s5/mfcc/raw_mfcc_train.10.ark:560551
FKDE0_SX151 /home/sky/kaldi/egs/timit/s5/mfcc/raw_mfcc_train.2.ark:511286
MAEO0_SX156 /home/sky/kaldi/egs/timit/s5/mfcc/raw_mfcc_train.4.ark:51456
MDPB0_SX236 /home/sky/kaldi/egs/timit/s5/mfcc/raw_mfcc_train.5.ark:579513
MDMT0_SI1832 /home/sky/kaldi/egs/timit/s5/mfcc/raw_mfcc_train.5.ark:497938
MAEB0_SX450 /home/sky/kaldi/egs/timit/s5/mfcc/raw_mfcc_train.4.ark:32153
MGES0_SI851 /home/sky/kaldi/egs/timit/s5/mfcc/raw_mfcc_train.6.ark:59173
MCAE0_SI1447 /home/sky/kaldi/egs/timit/s5/mfcc/raw_mfcc_train.4.ark:690464
MBBR0_SI1685 /home/sky/kaldi/egs/timit/s5/mfcc/raw_mfcc_train.4.ark:329494
MJAI0_SX434 /home/sky/kaldi/egs/timit/s5/mfcc/raw_mfcc_train.6.ark:628769
MMJB1_SX418 /home/sky/kaldi/egs/timit/s5/mfcc/raw_mfcc_train.8.ark:122187
FLJD0_SX436 /home/sky/kaldi/egs/timit/s5/mfcc/raw_mfcc_train.2.ark:990340
MJKR0_SX301 /home/sky/kaldi/egs/timit/s5/mfcc/raw_mfcc_train.6.ark:1153433
MTMT0_SI1118 /home/sky/kaldi/egs/timit/s5/mfcc/raw_mfcc_train.10.ark:680644
MRTC0_SX18 /home/sky/kaldi/egs/timit/s5/mfcc/raw_mfcc_train.9.ark:764592
FSMM0_SX54 /home/sky/kaldi/egs/timit/s5/mfcc/raw_mfcc_train.3.ark:1048832
FLKM0_SI686 /home/sky/kaldi/egs/timit/s5/mfcc/raw_mfcc_train.2.ark:1046611
MRAV0_SI1638 /home/sky/kaldi/egs/timit/s5/mfcc/raw_mfcc_train.8.ark:1063937
FTBR0_SI1402 /home/sky/kaldi/egs/timit/s5/mfcc/raw_mfcc_train.3.ark:1213315
FLAG0_SX114 /home/sky/kaldi/egs/timit/s5/mfcc/raw_mfcc_train.2.ark:814193
FJSK0_SX152 /home/sky/kaldi/egs/timit/s5/mfcc/raw_mfcc_train.2.ark:310393
MPAR0_SX316 /home/sky/kaldi/egs/timit/s5/mfcc/raw_mfcc_train.8.ark:510990
MMPM0_SX341 /home/sky/kaldi/egs/timit/s5/mfcc/raw_mfcc_train.8.ark:179898
MJMA0_SX55 /home/sky/kaldi/egs/timit/s5/mfcc/raw_mfcc_train.6.ark:1284299
FLKM0_SI620 /home/sky/kaldi/egs/timit/s5/mfcc/raw_mfcc_train.2.ark:1039545
MKLR0_SX159 /home/sky/kaldi/egs/timit/s5/mfcc/raw_mfcc_train.7.ark:688030
MTPP0_SX158 /home/sky/kaldi/egs/timit/s5/mfcc/raw_mfcc_train.10.ark:784252
MFMC0_SX322 /home/sky/kaldi/egs/timit/s5/mfcc/raw_mfcc_train.5.ark:1229335
MDKS0_SX436 /home/sky/kaldi/egs/timit/s5/mfcc/raw_mfcc_train.5.ark:186801
MDKS0_SX346 /home/sky/kaldi/egs/timit/s5/mfcc/raw_mfcc_train.5.ark:181334
FPJF0_SI1259 /home/sky/kaldi/egs/timit/s5/mfcc/raw_mfcc_train.3.ark:260797
MJDG0_SX412 /home/sky/kaldi/egs/timit/s5/mfcc/raw_mfcc_train.6.ark:793025
MAEO0_SX336 /home/sky/kaldi/egs/timit/s5/mfcc/raw_mfcc_train.4.ark:57853
FCKE0_SX211 /home/sky/kaldi/egs/timit/s5/mfcc/raw_mfcc_train.1.ark:610232
MSRR0_SI1131 /home/sky/kaldi/egs/timit/s5/mfcc/raw_mfcc_train.9.ark:1467341
FSJW0_SI703 /home/sky/kaldi/egs/timit/s5/mfcc/raw_mfcc_train.3.ark:835177
FLJG0_SI981 /home/sky/kaldi/egs/timit/s5/mfcc/raw_mfcc_train.2.ark:1004370
MREE0_SI1959 /home/sky/kaldi/egs/timit/s5/mfcc/raw_mfcc_train.8.ark:1292119
FVKB0_SI1789 /home/sky/kaldi/egs/timit/s5/mfcc/raw_mfcc_train.3.ark:1375029
MPGR0_SX240 /home/sky/kaldi/egs/timit/s5/mfcc/raw_mfcc_train.8.ark:625103
FMJU0_SI1389 /home/sky/kaldi/egs/timit/s5/mfcc/raw_mfcc_train.2.ark:1395559
MZMB0_SX446 /home/sky/kaldi/egs/timit/s5/mfcc/raw_mfcc_train.10.ark:1506977
FMEM0_SX387 /home/sky/kaldi/egs/timit/s5/mfcc/raw_mfcc_train.2.ark:1322964
FLMA0_SI1873 /home/sky/kaldi/egs/timit/s5/mfcc/raw_mfcc_train.2.ark:1074663
FVFB0_SX402 /home/sky/kaldi/egs/timit/s5/mfcc/raw_mfcc_train.3.ark:1366206
MJFR0_SX75 /home/sky/kaldi/egs/timit/s5/mfcc/raw_mfcc_train.6.ark:992546
MJRP0_SX225 /home/sky/kaldi/egs/timit/s5/mfcc/raw_mfcc_train.7.ark:127355
FDNC0_SI1278 /home/sky/kaldi/egs/timit/s5/mfcc/raw_mfcc_train.1.ark:1020396
MDBP0_SX348 /home/sky/kaldi/egs/timit/s5/mfcc/raw_mfcc_train.4.ark:1330373
FCJF0_SX217 /home/sky/kaldi/egs/timit/s5/mfcc/raw_mfcc_train.1.ark:552047
MSEM1_SX270 /home/sky/kaldi/egs/timit/s5/mfcc/raw_mfcc_train.9.ark:1184042
MTMN0_SI582 /home/sky/kaldi/egs/timit/s5/mfcc/raw_mfcc_train.10.ark:655733
MMBS0_SI1151 /home/sky/kaldi/egs/timit/s5/mfcc/raw_mfcc_train.7.ark:1248799
MJAI0_SI1604 /home/sky/kaldi/egs/timit/s5/mfcc/raw_mfcc_train.6.ark:603156
MGRL0_SX147 /home/sky/kaldi/egs/timit/s5/mfcc/raw_mfcc_train.6.ark:130899
MVLO0_SI1147 /home/sky/kaldi/egs/timit/s5/mfcc/raw_mfcc_train.10.ark:1070158
MDDC0_SX159 /home/sky/kaldi/egs/timit/s5/mfcc/raw_mfcc_train.4.ark:1420243
MLBC0_SI609 /home/sky/kaldi/egs/timit/s5/mfcc/raw_mfcc_train.7.ark:876295
MADC0_SX377 /home/sky/kaldi/egs/timit/s5/mfcc/raw_mfcc_train.3.ark:1493268
MJKR0_SI1831 /home/sky/kaldi/egs/timit/s5/mfcc/raw_mfcc_train.6.ark:1136310
MSFV0_SX452 /home/sky/kaldi/egs/timit/s5/mfcc/raw_mfcc_train.9.ark:1295560
MRJB1_SX300 /home/sky/kaldi/egs/timit/s5/mfcc/raw_mfcc_train.9.ark:106300
FKSR0_SI1117 /home/sky/kaldi/egs/timit/s5/mfcc/raw_mfcc_train.2.ark:735992
MCEF0_SX145 /home/sky/kaldi/egs/timit/s5/mfcc/raw_mfcc_train.4.ark:872561
MSEM1_SI1440 /home/sky/kaldi/egs/timit/s5/mfcc/raw_mfcc_train.9.ark:1158377
MJJM0_SX287 /home/sky/kaldi/egs/timit/s5/mfcc/raw_mfcc_train.6.ark:1123040
MHIT0_SI1613 /home/sky/kaldi/egs/timit/s5/mfcc/raw_mfcc_train.6.ark:320974
MJBG0_SI1724 /home/sky/kaldi/egs/timit/s5/mfcc/raw_mfcc_train.6.ark:639490
MDLB0_SI1936 /home/sky/kaldi/egs/timit/s5/mfcc/raw_mfcc_train.5.ark:202852
MSES0_SI2216 /home/sky/kaldi/egs/timit/s5/mfcc/raw_mfcc_train.9.ark:1205580
FVKB0_SI529 /home/sky/kaldi/egs/timit/s5/mfcc/raw_mfcc_train.3.ark:1377597
MAFM0_SI1569 /home/sky/kaldi/egs/timit/s5/mfcc/raw_mfcc_train.4.ark:70692
MJRA0_SX156 /home/sky/kaldi/egs/timit/s5/mfcc/raw_mfcc_train.6.ark:1452042
MTAB0_SX402 /home/sky/kaldi/egs/timit/s5/mfcc/raw_mfcc_train.10.ark:74479
MJRH0_SI1840 /home/sky/kaldi/egs/timit/s5/mfcc/raw_mfcc_train.7.ark:24678
FSAH0_SI1244 /home/sky/kaldi/egs/timit/s5/mfcc/raw_mfcc_train.3.ark:485060
MHRM0_SX418 /home/sky/kaldi/egs/timit/s5/mfcc/raw_mfcc_train.6.ark:463778
MEAL0_SX287 /home/sky/kaldi/egs/timit/s5/mfcc/raw_mfcc_train.5.ark:920332
MTMN0_SX434 /home/sky/kaldi/egs/timit/s5/mfcc/raw_mfcc_train.10.ark:673415
MSRR0_SX231 /home/sky/kaldi/egs/timit/s5/mfcc/raw_mfcc_train.9.ark:1487351
MEJS0_SX250 /home/sky/kaldi/egs/timit/s5/mfcc/raw_mfcc_train.5.ark:1077075
FTBR0_SI2181 /home/sky/kaldi/egs/timit/s5/mfcc/raw_mfcc_train.3.ark:1219277
MSVS0_SI1568 /home/sky/kaldi/egs/timit/s5/mfcc/raw_mfcc_train.10.ark:3503
MRJB1_SX210 /home/sky/kaldi/egs/timit/s5/mfcc/raw_mfcc_train.9.ark:99956
MJHI0_SX248 /home/sky/kaldi/egs/timit/s5/mfcc/raw_mfcc_train.6.ark:1013096
MHIT0_SX353 /home/sky/kaldi/egs/timit/s5/mfcc/raw_mfcc_train.6.ark:341901
MTCS0_SX262 /home/sky/kaldi/egs/timit/s5/mfcc/raw_mfcc_train.10.ark:224003
MDHL0_SI809 /home/sky/kaldi/egs/timit/s5/mfcc/raw_mfcc_train.5.ark:77167
MMWB0_SX359 /home/sky/kaldi/egs/timit/s5/mfcc/raw_mfcc_train.8.ark:324803
MAJP0_SX174 /home/sky/kaldi/egs/timit/s5/mfcc/raw_mfcc_train.4.ark:110617
MJXL0_SX452 /home/sky/kaldi/egs/timit/s5/mfcc/raw_mfcc_train.7.ark:344823
MTER0_SX257 /home/sky/kaldi/egs/timit/s5/mfcc/raw_mfcc_train.10.ark:333953
MJRH1_SI1558 /home/sky/kaldi/egs/timit/s5/mfcc/raw_mfcc_train.7.ark:49550
MFWK0_SX169 /home/sky/kaldi/egs/timit/s5/mfcc/raw_mfcc_train.5.ark:1282151
MSFV0_SI632 /home/sky/kaldi/egs/timit/s5/mfcc/raw_mfcc_train.9.ark:1277228
MJJJ0_SI1163 /home/sky/kaldi/egs/timit/s5/mfcc/raw_mfcc_train.6.ark:1061568
MMDM1_SX243 /home/sky/kaldi/egs/timit/s5/mfcc/raw_mfcc_train.7.ark:1428110
MRAI0_SX252 /home/sky/kaldi/egs/timit/s5/mfcc/raw_mfcc_train.8.ark:1013195
MBAR0_SX329 /home/sky/kaldi/egs/timit/s5/mfcc/raw_mfcc_train.4.ark:312409
MGSH0_SI1806 /home/sky/kaldi/egs/timit/s5/mfcc/raw_mfcc_train.6.ark:192112
MJFH0_SX117 /home/sky/kaldi/egs/timit/s5/mfcc/raw_mfcc_train.6.ark:946676
MMGK0_SI1322 /home/sky/kaldi/egs/timit/s5/mfcc/raw_mfcc_train.8.ark:72544
MREH1_SX249 /home/sky/kaldi/egs/timit/s5/mfcc/raw_mfcc_train.8.ark:1335337
FDXW0_SI1511 /home/sky/kaldi/egs/timit/s5/mfcc/raw_mfcc_train.1.ark:1092649
MBML0_SI1169 /home/sky/kaldi/egs/timit/s5/mfcc/raw_mfcc_train.4.ark:540732
FJSP0_SX174 /home/sky/kaldi/egs/timit/s5/mfcc/raw_mfcc_train.2.ark:342261
FLMK0_SI2295 /home/sky/kaldi/egs/timit/s5/mfcc/raw_mfcc_train.2.ark:1142346
MKLS0_SI2067 /home/sky/kaldi/egs/timit/s5/mfcc/raw_mfcc_train.7.ark:715914
MVJH0_SX296 /home/sky/kaldi/egs/timit/s5/mfcc/raw_mfcc_train.10.ark:1063838
FHLM0_SX120 /home/sky/kaldi/egs/timit/s5/mfcc/raw_mfcc_train.1.ark:1517755
MKJO0_SX167 /home/sky/kaldi/egs/timit/s5/mfcc/raw_mfcc_train.7.ark:627868
FKKH0_SI660 /home/sky/kaldi/egs/timit/s5/mfcc/raw_mfcc_train.2.ark:615281
MADC0_SX107 /home/sky/kaldi/egs/timit/s5/mfcc/raw_mfcc_train.3.ark:1479266
MJRP0_SI1835 /home/sky/kaldi/egs/timit/s5/mfcc/raw_mfcc_train.7.ark:111492
MRTC0_SX288 /home/sky/kaldi/egs/timit/s5/mfcc/raw_mfcc_train.9.ark:772172
MJXA0_SI877 /home/sky/kaldi/egs/timit/s5/mfcc/raw_mfcc_train.7.ark:298341
MMLM0_SX177 /home/sky/kaldi/egs/timit/s5/mfcc/raw_mfcc_train.8.ark:142022
MMDB0_SX357 /home/sky/kaldi/egs/timit/s5/mfcc/raw_mfcc_train.7.ark:1335997
MSMC0_SX17 /home/sky/kaldi/egs/timit/s5/mfcc/raw_mfcc_train.9.ark:1358188
MRLJ0_SI1420 /home/sky/kaldi/egs/timit/s5/mfcc/raw_mfcc_train.9.ark:322286
MFRM0_SX435 /home/sky/kaldi/egs/timit/s5/mfcc/raw_mfcc_train.5.ark:1264058
MGXP0_SX187 /home/sky/kaldi/egs/timit/s5/mfcc/raw_mfcc_train.6.ark:272511
MBBR0_SI1055 /home/sky/kaldi/egs/timit/s5/mfcc/raw_mfcc_train.4.ark:323558
MTPG0_SX123 /home/sky/kaldi/egs/timit/s5/mfcc/raw_mfcc_train.10.ark:755894
MTAB0_SI942 /home/sky/kaldi/egs/timit/s5/mfcc/raw_mfcc_train.10.ark:54106
MTLB0_SI504 /home/sky/kaldi/egs/timit/s5/mfcc/raw_mfcc_train.10.ark:557164
MDWH0_SI1925 /home/sky/kaldi/egs/timit/s5/mfcc/raw_mfcc_train.5.ark:841787
MGAR0_SX132 /home/sky/kaldi/egs/timit/s5/mfcc/raw_mfcc_train.6.ark:3387
MKLR0_SX69 /home/sky/kaldi/egs/timit/s5/mfcc/raw_mfcc_train.7.ark:702383
FSDC0_SI1942 /home/sky/kaldi/egs/timit/s5/mfcc/raw_mfcc_train.3.ark:631624
MPGH0_SX384 /home/sky/kaldi/egs/timit/s5/mfcc/raw_mfcc_train.8.ark:609089
MSTF0_SI852 /home/sky/kaldi/egs/timit/s5/mfcc/raw_mfcc_train.9.ark:1507061
FMJF0_SX354 /home/sky/kaldi/egs/timit/s5/mfcc/raw_mfcc_train.2.ark:1382070
FMJB0_SX367 /home/sky/kaldi/egs/timit/s5/mfcc/raw_mfcc_train.2.ark:1349164
MRWA0_SX343 /home/sky/kaldi/egs/timit/s5/mfcc/raw_mfcc_train.9.ark:868810
MMWS0_SI559 /home/sky/kaldi/egs/timit/s5/mfcc/raw_mfcc_train.8.ark:345462
MREM0_SX241 /home/sky/kaldi/egs/timit/s5/mfcc/raw_mfcc_train.8.ark:1368881
MTJG0_SI1520 /home/sky/kaldi/egs/timit/s5/mfcc/raw_mfcc_train.10.ark:346532
FBAS0_SX37 /home/sky/kaldi/egs/timit/s5/mfcc/raw_mfcc_train.1.ark:199029
MJRH1_SX154 /home/sky/kaldi/egs/timit/s5/mfcc/raw_mfcc_train.7.ark:63170
FKSR0_SX366 /home/sky/kaldi/egs/timit/s5/mfcc/raw_mfcc_train.2.ark:755606
MTQC0_SI2071 /home/sky/kaldi/egs/timit/s5/mfcc/raw_mfcc_train.10.ark:848637
MDCD0_SX65 /home/sky/kaldi/egs/timit/s5/mfcc/raw_mfcc_train.4.ark:1373005
MTBC0_SI1173 /home/sky/kaldi/egs/timit/s5/mfcc/raw_mfcc_train.10.ark:176844
FETB0_SI1778 /home/sky/kaldi/egs/timit/s5/mfcc/raw_mfcc_train.1.ark:1298191
FETB0_SI1148 /home/sky/kaldi/egs/timit/s5/mfcc/raw_mfcc_train.1.ark:1294738
FKKH0_SX210 /home/sky/kaldi/egs/timit/s5/mfcc/raw_mfcc_train.2.ark:623459
FSKL0_SX89 /home/sky/kaldi/egs/timit/s5/mfcc/raw_mfcc_train.3.ark:917316
MMWB0_SI1619 /home/sky/kaldi/egs/timit/s5/mfcc/raw_mfcc_train.8.ark:299118
MKLS0_SX357 /home/sky/kaldi/egs/timit/s5/mfcc/raw_mfcc_train.7.ark:729338
FSAG0_SX243 /home/sky/kaldi/egs/timit/s5/mfcc/raw_mfcc_train.3.ark:463543
MDCD0_SX155 /home/sky/kaldi/egs/timit/s5/mfcc/raw_mfcc_train.4.ark:1357105
FALK0_SI456 /home/sky/kaldi/egs/timit/s5/mfcc/raw_mfcc_train.1.ark:72191
MTXS0_SX70 /home/sky/kaldi/egs/timit/s5/mfcc/raw_mfcc_train.10.ark:1037008
FBJL0_SX382 /home/sky/kaldi/egs/timit/s5/mfcc/raw_mfcc_train.1.ark:303245
MFXS0_SX234 /home/sky/kaldi/egs/timit/s5/mfcc/raw_mfcc_train.5.ark:1316003
MTPF0_SX155 /home/sky/kaldi/egs/timit/s5/mfcc/raw_mfcc_train.10.ark:725066
MKAH0_SI2158 /home/sky/kaldi/egs/timit/s5/mfcc/raw_mfcc_train.7.ark:392351
FSAK0_SI670 /home/sky/kaldi/egs/timit/s5/mfcc/raw_mfcc_train.3.ark:528305
MSDS0_SX87 /home/sky/kaldi/egs/timit/s5/mfcc/raw_mfcc_train.9.ark:1154443
MTMT0_SX218 /home/sky/kaldi/egs/timit/s5/mfcc/raw_mfcc_train.10.ark:697170
FKDE0_SX61 /home/sky/kaldi/egs/timit/s5/mfcc/raw_mfcc_train.2.ark:527563
MDCM0_SI2110 /home/sky/kaldi/egs/timit/s5/mfcc/raw_mfcc_train.4.ark:1381601
MPRB0_SX395 /home/sky/kaldi/egs/timit/s5/mfcc/raw_mfcc_train.8.ark:794183
MJSR0_SI794 /home/sky/kaldi/egs/timit/s5/mfcc/raw_mfcc_train.7.ark:152267
MKAH0_SI1528 /home/sky/kaldi/egs/timit/s5/mfcc/raw_mfcc_train.7.ark:388456
MRDD0_SI1050 /home/sky/kaldi/egs/timit/s5/mfcc/raw_mfcc_train.8.ark:1190401
MSDH0_SI2113 /home/sky/kaldi/egs/timit/s5/mfcc/raw_mfcc_train.9.ark:1086580
MRAI0_SI2052 /home/sky/kaldi/egs/timit/s5/mfcc/raw_mfcc_train.8.ark:996599
MDNS0_SX201 /home/sky/kaldi/egs/timit/s5/mfcc/raw_mfcc_train.5.ark:546605
MDTB0_SX210 /home/sky/kaldi/egs/timit/s5/mfcc/raw_mfcc_train.5.ark:791643
MDBB1_SI2056 /home/sky/kaldi/egs/timit/s5/mfcc/raw_mfcc_train.4.ark:1286992
FTBR0_SX21 /home/sky/kaldi/egs/timit/s5/mfcc/raw_mfcc_train.3.ark:1235476
MBEF0_SX291 /home/sky/kaldi/egs/timit/s5/mfcc/raw_mfcc_train.4.ark:405172
FJLG0_SX359 /home/sky/kaldi/egs/timit/s5/mfcc/raw_mfcc_train.2.ark:178254
FBMH0_SX146 /home/sky/kaldi/egs/timit/s5/mfcc/raw_mfcc_train.1.ark:357491
MMSM0_SX116 /home/sky/kaldi/egs/timit/s5/mfcc/raw_mfcc_train.8.ark:241539
MPGR1_SX239 /home/sky/kaldi/egs/timit/s5/mfcc/raw_mfcc_train.8.ark:658285
MBAR0_SI1949 /home/sky/kaldi/egs/timit/s5/mfcc/raw_mfcc_train.4.ark:296989
MRJB1_SX30 /home/sky/kaldi/egs/timit/s5/mfcc/raw_mfcc_train.9.ark:103472
MTDP0_SI2151 /home/sky/kaldi/egs/timit/s5/mfcc/raw_mfcc_train.10.ark:282552
MMBS0_SI1781 /home/sky/kaldi/egs/timit/s5/mfcc/raw_mfcc_train.7.ark:1251940
FJXP0_SI492 /home/sky/kaldi/egs/timit/s5/mfcc/raw_mfcc_train.2.ark:439885
MAKR0_SI722 /home/sky/kaldi/egs/timit/s5/mfcc/raw_mfcc_train.4.ark:179144
MPEB0_SI600 /home/sky/kaldi/egs/timit/s5/mfcc/raw_mfcc_train.8.ark:524897
MRDS0_SX87 /home/sky/kaldi/egs/timit/s5/mfcc/raw_mfcc_train.8.ark:1278770
MKJO0_SX77 /home/sky/kaldi/egs/timit/s5/mfcc/raw_mfcc_train.7.ark:643274
MCLK0_SI1660 /home/sky/kaldi/egs/timit/s5/mfcc/raw_mfcc_train.4.ark:963737
FLJA0_SX268 /home/sky/kaldi/egs/timit/s5/mfcc/raw_mfcc_train.2.ark:947135
FLMK0_SI1229 /home/sky/kaldi/egs/timit/s5/mfcc/raw_mfcc_train.2.ark:1136735
MDLH0_SX250 /home/sky/kaldi/egs/timit/s5/mfcc/raw_mfcc_train.5.ark:346556
MGSL0_SI1164 /home/sky/kaldi/egs/timit/s5/mfcc/raw_mfcc_train.6.ark:221227
FNTB0_SX213 /home/sky/kaldi/egs/timit/s5/mfcc/raw_mfcc_train.3.ark:68856
MMBS0_SX71 /home/sky/kaldi/egs/timit/s5/mfcc/raw_mfcc_train.7.ark:1281049
MRAM0_SX105 /home/sky/kaldi/egs/timit/s5/mfcc/raw_mfcc_train.8.ark:1043133
MTQC0_SX361 /home/sky/kaldi/egs/timit/s5/mfcc/raw_mfcc_train.10.ark:866150
MKAH0_SI898 /home/sky/kaldi/egs/timit/s5/mfcc/raw_mfcc_train.7.ark:395842
MKAJ0_SI2044 /home/sky/kaldi/egs/timit/s5/mfcc/raw_mfcc_train.7.ark:424050
FMBG0_SX440 /home/sky/kaldi/egs/timit/s5/mfcc/raw_mfcc_train.2.ark:1283653
FDKN0_SX271 /home/sky/kaldi/egs/timit/s5/mfcc/raw_mfcc_train.1.ark:929631
FJRB0_SX222 /home/sky/kaldi/egs/timit/s5/mfcc/raw_mfcc_train.2.ark:238005
MHRM0_SI958 /home/sky/kaldi/egs/timit/s5/mfcc/raw_mfcc_train.6.ark:448670
MMWS0_SX168 /home/sky/kaldi/egs/timit/s5/mfcc/raw_mfcc_train.8.ark:352574
FLAG0_SX294 /home/sky/kaldi/egs/timit/s5/mfcc/raw_mfcc_train.2.ark:826654
MGAK0_SX46 /home/sky/kaldi/egs/timit/s5/mfcc/raw_mfcc_train.5.ark:1456639
MKXL0_SI1958 /home/sky/kaldi/egs/timit/s5/mfcc/raw_mfcc_train.7.ark:846052
FSKP0_SI1728 /home/sky/kaldi/egs/timit/s5/mfcc/raw_mfcc_train.3.ark:926835
FALR0_SX335 /home/sky/kaldi/egs/timit/s5/mfcc/raw_mfcc_train.1.ark:120595
MPFU0_SX88 /home/sky/kaldi/egs/timit/s5/mfcc/raw_mfcc_train.8.ark:579263
MRJH0_SX79 /home/sky/kaldi/egs/timit/s5/mfcc/raw_mfcc_train.9.ark:148405
FLMC0_SI2002 /home/sky/kaldi/egs/timit/s5/mfcc/raw_mfcc_train.2.ark:1105920
MTJU0_SI760 /home/sky/kaldi/egs/timit/s5/mfcc/raw_mfcc_train.10.ark:456139
MRCG0_SX168 /home/sky/kaldi/egs/timit/s5/mfcc/raw_mfcc_train.8.ark:1136749
FVKB0_SI1159 /home/sky/kaldi/egs/timit/s5/mfcc/raw_mfcc_train.3.ark:1371875
MFXV0_SI1635 /home/sky/kaldi/egs/timit/s5/mfcc/raw_mfcc_train.5.ark:1345791
MRVG0_SI1140 /home/sky/kaldi/egs/timit/s5/mfcc/raw_mfcc_train.9.ark:822047
MJPM1_SI2280 /home/sky/kaldi/egs/timit/s5/mfcc/raw_mfcc_train.6.ark:1409942
MTKP0_SX303 /home/sky/kaldi/egs/timit/s5/mfcc/raw_mfcc_train.10.ark:538915
MRBC0_SX59 /home/sky/kaldi/egs/timit/s5/mfcc/raw_mfcc_train.8.ark:1119013
MAEB0_SX180 /home/sky/kaldi/egs/timit/s5/mfcc/raw_mfcc_train.4.ark:21134
MRJM1_SX308 /home/sky/kaldi/egs/timit/s5/mfcc/raw_mfcc_train.9.ark:206916
FMPG0_SX72 /home/sky/kaldi/egs/timit/s5/mfcc/raw_mfcc_train.3.ark:16412
MTLB0_SI1134 /home/sky/kaldi/egs/timit/s5/mfcc/raw_mfcc_train.10.ark:548803
FGDP0_SX448 /home/sky/kaldi/egs/timit/s5/mfcc/raw_mfcc_train.1.ark:1421989
MRRE0_SI952 /home/sky/kaldi/egs/timit/s5/mfcc/raw_mfcc_train.9.ark:645275
MCLM0_SI826 /home/sky/kaldi/egs/timit/s5/mfcc/raw_mfcc_train.4.ark:1005253
MCDR0_SX164 /home/sky/kaldi/egs/timit/s5/mfcc/raw_mfcc_train.4.ark:841330
MMDB0_SI1358 /home/sky/kaldi/egs/timit/s5/mfcc/raw_mfcc_train.7.ark:1317085
MRRE0_SI1334 /home/sky/kaldi/egs/timit/s5/mfcc/raw_mfcc_train.9.ark:633938
MHRM0_SX238 /home/sky/kaldi/egs/timit/s5/mfcc/raw_mfcc_train.6.ark:456471
MVLO0_SX427 /home/sky/kaldi/egs/timit/s5/mfcc/raw_mfcc_train.10.ark:1094901
MMJB1_SX328 /home/sky/kaldi/egs/timit/s5/mfcc/raw_mfcc_train.8.ark:117422
MCAL0_SI508 /home/sky/kaldi/egs/timit/s5/mfcc/raw_mfcc_train.4.ark:739882
MDHS0_SX180 /home/sky/kaldi/egs/timit/s5/mfcc/raw_mfcc_train.5.ark:113813
MAPV0_SX33 /home/sky/kaldi/egs/timit/s5/mfcc/raw_mfcc_train.4.ark:225027
FEAC0_SX165 /home/sky/kaldi/egs/timit/s5/mfcc/raw_mfcc_train.1.ark:1134068
MTRC0_SI589 /home/sky/kaldi/egs/timit/s5/mfcc/raw_mfcc_train.10.ark:885483
FAJW0_SX363 /home/sky/kaldi/egs/timit/s5/mfcc/raw_mfcc_train.1.ark:59625
MILB0_SI2163 /home/sky/kaldi/egs/timit/s5/mfcc/raw_mfcc_train.6.ark:506696
MTRT0_SI1857 /home/sky/kaldi/egs/timit/s5/mfcc/raw_mfcc_train.10.ark:949336
MMVP0_SX384 /home/sky/kaldi/egs/timit/s5/mfcc/raw_mfcc_train.8.ark:294989
MSDS0_SI1707 /home/sky/kaldi/egs/timit/s5/mfcc/raw_mfcc_train.9.ark:1126841
MBEF0_SI651 /home/sky/kaldi/egs/timit/s5/mfcc/raw_mfcc_train.4.ark:391781
FVMH0_SX386 /home/sky/kaldi/egs/timit/s5/mfcc/raw_mfcc_train.3.ark:1432626
MAEB0_SX360 /home/sky/kaldi/egs/timit/s5/mfcc/raw_mfcc_train.4.ark:28272
MJRH1_SX424 /home/sky/kaldi/egs/timit/s5/mfcc/raw_mfcc_train.7.ark:74475
MJDA0_SX41 /home/sky/kaldi/egs/timit/s5/mfcc/raw_mfcc_train.6.ark:691980
FPAB1_SX211 /home/sky/kaldi/egs/timit/s5/mfcc/raw_mfcc_train.3.ark:104130
MRAI0_SI792 /home/sky/kaldi/egs/timit/s5/mfcc/raw_mfcc_train.8.ark:1002521
MDLR1_SX399 /home/sky/kaldi/egs/timit/s5/mfcc/raw_mfcc_train.5.ark:455882
MTLC0_SI847 /home/sky/kaldi/egs/timit/s5/mfcc/raw_mfcc_train.10.ark:593491
MSFV0_SX272 /home/sky/kaldi/egs/timit/s5/mfcc/raw_mfcc_train.9.ark:1287109
MLEL0_SI1876 /home/sky/kaldi/egs/timit/s5/mfcc/raw_mfcc_train.7.ark:903710
MKRG0_SX31 /home/sky/kaldi/egs/timit/s5/mfcc/raw_mfcc_train.7.ark:827828
MMGG0_SI1709 /home/sky/kaldi/egs/timit/s5/mfcc/raw_mfcc_train.8.ark:46338
MWDK0_SI1436 /home/sky/kaldi/egs/timit/s5/mfcc/raw_mfcc_train.10.ark:1252373
FTAJ0_SX159 /home/sky/kaldi/egs/timit/s5/mfcc/raw_mfcc_train.3.ark:1197914
FCDR1_SX196 /home/sky/kaldi/egs/timit/s5/mfcc/raw_mfcc_train.1.ark:496559
FTMG0_SX182 /home/sky/kaldi/egs/timit/s5/mfcc/raw_mfcc_train.3.ark:1323734
MTJM0_SX56 /home/sky/kaldi/egs/timit/s5/mfcc/raw_mfcc_train.10.ark:406828
MDPK0_SX423 /home/sky/kaldi/egs/timit/s5/mfcc/raw_mfcc_train.5.ark:615633
MDWH0_SX305 /home/sky/kaldi/egs/timit/s5/mfcc/raw_mfcc_train.5.ark:860028
MSMC0_SX107 /home/sky/kaldi/egs/timit/s5/mfcc/raw_mfcc_train.9.ark:1353593
MPMB0_SX421 /home/sky/kaldi/egs/timit/s5/mfcc/raw_mfcc_train.8.ark:713931
MRSP0_SX79 /home/sky/kaldi/egs/timit/s5/mfcc/raw_mfcc_train.9.ark:742209
FKKH0_SX390 /home/sky/kaldi/egs/timit/s5/mfcc/raw_mfcc_train.2.ark:633086
MBEF0_SX111 /home/sky/kaldi/egs/timit/s5/mfcc/raw_mfcc_train.4.ark:396923
MCEW0_SX452 /home/sky/kaldi/egs/timit/s5/mfcc/raw_mfcc_train.4.ark:921129
MJRG0_SI736 /home/sky/kaldi/egs/timit/s5/mfcc/raw_mfcc_train.6.ark:1478599
MTDB0_SX51 /home/sky/kaldi/egs/timit/s5/mfcc/raw_mfcc_train.10.ark:270178
MBEF0_SX381 /home/sky/kaldi/egs/timit/s5/mfcc/raw_mfcc_train.4.ark:408065
MJWS0_SX153 /home/sky/kaldi/egs/timit/s5/mfcc/raw_mfcc_train.7.ark:229763
FDKN0_SI1081 /home/sky/kaldi/egs/timit/s5/mfcc/raw_mfcc_train.1.ark:910829
FCMM0_SX183 /home/sky/kaldi/egs/timit/s5/mfcc/raw_mfcc_train.1.ark:701033
MKLS0_SX267 /home/sky/kaldi/egs/timit/s5/mfcc/raw_mfcc_train.7.ark:724339
MTRR0_SX288 /home/sky/kaldi/egs/timit/s5/mfcc/raw_mfcc_train.10.ark:933674
MKAJ0_SX424 /home/sky/kaldi/egs/timit/s5/mfcc/raw_mfcc_train.7.ark:442649
FKFB0_SX348 /home/sky/kaldi/egs/timit/s5/mfcc/raw_mfcc_train.2.ark:585878
FEXM0_SX366 /home/sky/kaldi/egs/timit/s5/mfcc/raw_mfcc_train.1.ark:1355015
MRMG0_SI1080 /home/sky/kaldi/egs/timit/s5/mfcc/raw_mfcc_train.9.ark:473723
MJLS0_SX196 /home/sky/kaldi/egs/timit/s5/mfcc/raw_mfcc_train.6.ark:1245930
MPRT0_SX400 /home/sky/kaldi/egs/timit/s5/mfcc/raw_mfcc_train.8.ark:899822
FRJB0_SI1427 /home/sky/kaldi/egs/timit/s5/mfcc/raw_mfcc_train.3.ark:385140
MDWM0_SI2176 /home/sky/kaldi/egs/timit/s5/mfcc/raw_mfcc_train.5.ark:877308
MNET0_SX96 /home/sky/kaldi/egs/timit/s5/mfcc/raw_mfcc_train.8.ark:454169
MMEB0_SX327 /home/sky/kaldi/egs/timit/s5/mfcc/raw_mfcc_train.7.ark:1513587
MRFL0_SX76 /home/sky/kaldi/egs/timit/s5/mfcc/raw_mfcc_train.8.ark:1475361
MEDR0_SX114 /home/sky/kaldi/egs/timit/s5/mfcc/raw_mfcc_train.5.ark:945206
FMJU0_SX39 /home/sky/kaldi/egs/timit/s5/mfcc/raw_mfcc_train.2.ark:1421770
FSAK0_SI1300 /home/sky/kaldi/egs/timit/s5/mfcc/raw_mfcc_train.3.ark:519866
MMAM0_SX337 /home/sky/kaldi/egs/timit/s5/mfcc/raw_mfcc_train.7.ark:1198073
MSAT0_SI2156 /home/sky/kaldi/egs/timit/s5/mfcc/raw_mfcc_train.9.ark:1009741
MWEM0_SX240 /home/sky/kaldi/egs/timit/s5/mfcc/raw_mfcc_train.10.ark:1298753
FECD0_SI1418 /home/sky/kaldi/egs/timit/s5/mfcc/raw_mfcc_train.1.ark:1187447
MJPM1_SI1897 /home/sky/kaldi/egs/timit/s5/mfcc/raw_mfcc_train.6.ark:1407984
FKDW0_SI1207 /home/sky/kaldi/egs/timit/s5/mfcc/raw_mfcc_train.2.ark:532446
MRJB1_SX390 /home/sky/kaldi/egs/timit/s5/mfcc/raw_mfcc_train.9.ark:109739
MRRE0_SX254 /home/sky/kaldi/egs/timit/s5/mfcc/raw_mfcc_train.9.ark:657028
MSAT0_SX176 /home/sky/kaldi/egs/timit/s5/mfcc/raw_mfcc_train.9.ark:1015735
MLEL0_SX256 /home/sky/kaldi/egs/timit/s5/mfcc/raw_mfcc_train.7.ark:918733
MJMM0_SX265 /home/sky/kaldi/egs/timit/s5/mfcc/raw_mfcc_train.6.ark:1333352
MPAR0_SX226 /home/sky/kaldi/egs/timit/s5/mfcc/raw_mfcc_train.8.ark:507642
MPGR1_SX149 /home/sky/kaldi/egs/timit/s5/mfcc/raw_mfcc_train.8.ark:653585
MCLM0_SX376 /home/sky/kaldi/egs/timit/s5/mfcc/raw_mfcc_train.4.ark:1022395
MJXA0_SI2137 /home/sky/kaldi/egs/timit/s5/mfcc/raw_mfcc_train.7.ark:294850
FNKL0_SX442 /home/sky/kaldi/egs/timit/s5/mfcc/raw_mfcc_train.3.ark:43061
MWRP0_SX93 /home/sky/kaldi/egs/timit/s5/mfcc/raw_mfcc_train.10.ark:1411511
MRAB0_SI1854 /home/sky/kaldi/egs/timit/s5/mfcc/raw_mfcc_train.8.ark:932252
FHXS0_SI2335 /home/sky/kaldi/egs/timit/s5/mfcc/raw_mfcc_train.2.ark:13
MTQC0_SX91 /home/sky/kaldi/egs/timit/s5/mfcc/raw_mfcc_train.10.ark:877889
MRCG0_SI1428 /home/sky/kaldi/egs/timit/s5/mfcc/raw_mfcc_train.8.ark:1121803
MHMG0_SX15 /home/sky/kaldi/egs/timit/s5/mfcc/raw_mfcc_train.6.ark:395776
MRCG0_SX258 /home/sky/kaldi/egs/timit/s5/mfcc/raw_mfcc_train.8.ark:1140292
FSMM0_SI1944 /home/sky/kaldi/egs/timit/s5/mfcc/raw_mfcc_train.3.ark:1022245
FSAG0_SI1323 /home/sky/kaldi/egs/timit/s5/mfcc/raw_mfcc_train.3.ark:446575
MJWS0_SI513 /home/sky/kaldi/egs/timit/s5/mfcc/raw_mfcc_train.7.ark:226012
MKLN0_SX68 /home/sky/kaldi/egs/timit/s5/mfcc/raw_mfcc_train.7.ark:674076
MKDT0_SX263 /home/sky/kaldi/egs/timit/s5/mfcc/raw_mfcc_train.7.ark:566440
MTCS0_SX172 /home/sky/kaldi/egs/timit/s5/mfcc/raw_mfcc_train.10.ark:220239
MDHL0_SX179 /home/sky/kaldi/egs/timit/s5/mfcc/raw_mfcc_train.5.ark:81308
FECD0_SI788 /home/sky/kaldi/egs/timit/s5/mfcc/raw_mfcc_train.1.ark:1198291
FTLG0_SX213 /home/sky/kaldi/egs/timit/s5/mfcc/raw_mfcc_train.3.ark:1297658
MJJM0_SX377 /home/sky/kaldi/egs/timit/s5/mfcc/raw_mfcc_train.6.ark:1126986
MMGK0_SX242 /home/sky/kaldi/egs/timit/s5/mfcc/raw_mfcc_train.8.ark:84286
MSRR0_SX51 /home/sky/kaldi/egs/timit/s5/mfcc/raw_mfcc_train.9.ark:1496054
MTDP0_SX81 /home/sky/kaldi/egs/timit/s5/mfcc/raw_mfcc_train.10.ark:308690
MDLC0_SX45 /home/sky/kaldi/egs/timit/s5/mfcc/raw_mfcc_train.5.ark:264349
MFMC0_SI1132 /home/sky/kaldi/egs/timit/s5/mfcc/raw_mfcc_train.5.ark:1206731
MJLS0_SX286 /home/sky/kaldi/egs/timit/s5/mfcc/raw_mfcc_train.6.ark:1248433
MTER0_SX17 /home/sky/kaldi/egs/timit/s5/mfcc/raw_mfcc_train.10.ark:331294
MDLC2_SX264 /home/sky/kaldi/egs/timit/s5/mfcc/raw_mfcc_train.5.ark:314078
MCAL0_SX418 /home/sky/kaldi/egs/timit/s5/mfcc/raw_mfcc_train.4.ark:753755
MTPG0_SX33 /home/sky/kaldi/egs/timit/s5/mfcc/raw_mfcc_train.10.ark:766002
MMXS0_SX426 /home/sky/kaldi/egs/timit/s5/mfcc/raw_mfcc_train.8.ark:421764
MJLB0_SX446 /home/sky/kaldi/egs/timit/s5/mfcc/raw_mfcc_train.6.ark:1187830
MGRP0_SX237 /home/sky/kaldi/egs/timit/s5/mfcc/raw_mfcc_train.6.ark:168234
MRAI0_SX72 /home/sky/kaldi/egs/timit/s5/mfcc/raw_mfcc_train.8.ark:1026852
FMJU0_SX129 /home/sky/kaldi/egs/timit/s5/mfcc/raw_mfcc_train.2.ark:1408945
FNKL0_SI2152 /home/sky/kaldi/egs/timit/s5/mfcc/raw_mfcc_train.3.ark:23084
MGES0_SX221 /home/sky/kaldi/egs/timit/s5/mfcc/raw_mfcc_train.6.ark:66337
MPRD0_SX441 /home/sky/kaldi/egs/timit/s5/mfcc/raw_mfcc_train.8.ark:827618
FEME0_SX155 /home/sky/kaldi/egs/timit/s5/mfcc/raw_mfcc_train.1.ark:1272837
MGJC0_SI1256 /home/sky/kaldi/egs/timit/s5/mfcc/raw_mfcc_train.6.ark:82732
MRXB0_SX415 /home/sky/kaldi/egs/timit/s5/mfcc/raw_mfcc_train.9.ark:935296
MDCM0_SX400 /home/sky/kaldi/egs/timit/s5/mfcc/raw_mfcc_train.4.ark:1404522
FTBW0_SI1345 /home/sky/kaldi/egs/timit/s5/mfcc/raw_mfcc_train.3.ark:1245066
MPRT0_SX220 /home/sky/kaldi/egs/timit/s5/mfcc/raw_mfcc_train.8.ark:888310
FBAS0_SX307 /home/sky/kaldi/egs/timit/s5/mfcc/raw_mfcc_train.1.ark:196878
MKAM0_SI1250 /home/sky/kaldi/egs/timit/s5/mfcc/raw_mfcc_train.7.ark:448825
MTRR0_SX108 /home/sky/kaldi/egs/timit/s5/mfcc/raw_mfcc_train.10.ark:922747
FDAS1_SX21 /home/sky/kaldi/egs/timit/s5/mfcc/raw_mfcc_train.1.ark:807934
MJDG0_SX52 /home/sky/kaldi/egs/timit/s5/mfcc/raw_mfcc_train.6.ark:796619
MADC0_SI1997 /home/sky/kaldi/egs/timit/s5/mfcc/raw_mfcc_train.3.ark:1468683
MARC0_SX378 /home/sky/kaldi/egs/timit/s5/mfcc/raw_mfcc_train.4.ark:254393
MJDA0_SX311 /home/sky/kaldi/egs/timit/s5/mfcc/raw_mfcc_train.6.ark:683166
MRJT0_SX418 /home/sky/kaldi/egs/timit/s5/mfcc/raw_mfcc_train.9.ark:243575
MJKR0_SX31 /home/sky/kaldi/egs/timit/s5/mfcc/raw_mfcc_train.6.ark:1158171
MJDA0_SI1661 /home/sky/kaldi/egs/timit/s5/mfcc/raw_mfcc_train.6.ark:669708
MADD0_SI1295 /home/sky/kaldi/egs/timit/s5/mfcc/raw_mfcc_train.3.ark:1497527
MJWS0_SI1773 /home/sky/kaldi/egs/timit/s5/mfcc/raw_mfcc_train.7.ark:222365
FMEM0_SX207 /home/sky/kaldi/egs/timit/s5/mfcc/raw_mfcc_train.2.ark:1309761
MJFR0_SX165 /home/sky/kaldi/egs/timit/s5/mfcc/raw_mfcc_train.6.ark:972837
FCMG0_SX252 /home/sky/kaldi/egs/timit/s5/mfcc/raw_mfcc_train.1.ark:672019
MWDK0_SX356 /home/sky/kaldi/egs/timit/s5/mfcc/raw_mfcc_train.10.ark:1273495
FJSP0_SX84 /home/sky/kaldi/egs/timit/s5/mfcc/raw_mfcc_train.2.ark:358746
MMPM0_SI2321 /home/sky/kaldi/egs/timit/s5/mfcc/raw_mfcc_train.8.ark:166253
MFXV0_SX285 /home/sky/kaldi/egs/timit/s5/mfcc/raw_mfcc_train.5.ark:1357505
MBTH0_SX302 /home/sky/kaldi/egs/timit/s5/mfcc/raw_mfcc_train.4.ark:644977
FSCN0_SX446 /home/sky/kaldi/egs/timit/s5/mfcc/raw_mfcc_train.3.ark:617536
MKDT0_SX443 /home/sky/kaldi/egs/timit/s5/mfcc/raw_mfcc_train.7.ark:574280
MKDB0_SI588 /home/sky/kaldi/egs/timit/s5/mfcc/raw_mfcc_train.7.ark:487773
MDDC0_SI2049 /home/sky/kaldi/egs/timit/s5/mfcc/raw_mfcc_train.4.ark:1413664
MJEB0_SX296 /home/sky/kaldi/egs/timit/s5/mfcc/raw_mfcc_train.6.ark:861011
MMAA0_SX305 /home/sky/kaldi/egs/timit/s5/mfcc/raw_mfcc_train.7.ark:1098061
MRSP0_SI1429 /home/sky/kaldi/egs/timit/s5/mfcc/raw_mfcc_train.9.ark:711467
FPAD0_SX86 /home/sky/kaldi/egs/timit/s5/mfcc/raw_mfcc_train.3.ark:186502
MGRP0_SX417 /home/sky/kaldi/egs/timit/s5/mfcc/raw_mfcc_train.6.ark:177257
FCJF0_SX37 /home/sky/kaldi/egs/timit/s5/mfcc/raw_mfcc_train.1.ark:556402
MPRB0_SX35 /home/sky/kaldi/egs/timit/s5/mfcc/raw_mfcc_train.8.ark:790497
MJRA0_SI1236 /home/sky/kaldi/egs/timit/s5/mfcc/raw_mfcc_train.6.ark:1440086
MGSH0_SX276 /home/sky/kaldi/egs/timit/s5/mfcc/raw_mfcc_train.6.ark:208611
MGXP0_SX7 /home/sky/kaldi/egs/timit/s5/mfcc/raw_mfcc_train.6.ark:283970
MRFK0_SI2336 /home/sky/kaldi/egs/timit/s5/mfcc/raw_mfcc_train.8.ark:1422503
FSDJ0_SX305 /home/sky/kaldi/egs/timit/s5/mfcc/raw_mfcc_train.3.ark:674610
MDLR1_SI1929 /home/sky/kaldi/egs/timit/s5/mfcc/raw_mfcc_train.5.ark:429178
MEWM0_SI1348 /home/sky/kaldi/egs/timit/s5/mfcc/raw_mfcc_train.5.ark:1151406
MBMA1_SI2207 /home/sky/kaldi/egs/timit/s5/mfcc/raw_mfcc_train.4.ark:506043
FLOD0_SI1917 /home/sky/kaldi/egs/timit/s5/mfcc/raw_mfcc_train.2.ark:1169709
MRMH0_SX31 /home/sky/kaldi/egs/timit/s5/mfcc/raw_mfcc_train.9.ark:530803
MLNS0_SX327 /home/sky/kaldi/egs/timit/s5/mfcc/raw_mfcc_train.7.ark:1027773
FTMG0_SX452 /home/sky/kaldi/egs/timit/s5/mfcc/raw_mfcc_train.3.ark:1334831
MRAB0_SI1224 /home/sky/kaldi/egs/timit/s5/mfcc/raw_mfcc_train.8.ark:928968
MCEW0_SX92 /home/sky/kaldi/egs/timit/s5/mfcc/raw_mfcc_train.4.ark:926517
MDSJ0_SI1462 /home/sky/kaldi/egs/timit/s5/mfcc/raw_mfcc_train.5.ark:689172
MMAA0_SI2105 /home/sky/kaldi/egs/timit/s5/mfcc/raw_mfcc_train.7.ark:1080704
FNKL0_SX82 /home/sky/kaldi/egs/timit/s5/mfcc/raw_mfcc_train.3.ark:47292
MDPS0_SX179 /home/sky/kaldi/egs/timit/s5/mfcc/raw_mfcc_train.5.ark:633544
FPAC0_SX301 /home/sky/kaldi/egs/timit/s5/mfcc/raw_mfcc_train.3.ark:143350
MCEW0_SX272 /home/sky/kaldi/egs/timit/s5/mfcc/raw_mfcc_train.4.ark:910806
MKLS1_SX375 /home/sky/kaldi/egs/timit/s5/mfcc/raw_mfcc_train.7.ark:768187
MKRG0_SX51 /home/sky/kaldi/egs/timit/s5/mfcc/raw_mfcc_train.7.ark:833639
FCRZ0_SX163 /home/sky/kaldi/egs/timit/s5/mfcc/raw_mfcc_train.1.ark:731874
MSDH0_SX80 /home/sky/kaldi/egs/timit/s5/mfcc/raw_mfcc_train.9.ark:1116347
MHRM0_SX328 /home/sky/kaldi/egs/timit/s5/mfcc/raw_mfcc_train.6.ark:459689
MWAD0_SX252 /home/sky/kaldi/egs/timit/s5/mfcc/raw_mfcc_train.10.ark:1181171
MDDC0_SX429 /home/sky/kaldi/egs/timit/s5/mfcc/raw_mfcc_train.4.ark:1430482
MDWM0_SX286 /home/sky/kaldi/egs/timit/s5/mfcc/raw_mfcc_train.5.ark:893026
FCAG0_SI2133 /home/sky/kaldi/egs/timit/s5/mfcc/raw_mfcc_train.1.ark:415851
FMEM0_SI747 /home/sky/kaldi/egs/timit/s5/mfcc/raw_mfcc_train.2.ark:1301401
MZMB0_SX86 /home/sky/kaldi/egs/timit/s5/mfcc/raw_mfcc_train.10.ark:1510662
MJAC0_SX71 /home/sky/kaldi/egs/timit/s5/mfcc/raw_mfcc_train.6.ark:565286
FVKB0_SX439 /home/sky/kaldi/egs/timit/s5/mfcc/raw_mfcc_train.3.ark:1396891
MJAC0_SX341 /home/sky/kaldi/egs/timit/s5/mfcc/raw_mfcc_train.6.ark:556745
MBJV0_SX347 /home/sky/kaldi/egs/timit/s5/mfcc/raw_mfcc_train.4.ark:463130
MRLJ0_SX430 /home/sky/kaldi/egs/timit/s5/mfcc/raw_mfcc_train.9.ark:345508
MDBB1_SX16 /home/sky/kaldi/egs/timit/s5/mfcc/raw_mfcc_train.4.ark:1295143
MTAT1_SI1409 /home/sky/kaldi/egs/timit/s5/mfcc/raw_mfcc_train.10.ark:139646
MGAW0_SI1165 /home/sky/kaldi/egs/timit/s5/mfcc/raw_mfcc_train.6.ark:24547
MARW0_SI1906 /home/sky/kaldi/egs/timit/s5/mfcc/raw_mfcc_train.4.ark:261780
MSAT1_SX83 /home/sky/kaldi/egs/timit/s5/mfcc/raw_mfcc_train.9.ark:1059422
MLSH0_SX67 /home/sky/kaldi/egs/timit/s5/mfcc/raw_mfcc_train.7.ark:1069898
MSRR0_SX411 /home/sky/kaldi/egs/timit/s5/mfcc/raw_mfcc_train.9.ark:1491836
MSJK0_SX426 /home/sky/kaldi/egs/timit/s5/mfcc/raw_mfcc_train.9.ark:1332004
MDWD0_SX270 /home/sky/kaldi/egs/timit/s5/mfcc/raw_mfcc_train.5.ark:821380
MRLJ0_SX160 /home/sky/kaldi/egs/timit/s5/mfcc/raw_mfcc_train.9.ark:334580
FLKM0_SI1880 /home/sky/kaldi/egs/timit/s5/mfcc/raw_mfcc_train.2.ark:1035287
MBSB0_SX183 /home/sky/kaldi/egs/timit/s5/mfcc/raw_mfcc_train.4.ark:609965
MMAR0_SI1336 /home/sky/kaldi/egs/timit/s5/mfcc/raw_mfcc_train.7.ark:1208286
MRGM0_SI1792 /home/sky/kaldi/egs/timit/s5/mfcc/raw_mfcc_train.8.ark:1483983
FCYL0_SX217 /home/sky/kaldi/egs/timit/s5/mfcc/raw_mfcc_train.1.ark:767636
MDLM0_SI604 /home/sky/kaldi/egs/timit/s5/mfcc/raw_mfcc_train.5.ark:368790
MRAM0_SI1275 /home/sky/kaldi/egs/timit/s5/mfcc/raw_mfcc_train.8.ark:1029863
FSKL0_SX179 /home/sky/kaldi/egs/timit/s5/mfcc/raw_mfcc_train.3.ark:901429
FPAB1_SI1471 /home/sky/kaldi/egs/timit/s5/mfcc/raw_mfcc_train.3.ark:82053
MCSS0_SX120 /home/sky/kaldi/egs/timit/s5/mfcc/raw_mfcc_train.4.ark:1102982
MTMT0_SX398 /home/sky/kaldi/egs/timit/s5/mfcc/raw_mfcc_train.10.ark:708461
MGES0_SX131 /home/sky/kaldi/egs/timit/s5/mfcc/raw_mfcc_train.6.ark:63795
FPAC0_SX31 /home/sky/kaldi/egs/timit/s5/mfcc/raw_mfcc_train.3.ark:148270
FSMM0_SI1314 /home/sky/kaldi/egs/timit/s5/mfcc/raw_mfcc_train.3.ark:1018610
MCXM0_SX181 /home/sky/kaldi/egs/timit/s5/mfcc/raw_mfcc_train.4.ark:1196168
MRSO0_SX129 /home/sky/kaldi/egs/timit/s5/mfcc/raw_mfcc_train.9.ark:688422
MKLW0_SX41 /home/sky/kaldi/egs/timit/s5/mfcc/raw_mfcc_train.7.ark:801668
FDNC0_SX108 /home/sky/kaldi/egs/timit/s5/mfcc/raw_mfcc_train.1.ark:1035941
MSMR0_SX415 /home/sky/kaldi/egs/timit/s5/mfcc/raw_mfcc_train.9.ark:1397871
MDJM0_SX105 /home/sky/kaldi/egs/timit/s5/mfcc/raw_mfcc_train.5.ark:145161
FJEN0_SI1677 /home/sky/kaldi/egs/timit/s5/mfcc/raw_mfcc_train.2.ark:63223
MAKR0_SX362 /home/sky/kaldi/egs/timit/s5/mfcc/raw_mfcc_train.4.ark:186562
FSDJ0_SX125 /home/sky/kaldi/egs/timit/s5/mfcc/raw_mfcc_train.3.ark:668005
MDEF0_SI2193 /home/sky/kaldi/egs/timit/s5/mfcc/raw_mfcc_train.5.ark:10208
MRML0_SI791 /home/sky/kaldi/egs/timit/s5/mfcc/raw_mfcc_train.9.ark:546082
MDNS0_SX21 /home/sky/kaldi/egs/timit/s5/mfcc/raw_mfcc_train.5.ark:550485
FCRZ0_SX343 /home/sky/kaldi/egs/timit/s5/mfcc/raw_mfcc_train.1.ark:738362
MJHI0_SI698 /home/sky/kaldi/egs/timit/s5/mfcc/raw_mfcc_train.6.ark:1005516
FKLH0_SX267 /home/sky/kaldi/egs/timit/s5/mfcc/raw_mfcc_train.2.ark:719324
MRMH0_SX121 /home/sky/kaldi/egs/timit/s5/mfcc/raw_mfcc_train.9.ark:519889
MPSW0_SI1697 /home/sky/kaldi/egs/timit/s5/mfcc/raw_mfcc_train.8.ark:906234
MRJM1_SX38 /home/sky/kaldi/egs/timit/s5/mfcc/raw_mfcc_train.9.ark:211368
FBLV0_SX68 /home/sky/kaldi/egs/timit/s5/mfcc/raw_mfcc_train.1.ark:338884
FVFB0_SX132 /home/sky/kaldi/egs/timit/s5/mfcc/raw_mfcc_train.3.ark:1354407
MDPS0_SX89 /home/sky/kaldi/egs/timit/s5/mfcc/raw_mfcc_train.5.ark:649288
MBML0_SX179 /home/sky/kaldi/egs/timit/s5/mfcc/raw_mfcc_train.4.ark:550764
MAPV0_SI663 /home/sky/kaldi/egs/timit/s5/mfcc/raw_mfcc_train.4.ark:206774
MBMA1_SI954 /home/sky/kaldi/egs/timit/s5/mfcc/raw_mfcc_train.4.ark:512675
MTKP0_SX393 /home/sky/kaldi/egs/timit/s5/mfcc/raw_mfcc_train.10.ark:545532
MRWA0_SI2233 /home/sky/kaldi/egs/timit/s5/mfcc/raw_mfcc_train.9.ark:853728
MRJM0_SX148 /home/sky/kaldi/egs/timit/s5/mfcc/raw_mfcc_train.9.ark:165310
MREH1_SI1599 /home/sky/kaldi/egs/timit/s5/mfcc/raw_mfcc_train.8.ark:1314352
FCMM0_SI453 /home/sky/kaldi/egs/timit/s5/mfcc/raw_mfcc_train.1.ark:697841
MGXP0_SX367 /home/sky/kaldi/egs/timit/s5/mfcc/raw_mfcc_train.6.ark:279389
