MRGS0_SX96 /home/sky/kaldi/egs/timit/s5/mfcc/raw_mfcc_train.9.ark:43220
MMEB0_SI1357 /home/sky/kaldi/egs/timit/s5/mfcc/raw_mfcc_train.7.ark:1500207
FJKL0_SX302 /home/sky/kaldi/egs/timit/s5/mfcc/raw_mfcc_train.2.ark:148790
FLAC0_SI901 /home/sky/kaldi/egs/timit/s5/mfcc/raw_mfcc_train.2.ark:776936
MRLJ1_SI2332 /home/sky/kaldi/egs/timit/s5/mfcc/raw_mfcc_train.9.ark:360917
MDBP0_SX78 /home/sky/kaldi/egs/timit/s5/mfcc/raw_mfcc_train.4.ark:1341059
MJDM0_SI1340 /home/sky/kaldi/egs/timit/s5/mfcc/raw_mfcc_train.6.ark:800410
FEAC0_SI1875 /home/sky/kaldi/egs/timit/s5/mfcc/raw_mfcc_train.1.ark:1124031
FEEH0_SX32 /home/sky/kaldi/egs/timit/s5/mfcc/raw_mfcc_train.1.ark:1251129
MRJM1_SX398 /home/sky/kaldi/egs/timit/s5/mfcc/raw_mfcc_train.9.ark:215418
MCAL0_SX328 /home/sky/kaldi/egs/timit/s5/mfcc/raw_mfcc_train.4.ark:749120
MRJM0_SI1095 /home/sky/kaldi/egs/timit/s5/mfcc/raw_mfcc_train.9.ark:153288
MMCC0_SI708 /home/sky/kaldi/egs/timit/s5/mfcc/raw_mfcc_train.7.ark:1294046
MRDM0_SI1044 /home/sky/kaldi/egs/timit/s5/mfcc/raw_mfcc_train.8.ark:1221061
MBGT0_SI1841 /home/sky/kaldi/egs/timit/s5/mfcc/raw_mfcc_train.4.ark:412982
MBEF0_SX111 /home/sky/kaldi/egs/timit/s5/mfcc/raw_mfcc_train.4.ark:396923
MPFU0_SX358 /home/sky/kaldi/egs/timit/s5/mfcc/raw_mfcc_train.8.ark:570904
FCLT0_SX358 /home/sky/kaldi/egs/timit/s5/mfcc/raw_mfcc_train.1.ark:642276
FSAG0_SX63 /home/sky/kaldi/egs/timit/s5/mfcc/raw_mfcc_train.3.ark:480320
MRMB0_SI2211 /home/sky/kaldi/egs/timit/s5/mfcc/raw_mfcc_train.9.ark:446556
FLET0_SI507 /home/sky/kaldi/egs/timit/s5/mfcc/raw_mfcc_train.2.ark:876675
FSJW0_SX343 /home/sky/kaldi/egs/timit/s5/mfcc/raw_mfcc_train.3.ark:845312
MRJH0_SX307 /home/sky/kaldi/egs/timit/s5/mfcc/raw_mfcc_train.9.ark:140696
FCRZ0_SX343 /home/sky/kaldi/egs/timit/s5/mfcc/raw_mfcc_train.1.ark:738362
MPSW0_SX77 /home/sky/kaldi/egs/timit/s5/mfcc/raw_mfcc_train.8.ark:925632
MDEM0_SX338 /home/sky/kaldi/egs/timit/s5/mfcc/raw_mfcc_train.5.ark:54277
MJWG0_SX355 /home/sky/kaldi/egs/timit/s5/mfcc/raw_mfcc_train.7.ark:208530
FLET0_SX277 /home/sky/kaldi/egs/timit/s5/mfcc/raw_mfcc_train.2.ark:888604
FCDR1_SX286 /home/sky/kaldi/egs/timit/s5/mfcc/raw_mfcc_train.1.ark:499777
MBMA0_SX52 /home/sky/kaldi/egs/timit/s5/mfcc/raw_mfcc_train.4.ark:502070
MWSH0_SX436 /home/sky/kaldi/egs/timit/s5/mfcc/raw_mfcc_train.10.ark:1473445
MVLO0_SX337 /home/sky/kaldi/egs/timit/s5/mfcc/raw_mfcc_train.10.ark:1090903
FSMM0_SX54 /home/sky/kaldi/egs/timit/s5/mfcc/raw_mfcc_train.3.ark:1048832
MKES0_SI1883 /home/sky/kaldi/egs/timit/s5/mfcc/raw_mfcc_train.7.ark:586301
MZMB0_SX446 /home/sky/kaldi/egs/timit/s5/mfcc/raw_mfcc_train.10.ark:1506977
MSDS0_SX177 /home/sky/kaldi/egs/timit/s5/mfcc/raw_mfcc_train.9.ark:1136372
MJRP0_SI1835 /home/sky/kaldi/egs/timit/s5/mfcc/raw_mfcc_train.7.ark:111492
MDLC1_SI2065 /home/sky/kaldi/egs/timit/s5/mfcc/raw_mfcc_train.5.ark:274518
FPAC0_SX31 /home/sky/kaldi/egs/timit/s5/mfcc/raw_mfcc_train.3.ark:148270
MREW1_SX60 /home/sky/kaldi/egs/timit/s5/mfcc/raw_mfcc_train.8.ark:1410103
MTMT0_SX308 /home/sky/kaldi/egs/timit/s5/mfcc/raw_mfcc_train.10.ark:701077
FSRH0_SI671 /home/sky/kaldi/egs/timit/s5/mfcc/raw_mfcc_train.3.ark:1126709
FCMM0_SX363 /home/sky/kaldi/egs/timit/s5/mfcc/raw_mfcc_train.1.ark:707183
FJRP1_SX262 /home/sky/kaldi/egs/timit/s5/mfcc/raw_mfcc_train.2.ark:276269
FECD0_SX338 /home/sky/kaldi/egs/timit/s5/mfcc/raw_mfcc_train.1.ark:1212638
MSMS0_SI2063 /home/sky/kaldi/egs/timit/s5/mfcc/raw_mfcc_train.9.ark:1410607
FDXW0_SX71 /home/sky/kaldi/egs/timit/s5/mfcc/raw_mfcc_train.1.ark:1118061
MTML0_SX165 /home/sky/kaldi/egs/timit/s5/mfcc/raw_mfcc_train.10.ark:624574
MCHL0_SX447 /home/sky/kaldi/egs/timit/s5/mfcc/raw_mfcc_train.4.ark:957288
MRJB1_SI1413 /home/sky/kaldi/egs/timit/s5/mfcc/raw_mfcc_train.9.ark:81448
MDLR0_SX243 /home/sky/kaldi/egs/timit/s5/mfcc/raw_mfcc_train.5.ark:407042
MAEB0_SI990 /home/sky/kaldi/egs/timit/s5/mfcc/raw_mfcc_train.4.ark:16759
MEJS0_SI1870 /home/sky/kaldi/egs/timit/s5/mfcc/raw_mfcc_train.5.ark:1064925
MBOM0_SI1014 /home/sky/kaldi/egs/timit/s5/mfcc/raw_mfcc_train.4.ark:570065
MTML0_SX345 /home/sky/kaldi/egs/timit/s5/mfcc/raw_mfcc_train.10.ark:632180
MMDM1_SX63 /home/sky/kaldi/egs/timit/s5/mfcc/raw_mfcc_train.7.ark:1442521
MRSP0_SX79 /home/sky/kaldi/egs/timit/s5/mfcc/raw_mfcc_train.9.ark:742209
MBTH0_SX32 /home/sky/kaldi/egs/timit/s5/mfcc/raw_mfcc_train.4.ark:648779
MMPM0_SI1691 /home/sky/kaldi/egs/timit/s5/mfcc/raw_mfcc_train.8.ark:162384
MRMB0_SX51 /home/sky/kaldi/egs/timit/s5/mfcc/raw_mfcc_train.9.ark:470244
MDAC0_SI631 /home/sky/kaldi/egs/timit/s5/mfcc/raw_mfcc_train.4.ark:1222764
MKJO0_SI2147 /home/sky/kaldi/egs/timit/s5/mfcc/raw_mfcc_train.7.ark:621445
MRBC0_SI599 /home/sky/kaldi/egs/timit/s5/mfcc/raw_mfcc_train.8.ark:1097321
MJPM0_SX378 /home/sky/kaldi/egs/timit/s5/mfcc/raw_mfcc_train.6.ark:1403881
FEEH0_SI1112 /home/sky/kaldi/egs/timit/s5/mfcc/raw_mfcc_train.1.ark:1225893
MHIT0_SX173 /home/sky/kaldi/egs/timit/s5/mfcc/raw_mfcc_train.6.ark:333944
FGCS0_SX136 /home/sky/kaldi/egs/timit/s5/mfcc/raw_mfcc_train.1.ark:1375163
MARC0_SI1188 /home/sky/kaldi/egs/timit/s5/mfcc/raw_mfcc_train.4.ark:231841
MMVP0_SX204 /home/sky/kaldi/egs/timit/s5/mfcc/raw_mfcc_train.8.ark:280889
MMAG0_SX46 /home/sky/kaldi/egs/timit/s5/mfcc/raw_mfcc_train.7.ark:1176890
FAJW0_SX273 /home/sky/kaldi/egs/timit/s5/mfcc/raw_mfcc_train.1.ark:53477
MREE0_SX204 /home/sky/kaldi/egs/timit/s5/mfcc/raw_mfcc_train.8.ark:1301259
MDJM0_SX105 /home/sky/kaldi/egs/timit/s5/mfcc/raw_mfcc_train.5.ark:145161
MJXA0_SI2137 /home/sky/kaldi/egs/timit/s5/mfcc/raw_mfcc_train.7.ark:294850
MBEF0_SI651 /home/sky/kaldi/egs/timit/s5/mfcc/raw_mfcc_train.4.ark:391781
MSFH0_SI1216 /home/sky/kaldi/egs/timit/s5/mfcc/raw_mfcc_train.9.ark:1229134
FCMG0_SI1872 /home/sky/kaldi/egs/timit/s5/mfcc/raw_mfcc_train.1.ark:663906
MWDK0_SX176 /home/sky/kaldi/egs/timit/s5/mfcc/raw_mfcc_train.10.ark:1265187
MRLJ0_SX340 /home/sky/kaldi/egs/timit/s5/mfcc/raw_mfcc_train.9.ark:342238
MWCH0_SX272 /home/sky/kaldi/egs/timit/s5/mfcc/raw_mfcc_train.10.ark:1237304
MEDR0_SI2004 /home/sky/kaldi/egs/timit/s5/mfcc/raw_mfcc_train.5.ark:934714
FTAJ0_SX159 /home/sky/kaldi/egs/timit/s5/mfcc/raw_mfcc_train.3.ark:1197914
MLBC0_SX159 /home/sky/kaldi/egs/timit/s5/mfcc/raw_mfcc_train.7.ark:881450
MCLK0_SX400 /home/sky/kaldi/egs/timit/s5/mfcc/raw_mfcc_train.4.ark:993907
MLNS0_SI2037 /home/sky/kaldi/egs/timit/s5/mfcc/raw_mfcc_train.7.ark:1013965
MRCG0_SX168 /home/sky/kaldi/egs/timit/s5/mfcc/raw_mfcc_train.8.ark:1136749
MRTJ0_SI772 /home/sky/kaldi/egs/timit/s5/mfcc/raw_mfcc_train.9.ark:789193
MAPV0_SI1923 /home/sky/kaldi/egs/timit/s5/mfcc/raw_mfcc_train.4.ark:203101
MRDD0_SI1050 /home/sky/kaldi/egs/timit/s5/mfcc/raw_mfcc_train.8.ark:1190401
FECD0_SX158 /home/sky/kaldi/egs/timit/s5/mfcc/raw_mfcc_train.1.ark:1205110
MRRE0_SX344 /home/sky/kaldi/egs/timit/s5/mfcc/raw_mfcc_train.9.ark:660389
FMEM0_SX117 /home/sky/kaldi/egs/timit/s5/mfcc/raw_mfcc_train.2.ark:1305451
MJRH0_SI1125 /home/sky/kaldi/egs/timit/s5/mfcc/raw_mfcc_train.7.ark:17174
MMAR0_SX256 /home/sky/kaldi/egs/timit/s5/mfcc/raw_mfcc_train.7.ark:1229817
FEAC0_SX345 /home/sky/kaldi/egs/timit/s5/mfcc/raw_mfcc_train.1.ark:1142246
MHJB0_SX27 /home/sky/kaldi/egs/timit/s5/mfcc/raw_mfcc_train.6.ark:370805
MPEB0_SX150 /home/sky/kaldi/egs/timit/s5/mfcc/raw_mfcc_train.8.ark:530468
FBMH0_SX56 /home/sky/kaldi/egs/timit/s5/mfcc/raw_mfcc_train.1.ark:370570
MDMA0_SX440 /home/sky/kaldi/egs/timit/s5/mfcc/raw_mfcc_train.5.ark:488460
FPAF0_SX244 /home/sky/kaldi/egs/timit/s5/mfcc/raw_mfcc_train.3.ark:207223
MTMT0_SX398 /home/sky/kaldi/egs/timit/s5/mfcc/raw_mfcc_train.10.ark:708461
MJEE0_SI1867 /home/sky/kaldi/egs/timit/s5/mfcc/raw_mfcc_train.6.ark:906981
MKDB0_SI588 /home/sky/kaldi/egs/timit/s5/mfcc/raw_mfcc_train.7.ark:487773
MBWP0_SX349 /home/sky/kaldi/egs/timit/s5/mfcc/raw_mfcc_train.4.ark:675792
MJSR0_SI794 /home/sky/kaldi/egs/timit/s5/mfcc/raw_mfcc_train.7.ark:152267
MRTJ0_SI2032 /home/sky/kaldi/egs/timit/s5/mfcc/raw_mfcc_train.9.ark:785845
FCJS0_SI2237 /home/sky/kaldi/egs/timit/s5/mfcc/raw_mfcc_train.1.ark:565161
MJDE0_SX400 /home/sky/kaldi/egs/timit/s5/mfcc/raw_mfcc_train.6.ark:764399
FRLL0_SI1514 /home/sky/kaldi/egs/timit/s5/mfcc/raw_mfcc_train.3.ark:414877
MFER0_SX142 /home/sky/kaldi/egs/timit/s5/mfcc/raw_mfcc_train.5.ark:1188990
FAJW0_SX3 /home/sky/kaldi/egs/timit/s5/mfcc/raw_mfcc_train.1.ark:57265
MDWM0_SX376 /home/sky/kaldi/egs/timit/s5/mfcc/raw_mfcc_train.5.ark:897882
FLMC0_SI2002 /home/sky/kaldi/egs/timit/s5/mfcc/raw_mfcc_train.2.ark:1105920
FCJS0_SI1607 /home/sky/kaldi/egs/timit/s5/mfcc/raw_mfcc_train.1.ark:562761
MRCG0_SX258 /home/sky/kaldi/egs/timit/s5/mfcc/raw_mfcc_train.8.ark:1140292
FTLG0_SI483 /home/sky/kaldi/egs/timit/s5/mfcc/raw_mfcc_train.3.ark:1283324
FLOD0_SX387 /home/sky/kaldi/egs/timit/s5/mfcc/raw_mfcc_train.2.ark:1190720
MBOM0_SX114 /home/sky/kaldi/egs/timit/s5/mfcc/raw_mfcc_train.4.ark:580943
FSMM0_SI684 /home/sky/kaldi/egs/timit/s5/mfcc/raw_mfcc_train.3.ark:1025788
MJDG0_SX232 /home/sky/kaldi/egs/timit/s5/mfcc/raw_mfcc_train.6.ark:785419
MJWT0_SI751 /home/sky/kaldi/egs/timit/s5/mfcc/raw_mfcc_train.7.ark:266057
MPGH0_SX384 /home/sky/kaldi/egs/timit/s5/mfcc/raw_mfcc_train.8.ark:609089
MJDG0_SI1705 /home/sky/kaldi/egs/timit/s5/mfcc/raw_mfcc_train.6.ark:778203
MSMS0_SX83 /home/sky/kaldi/egs/timit/s5/mfcc/raw_mfcc_train.9.ark:1433788
MRLD0_SX334 /home/sky/kaldi/egs/timit/s5/mfcc/raw_mfcc_train.9.ark:312996
MTPG0_SI753 /home/sky/kaldi/egs/timit/s5/mfcc/raw_mfcc_train.10.ark:750674
MRJM0_SX58 /home/sky/kaldi/egs/timit/s5/mfcc/raw_mfcc_train.9.ark:181639
MRPC1_SX312 /home/sky/kaldi/egs/timit/s5/mfcc/raw_mfcc_train.9.ark:622711
MWDK0_SX446 /home/sky/kaldi/egs/timit/s5/mfcc/raw_mfcc_train.10.ark:1277519
FSJG0_SX130 /home/sky/kaldi/egs/timit/s5/mfcc/raw_mfcc_train.3.ark:732794
MFXS0_SX54 /home/sky/kaldi/egs/timit/s5/mfcc/raw_mfcc_train.5.ark:1329985
MPRB0_SI575 /home/sky/kaldi/egs/timit/s5/mfcc/raw_mfcc_train.8.ark:770580
FSBK0_SX349 /home/sky/kaldi/egs/timit/s5/mfcc/raw_mfcc_train.3.ark:570595
MJRK0_SX430 /home/sky/kaldi/egs/timit/s5/mfcc/raw_mfcc_train.7.ark:104757
FAJW0_SI633 /home/sky/kaldi/egs/timit/s5/mfcc/raw_mfcc_train.1.ark:42998
MJJJ0_SX263 /home/sky/kaldi/egs/timit/s5/mfcc/raw_mfcc_train.6.ark:1081825
MDSS0_SX351 /home/sky/kaldi/egs/timit/s5/mfcc/raw_mfcc_train.5.ark:737690
MKLW0_SI1571 /home/sky/kaldi/egs/timit/s5/mfcc/raw_mfcc_train.7.ark:772472
MEJS0_SX340 /home/sky/kaldi/egs/timit/s5/mfcc/raw_mfcc_train.5.ark:1080826
MDCD0_SX425 /home/sky/kaldi/egs/timit/s5/mfcc/raw_mfcc_train.4.ark:1370243
MKDT0_SX443 /home/sky/kaldi/egs/timit/s5/mfcc/raw_mfcc_train.7.ark:574280
FLHD0_SI1344 /home/sky/kaldi/egs/timit/s5/mfcc/raw_mfcc_train.2.ark:899129
MTDP0_SX441 /home/sky/kaldi/egs/timit/s5/mfcc/raw_mfcc_train.10.ark:303549
FBAS0_SI2066 /home/sky/kaldi/egs/timit/s5/mfcc/raw_mfcc_train.1.ark:182895
MRMG0_SI1080 /home/sky/kaldi/egs/timit/s5/mfcc/raw_mfcc_train.9.ark:473723
FPLS0_SI960 /home/sky/kaldi/egs/timit/s5/mfcc/raw_mfcc_train.3.ark:295754
MRJM0_SI1858 /home/sky/kaldi/egs/timit/s5/mfcc/raw_mfcc_train.9.ark:160025
MREM0_SI961 /home/sky/kaldi/egs/timit/s5/mfcc/raw_mfcc_train.8.ark:1361626
MWAR0_SI2305 /home/sky/kaldi/egs/timit/s5/mfcc/raw_mfcc_train.10.ark:1203731
FLMC0_SX336 /home/sky/kaldi/egs/timit/s5/mfcc/raw_mfcc_train.2.ark:1123686
MJJB0_SX239 /home/sky/kaldi/egs/timit/s5/mfcc/raw_mfcc_train.6.ark:1045238
MKES0_SX173 /home/sky/kaldi/egs/timit/s5/mfcc/raw_mfcc_train.7.ark:596923
MGAR0_SX42 /home/sky/kaldi/egs/timit/s5/mfcc/raw_mfcc_train.6.ark:21328
FCMG0_SX432 /home/sky/kaldi/egs/timit/s5/mfcc/raw_mfcc_train.1.ark:679482
MJLB0_SX176 /home/sky/kaldi/egs/timit/s5/mfcc/raw_mfcc_train.6.ark:1176213
MGES0_SX401 /home/sky/kaldi/egs/timit/s5/mfcc/raw_mfcc_train.6.ark:75282
FALK0_SI658 /home/sky/kaldi/egs/timit/s5/mfcc/raw_mfcc_train.1.ark:76033
MMPM0_SX341 /home/sky/kaldi/egs/timit/s5/mfcc/raw_mfcc_train.8.ark:179898
FLJA0_SX448 /home/sky/kaldi/egs/timit/s5/mfcc/raw_mfcc_train.2.ark:956106
MTLC0_SX217 /home/sky/kaldi/egs/timit/s5/mfcc/raw_mfcc_train.10.ark:599238
FJXP0_SI1122 /home/sky/kaldi/egs/timit/s5/mfcc/raw_mfcc_train.2.ark:430653
MMEA0_SX218 /home/sky/kaldi/egs/timit/s5/mfcc/raw_mfcc_train.7.ark:1486477
MADC0_SX287 /home/sky/kaldi/egs/timit/s5/mfcc/raw_mfcc_train.3.ark:1489192
MPGH0_SI1554 /home/sky/kaldi/egs/timit/s5/mfcc/raw_mfcc_train.8.ark:583847
MHRM0_SX328 /home/sky/kaldi/egs/timit/s5/mfcc/raw_mfcc_train.6.ark:459689
MPRK0_SI1097 /home/sky/kaldi/egs/timit/s5/mfcc/raw_mfcc_train.8.ark:834899
MTPP0_SX68 /home/sky/kaldi/egs/timit/s5/mfcc/raw_mfcc_train.10.ark:799463
MCLM0_SX106 /home/sky/kaldi/egs/timit/s5/mfcc/raw_mfcc_train.4.ark:1010044
MMPM0_SX251 /home/sky/kaldi/egs/timit/s5/mfcc/raw_mfcc_train.8.ark:175146
MMDG0_SX430 /home/sky/kaldi/egs/timit/s5/mfcc/raw_mfcc_train.7.ark:1373644
MCSS0_SI1380 /home/sky/kaldi/egs/timit/s5/mfcc/raw_mfcc_train.4.ark:1087244
MMEB0_SX327 /home/sky/kaldi/egs/timit/s5/mfcc/raw_mfcc_train.7.ark:1513587
FSMM0_SX234 /home/sky/kaldi/egs/timit/s5/mfcc/raw_mfcc_train.3.ark:1033394
MPGR0_SI780 /home/sky/kaldi/egs/timit/s5/mfcc/raw_mfcc_train.8.ark:619668
FLHD0_SX264 /home/sky/kaldi/egs/timit/s5/mfcc/raw_mfcc_train.2.ark:914265
MGAR0_SI1694 /home/sky/kaldi/egs/timit/s5/mfcc/raw_mfcc_train.5.ark:1464481
FSGF0_SX387 /home/sky/kaldi/egs/timit/s5/mfcc/raw_mfcc_train.3.ark:712731
MSDS0_SX267 /home/sky/kaldi/egs/timit/s5/mfcc/raw_mfcc_train.9.ark:1139200
MTBC0_SI1173 /home/sky/kaldi/egs/timit/s5/mfcc/raw_mfcc_train.10.ark:176844
MMSM0_SX386 /home/sky/kaldi/egs/timit/s5/mfcc/raw_mfcc_train.8.ark:256282
MVLO0_SX427 /home/sky/kaldi/egs/timit/s5/mfcc/raw_mfcc_train.10.ark:1094901
FTLG0_SX33 /home/sky/kaldi/egs/timit/s5/mfcc/raw_mfcc_train.3.ark:1304574
FBMJ0_SX66 /home/sky/kaldi/egs/timit/s5/mfcc/raw_mfcc_train.1.ark:406948
MMDM0_SI681 /home/sky/kaldi/egs/timit/s5/mfcc/raw_mfcc_train.7.ark:1390066
FCLT0_SX88 /home/sky/kaldi/egs/timit/s5/mfcc/raw_mfcc_train.1.ark:649114
MEAL0_SX107 /home/sky/kaldi/egs/timit/s5/mfcc/raw_mfcc_train.5.ark:915014
MPGR0_SX150 /home/sky/kaldi/egs/timit/s5/mfcc/raw_mfcc_train.8.ark:622769
FSSB0_SI1712 /home/sky/kaldi/egs/timit/s5/mfcc/raw_mfcc_train.3.ark:1157517
MSVS0_SI1568 /home/sky/kaldi/egs/timit/s5/mfcc/raw_mfcc_train.10.ark:3503
MTCS0_SX262 /home/sky/kaldi/egs/timit/s5/mfcc/raw_mfcc_train.10.ark:224003
FMKC0_SX82 /home/sky/kaldi/egs/timit/s5/mfcc/raw_mfcc_train.2.ark:1458820
FLTM0_SI2330 /home/sky/kaldi/egs/timit/s5/mfcc/raw_mfcc_train.2.ark:1200676
MTJS0_SI1822 /home/sky/kaldi/egs/timit/s5/mfcc/raw_mfcc_train.10.ark:413708
FKKH0_SX390 /home/sky/kaldi/egs/timit/s5/mfcc/raw_mfcc_train.2.ark:633086
FSAH0_SX344 /home/sky/kaldi/egs/timit/s5/mfcc/raw_mfcc_train.3.ark:509978
MRSP0_SX169 /home/sky/kaldi/egs/timit/s5/mfcc/raw_mfcc_train.9.ark:726400
MCAL0_SX58 /home/sky/kaldi/egs/timit/s5/mfcc/raw_mfcc_train.4.ark:758805
MRAB1_SI848 /home/sky/kaldi/egs/timit/s5/mfcc/raw_mfcc_train.8.ark:969067
MTRR0_SI2178 /home/sky/kaldi/egs/timit/s5/mfcc/raw_mfcc_train.10.ark:913633
MHIT0_SI983 /home/sky/kaldi/egs/timit/s5/mfcc/raw_mfcc_train.6.ark:327684
MTPF0_SI605 /home/sky/kaldi/egs/timit/s5/mfcc/raw_mfcc_train.10.ark:720470
FJSP0_SX84 /home/sky/kaldi/egs/timit/s5/mfcc/raw_mfcc_train.2.ark:358746
MRSO0_SX39 /home/sky/kaldi/egs/timit/s5/mfcc/raw_mfcc_train.9.ark:703158
MAFM0_SX399 /home/sky/kaldi/egs/timit/s5/mfcc/raw_mfcc_train.4.ark:94362
FCEG0_SI1878 /home/sky/kaldi/egs/timit/s5/mfcc/raw_mfcc_train.1.ark:514620
FCMG0_SX342 /home/sky/kaldi/egs/timit/s5/mfcc/raw_mfcc_train.1.ark:675276
FSMS1_SI874 /home/sky/kaldi/egs/timit/s5/mfcc/raw_mfcc_train.3.ark:1061218
FMJB0_SI1177 /home/sky/kaldi/egs/timit/s5/mfcc/raw_mfcc_train.2.ark:1328016
FSKC0_SI1416 /home/sky/kaldi/egs/timit/s5/mfcc/raw_mfcc_train.3.ark:858983
MRSO0_SI1659 /home/sky/kaldi/egs/timit/s5/mfcc/raw_mfcc_train.9.ark:679554
MPFU0_SI1258 /home/sky/kaldi/egs/timit/s5/mfcc/raw_mfcc_train.8.ark:550016
FBJL0_SI2182 /home/sky/kaldi/egs/timit/s5/mfcc/raw_mfcc_train.1.ark:278959
MPMB0_SX61 /home/sky/kaldi/egs/timit/s5/mfcc/raw_mfcc_train.8.ark:721776
FCRZ0_SX73 /home/sky/kaldi/egs/timit/s5/mfcc/raw_mfcc_train.1.ark:746513
MDLB0_SX226 /home/sky/kaldi/egs/timit/s5/mfcc/raw_mfcc_train.5.ark:215262
FLJD0_SX76 /home/sky/kaldi/egs/timit/s5/mfcc/raw_mfcc_train.2.ark:992777
MKES0_SX443 /home/sky/kaldi/egs/timit/s5/mfcc/raw_mfcc_train.7.ark:610048
MDSS0_SX441 /home/sky/kaldi/egs/timit/s5/mfcc/raw_mfcc_train.5.ark:741675
FVFB0_SX222 /home/sky/kaldi/egs/timit/s5/mfcc/raw_mfcc_train.3.ark:1357755
MKLW0_SX41 /home/sky/kaldi/egs/timit/s5/mfcc/raw_mfcc_train.7.ark:801668
MJFH0_SX297 /home/sky/kaldi/egs/timit/s5/mfcc/raw_mfcc_train.6.ark:954522
MRTC0_SI2088 /home/sky/kaldi/egs/timit/s5/mfcc/raw_mfcc_train.9.ark:751806
MKLS0_SX447 /home/sky/kaldi/egs/timit/s5/mfcc/raw_mfcc_train.7.ark:734220
MWAC0_SI2231 /home/sky/kaldi/egs/timit/s5/mfcc/raw_mfcc_train.10.ark:1135553
FLAG0_SX294 /home/sky/kaldi/egs/timit/s5/mfcc/raw_mfcc_train.2.ark:826654
FLMA0_SX343 /home/sky/kaldi/egs/timit/s5/mfcc/raw_mfcc_train.2.ark:1089394
MRLD0_SI964 /home/sky/kaldi/egs/timit/s5/mfcc/raw_mfcc_train.9.ark:301756
MMEA0_SX38 /home/sky/kaldi/egs/timit/s5/mfcc/raw_mfcc_train.7.ark:1492951
MDTB0_SI1830 /home/sky/kaldi/egs/timit/s5/mfcc/raw_mfcc_train.5.ark:780208
MAFM0_SX39 /home/sky/kaldi/egs/timit/s5/mfcc/raw_mfcc_train.4.ark:91144
FRJB0_SI1427 /home/sky/kaldi/egs/timit/s5/mfcc/raw_mfcc_train.3.ark:385140
MLBC0_SI1869 /home/sky/kaldi/egs/timit/s5/mfcc/raw_mfcc_train.7.ark:873454
MMDB0_SX87 /home/sky/kaldi/egs/timit/s5/mfcc/raw_mfcc_train.7.ark:1342835
MJAC0_SI2148 /home/sky/kaldi/egs/timit/s5/mfcc/raw_mfcc_train.6.ark:540259
FLTM0_SX440 /home/sky/kaldi/egs/timit/s5/mfcc/raw_mfcc_train.2.ark:1219931
MTAS0_SX125 /home/sky/kaldi/egs/timit/s5/mfcc/raw_mfcc_train.10.ark:92013
FSMA0_SX451 /home/sky/kaldi/egs/timit/s5/mfcc/raw_mfcc_train.3.ark:1008586
MTJG0_SX80 /home/sky/kaldi/egs/timit/s5/mfcc/raw_mfcc_train.10.ark:375831
FKLC1_SX328 /home/sky/kaldi/egs/timit/s5/mfcc/raw_mfcc_train.2.ark:689751
FNTB0_SX303 /home/sky/kaldi/egs/timit/s5/mfcc/raw_mfcc_train.3.ark:72282
FKDE0_SX151 /home/sky/kaldi/egs/timit/s5/mfcc/raw_mfcc_train.2.ark:511286
MREM0_SX331 /home/sky/kaldi/egs/timit/s5/mfcc/raw_mfcc_train.8.ark:1372099
MVRW0_SX315 /home/sky/kaldi/egs/timit/s5/mfcc/raw_mfcc_train.10.ark:1120353
FGCS0_SX406 /home/sky/kaldi/egs/timit/s5/mfcc/raw_mfcc_train.1.ark:1387508
FKLC0_SX355 /home/sky/kaldi/egs/timit/s5/mfcc/raw_mfcc_train.2.ark:660209
FLEH0_SX61 /home/sky/kaldi/egs/timit/s5/mfcc/raw_mfcc_train.2.ark:863743
MRHL0_SI1515 /home/sky/kaldi/egs/timit/s5/mfcc/raw_mfcc_train.9.ark:47063
MFXS0_SX144 /home/sky/kaldi/egs/timit/s5/mfcc/raw_mfcc_train.5.ark:1312421
MJHI0_SI1328 /home/sky/kaldi/egs/timit/s5/mfcc/raw_mfcc_train.6.ark:996233
FSKP0_SX198 /home/sky/kaldi/egs/timit/s5/mfcc/raw_mfcc_train.3.ark:940512
MWRP0_SX93 /home/sky/kaldi/egs/timit/s5/mfcc/raw_mfcc_train.10.ark:1411511
MCTH0_SX399 /home/sky/kaldi/egs/timit/s5/mfcc/raw_mfcc_train.4.ark:1149255
MSMR0_SI1405 /home/sky/kaldi/egs/timit/s5/mfcc/raw_mfcc_train.9.ark:1379870
MBWP0_SX439 /home/sky/kaldi/egs/timit/s5/mfcc/raw_mfcc_train.4.ark:681493
MCAE0_SI1447 /home/sky/kaldi/egs/timit/s5/mfcc/raw_mfcc_train.4.ark:690464
FRJB0_SX77 /home/sky/kaldi/egs/timit/s5/mfcc/raw_mfcc_train.3.ark:410943
MJMA0_SX55 /home/sky/kaldi/egs/timit/s5/mfcc/raw_mfcc_train.6.ark:1284299
FSMS1_SI1504 /home/sky/kaldi/egs/timit/s5/mfcc/raw_mfcc_train.3.ark:1053481
MDMT0_SX212 /home/sky/kaldi/egs/timit/s5/mfcc/raw_mfcc_train.5.ark:511617
FALR0_SI1955 /home/sky/kaldi/egs/timit/s5/mfcc/raw_mfcc_train.1.ark:105942
MJBG0_SI1862 /home/sky/kaldi/egs/timit/s5/mfcc/raw_mfcc_train.6.ark:641786
MREW1_SX330 /home/sky/kaldi/egs/timit/s5/mfcc/raw_mfcc_train.8.ark:1400977
MDSS1_SI1713 /home/sky/kaldi/egs/timit/s5/mfcc/raw_mfcc_train.5.ark:752864
FLOD0_SX297 /home/sky/kaldi/egs/timit/s5/mfcc/raw_mfcc_train.2.ark:1188048
FSBK0_SI1699 /home/sky/kaldi/egs/timit/s5/mfcc/raw_mfcc_train.3.ark:556669
FAEM0_SX132 /home/sky/kaldi/egs/timit/s5/mfcc/raw_mfcc_train.1.ark:13048
MNET0_SX186 /home/sky/kaldi/egs/timit/s5/mfcc/raw_mfcc_train.8.ark:440715
FBLV0_SX428 /home/sky/kaldi/egs/timit/s5/mfcc/raw_mfcc_train.1.ark:334354
MEJS0_SX430 /home/sky/kaldi/egs/timit/s5/mfcc/raw_mfcc_train.5.ark:1084382
MTBC0_SX93 /home/sky/kaldi/egs/timit/s5/mfcc/raw_mfcc_train.10.ark:205701
MMDG0_SX160 /home/sky/kaldi/egs/timit/s5/mfcc/raw_mfcc_train.7.ark:1359102
FCEG0_SI1248 /home/sky/kaldi/egs/timit/s5/mfcc/raw_mfcc_train.1.ark:509841
MRJT0_SI868 /home/sky/kaldi/egs/timit/s5/mfcc/raw_mfcc_train.9.ark:225984
FSCN0_SI1886 /home/sky/kaldi/egs/timit/s5/mfcc/raw_mfcc_train.3.ark:587438
MTJS0_SX112 /home/sky/kaldi/egs/timit/s5/mfcc/raw_mfcc_train.10.ark:427827
MDLR0_SX153 /home/sky/kaldi/egs/timit/s5/mfcc/raw_mfcc_train.5.ark:402394
FPLS0_SX3 /home/sky/kaldi/egs/timit/s5/mfcc/raw_mfcc_train.3.ark:308552
MMGC0_SI2184 /home/sky/kaldi/egs/timit/s5/mfcc/raw_mfcc_train.8.ark:20366
MDLR1_SI669 /home/sky/kaldi/egs/timit/s5/mfcc/raw_mfcc_train.5.ark:433046
MDKS0_SX256 /home/sky/kaldi/egs/timit/s5/mfcc/raw_mfcc_train.5.ark:177440
FPMY0_SX73 /home/sky/kaldi/egs/timit/s5/mfcc/raw_mfcc_train.3.ark:352055
FAPB0_SI2323 /home/sky/kaldi/egs/timit/s5/mfcc/raw_mfcc_train.1.ark:141081
MJMD0_SX38 /home/sky/kaldi/egs/timit/s5/mfcc/raw_mfcc_train.6.ark:1308439
MSAH1_SX239 /home/sky/kaldi/egs/timit/s5/mfcc/raw_mfcc_train.9.ark:955815
MWAR0_SI1045 /home/sky/kaldi/egs/timit/s5/mfcc/raw_mfcc_train.10.ark:1193731
FDJH0_SX215 /home/sky/kaldi/egs/timit/s5/mfcc/raw_mfcc_train.1.ark:896215
MMAB1_SX54 /home/sky/kaldi/egs/timit/s5/mfcc/raw_mfcc_train.7.ark:1138769
MRJH0_SX79 /home/sky/kaldi/egs/timit/s5/mfcc/raw_mfcc_train.9.ark:148405
FKFB0_SX348 /home/sky/kaldi/egs/timit/s5/mfcc/raw_mfcc_train.2.ark:585878
MLEL0_SX436 /home/sky/kaldi/egs/timit/s5/mfcc/raw_mfcc_train.7.ark:927912
MRLJ1_SI2301 /home/sky/kaldi/egs/timit/s5/mfcc/raw_mfcc_train.9.ark:355566
FVKB0_SX259 /home/sky/kaldi/egs/timit/s5/mfcc/raw_mfcc_train.3.ark:1385957
FAPB0_SI1063 /home/sky/kaldi/egs/timit/s5/mfcc/raw_mfcc_train.1.ark:131783
MRJM1_SI668 /home/sky/kaldi/egs/timit/s5/mfcc/raw_mfcc_train.9.ark:195897
MEGJ0_SX77 /home/sky/kaldi/egs/timit/s5/mfcc/raw_mfcc_train.5.ark:1026281
FSGF0_SX27 /home/sky/kaldi/egs/timit/s5/mfcc/raw_mfcc_train.3.ark:706893
MDLB0_SX46 /home/sky/kaldi/egs/timit/s5/mfcc/raw_mfcc_train.5.ark:230219
FSMM0_SX414 /home/sky/kaldi/egs/timit/s5/mfcc/raw_mfcc_train.3.ark:1044263
MABC0_SI781 /home/sky/kaldi/egs/timit/s5/mfcc/raw_mfcc_train.3.ark:1441125
MJAE0_SX354 /home/sky/kaldi/egs/timit/s5/mfcc/raw_mfcc_train.6.ark:588315
MEJS0_SX70 /home/sky/kaldi/egs/timit/s5/mfcc/raw_mfcc_train.5.ark:1089445
FSDC0_SX232 /home/sky/kaldi/egs/timit/s5/mfcc/raw_mfcc_train.3.ark:641266
MMAB1_SX234 /home/sky/kaldi/egs/timit/s5/mfcc/raw_mfcc_train.7.ark:1124878
FDAS1_SI831 /home/sky/kaldi/egs/timit/s5/mfcc/raw_mfcc_train.1.ark:793705
MRXB0_SI1585 /home/sky/kaldi/egs/timit/s5/mfcc/raw_mfcc_train.9.ark:909929
FPMY0_SX253 /home/sky/kaldi/egs/timit/s5/mfcc/raw_mfcc_train.3.ark:343644
FCKE0_SX31 /home/sky/kaldi/egs/timit/s5/mfcc/raw_mfcc_train.1.ark:617330
MSEM1_SX270 /home/sky/kaldi/egs/timit/s5/mfcc/raw_mfcc_train.9.ark:1184042
FBCG1_SX352 /home/sky/kaldi/egs/timit/s5/mfcc/raw_mfcc_train.1.ark:225067
FCRZ0_SX433 /home/sky/kaldi/egs/timit/s5/mfcc/raw_mfcc_train.1.ark:742282
FJRB0_SX132 /home/sky/kaldi/egs/timit/s5/mfcc/raw_mfcc_train.2.ark:234670
MJDC0_SX81 /home/sky/kaldi/egs/timit/s5/mfcc/raw_mfcc_train.6.ark:723406
MBMA0_SX232 /home/sky/kaldi/egs/timit/s5/mfcc/raw_mfcc_train.4.ark:490168
MGAG0_SX241 /home/sky/kaldi/egs/timit/s5/mfcc/raw_mfcc_train.5.ark:1410723
MTAT1_SX239 /home/sky/kaldi/egs/timit/s5/mfcc/raw_mfcc_train.10.ark:157875
FLMC0_SX112 /home/sky/kaldi/egs/timit/s5/mfcc/raw_mfcc_train.2.ark:1112278
MRAV0_SX198 /home/sky/kaldi/egs/timit/s5/mfcc/raw_mfcc_train.8.ark:1079916
FDAS1_SX291 /home/sky/kaldi/egs/timit/s5/mfcc/raw_mfcc_train.1.ark:810710
MHRM0_SX148 /home/sky/kaldi/egs/timit/s5/mfcc/raw_mfcc_train.6.ark:452824
MGAK0_SX226 /home/sky/kaldi/egs/timit/s5/mfcc/raw_mfcc_train.5.ark:1443034
FSMM0_SI1314 /home/sky/kaldi/egs/timit/s5/mfcc/raw_mfcc_train.3.ark:1018610
MJMM0_SX355 /home/sky/kaldi/egs/timit/s5/mfcc/raw_mfcc_train.6.ark:1337207
MREH1_SI969 /home/sky/kaldi/egs/timit/s5/mfcc/raw_mfcc_train.8.ark:1323623
MAPV0_SX33 /home/sky/kaldi/egs/timit/s5/mfcc/raw_mfcc_train.4.ark:225027
MRPC1_SI1482 /home/sky/kaldi/egs/timit/s5/mfcc/raw_mfcc_train.9.ark:606411
MSMR0_SX415 /home/sky/kaldi/egs/timit/s5/mfcc/raw_mfcc_train.9.ark:1397871
FTBR0_SX201 /home/sky/kaldi/egs/timit/s5/mfcc/raw_mfcc_train.3.ark:1231479
MTKD0_SX107 /home/sky/kaldi/egs/timit/s5/mfcc/raw_mfcc_train.10.ark:494553
MSDB0_SI1007 /home/sky/kaldi/egs/timit/s5/mfcc/raw_mfcc_train.9.ark:1063070
MDCD0_SI785 /home/sky/kaldi/egs/timit/s5/mfcc/raw_mfcc_train.4.ark:1351014
FLMA0_SI1243 /home/sky/kaldi/egs/timit/s5/mfcc/raw_mfcc_train.2.ark:1071977
FDFB0_SI1948 /home/sky/kaldi/egs/timit/s5/mfcc/raw_mfcc_train.1.ark:857422
MRKM0_SX97 /home/sky/kaldi/egs/timit/s5/mfcc/raw_mfcc_train.9.ark:290748
MRKM0_SX187 /home/sky/kaldi/egs/timit/s5/mfcc/raw_mfcc_train.9.ark:272913
MJLS0_SX376 /home/sky/kaldi/egs/timit/s5/mfcc/raw_mfcc_train.6.ark:1253614
FPLS0_SX240 /home/sky/kaldi/egs/timit/s5/mfcc/raw_mfcc_train.3.ark:304621
MDDC0_SX429 /home/sky/kaldi/egs/timit/s5/mfcc/raw_mfcc_train.4.ark:1430482
MESG0_SI1962 /home/sky/kaldi/egs/timit/s5/mfcc/raw_mfcc_train.5.ark:1094765
FVKB0_SX79 /home/sky/kaldi/egs/timit/s5/mfcc/raw_mfcc_train.3.ark:1401330
FKLH0_SX447 /home/sky/kaldi/egs/timit/s5/mfcc/raw_mfcc_train.2.ark:728763
FSJG0_SI1570 /home/sky/kaldi/egs/timit/s5/mfcc/raw_mfcc_train.3.ark:716561
FEME0_SX155 /home/sky/kaldi/egs/timit/s5/mfcc/raw_mfcc_train.1.ark:1272837
MFMC0_SX52 /home/sky/kaldi/egs/timit/s5/mfcc/raw_mfcc_train.5.ark:1236732
MLBC0_SX339 /home/sky/kaldi/egs/timit/s5/mfcc/raw_mfcc_train.7.ark:888393
MWEM0_SX150 /home/sky/kaldi/egs/timit/s5/mfcc/raw_mfcc_train.10.ark:1295002
MRAI0_SX252 /home/sky/kaldi/egs/timit/s5/mfcc/raw_mfcc_train.8.ark:1013195
FLKM0_SI1880 /home/sky/kaldi/egs/timit/s5/mfcc/raw_mfcc_train.2.ark:1035287
MTBC0_SX363 /home/sky/kaldi/egs/timit/s5/mfcc/raw_mfcc_train.10.ark:200898
MPFU0_SX268 /home/sky/kaldi/egs/timit/s5/mfcc/raw_mfcc_train.8.ark:566555
MDLC1_SI2144 /home/sky/kaldi/egs/timit/s5/mfcc/raw_mfcc_train.5.ark:279817
MGRL0_SX327 /home/sky/kaldi/egs/timit/s5/mfcc/raw_mfcc_train.6.ark:136022
MWAD0_SX252 /home/sky/kaldi/egs/timit/s5/mfcc/raw_mfcc_train.10.ark:1181171
MBJV0_SX257 /home/sky/kaldi/egs/timit/s5/mfcc/raw_mfcc_train.4.ark:460809
MRVG0_SX330 /home/sky/kaldi/egs/timit/s5/mfcc/raw_mfcc_train.9.ark:838424
MMEB0_SI1987 /home/sky/kaldi/egs/timit/s5/mfcc/raw_mfcc_train.7.ark:1505376
FMMH0_SX420 /home/sky/kaldi/egs/timit/s5/mfcc/raw_mfcc_train.2.ark:1517406
MRCG0_SI798 /home/sky/kaldi/egs/timit/s5/mfcc/raw_mfcc_train.8.ark:1131750
FLKM0_SI686 /home/sky/kaldi/egs/timit/s5/mfcc/raw_mfcc_train.2.ark:1046611
MJJM0_SI1457 /home/sky/kaldi/egs/timit/s5/mfcc/raw_mfcc_train.6.ark:1104689
MSDB0_SI1637 /home/sky/kaldi/egs/timit/s5/mfcc/raw_mfcc_train.9.ark:1068109
MREH1_SX159 /home/sky/kaldi/egs/timit/s5/mfcc/raw_mfcc_train.8.ark:1330611
MJAI0_SX74 /home/sky/kaldi/egs/timit/s5/mfcc/raw_mfcc_train.6.ark:631804
MTDP0_SI1274 /home/sky/kaldi/egs/timit/s5/mfcc/raw_mfcc_train.10.ark:273670
MDMA0_SX260 /home/sky/kaldi/egs/timit/s5/mfcc/raw_mfcc_train.5.ark:477630
MAPV0_SX213 /home/sky/kaldi/egs/timit/s5/mfcc/raw_mfcc_train.4.ark:217695
FMKC0_SX172 /home/sky/kaldi/egs/timit/s5/mfcc/raw_mfcc_train.2.ark:1441048
MTRC0_SI993 /home/sky/kaldi/egs/timit/s5/mfcc/raw_mfcc_train.10.ark:890924
MSMS0_SX443 /home/sky/kaldi/egs/timit/s5/mfcc/raw_mfcc_train.9.ark:1430103
FVKB0_SI529 /home/sky/kaldi/egs/timit/s5/mfcc/raw_mfcc_train.3.ark:1377597
MJRK0_SX250 /home/sky/kaldi/egs/timit/s5/mfcc/raw_mfcc_train.7.ark:96865
MRFL0_SX166 /home/sky/kaldi/egs/timit/s5/mfcc/raw_mfcc_train.8.ark:1457823
MDPK0_SI552 /home/sky/kaldi/egs/timit/s5/mfcc/raw_mfcc_train.5.ark:601175
MKAM0_SX326 /home/sky/kaldi/egs/timit/s5/mfcc/raw_mfcc_train.7.ark:471976
MBAR0_SX59 /home/sky/kaldi/egs/timit/s5/mfcc/raw_mfcc_train.4.ark:320976
MVJH0_SI2186 /home/sky/kaldi/egs/timit/s5/mfcc/raw_mfcc_train.10.ark:1045383
MPGR1_SI1269 /home/sky/kaldi/egs/timit/s5/mfcc/raw_mfcc_train.8.ark:641797
MMAA0_SX125 /home/sky/kaldi/egs/timit/s5/mfcc/raw_mfcc_train.7.ark:1090013
FJDM2_SX52 /home/sky/kaldi/egs/timit/s5/mfcc/raw_mfcc_train.2.ark:55056
MTER0_SX257 /home/sky/kaldi/egs/timit/s5/mfcc/raw_mfcc_train.10.ark:333953
FCDR1_SX196 /home/sky/kaldi/egs/timit/s5/mfcc/raw_mfcc_train.1.ark:496559
MAEB0_SX180 /home/sky/kaldi/egs/timit/s5/mfcc/raw_mfcc_train.4.ark:21134
MJRK0_SX340 /home/sky/kaldi/egs/timit/s5/mfcc/raw_mfcc_train.7.ark:100967
MRGM0_SX172 /home/sky/kaldi/egs/timit/s5/mfcc/raw_mfcc_train.8.ark:1495268
MBEF0_SX291 /home/sky/kaldi/egs/timit/s5/mfcc/raw_mfcc_train.4.ark:405172
MFXV0_SI1005 /home/sky/kaldi/egs/timit/s5/mfcc/raw_mfcc_train.5.ark:1334582
MRJH0_SX169 /home/sky/kaldi/egs/timit/s5/mfcc/raw_mfcc_train.9.ark:130035
MRMH0_SI1349 /home/sky/kaldi/egs/timit/s5/mfcc/raw_mfcc_train.9.ark:510852
FPAZ0_SX423 /home/sky/kaldi/egs/timit/s5/mfcc/raw_mfcc_train.3.ark:248698
FBJL0_SX22 /home/sky/kaldi/egs/timit/s5/mfcc/raw_mfcc_train.1.ark:294469
MCAL0_SX418 /home/sky/kaldi/egs/timit/s5/mfcc/raw_mfcc_train.4.ark:753755
MMWB0_SI989 /home/sky/kaldi/egs/timit/s5/mfcc/raw_mfcc_train.8.ark:310989
MILB0_SX3 /home/sky/kaldi/egs/timit/s5/mfcc/raw_mfcc_train.6.ark:527204
FKLC0_SI2245 /home/sky/kaldi/egs/timit/s5/mfcc/raw_mfcc_train.2.ark:639849
MKLS0_SI2067 /home/sky/kaldi/egs/timit/s5/mfcc/raw_mfcc_train.7.ark:715914
FJLR0_SX241 /home/sky/kaldi/egs/timit/s5/mfcc/raw_mfcc_train.2.ark:208074
MKAH0_SX448 /home/sky/kaldi/egs/timit/s5/mfcc/raw_mfcc_train.7.ark:412848
MWRE0_SX247 /home/sky/kaldi/egs/timit/s5/mfcc/raw_mfcc_train.10.ark:1365103
MWGR0_SX436 /home/sky/kaldi/egs/timit/s5/mfcc/raw_mfcc_train.10.ark:1343375
MSFH0_SI1738 /home/sky/kaldi/egs/timit/s5/mfcc/raw_mfcc_train.9.ark:1233575
MJJJ0_SI1793 /home/sky/kaldi/egs/timit/s5/mfcc/raw_mfcc_train.6.ark:1069337
FJKL0_SX392 /home/sky/kaldi/egs/timit/s5/mfcc/raw_mfcc_train.2.ark:155680
MWRE0_SX427 /home/sky/kaldi/egs/timit/s5/mfcc/raw_mfcc_train.10.ark:1374256
MMDG0_SX70 /home/sky/kaldi/egs/timit/s5/mfcc/raw_mfcc_train.7.ark:1378915
MMGG0_SX179 /home/sky/kaldi/egs/timit/s5/mfcc/raw_mfcc_train.8.ark:52268
MJPM0_SX108 /home/sky/kaldi/egs/timit/s5/mfcc/raw_mfcc_train.6.ark:1388527
MMAA0_SX395 /home/sky/kaldi/egs/timit/s5/mfcc/raw_mfcc_train.7.ark:1105133
MCTH0_SI1839 /home/sky/kaldi/egs/timit/s5/mfcc/raw_mfcc_train.4.ark:1125593
MWGR0_SX76 /home/sky/kaldi/egs/timit/s5/mfcc/raw_mfcc_train.10.ark:1346189
MRSP0_SX196 /home/sky/kaldi/egs/timit/s5/mfcc/raw_mfcc_train.9.ark:730840
FMKC0_SI1702 /home/sky/kaldi/egs/timit/s5/mfcc/raw_mfcc_train.2.ark:1438350
MTCS0_SI712 /home/sky/kaldi/egs/timit/s5/mfcc/raw_mfcc_train.10.ark:213108
MCLK0_SX40 /home/sky/kaldi/egs/timit/s5/mfcc/raw_mfcc_train.4.ark:990130
MJWS0_SX333 /home/sky/kaldi/egs/timit/s5/mfcc/raw_mfcc_train.7.ark:239189
MEDR0_SI1374 /home/sky/kaldi/egs/timit/s5/mfcc/raw_mfcc_train.5.ark:931651
MTPG0_SI1383 /home/sky/kaldi/egs/timit/s5/mfcc/raw_mfcc_train.10.ark:742976
MKRG0_SI2121 /home/sky/kaldi/egs/timit/s5/mfcc/raw_mfcc_train.7.ark:811447
MRRE0_SX164 /home/sky/kaldi/egs/timit/s5/mfcc/raw_mfcc_train.9.ark:651847
MJLB0_SX446 /home/sky/kaldi/egs/timit/s5/mfcc/raw_mfcc_train.6.ark:1187830
FAEM0_SX312 /home/sky/kaldi/egs/timit/s5/mfcc/raw_mfcc_train.1.ark:20537
FNKL0_SX196 /home/sky/kaldi/egs/timit/s5/mfcc/raw_mfcc_train.3.ark:37067
MJDM0_SX80 /home/sky/kaldi/egs/timit/s5/mfcc/raw_mfcc_train.6.ark:832920
MJEB1_SX27 /home/sky/kaldi/egs/timit/s5/mfcc/raw_mfcc_train.6.ark:891637
MTQC0_SX271 /home/sky/kaldi/egs/timit/s5/mfcc/raw_mfcc_train.10.ark:861983
MJJB0_SX329 /home/sky/kaldi/egs/timit/s5/mfcc/raw_mfcc_train.6.ark:1049496
MRLK0_SX33 /home/sky/kaldi/egs/timit/s5/mfcc/raw_mfcc_train.9.ark:405916
MVRW0_SX225 /home/sky/kaldi/egs/timit/s5/mfcc/raw_mfcc_train.10.ark:1117967
FKDE0_SI1771 /home/sky/kaldi/egs/timit/s5/mfcc/raw_mfcc_train.2.ark:502470
MGRL0_SX417 /home/sky/kaldi/egs/timit/s5/mfcc/raw_mfcc_train.6.ark:143257
FPAD0_SI716 /home/sky/kaldi/egs/timit/s5/mfcc/raw_mfcc_train.3.ark:162379
MGAF0_SX202 /home/sky/kaldi/egs/timit/s5/mfcc/raw_mfcc_train.5.ark:1382015
FDKN0_SX361 /home/sky/kaldi/egs/timit/s5/mfcc/raw_mfcc_train.1.ark:933785
MABC0_SX421 /home/sky/kaldi/egs/timit/s5/mfcc/raw_mfcc_train.3.ark:1456155
MMWS1_SX261 /home/sky/kaldi/egs/timit/s5/mfcc/raw_mfcc_train.8.ark:383247
FKDE0_SX421 /home/sky/kaldi/egs/timit/s5/mfcc/raw_mfcc_train.2.ark:523748
MKAH0_SI2158 /home/sky/kaldi/egs/timit/s5/mfcc/raw_mfcc_train.7.ark:392351
MAKR0_SI722 /home/sky/kaldi/egs/timit/s5/mfcc/raw_mfcc_train.4.ark:179144
MHMG0_SI1995 /home/sky/kaldi/egs/timit/s5/mfcc/raw_mfcc_train.6.ark:383003
MWDK0_SX356 /home/sky/kaldi/egs/timit/s5/mfcc/raw_mfcc_train.10.ark:1273495
FTLG0_SI840 /home/sky/kaldi/egs/timit/s5/mfcc/raw_mfcc_train.3.ark:1289688
MEDR0_SX384 /home/sky/kaldi/egs/timit/s5/mfcc/raw_mfcc_train.5.ark:957440
MRGM0_SI1162 /home/sky/kaldi/egs/timit/s5/mfcc/raw_mfcc_train.8.ark:1479646
MAEO0_SI1326 /home/sky/kaldi/egs/timit/s5/mfcc/raw_mfcc_train.4.ark:38940
MMCC0_SX258 /home/sky/kaldi/egs/timit/s5/mfcc/raw_mfcc_train.7.ark:1300664
MVLO0_SX157 /home/sky/kaldi/egs/timit/s5/mfcc/raw_mfcc_train.10.ark:1083024
FETB0_SX248 /home/sky/kaldi/egs/timit/s5/mfcc/raw_mfcc_train.1.ark:1310549
MHRM0_SI958 /home/sky/kaldi/egs/timit/s5/mfcc/raw_mfcc_train.6.ark:448670
FAJW0_SX93 /home/sky/kaldi/egs/timit/s5/mfcc/raw_mfcc_train.1.ark:64116
FNTB0_SX213 /home/sky/kaldi/egs/timit/s5/mfcc/raw_mfcc_train.3.ark:68856
MAJP0_SX444 /home/sky/kaldi/egs/timit/s5/mfcc/raw_mfcc_train.4.ark:124704
MDRD0_SX122 /home/sky/kaldi/egs/timit/s5/mfcc/raw_mfcc_train.5.ark:666985
MTER0_SX17 /home/sky/kaldi/egs/timit/s5/mfcc/raw_mfcc_train.10.ark:331294
MDKS0_SX76 /home/sky/kaldi/egs/timit/s5/mfcc/raw_mfcc_train.5.ark:189797
MRLK0_SX123 /home/sky/kaldi/egs/timit/s5/mfcc/raw_mfcc_train.9.ark:395782
FGRW0_SX342 /home/sky/kaldi/egs/timit/s5/mfcc/raw_mfcc_train.1.ark:1494377
MRXB0_SI2215 /home/sky/kaldi/egs/timit/s5/mfcc/raw_mfcc_train.9.ark:912966
FSPM0_SX161 /home/sky/kaldi/egs/timit/s5/mfcc/raw_mfcc_train.3.ark:1099541
MJPG0_SX21 /home/sky/kaldi/egs/timit/s5/mfcc/raw_mfcc_train.6.ark:1365759
MDAS0_SX186 /home/sky/kaldi/egs/timit/s5/mfcc/raw_mfcc_train.4.ark:1263986
MDEM0_SX68 /home/sky/kaldi/egs/timit/s5/mfcc/raw_mfcc_train.5.ark:64989
FCAG0_SI2133 /home/sky/kaldi/egs/timit/s5/mfcc/raw_mfcc_train.1.ark:415851
MJKR0_SI1201 /home/sky/kaldi/egs/timit/s5/mfcc/raw_mfcc_train.6.ark:1131037
FSGF0_SX297 /home/sky/kaldi/egs/timit/s5/mfcc/raw_mfcc_train.3.ark:709682
MDWD0_SX450 /home/sky/kaldi/egs/timit/s5/mfcc/raw_mfcc_train.5.ark:827985
MLSH0_SI1417 /home/sky/kaldi/egs/timit/s5/mfcc/raw_mfcc_train.7.ark:1040313
MRDD0_SX240 /home/sky/kaldi/egs/timit/s5/mfcc/raw_mfcc_train.8.ark:1205628
MJWT0_SX121 /home/sky/kaldi/egs/timit/s5/mfcc/raw_mfcc_train.7.ark:270172
MTJG0_SX170 /home/sky/kaldi/egs/timit/s5/mfcc/raw_mfcc_train.10.ark:355979
MDAS0_SX276 /home/sky/kaldi/egs/timit/s5/mfcc/raw_mfcc_train.4.ark:1269329
MRMG0_SX90 /home/sky/kaldi/egs/timit/s5/mfcc/raw_mfcc_train.9.ark:502724
FPAF0_SX424 /home/sky/kaldi/egs/timit/s5/mfcc/raw_mfcc_train.3.ark:215739
MRAM0_SI1275 /home/sky/kaldi/egs/timit/s5/mfcc/raw_mfcc_train.8.ark:1029863
MREH1_SI1599 /home/sky/kaldi/egs/timit/s5/mfcc/raw_mfcc_train.8.ark:1314352
MTMT0_SX218 /home/sky/kaldi/egs/timit/s5/mfcc/raw_mfcc_train.10.ark:697170
MWAR0_SI1675 /home/sky/kaldi/egs/timit/s5/mfcc/raw_mfcc_train.10.ark:1200044
FLEH0_SX151 /home/sky/kaldi/egs/timit/s5/mfcc/raw_mfcc_train.2.ark:847349
MHMR0_SX129 /home/sky/kaldi/egs/timit/s5/mfcc/raw_mfcc_train.6.ark:422802
MCTM0_SX360 /home/sky/kaldi/egs/timit/s5/mfcc/raw_mfcc_train.4.ark:1173362
MRAB1_SX308 /home/sky/kaldi/egs/timit/s5/mfcc/raw_mfcc_train.8.ark:981997
MTPP0_SI2138 /home/sky/kaldi/egs/timit/s5/mfcc/raw_mfcc_train.10.ark:778115
MTQC0_SX181 /home/sky/kaldi/egs/timit/s5/mfcc/raw_mfcc_train.10.ark:855671
MTMT0_SI1748 /home/sky/kaldi/egs/timit/s5/mfcc/raw_mfcc_train.10.ark:684513
FSKL0_SI899 /home/sky/kaldi/egs/timit/s5/mfcc/raw_mfcc_train.3.ark:897847
MJWS0_SX63 /home/sky/kaldi/egs/timit/s5/mfcc/raw_mfcc_train.7.ark:250057
MRBC0_SX59 /home/sky/kaldi/egs/timit/s5/mfcc/raw_mfcc_train.8.ark:1119013
MRMH0_SI1021 /home/sky/kaldi/egs/timit/s5/mfcc/raw_mfcc_train.9.ark:505826
MMDM1_SI783 /home/sky/kaldi/egs/timit/s5/mfcc/raw_mfcc_train.7.ark:1418502
MRGS0_SX6 /home/sky/kaldi/egs/timit/s5/mfcc/raw_mfcc_train.9.ark:37286
MAJP0_SX84 /home/sky/kaldi/egs/timit/s5/mfcc/raw_mfcc_train.4.ark:129000
MRSP0_SI1429 /home/sky/kaldi/egs/timit/s5/mfcc/raw_mfcc_train.9.ark:711467
MMBS0_SX251 /home/sky/kaldi/egs/timit/s5/mfcc/raw_mfcc_train.7.ark:1266677
FKDW0_SX307 /home/sky/kaldi/egs/timit/s5/mfcc/raw_mfcc_train.2.ark:554244
MGRL0_SX57 /home/sky/kaldi/egs/timit/s5/mfcc/raw_mfcc_train.6.ark:147215
MARW0_SX349 /home/sky/kaldi/egs/timit/s5/mfcc/raw_mfcc_train.4.ark:281158
MJMD0_SX308 /home/sky/kaldi/egs/timit/s5/mfcc/raw_mfcc_train.6.ark:1305040
MRLJ0_SI1420 /home/sky/kaldi/egs/timit/s5/mfcc/raw_mfcc_train.9.ark:322286
FBMJ0_SI815 /home/sky/kaldi/egs/timit/s5/mfcc/raw_mfcc_train.1.ark:385620
MRWA0_SI2233 /home/sky/kaldi/egs/timit/s5/mfcc/raw_mfcc_train.9.ark:853728
MCLM0_SX196 /home/sky/kaldi/egs/timit/s5/mfcc/raw_mfcc_train.4.ark:1015647
MSFH0_SX226 /home/sky/kaldi/egs/timit/s5/mfcc/raw_mfcc_train.9.ark:1250808
MDDC0_SI2049 /home/sky/kaldi/egs/timit/s5/mfcc/raw_mfcc_train.4.ark:1413664
MWAD0_SI2322 /home/sky/kaldi/egs/timit/s5/mfcc/raw_mfcc_train.10.ark:1174852
MTWH1_SX342 /home/sky/kaldi/egs/timit/s5/mfcc/raw_mfcc_train.10.ark:990904
MPRB0_SX125 /home/sky/kaldi/egs/timit/s5/mfcc/raw_mfcc_train.8.ark:777100
MGXP0_SX7 /home/sky/kaldi/egs/timit/s5/mfcc/raw_mfcc_train.6.ark:283970
FJXM0_SI1211 /home/sky/kaldi/egs/timit/s5/mfcc/raw_mfcc_train.2.ark:393767
MRKM0_SI1267 /home/sky/kaldi/egs/timit/s5/mfcc/raw_mfcc_train.9.ark:253391
MJMM0_SX445 /home/sky/kaldi/egs/timit/s5/mfcc/raw_mfcc_train.6.ark:1340373
MNET0_SX96 /home/sky/kaldi/egs/timit/s5/mfcc/raw_mfcc_train.8.ark:454169
FKAA0_SI578 /home/sky/kaldi/egs/timit/s5/mfcc/raw_mfcc_train.2.ark:468685
MRAM0_SI1951 /home/sky/kaldi/egs/timit/s5/mfcc/raw_mfcc_train.8.ark:1037393
MJBG0_SX242 /home/sky/kaldi/egs/timit/s5/mfcc/raw_mfcc_train.6.ark:649665
FSJW0_SX73 /home/sky/kaldi/egs/timit/s5/mfcc/raw_mfcc_train.3.ark:854490
MDWD0_SI1260 /home/sky/kaldi/egs/timit/s5/mfcc/raw_mfcc_train.5.ark:805166
MSRR0_SI1131 /home/sky/kaldi/egs/timit/s5/mfcc/raw_mfcc_train.9.ark:1467341
FGDP0_SI988 /home/sky/kaldi/egs/timit/s5/mfcc/raw_mfcc_train.1.ark:1402058
FSDC0_SX412 /home/sky/kaldi/egs/timit/s5/mfcc/raw_mfcc_train.3.ark:648742
MTMN0_SI1064 /home/sky/kaldi/egs/timit/s5/mfcc/raw_mfcc_train.10.ark:645825
MPGR0_SI2040 /home/sky/kaldi/egs/timit/s5/mfcc/raw_mfcc_train.8.ark:617334
MCEF0_SI1135 /home/sky/kaldi/egs/timit/s5/mfcc/raw_mfcc_train.4.ark:859604
FSKP0_SI1098 /home/sky/kaldi/egs/timit/s5/mfcc/raw_mfcc_train.3.ark:921042
FKAA0_SX128 /home/sky/kaldi/egs/timit/s5/mfcc/raw_mfcc_train.2.ark:473450
MJDG0_SI1042 /home/sky/kaldi/egs/timit/s5/mfcc/raw_mfcc_train.6.ark:769321
FBMH0_SX416 /home/sky/kaldi/egs/timit/s5/mfcc/raw_mfcc_train.1.ark:367197
MADC0_SX197 /home/sky/kaldi/egs/timit/s5/mfcc/raw_mfcc_train.3.ark:1485766
MSAS0_SX26 /home/sky/kaldi/egs/timit/s5/mfcc/raw_mfcc_train.9.ark:995606
FSJW0_SI1333 /home/sky/kaldi/egs/timit/s5/mfcc/raw_mfcc_train.3.ark:824281
MDBP0_SX258 /home/sky/kaldi/egs/timit/s5/mfcc/raw_mfcc_train.4.ark:1326258
FHXS0_SX355 /home/sky/kaldi/egs/timit/s5/mfcc/raw_mfcc_train.2.ark:13515
MCDR0_SX164 /home/sky/kaldi/egs/timit/s5/mfcc/raw_mfcc_train.4.ark:841330
FSAK0_SX130 /home/sky/kaldi/egs/timit/s5/mfcc/raw_mfcc_train.3.ark:532303
FAEM0_SI2022 /home/sky/kaldi/egs/timit/s5/mfcc/raw_mfcc_train.1.ark:6313
MMAG0_SX136 /home/sky/kaldi/egs/timit/s5/mfcc/raw_mfcc_train.7.ark:1157870
MRML0_SX161 /home/sky/kaldi/egs/timit/s5/mfcc/raw_mfcc_train.9.ark:550938
MBCG0_SI486 /home/sky/kaldi/egs/timit/s5/mfcc/raw_mfcc_train.4.ark:357566
FREH0_SX235 /home/sky/kaldi/egs/timit/s5/mfcc/raw_mfcc_train.3.ark:372762
FPAD0_SX176 /home/sky/kaldi/egs/timit/s5/mfcc/raw_mfcc_train.3.ark:168613
MJLG1_SX202 /home/sky/kaldi/egs/timit/s5/mfcc/raw_mfcc_train.6.ark:1210715
MRHL0_SX165 /home/sky/kaldi/egs/timit/s5/mfcc/raw_mfcc_train.9.ark:58096
MMWS1_SI1701 /home/sky/kaldi/egs/timit/s5/mfcc/raw_mfcc_train.8.ark:376953
MFRM0_SX345 /home/sky/kaldi/egs/timit/s5/mfcc/raw_mfcc_train.5.ark:1260606
FSMM0_SI1944 /home/sky/kaldi/egs/timit/s5/mfcc/raw_mfcc_train.3.ark:1022245
MJRA0_SX66 /home/sky/kaldi/egs/timit/s5/mfcc/raw_mfcc_train.6.ark:1469125
MKES0_SX353 /home/sky/kaldi/egs/timit/s5/mfcc/raw_mfcc_train.7.ark:605166
MFXS0_SI1674 /home/sky/kaldi/egs/timit/s5/mfcc/raw_mfcc_train.5.ark:1303415
FPMY0_SX196 /home/sky/kaldi/egs/timit/s5/mfcc/raw_mfcc_train.3.ark:340660
FCYL0_SX397 /home/sky/kaldi/egs/timit/s5/mfcc/raw_mfcc_train.1.ark:779681
MMGK0_SX332 /home/sky/kaldi/egs/timit/s5/mfcc/raw_mfcc_train.8.ark:87296
MGJC0_SX165 /home/sky/kaldi/egs/timit/s5/mfcc/raw_mfcc_train.6.ark:95118
MDCM0_SX40 /home/sky/kaldi/egs/timit/s5/mfcc/raw_mfcc_train.4.ark:1400797
MJDG0_SX322 /home/sky/kaldi/egs/timit/s5/mfcc/raw_mfcc_train.6.ark:789950
FBJL0_SX382 /home/sky/kaldi/egs/timit/s5/mfcc/raw_mfcc_train.1.ark:303245
MEGJ0_SX3 /home/sky/kaldi/egs/timit/s5/mfcc/raw_mfcc_train.5.ark:1018741
FKFB0_SI1608 /home/sky/kaldi/egs/timit/s5/mfcc/raw_mfcc_train.2.ark:564119
FJDM2_SI1964 /home/sky/kaldi/egs/timit/s5/mfcc/raw_mfcc_train.2.ark:27961
MRTJ0_SX412 /home/sky/kaldi/egs/timit/s5/mfcc/raw_mfcc_train.9.ark:812374
FPLS0_SI2220 /home/sky/kaldi/egs/timit/s5/mfcc/raw_mfcc_train.3.ark:291847
MKXL0_SX195 /home/sky/kaldi/egs/timit/s5/mfcc/raw_mfcc_train.7.ark:858175
FSRH0_SX401 /home/sky/kaldi/egs/timit/s5/mfcc/raw_mfcc_train.3.ark:1143988
FDNC0_SX198 /home/sky/kaldi/egs/timit/s5/mfcc/raw_mfcc_train.1.ark:1044157
FNKL0_SI2152 /home/sky/kaldi/egs/timit/s5/mfcc/raw_mfcc_train.3.ark:23084
MSFV0_SX272 /home/sky/kaldi/egs/timit/s5/mfcc/raw_mfcc_train.9.ark:1287109
MRRE0_SI952 /home/sky/kaldi/egs/timit/s5/mfcc/raw_mfcc_train.9.ark:645275
MMVP0_SI1284 /home/sky/kaldi/egs/timit/s5/mfcc/raw_mfcc_train.8.ark:260177
FLJA0_SI1078 /home/sky/kaldi/egs/timit/s5/mfcc/raw_mfcc_train.2.ark:929464
MDLC0_SX45 /home/sky/kaldi/egs/timit/s5/mfcc/raw_mfcc_train.5.ark:264349
MDLC2_SI984 /home/sky/kaldi/egs/timit/s5/mfcc/raw_mfcc_train.5.ark:304236
MCLK0_SI2290 /home/sky/kaldi/egs/timit/s5/mfcc/raw_mfcc_train.4.ark:966033
FSAK0_SX310 /home/sky/kaldi/egs/timit/s5/mfcc/raw_mfcc_train.3.ark:539623
FCJF0_SI1657 /home/sky/kaldi/egs/timit/s5/mfcc/raw_mfcc_train.1.ark:541314
FDXW0_SI1511 /home/sky/kaldi/egs/timit/s5/mfcc/raw_mfcc_train.1.ark:1092649
MHMG0_SX195 /home/sky/kaldi/egs/timit/s5/mfcc/raw_mfcc_train.6.ark:399319
FVKB0_SX349 /home/sky/kaldi/egs/timit/s5/mfcc/raw_mfcc_train.3.ark:1390462
FPMY0_SI1153 /home/sky/kaldi/egs/timit/s5/mfcc/raw_mfcc_train.3.ark:319012
MMSM0_SX116 /home/sky/kaldi/egs/timit/s5/mfcc/raw_mfcc_train.8.ark:241539
MDCD0_SX245 /home/sky/kaldi/egs/timit/s5/mfcc/raw_mfcc_train.4.ark:1361116
MPPC0_SX242 /home/sky/kaldi/egs/timit/s5/mfcc/raw_mfcc_train.8.ark:744433
MKJO0_SI1517 /home/sky/kaldi/egs/timit/s5/mfcc/raw_mfcc_train.7.ark:617303
FJWB1_SX435 /home/sky/kaldi/egs/timit/s5/mfcc/raw_mfcc_train.2.ark:386304
MDWM0_SX106 /home/sky/kaldi/egs/timit/s5/mfcc/raw_mfcc_train.5.ark:886682
FREH0_SX145 /home/sky/kaldi/egs/timit/s5/mfcc/raw_mfcc_train.3.ark:369752
MMGG0_SI1079 /home/sky/kaldi/egs/timit/s5/mfcc/raw_mfcc_train.8.ark:40207
FJLR0_SI601 /home/sky/kaldi/egs/timit/s5/mfcc/raw_mfcc_train.2.ark:199922
FNKL0_SI1522 /home/sky/kaldi/egs/timit/s5/mfcc/raw_mfcc_train.3.ark:19657
MWCH0_SI1622 /home/sky/kaldi/egs/timit/s5/mfcc/raw_mfcc_train.10.ark:1224911
MDWH0_SI665 /home/sky/kaldi/egs/timit/s5/mfcc/raw_mfcc_train.5.ark:844836
MGSH0_SI546 /home/sky/kaldi/egs/timit/s5/mfcc/raw_mfcc_train.6.ark:196331
MRCG0_SX78 /home/sky/kaldi/egs/timit/s5/mfcc/raw_mfcc_train.8.ark:1156575
FDML0_SX69 /home/sky/kaldi/egs/timit/s5/mfcc/raw_mfcc_train.1.ark:972050
FDMY0_SI714 /home/sky/kaldi/egs/timit/s5/mfcc/raw_mfcc_train.1.ark:989154
MRJB1_SX300 /home/sky/kaldi/egs/timit/s5/mfcc/raw_mfcc_train.9.ark:106300
MKAH0_SX358 /home/sky/kaldi/egs/timit/s5/mfcc/raw_mfcc_train.7.ark:409279
MCEW0_SX362 /home/sky/kaldi/egs/timit/s5/mfcc/raw_mfcc_train.4.ark:915038
MWEM0_SI1393 /home/sky/kaldi/egs/timit/s5/mfcc/raw_mfcc_train.10.ark:1288760
MGRL0_SI867 /home/sky/kaldi/egs/timit/s5/mfcc/raw_mfcc_train.6.ark:125783
MPEB0_SX240 /home/sky/kaldi/egs/timit/s5/mfcc/raw_mfcc_train.8.ark:533530
MWSB0_SX96 /home/sky/kaldi/egs/timit/s5/mfcc/raw_mfcc_train.10.ark:1439867
FREH0_SX415 /home/sky/kaldi/egs/timit/s5/mfcc/raw_mfcc_train.3.ark:378574
MEWM0_SI1978 /home/sky/kaldi/egs/timit/s5/mfcc/raw_mfcc_train.5.ark:1154534
MKAJ0_SI1414 /home/sky/kaldi/egs/timit/s5/mfcc/raw_mfcc_train.7.ark:421390
MPMB0_SI871 /home/sky/kaldi/egs/timit/s5/mfcc/raw_mfcc_train.8.ark:689957
MDMT0_SI2341 /home/sky/kaldi/egs/timit/s5/mfcc/raw_mfcc_train.5.ark:499714
MJLG1_SX22 /home/sky/kaldi/egs/timit/s5/mfcc/raw_mfcc_train.6.ark:1213061
MRMB0_SI1581 /home/sky/kaldi/egs/timit/s5/mfcc/raw_mfcc_train.9.ark:442986
MKLN0_SX428 /home/sky/kaldi/egs/timit/s5/mfcc/raw_mfcc_train.7.ark:669546
MWSB0_SI996 /home/sky/kaldi/egs/timit/s5/mfcc/raw_mfcc_train.10.ark:1421336
MJPM0_SI1368 /home/sky/kaldi/egs/timit/s5/mfcc/raw_mfcc_train.6.ark:1373984
MJXL0_SX452 /home/sky/kaldi/egs/timit/s5/mfcc/raw_mfcc_train.7.ark:344823
FVMH0_SX296 /home/sky/kaldi/egs/timit/s5/mfcc/raw_mfcc_train.3.ark:1429564
MDPS0_SX89 /home/sky/kaldi/egs/timit/s5/mfcc/raw_mfcc_train.5.ark:649288
FSJS0_SI1801 /home/sky/kaldi/egs/timit/s5/mfcc/raw_mfcc_train.3.ark:792304
MJDG0_SX52 /home/sky/kaldi/egs/timit/s5/mfcc/raw_mfcc_train.6.ark:796619
MDKS0_SI1696 /home/sky/kaldi/egs/timit/s5/mfcc/raw_mfcc_train.5.ark:164444
MTJM0_SX146 /home/sky/kaldi/egs/timit/s5/mfcc/raw_mfcc_train.10.ark:393398
FBLV0_SI1058 /home/sky/kaldi/egs/timit/s5/mfcc/raw_mfcc_train.1.ark:307452
MDLH0_SI700 /home/sky/kaldi/egs/timit/s5/mfcc/raw_mfcc_train.5.ark:335752
MTAS0_SI2015 /home/sky/kaldi/egs/timit/s5/mfcc/raw_mfcc_train.10.ark:86552
MTAS0_SX305 /home/sky/kaldi/egs/timit/s5/mfcc/raw_mfcc_train.10.ark:98345
MWRP0_SI1443 /home/sky/kaldi/egs/timit/s5/mfcc/raw_mfcc_train.10.ark:1382928
MJWT0_SI1381 /home/sky/kaldi/egs/timit/s5/mfcc/raw_mfcc_train.7.ark:259914
MRWS0_SX112 /home/sky/kaldi/egs/timit/s5/mfcc/raw_mfcc_train.9.ark:893449
MDLM0_SX424 /home/sky/kaldi/egs/timit/s5/mfcc/raw_mfcc_train.5.ark:384002
FLJG0_SI2241 /home/sky/kaldi/egs/timit/s5/mfcc/raw_mfcc_train.2.ark:1001399
FMJF0_SI1884 /home/sky/kaldi/egs/timit/s5/mfcc/raw_mfcc_train.2.ark:1364128
MDWH0_SX395 /home/sky/kaldi/egs/timit/s5/mfcc/raw_mfcc_train.5.ark:868361
FNTB0_SI1203 /home/sky/kaldi/egs/timit/s5/mfcc/raw_mfcc_train.3.ark:51525
MDAC0_SX451 /home/sky/kaldi/egs/timit/s5/mfcc/raw_mfcc_train.4.ark:1241564
FDNC0_SX378 /home/sky/kaldi/egs/timit/s5/mfcc/raw_mfcc_train.1.ark:1052699
MDSJ0_SX112 /home/sky/kaldi/egs/timit/s5/mfcc/raw_mfcc_train.5.ark:701479
MCPM0_SI1824 /home/sky/kaldi/egs/timit/s5/mfcc/raw_mfcc_train.4.ark:1029457
FJSK0_SX152 /home/sky/kaldi/egs/timit/s5/mfcc/raw_mfcc_train.2.ark:310393
MJSR0_SX164 /home/sky/kaldi/egs/timit/s5/mfcc/raw_mfcc_train.7.ark:159112
MGAG0_SX61 /home/sky/kaldi/egs/timit/s5/mfcc/raw_mfcc_train.5.ark:1419921
FLMK0_SX405 /home/sky/kaldi/egs/timit/s5/mfcc/raw_mfcc_train.2.ark:1157415
FBCH0_SI956 /home/sky/kaldi/egs/timit/s5/mfcc/raw_mfcc_train.1.ark:244075
MJJB0_SI1769 /home/sky/kaldi/egs/timit/s5/mfcc/raw_mfcc_train.6.ark:1036865
MTAT1_SI779 /home/sky/kaldi/egs/timit/s5/mfcc/raw_mfcc_train.10.ark:146317
FDXW0_SX251 /home/sky/kaldi/egs/timit/s5/mfcc/raw_mfcc_train.1.ark:1106705
MLSH0_SX157 /home/sky/kaldi/egs/timit/s5/mfcc/raw_mfcc_train.7.ark:1053517
MREW1_SI870 /home/sky/kaldi/egs/timit/s5/mfcc/raw_mfcc_train.8.ark:1389503
MDEF0_SX33 /home/sky/kaldi/egs/timit/s5/mfcc/raw_mfcc_train.5.ark:23105
MRKM0_SX367 /home/sky/kaldi/egs/timit/s5/mfcc/raw_mfcc_train.9.ark:280935
FGRW0_SI1782 /home/sky/kaldi/egs/timit/s5/mfcc/raw_mfcc_train.1.ark:1476954
MARC0_SX18 /home/sky/kaldi/egs/timit/s5/mfcc/raw_mfcc_train.4.ark:244453
MSMC0_SI647 /home/sky/kaldi/egs/timit/s5/mfcc/raw_mfcc_train.9.ark:1348828
MADD0_SX448 /home/sky/kaldi/egs/timit/s5/mfcc/raw_mfcc_train.4.ark:12
FTBW0_SI715 /home/sky/kaldi/egs/timit/s5/mfcc/raw_mfcc_train.3.ark:1251672
MTAB0_SX132 /home/sky/kaldi/egs/timit/s5/mfcc/raw_mfcc_train.10.ark:59131
MJDA0_SX401 /home/sky/kaldi/egs/timit/s5/mfcc/raw_mfcc_train.6.ark:687814
MJRP0_SI1845 /home/sky/kaldi/egs/timit/s5/mfcc/raw_mfcc_train.7.ark:113294
MJHI0_SX68 /home/sky/kaldi/egs/timit/s5/mfcc/raw_mfcc_train.6.ark:1025245
MDWH0_SX215 /home/sky/kaldi/egs/timit/s5/mfcc/raw_mfcc_train.5.ark:854860
MCAL0_SX238 /home/sky/kaldi/egs/timit/s5/mfcc/raw_mfcc_train.4.ark:745785
FSLS0_SX246 /home/sky/kaldi/egs/timit/s5/mfcc/raw_mfcc_train.3.ark:972564
MJRH0_SX45 /home/sky/kaldi/egs/timit/s5/mfcc/raw_mfcc_train.7.ark:45759
MTLC0_SX397 /home/sky/kaldi/egs/timit/s5/mfcc/raw_mfcc_train.10.ark:607461
MJRH1_SI1774 /home/sky/kaldi/egs/timit/s5/mfcc/raw_mfcc_train.7.ark:55863
MCSS0_SI750 /home/sky/kaldi/egs/timit/s5/mfcc/raw_mfcc_train.4.ark:1099283
MRCG0_SI1428 /home/sky/kaldi/egs/timit/s5/mfcc/raw_mfcc_train.8.ark:1121803
MGAK0_SI2296 /home/sky/kaldi/egs/timit/s5/mfcc/raw_mfcc_train.5.ark:1433530
MCEF0_SX415 /home/sky/kaldi/egs/timit/s5/mfcc/raw_mfcc_train.4.ark:882787
MJAE0_SI1999 /home/sky/kaldi/egs/timit/s5/mfcc/raw_mfcc_train.6.ark:573206
FJSK0_SI1682 /home/sky/kaldi/egs/timit/s5/mfcc/raw_mfcc_train.2.ark:304242
FKDW0_SX37 /home/sky/kaldi/egs/timit/s5/mfcc/raw_mfcc_train.2.ark:556811
MJAI0_SI682 /home/sky/kaldi/egs/timit/s5/mfcc/raw_mfcc_train.6.ark:606764
MJAC0_SI1331 /home/sky/kaldi/egs/timit/s5/mfcc/raw_mfcc_train.6.ark:536026
MCRE0_SX131 /home/sky/kaldi/egs/timit/s5/mfcc/raw_mfcc_train.4.ark:1067671
FKDE0_SX241 /home/sky/kaldi/egs/timit/s5/mfcc/raw_mfcc_train.2.ark:515440
MBTH0_SI505 /home/sky/kaldi/egs/timit/s5/mfcc/raw_mfcc_train.4.ark:628907
MGRL0_SI1497 /home/sky/kaldi/egs/timit/s5/mfcc/raw_mfcc_train.6.ark:118865
MBMA1_SI954 /home/sky/kaldi/egs/timit/s5/mfcc/raw_mfcc_train.4.ark:512675
FBJL0_SI922 /home/sky/kaldi/egs/timit/s5/mfcc/raw_mfcc_train.1.ark:282294
FSKC0_SX336 /home/sky/kaldi/egs/timit/s5/mfcc/raw_mfcc_train.3.ark:875971
MBBR0_SI1055 /home/sky/kaldi/egs/timit/s5/mfcc/raw_mfcc_train.4.ark:323558
MDCM0_SX220 /home/sky/kaldi/egs/timit/s5/mfcc/raw_mfcc_train.4.ark:1392750
MTRT0_SX254 /home/sky/kaldi/egs/timit/s5/mfcc/raw_mfcc_train.10.ark:963079
MBBR0_SI1685 /home/sky/kaldi/egs/timit/s5/mfcc/raw_mfcc_train.4.ark:329494
MDWH0_SI1925 /home/sky/kaldi/egs/timit/s5/mfcc/raw_mfcc_train.5.ark:841787
MDLH0_SX160 /home/sky/kaldi/egs/timit/s5/mfcc/raw_mfcc_train.5.ark:340751
FJSP0_SI1763 /home/sky/kaldi/egs/timit/s5/mfcc/raw_mfcc_train.2.ark:337177
MPRT0_SI495 /home/sky/kaldi/egs/timit/s5/mfcc/raw_mfcc_train.8.ark:879241
MTRR0_SX108 /home/sky/kaldi/egs/timit/s5/mfcc/raw_mfcc_train.10.ark:922747
FTBW0_SI1345 /home/sky/kaldi/egs/timit/s5/mfcc/raw_mfcc_train.3.ark:1245066
FJEN0_SX147 /home/sky/kaldi/egs/timit/s5/mfcc/raw_mfcc_train.2.ark:72247
MMAM0_SX337 /home/sky/kaldi/egs/timit/s5/mfcc/raw_mfcc_train.7.ark:1198073
MJDA0_SI1031 /home/sky/kaldi/egs/timit/s5/mfcc/raw_mfcc_train.6.ark:667984
FCMM0_SX93 /home/sky/kaldi/egs/timit/s5/mfcc/raw_mfcc_train.1.ark:716595
MTLC0_SI847 /home/sky/kaldi/egs/timit/s5/mfcc/raw_mfcc_train.10.ark:593491
MKAJ0_SX244 /home/sky/kaldi/egs/timit/s5/mfcc/raw_mfcc_train.7.ark:435836
MCTM0_SX270 /home/sky/kaldi/egs/timit/s5/mfcc/raw_mfcc_train.4.ark:1170313
FECD0_SX248 /home/sky/kaldi/egs/timit/s5/mfcc/raw_mfcc_train.1.ark:1208562
MHRM0_SI1475 /home/sky/kaldi/egs/timit/s5/mfcc/raw_mfcc_train.6.ark:442558
MMBS0_SI1781 /home/sky/kaldi/egs/timit/s5/mfcc/raw_mfcc_train.7.ark:1251940
MDLH0_SX250 /home/sky/kaldi/egs/timit/s5/mfcc/raw_mfcc_train.5.ark:346556
MTJU0_SI2269 /home/sky/kaldi/egs/timit/s5/mfcc/raw_mfcc_train.10.ark:454052
MRJM1_SX218 /home/sky/kaldi/egs/timit/s5/mfcc/raw_mfcc_train.9.ark:202892
FMJU0_SX129 /home/sky/kaldi/egs/timit/s5/mfcc/raw_mfcc_train.2.ark:1408945
MJEB1_SI1467 /home/sky/kaldi/egs/timit/s5/mfcc/raw_mfcc_train.6.ark:867578
MDMA0_SI1238 /home/sky/kaldi/egs/timit/s5/mfcc/raw_mfcc_train.5.ark:459543
MJRH0_SI1840 /home/sky/kaldi/egs/timit/s5/mfcc/raw_mfcc_train.7.ark:24678
FBLV0_SX158 /home/sky/kaldi/egs/timit/s5/mfcc/raw_mfcc_train.1.ark:323517
FSDJ0_SI1745 /home/sky/kaldi/egs/timit/s5/mfcc/raw_mfcc_train.3.ark:661738
FEAR0_SX172 /home/sky/kaldi/egs/timit/s5/mfcc/raw_mfcc_train.1.ark:1164844
MABC0_SX151 /home/sky/kaldi/egs/timit/s5/mfcc/raw_mfcc_train.3.ark:1446033
MRTC0_SX18 /home/sky/kaldi/egs/timit/s5/mfcc/raw_mfcc_train.9.ark:764592
MWSB0_SX366 /home/sky/kaldi/egs/timit/s5/mfcc/raw_mfcc_train.10.ark:1432641
MAJP0_SI1704 /home/sky/kaldi/egs/timit/s5/mfcc/raw_mfcc_train.4.ark:100527
MAEB0_SI1411 /home/sky/kaldi/egs/timit/s5/mfcc/raw_mfcc_train.4.ark:7891
MJLS0_SI1096 /home/sky/kaldi/egs/timit/s5/mfcc/raw_mfcc_train.6.ark:1223899
MNTW0_SX168 /home/sky/kaldi/egs/timit/s5/mfcc/raw_mfcc_train.8.ark:473908
MAEO0_SX426 /home/sky/kaldi/egs/timit/s5/mfcc/raw_mfcc_train.4.ark:62904
FNKL0_SX262 /home/sky/kaldi/egs/timit/s5/mfcc/raw_mfcc_train.3.ark:39544
MSEM1_SI1440 /home/sky/kaldi/egs/timit/s5/mfcc/raw_mfcc_train.9.ark:1158377
MRFL0_SI1786 /home/sky/kaldi/egs/timit/s5/mfcc/raw_mfcc_train.8.ark:1449476
MAJP0_SX174 /home/sky/kaldi/egs/timit/s5/mfcc/raw_mfcc_train.4.ark:110617
MRDM0_SX425 /home/sky/kaldi/egs/timit/s5/mfcc/raw_mfcc_train.8.ark:1247533
MDAS0_SI1266 /home/sky/kaldi/egs/timit/s5/mfcc/raw_mfcc_train.4.ark:1249742
MRCW0_SI2001 /home/sky/kaldi/egs/timit/s5/mfcc/raw_mfcc_train.8.ark:1165314
MDSJ0_SX292 /home/sky/kaldi/egs/timit/s5/mfcc/raw_mfcc_train.5.ark:708343
MJMA0_SX415 /home/sky/kaldi/egs/timit/s5/mfcc/raw_mfcc_train.6.ark:1281316
MGAR0_SX402 /home/sky/kaldi/egs/timit/s5/mfcc/raw_mfcc_train.6.ark:17227
MRTC0_SX198 /home/sky/kaldi/egs/timit/s5/mfcc/raw_mfcc_train.9.ark:768590
MBBR0_SX65 /home/sky/kaldi/egs/timit/s5/mfcc/raw_mfcc_train.4.ark:351038
MJDC0_SI2165 /home/sky/kaldi/egs/timit/s5/mfcc/raw_mfcc_train.6.ark:699185
MJRG0_SI1366 /home/sky/kaldi/egs/timit/s5/mfcc/raw_mfcc_train.6.ark:1472266
MDCD0_SI2045 /home/sky/kaldi/egs/timit/s5/mfcc/raw_mfcc_train.4.ark:1347887
MMDG0_SI2035 /home/sky/kaldi/egs/timit/s5/mfcc/raw_mfcc_train.7.ark:1351977
FLJG0_SI1611 /home/sky/kaldi/egs/timit/s5/mfcc/raw_mfcc_train.2.ark:996841
FSKP0_SX108 /home/sky/kaldi/egs/timit/s5/mfcc/raw_mfcc_train.3.ark:933830
MBOM0_SI1644 /home/sky/kaldi/egs/timit/s5/mfcc/raw_mfcc_train.4.ark:574948
MPFU0_SX448 /home/sky/kaldi/egs/timit/s5/mfcc/raw_mfcc_train.8.ark:574278
MRGM0_SX82 /home/sky/kaldi/egs/timit/s5/mfcc/raw_mfcc_train.9.ark:6895
MRLK0_SI2140 /home/sky/kaldi/egs/timit/s5/mfcc/raw_mfcc_train.9.ark:386226
MDHS0_SX90 /home/sky/kaldi/egs/timit/s5/mfcc/raw_mfcc_train.5.ark:128023
FLKM0_SX80 /home/sky/kaldi/egs/timit/s5/mfcc/raw_mfcc_train.2.ark:1068797
MTRR0_SX288 /home/sky/kaldi/egs/timit/s5/mfcc/raw_mfcc_train.10.ark:933674
MBSB0_SX3 /home/sky/kaldi/egs/timit/s5/mfcc/raw_mfcc_train.4.ark:614826
FJDM2_SI2212 /home/sky/kaldi/egs/timit/s5/mfcc/raw_mfcc_train.2.ark:32480
MBSB0_SI1983 /home/sky/kaldi/egs/timit/s5/mfcc/raw_mfcc_train.4.ark:603022
MDLB0_SX316 /home/sky/kaldi/egs/timit/s5/mfcc/raw_mfcc_train.5.ark:220105
MSJK0_SI1596 /home/sky/kaldi/egs/timit/s5/mfcc/raw_mfcc_train.9.ark:1305402
