MDBP0_SI1158 /home/sky/kaldi/egs/timit/s5/mfcc/raw_mfcc_train.4.ark:1309433
MCRE0_SX131 /home/sky/kaldi/egs/timit/s5/mfcc/raw_mfcc_train.4.ark:1067671
MDLM0_SI1864 /home/sky/kaldi/egs/timit/s5/mfcc/raw_mfcc_train.5.ark:366612
FAPB0_SX433 /home/sky/kaldi/egs/timit/s5/mfcc/raw_mfcc_train.1.ark:161818
MKLS1_SX105 /home/sky/kaldi/egs/timit/s5/mfcc/raw_mfcc_train.7.ark:754718
MCSS0_SI1380 /home/sky/kaldi/egs/timit/s5/mfcc/raw_mfcc_train.4.ark:1087244
MBML0_SI1799 /home/sky/kaldi/egs/timit/s5/mfcc/raw_mfcc_train.4.ark:543574
MVRW0_SX225 /home/sky/kaldi/egs/timit/s5/mfcc/raw_mfcc_train.10.ark:1117967
FLAC0_SX271 /home/sky/kaldi/egs/timit/s5/mfcc/raw_mfcc_train.2.ark:783515
MTPF0_SX425 /home/sky/kaldi/egs/timit/s5/mfcc/raw_mfcc_train.10.ark:738061
FECD0_SX158 /home/sky/kaldi/egs/timit/s5/mfcc/raw_mfcc_train.1.ark:1205110
MAKR0_SX92 /home/sky/kaldi/egs/timit/s5/mfcc/raw_mfcc_train.4.ark:193777
MJRA0_SI1236 /home/sky/kaldi/egs/timit/s5/mfcc/raw_mfcc_train.6.ark:1440086
FEEH0_SI471 /home/sky/kaldi/egs/timit/s5/mfcc/raw_mfcc_train.1.ark:1235086
MJDA0_SX401 /home/sky/kaldi/egs/timit/s5/mfcc/raw_mfcc_train.6.ark:687814
FGCS0_SX316 /home/sky/kaldi/egs/timit/s5/mfcc/raw_mfcc_train.1.ark:1384316
MWAD0_SX432 /home/sky/kaldi/egs/timit/s5/mfcc/raw_mfcc_train.10.ark:1187256
FJSP0_SX354 /home/sky/kaldi/egs/timit/s5/mfcc/raw_mfcc_train.2.ark:351206
FMAH1_SI879 /home/sky/kaldi/egs/timit/s5/mfcc/raw_mfcc_train.2.ark:1234403
FKLC1_SI1048 /home/sky/kaldi/egs/timit/s5/mfcc/raw_mfcc_train.2.ark:671254
MAFM0_SX399 /home/sky/kaldi/egs/timit/s5/mfcc/raw_mfcc_train.4.ark:94362
FJLR0_SX61 /home/sky/kaldi/egs/timit/s5/mfcc/raw_mfcc_train.2.ark:219833
FTBW0_SI1975 /home/sky/kaldi/egs/timit/s5/mfcc/raw_mfcc_train.3.ark:1248129
FTMG0_SX92 /home/sky/kaldi/egs/timit/s5/mfcc/raw_mfcc_train.3.ark:1339257
FLAG0_SI1464 /home/sky/kaldi/egs/timit/s5/mfcc/raw_mfcc_train.2.ark:798389
MRFL0_SX346 /home/sky/kaldi/egs/timit/s5/mfcc/raw_mfcc_train.8.ark:1467275
MJDE0_SX220 /home/sky/kaldi/egs/timit/s5/mfcc/raw_mfcc_train.6.ark:748324
MJXA0_SX157 /home/sky/kaldi/egs/timit/s5/mfcc/raw_mfcc_train.7.ark:301819
FTLG0_SX123 /home/sky/kaldi/egs/timit/s5/mfcc/raw_mfcc_train.3.ark:1293231
MWCH0_SX362 /home/sky/kaldi/egs/timit/s5/mfcc/raw_mfcc_train.10.ark:1240353
MSAH1_SX59 /home/sky/kaldi/egs/timit/s5/mfcc/raw_mfcc_train.9.ark:967405
MWCH0_SI1622 /home/sky/kaldi/egs/timit/s5/mfcc/raw_mfcc_train.10.ark:1224911
FDML0_SX249 /home/sky/kaldi/egs/timit/s5/mfcc/raw_mfcc_train.1.ark:962202
MEJL0_SI1592 /home/sky/kaldi/egs/timit/s5/mfcc/raw_mfcc_train.5.ark:1030670
FDAW0_SX236 /home/sky/kaldi/egs/timit/s5/mfcc/raw_mfcc_train.1.ark:837353
MTAT0_SX120 /home/sky/kaldi/egs/timit/s5/mfcc/raw_mfcc_train.10.ark:123283
MRAI0_SX162 /home/sky/kaldi/egs/timit/s5/mfcc/raw_mfcc_train.8.ark:1009002
FSDJ0_SI1115 /home/sky/kaldi/egs/timit/s5/mfcc/raw_mfcc_train.3.ark:655932
MMWS0_SI888 /home/sky/kaldi/egs/timit/s5/mfcc/raw_mfcc_train.8.ark:348186
MTAB0_SI942 /home/sky/kaldi/egs/timit/s5/mfcc/raw_mfcc_train.10.ark:54106
MJRP0_SX225 /home/sky/kaldi/egs/timit/s5/mfcc/raw_mfcc_train.7.ark:127355
FTBR0_SI1402 /home/sky/kaldi/egs/timit/s5/mfcc/raw_mfcc_train.3.ark:1213315
MVLO0_SX157 /home/sky/kaldi/egs/timit/s5/mfcc/raw_mfcc_train.10.ark:1083024
MWRP0_SX363 /home/sky/kaldi/egs/timit/s5/mfcc/raw_mfcc_train.10.ark:1407111
MBTH0_SX302 /home/sky/kaldi/egs/timit/s5/mfcc/raw_mfcc_train.4.ark:644977
FHLM0_SX390 /home/sky/kaldi/egs/timit/s5/mfcc/raw_mfcc_train.1.ark:1537062
FNKL0_SI2152 /home/sky/kaldi/egs/timit/s5/mfcc/raw_mfcc_train.3.ark:23084
MDEF0_SX33 /home/sky/kaldi/egs/timit/s5/mfcc/raw_mfcc_train.5.ark:23105
MMGG0_SX269 /home/sky/kaldi/egs/timit/s5/mfcc/raw_mfcc_train.8.ark:56305
MSES0_SX419 /home/sky/kaldi/egs/timit/s5/mfcc/raw_mfcc_train.9.ark:1223478
MMBS0_SX71 /home/sky/kaldi/egs/timit/s5/mfcc/raw_mfcc_train.7.ark:1281049
MRDD0_SI2310 /home/sky/kaldi/egs/timit/s5/mfcc/raw_mfcc_train.8.ark:1199530
MCHL0_SX177 /home/sky/kaldi/egs/timit/s5/mfcc/raw_mfcc_train.4.ark:945697
FLTM0_SX440 /home/sky/kaldi/egs/timit/s5/mfcc/raw_mfcc_train.2.ark:1219931
MJPM1_SI2280 /home/sky/kaldi/egs/timit/s5/mfcc/raw_mfcc_train.6.ark:1409942
MZMB0_SI1166 /home/sky/kaldi/egs/timit/s5/mfcc/raw_mfcc_train.10.ark:1481727
MTRT0_SX57 /home/sky/kaldi/egs/timit/s5/mfcc/raw_mfcc_train.10.ark:969982
MWGR0_SI1606 /home/sky/kaldi/egs/timit/s5/mfcc/raw_mfcc_train.10.ark:1318723
FPJF0_SI1676 /home/sky/kaldi/egs/timit/s5/mfcc/raw_mfcc_train.3.ark:266213
MKAM0_SI1250 /home/sky/kaldi/egs/timit/s5/mfcc/raw_mfcc_train.7.ark:448825
MKAG0_SX439 /home/sky/kaldi/egs/timit/s5/mfcc/raw_mfcc_train.7.ark:379563
FKFB0_SI2238 /home/sky/kaldi/egs/timit/s5/mfcc/raw_mfcc_train.2.ark:570432
MDWM0_SX286 /home/sky/kaldi/egs/timit/s5/mfcc/raw_mfcc_train.5.ark:893026
MGAG0_SI1321 /home/sky/kaldi/egs/timit/s5/mfcc/raw_mfcc_train.5.ark:1394094
MDCM0_SX220 /home/sky/kaldi/egs/timit/s5/mfcc/raw_mfcc_train.4.ark:1392750
MSMS0_SX353 /home/sky/kaldi/egs/timit/s5/mfcc/raw_mfcc_train.9.ark:1426209
MCTM0_SI1350 /home/sky/kaldi/egs/timit/s5/mfcc/raw_mfcc_train.4.ark:1152500
MHRM0_SX418 /home/sky/kaldi/egs/timit/s5/mfcc/raw_mfcc_train.6.ark:463778
FSGF0_SX207 /home/sky/kaldi/egs/timit/s5/mfcc/raw_mfcc_train.3.ark:703975
MJDC0_SX351 /home/sky/kaldi/egs/timit/s5/mfcc/raw_mfcc_train.6.ark:716204
FSDC0_SI1942 /home/sky/kaldi/egs/timit/s5/mfcc/raw_mfcc_train.3.ark:631624
MRMH0_SX391 /home/sky/kaldi/egs/timit/s5/mfcc/raw_mfcc_train.9.ark:533046
MTCS0_SX82 /home/sky/kaldi/egs/timit/s5/mfcc/raw_mfcc_train.10.ark:237205
MDHL0_SX449 /home/sky/kaldi/egs/timit/s5/mfcc/raw_mfcc_train.5.ark:93029
MJEB1_SX27 /home/sky/kaldi/egs/timit/s5/mfcc/raw_mfcc_train.6.ark:891637
MDEF0_SX393 /home/sky/kaldi/egs/timit/s5/mfcc/raw_mfcc_train.5.ark:26934
MTJG0_SX260 /home/sky/kaldi/egs/timit/s5/mfcc/raw_mfcc_train.10.ark:361784
MCXM0_SI1981 /home/sky/kaldi/egs/timit/s5/mfcc/raw_mfcc_train.4.ark:1187990
MVRW0_SX315 /home/sky/kaldi/egs/timit/s5/mfcc/raw_mfcc_train.10.ark:1120353
MEAL0_SX377 /home/sky/kaldi/egs/timit/s5/mfcc/raw_mfcc_train.5.ark:928419
MRAB0_SI1854 /home/sky/kaldi/egs/timit/s5/mfcc/raw_mfcc_train.8.ark:932252
FRJB0_SI1470 /home/sky/kaldi/egs/timit/s5/mfcc/raw_mfcc_train.3.ark:388762
MRMS0_SI2057 /home/sky/kaldi/egs/timit/s5/mfcc/raw_mfcc_train.9.ark:582012
MMGK0_SI1322 /home/sky/kaldi/egs/timit/s5/mfcc/raw_mfcc_train.8.ark:72544
FNTB0_SX123 /home/sky/kaldi/egs/timit/s5/mfcc/raw_mfcc_train.3.ark:64858
MSAT1_SX173 /home/sky/kaldi/egs/timit/s5/mfcc/raw_mfcc_train.9.ark:1043418
MJKR0_SX31 /home/sky/kaldi/egs/timit/s5/mfcc/raw_mfcc_train.6.ark:1158171
FMJB0_SX187 /home/sky/kaldi/egs/timit/s5/mfcc/raw_mfcc_train.2.ark:1343729
MJJJ0_SX83 /home/sky/kaldi/egs/timit/s5/mfcc/raw_mfcc_train.6.ark:1094780
MDPB0_SX326 /home/sky/kaldi/egs/timit/s5/mfcc/raw_mfcc_train.5.ark:583238
MMDS0_SI1973 /home/sky/kaldi/egs/timit/s5/mfcc/raw_mfcc_train.7.ark:1451247
FTBR0_SI2181 /home/sky/kaldi/egs/timit/s5/mfcc/raw_mfcc_train.3.ark:1219277
FSDC0_SX52 /home/sky/kaldi/egs/timit/s5/mfcc/raw_mfcc_train.3.ark:651972
MDHS0_SX450 /home/sky/kaldi/egs/timit/s5/mfcc/raw_mfcc_train.5.ark:123883
MGJC0_SX345 /home/sky/kaldi/egs/timit/s5/mfcc/raw_mfcc_train.6.ark:104232
MCTH0_SX129 /home/sky/kaldi/egs/timit/s5/mfcc/raw_mfcc_train.4.ark:1133160
MWGR0_SI976 /home/sky/kaldi/egs/timit/s5/mfcc/raw_mfcc_train.10.ark:1325511
MKLN0_SI1598 /home/sky/kaldi/egs/timit/s5/mfcc/raw_mfcc_train.7.ark:646454
FJXP0_SX312 /home/sky/kaldi/egs/timit/s5/mfcc/raw_mfcc_train.2.ark:448980
FSAH0_SX164 /home/sky/kaldi/egs/timit/s5/mfcc/raw_mfcc_train.3.ark:499447
FBCH0_SX56 /home/sky/kaldi/egs/timit/s5/mfcc/raw_mfcc_train.1.ark:270792
FSKC0_SX66 /home/sky/kaldi/egs/timit/s5/mfcc/raw_mfcc_train.3.ark:885201
MDCD0_SI2045 /home/sky/kaldi/egs/timit/s5/mfcc/raw_mfcc_train.4.ark:1347887
MMJB1_SI1408 /home/sky/kaldi/egs/timit/s5/mfcc/raw_mfcc_train.8.ark:97587
FSJW0_SI1333 /home/sky/kaldi/egs/timit/s5/mfcc/raw_mfcc_train.3.ark:824281
FDMY0_SI714 /home/sky/kaldi/egs/timit/s5/mfcc/raw_mfcc_train.1.ark:989154
MLNS0_SX57 /home/sky/kaldi/egs/timit/s5/mfcc/raw_mfcc_train.7.ark:1037185
MDJM0_SX375 /home/sky/kaldi/egs/timit/s5/mfcc/raw_mfcc_train.5.ark:158097
FLJG0_SX351 /home/sky/kaldi/egs/timit/s5/mfcc/raw_mfcc_train.2.ark:1020485
MSDH0_SX440 /home/sky/kaldi/egs/timit/s5/mfcc/raw_mfcc_train.9.ark:1111414
MKDB0_SX332 /home/sky/kaldi/egs/timit/s5/mfcc/raw_mfcc_train.7.ark:503037
MCTM0_SX180 /home/sky/kaldi/egs/timit/s5/mfcc/raw_mfcc_train.4.ark:1166510
MTPR0_SX340 /home/sky/kaldi/egs/timit/s5/mfcc/raw_mfcc_train.10.ark:826638
MRAI0_SX432 /home/sky/kaldi/egs/timit/s5/mfcc/raw_mfcc_train.8.ark:1021035
MESG0_SX342 /home/sky/kaldi/egs/timit/s5/mfcc/raw_mfcc_train.5.ark:1110952
MGSL0_SI534 /home/sky/kaldi/egs/timit/s5/mfcc/raw_mfcc_train.6.ark:225121
FMPG0_SI1602 /home/sky/kaldi/egs/timit/s5/mfcc/raw_mfcc_train.2.ark:1529359
MGSL0_SX84 /home/sky/kaldi/egs/timit/s5/mfcc/raw_mfcc_train.6.ark:251695
FAJW0_SX183 /home/sky/kaldi/egs/timit/s5/mfcc/raw_mfcc_train.1.ark:49518
MJFH0_SI477 /home/sky/kaldi/egs/timit/s5/mfcc/raw_mfcc_train.6.ark:941729
MDHS0_SX90 /home/sky/kaldi/egs/timit/s5/mfcc/raw_mfcc_train.5.ark:128023
MJFR0_SX345 /home/sky/kaldi/egs/timit/s5/mfcc/raw_mfcc_train.6.ark:981717
MMRP0_SI2034 /home/sky/kaldi/egs/timit/s5/mfcc/raw_mfcc_train.8.ark:191658
MTLB0_SX234 /home/sky/kaldi/egs/timit/s5/mfcc/raw_mfcc_train.10.ark:564068
MREE0_SI1734 /home/sky/kaldi/egs/timit/s5/mfcc/raw_mfcc_train.8.ark:1287769
MPAR0_SI1576 /home/sky/kaldi/egs/timit/s5/mfcc/raw_mfcc_train.8.ark:492949
MWGR0_SX256 /home/sky/kaldi/egs/timit/s5/mfcc/raw_mfcc_train.10.ark:1335431
MPGR0_SX240 /home/sky/kaldi/egs/timit/s5/mfcc/raw_mfcc_train.8.ark:625103
FCAG0_SX63 /home/sky/kaldi/egs/timit/s5/mfcc/raw_mfcc_train.1.ark:436542
MFWK0_SX79 /home/sky/kaldi/egs/timit/s5/mfcc/raw_mfcc_train.5.ark:1299754
MSRR0_SI1131 /home/sky/kaldi/egs/timit/s5/mfcc/raw_mfcc_train.9.ark:1467341
FMJF0_SX264 /home/sky/kaldi/egs/timit/s5/mfcc/raw_mfcc_train.2.ark:1378345
MDMT0_SI2341 /home/sky/kaldi/egs/timit/s5/mfcc/raw_mfcc_train.5.ark:499714
MTPG0_SX123 /home/sky/kaldi/egs/timit/s5/mfcc/raw_mfcc_train.10.ark:755894
MDPK0_SI552 /home/sky/kaldi/egs/timit/s5/mfcc/raw_mfcc_train.5.ark:601175
MDRD0_SX122 /home/sky/kaldi/egs/timit/s5/mfcc/raw_mfcc_train.5.ark:666985
MSDH0_SX80 /home/sky/kaldi/egs/timit/s5/mfcc/raw_mfcc_train.9.ark:1116347
MPPC0_SX332 /home/sky/kaldi/egs/timit/s5/mfcc/raw_mfcc_train.8.ark:748392
FJWB1_SX435 /home/sky/kaldi/egs/timit/s5/mfcc/raw_mfcc_train.2.ark:386304
MPGR0_SI1410 /home/sky/kaldi/egs/timit/s5/mfcc/raw_mfcc_train.8.ark:611892
FMJF0_SI1884 /home/sky/kaldi/egs/timit/s5/mfcc/raw_mfcc_train.2.ark:1364128
MSMR0_SX145 /home/sky/kaldi/egs/timit/s5/mfcc/raw_mfcc_train.9.ark:1386904
MSES0_SI2219 /home/sky/kaldi/egs/timit/s5/mfcc/raw_mfcc_train.9.ark:1207993
MBGT0_SX351 /home/sky/kaldi/egs/timit/s5/mfcc/raw_mfcc_train.4.ark:432679
MMAM0_SX337 /home/sky/kaldi/egs/timit/s5/mfcc/raw_mfcc_train.7.ark:1198073
MDLR1_SI1929 /home/sky/kaldi/egs/timit/s5/mfcc/raw_mfcc_train.5.ark:429178
FCEG0_SI1248 /home/sky/kaldi/egs/timit/s5/mfcc/raw_mfcc_train.1.ark:509841
MKRG0_SI1491 /home/sky/kaldi/egs/timit/s5/mfcc/raw_mfcc_train.7.ark:806291
MMGG0_SX89 /home/sky/kaldi/egs/timit/s5/mfcc/raw_mfcc_train.8.ark:69364
MRBC0_SX329 /home/sky/kaldi/egs/timit/s5/mfcc/raw_mfcc_train.8.ark:1109848
MTWH1_SX252 /home/sky/kaldi/egs/timit/s5/mfcc/raw_mfcc_train.10.ark:987205
MRCG0_SX168 /home/sky/kaldi/egs/timit/s5/mfcc/raw_mfcc_train.8.ark:1136749
MPPC0_SX152 /home/sky/kaldi/egs/timit/s5/mfcc/raw_mfcc_train.8.ark:741033
MRWS0_SI1732 /home/sky/kaldi/egs/timit/s5/mfcc/raw_mfcc_train.9.ark:887299
MJSR0_SX344 /home/sky/kaldi/egs/timit/s5/mfcc/raw_mfcc_train.7.ark:167823
MDCD0_SX155 /home/sky/kaldi/egs/timit/s5/mfcc/raw_mfcc_train.4.ark:1357105
MDWD0_SI557 /home/sky/kaldi/egs/timit/s5/mfcc/raw_mfcc_train.5.ark:815893
MESG0_SI702 /home/sky/kaldi/egs/timit/s5/mfcc/raw_mfcc_train.5.ark:1097411
MAKR0_SX182 /home/sky/kaldi/egs/timit/s5/mfcc/raw_mfcc_train.4.ark:181920
MRJT0_SX58 /home/sky/kaldi/egs/timit/s5/mfcc/raw_mfcc_train.9.ark:248001
FCMG0_SX162 /home/sky/kaldi/egs/timit/s5/mfcc/raw_mfcc_train.1.ark:667488
FMEM0_SX387 /home/sky/kaldi/egs/timit/s5/mfcc/raw_mfcc_train.2.ark:1322964
FMJF0_SI1254 /home/sky/kaldi/egs/timit/s5/mfcc/raw_mfcc_train.2.ark:1360948
MDLR1_SX309 /home/sky/kaldi/egs/timit/s5/mfcc/raw_mfcc_train.5.ark:447367
MCLK0_SX220 /home/sky/kaldi/egs/timit/s5/mfcc/raw_mfcc_train.4.ark:982408
MDAC0_SX271 /home/sky/kaldi/egs/timit/s5/mfcc/raw_mfcc_train.4.ark:1234829
FALK0_SI1086 /home/sky/kaldi/egs/timit/s5/mfcc/raw_mfcc_train.1.ark:68375
FCJS0_SX167 /home/sky/kaldi/egs/timit/s5/mfcc/raw_mfcc_train.1.ark:571233
FLJA0_SX88 /home/sky/kaldi/egs/timit/s5/mfcc/raw_mfcc_train.2.ark:959908
MHRM0_SX58 /home/sky/kaldi/egs/timit/s5/mfcc/raw_mfcc_train.6.ark:468867
MEGJ0_SI707 /home/sky/kaldi/egs/timit/s5/mfcc/raw_mfcc_train.5.ark:1004175
MMDB0_SX447 /home/sky/kaldi/egs/timit/s5/mfcc/raw_mfcc_train.7.ark:1340216
MSAT0_SI2156 /home/sky/kaldi/egs/timit/s5/mfcc/raw_mfcc_train.9.ark:1009741
FPAD0_SX356 /home/sky/kaldi/egs/timit/s5/mfcc/raw_mfcc_train.3.ark:177922
MSAH1_SX149 /home/sky/kaldi/egs/timit/s5/mfcc/raw_mfcc_train.9.ark:951596
FSKP0_SX288 /home/sky/kaldi/egs/timit/s5/mfcc/raw_mfcc_train.3.ark:943665
MBCG0_SI957 /home/sky/kaldi/egs/timit/s5/mfcc/raw_mfcc_train.4.ark:359913
MEWM0_SX448 /home/sky/kaldi/egs/timit/s5/mfcc/raw_mfcc_train.5.ark:1172457
MTKP0_SX393 /home/sky/kaldi/egs/timit/s5/mfcc/raw_mfcc_train.10.ark:545532
FSLS0_SX66 /home/sky/kaldi/egs/timit/s5/mfcc/raw_mfcc_train.3.ark:980455
MMRP0_SI717 /home/sky/kaldi/egs/timit/s5/mfcc/raw_mfcc_train.8.ark:193810
MPPC0_SI782 /home/sky/kaldi/egs/timit/s5/mfcc/raw_mfcc_train.8.ark:737009
FMBG0_SI2264 /home/sky/kaldi/egs/timit/s5/mfcc/raw_mfcc_train.2.ark:1269366
FBMH0_SI970 /home/sky/kaldi/egs/timit/s5/mfcc/raw_mfcc_train.1.ark:351582
MGXP0_SI1087 /home/sky/kaldi/egs/timit/s5/mfcc/raw_mfcc_train.6.ark:256383
MJLB0_SX446 /home/sky/kaldi/egs/timit/s5/mfcc/raw_mfcc_train.6.ark:1187830
MJMA0_SI865 /home/sky/kaldi/egs/timit/s5/mfcc/raw_mfcc_train.6.ark:1267521
FKFB0_SX258 /home/sky/kaldi/egs/timit/s5/mfcc/raw_mfcc_train.2.ark:581308
MMPM0_SX71 /home/sky/kaldi/egs/timit/s5/mfcc/raw_mfcc_train.8.ark:188309
MRMS0_SX30 /home/sky/kaldi/egs/timit/s5/mfcc/raw_mfcc_train.9.ark:597731
MDRD0_SI752 /home/sky/kaldi/egs/timit/s5/mfcc/raw_mfcc_train.5.ark:659620
MCHL0_SX87 /home/sky/kaldi/egs/timit/s5/mfcc/raw_mfcc_train.4.ark:960531
FJXM0_SX221 /home/sky/kaldi/egs/timit/s5/mfcc/raw_mfcc_train.2.ark:409032
MMVP0_SX114 /home/sky/kaldi/egs/timit/s5/mfcc/raw_mfcc_train.8.ark:276722
MPMB0_SI871 /home/sky/kaldi/egs/timit/s5/mfcc/raw_mfcc_train.8.ark:689957
MTRC0_SX93 /home/sky/kaldi/egs/timit/s5/mfcc/raw_mfcc_train.10.ark:907975
MBEF0_SI1281 /home/sky/kaldi/egs/timit/s5/mfcc/raw_mfcc_train.4.ark:384252
FSSB0_SX92 /home/sky/kaldi/egs/timit/s5/mfcc/raw_mfcc_train.3.ark:1183351
FJXP0_SX402 /home/sky/kaldi/egs/timit/s5/mfcc/raw_mfcc_train.2.ark:453719
MAKB0_SX386 /home/sky/kaldi/egs/timit/s5/mfcc/raw_mfcc_train.4.ark:168916
MSMS0_SI1433 /home/sky/kaldi/egs/timit/s5/mfcc/raw_mfcc_train.9.ark:1404918
MMXS0_SX336 /home/sky/kaldi/egs/timit/s5/mfcc/raw_mfcc_train.8.ark:416466
MSDS0_SX177 /home/sky/kaldi/egs/timit/s5/mfcc/raw_mfcc_train.9.ark:1136372
MDBP0_SX438 /home/sky/kaldi/egs/timit/s5/mfcc/raw_mfcc_train.4.ark:1335203
MHIT0_SX83 /home/sky/kaldi/egs/timit/s5/mfcc/raw_mfcc_train.6.ark:349779
MTAS0_SI755 /home/sky/kaldi/egs/timit/s5/mfcc/raw_mfcc_train.10.ark:88964
MSTF0_SI852 /home/sky/kaldi/egs/timit/s5/mfcc/raw_mfcc_train.9.ark:1507061
MTPG0_SX303 /home/sky/kaldi/egs/timit/s5/mfcc/raw_mfcc_train.10.ark:762707
MKLS0_SX357 /home/sky/kaldi/egs/timit/s5/mfcc/raw_mfcc_train.7.ark:729338
FLOD0_SX387 /home/sky/kaldi/egs/timit/s5/mfcc/raw_mfcc_train.2.ark:1190720
FMEM0_SX333 /home/sky/kaldi/egs/timit/s5/mfcc/raw_mfcc_train.2.ark:1316171
MRAV0_SX378 /home/sky/kaldi/egs/timit/s5/mfcc/raw_mfcc_train.8.ark:1086755
MJBG0_SX152 /home/sky/kaldi/egs/timit/s5/mfcc/raw_mfcc_train.6.ark:645290
MJMM0_SX445 /home/sky/kaldi/egs/timit/s5/mfcc/raw_mfcc_train.6.ark:1340373
FGDP0_SX88 /home/sky/kaldi/egs/timit/s5/mfcc/raw_mfcc_train.1.ark:1426376
FEXM0_SI1101 /home/sky/kaldi/egs/timit/s5/mfcc/raw_mfcc_train.1.ark:1326515
MSJK0_SX156 /home/sky/kaldi/egs/timit/s5/mfcc/raw_mfcc_train.9.ark:1318346
MKXL0_SX285 /home/sky/kaldi/egs/timit/s5/mfcc/raw_mfcc_train.7.ark:860886
MTJG0_SI890 /home/sky/kaldi/egs/timit/s5/mfcc/raw_mfcc_train.10.ark:351032
MRFK0_SI1706 /home/sky/kaldi/egs/timit/s5/mfcc/raw_mfcc_train.8.ark:1420428
FTBR0_SX201 /home/sky/kaldi/egs/timit/s5/mfcc/raw_mfcc_train.3.ark:1231479
MJHI0_SX158 /home/sky/kaldi/egs/timit/s5/mfcc/raw_mfcc_train.6.ark:1010307
MESJ0_SX367 /home/sky/kaldi/egs/timit/s5/mfcc/raw_mfcc_train.5.ark:1142378
MTAB0_SX222 /home/sky/kaldi/egs/timit/s5/mfcc/raw_mfcc_train.10.ark:64000
MCAE0_SX277 /home/sky/kaldi/egs/timit/s5/mfcc/raw_mfcc_train.4.ark:713698
FJDM2_SI1582 /home/sky/kaldi/egs/timit/s5/mfcc/raw_mfcc_train.2.ark:24365
MTPR0_SX430 /home/sky/kaldi/egs/timit/s5/mfcc/raw_mfcc_train.10.ark:830948
MRPC1_SX312 /home/sky/kaldi/egs/timit/s5/mfcc/raw_mfcc_train.9.ark:622711
MCDR0_SX434 /home/sky/kaldi/egs/timit/s5/mfcc/raw_mfcc_train.4.ark:852609
MWRP0_SI2073 /home/sky/kaldi/egs/timit/s5/mfcc/raw_mfcc_train.10.ark:1391914
FSKP0_SX18 /home/sky/kaldi/egs/timit/s5/mfcc/raw_mfcc_train.3.ark:937255
MRSO0_SI2289 /home/sky/kaldi/egs/timit/s5/mfcc/raw_mfcc_train.9.ark:684528
MRGM0_SX82 /home/sky/kaldi/egs/timit/s5/mfcc/raw_mfcc_train.9.ark:6895
MWAD0_SI1062 /home/sky/kaldi/egs/timit/s5/mfcc/raw_mfcc_train.10.ark:1168934
MRHL0_SI885 /home/sky/kaldi/egs/timit/s5/mfcc/raw_mfcc_train.9.ark:53877
FAEM0_SX222 /home/sky/kaldi/egs/timit/s5/mfcc/raw_mfcc_train.1.ark:16916
MMWS0_SX168 /home/sky/kaldi/egs/timit/s5/mfcc/raw_mfcc_train.8.ark:352574
FJHK0_SX212 /home/sky/kaldi/egs/timit/s5/mfcc/raw_mfcc_train.2.ark:113561
MWDK0_SI2017 /home/sky/kaldi/egs/timit/s5/mfcc/raw_mfcc_train.10.ark:1257815
MPAR0_SI946 /home/sky/kaldi/egs/timit/s5/mfcc/raw_mfcc_train.8.ark:499867
FDMY0_SI567 /home/sky/kaldi/egs/timit/s5/mfcc/raw_mfcc_train.1.ark:980801
FCYL0_SI667 /home/sky/kaldi/egs/timit/s5/mfcc/raw_mfcc_train.1.ark:758249
FTLG0_SI483 /home/sky/kaldi/egs/timit/s5/mfcc/raw_mfcc_train.3.ark:1283324
MJRH1_SI1774 /home/sky/kaldi/egs/timit/s5/mfcc/raw_mfcc_train.7.ark:55863
FKFB0_SI978 /home/sky/kaldi/egs/timit/s5/mfcc/raw_mfcc_train.2.ark:573403
MGRL0_SX147 /home/sky/kaldi/egs/timit/s5/mfcc/raw_mfcc_train.6.ark:130899
MRLD0_SI2224 /home/sky/kaldi/egs/timit/s5/mfcc/raw_mfcc_train.9.ark:298746
FMEM0_SX207 /home/sky/kaldi/egs/timit/s5/mfcc/raw_mfcc_train.2.ark:1309761
MJRP0_SX45 /home/sky/kaldi/egs/timit/s5/mfcc/raw_mfcc_train.7.ark:137203
FDFB0_SX58 /home/sky/kaldi/egs/timit/s5/mfcc/raw_mfcc_train.1.ark:875820
MRMS0_SX390 /home/sky/kaldi/egs/timit/s5/mfcc/raw_mfcc_train.9.ark:602867
MREM0_SX61 /home/sky/kaldi/egs/timit/s5/mfcc/raw_mfcc_train.8.ark:1380172
MSAT1_SI1703 /home/sky/kaldi/egs/timit/s5/mfcc/raw_mfcc_train.9.ark:1036305
MKAJ0_SX154 /home/sky/kaldi/egs/timit/s5/mfcc/raw_mfcc_train.7.ark:432943
FAEM0_SX132 /home/sky/kaldi/egs/timit/s5/mfcc/raw_mfcc_train.1.ark:13048
FSGF0_SI2187 /home/sky/kaldi/egs/timit/s5/mfcc/raw_mfcc_train.3.ark:688081
MCSS0_SX210 /home/sky/kaldi/egs/timit/s5/mfcc/raw_mfcc_train.4.ark:1107825
MTAS0_SX215 /home/sky/kaldi/egs/timit/s5/mfcc/raw_mfcc_train.10.ark:94672
FGMB0_SI515 /home/sky/kaldi/egs/timit/s5/mfcc/raw_mfcc_train.1.ark:1443065
MJKR0_SX211 /home/sky/kaldi/egs/timit/s5/mfcc/raw_mfcc_train.6.ark:1149864
MBJV0_SX437 /home/sky/kaldi/egs/timit/s5/mfcc/raw_mfcc_train.4.ark:467947
MDWM0_SI916 /home/sky/kaldi/egs/timit/s5/mfcc/raw_mfcc_train.5.ark:880877
FMAH1_SX69 /home/sky/kaldi/egs/timit/s5/mfcc/raw_mfcc_train.2.ark:1255354
MCPM0_SI1194 /home/sky/kaldi/egs/timit/s5/mfcc/raw_mfcc_train.4.ark:1025705
FBLV0_SX158 /home/sky/kaldi/egs/timit/s5/mfcc/raw_mfcc_train.1.ark:323517
MSAT0_SI896 /home/sky/kaldi/egs/timit/s5/mfcc/raw_mfcc_train.9.ark:1012868
FKDW0_SI1207 /home/sky/kaldi/egs/timit/s5/mfcc/raw_mfcc_train.2.ark:532446
FSBK0_SX79 /home/sky/kaldi/egs/timit/s5/mfcc/raw_mfcc_train.3.ark:582256
FPAC0_SX391 /home/sky/kaldi/egs/timit/s5/mfcc/raw_mfcc_train.3.ark:151137
MTQC0_SI1441 /home/sky/kaldi/egs/timit/s5/mfcc/raw_mfcc_train.10.ark:838398
FJRP1_SI1432 /home/sky/kaldi/egs/timit/s5/mfcc/raw_mfcc_train.2.ark:256610
MTPF0_SI1865 /home/sky/kaldi/egs/timit/s5/mfcc/raw_mfcc_train.10.ark:717317
MMWS0_SI559 /home/sky/kaldi/egs/timit/s5/mfcc/raw_mfcc_train.8.ark:345462
FDJH0_SX395 /home/sky/kaldi/egs/timit/s5/mfcc/raw_mfcc_train.1.ark:906895
MCHL0_SX267 /home/sky/kaldi/egs/timit/s5/mfcc/raw_mfcc_train.4.ark:948317
FLJA0_SI1708 /home/sky/kaldi/egs/timit/s5/mfcc/raw_mfcc_train.2.ark:937337
FVKB0_SX169 /home/sky/kaldi/egs/timit/s5/mfcc/raw_mfcc_train.3.ark:1382141
MTPG0_SX33 /home/sky/kaldi/egs/timit/s5/mfcc/raw_mfcc_train.10.ark:766002
MBWP0_SX169 /home/sky/kaldi/egs/timit/s5/mfcc/raw_mfcc_train.4.ark:666990
MREW1_SI2130 /home/sky/kaldi/egs/timit/s5/mfcc/raw_mfcc_train.8.ark:1387663
MJJJ0_SI533 /home/sky/kaldi/egs/timit/s5/mfcc/raw_mfcc_train.6.ark:1072529
MRAV0_SI1008 /home/sky/kaldi/egs/timit/s5/mfcc/raw_mfcc_train.8.ark:1061485
MJPM1_SX401 /home/sky/kaldi/egs/timit/s5/mfcc/raw_mfcc_train.6.ark:1431219
FECD0_SX68 /home/sky/kaldi/egs/timit/s5/mfcc/raw_mfcc_train.1.ark:1221946
FLOD0_SI1917 /home/sky/kaldi/egs/timit/s5/mfcc/raw_mfcc_train.2.ark:1169709
FBMH0_SX56 /home/sky/kaldi/egs/timit/s5/mfcc/raw_mfcc_train.1.ark:370570
FCAJ0_SX39 /home/sky/kaldi/egs/timit/s5/mfcc/raw_mfcc_train.1.ark:461448
FEAR0_SX262 /home/sky/kaldi/egs/timit/s5/mfcc/raw_mfcc_train.1.ark:1169102
MKDD0_SX127 /home/sky/kaldi/egs/timit/s5/mfcc/raw_mfcc_train.7.ark:532967
MTMT0_SI488 /home/sky/kaldi/egs/timit/s5/mfcc/raw_mfcc_train.10.ark:687822
FSKP0_SX108 /home/sky/kaldi/egs/timit/s5/mfcc/raw_mfcc_train.3.ark:933830
MDEF0_SI1123 /home/sky/kaldi/egs/timit/s5/mfcc/raw_mfcc_train.5.ark:13
FMEM0_SI2007 /home/sky/kaldi/egs/timit/s5/mfcc/raw_mfcc_train.2.ark:1296675
MMRP0_SI774 /home/sky/kaldi/egs/timit/s5/mfcc/raw_mfcc_train.8.ark:197158
MWEM0_SI1393 /home/sky/kaldi/egs/timit/s5/mfcc/raw_mfcc_train.10.ark:1288760
MGXP0_SX367 /home/sky/kaldi/egs/timit/s5/mfcc/raw_mfcc_train.6.ark:279389
MBJV0_SI617 /home/sky/kaldi/egs/timit/s5/mfcc/raw_mfcc_train.4.ark:452254
FVKB0_SI529 /home/sky/kaldi/egs/timit/s5/mfcc/raw_mfcc_train.3.ark:1377597
MLBC0_SX339 /home/sky/kaldi/egs/timit/s5/mfcc/raw_mfcc_train.7.ark:888393
MJLS0_SX196 /home/sky/kaldi/egs/timit/s5/mfcc/raw_mfcc_train.6.ark:1245930
FRLL0_SX434 /home/sky/kaldi/egs/timit/s5/mfcc/raw_mfcc_train.3.ark:439879
MSDH0_SI980 /home/sky/kaldi/egs/timit/s5/mfcc/raw_mfcc_train.9.ark:1090313
MSAH1_SX239 /home/sky/kaldi/egs/timit/s5/mfcc/raw_mfcc_train.9.ark:955815
MCDC0_SX392 /home/sky/kaldi/egs/timit/s5/mfcc/raw_mfcc_train.4.ark:790348
MEJS0_SX340 /home/sky/kaldi/egs/timit/s5/mfcc/raw_mfcc_train.5.ark:1080826
MRVG0_SI510 /home/sky/kaldi/egs/timit/s5/mfcc/raw_mfcc_train.9.ark:828627
MTAT0_SX30 /home/sky/kaldi/egs/timit/s5/mfcc/raw_mfcc_train.10.ark:130472
MPAR0_SI2206 /home/sky/kaldi/egs/timit/s5/mfcc/raw_mfcc_train.8.ark:494946
MRML0_SX431 /home/sky/kaldi/egs/timit/s5/mfcc/raw_mfcc_train.9.ark:567937
FKDW0_SX37 /home/sky/kaldi/egs/timit/s5/mfcc/raw_mfcc_train.2.ark:556811
MDLH0_SI1960 /home/sky/kaldi/egs/timit/s5/mfcc/raw_mfcc_train.5.ark:328211
MWSB0_SI1626 /home/sky/kaldi/egs/timit/s5/mfcc/raw_mfcc_train.10.ark:1414730
MSAT1_SX263 /home/sky/kaldi/egs/timit/s5/mfcc/raw_mfcc_train.9.ark:1048521
MJDG0_SX412 /home/sky/kaldi/egs/timit/s5/mfcc/raw_mfcc_train.6.ark:793025
FLMC0_SI742 /home/sky/kaldi/egs/timit/s5/mfcc/raw_mfcc_train.2.ark:1108423
FCAG0_SX243 /home/sky/kaldi/egs/timit/s5/mfcc/raw_mfcc_train.1.ark:423002
FLET0_SI1767 /home/sky/kaldi/egs/timit/s5/mfcc/raw_mfcc_train.2.ark:872248
FKAA0_SX38 /home/sky/kaldi/egs/timit/s5/mfcc/raw_mfcc_train.2.ark:486067
MRJH0_SX439 /home/sky/kaldi/egs/timit/s5/mfcc/raw_mfcc_train.9.ark:143134
MESG0_SX252 /home/sky/kaldi/egs/timit/s5/mfcc/raw_mfcc_train.5.ark:1107526
MBBR0_SI1685 /home/sky/kaldi/egs/timit/s5/mfcc/raw_mfcc_train.4.ark:329494
MHIT0_SX353 /home/sky/kaldi/egs/timit/s5/mfcc/raw_mfcc_train.6.ark:341901
MKLR0_SI1689 /home/sky/kaldi/egs/timit/s5/mfcc/raw_mfcc_train.7.ark:682815
FMJU0_SI759 /home/sky/kaldi/egs/timit/s5/mfcc/raw_mfcc_train.2.ark:1404570
MBSB0_SI723 /home/sky/kaldi/egs/timit/s5/mfcc/raw_mfcc_train.4.ark:605031
MJWT0_SX121 /home/sky/kaldi/egs/timit/s5/mfcc/raw_mfcc_train.7.ark:270172
MJWG0_SI895 /home/sky/kaldi/egs/timit/s5/mfcc/raw_mfcc_train.7.ark:190972
MTJG0_SX170 /home/sky/kaldi/egs/timit/s5/mfcc/raw_mfcc_train.10.ark:355979
MGRP0_SI687 /home/sky/kaldi/egs/timit/s5/mfcc/raw_mfcc_train.6.ark:159029
MDCM0_SI2110 /home/sky/kaldi/egs/timit/s5/mfcc/raw_mfcc_train.4.ark:1381601
MRTC0_SI828 /home/sky/kaldi/egs/timit/s5/mfcc/raw_mfcc_train.9.ark:756766
MRJB1_SI1020 /home/sky/kaldi/egs/timit/s5/mfcc/raw_mfcc_train.9.ark:76643
FCJF0_SX397 /home/sky/kaldi/egs/timit/s5/mfcc/raw_mfcc_train.1.ark:559464
MSRG0_SX51 /home/sky/kaldi/egs/timit/s5/mfcc/raw_mfcc_train.9.ark:1464200
FTAJ0_SI1329 /home/sky/kaldi/egs/timit/s5/mfcc/raw_mfcc_train.3.ark:1187935
FLMA0_SX433 /home/sky/kaldi/egs/timit/s5/mfcc/raw_mfcc_train.2.ark:1092976
FJKL0_SI932 /home/sky/kaldi/egs/timit/s5/mfcc/raw_mfcc_train.2.ark:132870
FGDP0_SX358 /home/sky/kaldi/egs/timit/s5/mfcc/raw_mfcc_train.1.ark:1417679
FCMM0_SX273 /home/sky/kaldi/egs/timit/s5/mfcc/raw_mfcc_train.1.ark:703835
MPGR0_SX60 /home/sky/kaldi/egs/timit/s5/mfcc/raw_mfcc_train.8.ark:637655
MEWM0_SX178 /home/sky/kaldi/egs/timit/s5/mfcc/raw_mfcc_train.5.ark:1160424
MFWK0_SI1879 /home/sky/kaldi/egs/timit/s5/mfcc/raw_mfcc_train.5.ark:1275325
MEDR0_SI1374 /home/sky/kaldi/egs/timit/s5/mfcc/raw_mfcc_train.5.ark:931651
MSMC0_SX107 /home/sky/kaldi/egs/timit/s5/mfcc/raw_mfcc_train.9.ark:1353593
MWRE0_SX427 /home/sky/kaldi/egs/timit/s5/mfcc/raw_mfcc_train.10.ark:1374256
FMEM0_SI1377 /home/sky/kaldi/egs/timit/s5/mfcc/raw_mfcc_train.2.ark:1291532
MSEM1_SX90 /home/sky/kaldi/egs/timit/s5/mfcc/raw_mfcc_train.9.ark:1196659
MWAC0_SI971 /home/sky/kaldi/egs/timit/s5/mfcc/raw_mfcc_train.10.ark:1139954
FSJK1_SX305 /home/sky/kaldi/egs/timit/s5/mfcc/raw_mfcc_train.3.ark:779184
MRAB0_SX324 /home/sky/kaldi/egs/timit/s5/mfcc/raw_mfcc_train.8.ark:947854
MWAC0_SI2231 /home/sky/kaldi/egs/timit/s5/mfcc/raw_mfcc_train.10.ark:1135553
MPGH0_SI1554 /home/sky/kaldi/egs/timit/s5/mfcc/raw_mfcc_train.8.ark:583847
MRMH0_SX121 /home/sky/kaldi/egs/timit/s5/mfcc/raw_mfcc_train.9.ark:519889
MDMT0_SI572 /home/sky/kaldi/egs/timit/s5/mfcc/raw_mfcc_train.5.ark:501801
FVKB0_SX349 /home/sky/kaldi/egs/timit/s5/mfcc/raw_mfcc_train.3.ark:1390462
MRLD0_SX334 /home/sky/kaldi/egs/timit/s5/mfcc/raw_mfcc_train.9.ark:312996
MSRR0_SX51 /home/sky/kaldi/egs/timit/s5/mfcc/raw_mfcc_train.9.ark:1496054
MRDM0_SX65 /home/sky/kaldi/egs/timit/s5/mfcc/raw_mfcc_train.8.ark:1250048
FDNC0_SX108 /home/sky/kaldi/egs/timit/s5/mfcc/raw_mfcc_train.1.ark:1035941
MWAD0_SX252 /home/sky/kaldi/egs/timit/s5/mfcc/raw_mfcc_train.10.ark:1181171
FSKL0_SI899 /home/sky/kaldi/egs/timit/s5/mfcc/raw_mfcc_train.3.ark:897847
MJLS0_SX106 /home/sky/kaldi/egs/timit/s5/mfcc/raw_mfcc_train.6.ark:1239170
MTXS0_SI1060 /home/sky/kaldi/egs/timit/s5/mfcc/raw_mfcc_train.10.ark:1001442
MRDM0_SX425 /home/sky/kaldi/egs/timit/s5/mfcc/raw_mfcc_train.8.ark:1247533
FMEM0_SX297 /home/sky/kaldi/egs/timit/s5/mfcc/raw_mfcc_train.2.ark:1312563
MBWP0_SX79 /home/sky/kaldi/egs/timit/s5/mfcc/raw_mfcc_train.4.ark:686075
FSKL0_SX269 /home/sky/kaldi/egs/timit/s5/mfcc/raw_mfcc_train.3.ark:905713
FDMY0_SI1197 /home/sky/kaldi/egs/timit/s5/mfcc/raw_mfcc_train.1.ark:975503
FPLS0_SX150 /home/sky/kaldi/egs/timit/s5/mfcc/raw_mfcc_train.3.ark:301819
MMVP0_SI1284 /home/sky/kaldi/egs/timit/s5/mfcc/raw_mfcc_train.8.ark:260177
MJPM0_SX198 /home/sky/kaldi/egs/timit/s5/mfcc/raw_mfcc_train.6.ark:1395144
MPGR0_SI780 /home/sky/kaldi/egs/timit/s5/mfcc/raw_mfcc_train.8.ark:619668
MDEM0_SI1868 /home/sky/kaldi/egs/timit/s5/mfcc/raw_mfcc_train.5.ark:29698
MBEF0_SX201 /home/sky/kaldi/egs/timit/s5/mfcc/raw_mfcc_train.4.ark:399777
FTBR0_SX21 /home/sky/kaldi/egs/timit/s5/mfcc/raw_mfcc_train.3.ark:1235476
MSDH0_SX170 /home/sky/kaldi/egs/timit/s5/mfcc/raw_mfcc_train.9.ark:1096274
MJJM0_SX17 /home/sky/kaldi/egs/timit/s5/mfcc/raw_mfcc_train.6.ark:1116721
FPAB1_SI841 /home/sky/kaldi/egs/timit/s5/mfcc/raw_mfcc_train.3.ark:92975
MDEM0_SX158 /home/sky/kaldi/egs/timit/s5/mfcc/raw_mfcc_train.5.ark:46008
MTQC0_SX181 /home/sky/kaldi/egs/timit/s5/mfcc/raw_mfcc_train.10.ark:855671
MBOM0_SI2274 /home/sky/kaldi/egs/timit/s5/mfcc/raw_mfcc_train.4.ark:577556
MARW0_SI646 /home/sky/kaldi/egs/timit/s5/mfcc/raw_mfcc_train.4.ark:264634
MSMS0_SX83 /home/sky/kaldi/egs/timit/s5/mfcc/raw_mfcc_train.9.ark:1433788
MHXL0_SX152 /home/sky/kaldi/egs/timit/s5/mfcc/raw_mfcc_train.6.ark:484340
MMDM0_SX51 /home/sky/kaldi/egs/timit/s5/mfcc/raw_mfcc_train.7.ark:1409301
FLJG0_SX171 /home/sky/kaldi/egs/timit/s5/mfcc/raw_mfcc_train.2.ark:1010825
FSKC0_SX246 /home/sky/kaldi/egs/timit/s5/mfcc/raw_mfcc_train.3.ark:872792
MCTM0_SI720 /home/sky/kaldi/egs/timit/s5/mfcc/raw_mfcc_train.4.ark:1163617
MDDC0_SX159 /home/sky/kaldi/egs/timit/s5/mfcc/raw_mfcc_train.4.ark:1420243
MDSS0_SX441 /home/sky/kaldi/egs/timit/s5/mfcc/raw_mfcc_train.5.ark:741675
FMBG0_SX260 /home/sky/kaldi/egs/timit/s5/mfcc/raw_mfcc_train.2.ark:1272155
MKDT0_SX263 /home/sky/kaldi/egs/timit/s5/mfcc/raw_mfcc_train.7.ark:566440
MDCD0_SX245 /home/sky/kaldi/egs/timit/s5/mfcc/raw_mfcc_train.4.ark:1361116
MTPG0_SI1383 /home/sky/kaldi/egs/timit/s5/mfcc/raw_mfcc_train.10.ark:742976
FDNC0_SI2287 /home/sky/kaldi/egs/timit/s5/mfcc/raw_mfcc_train.1.ark:1033399
MPRK0_SX197 /home/sky/kaldi/egs/timit/s5/mfcc/raw_mfcc_train.8.ark:860453
MRDM0_SI1044 /home/sky/kaldi/egs/timit/s5/mfcc/raw_mfcc_train.8.ark:1221061
FMKF0_SX366 /home/sky/kaldi/egs/timit/s5/mfcc/raw_mfcc_train.2.ark:1483954
MPGR0_SX330 /home/sky/kaldi/egs/timit/s5/mfcc/raw_mfcc_train.8.ark:628646
MEGJ0_SX77 /home/sky/kaldi/egs/timit/s5/mfcc/raw_mfcc_train.5.ark:1026281
MMWB0_SI2249 /home/sky/kaldi/egs/timit/s5/mfcc/raw_mfcc_train.8.ark:303221
FRLL0_SI1514 /home/sky/kaldi/egs/timit/s5/mfcc/raw_mfcc_train.3.ark:414877
MJJB0_SI1139 /home/sky/kaldi/egs/timit/s5/mfcc/raw_mfcc_train.6.ark:1028555
MJWG0_SI2155 /home/sky/kaldi/egs/timit/s5/mfcc/raw_mfcc_train.7.ark:181156
MPAR0_SX406 /home/sky/kaldi/egs/timit/s5/mfcc/raw_mfcc_train.8.ark:513961
FDAW0_SX56 /home/sky/kaldi/egs/timit/s5/mfcc/raw_mfcc_train.1.ark:848072
MMDS0_SI1343 /home/sky/kaldi/egs/timit/s5/mfcc/raw_mfcc_train.7.ark:1446221
MJJJ0_SX173 /home/sky/kaldi/egs/timit/s5/mfcc/raw_mfcc_train.6.ark:1077320
MBML0_SX269 /home/sky/kaldi/egs/timit/s5/mfcc/raw_mfcc_train.4.ark:554541
FDML0_SX429 /home/sky/kaldi/egs/timit/s5/mfcc/raw_mfcc_train.1.ark:968352
FGCS0_SI1486 /home/sky/kaldi/egs/timit/s5/mfcc/raw_mfcc_train.1.ark:1364520
FLMK0_SI1229 /home/sky/kaldi/egs/timit/s5/mfcc/raw_mfcc_train.2.ark:1136735
MPGR0_SX150 /home/sky/kaldi/egs/timit/s5/mfcc/raw_mfcc_train.8.ark:622769
MMAR0_SI1336 /home/sky/kaldi/egs/timit/s5/mfcc/raw_mfcc_train.7.ark:1208286
FMJF0_SX174 /home/sky/kaldi/egs/timit/s5/mfcc/raw_mfcc_train.2.ark:1372579
MDDC0_SI2049 /home/sky/kaldi/egs/timit/s5/mfcc/raw_mfcc_train.4.ark:1413664
FVFB0_SX132 /home/sky/kaldi/egs/timit/s5/mfcc/raw_mfcc_train.3.ark:1354407
MDWD0_SX180 /home/sky/kaldi/egs/timit/s5/mfcc/raw_mfcc_train.5.ark:817928
MMPM0_SX161 /home/sky/kaldi/egs/timit/s5/mfcc/raw_mfcc_train.8.ark:169666
MKDB0_SX242 /home/sky/kaldi/egs/timit/s5/mfcc/raw_mfcc_train.7.ark:498818
MJXA0_SX247 /home/sky/kaldi/egs/timit/s5/mfcc/raw_mfcc_train.7.ark:304712
MDMT0_SX302 /home/sky/kaldi/egs/timit/s5/mfcc/raw_mfcc_train.5.ark:516135
MRGS0_SX6 /home/sky/kaldi/egs/timit/s5/mfcc/raw_mfcc_train.9.ark:37286
MGJC0_SI1256 /home/sky/kaldi/egs/timit/s5/mfcc/raw_mfcc_train.6.ark:82732
FCJF0_SX127 /home/sky/kaldi/egs/timit/s5/mfcc/raw_mfcc_train.1.ark:549934
MDLC1_SX175 /home/sky/kaldi/egs/timit/s5/mfcc/raw_mfcc_train.5.ark:281904
MRFK0_SX86 /home/sky/kaldi/egs/timit/s5/mfcc/raw_mfcc_train.8.ark:1440269
MMBS0_SX431 /home/sky/kaldi/egs/timit/s5/mfcc/raw_mfcc_train.7.ark:1276324
MTQC0_SX271 /home/sky/kaldi/egs/timit/s5/mfcc/raw_mfcc_train.10.ark:861983
MSAT0_SI1526 /home/sky/kaldi/egs/timit/s5/mfcc/raw_mfcc_train.9.ark:1006743
FJXP0_SI1752 /home/sky/kaldi/egs/timit/s5/mfcc/raw_mfcc_train.2.ark:434314
MCLK0_SI2290 /home/sky/kaldi/egs/timit/s5/mfcc/raw_mfcc_train.4.ark:966033
MRML0_SX161 /home/sky/kaldi/egs/timit/s5/mfcc/raw_mfcc_train.9.ark:550938
MHBS0_SI2205 /home/sky/kaldi/egs/timit/s5/mfcc/raw_mfcc_train.6.ark:295055
MTAB0_SX132 /home/sky/kaldi/egs/timit/s5/mfcc/raw_mfcc_train.10.ark:59131
MABC0_SX61 /home/sky/kaldi/egs/timit/s5/mfcc/raw_mfcc_train.3.ark:1459346
MTDP0_SI2151 /home/sky/kaldi/egs/timit/s5/mfcc/raw_mfcc_train.10.ark:282552
MTDP0_SX351 /home/sky/kaldi/egs/timit/s5/mfcc/raw_mfcc_train.10.ark:296600
MMDS0_SX173 /home/sky/kaldi/egs/timit/s5/mfcc/raw_mfcc_train.7.ark:1455811
FRJB0_SI1794 /home/sky/kaldi/egs/timit/s5/mfcc/raw_mfcc_train.3.ark:390798
MRLK0_SX303 /home/sky/kaldi/egs/timit/s5/mfcc/raw_mfcc_train.9.ark:402985
FCAJ0_SX129 /home/sky/kaldi/egs/timit/s5/mfcc/raw_mfcc_train.1.ark:449013
MJMM0_SX175 /home/sky/kaldi/egs/timit/s5/mfcc/raw_mfcc_train.6.ark:1327911
MRWA0_SX163 /home/sky/kaldi/egs/timit/s5/mfcc/raw_mfcc_train.9.ark:862231
MWDK0_SX446 /home/sky/kaldi/egs/timit/s5/mfcc/raw_mfcc_train.10.ark:1277519
MPRK0_SX17 /home/sky/kaldi/egs/timit/s5/mfcc/raw_mfcc_train.8.ark:856078
MHMR0_SI1119 /home/sky/kaldi/egs/timit/s5/mfcc/raw_mfcc_train.6.ark:408974
MREM0_SX421 /home/sky/kaldi/egs/timit/s5/mfcc/raw_mfcc_train.8.ark:1376318
MTLC0_SX397 /home/sky/kaldi/egs/timit/s5/mfcc/raw_mfcc_train.10.ark:607461
MMGK0_SI692 /home/sky/kaldi/egs/timit/s5/mfcc/raw_mfcc_train.8.ark:78786
MSAS0_SX386 /home/sky/kaldi/egs/timit/s5/mfcc/raw_mfcc_train.9.ark:1003004
FEAR0_SX352 /home/sky/kaldi/egs/timit/s5/mfcc/raw_mfcc_train.1.ark:1172658
MLEL0_SI616 /home/sky/kaldi/egs/timit/s5/mfcc/raw_mfcc_train.7.ark:906811
FSJG0_SI1570 /home/sky/kaldi/egs/timit/s5/mfcc/raw_mfcc_train.3.ark:716561
FPAD0_SI1346 /home/sky/kaldi/egs/timit/s5/mfcc/raw_mfcc_train.3.ark:154369
FSJW0_SX73 /home/sky/kaldi/egs/timit/s5/mfcc/raw_mfcc_train.3.ark:854490
MDDC0_SX339 /home/sky/kaldi/egs/timit/s5/mfcc/raw_mfcc_train.4.ark:1427498
MLJC0_SX55 /home/sky/kaldi/egs/timit/s5/mfcc/raw_mfcc_train.7.ark:964999
MJEB1_SX387 /home/sky/kaldi/egs/timit/s5/mfcc/raw_mfcc_train.6.ark:897852
FLKM0_SX260 /home/sky/kaldi/egs/timit/s5/mfcc/raw_mfcc_train.2.ark:1052332
FJSK0_SI1052 /home/sky/kaldi/egs/timit/s5/mfcc/raw_mfcc_train.2.ark:298137
FLET0_SX277 /home/sky/kaldi/egs/timit/s5/mfcc/raw_mfcc_train.2.ark:888604
MGES0_SI1481 /home/sky/kaldi/egs/timit/s5/mfcc/raw_mfcc_train.6.ark:55323
MBGT0_SX441 /home/sky/kaldi/egs/timit/s5/mfcc/raw_mfcc_train.4.ark:438016
FTLG0_SI1743 /home/sky/kaldi/egs/timit/s5/mfcc/raw_mfcc_train.3.ark:1277103
MRFL0_SI1156 /home/sky/kaldi/egs/timit/s5/mfcc/raw_mfcc_train.8.ark:1443293
MRVG0_SI1770 /home/sky/kaldi/egs/timit/s5/mfcc/raw_mfcc_train.9.ark:825513
MLJC0_SX145 /home/sky/kaldi/egs/timit/s5/mfcc/raw_mfcc_train.7.ark:949879
MAKR0_SI1982 /home/sky/kaldi/egs/timit/s5/mfcc/raw_mfcc_train.4.ark:175159
MTDB0_SI771 /home/sky/kaldi/egs/timit/s5/mfcc/raw_mfcc_train.10.ark:249149
FDJH0_SX305 /home/sky/kaldi/egs/timit/s5/mfcc/raw_mfcc_train.1.ark:900018
FKDW0_SI1891 /home/sky/kaldi/egs/timit/s5/mfcc/raw_mfcc_train.2.ark:538733
FSCN0_SX356 /home/sky/kaldi/egs/timit/s5/mfcc/raw_mfcc_train.3.ark:613265
FKLC0_SI1615 /home/sky/kaldi/egs/timit/s5/mfcc/raw_mfcc_train.2.ark:637254
MWEM0_SX150 /home/sky/kaldi/egs/timit/s5/mfcc/raw_mfcc_train.10.ark:1295002
MDHL0_SI809 /home/sky/kaldi/egs/timit/s5/mfcc/raw_mfcc_train.5.ark:77167
FDXW0_SX251 /home/sky/kaldi/egs/timit/s5/mfcc/raw_mfcc_train.1.ark:1106705
FBAS0_SX397 /home/sky/kaldi/egs/timit/s5/mfcc/raw_mfcc_train.1.ark:202676
MMEA0_SX128 /home/sky/kaldi/egs/timit/s5/mfcc/raw_mfcc_train.7.ark:1483519
MPMB0_SI1501 /home/sky/kaldi/egs/timit/s5/mfcc/raw_mfcc_train.8.ark:673354
MMCC0_SX258 /home/sky/kaldi/egs/timit/s5/mfcc/raw_mfcc_train.7.ark:1300664
MTAB0_SI2202 /home/sky/kaldi/egs/timit/s5/mfcc/raw_mfcc_train.10.ark:50836
MMDG0_SX430 /home/sky/kaldi/egs/timit/s5/mfcc/raw_mfcc_train.7.ark:1373644
MGAR0_SX312 /home/sky/kaldi/egs/timit/s5/mfcc/raw_mfcc_train.6.ark:11877
FPJF0_SI1046 /home/sky/kaldi/egs/timit/s5/mfcc/raw_mfcc_train.3.ark:257279
MCPM0_SX384 /home/sky/kaldi/egs/timit/s5/mfcc/raw_mfcc_train.4.ark:1052794
FSRH0_SI671 /home/sky/kaldi/egs/timit/s5/mfcc/raw_mfcc_train.3.ark:1126709
MJRP0_SX405 /home/sky/kaldi/egs/timit/s5/mfcc/raw_mfcc_train.7.ark:133752
MMXS0_SX246 /home/sky/kaldi/egs/timit/s5/mfcc/raw_mfcc_train.8.ark:413287
MDLC1_SI1435 /home/sky/kaldi/egs/timit/s5/mfcc/raw_mfcc_train.5.ark:268283
MPRK0_SI1727 /home/sky/kaldi/egs/timit/s5/mfcc/raw_mfcc_train.8.ark:842837
FCYL0_SX127 /home/sky/kaldi/egs/timit/s5/mfcc/raw_mfcc_train.1.ark:764847
FCRZ0_SI2053 /home/sky/kaldi/egs/timit/s5/mfcc/raw_mfcc_train.1.ark:724723
MWGR0_SX76 /home/sky/kaldi/egs/timit/s5/mfcc/raw_mfcc_train.10.ark:1346189
MMEA0_SX308 /home/sky/kaldi/egs/timit/s5/mfcc/raw_mfcc_train.7.ark:1489669
MDDC0_SX249 /home/sky/kaldi/egs/timit/s5/mfcc/raw_mfcc_train.4.ark:1424202
FCLT0_SI808 /home/sky/kaldi/egs/timit/s5/mfcc/raw_mfcc_train.1.ark:627747
MSAH1_SX419 /home/sky/kaldi/egs/timit/s5/mfcc/raw_mfcc_train.9.ark:963759
MARC0_SX288 /home/sky/kaldi/egs/timit/s5/mfcc/raw_mfcc_train.4.ark:250551
FDXW0_SX341 /home/sky/kaldi/egs/timit/s5/mfcc/raw_mfcc_train.1.ark:1110729
MRPC1_SI2112 /home/sky/kaldi/egs/timit/s5/mfcc/raw_mfcc_train.9.ark:613122
FPLS0_SI2220 /home/sky/kaldi/egs/timit/s5/mfcc/raw_mfcc_train.3.ark:291847
MREW1_SX420 /home/sky/kaldi/egs/timit/s5/mfcc/raw_mfcc_train.8.ark:1405586
FJLG0_SX449 /home/sky/kaldi/egs/timit/s5/mfcc/raw_mfcc_train.2.ark:183058
FCYL0_SX349 /home/sky/kaldi/egs/timit/s5/mfcc/raw_mfcc_train.1.ark:770464
MSDS0_SX87 /home/sky/kaldi/egs/timit/s5/mfcc/raw_mfcc_train.9.ark:1154443
MRXB0_SX325 /home/sky/kaldi/egs/timit/s5/mfcc/raw_mfcc_train.9.ark:931805
MREH1_SX339 /home/sky/kaldi/egs/timit/s5/mfcc/raw_mfcc_train.8.ark:1338919
MHXL0_SI512 /home/sky/kaldi/egs/timit/s5/mfcc/raw_mfcc_train.6.ark:477163
MJPG0_SI1191 /home/sky/kaldi/egs/timit/s5/mfcc/raw_mfcc_train.6.ark:1346315
MDLM0_SI604 /home/sky/kaldi/egs/timit/s5/mfcc/raw_mfcc_train.5.ark:368790
MRMG0_SI2340 /home/sky/kaldi/egs/timit/s5/mfcc/raw_mfcc_train.9.ark:481383
MRDD0_SX330 /home/sky/kaldi/egs/timit/s5/mfcc/raw_mfcc_train.8.ark:1212402
MRTC0_SI2088 /home/sky/kaldi/egs/timit/s5/mfcc/raw_mfcc_train.9.ark:751806
FKAA0_SX308 /home/sky/kaldi/egs/timit/s5/mfcc/raw_mfcc_train.2.ark:481342
MMBS0_SI521 /home/sky/kaldi/egs/timit/s5/mfcc/raw_mfcc_train.7.ark:1254690
FJRB0_SX42 /home/sky/kaldi/egs/timit/s5/mfcc/raw_mfcc_train.2.ark:253404
FLAG0_SI834 /home/sky/kaldi/egs/timit/s5/mfcc/raw_mfcc_train.2.ark:807946
MHMR0_SX39 /home/sky/kaldi/egs/timit/s5/mfcc/raw_mfcc_train.6.ark:435783
MDCD0_SI785 /home/sky/kaldi/egs/timit/s5/mfcc/raw_mfcc_train.4.ark:1351014
MDWH0_SX35 /home/sky/kaldi/egs/timit/s5/mfcc/raw_mfcc_train.5.ark:864662
MDAC0_SX181 /home/sky/kaldi/egs/timit/s5/mfcc/raw_mfcc_train.4.ark:1229557
FEXM0_SX291 /home/sky/kaldi/egs/timit/s5/mfcc/raw_mfcc_train.1.ark:1350367
FCJS0_SI1607 /home/sky/kaldi/egs/timit/s5/mfcc/raw_mfcc_train.1.ark:562761
MWRE0_SI2317 /home/sky/kaldi/egs/timit/s5/mfcc/raw_mfcc_train.10.ark:1358433
MTDB0_SX231 /home/sky/kaldi/egs/timit/s5/mfcc/raw_mfcc_train.10.ark:259641
MFXS0_SX144 /home/sky/kaldi/egs/timit/s5/mfcc/raw_mfcc_train.5.ark:1312421
FKSR0_SX37 /home/sky/kaldi/egs/timit/s5/mfcc/raw_mfcc_train.2.ark:760955
FPAZ0_SI2223 /home/sky/kaldi/egs/timit/s5/mfcc/raw_mfcc_train.3.ark:225745
MRMB0_SI2211 /home/sky/kaldi/egs/timit/s5/mfcc/raw_mfcc_train.9.ark:446556
MRFL0_SI1786 /home/sky/kaldi/egs/timit/s5/mfcc/raw_mfcc_train.8.ark:1449476
MTAB0_SX312 /home/sky/kaldi/egs/timit/s5/mfcc/raw_mfcc_train.10.ark:68258
FDNC0_SX18 /home/sky/kaldi/egs/timit/s5/mfcc/raw_mfcc_train.1.ark:1039873
MGRP0_SX57 /home/sky/kaldi/egs/timit/s5/mfcc/raw_mfcc_train.6.ark:181670
MREW1_SI1500 /home/sky/kaldi/egs/timit/s5/mfcc/raw_mfcc_train.8.ark:1384249
MRAI0_SI792 /home/sky/kaldi/egs/timit/s5/mfcc/raw_mfcc_train.8.ark:1002521
MRDM0_SI965 /home/sky/kaldi/egs/timit/s5/mfcc/raw_mfcc_train.8.ark:1230020
MDLR0_SX63 /home/sky/kaldi/egs/timit/s5/mfcc/raw_mfcc_train.5.ark:421544
MJRK0_SX340 /home/sky/kaldi/egs/timit/s5/mfcc/raw_mfcc_train.7.ark:100967
MTKP0_SX123 /home/sky/kaldi/egs/timit/s5/mfcc/raw_mfcc_train.10.ark:531452
FGCS0_SX46 /home/sky/kaldi/egs/timit/s5/mfcc/raw_mfcc_train.1.ark:1391700
MJDG0_SX232 /home/sky/kaldi/egs/timit/s5/mfcc/raw_mfcc_train.6.ark:785419
MGAR0_SX222 /home/sky/kaldi/egs/timit/s5/mfcc/raw_mfcc_train.6.ark:7372
FDTD0_SX391 /home/sky/kaldi/egs/timit/s5/mfcc/raw_mfcc_train.1.ark:1089170
MMAM0_SX247 /home/sky/kaldi/egs/timit/s5/mfcc/raw_mfcc_train.7.ark:1193503
MNET0_SX6 /home/sky/kaldi/egs/timit/s5/mfcc/raw_mfcc_train.8.ark:451342
MCAL0_SX418 /home/sky/kaldi/egs/timit/s5/mfcc/raw_mfcc_train.4.ark:753755
MDMA0_SX260 /home/sky/kaldi/egs/timit/s5/mfcc/raw_mfcc_train.5.ark:477630
MGRL0_SI1497 /home/sky/kaldi/egs/timit/s5/mfcc/raw_mfcc_train.6.ark:118865
MARW0_SX349 /home/sky/kaldi/egs/timit/s5/mfcc/raw_mfcc_train.4.ark:281158
MFRM0_SI1717 /home/sky/kaldi/egs/timit/s5/mfcc/raw_mfcc_train.5.ark:1246212
MBMA0_SX412 /home/sky/kaldi/egs/timit/s5/mfcc/raw_mfcc_train.4.ark:498112
FECD0_SX338 /home/sky/kaldi/egs/timit/s5/mfcc/raw_mfcc_train.1.ark:1212638
MMGK0_SI1952 /home/sky/kaldi/egs/timit/s5/mfcc/raw_mfcc_train.8.ark:77050
MJKR0_SI1201 /home/sky/kaldi/egs/timit/s5/mfcc/raw_mfcc_train.6.ark:1131037
FMBG0_SX80 /home/sky/kaldi/egs/timit/s5/mfcc/raw_mfcc_train.2.ark:1288677
MTPP0_SI2138 /home/sky/kaldi/egs/timit/s5/mfcc/raw_mfcc_train.10.ark:778115
FSKC0_SI1416 /home/sky/kaldi/egs/timit/s5/mfcc/raw_mfcc_train.3.ark:858983
MDLH0_SI574 /home/sky/kaldi/egs/timit/s5/mfcc/raw_mfcc_train.5.ark:333028
FAPB0_SX163 /home/sky/kaldi/egs/timit/s5/mfcc/raw_mfcc_train.1.ark:148368
FJKL0_SI1562 /home/sky/kaldi/egs/timit/s5/mfcc/raw_mfcc_train.2.ark:128994
FCAG0_SI2133 /home/sky/kaldi/egs/timit/s5/mfcc/raw_mfcc_train.1.ark:415851
FLTM0_SX170 /home/sky/kaldi/egs/timit/s5/mfcc/raw_mfcc_train.2.ark:1203361
FGDP0_SX268 /home/sky/kaldi/egs/timit/s5/mfcc/raw_mfcc_train.1.ark:1412615
FKKH0_SI660 /home/sky/kaldi/egs/timit/s5/mfcc/raw_mfcc_train.2.ark:615281
MDPS0_SX269 /home/sky/kaldi/egs/timit/s5/mfcc/raw_mfcc_train.5.ark:637451
MMWB0_SX89 /home/sky/kaldi/egs/timit/s5/mfcc/raw_mfcc_train.8.ark:337036
MPGH0_SI924 /home/sky/kaldi/egs/timit/s5/mfcc/raw_mfcc_train.8.ark:594456
FLJD0_SX256 /home/sky/kaldi/egs/timit/s5/mfcc/raw_mfcc_train.2.ark:982383
FCYL0_SI1297 /home/sky/kaldi/egs/timit/s5/mfcc/raw_mfcc_train.1.ark:750083
FSAG0_SX63 /home/sky/kaldi/egs/timit/s5/mfcc/raw_mfcc_train.3.ark:480320
MCLM0_SI1456 /home/sky/kaldi/egs/timit/s5/mfcc/raw_mfcc_train.4.ark:997464
FAPB0_SX343 /home/sky/kaldi/egs/timit/s5/mfcc/raw_mfcc_train.1.ark:156585
MRML0_SI1421 /home/sky/kaldi/egs/timit/s5/mfcc/raw_mfcc_train.9.ark:535797
MFER0_SI1492 /home/sky/kaldi/egs/timit/s5/mfcc/raw_mfcc_train.5.ark:1179699
MJRH1_SI1558 /home/sky/kaldi/egs/timit/s5/mfcc/raw_mfcc_train.7.ark:49550
MGES0_SI2111 /home/sky/kaldi/egs/timit/s5/mfcc/raw_mfcc_train.6.ark:57151
MREH1_SI1599 /home/sky/kaldi/egs/timit/s5/mfcc/raw_mfcc_train.8.ark:1314352
MDLR1_SX399 /home/sky/kaldi/egs/timit/s5/mfcc/raw_mfcc_train.5.ark:455882
MRBC0_SX149 /home/sky/kaldi/egs/timit/s5/mfcc/raw_mfcc_train.8.ark:1101293
FVFB0_SX222 /home/sky/kaldi/egs/timit/s5/mfcc/raw_mfcc_train.3.ark:1357755
MTAT1_SI1409 /home/sky/kaldi/egs/timit/s5/mfcc/raw_mfcc_train.10.ark:139646
MJWS0_SI513 /home/sky/kaldi/egs/timit/s5/mfcc/raw_mfcc_train.7.ark:226012
FLAC0_SI901 /home/sky/kaldi/egs/timit/s5/mfcc/raw_mfcc_train.2.ark:776936
MGXP0_SX7 /home/sky/kaldi/egs/timit/s5/mfcc/raw_mfcc_train.6.ark:283970
FLAC0_SI2161 /home/sky/kaldi/egs/timit/s5/mfcc/raw_mfcc_train.2.ark:774823
FJLR0_SX151 /home/sky/kaldi/egs/timit/s5/mfcc/raw_mfcc_train.2.ark:203660
FTBR0_SX381 /home/sky/kaldi/egs/timit/s5/mfcc/raw_mfcc_train.3.ark:1241730
MDLM0_SX64 /home/sky/kaldi/egs/timit/s5/mfcc/raw_mfcc_train.5.ark:387908
FALR0_SX155 /home/sky/kaldi/egs/timit/s5/mfcc/raw_mfcc_train.1.ark:113197
MBAR0_SX239 /home/sky/kaldi/egs/timit/s5/mfcc/raw_mfcc_train.4.ark:308372
MGRP0_SI1317 /home/sky/kaldi/egs/timit/s5/mfcc/raw_mfcc_train.6.ark:149953
MDTB0_SX300 /home/sky/kaldi/egs/timit/s5/mfcc/raw_mfcc_train.5.ark:794588
MJWT0_SI751 /home/sky/kaldi/egs/timit/s5/mfcc/raw_mfcc_train.7.ark:266057
MSMC0_SX17 /home/sky/kaldi/egs/timit/s5/mfcc/raw_mfcc_train.9.ark:1358188
FALR0_SX65 /home/sky/kaldi/egs/timit/s5/mfcc/raw_mfcc_train.1.ark:128603
MPFU0_SX358 /home/sky/kaldi/egs/timit/s5/mfcc/raw_mfcc_train.8.ark:570904
MTRC0_SX170 /home/sky/kaldi/egs/timit/s5/mfcc/raw_mfcc_train.10.ark:893609
MJBG0_SX62 /home/sky/kaldi/egs/timit/s5/mfcc/raw_mfcc_train.6.ark:664024
MRMB0_SX51 /home/sky/kaldi/egs/timit/s5/mfcc/raw_mfcc_train.9.ark:470244
MJFH0_SX27 /home/sky/kaldi/egs/timit/s5/mfcc/raw_mfcc_train.6.ark:952123
MMLM0_SX177 /home/sky/kaldi/egs/timit/s5/mfcc/raw_mfcc_train.8.ark:142022
MBMA1_SX144 /home/sky/kaldi/egs/timit/s5/mfcc/raw_mfcc_train.4.ark:518025
MGRP0_SX147 /home/sky/kaldi/egs/timit/s5/mfcc/raw_mfcc_train.6.ark:163430
FSKL0_SI2159 /home/sky/kaldi/egs/timit/s5/mfcc/raw_mfcc_train.3.ark:892523
MSVS0_SX398 /home/sky/kaldi/egs/timit/s5/mfcc/raw_mfcc_train.10.ark:38106
FGCS0_SX406 /home/sky/kaldi/egs/timit/s5/mfcc/raw_mfcc_train.1.ark:1387508
MBBR0_SX155 /home/sky/kaldi/egs/timit/s5/mfcc/raw_mfcc_train.4.ark:335515
FMJF0_SX444 /home/sky/kaldi/egs/timit/s5/mfcc/raw_mfcc_train.2.ark:1385912
MDED0_SX90 /home/sky/kaldi/egs/timit/s5/mfcc/raw_mfcc_train.4.ark:1468661
FTBW0_SX85 /home/sky/kaldi/egs/timit/s5/mfcc/raw_mfcc_train.3.ark:1273832
MADD0_SX358 /home/sky/kaldi/egs/timit/s5/mfcc/raw_mfcc_train.3.ark:1517817
MRJT0_SX418 /home/sky/kaldi/egs/timit/s5/mfcc/raw_mfcc_train.9.ark:243575
MRWA0_SX433 /home/sky/kaldi/egs/timit/s5/mfcc/raw_mfcc_train.9.ark:873627
MJWG0_SX175 /home/sky/kaldi/egs/timit/s5/mfcc/raw_mfcc_train.7.ark:198701
FKDW0_SX397 /home/sky/kaldi/egs/timit/s5/mfcc/raw_mfcc_train.2.ark:560302
MREM0_SX151 /home/sky/kaldi/egs/timit/s5/mfcc/raw_mfcc_train.8.ark:1364896
MMAB1_SI1494 /home/sky/kaldi/egs/timit/s5/mfcc/raw_mfcc_train.7.ark:1109132
FJKL0_SX212 /home/sky/kaldi/egs/timit/s5/mfcc/raw_mfcc_train.2.ark:144116
MTKD0_SX197 /home/sky/kaldi/egs/timit/s5/mfcc/raw_mfcc_train.10.ark:501755
MRJB1_SI1413 /home/sky/kaldi/egs/timit/s5/mfcc/raw_mfcc_train.9.ark:81448
MTER0_SI1787 /home/sky/kaldi/egs/timit/s5/mfcc/raw_mfcc_train.10.ark:318560
MRLK0_SI1468 /home/sky/kaldi/egs/timit/s5/mfcc/raw_mfcc_train.9.ark:380121
MDCM0_SI1480 /home/sky/kaldi/egs/timit/s5/mfcc/raw_mfcc_train.4.ark:1375795
MGAK0_SI1666 /home/sky/kaldi/egs/timit/s5/mfcc/raw_mfcc_train.5.ark:1429622
MSVS0_SI938 /home/sky/kaldi/egs/timit/s5/mfcc/raw_mfcc_train.10.ark:13840
FLTM0_SI1700 /home/sky/kaldi/egs/timit/s5/mfcc/raw_mfcc_train.2.ark:1197106
MTJM0_SX416 /home/sky/kaldi/egs/timit/s5/mfcc/raw_mfcc_train.10.ark:403351
FSCN0_SX266 /home/sky/kaldi/egs/timit/s5/mfcc/raw_mfcc_train.3.ark:608773
MEDR0_SX384 /home/sky/kaldi/egs/timit/s5/mfcc/raw_mfcc_train.5.ark:957440
MRWS0_SX22 /home/sky/kaldi/egs/timit/s5/mfcc/raw_mfcc_train.9.ark:898961
MSDS0_SI1077 /home/sky/kaldi/egs/timit/s5/mfcc/raw_mfcc_train.9.ark:1119267
FKAA0_SI1838 /home/sky/kaldi/egs/timit/s5/mfcc/raw_mfcc_train.2.ark:464752
MPSW0_SI1067 /home/sky/kaldi/egs/timit/s5/mfcc/raw_mfcc_train.8.ark:903067
MBMA0_SX232 /home/sky/kaldi/egs/timit/s5/mfcc/raw_mfcc_train.4.ark:490168
FSAH0_SX74 /home/sky/kaldi/egs/timit/s5/mfcc/raw_mfcc_train.3.ark:516296
MJMA0_SI1495 /home/sky/kaldi/egs/timit/s5/mfcc/raw_mfcc_train.6.ark:1257665
MDCM0_SX40 /home/sky/kaldi/egs/timit/s5/mfcc/raw_mfcc_train.4.ark:1400797
MLJC0_SX415 /home/sky/kaldi/egs/timit/s5/mfcc/raw_mfcc_train.7.ark:961353
MRLJ1_SX231 /home/sky/kaldi/egs/timit/s5/mfcc/raw_mfcc_train.9.ark:367106
MDLH0_SX340 /home/sky/kaldi/egs/timit/s5/mfcc/raw_mfcc_train.5.ark:350853
MGSH0_SX186 /home/sky/kaldi/egs/timit/s5/mfcc/raw_mfcc_train.6.ark:204756
MMDB0_SX357 /home/sky/kaldi/egs/timit/s5/mfcc/raw_mfcc_train.7.ark:1335997
MJDC0_SX441 /home/sky/kaldi/egs/timit/s5/mfcc/raw_mfcc_train.6.ark:720306
MKLS1_SX285 /home/sky/kaldi/egs/timit/s5/mfcc/raw_mfcc_train.7.ark:764839
FCMG0_SX432 /home/sky/kaldi/egs/timit/s5/mfcc/raw_mfcc_train.1.ark:679482
MHMG0_SX195 /home/sky/kaldi/egs/timit/s5/mfcc/raw_mfcc_train.6.ark:399319
MJJJ0_SI1163 /home/sky/kaldi/egs/timit/s5/mfcc/raw_mfcc_train.6.ark:1061568
FAJW0_SX3 /home/sky/kaldi/egs/timit/s5/mfcc/raw_mfcc_train.1.ark:57265
MDLR0_SI1233 /home/sky/kaldi/egs/timit/s5/mfcc/raw_mfcc_train.5.ark:390776
MPGH0_SX384 /home/sky/kaldi/egs/timit/s5/mfcc/raw_mfcc_train.8.ark:609089
MREW1_SI870 /home/sky/kaldi/egs/timit/s5/mfcc/raw_mfcc_train.8.ark:1389503
FSPM0_SI611 /home/sky/kaldi/egs/timit/s5/mfcc/raw_mfcc_train.3.ark:1096349
FJRB0_SX312 /home/sky/kaldi/egs/timit/s5/mfcc/raw_mfcc_train.2.ark:242081
MMJB1_SI2038 /home/sky/kaldi/egs/timit/s5/mfcc/raw_mfcc_train.8.ark:101638
MPAR0_SX316 /home/sky/kaldi/egs/timit/s5/mfcc/raw_mfcc_train.8.ark:510990
MKLS0_SI1533 /home/sky/kaldi/egs/timit/s5/mfcc/raw_mfcc_train.7.ark:713293
MJEB0_SX386 /home/sky/kaldi/egs/timit/s5/mfcc/raw_mfcc_train.6.ark:864515
MRSO0_SX219 /home/sky/kaldi/egs/timit/s5/mfcc/raw_mfcc_train.9.ark:692771
MKDB0_SI872 /home/sky/kaldi/egs/timit/s5/mfcc/raw_mfcc_train.7.ark:490874
MTDP0_SX261 /home/sky/kaldi/egs/timit/s5/mfcc/raw_mfcc_train.10.ark:293668
FKSR0_SI487 /home/sky/kaldi/egs/timit/s5/mfcc/raw_mfcc_train.2.ark:743898
MJAE0_SI1999 /home/sky/kaldi/egs/timit/s5/mfcc/raw_mfcc_train.6.ark:573206
MRJT0_SI868 /home/sky/kaldi/egs/timit/s5/mfcc/raw_mfcc_train.9.ark:225984
FLAC0_SI1339 /home/sky/kaldi/egs/timit/s5/mfcc/raw_mfcc_train.2.ark:768172
FEAC0_SX255 /home/sky/kaldi/egs/timit/s5/mfcc/raw_mfcc_train.1.ark:1138820
MJAC0_SX341 /home/sky/kaldi/egs/timit/s5/mfcc/raw_mfcc_train.6.ark:556745
FDAS1_SI1461 /home/sky/kaldi/egs/timit/s5/mfcc/raw_mfcc_train.1.ark:783914
MDMT0_SX32 /home/sky/kaldi/egs/timit/s5/mfcc/raw_mfcc_train.5.ark:519950
MHMG0_SX105 /home/sky/kaldi/egs/timit/s5/mfcc/raw_mfcc_train.6.ark:392728
FPAD0_SI716 /home/sky/kaldi/egs/timit/s5/mfcc/raw_mfcc_train.3.ark:162379
FJLR0_SX241 /home/sky/kaldi/egs/timit/s5/mfcc/raw_mfcc_train.2.ark:208074
MPGR1_SX149 /home/sky/kaldi/egs/timit/s5/mfcc/raw_mfcc_train.8.ark:653585
FGCS0_SI856 /home/sky/kaldi/egs/timit/s5/mfcc/raw_mfcc_train.1.ark:1371841
MSFV0_SI632 /home/sky/kaldi/egs/timit/s5/mfcc/raw_mfcc_train.9.ark:1277228
MBMA0_SX322 /home/sky/kaldi/egs/timit/s5/mfcc/raw_mfcc_train.4.ark:494621
MSAT0_SX356 /home/sky/kaldi/egs/timit/s5/mfcc/raw_mfcc_train.9.ark:1022379
FLAC0_SX451 /home/sky/kaldi/egs/timit/s5/mfcc/raw_mfcc_train.2.ark:790224
MJWG0_SX85 /home/sky/kaldi/egs/timit/s5/mfcc/raw_mfcc_train.7.ark:215394
MFER0_SI2122 /home/sky/kaldi/egs/timit/s5/mfcc/raw_mfcc_train.5.ark:1181956
MJPM1_SX221 /home/sky/kaldi/egs/timit/s5/mfcc/raw_mfcc_train.6.ark:1420766
FJEN0_SX57 /home/sky/kaldi/egs/timit/s5/mfcc/raw_mfcc_train.2.ark:92437
FSAH0_SX344 /home/sky/kaldi/egs/timit/s5/mfcc/raw_mfcc_train.3.ark:509978
MTPF0_SX335 /home/sky/kaldi/egs/timit/s5/mfcc/raw_mfcc_train.10.ark:732932
FMKC0_SI1041 /home/sky/kaldi/egs/timit/s5/mfcc/raw_mfcc_train.2.ark:1429312
MARW0_SX286 /home/sky/kaldi/egs/timit/s5/mfcc/raw_mfcc_train.4.ark:275392
MCTM0_SX90 /home/sky/kaldi/egs/timit/s5/mfcc/raw_mfcc_train.4.ark:1181656
MRKM0_SX277 /home/sky/kaldi/egs/timit/s5/mfcc/raw_mfcc_train.9.ark:276313
MRAB0_SX54 /home/sky/kaldi/egs/timit/s5/mfcc/raw_mfcc_train.8.ark:957266
MBJV0_SX77 /home/sky/kaldi/egs/timit/s5/mfcc/raw_mfcc_train.4.ark:471840
FKDW0_SI577 /home/sky/kaldi/egs/timit/s5/mfcc/raw_mfcc_train.2.ark:545357
MLSH0_SX427 /home/sky/kaldi/egs/timit/s5/mfcc/raw_mfcc_train.7.ark:1066616
MJEE0_SX157 /home/sky/kaldi/egs/timit/s5/mfcc/raw_mfcc_train.6.ark:913599
FJRP1_SX352 /home/sky/kaldi/egs/timit/s5/mfcc/raw_mfcc_train.2.ark:281645
FMBG0_SI1160 /home/sky/kaldi/egs/timit/s5/mfcc/raw_mfcc_train.2.ark:1259249
FJRP1_SX262 /home/sky/kaldi/egs/timit/s5/mfcc/raw_mfcc_train.2.ark:276269
MSJK0_SX66 /home/sky/kaldi/egs/timit/s5/mfcc/raw_mfcc_train.9.ark:1336547
MLBC0_SX429 /home/sky/kaldi/egs/timit/s5/mfcc/raw_mfcc_train.7.ark:891715
MDLM0_SX334 /home/sky/kaldi/egs/timit/s5/mfcc/raw_mfcc_train.5.ark:381616
MZMB0_SX86 /home/sky/kaldi/egs/timit/s5/mfcc/raw_mfcc_train.10.ark:1510662
MRJM0_SI1228 /home/sky/kaldi/egs/timit/s5/mfcc/raw_mfcc_train.9.ark:156208
MSVS0_SI1568 /home/sky/kaldi/egs/timit/s5/mfcc/raw_mfcc_train.10.ark:3503
MKXL0_SX105 /home/sky/kaldi/egs/timit/s5/mfcc/raw_mfcc_train.7.ark:851493
FRJB0_SX437 /home/sky/kaldi/egs/timit/s5/mfcc/raw_mfcc_train.3.ark:405906
FMKF0_SI906 /home/sky/kaldi/egs/timit/s5/mfcc/raw_mfcc_train.2.ark:1472922
MSES0_SX239 /home/sky/kaldi/egs/timit/s5/mfcc/raw_mfcc_train.9.ark:1215677
MRSP0_SI1429 /home/sky/kaldi/egs/timit/s5/mfcc/raw_mfcc_train.9.ark:711467
MCAE0_SX97 /home/sky/kaldi/egs/timit/s5/mfcc/raw_mfcc_train.4.ark:728341
MLBC0_SI609 /home/sky/kaldi/egs/timit/s5/mfcc/raw_mfcc_train.7.ark:876295
FAPB0_SI1693 /home/sky/kaldi/egs/timit/s5/mfcc/raw_mfcc_train.1.ark:137498
MHIT0_SX263 /home/sky/kaldi/egs/timit/s5/mfcc/raw_mfcc_train.6.ark:338735
MVJH0_SI2186 /home/sky/kaldi/egs/timit/s5/mfcc/raw_mfcc_train.10.ark:1045383
MDED0_SX270 /home/sky/kaldi/egs/timit/s5/mfcc/raw_mfcc_train.4.ark:1456317
FCAG0_SI1641 /home/sky/kaldi/egs/timit/s5/mfcc/raw_mfcc_train.1.ark:413802
MTER0_SX437 /home/sky/kaldi/egs/timit/s5/mfcc/raw_mfcc_train.10.ark:337223
MCRE0_SX401 /home/sky/kaldi/egs/timit/s5/mfcc/raw_mfcc_train.4.ark:1078559
FPAF0_SX64 /home/sky/kaldi/egs/timit/s5/mfcc/raw_mfcc_train.3.ark:219307
MKDB0_SX152 /home/sky/kaldi/egs/timit/s5/mfcc/raw_mfcc_train.7.ark:494885
FSDJ0_SX215 /home/sky/kaldi/egs/timit/s5/mfcc/raw_mfcc_train.3.ark:670833
MCLM0_SX106 /home/sky/kaldi/egs/timit/s5/mfcc/raw_mfcc_train.4.ark:1010044
MFWK0_SX169 /home/sky/kaldi/egs/timit/s5/mfcc/raw_mfcc_train.5.ark:1282151
MGSH0_SI1176 /home/sky/kaldi/egs/timit/s5/mfcc/raw_mfcc_train.6.ark:185955
MTMN0_SX164 /home/sky/kaldi/egs/timit/s5/mfcc/raw_mfcc_train.10.ark:662747
MRFL0_SX76 /home/sky/kaldi/egs/timit/s5/mfcc/raw_mfcc_train.8.ark:1475361
FJSP0_SX264 /home/sky/kaldi/egs/timit/s5/mfcc/raw_mfcc_train.2.ark:347338
MDLC0_SI1395 /home/sky/kaldi/egs/timit/s5/mfcc/raw_mfcc_train.5.ark:233620
FLKM0_SI620 /home/sky/kaldi/egs/timit/s5/mfcc/raw_mfcc_train.2.ark:1039545
MJXL0_SX182 /home/sky/kaldi/egs/timit/s5/mfcc/raw_mfcc_train.7.ark:332790
MDWM0_SI1546 /home/sky/kaldi/egs/timit/s5/mfcc/raw_mfcc_train.5.ark:873686
MWSB0_SX366 /home/sky/kaldi/egs/timit/s5/mfcc/raw_mfcc_train.10.ark:1432641
MDPS0_SX179 /home/sky/kaldi/egs/timit/s5/mfcc/raw_mfcc_train.5.ark:633544
MJFR0_SI1605 /home/sky/kaldi/egs/timit/s5/mfcc/raw_mfcc_train.6.ark:960712
MTJU0_SX310 /home/sky/kaldi/egs/timit/s5/mfcc/raw_mfcc_train.10.ark:468211
MCSS0_SX120 /home/sky/kaldi/egs/timit/s5/mfcc/raw_mfcc_train.4.ark:1102982
MWRE0_SI1687 /home/sky/kaldi/egs/timit/s5/mfcc/raw_mfcc_train.10.ark:1355383
FPAD0_SI1976 /home/sky/kaldi/egs/timit/s5/mfcc/raw_mfcc_train.3.ark:158979
FLMC0_SX22 /home/sky/kaldi/egs/timit/s5/mfcc/raw_mfcc_train.2.ark:1115911
MJAI0_SX434 /home/sky/kaldi/egs/timit/s5/mfcc/raw_mfcc_train.6.ark:628769
MLEL0_SX256 /home/sky/kaldi/egs/timit/s5/mfcc/raw_mfcc_train.7.ark:918733
MKES0_SX443 /home/sky/kaldi/egs/timit/s5/mfcc/raw_mfcc_train.7.ark:610048
