MLJH0_SX64 /home/sky/kaldi/egs/timit/s5/mfcc/raw_mfcc_train.7.ark:1006825
MMAG0_SI496 /home/sky/kaldi/egs/timit/s5/mfcc/raw_mfcc_train.7.ark:1153911
MJWG0_SX85 /home/sky/kaldi/egs/timit/s5/mfcc/raw_mfcc_train.7.ark:215394
FMEM0_SX387 /home/sky/kaldi/egs/timit/s5/mfcc/raw_mfcc_train.2.ark:1322964
MPGH0_SI1554 /home/sky/kaldi/egs/timit/s5/mfcc/raw_mfcc_train.8.ark:583847
MDKS0_SX346 /home/sky/kaldi/egs/timit/s5/mfcc/raw_mfcc_train.5.ark:181334
FSRH0_SI671 /home/sky/kaldi/egs/timit/s5/mfcc/raw_mfcc_train.3.ark:1126709
FNTB0_SX393 /home/sky/kaldi/egs/timit/s5/mfcc/raw_mfcc_train.3.ark:78795
MRWS0_SI1102 /home/sky/kaldi/egs/timit/s5/mfcc/raw_mfcc_train.9.ark:881662
FTLG0_SX393 /home/sky/kaldi/egs/timit/s5/mfcc/raw_mfcc_train.3.ark:1307974
MKAM0_SX146 /home/sky/kaldi/egs/timit/s5/mfcc/raw_mfcc_train.7.ark:465254
MHRM0_SX328 /home/sky/kaldi/egs/timit/s5/mfcc/raw_mfcc_train.6.ark:459689
MFXS0_SX144 /home/sky/kaldi/egs/timit/s5/mfcc/raw_mfcc_train.5.ark:1312421
FTBR0_SI2181 /home/sky/kaldi/egs/timit/s5/mfcc/raw_mfcc_train.3.ark:1219277
MFXS0_SI1674 /home/sky/kaldi/egs/timit/s5/mfcc/raw_mfcc_train.5.ark:1303415
MJHI0_SI698 /home/sky/kaldi/egs/timit/s5/mfcc/raw_mfcc_train.6.ark:1005516
FSJW0_SX253 /home/sky/kaldi/egs/timit/s5/mfcc/raw_mfcc_train.3.ark:842315
MHMG0_SX375 /home/sky/kaldi/egs/timit/s5/mfcc/raw_mfcc_train.6.ark:405157
MSES0_SX239 /home/sky/kaldi/egs/timit/s5/mfcc/raw_mfcc_train.9.ark:1215677
FLJD0_SX166 /home/sky/kaldi/egs/timit/s5/mfcc/raw_mfcc_train.2.ark:977046
MMWB0_SI989 /home/sky/kaldi/egs/timit/s5/mfcc/raw_mfcc_train.8.ark:310989
MNET0_SI816 /home/sky/kaldi/egs/timit/s5/mfcc/raw_mfcc_train.8.ark:436886
MVRW0_SX315 /home/sky/kaldi/egs/timit/s5/mfcc/raw_mfcc_train.10.ark:1120353
MDPK0_SX333 /home/sky/kaldi/egs/timit/s5/mfcc/raw_mfcc_train.5.ark:610998
FMMH0_SX187 /home/sky/kaldi/egs/timit/s5/mfcc/raw_mfcc_train.2.ark:1510697
MTDP0_SX81 /home/sky/kaldi/egs/timit/s5/mfcc/raw_mfcc_train.10.ark:308690
FGDP0_SI2248 /home/sky/kaldi/egs/timit/s5/mfcc/raw_mfcc_train.1.ark:1397683
MSFH0_SX406 /home/sky/kaldi/egs/timit/s5/mfcc/raw_mfcc_train.9.ark:1259207
FGDP0_SX88 /home/sky/kaldi/egs/timit/s5/mfcc/raw_mfcc_train.1.ark:1426376
MTDB0_SX411 /home/sky/kaldi/egs/timit/s5/mfcc/raw_mfcc_train.10.ark:265921
FDJH0_SI1565 /home/sky/kaldi/egs/timit/s5/mfcc/raw_mfcc_train.1.ark:880027
FMJU0_SI1389 /home/sky/kaldi/egs/timit/s5/mfcc/raw_mfcc_train.2.ark:1395559
MJJM0_SX377 /home/sky/kaldi/egs/timit/s5/mfcc/raw_mfcc_train.6.ark:1126986
MCSS0_SI750 /home/sky/kaldi/egs/timit/s5/mfcc/raw_mfcc_train.4.ark:1099283
FBLV0_SX338 /home/sky/kaldi/egs/timit/s5/mfcc/raw_mfcc_train.1.ark:329771
MGAW0_SX85 /home/sky/kaldi/egs/timit/s5/mfcc/raw_mfcc_train.6.ark:52364
MDCM0_SX400 /home/sky/kaldi/egs/timit/s5/mfcc/raw_mfcc_train.4.ark:1404522
FLHD0_SI1974 /home/sky/kaldi/egs/timit/s5/mfcc/raw_mfcc_train.2.ark:905138
MJRP0_SI1835 /home/sky/kaldi/egs/timit/s5/mfcc/raw_mfcc_train.7.ark:111492
MFRM0_SI1717 /home/sky/kaldi/egs/timit/s5/mfcc/raw_mfcc_train.5.ark:1246212
MDBP0_SX78 /home/sky/kaldi/egs/timit/s5/mfcc/raw_mfcc_train.4.ark:1341059
MMVP0_SI654 /home/sky/kaldi/egs/timit/s5/mfcc/raw_mfcc_train.8.ark:267888
FTAJ0_SX339 /home/sky/kaldi/egs/timit/s5/mfcc/raw_mfcc_train.3.ark:1204233
MJRP0_SX135 /home/sky/kaldi/egs/timit/s5/mfcc/raw_mfcc_train.7.ark:122824
MDMA0_SX350 /home/sky/kaldi/egs/timit/s5/mfcc/raw_mfcc_train.5.ark:482395
MAEO0_SX426 /home/sky/kaldi/egs/timit/s5/mfcc/raw_mfcc_train.4.ark:62904
MDEM0_SX158 /home/sky/kaldi/egs/timit/s5/mfcc/raw_mfcc_train.5.ark:46008
FLTM0_SX170 /home/sky/kaldi/egs/timit/s5/mfcc/raw_mfcc_train.2.ark:1203361
MDAC0_SX361 /home/sky/kaldi/egs/timit/s5/mfcc/raw_mfcc_train.4.ark:1238086
MDHL0_SX449 /home/sky/kaldi/egs/timit/s5/mfcc/raw_mfcc_train.5.ark:93029
MSFV0_SX182 /home/sky/kaldi/egs/timit/s5/mfcc/raw_mfcc_train.9.ark:1283475
MKXL0_SI1185 /home/sky/kaldi/egs/timit/s5/mfcc/raw_mfcc_train.7.ark:836832
MRJM0_SI1095 /home/sky/kaldi/egs/timit/s5/mfcc/raw_mfcc_train.9.ark:153288
MTPP0_SX338 /home/sky/kaldi/egs/timit/s5/mfcc/raw_mfcc_train.10.ark:791104
MMAB1_SI1494 /home/sky/kaldi/egs/timit/s5/mfcc/raw_mfcc_train.7.ark:1109132
MBOM0_SI2274 /home/sky/kaldi/egs/timit/s5/mfcc/raw_mfcc_train.4.ark:577556
FTLG0_SX303 /home/sky/kaldi/egs/timit/s5/mfcc/raw_mfcc_train.3.ark:1301500
MARW0_SI1906 /home/sky/kaldi/egs/timit/s5/mfcc/raw_mfcc_train.4.ark:261780
MJJM0_SX197 /home/sky/kaldi/egs/timit/s5/mfcc/raw_mfcc_train.6.ark:1119471
MGAR0_SX222 /home/sky/kaldi/egs/timit/s5/mfcc/raw_mfcc_train.6.ark:7372
FLJG0_SX261 /home/sky/kaldi/egs/timit/s5/mfcc/raw_mfcc_train.2.ark:1017449
MKAJ0_SX424 /home/sky/kaldi/egs/timit/s5/mfcc/raw_mfcc_train.7.ark:442649
MRJT0_SI868 /home/sky/kaldi/egs/timit/s5/mfcc/raw_mfcc_train.9.ark:225984
MKLW0_SX401 /home/sky/kaldi/egs/timit/s5/mfcc/raw_mfcc_train.7.ark:797671
MVLO0_SX247 /home/sky/kaldi/egs/timit/s5/mfcc/raw_mfcc_train.10.ark:1086138
FKDW0_SX217 /home/sky/kaldi/egs/timit/s5/mfcc/raw_mfcc_train.2.ark:551728
FGCS0_SX46 /home/sky/kaldi/egs/timit/s5/mfcc/raw_mfcc_train.1.ark:1391700
MPRD0_SI2061 /home/sky/kaldi/egs/timit/s5/mfcc/raw_mfcc_train.8.ark:803637
FCJS0_SI1607 /home/sky/kaldi/egs/timit/s5/mfcc/raw_mfcc_train.1.ark:562761
MCSS0_SX120 /home/sky/kaldi/egs/timit/s5/mfcc/raw_mfcc_train.4.ark:1102982
MKES0_SX173 /home/sky/kaldi/egs/timit/s5/mfcc/raw_mfcc_train.7.ark:596923
MARW0_SX16 /home/sky/kaldi/egs/timit/s5/mfcc/raw_mfcc_train.4.ark:271810
MTML0_SX165 /home/sky/kaldi/egs/timit/s5/mfcc/raw_mfcc_train.10.ark:624574
MMPM0_SX161 /home/sky/kaldi/egs/timit/s5/mfcc/raw_mfcc_train.8.ark:169666
MCLM0_SX376 /home/sky/kaldi/egs/timit/s5/mfcc/raw_mfcc_train.4.ark:1022395
MEJL0_SX242 /home/sky/kaldi/egs/timit/s5/mfcc/raw_mfcc_train.5.ark:1043933
FSSB0_SI1082 /home/sky/kaldi/egs/timit/s5/mfcc/raw_mfcc_train.3.ark:1152595
FCAJ0_SX129 /home/sky/kaldi/egs/timit/s5/mfcc/raw_mfcc_train.1.ark:449013
MDEM0_SX248 /home/sky/kaldi/egs/timit/s5/mfcc/raw_mfcc_train.5.ark:49603
MCXM0_SX271 /home/sky/kaldi/egs/timit/s5/mfcc/raw_mfcc_train.4.ark:1201297
MFXV0_SX285 /home/sky/kaldi/egs/timit/s5/mfcc/raw_mfcc_train.5.ark:1357505
MTPR0_SX160 /home/sky/kaldi/egs/timit/s5/mfcc/raw_mfcc_train.10.ark:816276
FGCS0_SI856 /home/sky/kaldi/egs/timit/s5/mfcc/raw_mfcc_train.1.ark:1371841
MBBR0_SI1685 /home/sky/kaldi/egs/timit/s5/mfcc/raw_mfcc_train.4.ark:329494
MJJM0_SI1251 /home/sky/kaldi/egs/timit/s5/mfcc/raw_mfcc_train.6.ark:1098194
MDLC2_SX354 /home/sky/kaldi/egs/timit/s5/mfcc/raw_mfcc_train.5.ark:317686
FSGF0_SX117 /home/sky/kaldi/egs/timit/s5/mfcc/raw_mfcc_train.3.ark:700432
MKLS1_SX15 /home/sky/kaldi/egs/timit/s5/mfcc/raw_mfcc_train.7.ark:758260
MVJH0_SX296 /home/sky/kaldi/egs/timit/s5/mfcc/raw_mfcc_train.10.ark:1063838
MJEB0_SI1916 /home/sky/kaldi/egs/timit/s5/mfcc/raw_mfcc_train.6.ark:840554
FPJF0_SX56 /home/sky/kaldi/egs/timit/s5/mfcc/raw_mfcc_train.3.ark:285123
MBMA0_SX412 /home/sky/kaldi/egs/timit/s5/mfcc/raw_mfcc_train.4.ark:498112
MDJM0_SI825 /home/sky/kaldi/egs/timit/s5/mfcc/raw_mfcc_train.5.ark:141059
MMPM0_SX251 /home/sky/kaldi/egs/timit/s5/mfcc/raw_mfcc_train.8.ark:175146
MGRP0_SI687 /home/sky/kaldi/egs/timit/s5/mfcc/raw_mfcc_train.6.ark:159029
MRDS0_SI537 /home/sky/kaldi/egs/timit/s5/mfcc/raw_mfcc_train.8.ark:1259730
MJJJ0_SI1793 /home/sky/kaldi/egs/timit/s5/mfcc/raw_mfcc_train.6.ark:1069337
MMXS0_SI876 /home/sky/kaldi/egs/timit/s5/mfcc/raw_mfcc_train.8.ark:406630
MDCD0_SX425 /home/sky/kaldi/egs/timit/s5/mfcc/raw_mfcc_train.4.ark:1370243
FKSR0_SI1117 /home/sky/kaldi/egs/timit/s5/mfcc/raw_mfcc_train.2.ark:735992
FJLR0_SX61 /home/sky/kaldi/egs/timit/s5/mfcc/raw_mfcc_train.2.ark:219833
FGDP0_SX178 /home/sky/kaldi/egs/timit/s5/mfcc/raw_mfcc_train.1.ark:1407473
FKDW0_SX37 /home/sky/kaldi/egs/timit/s5/mfcc/raw_mfcc_train.2.ark:556811
FETB0_SI1778 /home/sky/kaldi/egs/timit/s5/mfcc/raw_mfcc_train.1.ark:1298191
MCTM0_SX180 /home/sky/kaldi/egs/timit/s5/mfcc/raw_mfcc_train.4.ark:1166510
FMPG0_SX342 /home/sky/kaldi/egs/timit/s5/mfcc/raw_mfcc_train.3.ark:3828
MSAS0_SX206 /home/sky/kaldi/egs/timit/s5/mfcc/raw_mfcc_train.9.ark:990647
FCEG0_SX168 /home/sky/kaldi/egs/timit/s5/mfcc/raw_mfcc_train.1.ark:519704
FDKN0_SX91 /home/sky/kaldi/egs/timit/s5/mfcc/raw_mfcc_train.1.ark:943808
MJXA0_SX337 /home/sky/kaldi/egs/timit/s5/mfcc/raw_mfcc_train.7.ark:309607
MRCW0_SX381 /home/sky/kaldi/egs/timit/s5/mfcc/raw_mfcc_train.8.ark:1187416
FEAR0_SI1252 /home/sky/kaldi/egs/timit/s5/mfcc/raw_mfcc_train.1.ark:1154448
FCYL0_SI667 /home/sky/kaldi/egs/timit/s5/mfcc/raw_mfcc_train.1.ark:758249
FLJA0_SX88 /home/sky/kaldi/egs/timit/s5/mfcc/raw_mfcc_train.2.ark:959908
MEWM0_SX178 /home/sky/kaldi/egs/timit/s5/mfcc/raw_mfcc_train.5.ark:1160424
MJLB0_SI1616 /home/sky/kaldi/egs/timit/s5/mfcc/raw_mfcc_train.6.ark:1164361
MPAR0_SX46 /home/sky/kaldi/egs/timit/s5/mfcc/raw_mfcc_train.8.ark:518036
MGES0_SX311 /home/sky/kaldi/egs/timit/s5/mfcc/raw_mfcc_train.6.ark:69451
FSCN0_SX86 /home/sky/kaldi/egs/timit/s5/mfcc/raw_mfcc_train.3.ark:622495
MRMB0_SX231 /home/sky/kaldi/egs/timit/s5/mfcc/raw_mfcc_train.9.ark:459486
FSKC0_SX336 /home/sky/kaldi/egs/timit/s5/mfcc/raw_mfcc_train.3.ark:875971
MTCS0_SX82 /home/sky/kaldi/egs/timit/s5/mfcc/raw_mfcc_train.10.ark:237205
MEFG0_SI491 /home/sky/kaldi/egs/timit/s5/mfcc/raw_mfcc_train.5.ark:963811
MDWM0_SX433 /home/sky/kaldi/egs/timit/s5/mfcc/raw_mfcc_train.5.ark:901568
MVLO0_SI1777 /home/sky/kaldi/egs/timit/s5/mfcc/raw_mfcc_train.10.ark:1074105
MEJS0_SX160 /home/sky/kaldi/egs/timit/s5/mfcc/raw_mfcc_train.5.ark:1071920
MMSM0_SX116 /home/sky/kaldi/egs/timit/s5/mfcc/raw_mfcc_train.8.ark:241539
MWRP0_SX93 /home/sky/kaldi/egs/timit/s5/mfcc/raw_mfcc_train.10.ark:1411511
FDTD0_SX211 /home/sky/kaldi/egs/timit/s5/mfcc/raw_mfcc_train.1.ark:1074043
FKFB0_SX78 /home/sky/kaldi/egs/timit/s5/mfcc/raw_mfcc_train.2.ark:599216
MTLB0_SX414 /home/sky/kaldi/egs/timit/s5/mfcc/raw_mfcc_train.10.ark:573325
MMEA0_SX128 /home/sky/kaldi/egs/timit/s5/mfcc/raw_mfcc_train.7.ark:1483519
FJEN0_SX57 /home/sky/kaldi/egs/timit/s5/mfcc/raw_mfcc_train.2.ark:92437
FMJB0_SI1177 /home/sky/kaldi/egs/timit/s5/mfcc/raw_mfcc_train.2.ark:1328016
MDWM0_SI2176 /home/sky/kaldi/egs/timit/s5/mfcc/raw_mfcc_train.5.ark:877308
MJFH0_SX117 /home/sky/kaldi/egs/timit/s5/mfcc/raw_mfcc_train.6.ark:946676
FCRZ0_SI1913 /home/sky/kaldi/egs/timit/s5/mfcc/raw_mfcc_train.1.ark:719541
FSJG0_SX40 /home/sky/kaldi/egs/timit/s5/mfcc/raw_mfcc_train.3.ark:749272
MCDR0_SX254 /home/sky/kaldi/egs/timit/s5/mfcc/raw_mfcc_train.4.ark:846420
MPGR0_SX420 /home/sky/kaldi/egs/timit/s5/mfcc/raw_mfcc_train.8.ark:632722
MSRR0_SI501 /home/sky/kaldi/egs/timit/s5/mfcc/raw_mfcc_train.9.ark:1476495
FCKE0_SX31 /home/sky/kaldi/egs/timit/s5/mfcc/raw_mfcc_train.1.ark:617330
MCLK0_SX130 /home/sky/kaldi/egs/timit/s5/mfcc/raw_mfcc_train.4.ark:979047
MJLG1_SI1012 /home/sky/kaldi/egs/timit/s5/mfcc/raw_mfcc_train.6.ark:1194149
FALK0_SI658 /home/sky/kaldi/egs/timit/s5/mfcc/raw_mfcc_train.1.ark:76033
MPRT0_SX40 /home/sky/kaldi/egs/timit/s5/mfcc/raw_mfcc_train.8.ark:895954
MJAC0_SX307 /home/sky/kaldi/egs/timit/s5/mfcc/raw_mfcc_train.6.ark:554008
MKAG0_SX439 /home/sky/kaldi/egs/timit/s5/mfcc/raw_mfcc_train.7.ark:379563
FMPG0_SX252 /home/sky/kaldi/egs/timit/s5/mfcc/raw_mfcc_train.3.ark:12
MMWS1_SI2331 /home/sky/kaldi/egs/timit/s5/mfcc/raw_mfcc_train.8.ark:380237
FMKF0_SX186 /home/sky/kaldi/egs/timit/s5/mfcc/raw_mfcc_train.2.ark:1477453
MSAS0_SX26 /home/sky/kaldi/egs/timit/s5/mfcc/raw_mfcc_train.9.ark:995606
MJDA0_SX41 /home/sky/kaldi/egs/timit/s5/mfcc/raw_mfcc_train.6.ark:691980
MWEM0_SX150 /home/sky/kaldi/egs/timit/s5/mfcc/raw_mfcc_train.10.ark:1295002
MCLM0_SX286 /home/sky/kaldi/egs/timit/s5/mfcc/raw_mfcc_train.4.ark:1018020
MSES0_SX149 /home/sky/kaldi/egs/timit/s5/mfcc/raw_mfcc_train.9.ark:1211952
MRJM1_SX308 /home/sky/kaldi/egs/timit/s5/mfcc/raw_mfcc_train.9.ark:206916
FJSP0_SX264 /home/sky/kaldi/egs/timit/s5/mfcc/raw_mfcc_train.2.ark:347338
FDML0_SX159 /home/sky/kaldi/egs/timit/s5/mfcc/raw_mfcc_train.1.ark:958360
MGXP0_SX187 /home/sky/kaldi/egs/timit/s5/mfcc/raw_mfcc_train.6.ark:272511
MCPM0_SI1824 /home/sky/kaldi/egs/timit/s5/mfcc/raw_mfcc_train.4.ark:1029457
MVLO0_SX427 /home/sky/kaldi/egs/timit/s5/mfcc/raw_mfcc_train.10.ark:1094901
MRAB0_SI1224 /home/sky/kaldi/egs/timit/s5/mfcc/raw_mfcc_train.8.ark:928968
MNTW0_SX168 /home/sky/kaldi/egs/timit/s5/mfcc/raw_mfcc_train.8.ark:473908
FSGF0_SI1557 /home/sky/kaldi/egs/timit/s5/mfcc/raw_mfcc_train.3.ark:684238
FSCN0_SX446 /home/sky/kaldi/egs/timit/s5/mfcc/raw_mfcc_train.3.ark:617536
MJJB0_SX149 /home/sky/kaldi/egs/timit/s5/mfcc/raw_mfcc_train.6.ark:1040291
MGXP0_SI525 /home/sky/kaldi/egs/timit/s5/mfcc/raw_mfcc_train.6.ark:266407
MMAR0_SX436 /home/sky/kaldi/egs/timit/s5/mfcc/raw_mfcc_train.7.ark:1240517
MJFH0_SI1107 /home/sky/kaldi/egs/timit/s5/mfcc/raw_mfcc_train.6.ark:934681
MESG0_SX342 /home/sky/kaldi/egs/timit/s5/mfcc/raw_mfcc_train.5.ark:1110952
MCDD0_SX343 /home/sky/kaldi/egs/timit/s5/mfcc/raw_mfcc_train.4.ark:811543
MDBP0_SI1788 /home/sky/kaldi/egs/timit/s5/mfcc/raw_mfcc_train.4.ark:1311885
MSAT0_SI1526 /home/sky/kaldi/egs/timit/s5/mfcc/raw_mfcc_train.9.ark:1006743
FBMJ0_SX156 /home/sky/kaldi/egs/timit/s5/mfcc/raw_mfcc_train.1.ark:388500
MAFM0_SX399 /home/sky/kaldi/egs/timit/s5/mfcc/raw_mfcc_train.4.ark:94362
FSGF0_SI927 /home/sky/kaldi/egs/timit/s5/mfcc/raw_mfcc_train.3.ark:693431
MMWS0_SI888 /home/sky/kaldi/egs/timit/s5/mfcc/raw_mfcc_train.8.ark:348186
MCDC0_SI662 /home/sky/kaldi/egs/timit/s5/mfcc/raw_mfcc_train.4.ark:770788
MGAR0_SI1212 /home/sky/kaldi/egs/timit/s5/mfcc/raw_mfcc_train.5.ark:1459533
MKDT0_SI893 /home/sky/kaldi/egs/timit/s5/mfcc/raw_mfcc_train.7.ark:557430
MEJS0_SI1240 /home/sky/kaldi/egs/timit/s5/mfcc/raw_mfcc_train.5.ark:1059249
MBGT0_SX81 /home/sky/kaldi/egs/timit/s5/mfcc/raw_mfcc_train.4.ark:441649
FGMB0_SI1775 /home/sky/kaldi/egs/timit/s5/mfcc/raw_mfcc_train.1.ark:1438963
MDBB1_SX106 /home/sky/kaldi/egs/timit/s5/mfcc/raw_mfcc_train.4.ark:1292108
MBCG0_SX417 /home/sky/kaldi/egs/timit/s5/mfcc/raw_mfcc_train.4.ark:377166
FJEN0_SI2307 /home/sky/kaldi/egs/timit/s5/mfcc/raw_mfcc_train.2.ark:67560
MNET0_SX186 /home/sky/kaldi/egs/timit/s5/mfcc/raw_mfcc_train.8.ark:440715
FCDR1_SX286 /home/sky/kaldi/egs/timit/s5/mfcc/raw_mfcc_train.1.ark:499777
FBMJ0_SX66 /home/sky/kaldi/egs/timit/s5/mfcc/raw_mfcc_train.1.ark:406948
MRAB1_SI2108 /home/sky/kaldi/egs/timit/s5/mfcc/raw_mfcc_train.8.ark:965459
FSDC0_SX412 /home/sky/kaldi/egs/timit/s5/mfcc/raw_mfcc_train.3.ark:648742
MDSS1_SX67 /home/sky/kaldi/egs/timit/s5/mfcc/raw_mfcc_train.5.ark:773510
MREM0_SX421 /home/sky/kaldi/egs/timit/s5/mfcc/raw_mfcc_train.8.ark:1376318
MKES0_SX263 /home/sky/kaldi/egs/timit/s5/mfcc/raw_mfcc_train.7.ark:601857
MDLR1_SX39 /home/sky/kaldi/egs/timit/s5/mfcc/raw_mfcc_train.5.ark:451897
MTWH1_SI2142 /home/sky/kaldi/egs/timit/s5/mfcc/raw_mfcc_train.10.ark:978084
MDBP0_SX168 /home/sky/kaldi/egs/timit/s5/mfcc/raw_mfcc_train.4.ark:1323313
MCEW0_SX92 /home/sky/kaldi/egs/timit/s5/mfcc/raw_mfcc_train.4.ark:926517
MMCC0_SX168 /home/sky/kaldi/egs/timit/s5/mfcc/raw_mfcc_train.7.ark:1298330
MJRP0_SX315 /home/sky/kaldi/egs/timit/s5/mfcc/raw_mfcc_train.7.ark:130157
FLHD0_SX444 /home/sky/kaldi/egs/timit/s5/mfcc/raw_mfcc_train.2.ark:921247
FDXW0_SX161 /home/sky/kaldi/egs/timit/s5/mfcc/raw_mfcc_train.1.ark:1102330
FSLS0_SX156 /home/sky/kaldi/egs/timit/s5/mfcc/raw_mfcc_train.3.ark:965257
MTER0_SX257 /home/sky/kaldi/egs/timit/s5/mfcc/raw_mfcc_train.10.ark:333953
FKLC1_SI2308 /home/sky/kaldi/egs/timit/s5/mfcc/raw_mfcc_train.2.ark:679889
MTAS0_SI1385 /home/sky/kaldi/egs/timit/s5/mfcc/raw_mfcc_train.10.ark:81825
FHLM0_SX120 /home/sky/kaldi/egs/timit/s5/mfcc/raw_mfcc_train.1.ark:1517755
FCEG0_SI1248 /home/sky/kaldi/egs/timit/s5/mfcc/raw_mfcc_train.1.ark:509841
FTBR0_SX381 /home/sky/kaldi/egs/timit/s5/mfcc/raw_mfcc_train.3.ark:1241730
MSAS0_SI746 /home/sky/kaldi/egs/timit/s5/mfcc/raw_mfcc_train.9.ark:981390
MDHS0_SX270 /home/sky/kaldi/egs/timit/s5/mfcc/raw_mfcc_train.5.ark:117408
MVRW0_SI855 /home/sky/kaldi/egs/timit/s5/mfcc/raw_mfcc_train.10.ark:1109971
MRDM0_SI965 /home/sky/kaldi/egs/timit/s5/mfcc/raw_mfcc_train.8.ark:1230020
MCLK0_SX40 /home/sky/kaldi/egs/timit/s5/mfcc/raw_mfcc_train.4.ark:990130
MJPG0_SI1821 /home/sky/kaldi/egs/timit/s5/mfcc/raw_mfcc_train.6.ark:1349560
MGSH0_SI1176 /home/sky/kaldi/egs/timit/s5/mfcc/raw_mfcc_train.6.ark:185955
MZMB0_SI1796 /home/sky/kaldi/egs/timit/s5/mfcc/raw_mfcc_train.10.ark:1486883
MKES0_SI1883 /home/sky/kaldi/egs/timit/s5/mfcc/raw_mfcc_train.7.ark:586301
MJFH0_SX387 /home/sky/kaldi/egs/timit/s5/mfcc/raw_mfcc_train.6.ark:957220
FCMG0_SX72 /home/sky/kaldi/egs/timit/s5/mfcc/raw_mfcc_train.1.ark:685572
MSVS0_SI1568 /home/sky/kaldi/egs/timit/s5/mfcc/raw_mfcc_train.10.ark:3503
MWSB0_SI2256 /home/sky/kaldi/egs/timit/s5/mfcc/raw_mfcc_train.10.ark:1418300
MRDD0_SI1050 /home/sky/kaldi/egs/timit/s5/mfcc/raw_mfcc_train.8.ark:1190401
MWCH0_SI1895 /home/sky/kaldi/egs/timit/s5/mfcc/raw_mfcc_train.10.ark:1228962
MPFU0_SI628 /home/sky/kaldi/egs/timit/s5/mfcc/raw_mfcc_train.8.ark:558624
MJDA0_SI2291 /home/sky/kaldi/egs/timit/s5/mfcc/raw_mfcc_train.6.ark:672875
FHLM0_SI1560 /home/sky/kaldi/egs/timit/s5/mfcc/raw_mfcc_train.1.ark:1507827
MMCC0_SI1968 /home/sky/kaldi/egs/timit/s5/mfcc/raw_mfcc_train.7.ark:1290997
MRMS0_SX210 /home/sky/kaldi/egs/timit/s5/mfcc/raw_mfcc_train.9.ark:595034
MPGH0_SX294 /home/sky/kaldi/egs/timit/s5/mfcc/raw_mfcc_train.8.ark:606313
FREH0_SI685 /home/sky/kaldi/egs/timit/s5/mfcc/raw_mfcc_train.3.ark:366300
FMKC0_SI1072 /home/sky/kaldi/egs/timit/s5/mfcc/raw_mfcc_train.2.ark:1435287
MDAS0_SI1896 /home/sky/kaldi/egs/timit/s5/mfcc/raw_mfcc_train.4.ark:1252987
MRTC0_SI1458 /home/sky/kaldi/egs/timit/s5/mfcc/raw_mfcc_train.9.ark:745610
MJRA0_SX336 /home/sky/kaldi/egs/timit/s5/mfcc/raw_mfcc_train.6.ark:1459193
FMJB0_SX367 /home/sky/kaldi/egs/timit/s5/mfcc/raw_mfcc_train.2.ark:1349164
FCAJ0_SX399 /home/sky/kaldi/egs/timit/s5/mfcc/raw_mfcc_train.1.ark:464887
MTJM0_SX236 /home/sky/kaldi/egs/timit/s5/mfcc/raw_mfcc_train.10.ark:396616
FLJG0_SX171 /home/sky/kaldi/egs/timit/s5/mfcc/raw_mfcc_train.2.ark:1010825
FLKM0_SX440 /home/sky/kaldi/egs/timit/s5/mfcc/raw_mfcc_train.2.ark:1063084
MRRE0_SX434 /home/sky/kaldi/egs/timit/s5/mfcc/raw_mfcc_train.9.ark:663906
MREE0_SX384 /home/sky/kaldi/egs/timit/s5/mfcc/raw_mfcc_train.8.ark:1311432
MRGS0_SX186 /home/sky/kaldi/egs/timit/s5/mfcc/raw_mfcc_train.9.ark:24917
MTDB0_SI1401 /home/sky/kaldi/egs/timit/s5/mfcc/raw_mfcc_train.10.ark:240840
FTMG0_SX362 /home/sky/kaldi/egs/timit/s5/mfcc/raw_mfcc_train.3.ark:1330508
MRXB0_SI2215 /home/sky/kaldi/egs/timit/s5/mfcc/raw_mfcc_train.9.ark:912966
MTDB0_SX231 /home/sky/kaldi/egs/timit/s5/mfcc/raw_mfcc_train.10.ark:259641
MTLB0_SX234 /home/sky/kaldi/egs/timit/s5/mfcc/raw_mfcc_train.10.ark:564068
MSRG0_SX321 /home/sky/kaldi/egs/timit/s5/mfcc/raw_mfcc_train.9.ark:1455750
MTAB0_SX402 /home/sky/kaldi/egs/timit/s5/mfcc/raw_mfcc_train.10.ark:74479
MSFH0_SI1216 /home/sky/kaldi/egs/timit/s5/mfcc/raw_mfcc_train.9.ark:1229134
MSAH1_SX59 /home/sky/kaldi/egs/timit/s5/mfcc/raw_mfcc_train.9.ark:967405
MTPP0_SX248 /home/sky/kaldi/egs/timit/s5/mfcc/raw_mfcc_train.10.ark:787652
MBSB0_SI1983 /home/sky/kaldi/egs/timit/s5/mfcc/raw_mfcc_train.4.ark:603022
MDCM0_SI850 /home/sky/kaldi/egs/timit/s5/mfcc/raw_mfcc_train.4.ark:1385625
MKAH0_SI2158 /home/sky/kaldi/egs/timit/s5/mfcc/raw_mfcc_train.7.ark:392351
FGMB0_SX155 /home/sky/kaldi/egs/timit/s5/mfcc/raw_mfcc_train.1.ark:1447037
MRJH0_SX259 /home/sky/kaldi/egs/timit/s5/mfcc/raw_mfcc_train.9.ark:136165
MRAM0_SX15 /home/sky/kaldi/egs/timit/s5/mfcc/raw_mfcc_train.8.ark:1046402
FJDM2_SI1582 /home/sky/kaldi/egs/timit/s5/mfcc/raw_mfcc_train.2.ark:24365
MRLD0_SX424 /home/sky/kaldi/egs/timit/s5/mfcc/raw_mfcc_train.9.ark:315850
MMAB1_SX54 /home/sky/kaldi/egs/timit/s5/mfcc/raw_mfcc_train.7.ark:1138769
MKLR0_SI1059 /home/sky/kaldi/egs/timit/s5/mfcc/raw_mfcc_train.7.ark:677568
MDLB0_SI1306 /home/sky/kaldi/egs/timit/s5/mfcc/raw_mfcc_train.5.ark:194953
MSAH1_SX149 /home/sky/kaldi/egs/timit/s5/mfcc/raw_mfcc_train.9.ark:951596
MRJH0_SX307 /home/sky/kaldi/egs/timit/s5/mfcc/raw_mfcc_train.9.ark:140696
MWSH0_SI2266 /home/sky/kaldi/egs/timit/s5/mfcc/raw_mfcc_train.10.ark:1449568
FSDC0_SI2234 /home/sky/kaldi/egs/timit/s5/mfcc/raw_mfcc_train.3.ark:635142
MMWS1_SI1701 /home/sky/kaldi/egs/timit/s5/mfcc/raw_mfcc_train.8.ark:376953
MEDR0_SI2004 /home/sky/kaldi/egs/timit/s5/mfcc/raw_mfcc_train.5.ark:934714
FJKL0_SX212 /home/sky/kaldi/egs/timit/s5/mfcc/raw_mfcc_train.2.ark:144116
FSJS0_SX271 /home/sky/kaldi/egs/timit/s5/mfcc/raw_mfcc_train.3.ark:807613
MFER0_SX232 /home/sky/kaldi/egs/timit/s5/mfcc/raw_mfcc_train.5.ark:1192819
MSMC0_SX17 /home/sky/kaldi/egs/timit/s5/mfcc/raw_mfcc_train.9.ark:1358188
FSKP0_SX378 /home/sky/kaldi/egs/timit/s5/mfcc/raw_mfcc_train.3.ark:947650
MRAB0_SI594 /home/sky/kaldi/egs/timit/s5/mfcc/raw_mfcc_train.8.ark:937953
MJDA0_SI1031 /home/sky/kaldi/egs/timit/s5/mfcc/raw_mfcc_train.6.ark:667984
MWRP0_SI1525 /home/sky/kaldi/egs/timit/s5/mfcc/raw_mfcc_train.10.ark:1388578
MRHL0_SX435 /home/sky/kaldi/egs/timit/s5/mfcc/raw_mfcc_train.9.ark:68985
MMLM0_SX267 /home/sky/kaldi/egs/timit/s5/mfcc/raw_mfcc_train.8.ark:144707
MMAG0_SX226 /home/sky/kaldi/egs/timit/s5/mfcc/raw_mfcc_train.7.ark:1163402
MTER0_SX17 /home/sky/kaldi/egs/timit/s5/mfcc/raw_mfcc_train.10.ark:331294
MTAT0_SI1110 /home/sky/kaldi/egs/timit/s5/mfcc/raw_mfcc_train.10.ark:107596
MTDB0_SX321 /home/sky/kaldi/egs/timit/s5/mfcc/raw_mfcc_train.10.ark:261364
FDNC0_SX108 /home/sky/kaldi/egs/timit/s5/mfcc/raw_mfcc_train.1.ark:1035941
FNKL0_SX172 /home/sky/kaldi/egs/timit/s5/mfcc/raw_mfcc_train.3.ark:32744
MJFH0_SI477 /home/sky/kaldi/egs/timit/s5/mfcc/raw_mfcc_train.6.ark:941729
FJXP0_SX132 /home/sky/kaldi/egs/timit/s5/mfcc/raw_mfcc_train.2.ark:442323
FDJH0_SX215 /home/sky/kaldi/egs/timit/s5/mfcc/raw_mfcc_train.1.ark:896215
MMLM0_SI1527 /home/sky/kaldi/egs/timit/s5/mfcc/raw_mfcc_train.8.ark:131600
MJAE0_SX174 /home/sky/kaldi/egs/timit/s5/mfcc/raw_mfcc_train.6.ark:579435
MKDD0_SX307 /home/sky/kaldi/egs/timit/s5/mfcc/raw_mfcc_train.7.ark:538025
MVJH0_SX386 /home/sky/kaldi/egs/timit/s5/mfcc/raw_mfcc_train.10.ark:1067017
MGXP0_SI1087 /home/sky/kaldi/egs/timit/s5/mfcc/raw_mfcc_train.6.ark:256383
MTPP0_SX428 /home/sky/kaldi/egs/timit/s5/mfcc/raw_mfcc_train.10.ark:795115
MRML0_SX251 /home/sky/kaldi/egs/timit/s5/mfcc/raw_mfcc_train.9.ark:557133
FDAW0_SX56 /home/sky/kaldi/egs/timit/s5/mfcc/raw_mfcc_train.1.ark:848072
MAKR0_SX182 /home/sky/kaldi/egs/timit/s5/mfcc/raw_mfcc_train.4.ark:181920
MDLR0_SX423 /home/sky/kaldi/egs/timit/s5/mfcc/raw_mfcc_train.5.ark:416793
MGAF0_SI652 /home/sky/kaldi/egs/timit/s5/mfcc/raw_mfcc_train.5.ark:1375917
FSLS0_SI2316 /home/sky/kaldi/egs/timit/s5/mfcc/raw_mfcc_train.3.ark:959985
MJHI0_SX338 /home/sky/kaldi/egs/timit/s5/mfcc/raw_mfcc_train.6.ark:1016080
FEAR0_SI1882 /home/sky/kaldi/egs/timit/s5/mfcc/raw_mfcc_train.1.ark:1157940
MRHL0_SX255 /home/sky/kaldi/egs/timit/s5/mfcc/raw_mfcc_train.9.ark:62406
MMCC0_SX438 /home/sky/kaldi/egs/timit/s5/mfcc/raw_mfcc_train.7.ark:1308920
MHJB0_SX297 /home/sky/kaldi/egs/timit/s5/mfcc/raw_mfcc_train.6.ark:373490
MMGK0_SX422 /home/sky/kaldi/egs/timit/s5/mfcc/raw_mfcc_train.8.ark:90514
MJWG0_SI2155 /home/sky/kaldi/egs/timit/s5/mfcc/raw_mfcc_train.7.ark:181156
MDCD0_SI785 /home/sky/kaldi/egs/timit/s5/mfcc/raw_mfcc_train.4.ark:1351014
MMSM0_SX206 /home/sky/kaldi/egs/timit/s5/mfcc/raw_mfcc_train.8.ark:244614
MJFR0_SX165 /home/sky/kaldi/egs/timit/s5/mfcc/raw_mfcc_train.6.ark:972837
MTML0_SX345 /home/sky/kaldi/egs/timit/s5/mfcc/raw_mfcc_train.10.ark:632180
MREM0_SX151 /home/sky/kaldi/egs/timit/s5/mfcc/raw_mfcc_train.8.ark:1364896
MDAS0_SX21 /home/sky/kaldi/egs/timit/s5/mfcc/raw_mfcc_train.4.ark:1266878
FJEN0_SI1047 /home/sky/kaldi/egs/timit/s5/mfcc/raw_mfcc_train.2.ark:59328
FVKB0_SI529 /home/sky/kaldi/egs/timit/s5/mfcc/raw_mfcc_train.3.ark:1377597
MJLB0_SX266 /home/sky/kaldi/egs/timit/s5/mfcc/raw_mfcc_train.6.ark:1180952
MTMT0_SX398 /home/sky/kaldi/egs/timit/s5/mfcc/raw_mfcc_train.10.ark:708461
MJMM0_SX445 /home/sky/kaldi/egs/timit/s5/mfcc/raw_mfcc_train.6.ark:1340373
FJKL0_SX392 /home/sky/kaldi/egs/timit/s5/mfcc/raw_mfcc_train.2.ark:155680
MJEB0_SX296 /home/sky/kaldi/egs/timit/s5/mfcc/raw_mfcc_train.6.ark:861011
MWAC0_SI971 /home/sky/kaldi/egs/timit/s5/mfcc/raw_mfcc_train.10.ark:1139954
FJKL0_SX32 /home/sky/kaldi/egs/timit/s5/mfcc/raw_mfcc_train.2.ark:152189
MKDB0_SX422 /home/sky/kaldi/egs/timit/s5/mfcc/raw_mfcc_train.7.ark:507321
FSRH0_SX401 /home/sky/kaldi/egs/timit/s5/mfcc/raw_mfcc_train.3.ark:1143988
MBOM0_SI1014 /home/sky/kaldi/egs/timit/s5/mfcc/raw_mfcc_train.4.ark:570065
MMRP0_SX234 /home/sky/kaldi/egs/timit/s5/mfcc/raw_mfcc_train.8.ark:206064
MWCH0_SI2252 /home/sky/kaldi/egs/timit/s5/mfcc/raw_mfcc_train.10.ark:1230738
MJRH0_SX405 /home/sky/kaldi/egs/timit/s5/mfcc/raw_mfcc_train.7.ark:42126
MPRD0_SX171 /home/sky/kaldi/egs/timit/s5/mfcc/raw_mfcc_train.8.ark:813375
MJEB1_SX27 /home/sky/kaldi/egs/timit/s5/mfcc/raw_mfcc_train.6.ark:891637
MDTB0_SX210 /home/sky/kaldi/egs/timit/s5/mfcc/raw_mfcc_train.5.ark:791643
MTJU0_SX400 /home/sky/kaldi/egs/timit/s5/mfcc/raw_mfcc_train.10.ark:475348
FDAW0_SX146 /home/sky/kaldi/egs/timit/s5/mfcc/raw_mfcc_train.1.ark:833823
MMLM0_SI2150 /home/sky/kaldi/egs/timit/s5/mfcc/raw_mfcc_train.8.ark:133298
FTBR0_SX291 /home/sky/kaldi/egs/timit/s5/mfcc/raw_mfcc_train.3.ark:1238421
MDHS0_SX90 /home/sky/kaldi/egs/timit/s5/mfcc/raw_mfcc_train.5.ark:128023
MJEE0_SX337 /home/sky/kaldi/egs/timit/s5/mfcc/raw_mfcc_train.6.ark:921751
FBLV0_SI2318 /home/sky/kaldi/egs/timit/s5/mfcc/raw_mfcc_train.1.ark:318726
FLOD0_SI1287 /home/sky/kaldi/egs/timit/s5/mfcc/raw_mfcc_train.2.ark:1164735
FECD0_SX158 /home/sky/kaldi/egs/timit/s5/mfcc/raw_mfcc_train.1.ark:1205110
MBAR0_SI689 /home/sky/kaldi/egs/timit/s5/mfcc/raw_mfcc_train.4.ark:298660
FLJD0_SX436 /home/sky/kaldi/egs/timit/s5/mfcc/raw_mfcc_train.2.ark:990340
MCLK0_SI1660 /home/sky/kaldi/egs/timit/s5/mfcc/raw_mfcc_train.4.ark:963737
FCMG0_SX162 /home/sky/kaldi/egs/timit/s5/mfcc/raw_mfcc_train.1.ark:667488
MGAR0_SX42 /home/sky/kaldi/egs/timit/s5/mfcc/raw_mfcc_train.6.ark:21328
FAPB0_SI1063 /home/sky/kaldi/egs/timit/s5/mfcc/raw_mfcc_train.1.ark:131783
FAPB0_SX343 /home/sky/kaldi/egs/timit/s5/mfcc/raw_mfcc_train.1.ark:156585
MJMA0_SX415 /home/sky/kaldi/egs/timit/s5/mfcc/raw_mfcc_train.6.ark:1281316
MZMB0_SX176 /home/sky/kaldi/egs/timit/s5/mfcc/raw_mfcc_train.10.ark:1494216
FJWB1_SI2055 /home/sky/kaldi/egs/timit/s5/mfcc/raw_mfcc_train.2.ark:363356
MSEM1_SI1440 /home/sky/kaldi/egs/timit/s5/mfcc/raw_mfcc_train.9.ark:1158377
MBMA1_SX324 /home/sky/kaldi/egs/timit/s5/mfcc/raw_mfcc_train.4.ark:525787
MTRT0_SX57 /home/sky/kaldi/egs/timit/s5/mfcc/raw_mfcc_train.10.ark:969982
FTBR0_SI1402 /home/sky/kaldi/egs/timit/s5/mfcc/raw_mfcc_train.3.ark:1213315
MKLS0_SX447 /home/sky/kaldi/egs/timit/s5/mfcc/raw_mfcc_train.7.ark:734220
MPPC0_SI782 /home/sky/kaldi/egs/timit/s5/mfcc/raw_mfcc_train.8.ark:737009
MMJB1_SX148 /home/sky/kaldi/egs/timit/s5/mfcc/raw_mfcc_train.8.ark:109660
FCJS0_SX437 /home/sky/kaldi/egs/timit/s5/mfcc/raw_mfcc_train.1.ark:583916
FMJU0_SI2019 /home/sky/kaldi/egs/timit/s5/mfcc/raw_mfcc_train.2.ark:1401885
MLSH0_SI787 /home/sky/kaldi/egs/timit/s5/mfcc/raw_mfcc_train.7.ark:1049727
MMEB0_SI727 /home/sky/kaldi/egs/timit/s5/mfcc/raw_mfcc_train.7.ark:1508230
MADD0_SI1295 /home/sky/kaldi/egs/timit/s5/mfcc/raw_mfcc_train.3.ark:1497527
MSFH0_SX226 /home/sky/kaldi/egs/timit/s5/mfcc/raw_mfcc_train.9.ark:1250808
MDSS1_SX247 /home/sky/kaldi/egs/timit/s5/mfcc/raw_mfcc_train.5.ark:762661
MRHL0_SI2145 /home/sky/kaldi/egs/timit/s5/mfcc/raw_mfcc_train.9.ark:48592
MJKR0_SI571 /home/sky/kaldi/egs/timit/s5/mfcc/raw_mfcc_train.6.ark:1140425
FLMA0_SX73 /home/sky/kaldi/egs/timit/s5/mfcc/raw_mfcc_train.2.ark:1097376
MFRM0_SX75 /home/sky/kaldi/egs/timit/s5/mfcc/raw_mfcc_train.5.ark:1268874
MRJM1_SX218 /home/sky/kaldi/egs/timit/s5/mfcc/raw_mfcc_train.9.ark:202892
MPPC0_SI2042 /home/sky/kaldi/egs/timit/s5/mfcc/raw_mfcc_train.8.ark:734740
MBOM0_SX204 /home/sky/kaldi/egs/timit/s5/mfcc/raw_mfcc_train.4.ark:584161
MRMH0_SI2281 /home/sky/kaldi/egs/timit/s5/mfcc/raw_mfcc_train.9.ark:515852
FCLT0_SX178 /home/sky/kaldi/egs/timit/s5/mfcc/raw_mfcc_train.1.ark:633617
MDED0_SI1170 /home/sky/kaldi/egs/timit/s5/mfcc/raw_mfcc_train.4.ark:1437477
MARW0_SX286 /home/sky/kaldi/egs/timit/s5/mfcc/raw_mfcc_train.4.ark:275392
MRLR0_SX296 /home/sky/kaldi/egs/timit/s5/mfcc/raw_mfcc_train.9.ark:436731
MAEB0_SX90 /home/sky/kaldi/egs/timit/s5/mfcc/raw_mfcc_train.4.ark:36293
MMAA0_SX125 /home/sky/kaldi/egs/timit/s5/mfcc/raw_mfcc_train.7.ark:1090013
MGAW0_SI1802 /home/sky/kaldi/egs/timit/s5/mfcc/raw_mfcc_train.6.ark:30431
MJMM0_SI625 /home/sky/kaldi/egs/timit/s5/mfcc/raw_mfcc_train.6.ark:1324732
MPSW0_SX24 /home/sky/kaldi/egs/timit/s5/mfcc/raw_mfcc_train.8.ark:916239
FJDM2_SI1964 /home/sky/kaldi/egs/timit/s5/mfcc/raw_mfcc_train.2.ark:27961
MDJM0_SX375 /home/sky/kaldi/egs/timit/s5/mfcc/raw_mfcc_train.5.ark:158097
FEAC0_SX75 /home/sky/kaldi/egs/timit/s5/mfcc/raw_mfcc_train.1.ark:1151086
MBMA0_SI1222 /home/sky/kaldi/egs/timit/s5/mfcc/raw_mfcc_train.4.ark:475085
MTKP0_SX33 /home/sky/kaldi/egs/timit/s5/mfcc/raw_mfcc_train.10.ark:542119
MMAB1_SX234 /home/sky/kaldi/egs/timit/s5/mfcc/raw_mfcc_train.7.ark:1124878
FSMS1_SX244 /home/sky/kaldi/egs/timit/s5/mfcc/raw_mfcc_train.3.ark:1069201
MMCC0_SX258 /home/sky/kaldi/egs/timit/s5/mfcc/raw_mfcc_train.7.ark:1300664
MRLR0_SI566 /home/sky/kaldi/egs/timit/s5/mfcc/raw_mfcc_train.9.ark:421793
FETB0_SI1148 /home/sky/kaldi/egs/timit/s5/mfcc/raw_mfcc_train.1.ark:1294738
MJMD0_SX128 /home/sky/kaldi/egs/timit/s5/mfcc/raw_mfcc_train.6.ark:1298487
FLMC0_SI1372 /home/sky/kaldi/egs/timit/s5/mfcc/raw_mfcc_train.2.ark:1100504
MAJP0_SX84 /home/sky/kaldi/egs/timit/s5/mfcc/raw_mfcc_train.4.ark:129000
FLAC0_SI1339 /home/sky/kaldi/egs/timit/s5/mfcc/raw_mfcc_train.2.ark:768172
MJPM0_SX378 /home/sky/kaldi/egs/timit/s5/mfcc/raw_mfcc_train.6.ark:1403881
MJWT0_SI1291 /home/sky/kaldi/egs/timit/s5/mfcc/raw_mfcc_train.7.ark:253653
FDAS1_SX21 /home/sky/kaldi/egs/timit/s5/mfcc/raw_mfcc_train.1.ark:807934
FSRH0_SX131 /home/sky/kaldi/egs/timit/s5/mfcc/raw_mfcc_train.3.ark:1130213
MCDC0_SX302 /home/sky/kaldi/egs/timit/s5/mfcc/raw_mfcc_train.4.ark:783068
MDLB0_SX226 /home/sky/kaldi/egs/timit/s5/mfcc/raw_mfcc_train.5.ark:215262
MTAB0_SI2202 /home/sky/kaldi/egs/timit/s5/mfcc/raw_mfcc_train.10.ark:50836
MRLK0_SX123 /home/sky/kaldi/egs/timit/s5/mfcc/raw_mfcc_train.9.ark:395782
FSBK0_SI2329 /home/sky/kaldi/egs/timit/s5/mfcc/raw_mfcc_train.3.ark:558926
MJMD0_SX38 /home/sky/kaldi/egs/timit/s5/mfcc/raw_mfcc_train.6.ark:1308439
MMAG0_SX136 /home/sky/kaldi/egs/timit/s5/mfcc/raw_mfcc_train.7.ark:1157870
FPAD0_SX446 /home/sky/kaldi/egs/timit/s5/mfcc/raw_mfcc_train.3.ark:182726
MDWD0_SI1260 /home/sky/kaldi/egs/timit/s5/mfcc/raw_mfcc_train.5.ark:805166
MRSO0_SX309 /home/sky/kaldi/egs/timit/s5/mfcc/raw_mfcc_train.9.ark:697952
MTPR0_SX250 /home/sky/kaldi/egs/timit/s5/mfcc/raw_mfcc_train.10.ark:821873
MTLB0_SX54 /home/sky/kaldi/egs/timit/s5/mfcc/raw_mfcc_train.10.ark:577166
MJRH1_SX154 /home/sky/kaldi/egs/timit/s5/mfcc/raw_mfcc_train.7.ark:63170
FEME0_SX155 /home/sky/kaldi/egs/timit/s5/mfcc/raw_mfcc_train.1.ark:1272837
MRPC1_SX312 /home/sky/kaldi/egs/timit/s5/mfcc/raw_mfcc_train.9.ark:622711
MTKD0_SX377 /home/sky/kaldi/egs/timit/s5/mfcc/raw_mfcc_train.10.ark:510570
FAEM0_SX402 /home/sky/kaldi/egs/timit/s5/mfcc/raw_mfcc_train.1.ark:25549
MHRM0_SX58 /home/sky/kaldi/egs/timit/s5/mfcc/raw_mfcc_train.6.ark:468867
MRMG0_SI2340 /home/sky/kaldi/egs/timit/s5/mfcc/raw_mfcc_train.9.ark:481383
MSMC0_SX197 /home/sky/kaldi/egs/timit/s5/mfcc/raw_mfcc_train.9.ark:1361016
MDMT0_SX212 /home/sky/kaldi/egs/timit/s5/mfcc/raw_mfcc_train.5.ark:511617
MWAC0_SX161 /home/sky/kaldi/egs/timit/s5/mfcc/raw_mfcc_train.10.ark:1143614
MTMN0_SI2324 /home/sky/kaldi/egs/timit/s5/mfcc/raw_mfcc_train.10.ark:650396
MHMR0_SX399 /home/sky/kaldi/egs/timit/s5/mfcc/raw_mfcc_train.6.ark:439326
FPAD0_SI1346 /home/sky/kaldi/egs/timit/s5/mfcc/raw_mfcc_train.3.ark:154369
MRMH0_SI1021 /home/sky/kaldi/egs/timit/s5/mfcc/raw_mfcc_train.9.ark:505826
FLOD0_SX117 /home/sky/kaldi/egs/timit/s5/mfcc/raw_mfcc_train.2.ark:1177029
MDSJ0_SX292 /home/sky/kaldi/egs/timit/s5/mfcc/raw_mfcc_train.5.ark:708343
MKDB0_SX152 /home/sky/kaldi/egs/timit/s5/mfcc/raw_mfcc_train.7.ark:494885
MSMR0_SI775 /home/sky/kaldi/egs/timit/s5/mfcc/raw_mfcc_train.9.ark:1383465
MRCG0_SI2058 /home/sky/kaldi/egs/timit/s5/mfcc/raw_mfcc_train.8.ark:1128181
MDLC2_SI984 /home/sky/kaldi/egs/timit/s5/mfcc/raw_mfcc_train.5.ark:304236
MJWS0_SI1773 /home/sky/kaldi/egs/timit/s5/mfcc/raw_mfcc_train.7.ark:222365
MTBC0_SX347 /home/sky/kaldi/egs/timit/s5/mfcc/raw_mfcc_train.10.ark:195795
MJJB0_SX59 /home/sky/kaldi/egs/timit/s5/mfcc/raw_mfcc_train.6.ark:1058674
MREM0_SX331 /home/sky/kaldi/egs/timit/s5/mfcc/raw_mfcc_train.8.ark:1372099
MJDG0_SX322 /home/sky/kaldi/egs/timit/s5/mfcc/raw_mfcc_train.6.ark:789950
MMWB0_SI2249 /home/sky/kaldi/egs/timit/s5/mfcc/raw_mfcc_train.8.ark:303221
FCAG0_SX423 /home/sky/kaldi/egs/timit/s5/mfcc/raw_mfcc_train.1.ark:431921
MRLJ0_SI2050 /home/sky/kaldi/egs/timit/s5/mfcc/raw_mfcc_train.9.ark:326506
MFXV0_SX375 /home/sky/kaldi/egs/timit/s5/mfcc/raw_mfcc_train.5.ark:1361191
FPLS0_SI1590 /home/sky/kaldi/egs/timit/s5/mfcc/raw_mfcc_train.3.ark:288615
MRHL0_SX75 /home/sky/kaldi/egs/timit/s5/mfcc/raw_mfcc_train.9.ark:73632
MKRG0_SI861 /home/sky/kaldi/egs/timit/s5/mfcc/raw_mfcc_train.7.ark:816355
FEAC0_SI1875 /home/sky/kaldi/egs/timit/s5/mfcc/raw_mfcc_train.1.ark:1124031
FEXM0_SX201 /home/sky/kaldi/egs/timit/s5/mfcc/raw_mfcc_train.1.ark:1345173
MPGR1_SI1499 /home/sky/kaldi/egs/timit/s5/mfcc/raw_mfcc_train.8.ark:644158
MTCS0_SX172 /home/sky/kaldi/egs/timit/s5/mfcc/raw_mfcc_train.10.ark:220239
MJXA0_SX247 /home/sky/kaldi/egs/timit/s5/mfcc/raw_mfcc_train.7.ark:304712
MJRG0_SX16 /home/sky/kaldi/egs/timit/s5/mfcc/raw_mfcc_train.7.ark:11
MSMR0_SX55 /home/sky/kaldi/egs/timit/s5/mfcc/raw_mfcc_train.9.ark:1401140
FJEN0_SI1677 /home/sky/kaldi/egs/timit/s5/mfcc/raw_mfcc_train.2.ark:63223
MDMT0_SX32 /home/sky/kaldi/egs/timit/s5/mfcc/raw_mfcc_train.5.ark:519950
MHBS0_SI945 /home/sky/kaldi/egs/timit/s5/mfcc/raw_mfcc_train.6.ark:299066
MHMG0_SX195 /home/sky/kaldi/egs/timit/s5/mfcc/raw_mfcc_train.6.ark:399319
FCMM0_SX93 /home/sky/kaldi/egs/timit/s5/mfcc/raw_mfcc_train.1.ark:716595
MSFV0_SX452 /home/sky/kaldi/egs/timit/s5/mfcc/raw_mfcc_train.9.ark:1295560
MRBC0_SX59 /home/sky/kaldi/egs/timit/s5/mfcc/raw_mfcc_train.8.ark:1119013
MJRP0_SX225 /home/sky/kaldi/egs/timit/s5/mfcc/raw_mfcc_train.7.ark:127355
FTAJ0_SX249 /home/sky/kaldi/egs/timit/s5/mfcc/raw_mfcc_train.3.ark:1201340
MREH1_SX159 /home/sky/kaldi/egs/timit/s5/mfcc/raw_mfcc_train.8.ark:1330611
MDPK0_SX63 /home/sky/kaldi/egs/timit/s5/mfcc/raw_mfcc_train.5.ark:619825
MREW1_SI1500 /home/sky/kaldi/egs/timit/s5/mfcc/raw_mfcc_train.8.ark:1384249
FAJW0_SX3 /home/sky/kaldi/egs/timit/s5/mfcc/raw_mfcc_train.1.ark:57265
FJXP0_SX222 /home/sky/kaldi/egs/timit/s5/mfcc/raw_mfcc_train.2.ark:445593
MPGR1_SX329 /home/sky/kaldi/egs/timit/s5/mfcc/raw_mfcc_train.8.ark:661867
MRLD0_SX154 /home/sky/kaldi/egs/timit/s5/mfcc/raw_mfcc_train.9.ark:306573
MWSH0_SX436 /home/sky/kaldi/egs/timit/s5/mfcc/raw_mfcc_train.10.ark:1473445
MMDM0_SX411 /home/sky/kaldi/egs/timit/s5/mfcc/raw_mfcc_train.7.ark:1404628
MSMC0_SX287 /home/sky/kaldi/egs/timit/s5/mfcc/raw_mfcc_train.9.ark:1364845
MDWM0_SX106 /home/sky/kaldi/egs/timit/s5/mfcc/raw_mfcc_train.5.ark:886682
MTBC0_SX363 /home/sky/kaldi/egs/timit/s5/mfcc/raw_mfcc_train.10.ark:200898
FSJK1_SX215 /home/sky/kaldi/egs/timit/s5/mfcc/raw_mfcc_train.3.ark:775173
MWSH0_SI796 /home/sky/kaldi/egs/timit/s5/mfcc/raw_mfcc_train.10.ark:1452435
MRRE0_SI704 /home/sky/kaldi/egs/timit/s5/mfcc/raw_mfcc_train.9.ark:640783
MTRT0_SX237 /home/sky/kaldi/egs/timit/s5/mfcc/raw_mfcc_train.10.ark:960966
MRDM0_SI1044 /home/sky/kaldi/egs/timit/s5/mfcc/raw_mfcc_train.8.ark:1221061
FSGF0_SX207 /home/sky/kaldi/egs/timit/s5/mfcc/raw_mfcc_train.3.ark:703975
MTLC0_SX37 /home/sky/kaldi/egs/timit/s5/mfcc/raw_mfcc_train.10.ark:604061
FVFB0_SX222 /home/sky/kaldi/egs/timit/s5/mfcc/raw_mfcc_train.3.ark:1357755
MDLC0_SI2025 /home/sky/kaldi/egs/timit/s5/mfcc/raw_mfcc_train.5.ark:240544
FBAS0_SI1472 /home/sky/kaldi/egs/timit/s5/mfcc/raw_mfcc_train.1.ark:177011
MCLM0_SX106 /home/sky/kaldi/egs/timit/s5/mfcc/raw_mfcc_train.4.ark:1010044
MLBC0_SI609 /home/sky/kaldi/egs/timit/s5/mfcc/raw_mfcc_train.7.ark:876295
FRLL0_SX344 /home/sky/kaldi/egs/timit/s5/mfcc/raw_mfcc_train.3.ark:436661
MTJG0_SI1520 /home/sky/kaldi/egs/timit/s5/mfcc/raw_mfcc_train.10.ark:346532
MRFL0_SX256 /home/sky/kaldi/egs/timit/s5/mfcc/raw_mfcc_train.8.ark:1463433
MRLJ1_SX51 /home/sky/kaldi/egs/timit/s5/mfcc/raw_mfcc_train.9.ark:376902
MMWS1_SX261 /home/sky/kaldi/egs/timit/s5/mfcc/raw_mfcc_train.8.ark:383247
MWAR0_SX415 /home/sky/kaldi/egs/timit/s5/mfcc/raw_mfcc_train.10.ark:1217227
MDCD0_SX245 /home/sky/kaldi/egs/timit/s5/mfcc/raw_mfcc_train.4.ark:1361116
FVFB0_SX132 /home/sky/kaldi/egs/timit/s5/mfcc/raw_mfcc_train.3.ark:1354407
MBGT0_SI1341 /home/sky/kaldi/egs/timit/s5/mfcc/raw_mfcc_train.4.ark:410660
MBJV0_SX77 /home/sky/kaldi/egs/timit/s5/mfcc/raw_mfcc_train.4.ark:471840
FLMC0_SX336 /home/sky/kaldi/egs/timit/s5/mfcc/raw_mfcc_train.2.ark:1123686
MPRT0_SI580 /home/sky/kaldi/egs/timit/s5/mfcc/raw_mfcc_train.8.ark:881614
MJPM1_SI1897 /home/sky/kaldi/egs/timit/s5/mfcc/raw_mfcc_train.6.ark:1407984
MCDD0_SI883 /home/sky/kaldi/egs/timit/s5/mfcc/raw_mfcc_train.4.ark:800940
MWDK0_SI1436 /home/sky/kaldi/egs/timit/s5/mfcc/raw_mfcc_train.10.ark:1252373
FDKN0_SX451 /home/sky/kaldi/egs/timit/s5/mfcc/raw_mfcc_train.1.ark:937653
FAPB0_SX433 /home/sky/kaldi/egs/timit/s5/mfcc/raw_mfcc_train.1.ark:161818
MSMS0_SI2063 /home/sky/kaldi/egs/timit/s5/mfcc/raw_mfcc_train.9.ark:1410607
FMJU0_SX129 /home/sky/kaldi/egs/timit/s5/mfcc/raw_mfcc_train.2.ark:1408945
FJHK0_SX212 /home/sky/kaldi/egs/timit/s5/mfcc/raw_mfcc_train.2.ark:113561
MDWH0_SX305 /home/sky/kaldi/egs/timit/s5/mfcc/raw_mfcc_train.5.ark:860028
MDMA0_SX80 /home/sky/kaldi/egs/timit/s5/mfcc/raw_mfcc_train.5.ark:494628
MBEF0_SI1281 /home/sky/kaldi/egs/timit/s5/mfcc/raw_mfcc_train.4.ark:384252
FMBG0_SX3 /home/sky/kaldi/egs/timit/s5/mfcc/raw_mfcc_train.2.ark:1276268
MBJV0_SX257 /home/sky/kaldi/egs/timit/s5/mfcc/raw_mfcc_train.4.ark:460809
MRDS0_SX447 /home/sky/kaldi/egs/timit/s5/mfcc/raw_mfcc_train.8.ark:1275735
MJJB0_SI1277 /home/sky/kaldi/egs/timit/s5/mfcc/raw_mfcc_train.6.ark:1033763
FGRW0_SX342 /home/sky/kaldi/egs/timit/s5/mfcc/raw_mfcc_train.1.ark:1494377
MDWM0_SI916 /home/sky/kaldi/egs/timit/s5/mfcc/raw_mfcc_train.5.ark:880877
MKDD0_SX127 /home/sky/kaldi/egs/timit/s5/mfcc/raw_mfcc_train.7.ark:532967
FKLC0_SI1615 /home/sky/kaldi/egs/timit/s5/mfcc/raw_mfcc_train.2.ark:637254
MDTB0_SX321 /home/sky/kaldi/egs/timit/s5/mfcc/raw_mfcc_train.5.ark:797364
MCPM0_SI564 /home/sky/kaldi/egs/timit/s5/mfcc/raw_mfcc_train.4.ark:1035028
MCDC0_SX212 /home/sky/kaldi/egs/timit/s5/mfcc/raw_mfcc_train.4.ark:778667
FJHK0_SI1652 /home/sky/kaldi/egs/timit/s5/mfcc/raw_mfcc_train.2.ark:100331
FBMH0_SX416 /home/sky/kaldi/egs/timit/s5/mfcc/raw_mfcc_train.1.ark:367197
MJWS0_SX423 /home/sky/kaldi/egs/timit/s5/mfcc/raw_mfcc_train.7.ark:244903
MPRK0_SX197 /home/sky/kaldi/egs/timit/s5/mfcc/raw_mfcc_train.8.ark:860453
MKAJ0_SX334 /home/sky/kaldi/egs/timit/s5/mfcc/raw_mfcc_train.7.ark:439938
FECD0_SX248 /home/sky/kaldi/egs/timit/s5/mfcc/raw_mfcc_train.1.ark:1208562
MKJO0_SI2147 /home/sky/kaldi/egs/timit/s5/mfcc/raw_mfcc_train.7.ark:621445
FEXM0_SI482 /home/sky/kaldi/egs/timit/s5/mfcc/raw_mfcc_train.1.ark:1335409
MDLR1_SI1929 /home/sky/kaldi/egs/timit/s5/mfcc/raw_mfcc_train.5.ark:429178
FSMM0_SX324 /home/sky/kaldi/egs/timit/s5/mfcc/raw_mfcc_train.3.ark:1038458
MRAM0_SX195 /home/sky/kaldi/egs/timit/s5/mfcc/raw_mfcc_train.8.ark:1050699
MBWP0_SX169 /home/sky/kaldi/egs/timit/s5/mfcc/raw_mfcc_train.4.ark:666990
MWRE0_SX337 /home/sky/kaldi/egs/timit/s5/mfcc/raw_mfcc_train.10.ark:1369894
MCHL0_SX357 /home/sky/kaldi/egs/timit/s5/mfcc/raw_mfcc_train.4.ark:952861
FVKB0_SI1159 /home/sky/kaldi/egs/timit/s5/mfcc/raw_mfcc_train.3.ark:1371875
FTAJ0_SX69 /home/sky/kaldi/egs/timit/s5/mfcc/raw_mfcc_train.3.ark:1210096
MTJU0_SI2269 /home/sky/kaldi/egs/timit/s5/mfcc/raw_mfcc_train.10.ark:454052
MSDH0_SX350 /home/sky/kaldi/egs/timit/s5/mfcc/raw_mfcc_train.9.ark:1106103
MTDB0_SX141 /home/sky/kaldi/egs/timit/s5/mfcc/raw_mfcc_train.10.ark:255188
FBCG1_SI1612 /home/sky/kaldi/egs/timit/s5/mfcc/raw_mfcc_train.1.ark:207117
MKLR0_SX159 /home/sky/kaldi/egs/timit/s5/mfcc/raw_mfcc_train.7.ark:688030
MRGM0_SX416 /home/sky/kaldi/egs/timit/s5/mfcc/raw_mfcc_train.8.ark:1504655
FHLM0_SX349 /home/sky/kaldi/egs/timit/s5/mfcc/raw_mfcc_train.1.ark:1531023
MDLC1_SI2144 /home/sky/kaldi/egs/timit/s5/mfcc/raw_mfcc_train.5.ark:279817
MBOM0_SX384 /home/sky/kaldi/egs/timit/s5/mfcc/raw_mfcc_train.4.ark:595414
FMJU0_SX39 /home/sky/kaldi/egs/timit/s5/mfcc/raw_mfcc_train.2.ark:1421770
FSMM0_SI684 /home/sky/kaldi/egs/timit/s5/mfcc/raw_mfcc_train.3.ark:1025788
MESJ0_SX7 /home/sky/kaldi/egs/timit/s5/mfcc/raw_mfcc_train.5.ark:1145906
MFWK0_SI1879 /home/sky/kaldi/egs/timit/s5/mfcc/raw_mfcc_train.5.ark:1275325
MKAM0_SX236 /home/sky/kaldi/egs/timit/s5/mfcc/raw_mfcc_train.7.ark:468615
FEAR0_SX442 /home/sky/kaldi/egs/timit/s5/mfcc/raw_mfcc_train.1.ark:1179139
MMDM1_SX63 /home/sky/kaldi/egs/timit/s5/mfcc/raw_mfcc_train.7.ark:1442521
MARW0_SI1276 /home/sky/kaldi/egs/timit/s5/mfcc/raw_mfcc_train.4.ark:257911
MJAE0_SX444 /home/sky/kaldi/egs/timit/s5/mfcc/raw_mfcc_train.6.ark:592625
MWAD0_SX432 /home/sky/kaldi/egs/timit/s5/mfcc/raw_mfcc_train.10.ark:1187256
MRJM1_SX38 /home/sky/kaldi/egs/timit/s5/mfcc/raw_mfcc_train.9.ark:211368
FGDP0_SX448 /home/sky/kaldi/egs/timit/s5/mfcc/raw_mfcc_train.1.ark:1421989
MGSH0_SI546 /home/sky/kaldi/egs/timit/s5/mfcc/raw_mfcc_train.6.ark:196331
FREH0_SI1315 /home/sky/kaldi/egs/timit/s5/mfcc/raw_mfcc_train.3.ark:356171
FSAG0_SI693 /home/sky/kaldi/egs/timit/s5/mfcc/raw_mfcc_train.3.ark:453480
FEME0_SI875 /home/sky/kaldi/egs/timit/s5/mfcc/raw_mfcc_train.1.ark:1266590
FPAC0_SI1921 /home/sky/kaldi/egs/timit/s5/mfcc/raw_mfcc_train.3.ark:119459
MGSH0_SI1806 /home/sky/kaldi/egs/timit/s5/mfcc/raw_mfcc_train.6.ark:192112
MRJH0_SI1519 /home/sky/kaldi/egs/timit/s5/mfcc/raw_mfcc_train.9.ark:114570
MTAT0_SX390 /home/sky/kaldi/egs/timit/s5/mfcc/raw_mfcc_train.10.ark:135959
MTRR0_SI2178 /home/sky/kaldi/egs/timit/s5/mfcc/raw_mfcc_train.10.ark:913633
MADD0_SX268 /home/sky/kaldi/egs/timit/s5/mfcc/raw_mfcc_train.3.ark:1513429
MRWA0_SX343 /home/sky/kaldi/egs/timit/s5/mfcc/raw_mfcc_train.9.ark:868810
MFXS0_SI2225 /home/sky/kaldi/egs/timit/s5/mfcc/raw_mfcc_train.5.ark:1306777
MMVP0_SX114 /home/sky/kaldi/egs/timit/s5/mfcc/raw_mfcc_train.8.ark:276722
FPMY0_SI1153 /home/sky/kaldi/egs/timit/s5/mfcc/raw_mfcc_train.3.ark:319012
MCLM0_SI826 /home/sky/kaldi/egs/timit/s5/mfcc/raw_mfcc_train.4.ark:1005253
FLMK0_SI2295 /home/sky/kaldi/egs/timit/s5/mfcc/raw_mfcc_train.2.ark:1142346
MBCG0_SX237 /home/sky/kaldi/egs/timit/s5/mfcc/raw_mfcc_train.4.ark:369079
FALR0_SX425 /home/sky/kaldi/egs/timit/s5/mfcc/raw_mfcc_train.1.ark:125958
MRDM0_SX335 /home/sky/kaldi/egs/timit/s5/mfcc/raw_mfcc_train.8.ark:1241546
MDJM0_SX15 /home/sky/kaldi/egs/timit/s5/mfcc/raw_mfcc_train.5.ark:148183
MSDB0_SX17 /home/sky/kaldi/egs/timit/s5/mfcc/raw_mfcc_train.9.ark:1076268
MJRK0_SI2103 /home/sky/kaldi/egs/timit/s5/mfcc/raw_mfcc_train.7.ark:83844
MRDM0_SX155 /home/sky/kaldi/egs/timit/s5/mfcc/raw_mfcc_train.8.ark:1233706
FJXM0_SX401 /home/sky/kaldi/egs/timit/s5/mfcc/raw_mfcc_train.2.ark:419316
FLAG0_SI834 /home/sky/kaldi/egs/timit/s5/mfcc/raw_mfcc_train.2.ark:807946
MRDS0_SI1797 /home/sky/kaldi/egs/timit/s5/mfcc/raw_mfcc_train.8.ark:1255368
MSAH1_SX239 /home/sky/kaldi/egs/timit/s5/mfcc/raw_mfcc_train.9.ark:955815
MTMT0_SX218 /home/sky/kaldi/egs/timit/s5/mfcc/raw_mfcc_train.10.ark:697170
MDSJ0_SI1462 /home/sky/kaldi/egs/timit/s5/mfcc/raw_mfcc_train.5.ark:689172
MLEL0_SX166 /home/sky/kaldi/egs/timit/s5/mfcc/raw_mfcc_train.7.ark:913071
FPAZ0_SI2223 /home/sky/kaldi/egs/timit/s5/mfcc/raw_mfcc_train.3.ark:225745
MKLN0_SX158 /home/sky/kaldi/egs/timit/s5/mfcc/raw_mfcc_train.7.ark:659138
MWSH0_SI1426 /home/sky/kaldi/egs/timit/s5/mfcc/raw_mfcc_train.10.ark:1443229
MVJH0_SX26 /home/sky/kaldi/egs/timit/s5/mfcc/raw_mfcc_train.10.ark:1061010
FLJG0_SX81 /home/sky/kaldi/egs/timit/s5/mfcc/raw_mfcc_train.2.ark:1031379
MCTH0_SX399 /home/sky/kaldi/egs/timit/s5/mfcc/raw_mfcc_train.4.ark:1149255
MKAH0_SX268 /home/sky/kaldi/egs/timit/s5/mfcc/raw_mfcc_train.7.ark:404956
FNTB0_SX303 /home/sky/kaldi/egs/timit/s5/mfcc/raw_mfcc_train.3.ark:72282
MDLC2_SI1614 /home/sky/kaldi/egs/timit/s5/mfcc/raw_mfcc_train.5.ark:300022
MDNS0_SX21 /home/sky/kaldi/egs/timit/s5/mfcc/raw_mfcc_train.5.ark:550485
MJEB0_SX170 /home/sky/kaldi/egs/timit/s5/mfcc/raw_mfcc_train.6.ark:847536
MMSM0_SI1736 /home/sky/kaldi/egs/timit/s5/mfcc/raw_mfcc_train.8.ark:232152
MMDM1_SX333 /home/sky/kaldi/egs/timit/s5/mfcc/raw_mfcc_train.7.ark:1432121
FPAD0_SX86 /home/sky/kaldi/egs/timit/s5/mfcc/raw_mfcc_train.3.ark:186502
MJEB0_SX386 /home/sky/kaldi/egs/timit/s5/mfcc/raw_mfcc_train.6.ark:864515
MCDD0_SX433 /home/sky/kaldi/egs/timit/s5/mfcc/raw_mfcc_train.4.ark:815580
MTAT1_SX239 /home/sky/kaldi/egs/timit/s5/mfcc/raw_mfcc_train.10.ark:157875
FCAJ0_SI1804 /home/sky/kaldi/egs/timit/s5/mfcc/raw_mfcc_train.1.ark:441914
MVRW0_SX45 /home/sky/kaldi/egs/timit/s5/mfcc/raw_mfcc_train.10.ark:1126281
MSDB0_SX377 /home/sky/kaldi/egs/timit/s5/mfcc/raw_mfcc_train.9.ark:1083504
MARC0_SX198 /home/sky/kaldi/egs/timit/s5/mfcc/raw_mfcc_train.4.ark:247606
MKLR0_SX339 /home/sky/kaldi/egs/timit/s5/mfcc/raw_mfcc_train.7.ark:695506
MDED0_SI540 /home/sky/kaldi/egs/timit/s5/mfcc/raw_mfcc_train.4.ark:1445981
FDAW0_SI1406 /home/sky/kaldi/egs/timit/s5/mfcc/raw_mfcc_train.1.ark:824071
MTXS0_SX340 /home/sky/kaldi/egs/timit/s5/mfcc/raw_mfcc_train.10.ark:1026023
FBMJ0_SI815 /home/sky/kaldi/egs/timit/s5/mfcc/raw_mfcc_train.1.ark:385620
MBGT0_SI711 /home/sky/kaldi/egs/timit/s5/mfcc/raw_mfcc_train.4.ark:419281
MPGH0_SX384 /home/sky/kaldi/egs/timit/s5/mfcc/raw_mfcc_train.8.ark:609089
MDLR1_SI669 /home/sky/kaldi/egs/timit/s5/mfcc/raw_mfcc_train.5.ark:433046
MJWG0_SX445 /home/sky/kaldi/egs/timit/s5/mfcc/raw_mfcc_train.7.ark:212086
MLBC0_SX159 /home/sky/kaldi/egs/timit/s5/mfcc/raw_mfcc_train.7.ark:881450
MGAG0_SX331 /home/sky/kaldi/egs/timit/s5/mfcc/raw_mfcc_train.5.ark:1413642
MDBP0_SI528 /home/sky/kaldi/egs/timit/s5/mfcc/raw_mfcc_train.4.ark:1316325
FCYL0_SX397 /home/sky/kaldi/egs/timit/s5/mfcc/raw_mfcc_train.1.ark:779681
MTPR0_SI1600 /home/sky/kaldi/egs/timit/s5/mfcc/raw_mfcc_train.10.ark:802721
MMDM0_SX51 /home/sky/kaldi/egs/timit/s5/mfcc/raw_mfcc_train.7.ark:1409301
MHMG0_SX105 /home/sky/kaldi/egs/timit/s5/mfcc/raw_mfcc_train.6.ark:392728
MHXL0_SI612 /home/sky/kaldi/egs/timit/s5/mfcc/raw_mfcc_train.6.ark:480836
MJEB1_SI837 /home/sky/kaldi/egs/timit/s5/mfcc/raw_mfcc_train.6.ark:878565
FAEM0_SI2022 /home/sky/kaldi/egs/timit/s5/mfcc/raw_mfcc_train.1.ark:6313
MJAI0_SX254 /home/sky/kaldi/egs/timit/s5/mfcc/raw_mfcc_train.6.ark:623048
MRCG0_SX168 /home/sky/kaldi/egs/timit/s5/mfcc/raw_mfcc_train.8.ark:1136749
FAPB0_SX163 /home/sky/kaldi/egs/timit/s5/mfcc/raw_mfcc_train.1.ark:148368
MREH1_SI969 /home/sky/kaldi/egs/timit/s5/mfcc/raw_mfcc_train.8.ark:1323623
MTDP0_SI1274 /home/sky/kaldi/egs/timit/s5/mfcc/raw_mfcc_train.10.ark:273670
MCRE0_SI1121 /home/sky/kaldi/egs/timit/s5/mfcc/raw_mfcc_train.4.ark:1055454
MRAI0_SX252 /home/sky/kaldi/egs/timit/s5/mfcc/raw_mfcc_train.8.ark:1013195
MTKP0_SI1023 /home/sky/kaldi/egs/timit/s5/mfcc/raw_mfcc_train.10.ark:514712
MLEL0_SX346 /home/sky/kaldi/egs/timit/s5/mfcc/raw_mfcc_train.7.ark:923381
MTLC0_SX397 /home/sky/kaldi/egs/timit/s5/mfcc/raw_mfcc_train.10.ark:607461
MDRD0_SX122 /home/sky/kaldi/egs/timit/s5/mfcc/raw_mfcc_train.5.ark:666985
MBBR0_SX245 /home/sky/kaldi/egs/timit/s5/mfcc/raw_mfcc_train.4.ark:339669
MSRG0_SX231 /home/sky/kaldi/egs/timit/s5/mfcc/raw_mfcc_train.9.ark:1453715
MMDM0_SX321 /home/sky/kaldi/egs/timit/s5/mfcc/raw_mfcc_train.7.ark:1399863
MESJ0_SX187 /home/sky/kaldi/egs/timit/s5/mfcc/raw_mfcc_train.5.ark:1137112
MJDM0_SX350 /home/sky/kaldi/egs/timit/s5/mfcc/raw_mfcc_train.6.ark:822182
MBML0_SI1169 /home/sky/kaldi/egs/timit/s5/mfcc/raw_mfcc_train.4.ark:540732
MBBR0_SX155 /home/sky/kaldi/egs/timit/s5/mfcc/raw_mfcc_train.4.ark:335515
MSES0_SI1589 /home/sky/kaldi/egs/timit/s5/mfcc/raw_mfcc_train.9.ark:1200684
MMDG0_SI520 /home/sky/kaldi/egs/timit/s5/mfcc/raw_mfcc_train.7.ark:1354805
FNKL0_SI892 /home/sky/kaldi/egs/timit/s5/mfcc/raw_mfcc_train.3.ark:26536
MSMC0_SI647 /home/sky/kaldi/egs/timit/s5/mfcc/raw_mfcc_train.9.ark:1348828
FKKH0_SI660 /home/sky/kaldi/egs/timit/s5/mfcc/raw_mfcc_train.2.ark:615281
FLJG0_SI1611 /home/sky/kaldi/egs/timit/s5/mfcc/raw_mfcc_train.2.ark:996841
MDPS0_SI719 /home/sky/kaldi/egs/timit/s5/mfcc/raw_mfcc_train.5.ark:629858
MJRG0_SX376 /home/sky/kaldi/egs/timit/s5/mfcc/raw_mfcc_train.7.ark:13409
MREH1_SX69 /home/sky/kaldi/egs/timit/s5/mfcc/raw_mfcc_train.8.ark:1347278
FVFB0_SI1510 /home/sky/kaldi/egs/timit/s5/mfcc/raw_mfcc_train.3.ark:1346657
MWDK0_SI2017 /home/sky/kaldi/egs/timit/s5/mfcc/raw_mfcc_train.10.ark:1257815
FGCS0_SX316 /home/sky/kaldi/egs/timit/s5/mfcc/raw_mfcc_train.1.ark:1384316
FSMS1_SI1504 /home/sky/kaldi/egs/timit/s5/mfcc/raw_mfcc_train.3.ark:1053481
MCAE0_SI1447 /home/sky/kaldi/egs/timit/s5/mfcc/raw_mfcc_train.4.ark:690464
MRCW0_SI2001 /home/sky/kaldi/egs/timit/s5/mfcc/raw_mfcc_train.8.ark:1165314
MSTF0_SX136 /home/sky/kaldi/egs/timit/s5/mfcc/raw_mfcc_train.9.ark:1513477
FJEN0_SX237 /home/sky/kaldi/egs/timit/s5/mfcc/raw_mfcc_train.2.ark:77038
FMPG0_SI1602 /home/sky/kaldi/egs/timit/s5/mfcc/raw_mfcc_train.2.ark:1529359
MEJL0_SI1654 /home/sky/kaldi/egs/timit/s5/mfcc/raw_mfcc_train.5.ark:1034032
MJFH0_SX297 /home/sky/kaldi/egs/timit/s5/mfcc/raw_mfcc_train.6.ark:954522
MJBG0_SX332 /home/sky/kaldi/egs/timit/s5/mfcc/raw_mfcc_train.6.ark:654001
MSDH0_SX80 /home/sky/kaldi/egs/timit/s5/mfcc/raw_mfcc_train.9.ark:1116347
MRWA0_SX253 /home/sky/kaldi/egs/timit/s5/mfcc/raw_mfcc_train.9.ark:865943
MMRP0_SX414 /home/sky/kaldi/egs/timit/s5/mfcc/raw_mfcc_train.8.ark:216816
MNTW0_SI1698 /home/sky/kaldi/egs/timit/s5/mfcc/raw_mfcc_train.8.ark:464871
MCEW0_SI2072 /home/sky/kaldi/egs/timit/s5/mfcc/raw_mfcc_train.4.ark:894457
FVFB0_SX42 /home/sky/kaldi/egs/timit/s5/mfcc/raw_mfcc_train.3.ark:1369280
FBLV0_SX158 /home/sky/kaldi/egs/timit/s5/mfcc/raw_mfcc_train.1.ark:323517
MTJS0_SI562 /home/sky/kaldi/egs/timit/s5/mfcc/raw_mfcc_train.10.ark:421372
MCAE0_SI817 /home/sky/kaldi/egs/timit/s5/mfcc/raw_mfcc_train.4.ark:705117
MPGR0_SI1410 /home/sky/kaldi/egs/timit/s5/mfcc/raw_mfcc_train.8.ark:611892
FCJS0_SX257 /home/sky/kaldi/egs/timit/s5/mfcc/raw_mfcc_train.1.ark:576206
MAPV0_SX33 /home/sky/kaldi/egs/timit/s5/mfcc/raw_mfcc_train.4.ark:225027
MCLK0_SX310 /home/sky/kaldi/egs/timit/s5/mfcc/raw_mfcc_train.4.ark:987017
MESG0_SX72 /home/sky/kaldi/egs/timit/s5/mfcc/raw_mfcc_train.5.ark:1120767
MGSL0_SI797 /home/sky/kaldi/egs/timit/s5/mfcc/raw_mfcc_train.6.ark:228248
FLJA0_SX448 /home/sky/kaldi/egs/timit/s5/mfcc/raw_mfcc_train.2.ark:956106
MMEA0_SX38 /home/sky/kaldi/egs/timit/s5/mfcc/raw_mfcc_train.7.ark:1492951
MMDM1_SX423 /home/sky/kaldi/egs/timit/s5/mfcc/raw_mfcc_train.7.ark:1437523
MMWB0_SX89 /home/sky/kaldi/egs/timit/s5/mfcc/raw_mfcc_train.8.ark:337036
FPMY0_SX73 /home/sky/kaldi/egs/timit/s5/mfcc/raw_mfcc_train.3.ark:352055
MEJS0_SX70 /home/sky/kaldi/egs/timit/s5/mfcc/raw_mfcc_train.5.ark:1089445
MSRR0_SX231 /home/sky/kaldi/egs/timit/s5/mfcc/raw_mfcc_train.9.ark:1487351
FTMG0_SX452 /home/sky/kaldi/egs/timit/s5/mfcc/raw_mfcc_train.3.ark:1334831
FSJG0_SX220 /home/sky/kaldi/egs/timit/s5/mfcc/raw_mfcc_train.3.ark:737208
MWAD0_SI1062 /home/sky/kaldi/egs/timit/s5/mfcc/raw_mfcc_train.10.ark:1168934
MCDR0_SX74 /home/sky/kaldi/egs/timit/s5/mfcc/raw_mfcc_train.4.ark:856060
MPGR1_SX419 /home/sky/kaldi/egs/timit/s5/mfcc/raw_mfcc_train.8.ark:666723
FKLC1_SX328 /home/sky/kaldi/egs/timit/s5/mfcc/raw_mfcc_train.2.ark:689751
MJKR0_SX121 /home/sky/kaldi/egs/timit/s5/mfcc/raw_mfcc_train.6.ark:1145424
MTWH1_SI1512 /home/sky/kaldi/egs/timit/s5/mfcc/raw_mfcc_train.10.ark:973734
FCDR1_SI1816 /home/sky/kaldi/egs/timit/s5/mfcc/raw_mfcc_train.1.ark:475758
FBCG1_SX82 /home/sky/kaldi/egs/timit/s5/mfcc/raw_mfcc_train.1.ark:235597
FGDP0_SX358 /home/sky/kaldi/egs/timit/s5/mfcc/raw_mfcc_train.1.ark:1417679
MTRC0_SX273 /home/sky/kaldi/egs/timit/s5/mfcc/raw_mfcc_train.10.ark:901982
MWSB0_SX6 /home/sky/kaldi/egs/timit/s5/mfcc/raw_mfcc_train.10.ark:1437079
MMXS0_SX336 /home/sky/kaldi/egs/timit/s5/mfcc/raw_mfcc_train.8.ark:416466
FBLV0_SX68 /home/sky/kaldi/egs/timit/s5/mfcc/raw_mfcc_train.1.ark:338884
MSFV0_SI632 /home/sky/kaldi/egs/timit/s5/mfcc/raw_mfcc_train.9.ark:1277228
MJWT0_SX211 /home/sky/kaldi/egs/timit/s5/mfcc/raw_mfcc_train.7.ark:274352
MRJH0_SX439 /home/sky/kaldi/egs/timit/s5/mfcc/raw_mfcc_train.9.ark:143134
MMSM0_SX386 /home/sky/kaldi/egs/timit/s5/mfcc/raw_mfcc_train.8.ark:256282
MDBB1_SX16 /home/sky/kaldi/egs/timit/s5/mfcc/raw_mfcc_train.4.ark:1295143
MRVG0_SX60 /home/sky/kaldi/egs/timit/s5/mfcc/raw_mfcc_train.9.ark:846471
MMGC0_SX135 /home/sky/kaldi/egs/timit/s5/mfcc/raw_mfcc_train.8.ark:22895
MWAR0_SI2305 /home/sky/kaldi/egs/timit/s5/mfcc/raw_mfcc_train.10.ark:1203731
FBAS0_SX397 /home/sky/kaldi/egs/timit/s5/mfcc/raw_mfcc_train.1.ark:202676
MWAD0_SX162 /home/sky/kaldi/egs/timit/s5/mfcc/raw_mfcc_train.10.ark:1177992
FMBG0_SI1160 /home/sky/kaldi/egs/timit/s5/mfcc/raw_mfcc_train.2.ark:1259249
FCRZ0_SX343 /home/sky/kaldi/egs/timit/s5/mfcc/raw_mfcc_train.1.ark:738362
MGAG0_SX241 /home/sky/kaldi/egs/timit/s5/mfcc/raw_mfcc_train.5.ark:1410723
MTAB0_SX42 /home/sky/kaldi/egs/timit/s5/mfcc/raw_mfcc_train.10.ark:78762
FBMJ0_SI516 /home/sky/kaldi/egs/timit/s5/mfcc/raw_mfcc_train.1.ark:379841
MJRH1_SX334 /home/sky/kaldi/egs/timit/s5/mfcc/raw_mfcc_train.7.ark:71439
FDJH0_SI2195 /home/sky/kaldi/egs/timit/s5/mfcc/raw_mfcc_train.1.ark:883298
MPRD0_SI801 /home/sky/kaldi/egs/timit/s5/mfcc/raw_mfcc_train.8.ark:806088
FSAG0_SI1323 /home/sky/kaldi/egs/timit/s5/mfcc/raw_mfcc_train.3.ark:446575
MSDH0_SX170 /home/sky/kaldi/egs/timit/s5/mfcc/raw_mfcc_train.9.ark:1096274
MCHL0_SX267 /home/sky/kaldi/egs/timit/s5/mfcc/raw_mfcc_train.4.ark:948317
MTJG0_SI890 /home/sky/kaldi/egs/timit/s5/mfcc/raw_mfcc_train.10.ark:351032
MPEB0_SX60 /home/sky/kaldi/egs/timit/s5/mfcc/raw_mfcc_train.8.ark:545679
MTXS0_SX70 /home/sky/kaldi/egs/timit/s5/mfcc/raw_mfcc_train.10.ark:1037008
MTPF0_SI1235 /home/sky/kaldi/egs/timit/s5/mfcc/raw_mfcc_train.10.ark:712928
FPLS0_SX3 /home/sky/kaldi/egs/timit/s5/mfcc/raw_mfcc_train.3.ark:308552
FPAB1_SX31 /home/sky/kaldi/egs/timit/s5/mfcc/raw_mfcc_train.3.ark:113295
MKLW0_SI2201 /home/sky/kaldi/egs/timit/s5/mfcc/raw_mfcc_train.7.ark:781393
MSAS0_SI2006 /home/sky/kaldi/egs/timit/s5/mfcc/raw_mfcc_train.9.ark:976573
MTAS0_SI755 /home/sky/kaldi/egs/timit/s5/mfcc/raw_mfcc_train.10.ark:88964
MJBG0_SX62 /home/sky/kaldi/egs/timit/s5/mfcc/raw_mfcc_train.6.ark:664024
MTJS0_SI1822 /home/sky/kaldi/egs/timit/s5/mfcc/raw_mfcc_train.10.ark:413708
MVLO0_SX67 /home/sky/kaldi/egs/timit/s5/mfcc/raw_mfcc_train.10.ark:1098001
MKDT0_SX353 /home/sky/kaldi/egs/timit/s5/mfcc/raw_mfcc_train.7.ark:569619
MDLM0_SI604 /home/sky/kaldi/egs/timit/s5/mfcc/raw_mfcc_train.5.ark:368790
MRBC0_SI1665 /home/sky/kaldi/egs/timit/s5/mfcc/raw_mfcc_train.8.ark:1090455
FKFB0_SX258 /home/sky/kaldi/egs/timit/s5/mfcc/raw_mfcc_train.2.ark:581308
MRWS0_SX292 /home/sky/kaldi/egs/timit/s5/mfcc/raw_mfcc_train.9.ark:901841
