MMWS0_SX258 /home/sky/kaldi/egs/timit/s5/mfcc/raw_mfcc_train.8.ark:355649
MHXL0_SX62 /home/sky/kaldi/egs/timit/s5/mfcc/raw_mfcc_train.6.ark:502788
MDCM0_SI1480 /home/sky/kaldi/egs/timit/s5/mfcc/raw_mfcc_train.4.ark:1375795
MRDD0_SX150 /home/sky/kaldi/egs/timit/s5/mfcc/raw_mfcc_train.8.ark:1202891
FSSB0_SI1712 /home/sky/kaldi/egs/timit/s5/mfcc/raw_mfcc_train.3.ark:1157517
FCAG0_SI1641 /home/sky/kaldi/egs/timit/s5/mfcc/raw_mfcc_train.1.ark:413802
FBCH0_SX236 /home/sky/kaldi/egs/timit/s5/mfcc/raw_mfcc_train.1.ark:258084
MJDE0_SX220 /home/sky/kaldi/egs/timit/s5/mfcc/raw_mfcc_train.6.ark:748324
MJAI0_SX74 /home/sky/kaldi/egs/timit/s5/mfcc/raw_mfcc_train.6.ark:631804
MRFK0_SX356 /home/sky/kaldi/egs/timit/s5/mfcc/raw_mfcc_train.8.ark:1433028
MKLN0_SX158 /home/sky/kaldi/egs/timit/s5/mfcc/raw_mfcc_train.7.ark:659138
MRDM0_SX425 /home/sky/kaldi/egs/timit/s5/mfcc/raw_mfcc_train.8.ark:1247533
MAEO0_SI1956 /home/sky/kaldi/egs/timit/s5/mfcc/raw_mfcc_train.4.ark:48160
MJAE0_SX444 /home/sky/kaldi/egs/timit/s5/mfcc/raw_mfcc_train.6.ark:592625
MMVP0_SX114 /home/sky/kaldi/egs/timit/s5/mfcc/raw_mfcc_train.8.ark:276722
MRLJ1_SX51 /home/sky/kaldi/egs/timit/s5/mfcc/raw_mfcc_train.9.ark:376902
MJXL0_SI542 /home/sky/kaldi/egs/timit/s5/mfcc/raw_mfcc_train.7.ark:328961
FPAB1_SX31 /home/sky/kaldi/egs/timit/s5/mfcc/raw_mfcc_train.3.ark:113295
MFER0_SX142 /home/sky/kaldi/egs/timit/s5/mfcc/raw_mfcc_train.5.ark:1188990
FVKB0_SX349 /home/sky/kaldi/egs/timit/s5/mfcc/raw_mfcc_train.3.ark:1390462
MJFR0_SX435 /home/sky/kaldi/egs/timit/s5/mfcc/raw_mfcc_train.6.ark:986651
MJDM0_SX260 /home/sky/kaldi/egs/timit/s5/mfcc/raw_mfcc_train.6.ark:818145
FSKL0_SI899 /home/sky/kaldi/egs/timit/s5/mfcc/raw_mfcc_train.3.ark:897847
MRJM1_SI668 /home/sky/kaldi/egs/timit/s5/mfcc/raw_mfcc_train.9.ark:195897
MJJB0_SI1139 /home/sky/kaldi/egs/timit/s5/mfcc/raw_mfcc_train.6.ark:1028555
MLEL0_SX346 /home/sky/kaldi/egs/timit/s5/mfcc/raw_mfcc_train.7.ark:923381
FDML0_SX339 /home/sky/kaldi/egs/timit/s5/mfcc/raw_mfcc_train.1.ark:964913
FPAZ0_SX423 /home/sky/kaldi/egs/timit/s5/mfcc/raw_mfcc_train.3.ark:248698
FSMA0_SX181 /home/sky/kaldi/egs/timit/s5/mfcc/raw_mfcc_train.3.ark:996540
MWAC0_SI971 /home/sky/kaldi/egs/timit/s5/mfcc/raw_mfcc_train.10.ark:1139954
FJLG0_SX449 /home/sky/kaldi/egs/timit/s5/mfcc/raw_mfcc_train.2.ark:183058
MSAT0_SI1526 /home/sky/kaldi/egs/timit/s5/mfcc/raw_mfcc_train.9.ark:1006743
MJAC0_SX251 /home/sky/kaldi/egs/timit/s5/mfcc/raw_mfcc_train.6.ark:548411
MESJ0_SI997 /home/sky/kaldi/egs/timit/s5/mfcc/raw_mfcc_train.5.ark:1132269
MDMT0_SX392 /home/sky/kaldi/egs/timit/s5/mfcc/raw_mfcc_train.5.ark:523428
MJLS0_SI1726 /home/sky/kaldi/egs/timit/s5/mfcc/raw_mfcc_train.6.ark:1228535
MJAC0_SX307 /home/sky/kaldi/egs/timit/s5/mfcc/raw_mfcc_train.6.ark:554008
MDMT0_SX302 /home/sky/kaldi/egs/timit/s5/mfcc/raw_mfcc_train.5.ark:516135
FLKM0_SX440 /home/sky/kaldi/egs/timit/s5/mfcc/raw_mfcc_train.2.ark:1063084
MRJT0_SI1498 /home/sky/kaldi/egs/timit/s5/mfcc/raw_mfcc_train.9.ark:220002
MTDB0_SI2031 /home/sky/kaldi/egs/timit/s5/mfcc/raw_mfcc_train.10.ark:246672
FJEN0_SI2307 /home/sky/kaldi/egs/timit/s5/mfcc/raw_mfcc_train.2.ark:67560
MMEB0_SX7 /home/sky/kaldi/egs/timit/s5/mfcc/raw_mfcc_train.8.ark:3514
MJJB0_SX329 /home/sky/kaldi/egs/timit/s5/mfcc/raw_mfcc_train.6.ark:1049496
FBMJ0_SI815 /home/sky/kaldi/egs/timit/s5/mfcc/raw_mfcc_train.1.ark:385620
MTJM0_SX416 /home/sky/kaldi/egs/timit/s5/mfcc/raw_mfcc_train.10.ark:403351
MMDG0_SX250 /home/sky/kaldi/egs/timit/s5/mfcc/raw_mfcc_train.7.ark:1364426
MDAC0_SX271 /home/sky/kaldi/egs/timit/s5/mfcc/raw_mfcc_train.4.ark:1234829
FNTB0_SX393 /home/sky/kaldi/egs/timit/s5/mfcc/raw_mfcc_train.3.ark:78795
MRDS0_SI1797 /home/sky/kaldi/egs/timit/s5/mfcc/raw_mfcc_train.8.ark:1255368
MCXM0_SX451 /home/sky/kaldi/egs/timit/s5/mfcc/raw_mfcc_train.4.ark:1207772
FPLS0_SX3 /home/sky/kaldi/egs/timit/s5/mfcc/raw_mfcc_train.3.ark:308552
MBGT0_SX81 /home/sky/kaldi/egs/timit/s5/mfcc/raw_mfcc_train.4.ark:441649
FCMG0_SX432 /home/sky/kaldi/egs/timit/s5/mfcc/raw_mfcc_train.1.ark:679482
MTWH1_SX72 /home/sky/kaldi/egs/timit/s5/mfcc/raw_mfcc_train.10.ark:999029
FSBK0_SI1069 /home/sky/kaldi/egs/timit/s5/mfcc/raw_mfcc_train.3.ark:551552
MJDC0_SI531 /home/sky/kaldi/egs/timit/s5/mfcc/raw_mfcc_train.6.ark:701688
MHJB0_SI1647 /home/sky/kaldi/egs/timit/s5/mfcc/raw_mfcc_train.6.ark:356477
FJSK0_SX332 /home/sky/kaldi/egs/timit/s5/mfcc/raw_mfcc_train.2.ark:318402
FKLC1_SI1678 /home/sky/kaldi/egs/timit/s5/mfcc/raw_mfcc_train.2.ark:677346
MCDD0_SX433 /home/sky/kaldi/egs/timit/s5/mfcc/raw_mfcc_train.4.ark:815580
FJHK0_SX122 /home/sky/kaldi/egs/timit/s5/mfcc/raw_mfcc_train.2.ark:108952
MWEM0_SX150 /home/sky/kaldi/egs/timit/s5/mfcc/raw_mfcc_train.10.ark:1295002
MTRR0_SX18 /home/sky/kaldi/egs/timit/s5/mfcc/raw_mfcc_train.10.ark:926497
MTPG0_SX393 /home/sky/kaldi/egs/timit/s5/mfcc/raw_mfcc_train.10.ark:769246
MMAA0_SI845 /home/sky/kaldi/egs/timit/s5/mfcc/raw_mfcc_train.7.ark:1084000
MTLB0_SX414 /home/sky/kaldi/egs/timit/s5/mfcc/raw_mfcc_train.10.ark:573325
MNET0_SX276 /home/sky/kaldi/egs/timit/s5/mfcc/raw_mfcc_train.8.ark:443738
MJWG0_SI813 /home/sky/kaldi/egs/timit/s5/mfcc/raw_mfcc_train.7.ark:184439
MRLJ1_SX411 /home/sky/kaldi/egs/timit/s5/mfcc/raw_mfcc_train.9.ark:373217
MJRA0_SI1866 /home/sky/kaldi/egs/timit/s5/mfcc/raw_mfcc_train.6.ark:1443877
MDLM0_SI1864 /home/sky/kaldi/egs/timit/s5/mfcc/raw_mfcc_train.5.ark:366612
MDSS0_SX441 /home/sky/kaldi/egs/timit/s5/mfcc/raw_mfcc_train.5.ark:741675
MTDP0_SX441 /home/sky/kaldi/egs/timit/s5/mfcc/raw_mfcc_train.10.ark:303549
MJJB0_SX59 /home/sky/kaldi/egs/timit/s5/mfcc/raw_mfcc_train.6.ark:1058674
MGAW0_SX265 /home/sky/kaldi/egs/timit/s5/mfcc/raw_mfcc_train.6.ark:42971
MPAR0_SI1576 /home/sky/kaldi/egs/timit/s5/mfcc/raw_mfcc_train.8.ark:492949
MRWS0_SX202 /home/sky/kaldi/egs/timit/s5/mfcc/raw_mfcc_train.9.ark:897018
FECD0_SX158 /home/sky/kaldi/egs/timit/s5/mfcc/raw_mfcc_train.1.ark:1205110
MDEM0_SX158 /home/sky/kaldi/egs/timit/s5/mfcc/raw_mfcc_train.5.ark:46008
FDAW0_SX236 /home/sky/kaldi/egs/timit/s5/mfcc/raw_mfcc_train.1.ark:837353
FKLC0_SI985 /home/sky/kaldi/egs/timit/s5/mfcc/raw_mfcc_train.2.ark:642547
FKAA0_SX38 /home/sky/kaldi/egs/timit/s5/mfcc/raw_mfcc_train.2.ark:486067
MRTC0_SI2088 /home/sky/kaldi/egs/timit/s5/mfcc/raw_mfcc_train.9.ark:751806
FPAB1_SX121 /home/sky/kaldi/egs/timit/s5/mfcc/raw_mfcc_train.3.ark:99430
MTAS0_SI755 /home/sky/kaldi/egs/timit/s5/mfcc/raw_mfcc_train.10.ark:88964
MBSB0_SX93 /home/sky/kaldi/egs/timit/s5/mfcc/raw_mfcc_train.4.ark:619727
FPAF0_SI1684 /home/sky/kaldi/egs/timit/s5/mfcc/raw_mfcc_train.3.ark:197165
MWRE0_SX247 /home/sky/kaldi/egs/timit/s5/mfcc/raw_mfcc_train.10.ark:1365103
MEFG0_SX15 /home/sky/kaldi/egs/timit/s5/mfcc/raw_mfcc_train.5.ark:979210
MFER0_SI1492 /home/sky/kaldi/egs/timit/s5/mfcc/raw_mfcc_train.5.ark:1179699
MCDD0_SI2143 /home/sky/kaldi/egs/timit/s5/mfcc/raw_mfcc_train.4.ark:797254
MSES0_SX419 /home/sky/kaldi/egs/timit/s5/mfcc/raw_mfcc_train.9.ark:1223478
MTPR0_SI506 /home/sky/kaldi/egs/timit/s5/mfcc/raw_mfcc_train.10.ark:813799
MJMD0_SI1658 /home/sky/kaldi/egs/timit/s5/mfcc/raw_mfcc_train.6.ark:1291192
MGAF0_SX22 /home/sky/kaldi/egs/timit/s5/mfcc/raw_mfcc_train.5.ark:1383932
MTAT1_SX419 /home/sky/kaldi/egs/timit/s5/mfcc/raw_mfcc_train.10.ark:168757
MJEB1_SX387 /home/sky/kaldi/egs/timit/s5/mfcc/raw_mfcc_train.6.ark:897852
MRDM0_SI1044 /home/sky/kaldi/egs/timit/s5/mfcc/raw_mfcc_train.8.ark:1221061
MJXL0_SX362 /home/sky/kaldi/egs/timit/s5/mfcc/raw_mfcc_train.7.ark:339772
FMMH0_SI907 /home/sky/kaldi/egs/timit/s5/mfcc/raw_mfcc_train.2.ark:1506387
MDED0_SX270 /home/sky/kaldi/egs/timit/s5/mfcc/raw_mfcc_train.4.ark:1456317
FKDE0_SX421 /home/sky/kaldi/egs/timit/s5/mfcc/raw_mfcc_train.2.ark:523748
FRLL0_SX434 /home/sky/kaldi/egs/timit/s5/mfcc/raw_mfcc_train.3.ark:439879
MTPP0_SX248 /home/sky/kaldi/egs/timit/s5/mfcc/raw_mfcc_train.10.ark:787652
FDJH0_SI935 /home/sky/kaldi/egs/timit/s5/mfcc/raw_mfcc_train.1.ark:887465
MHMR0_SI1692 /home/sky/kaldi/egs/timit/s5/mfcc/raw_mfcc_train.6.ark:412388
MCAL0_SX148 /home/sky/kaldi/egs/timit/s5/mfcc/raw_mfcc_train.4.ark:742294
MRDM0_SX335 /home/sky/kaldi/egs/timit/s5/mfcc/raw_mfcc_train.8.ark:1241546
FJRP1_SX262 /home/sky/kaldi/egs/timit/s5/mfcc/raw_mfcc_train.2.ark:276269
MJXL0_SX272 /home/sky/kaldi/egs/timit/s5/mfcc/raw_mfcc_train.7.ark:335995
MKAG0_SX30 /home/sky/kaldi/egs/timit/s5/mfcc/raw_mfcc_train.7.ark:377021
MDDC0_SI1419 /home/sky/kaldi/egs/timit/s5/mfcc/raw_mfcc_train.4.ark:1408183
FBCG1_SI982 /home/sky/kaldi/egs/timit/s5/mfcc/raw_mfcc_train.1.ark:211994
MFWK0_SX349 /home/sky/kaldi/egs/timit/s5/mfcc/raw_mfcc_train.5.ark:1289614
MCTH0_SI579 /home/sky/kaldi/egs/timit/s5/mfcc/raw_mfcc_train.4.ark:1128447
FJKL0_SX122 /home/sky/kaldi/egs/timit/s5/mfcc/raw_mfcc_train.2.ark:139442
MWDK0_SI2017 /home/sky/kaldi/egs/timit/s5/mfcc/raw_mfcc_train.10.ark:1257815
MSJK0_SX66 /home/sky/kaldi/egs/timit/s5/mfcc/raw_mfcc_train.9.ark:1336547
MPGR0_SX150 /home/sky/kaldi/egs/timit/s5/mfcc/raw_mfcc_train.8.ark:622769
MREW1_SX60 /home/sky/kaldi/egs/timit/s5/mfcc/raw_mfcc_train.8.ark:1410103
MSAT1_SI1073 /home/sky/kaldi/egs/timit/s5/mfcc/raw_mfcc_train.9.ark:1031955
FTLG0_SI1743 /home/sky/kaldi/egs/timit/s5/mfcc/raw_mfcc_train.3.ark:1277103
MARC0_SX18 /home/sky/kaldi/egs/timit/s5/mfcc/raw_mfcc_train.4.ark:244453
MDWM0_SX376 /home/sky/kaldi/egs/timit/s5/mfcc/raw_mfcc_train.5.ark:897882
MTWH1_SX432 /home/sky/kaldi/egs/timit/s5/mfcc/raw_mfcc_train.10.ark:994382
MFRM0_SI1717 /home/sky/kaldi/egs/timit/s5/mfcc/raw_mfcc_train.5.ark:1246212
FSDC0_SX142 /home/sky/kaldi/egs/timit/s5/mfcc/raw_mfcc_train.3.ark:637138
MRLD0_SX334 /home/sky/kaldi/egs/timit/s5/mfcc/raw_mfcc_train.9.ark:312996
FSRH0_SX131 /home/sky/kaldi/egs/timit/s5/mfcc/raw_mfcc_train.3.ark:1130213
FLAC0_SX181 /home/sky/kaldi/egs/timit/s5/mfcc/raw_mfcc_train.2.ark:779348
MJAI0_SX164 /home/sky/kaldi/egs/timit/s5/mfcc/raw_mfcc_train.6.ark:618660
MDWD0_SI1890 /home/sky/kaldi/egs/timit/s5/mfcc/raw_mfcc_train.5.ark:810998
MDSS1_SX157 /home/sky/kaldi/egs/timit/s5/mfcc/raw_mfcc_train.5.ark:759690
FBCH0_SX326 /home/sky/kaldi/egs/timit/s5/mfcc/raw_mfcc_train.1.ark:261393
MTPP0_SI878 /home/sky/kaldi/egs/timit/s5/mfcc/raw_mfcc_train.10.ark:780852
MMWS1_SX81 /home/sky/kaldi/egs/timit/s5/mfcc/raw_mfcc_train.8.ark:395285
MDCD0_SX335 /home/sky/kaldi/egs/timit/s5/mfcc/raw_mfcc_train.4.ark:1364438
FGCS0_SI2116 /home/sky/kaldi/egs/timit/s5/mfcc/raw_mfcc_train.1.ark:1368012
FPAZ0_SI1593 /home/sky/kaldi/egs/timit/s5/mfcc/raw_mfcc_train.3.ark:223332
MRJT0_SX148 /home/sky/kaldi/egs/timit/s5/mfcc/raw_mfcc_train.9.ark:231815
MPPC0_SX422 /home/sky/kaldi/egs/timit/s5/mfcc/raw_mfcc_train.8.ark:752338
MSDH0_SI980 /home/sky/kaldi/egs/timit/s5/mfcc/raw_mfcc_train.9.ark:1090313
MWCH0_SX452 /home/sky/kaldi/egs/timit/s5/mfcc/raw_mfcc_train.10.ark:1244286
FDKN0_SX451 /home/sky/kaldi/egs/timit/s5/mfcc/raw_mfcc_train.1.ark:937653
MJAI0_SI682 /home/sky/kaldi/egs/timit/s5/mfcc/raw_mfcc_train.6.ark:606764
MLNS0_SI1407 /home/sky/kaldi/egs/timit/s5/mfcc/raw_mfcc_train.7.ark:1010928
MRAB1_SI2108 /home/sky/kaldi/egs/timit/s5/mfcc/raw_mfcc_train.8.ark:965459
MFMC0_SX52 /home/sky/kaldi/egs/timit/s5/mfcc/raw_mfcc_train.5.ark:1236732
MGAR0_SX402 /home/sky/kaldi/egs/timit/s5/mfcc/raw_mfcc_train.6.ark:17227
MTWH1_SX252 /home/sky/kaldi/egs/timit/s5/mfcc/raw_mfcc_train.10.ark:987205
MARC0_SI1818 /home/sky/kaldi/egs/timit/s5/mfcc/raw_mfcc_train.4.ark:233812
MKXL0_SI1815 /home/sky/kaldi/egs/timit/s5/mfcc/raw_mfcc_train.7.ark:840168
MJRP0_SX405 /home/sky/kaldi/egs/timit/s5/mfcc/raw_mfcc_train.7.ark:133752
MPSW0_SI1067 /home/sky/kaldi/egs/timit/s5/mfcc/raw_mfcc_train.8.ark:903067
MWGR0_SX256 /home/sky/kaldi/egs/timit/s5/mfcc/raw_mfcc_train.10.ark:1335431
MTAT1_SI1627 /home/sky/kaldi/egs/timit/s5/mfcc/raw_mfcc_train.10.ark:143541
MJAI0_SI710 /home/sky/kaldi/egs/timit/s5/mfcc/raw_mfcc_train.6.ark:612686
MZMB0_SX356 /home/sky/kaldi/egs/timit/s5/mfcc/raw_mfcc_train.10.ark:1502693
MDMA0_SX350 /home/sky/kaldi/egs/timit/s5/mfcc/raw_mfcc_train.5.ark:482395
FMKF0_SX96 /home/sky/kaldi/egs/timit/s5/mfcc/raw_mfcc_train.2.ark:1492285
MTPF0_SI1235 /home/sky/kaldi/egs/timit/s5/mfcc/raw_mfcc_train.10.ark:712928
MADD0_SX178 /home/sky/kaldi/egs/timit/s5/mfcc/raw_mfcc_train.3.ark:1508534
MBWP0_SX439 /home/sky/kaldi/egs/timit/s5/mfcc/raw_mfcc_train.4.ark:681493
FBLV0_SI2318 /home/sky/kaldi/egs/timit/s5/mfcc/raw_mfcc_train.1.ark:318726
MSTF0_SX46 /home/sky/kaldi/egs/timit/s5/mfcc/raw_mfcc_train.10.ark:11
MEJL0_SI1592 /home/sky/kaldi/egs/timit/s5/mfcc/raw_mfcc_train.5.ark:1030670
MMDM0_SX141 /home/sky/kaldi/egs/timit/s5/mfcc/raw_mfcc_train.7.ark:1393427
MMDM0_SX231 /home/sky/kaldi/egs/timit/s5/mfcc/raw_mfcc_train.7.ark:1397646
FAEM0_SI762 /home/sky/kaldi/egs/timit/s5/mfcc/raw_mfcc_train.1.ark:9349
MADD0_SI1798 /home/sky/kaldi/egs/timit/s5/mfcc/raw_mfcc_train.3.ark:1500044
FAEM0_SX222 /home/sky/kaldi/egs/timit/s5/mfcc/raw_mfcc_train.1.ark:16916
FSKC0_SX336 /home/sky/kaldi/egs/timit/s5/mfcc/raw_mfcc_train.3.ark:875971
MTJU0_SX40 /home/sky/kaldi/egs/timit/s5/mfcc/raw_mfcc_train.10.ark:471779
MLEL0_SI616 /home/sky/kaldi/egs/timit/s5/mfcc/raw_mfcc_train.7.ark:906811
MJRK0_SX70 /home/sky/kaldi/egs/timit/s5/mfcc/raw_mfcc_train.7.ark:109872
MTAS0_SI2015 /home/sky/kaldi/egs/timit/s5/mfcc/raw_mfcc_train.10.ark:86552
MBSB0_SI723 /home/sky/kaldi/egs/timit/s5/mfcc/raw_mfcc_train.4.ark:605031
FJKL0_SI1562 /home/sky/kaldi/egs/timit/s5/mfcc/raw_mfcc_train.2.ark:128994
MTAS0_SI1385 /home/sky/kaldi/egs/timit/s5/mfcc/raw_mfcc_train.10.ark:81825
FBAS0_SX217 /home/sky/kaldi/egs/timit/s5/mfcc/raw_mfcc_train.1.ark:193725
MVLO0_SX67 /home/sky/kaldi/egs/timit/s5/mfcc/raw_mfcc_train.10.ark:1098001
MSFH0_SI586 /home/sky/kaldi/egs/timit/s5/mfcc/raw_mfcc_train.9.ark:1241213
MGAK0_SI1666 /home/sky/kaldi/egs/timit/s5/mfcc/raw_mfcc_train.5.ark:1429622
MSDB0_SX287 /home/sky/kaldi/egs/timit/s5/mfcc/raw_mfcc_train.9.ark:1080676
FSPM0_SI611 /home/sky/kaldi/egs/timit/s5/mfcc/raw_mfcc_train.3.ark:1096349
FMJF0_SI624 /home/sky/kaldi/egs/timit/s5/mfcc/raw_mfcc_train.2.ark:1366865
MCSS0_SX300 /home/sky/kaldi/egs/timit/s5/mfcc/raw_mfcc_train.4.ark:1113714
MBSB0_SX3 /home/sky/kaldi/egs/timit/s5/mfcc/raw_mfcc_train.4.ark:614826
FLET0_SX237 /home/sky/kaldi/egs/timit/s5/mfcc/raw_mfcc_train.2.ark:886387
FSAK0_SX220 /home/sky/kaldi/egs/timit/s5/mfcc/raw_mfcc_train.3.ark:535027
MRFL0_SX346 /home/sky/kaldi/egs/timit/s5/mfcc/raw_mfcc_train.8.ark:1467275
MMAM0_SX247 /home/sky/kaldi/egs/timit/s5/mfcc/raw_mfcc_train.7.ark:1193503
FDTD0_SX121 /home/sky/kaldi/egs/timit/s5/mfcc/raw_mfcc_train.1.ark:1069668
FPAF0_SI1054 /home/sky/kaldi/egs/timit/s5/mfcc/raw_mfcc_train.3.ark:189669
MDNS0_SX291 /home/sky/kaldi/egs/timit/s5/mfcc/raw_mfcc_train.5.ark:553248
FDMY0_SX387 /home/sky/kaldi/egs/timit/s5/mfcc/raw_mfcc_train.1.ark:1014759
FAPB0_SX73 /home/sky/kaldi/egs/timit/s5/mfcc/raw_mfcc_train.1.ark:167544
FLMK0_SX405 /home/sky/kaldi/egs/timit/s5/mfcc/raw_mfcc_train.2.ark:1157415
MDLR0_SI1863 /home/sky/kaldi/egs/timit/s5/mfcc/raw_mfcc_train.5.ark:396075
MDPB0_SX146 /home/sky/kaldi/egs/timit/s5/mfcc/raw_mfcc_train.5.ark:575905
MRFL0_SI526 /home/sky/kaldi/egs/timit/s5/mfcc/raw_mfcc_train.8.ark:1452356
MGXP0_SX97 /home/sky/kaldi/egs/timit/s5/mfcc/raw_mfcc_train.6.ark:287837
MRXB0_SI955 /home/sky/kaldi/egs/timit/s5/mfcc/raw_mfcc_train.9.ark:919057
FSPM0_SX341 /home/sky/kaldi/egs/timit/s5/mfcc/raw_mfcc_train.3.ark:1110462
MMLM0_SX267 /home/sky/kaldi/egs/timit/s5/mfcc/raw_mfcc_train.8.ark:144707
FCYL0_SX397 /home/sky/kaldi/egs/timit/s5/mfcc/raw_mfcc_train.1.ark:779681
MCLK0_SX40 /home/sky/kaldi/egs/timit/s5/mfcc/raw_mfcc_train.4.ark:990130
MADC0_SI737 /home/sky/kaldi/egs/timit/s5/mfcc/raw_mfcc_train.3.ark:1472915
MDBP0_SI1788 /home/sky/kaldi/egs/timit/s5/mfcc/raw_mfcc_train.4.ark:1311885
FJRB0_SX402 /home/sky/kaldi/egs/timit/s5/mfcc/raw_mfcc_train.2.ark:247418
MMWS1_SI1071 /home/sky/kaldi/egs/timit/s5/mfcc/raw_mfcc_train.8.ark:372096
MJRH0_SX315 /home/sky/kaldi/egs/timit/s5/mfcc/raw_mfcc_train.7.ark:38154
MSAT0_SX86 /home/sky/kaldi/egs/timit/s5/mfcc/raw_mfcc_train.9.ark:1029399
MDMA0_SX440 /home/sky/kaldi/egs/timit/s5/mfcc/raw_mfcc_train.5.ark:488460
MJDA0_SX221 /home/sky/kaldi/egs/timit/s5/mfcc/raw_mfcc_train.6.ark:679675
MSFV0_SI1892 /home/sky/kaldi/egs/timit/s5/mfcc/raw_mfcc_train.9.ark:1271995
MCSS0_SX30 /home/sky/kaldi/egs/timit/s5/mfcc/raw_mfcc_train.4.ark:1110977
FJEN0_SX327 /home/sky/kaldi/egs/timit/s5/mfcc/raw_mfcc_train.2.ark:80087
MDPK0_SX333 /home/sky/kaldi/egs/timit/s5/mfcc/raw_mfcc_train.5.ark:610998
MVJH0_SX206 /home/sky/kaldi/egs/timit/s5/mfcc/raw_mfcc_train.10.ark:1056883
MBAR0_SX59 /home/sky/kaldi/egs/timit/s5/mfcc/raw_mfcc_train.4.ark:320976
MDCD0_SI785 /home/sky/kaldi/egs/timit/s5/mfcc/raw_mfcc_train.4.ark:1351014
FMAH1_SI879 /home/sky/kaldi/egs/timit/s5/mfcc/raw_mfcc_train.2.ark:1234403
MCEF0_SX235 /home/sky/kaldi/egs/timit/s5/mfcc/raw_mfcc_train.4.ark:876000
FJSP0_SI1763 /home/sky/kaldi/egs/timit/s5/mfcc/raw_mfcc_train.2.ark:337177
MREE0_SX204 /home/sky/kaldi/egs/timit/s5/mfcc/raw_mfcc_train.8.ark:1301259
MSJK0_SI2226 /home/sky/kaldi/egs/timit/s5/mfcc/raw_mfcc_train.9.ark:1311715
MBOM0_SX204 /home/sky/kaldi/egs/timit/s5/mfcc/raw_mfcc_train.4.ark:584161
MCEF0_SI1135 /home/sky/kaldi/egs/timit/s5/mfcc/raw_mfcc_train.4.ark:859604
MEJS0_SI1240 /home/sky/kaldi/egs/timit/s5/mfcc/raw_mfcc_train.5.ark:1059249
MWAR0_SI1675 /home/sky/kaldi/egs/timit/s5/mfcc/raw_mfcc_train.10.ark:1200044
MWRE0_SX157 /home/sky/kaldi/egs/timit/s5/mfcc/raw_mfcc_train.10.ark:1361612
MCRE0_SX131 /home/sky/kaldi/egs/timit/s5/mfcc/raw_mfcc_train.4.ark:1067671
FKSR0_SI487 /home/sky/kaldi/egs/timit/s5/mfcc/raw_mfcc_train.2.ark:743898
MDAC0_SX181 /home/sky/kaldi/egs/timit/s5/mfcc/raw_mfcc_train.4.ark:1229557
FSGF0_SX387 /home/sky/kaldi/egs/timit/s5/mfcc/raw_mfcc_train.3.ark:712731
MJEE0_SX247 /home/sky/kaldi/egs/timit/s5/mfcc/raw_mfcc_train.6.ark:916882
FMJF0_SX444 /home/sky/kaldi/egs/timit/s5/mfcc/raw_mfcc_train.2.ark:1385912
FLOD0_SX117 /home/sky/kaldi/egs/timit/s5/mfcc/raw_mfcc_train.2.ark:1177029
MRMS0_SX300 /home/sky/kaldi/egs/timit/s5/mfcc/raw_mfcc_train.9.ark:600026
FTAJ0_SX249 /home/sky/kaldi/egs/timit/s5/mfcc/raw_mfcc_train.3.ark:1201340
MAJP0_SX264 /home/sky/kaldi/egs/timit/s5/mfcc/raw_mfcc_train.4.ark:116292
MSAT1_SX443 /home/sky/kaldi/egs/timit/s5/mfcc/raw_mfcc_train.9.ark:1055581
FSAG0_SI693 /home/sky/kaldi/egs/timit/s5/mfcc/raw_mfcc_train.3.ark:453480
MDLH0_SX70 /home/sky/kaldi/egs/timit/s5/mfcc/raw_mfcc_train.5.ark:360564
MPAR0_SI2206 /home/sky/kaldi/egs/timit/s5/mfcc/raw_mfcc_train.8.ark:494946
FKLH0_SX447 /home/sky/kaldi/egs/timit/s5/mfcc/raw_mfcc_train.2.ark:728763
FKFB0_SI1608 /home/sky/kaldi/egs/timit/s5/mfcc/raw_mfcc_train.2.ark:564119
FPAC0_SI1921 /home/sky/kaldi/egs/timit/s5/mfcc/raw_mfcc_train.3.ark:119459
MBML0_SI539 /home/sky/kaldi/egs/timit/s5/mfcc/raw_mfcc_train.4.ark:547312
MMDM0_SX51 /home/sky/kaldi/egs/timit/s5/mfcc/raw_mfcc_train.7.ark:1409301
MDLB0_SX46 /home/sky/kaldi/egs/timit/s5/mfcc/raw_mfcc_train.5.ark:230219
MRKM0_SI637 /home/sky/kaldi/egs/timit/s5/mfcc/raw_mfcc_train.9.ark:266159
FSBK0_SI1699 /home/sky/kaldi/egs/timit/s5/mfcc/raw_mfcc_train.3.ark:556669
MEAL0_SX347 /home/sky/kaldi/egs/timit/s5/mfcc/raw_mfcc_train.5.ark:923849
MWDK0_SX176 /home/sky/kaldi/egs/timit/s5/mfcc/raw_mfcc_train.10.ark:1265187
FKAA0_SI1208 /home/sky/kaldi/egs/timit/s5/mfcc/raw_mfcc_train.2.ark:460636
MPGR1_SX59 /home/sky/kaldi/egs/timit/s5/mfcc/raw_mfcc_train.8.ark:670824
MKLW0_SI2201 /home/sky/kaldi/egs/timit/s5/mfcc/raw_mfcc_train.7.ark:781393
MRAV0_SX18 /home/sky/kaldi/egs/timit/s5/mfcc/raw_mfcc_train.8.ark:1076841
MAFM0_SX219 /home/sky/kaldi/egs/timit/s5/mfcc/raw_mfcc_train.4.ark:83279
MTPR0_SX430 /home/sky/kaldi/egs/timit/s5/mfcc/raw_mfcc_train.10.ark:830948
MTJG0_SI890 /home/sky/kaldi/egs/timit/s5/mfcc/raw_mfcc_train.10.ark:351032
MMDM1_SI2043 /home/sky/kaldi/egs/timit/s5/mfcc/raw_mfcc_train.7.ark:1415544
MBAR0_SX419 /home/sky/kaldi/egs/timit/s5/mfcc/raw_mfcc_train.4.ark:317057
FLMA0_SX163 /home/sky/kaldi/egs/timit/s5/mfcc/raw_mfcc_train.2.ark:1083686
MESG0_SX162 /home/sky/kaldi/egs/timit/s5/mfcc/raw_mfcc_train.5.ark:1103203
MGAG0_SI691 /home/sky/kaldi/egs/timit/s5/mfcc/raw_mfcc_train.5.ark:1401661
MREW1_SX330 /home/sky/kaldi/egs/timit/s5/mfcc/raw_mfcc_train.8.ark:1400977
FJHK0_SX302 /home/sky/kaldi/egs/timit/s5/mfcc/raw_mfcc_train.2.ark:118365
MGAR0_SI1842 /home/sky/kaldi/egs/timit/s5/mfcc/raw_mfcc_train.6.ark:13
MGAW0_SX175 /home/sky/kaldi/egs/timit/s5/mfcc/raw_mfcc_train.6.ark:38271
MDSS0_SI1881 /home/sky/kaldi/egs/timit/s5/mfcc/raw_mfcc_train.5.ark:722210
MTJM0_SI1226 /home/sky/kaldi/egs/timit/s5/mfcc/raw_mfcc_train.10.ark:378517
FBMH0_SI970 /home/sky/kaldi/egs/timit/s5/mfcc/raw_mfcc_train.1.ark:351582
FCRZ0_SI2053 /home/sky/kaldi/egs/timit/s5/mfcc/raw_mfcc_train.1.ark:724723
MWAR0_SX235 /home/sky/kaldi/egs/timit/s5/mfcc/raw_mfcc_train.10.ark:1210531
MRLJ1_SI2301 /home/sky/kaldi/egs/timit/s5/mfcc/raw_mfcc_train.9.ark:355566
FPMY0_SX196 /home/sky/kaldi/egs/timit/s5/mfcc/raw_mfcc_train.3.ark:340660
FCLT0_SX268 /home/sky/kaldi/egs/timit/s5/mfcc/raw_mfcc_train.1.ark:637992
MABC0_SX241 /home/sky/kaldi/egs/timit/s5/mfcc/raw_mfcc_train.3.ark:1450135
FSKL0_SX269 /home/sky/kaldi/egs/timit/s5/mfcc/raw_mfcc_train.3.ark:905713
MGAW0_SX445 /home/sky/kaldi/egs/timit/s5/mfcc/raw_mfcc_train.6.ark:49498
MCEW0_SX362 /home/sky/kaldi/egs/timit/s5/mfcc/raw_mfcc_train.4.ark:915038
MTRT0_SX57 /home/sky/kaldi/egs/timit/s5/mfcc/raw_mfcc_train.10.ark:969982
FDNC0_SX198 /home/sky/kaldi/egs/timit/s5/mfcc/raw_mfcc_train.1.ark:1044157
MRLJ1_SI1671 /home/sky/kaldi/egs/timit/s5/mfcc/raw_mfcc_train.9.ark:351749
MFXV0_SI1005 /home/sky/kaldi/egs/timit/s5/mfcc/raw_mfcc_train.5.ark:1334582
FDAS1_SI2091 /home/sky/kaldi/egs/timit/s5/mfcc/raw_mfcc_train.1.ark:790422
FRJB0_SX77 /home/sky/kaldi/egs/timit/s5/mfcc/raw_mfcc_train.3.ark:410943
MWAR0_SX415 /home/sky/kaldi/egs/timit/s5/mfcc/raw_mfcc_train.10.ark:1217227
MGAF0_SX382 /home/sky/kaldi/egs/timit/s5/mfcc/raw_mfcc_train.5.ark:1390498
MDLH0_SI700 /home/sky/kaldi/egs/timit/s5/mfcc/raw_mfcc_train.5.ark:335752
MEWM0_SI718 /home/sky/kaldi/egs/timit/s5/mfcc/raw_mfcc_train.5.ark:1156439
FDJH0_SI2195 /home/sky/kaldi/egs/timit/s5/mfcc/raw_mfcc_train.1.ark:883298
MGAK0_SX406 /home/sky/kaldi/egs/timit/s5/mfcc/raw_mfcc_train.5.ark:1451329
MMGC0_SX225 /home/sky/kaldi/egs/timit/s5/mfcc/raw_mfcc_train.8.ark:26698
MSRR0_SX141 /home/sky/kaldi/egs/timit/s5/mfcc/raw_mfcc_train.9.ark:1482378
MSJK0_SX246 /home/sky/kaldi/egs/timit/s5/mfcc/raw_mfcc_train.9.ark:1322838
FLHD0_SX174 /home/sky/kaldi/egs/timit/s5/mfcc/raw_mfcc_train.2.ark:909162
MREE0_SX294 /home/sky/kaldi/egs/timit/s5/mfcc/raw_mfcc_train.8.ark:1307863
MJJM0_SI1251 /home/sky/kaldi/egs/timit/s5/mfcc/raw_mfcc_train.6.ark:1098194
MKDB0_SI2132 /home/sky/kaldi/egs/timit/s5/mfcc/raw_mfcc_train.7.ark:483411
FNTB0_SI573 /home/sky/kaldi/egs/timit/s5/mfcc/raw_mfcc_train.3.ark:54795
MWSH0_SX436 /home/sky/kaldi/egs/timit/s5/mfcc/raw_mfcc_train.10.ark:1473445
FMKF0_SX6 /home/sky/kaldi/egs/timit/s5/mfcc/raw_mfcc_train.2.ark:1489016
FSPM0_SX71 /home/sky/kaldi/egs/timit/s5/mfcc/raw_mfcc_train.3.ark:1118262
FSJW0_SX343 /home/sky/kaldi/egs/timit/s5/mfcc/raw_mfcc_train.3.ark:845312
MRHL0_SI2145 /home/sky/kaldi/egs/timit/s5/mfcc/raw_mfcc_train.9.ark:48592
FTBR0_SX291 /home/sky/kaldi/egs/timit/s5/mfcc/raw_mfcc_train.3.ark:1238421
FEME0_SX335 /home/sky/kaldi/egs/timit/s5/mfcc/raw_mfcc_train.1.ark:1281197
MRML0_SX431 /home/sky/kaldi/egs/timit/s5/mfcc/raw_mfcc_train.9.ark:567937
MNTW0_SX348 /home/sky/kaldi/egs/timit/s5/mfcc/raw_mfcc_train.8.ark:484498
MBMA1_SX54 /home/sky/kaldi/egs/timit/s5/mfcc/raw_mfcc_train.4.ark:535641
MDMT0_SI2341 /home/sky/kaldi/egs/timit/s5/mfcc/raw_mfcc_train.5.ark:499714
MMJB1_SX148 /home/sky/kaldi/egs/timit/s5/mfcc/raw_mfcc_train.8.ark:109660
MFRM0_SX345 /home/sky/kaldi/egs/timit/s5/mfcc/raw_mfcc_train.5.ark:1260606
MLJH0_SI694 /home/sky/kaldi/egs/timit/s5/mfcc/raw_mfcc_train.7.ark:981948
MPSW0_SX77 /home/sky/kaldi/egs/timit/s5/mfcc/raw_mfcc_train.8.ark:925632
MKLR0_SX429 /home/sky/kaldi/egs/timit/s5/mfcc/raw_mfcc_train.7.ark:698984
MRAB0_SX144 /home/sky/kaldi/egs/timit/s5/mfcc/raw_mfcc_train.8.ark:940729
FEXM0_SX291 /home/sky/kaldi/egs/timit/s5/mfcc/raw_mfcc_train.1.ark:1350367
FRJB0_SI1470 /home/sky/kaldi/egs/timit/s5/mfcc/raw_mfcc_train.3.ark:388762
MPPC0_SI1412 /home/sky/kaldi/egs/timit/s5/mfcc/raw_mfcc_train.8.ark:728206
MDPK0_SX63 /home/sky/kaldi/egs/timit/s5/mfcc/raw_mfcc_train.5.ark:619825
MBTH0_SX32 /home/sky/kaldi/egs/timit/s5/mfcc/raw_mfcc_train.4.ark:648779
MDDC0_SX69 /home/sky/kaldi/egs/timit/s5/mfcc/raw_mfcc_train.4.ark:1434050
FTLG0_SX33 /home/sky/kaldi/egs/timit/s5/mfcc/raw_mfcc_train.3.ark:1304574
MJDA0_SI2291 /home/sky/kaldi/egs/timit/s5/mfcc/raw_mfcc_train.6.ark:672875
MBMA0_SX322 /home/sky/kaldi/egs/timit/s5/mfcc/raw_mfcc_train.4.ark:494621
MRGS0_SX186 /home/sky/kaldi/egs/timit/s5/mfcc/raw_mfcc_train.9.ark:24917
MLJC0_SI1225 /home/sky/kaldi/egs/timit/s5/mfcc/raw_mfcc_train.7.ark:936272
MNTW0_SI1698 /home/sky/kaldi/egs/timit/s5/mfcc/raw_mfcc_train.8.ark:464871
MTPG0_SI2013 /home/sky/kaldi/egs/timit/s5/mfcc/raw_mfcc_train.10.ark:747976
MFWK0_SX439 /home/sky/kaldi/egs/timit/s5/mfcc/raw_mfcc_train.5.ark:1295237
FLET0_SI1767 /home/sky/kaldi/egs/timit/s5/mfcc/raw_mfcc_train.2.ark:872248
FSBK0_SX349 /home/sky/kaldi/egs/timit/s5/mfcc/raw_mfcc_train.3.ark:570595
FCEG0_SI1878 /home/sky/kaldi/egs/timit/s5/mfcc/raw_mfcc_train.1.ark:514620
MFMC0_SI1762 /home/sky/kaldi/egs/timit/s5/mfcc/raw_mfcc_train.5.ark:1211523
MDTB0_SX120 /home/sky/kaldi/egs/timit/s5/mfcc/raw_mfcc_train.5.ark:787593
MJXA0_SX427 /home/sky/kaldi/egs/timit/s5/mfcc/raw_mfcc_train.7.ark:313137
MGRP0_SI687 /home/sky/kaldi/egs/timit/s5/mfcc/raw_mfcc_train.6.ark:159029
MJRG0_SX286 /home/sky/kaldi/egs/timit/s5/mfcc/raw_mfcc_train.7.ark:2644
FSJG0_SI1570 /home/sky/kaldi/egs/timit/s5/mfcc/raw_mfcc_train.3.ark:716561
MSAH1_SX419 /home/sky/kaldi/egs/timit/s5/mfcc/raw_mfcc_train.9.ark:963759
MRGS0_SX366 /home/sky/kaldi/egs/timit/s5/mfcc/raw_mfcc_train.9.ark:32406
MMSM0_SI1106 /home/sky/kaldi/egs/timit/s5/mfcc/raw_mfcc_train.8.ark:226515
MJLG1_SI1642 /home/sky/kaldi/egs/timit/s5/mfcc/raw_mfcc_train.6.ark:1197810
MGAG0_SI645 /home/sky/kaldi/egs/timit/s5/mfcc/raw_mfcc_train.5.ark:1399067
FAPB0_SI1063 /home/sky/kaldi/egs/timit/s5/mfcc/raw_mfcc_train.1.ark:131783
MAKB0_SI1016 /home/sky/kaldi/egs/timit/s5/mfcc/raw_mfcc_train.4.ark:133948
MTRC0_SX363 /home/sky/kaldi/egs/timit/s5/mfcc/raw_mfcc_train.10.ark:904537
MKLS1_SX15 /home/sky/kaldi/egs/timit/s5/mfcc/raw_mfcc_train.7.ark:758260
MDSS1_SI1713 /home/sky/kaldi/egs/timit/s5/mfcc/raw_mfcc_train.5.ark:752864
MAEO0_SX426 /home/sky/kaldi/egs/timit/s5/mfcc/raw_mfcc_train.4.ark:62904
MNET0_SX6 /home/sky/kaldi/egs/timit/s5/mfcc/raw_mfcc_train.8.ark:451342
FMJU0_SX219 /home/sky/kaldi/egs/timit/s5/mfcc/raw_mfcc_train.2.ark:1413242
FLMC0_SX336 /home/sky/kaldi/egs/timit/s5/mfcc/raw_mfcc_train.2.ark:1123686
FPAD0_SX266 /home/sky/kaldi/egs/timit/s5/mfcc/raw_mfcc_train.3.ark:173963
MSRG0_SI1851 /home/sky/kaldi/egs/timit/s5/mfcc/raw_mfcc_train.9.ark:1442410
MSES0_SX59 /home/sky/kaldi/egs/timit/s5/mfcc/raw_mfcc_train.9.ark:1226747
MDHL0_SX359 /home/sky/kaldi/egs/timit/s5/mfcc/raw_mfcc_train.5.ark:87965
MBMA1_SX414 /home/sky/kaldi/egs/timit/s5/mfcc/raw_mfcc_train.4.ark:531709
FJSP0_SI804 /home/sky/kaldi/egs/timit/s5/mfcc/raw_mfcc_train.2.ark:338900
MJRG0_SX16 /home/sky/kaldi/egs/timit/s5/mfcc/raw_mfcc_train.7.ark:11
MTQC0_SI1441 /home/sky/kaldi/egs/timit/s5/mfcc/raw_mfcc_train.10.ark:838398
MESJ0_SI2039 /home/sky/kaldi/egs/timit/s5/mfcc/raw_mfcc_train.5.ark:1123063
FPAC0_SX211 /home/sky/kaldi/egs/timit/s5/mfcc/raw_mfcc_train.3.ark:139482
FSJW0_SX433 /home/sky/kaldi/egs/timit/s5/mfcc/raw_mfcc_train.3.ark:850064
MDPB0_SX416 /home/sky/kaldi/egs/timit/s5/mfcc/raw_mfcc_train.5.ark:586729
FRLL0_SI1514 /home/sky/kaldi/egs/timit/s5/mfcc/raw_mfcc_train.3.ark:414877
MDBB1_SX106 /home/sky/kaldi/egs/timit/s5/mfcc/raw_mfcc_train.4.ark:1292108
MJMD0_SX38 /home/sky/kaldi/egs/timit/s5/mfcc/raw_mfcc_train.6.ark:1308439
FHLM0_SX300 /home/sky/kaldi/egs/timit/s5/mfcc/raw_mfcc_train.1.ark:1527285
MCXM0_SX271 /home/sky/kaldi/egs/timit/s5/mfcc/raw_mfcc_train.4.ark:1201297
MTPR0_SX340 /home/sky/kaldi/egs/timit/s5/mfcc/raw_mfcc_train.10.ark:826638
MJHI0_SX428 /home/sky/kaldi/egs/timit/s5/mfcc/raw_mfcc_train.6.ark:1020286
FSJS0_SI1171 /home/sky/kaldi/egs/timit/s5/mfcc/raw_mfcc_train.3.ark:789293
FKFB0_SI978 /home/sky/kaldi/egs/timit/s5/mfcc/raw_mfcc_train.2.ark:573403
FCMG0_SI1142 /home/sky/kaldi/egs/timit/s5/mfcc/raw_mfcc_train.1.ark:653672
FEEH0_SI471 /home/sky/kaldi/egs/timit/s5/mfcc/raw_mfcc_train.1.ark:1235086
MRVG0_SI510 /home/sky/kaldi/egs/timit/s5/mfcc/raw_mfcc_train.9.ark:828627
MDEF0_SX393 /home/sky/kaldi/egs/timit/s5/mfcc/raw_mfcc_train.5.ark:26934
MDLC0_SX405 /home/sky/kaldi/egs/timit/s5/mfcc/raw_mfcc_train.5.ark:260534
MMAB1_SX324 /home/sky/kaldi/egs/timit/s5/mfcc/raw_mfcc_train.7.ark:1128915
MRAV0_SI2268 /home/sky/kaldi/egs/timit/s5/mfcc/raw_mfcc_train.8.ark:1068313
MTRR0_SX198 /home/sky/kaldi/egs/timit/s5/mfcc/raw_mfcc_train.10.ark:930222
FSMS1_SI874 /home/sky/kaldi/egs/timit/s5/mfcc/raw_mfcc_train.3.ark:1061218
MWRP0_SI2073 /home/sky/kaldi/egs/timit/s5/mfcc/raw_mfcc_train.10.ark:1391914
MLNS0_SX57 /home/sky/kaldi/egs/timit/s5/mfcc/raw_mfcc_train.7.ark:1037185
FJHK0_SX212 /home/sky/kaldi/egs/timit/s5/mfcc/raw_mfcc_train.2.ark:113561
MHBS0_SX225 /home/sky/kaldi/egs/timit/s5/mfcc/raw_mfcc_train.6.ark:308544
MSTF0_SX406 /home/sky/kaldi/egs/timit/s5/mfcc/raw_mfcc_train.9.ark:1526017
MBBR0_SX155 /home/sky/kaldi/egs/timit/s5/mfcc/raw_mfcc_train.4.ark:335515
MTPP0_SX338 /home/sky/kaldi/egs/timit/s5/mfcc/raw_mfcc_train.10.ark:791104
MARC0_SI558 /home/sky/kaldi/egs/timit/s5/mfcc/raw_mfcc_train.4.ark:236770
MPGR0_SX420 /home/sky/kaldi/egs/timit/s5/mfcc/raw_mfcc_train.8.ark:632722
MDLC1_SX265 /home/sky/kaldi/egs/timit/s5/mfcc/raw_mfcc_train.5.ark:287150
FTLG0_SX123 /home/sky/kaldi/egs/timit/s5/mfcc/raw_mfcc_train.3.ark:1293231
MSRG0_SX51 /home/sky/kaldi/egs/timit/s5/mfcc/raw_mfcc_train.9.ark:1464200
FCLT0_SX358 /home/sky/kaldi/egs/timit/s5/mfcc/raw_mfcc_train.1.ark:642276
MREW1_SX240 /home/sky/kaldi/egs/timit/s5/mfcc/raw_mfcc_train.8.ark:1397109
MGAK0_SI2296 /home/sky/kaldi/egs/timit/s5/mfcc/raw_mfcc_train.5.ark:1433530
FSAH0_SI614 /home/sky/kaldi/egs/timit/s5/mfcc/raw_mfcc_train.3.ark:493252
MSJK0_SX156 /home/sky/kaldi/egs/timit/s5/mfcc/raw_mfcc_train.9.ark:1318346
MDRD0_SX32 /home/sky/kaldi/egs/timit/s5/mfcc/raw_mfcc_train.5.ark:680746
FMJU0_SI759 /home/sky/kaldi/egs/timit/s5/mfcc/raw_mfcc_train.2.ark:1404570
MEWM0_SX358 /home/sky/kaldi/egs/timit/s5/mfcc/raw_mfcc_train.5.ark:1169187
FSJW0_SX163 /home/sky/kaldi/egs/timit/s5/mfcc/raw_mfcc_train.3.ark:838655
MJMA0_SX325 /home/sky/kaldi/egs/timit/s5/mfcc/raw_mfcc_train.6.ark:1278488
MRMS0_SX120 /home/sky/kaldi/egs/timit/s5/mfcc/raw_mfcc_train.9.ark:590932
MKLW0_SI1571 /home/sky/kaldi/egs/timit/s5/mfcc/raw_mfcc_train.7.ark:772472
FJLR0_SX151 /home/sky/kaldi/egs/timit/s5/mfcc/raw_mfcc_train.2.ark:203660
FPAF0_SX424 /home/sky/kaldi/egs/timit/s5/mfcc/raw_mfcc_train.3.ark:215739
MCDC0_SX122 /home/sky/kaldi/egs/timit/s5/mfcc/raw_mfcc_train.4.ark:774305
FCAG0_SX423 /home/sky/kaldi/egs/timit/s5/mfcc/raw_mfcc_train.1.ark:431921
MSMS0_SX83 /home/sky/kaldi/egs/timit/s5/mfcc/raw_mfcc_train.9.ark:1433788
MPRB0_SI575 /home/sky/kaldi/egs/timit/s5/mfcc/raw_mfcc_train.8.ark:770580
MSMS0_SX353 /home/sky/kaldi/egs/timit/s5/mfcc/raw_mfcc_train.9.ark:1426209
MRWA0_SX433 /home/sky/kaldi/egs/timit/s5/mfcc/raw_mfcc_train.9.ark:873627
MRFL0_SI1156 /home/sky/kaldi/egs/timit/s5/mfcc/raw_mfcc_train.8.ark:1443293
MKDT0_SI2153 /home/sky/kaldi/egs/timit/s5/mfcc/raw_mfcc_train.7.ark:548134
MMPM0_SI1061 /home/sky/kaldi/egs/timit/s5/mfcc/raw_mfcc_train.8.ark:158892
MTJU0_SX220 /home/sky/kaldi/egs/timit/s5/mfcc/raw_mfcc_train.10.ark:463693
FCYL0_SX127 /home/sky/kaldi/egs/timit/s5/mfcc/raw_mfcc_train.1.ark:764847
MHMG0_SI735 /home/sky/kaldi/egs/timit/s5/mfcc/raw_mfcc_train.6.ark:386585
MBOM0_SX294 /home/sky/kaldi/egs/timit/s5/mfcc/raw_mfcc_train.4.ark:587028
FMPG0_SX252 /home/sky/kaldi/egs/timit/s5/mfcc/raw_mfcc_train.3.ark:12
FLTM0_SX260 /home/sky/kaldi/egs/timit/s5/mfcc/raw_mfcc_train.2.ark:1209218
MAEO0_SX66 /home/sky/kaldi/egs/timit/s5/mfcc/raw_mfcc_train.4.ark:67681
MJWT0_SI1381 /home/sky/kaldi/egs/timit/s5/mfcc/raw_mfcc_train.7.ark:259914
MSMS0_SI803 /home/sky/kaldi/egs/timit/s5/mfcc/raw_mfcc_train.9.ark:1413916
MTAT1_SX59 /home/sky/kaldi/egs/timit/s5/mfcc/raw_mfcc_train.10.ark:173716
MKLS0_SX87 /home/sky/kaldi/egs/timit/s5/mfcc/raw_mfcc_train.7.ark:737853
FSPM0_SX431 /home/sky/kaldi/egs/timit/s5/mfcc/raw_mfcc_train.3.ark:1114577
FLEH0_SX61 /home/sky/kaldi/egs/timit/s5/mfcc/raw_mfcc_train.2.ark:863743
FDMY0_SX297 /home/sky/kaldi/egs/timit/s5/mfcc/raw_mfcc_train.1.ark:1010735
MMAA0_SX35 /home/sky/kaldi/egs/timit/s5/mfcc/raw_mfcc_train.7.ark:1101850
MFXS0_SX144 /home/sky/kaldi/egs/timit/s5/mfcc/raw_mfcc_train.5.ark:1312421
FBMJ0_SI516 /home/sky/kaldi/egs/timit/s5/mfcc/raw_mfcc_train.1.ark:379841
MRFK0_SX86 /home/sky/kaldi/egs/timit/s5/mfcc/raw_mfcc_train.8.ark:1440269
FPAZ0_SX243 /home/sky/kaldi/egs/timit/s5/mfcc/raw_mfcc_train.3.ark:242211
MRAV0_SI1008 /home/sky/kaldi/egs/timit/s5/mfcc/raw_mfcc_train.8.ark:1061485
FVFB0_SI1510 /home/sky/kaldi/egs/timit/s5/mfcc/raw_mfcc_train.3.ark:1346657
MMDM1_SX63 /home/sky/kaldi/egs/timit/s5/mfcc/raw_mfcc_train.7.ark:1442521
MAKR0_SX92 /home/sky/kaldi/egs/timit/s5/mfcc/raw_mfcc_train.4.ark:193777
MCDC0_SX32 /home/sky/kaldi/egs/timit/s5/mfcc/raw_mfcc_train.4.ark:786662
MDLR0_SX333 /home/sky/kaldi/egs/timit/s5/mfcc/raw_mfcc_train.5.ark:411248
FPJF0_SX56 /home/sky/kaldi/egs/timit/s5/mfcc/raw_mfcc_train.3.ark:285123
MRWS0_SI1102 /home/sky/kaldi/egs/timit/s5/mfcc/raw_mfcc_train.9.ark:881662
FSRH0_SI671 /home/sky/kaldi/egs/timit/s5/mfcc/raw_mfcc_train.3.ark:1126709
MFWK0_SX259 /home/sky/kaldi/egs/timit/s5/mfcc/raw_mfcc_train.5.ark:1285954
MTQC0_SX181 /home/sky/kaldi/egs/timit/s5/mfcc/raw_mfcc_train.10.ark:855671
MESJ0_SX367 /home/sky/kaldi/egs/timit/s5/mfcc/raw_mfcc_train.5.ark:1142378
MRFK0_SX266 /home/sky/kaldi/egs/timit/s5/mfcc/raw_mfcc_train.8.ark:1430135
FDXW0_SX251 /home/sky/kaldi/egs/timit/s5/mfcc/raw_mfcc_train.1.ark:1106705
MTJS0_SX292 /home/sky/kaldi/egs/timit/s5/mfcc/raw_mfcc_train.10.ark:438130
FSDJ0_SI1115 /home/sky/kaldi/egs/timit/s5/mfcc/raw_mfcc_train.3.ark:655932
FVMH0_SX296 /home/sky/kaldi/egs/timit/s5/mfcc/raw_mfcc_train.3.ark:1429564
FSRH0_SX41 /home/sky/kaldi/egs/timit/s5/mfcc/raw_mfcc_train.3.ark:1147751
MREM0_SX61 /home/sky/kaldi/egs/timit/s5/mfcc/raw_mfcc_train.8.ark:1380172
MMAG0_SI496 /home/sky/kaldi/egs/timit/s5/mfcc/raw_mfcc_train.7.ark:1153911
MMSM0_SX296 /home/sky/kaldi/egs/timit/s5/mfcc/raw_mfcc_train.8.ark:252856
FRLL0_SX164 /home/sky/kaldi/egs/timit/s5/mfcc/raw_mfcc_train.3.ark:429094
MHXL0_SX152 /home/sky/kaldi/egs/timit/s5/mfcc/raw_mfcc_train.6.ark:484340
MLEL0_SX166 /home/sky/kaldi/egs/timit/s5/mfcc/raw_mfcc_train.7.ark:913071
FJRB0_SI1302 /home/sky/kaldi/egs/timit/s5/mfcc/raw_mfcc_train.2.ark:224521
MRHL0_SI1515 /home/sky/kaldi/egs/timit/s5/mfcc/raw_mfcc_train.9.ark:47063
MFMC0_SX412 /home/sky/kaldi/egs/timit/s5/mfcc/raw_mfcc_train.5.ark:1232826
MARW0_SX376 /home/sky/kaldi/egs/timit/s5/mfcc/raw_mfcc_train.4.ark:287938
FJEN0_SI1047 /home/sky/kaldi/egs/timit/s5/mfcc/raw_mfcc_train.2.ark:59328
MTAT0_SX30 /home/sky/kaldi/egs/timit/s5/mfcc/raw_mfcc_train.10.ark:130472
MCTM0_SI1350 /home/sky/kaldi/egs/timit/s5/mfcc/raw_mfcc_train.4.ark:1152500
MEAL0_SX377 /home/sky/kaldi/egs/timit/s5/mfcc/raw_mfcc_train.5.ark:928419
FJSK0_SI2312 /home/sky/kaldi/egs/timit/s5/mfcc/raw_mfcc_train.2.ark:307838
MPGR0_SI2040 /home/sky/kaldi/egs/timit/s5/mfcc/raw_mfcc_train.8.ark:617334
MKLR0_SI1689 /home/sky/kaldi/egs/timit/s5/mfcc/raw_mfcc_train.7.ark:682815
MCAL0_SI1768 /home/sky/kaldi/egs/timit/s5/mfcc/raw_mfcc_train.4.ark:737691
MRMG0_SX360 /home/sky/kaldi/egs/timit/s5/mfcc/raw_mfcc_train.9.ark:493585
MTDB0_SX411 /home/sky/kaldi/egs/timit/s5/mfcc/raw_mfcc_train.10.ark:265921
MDNS0_SI2271 /home/sky/kaldi/egs/timit/s5/mfcc/raw_mfcc_train.5.ark:534234
FPAD0_SX176 /home/sky/kaldi/egs/timit/s5/mfcc/raw_mfcc_train.3.ark:168613
FEAR0_SX172 /home/sky/kaldi/egs/timit/s5/mfcc/raw_mfcc_train.1.ark:1164844
FCYL0_SX349 /home/sky/kaldi/egs/timit/s5/mfcc/raw_mfcc_train.1.ark:770464
MILB0_SI807 /home/sky/kaldi/egs/timit/s5/mfcc/raw_mfcc_train.6.ark:510031
MPPC0_SX332 /home/sky/kaldi/egs/timit/s5/mfcc/raw_mfcc_train.8.ark:748392
MHJB0_SX27 /home/sky/kaldi/egs/timit/s5/mfcc/raw_mfcc_train.6.ark:370805
MDEM0_SI1868 /home/sky/kaldi/egs/timit/s5/mfcc/raw_mfcc_train.5.ark:29698
FMKC0_SX352 /home/sky/kaldi/egs/timit/s5/mfcc/raw_mfcc_train.2.ark:1449369
FKFB0_SI2238 /home/sky/kaldi/egs/timit/s5/mfcc/raw_mfcc_train.2.ark:570432
MRTJ0_SX322 /home/sky/kaldi/egs/timit/s5/mfcc/raw_mfcc_train.9.ark:808532
MSAT1_SI1703 /home/sky/kaldi/egs/timit/s5/mfcc/raw_mfcc_train.9.ark:1036305
MRGS0_SX96 /home/sky/kaldi/egs/timit/s5/mfcc/raw_mfcc_train.9.ark:43220
FALR0_SX155 /home/sky/kaldi/egs/timit/s5/mfcc/raw_mfcc_train.1.ark:113197
MRJM1_SX218 /home/sky/kaldi/egs/timit/s5/mfcc/raw_mfcc_train.9.ark:202892
MKES0_SI1253 /home/sky/kaldi/egs/timit/s5/mfcc/raw_mfcc_train.7.ark:582003
FLAC0_SX361 /home/sky/kaldi/egs/timit/s5/mfcc/raw_mfcc_train.2.ark:786772
MMLM0_SX447 /home/sky/kaldi/egs/timit/s5/mfcc/raw_mfcc_train.8.ark:152820
MMAB1_SX234 /home/sky/kaldi/egs/timit/s5/mfcc/raw_mfcc_train.7.ark:1124878
MGSL0_SI797 /home/sky/kaldi/egs/timit/s5/mfcc/raw_mfcc_train.6.ark:228248
MSFH0_SX316 /home/sky/kaldi/egs/timit/s5/mfcc/raw_mfcc_train.9.ark:1255547
MDSJ0_SI832 /home/sky/kaldi/egs/timit/s5/mfcc/raw_mfcc_train.5.ark:697832
MMVP0_SX294 /home/sky/kaldi/egs/timit/s5/mfcc/raw_mfcc_train.8.ark:284783
MDLC0_SI765 /home/sky/kaldi/egs/timit/s5/mfcc/raw_mfcc_train.5.ark:246141
MWDK0_SX266 /home/sky/kaldi/egs/timit/s5/mfcc/raw_mfcc_train.10.ark:1270160
MMXS0_SI876 /home/sky/kaldi/egs/timit/s5/mfcc/raw_mfcc_train.8.ark:406630
FVFB0_SX222 /home/sky/kaldi/egs/timit/s5/mfcc/raw_mfcc_train.3.ark:1357755
MREH1_SI2229 /home/sky/kaldi/egs/timit/s5/mfcc/raw_mfcc_train.8.ark:1321055
MTPG0_SI753 /home/sky/kaldi/egs/timit/s5/mfcc/raw_mfcc_train.10.ark:750674
MCPM0_SX114 /home/sky/kaldi/egs/timit/s5/mfcc/raw_mfcc_train.4.ark:1040118
FBMJ0_SI1776 /home/sky/kaldi/egs/timit/s5/mfcc/raw_mfcc_train.1.ark:374283
MFXV0_SX15 /home/sky/kaldi/egs/timit/s5/mfcc/raw_mfcc_train.5.ark:1351641
FKLC0_SI2245 /home/sky/kaldi/egs/timit/s5/mfcc/raw_mfcc_train.2.ark:639849
MDLH0_SX430 /home/sky/kaldi/egs/timit/s5/mfcc/raw_mfcc_train.5.ark:355189
MMGC0_SI1305 /home/sky/kaldi/egs/timit/s5/mfcc/raw_mfcc_train.8.ark:10301
MDLB0_SX406 /home/sky/kaldi/egs/timit/s5/mfcc/raw_mfcc_train.5.ark:224415
FSAH0_SX74 /home/sky/kaldi/egs/timit/s5/mfcc/raw_mfcc_train.3.ark:516296
MMWS1_SX441 /home/sky/kaldi/egs/timit/s5/mfcc/raw_mfcc_train.8.ark:392276
MSVS0_SX308 /home/sky/kaldi/egs/timit/s5/mfcc/raw_mfcc_train.10.ark:28980
MDLR0_SX63 /home/sky/kaldi/egs/timit/s5/mfcc/raw_mfcc_train.5.ark:421544
MRAB0_SI594 /home/sky/kaldi/egs/timit/s5/mfcc/raw_mfcc_train.8.ark:937953
FSKP0_SI1098 /home/sky/kaldi/egs/timit/s5/mfcc/raw_mfcc_train.3.ark:921042
MHMR0_SX39 /home/sky/kaldi/egs/timit/s5/mfcc/raw_mfcc_train.6.ark:435783
MDLR0_SI603 /home/sky/kaldi/egs/timit/s5/mfcc/raw_mfcc_train.5.ark:399215
MBSB0_SX273 /home/sky/kaldi/egs/timit/s5/mfcc/raw_mfcc_train.4.ark:612403
FHLM0_SX390 /home/sky/kaldi/egs/timit/s5/mfcc/raw_mfcc_train.1.ark:1537062
FCAG0_SX153 /home/sky/kaldi/egs/timit/s5/mfcc/raw_mfcc_train.1.ark:418679
MTXS0_SX160 /home/sky/kaldi/egs/timit/s5/mfcc/raw_mfcc_train.10.ark:1016051
MJJM0_SI827 /home/sky/kaldi/egs/timit/s5/mfcc/raw_mfcc_train.6.ark:1109545
FJEN0_SX417 /home/sky/kaldi/egs/timit/s5/mfcc/raw_mfcc_train.2.ark:86958
MHJB0_SX117 /home/sky/kaldi/egs/timit/s5/mfcc/raw_mfcc_train.6.ark:365670
FDKN0_SX181 /home/sky/kaldi/egs/timit/s5/mfcc/raw_mfcc_train.1.ark:924216
MJFH0_SX27 /home/sky/kaldi/egs/timit/s5/mfcc/raw_mfcc_train.6.ark:952123
MKDT0_SX353 /home/sky/kaldi/egs/timit/s5/mfcc/raw_mfcc_train.7.ark:569619
FLHD0_SX444 /home/sky/kaldi/egs/timit/s5/mfcc/raw_mfcc_train.2.ark:921247
MPMB0_SX61 /home/sky/kaldi/egs/timit/s5/mfcc/raw_mfcc_train.8.ark:721776
MDLC1_SI2065 /home/sky/kaldi/egs/timit/s5/mfcc/raw_mfcc_train.5.ark:274518
FCKE0_SX121 /home/sky/kaldi/egs/timit/s5/mfcc/raw_mfcc_train.1.ark:606832
FTMG0_SI902 /home/sky/kaldi/egs/timit/s5/mfcc/raw_mfcc_train.3.ark:1317084
MREW1_SI1500 /home/sky/kaldi/egs/timit/s5/mfcc/raw_mfcc_train.8.ark:1384249
FVMH0_SX206 /home/sky/kaldi/egs/timit/s5/mfcc/raw_mfcc_train.3.ark:1422752
MCTM0_SI1980 /home/sky/kaldi/egs/timit/s5/mfcc/raw_mfcc_train.4.ark:1158059
MEJS0_SI610 /home/sky/kaldi/egs/timit/s5/mfcc/raw_mfcc_train.5.ark:1068039
MRHL0_SX435 /home/sky/kaldi/egs/timit/s5/mfcc/raw_mfcc_train.9.ark:68985
MRRE0_SX344 /home/sky/kaldi/egs/timit/s5/mfcc/raw_mfcc_train.9.ark:660389
MJEB0_SI656 /home/sky/kaldi/egs/timit/s5/mfcc/raw_mfcc_train.6.ark:844292
MAKR0_SX452 /home/sky/kaldi/egs/timit/s5/mfcc/raw_mfcc_train.4.ark:190235
FGCS0_SI856 /home/sky/kaldi/egs/timit/s5/mfcc/raw_mfcc_train.1.ark:1371841
MCPM0_SX24 /home/sky/kaldi/egs/timit/s5/mfcc/raw_mfcc_train.4.ark:1046982
MJKR0_SI1201 /home/sky/kaldi/egs/timit/s5/mfcc/raw_mfcc_train.6.ark:1131037
MRRE0_SX434 /home/sky/kaldi/egs/timit/s5/mfcc/raw_mfcc_train.9.ark:663906
FAJW0_SX273 /home/sky/kaldi/egs/timit/s5/mfcc/raw_mfcc_train.1.ark:53477
MMBS0_SX251 /home/sky/kaldi/egs/timit/s5/mfcc/raw_mfcc_train.7.ark:1266677
MJPG0_SI561 /home/sky/kaldi/egs/timit/s5/mfcc/raw_mfcc_train.6.ark:1354962
FPAF0_SX154 /home/sky/kaldi/egs/timit/s5/mfcc/raw_mfcc_train.3.ark:203563
MWRE0_SX67 /home/sky/kaldi/egs/timit/s5/mfcc/raw_mfcc_train.10.ark:1376953
MRWS0_SX292 /home/sky/kaldi/egs/timit/s5/mfcc/raw_mfcc_train.9.ark:901841
MREW1_SI870 /home/sky/kaldi/egs/timit/s5/mfcc/raw_mfcc_train.8.ark:1389503
MTXS0_SI2320 /home/sky/kaldi/egs/timit/s5/mfcc/raw_mfcc_train.10.ark:1010038
MDPK0_SI552 /home/sky/kaldi/egs/timit/s5/mfcc/raw_mfcc_train.5.ark:601175
MGAF0_SI652 /home/sky/kaldi/egs/timit/s5/mfcc/raw_mfcc_train.5.ark:1375917
FRJB0_SX257 /home/sky/kaldi/egs/timit/s5/mfcc/raw_mfcc_train.3.ark:398066
MDLC0_SX135 /home/sky/kaldi/egs/timit/s5/mfcc/raw_mfcc_train.5.ark:249190
MTWH1_SX162 /home/sky/kaldi/egs/timit/s5/mfcc/raw_mfcc_train.10.ark:983779
MRKM0_SI1267 /home/sky/kaldi/egs/timit/s5/mfcc/raw_mfcc_train.9.ark:253391
MRCG0_SI2058 /home/sky/kaldi/egs/timit/s5/mfcc/raw_mfcc_train.8.ark:1128181
MKES0_SX83 /home/sky/kaldi/egs/timit/s5/mfcc/raw_mfcc_train.7.ark:613772
MEGJ0_SX77 /home/sky/kaldi/egs/timit/s5/mfcc/raw_mfcc_train.5.ark:1026281
MTRC0_SX93 /home/sky/kaldi/egs/timit/s5/mfcc/raw_mfcc_train.10.ark:907975
MDSS1_SX337 /home/sky/kaldi/egs/timit/s5/mfcc/raw_mfcc_train.5.ark:767270
MJLG1_SI2272 /home/sky/kaldi/egs/timit/s5/mfcc/raw_mfcc_train.6.ark:1201588
FCRZ0_SX73 /home/sky/kaldi/egs/timit/s5/mfcc/raw_mfcc_train.1.ark:746513
MBMA0_SX232 /home/sky/kaldi/egs/timit/s5/mfcc/raw_mfcc_train.4.ark:490168
MMLM0_SX357 /home/sky/kaldi/egs/timit/s5/mfcc/raw_mfcc_train.8.ark:148822
MMWS1_SX351 /home/sky/kaldi/egs/timit/s5/mfcc/raw_mfcc_train.8.ark:388122
FCAJ0_SX129 /home/sky/kaldi/egs/timit/s5/mfcc/raw_mfcc_train.1.ark:449013
MRJM0_SX328 /home/sky/kaldi/egs/timit/s5/mfcc/raw_mfcc_train.9.ark:172617
MRLR0_SX206 /home/sky/kaldi/egs/timit/s5/mfcc/raw_mfcc_train.9.ark:429113
MLNS0_SX417 /home/sky/kaldi/egs/timit/s5/mfcc/raw_mfcc_train.7.ark:1032694
FLJD0_SI1516 /home/sky/kaldi/egs/timit/s5/mfcc/raw_mfcc_train.2.ark:964609
MJEB0_SX26 /home/sky/kaldi/egs/timit/s5/mfcc/raw_mfcc_train.6.ark:858079
FCEG0_SI1248 /home/sky/kaldi/egs/timit/s5/mfcc/raw_mfcc_train.1.ark:509841
MRTJ0_SI1551 /home/sky/kaldi/egs/timit/s5/mfcc/raw_mfcc_train.9.ark:781001
MPRT0_SX40 /home/sky/kaldi/egs/timit/s5/mfcc/raw_mfcc_train.8.ark:895954
MJRP0_SX135 /home/sky/kaldi/egs/timit/s5/mfcc/raw_mfcc_train.7.ark:122824
MJFR0_SI2235 /home/sky/kaldi/egs/timit/s5/mfcc/raw_mfcc_train.6.ark:965179
MRLR0_SX296 /home/sky/kaldi/egs/timit/s5/mfcc/raw_mfcc_train.9.ark:436731
FREH0_SI685 /home/sky/kaldi/egs/timit/s5/mfcc/raw_mfcc_train.3.ark:366300
FMJU0_SI2019 /home/sky/kaldi/egs/timit/s5/mfcc/raw_mfcc_train.2.ark:1401885
MDSS0_SX351 /home/sky/kaldi/egs/timit/s5/mfcc/raw_mfcc_train.5.ark:737690
MSAH1_SX239 /home/sky/kaldi/egs/timit/s5/mfcc/raw_mfcc_train.9.ark:955815
FDNC0_SI2287 /home/sky/kaldi/egs/timit/s5/mfcc/raw_mfcc_train.1.ark:1033399
MDWH0_SX395 /home/sky/kaldi/egs/timit/s5/mfcc/raw_mfcc_train.5.ark:868361
MTRT0_SX417 /home/sky/kaldi/egs/timit/s5/mfcc/raw_mfcc_train.10.ark:965998
MJRG0_SX352 /home/sky/kaldi/egs/timit/s5/mfcc/raw_mfcc_train.7.ark:7643
MREM0_SX331 /home/sky/kaldi/egs/timit/s5/mfcc/raw_mfcc_train.8.ark:1372099
MEJS0_SX70 /home/sky/kaldi/egs/timit/s5/mfcc/raw_mfcc_train.5.ark:1089445
MDMA0_SX80 /home/sky/kaldi/egs/timit/s5/mfcc/raw_mfcc_train.5.ark:494628
FLAG0_SI834 /home/sky/kaldi/egs/timit/s5/mfcc/raw_mfcc_train.2.ark:807946
MTXS0_SI1690 /home/sky/kaldi/egs/timit/s5/mfcc/raw_mfcc_train.10.ark:1007690
FKFB0_SX438 /home/sky/kaldi/egs/timit/s5/mfcc/raw_mfcc_train.2.ark:590812
FDJH0_SX215 /home/sky/kaldi/egs/timit/s5/mfcc/raw_mfcc_train.1.ark:896215
MRMS0_SI1113 /home/sky/kaldi/egs/timit/s5/mfcc/raw_mfcc_train.9.ark:576908
MCTM0_SX360 /home/sky/kaldi/egs/timit/s5/mfcc/raw_mfcc_train.4.ark:1173362
MGAR0_SI1212 /home/sky/kaldi/egs/timit/s5/mfcc/raw_mfcc_train.5.ark:1459533
FLJG0_SX81 /home/sky/kaldi/egs/timit/s5/mfcc/raw_mfcc_train.2.ark:1031379
MDAC0_SX451 /home/sky/kaldi/egs/timit/s5/mfcc/raw_mfcc_train.4.ark:1241564
MEJL0_SI1654 /home/sky/kaldi/egs/timit/s5/mfcc/raw_mfcc_train.5.ark:1034032
MSRG0_SI1221 /home/sky/kaldi/egs/timit/s5/mfcc/raw_mfcc_train.9.ark:1437228
MDRD0_SI2012 /home/sky/kaldi/egs/timit/s5/mfcc/raw_mfcc_train.5.ark:656051
MMWB0_SX449 /home/sky/kaldi/egs/timit/s5/mfcc/raw_mfcc_train.8.ark:330907
MSMR0_SI775 /home/sky/kaldi/egs/timit/s5/mfcc/raw_mfcc_train.9.ark:1383465
MTKD0_SI1187 /home/sky/kaldi/egs/timit/s5/mfcc/raw_mfcc_train.10.ark:479282
MMAG0_SX136 /home/sky/kaldi/egs/timit/s5/mfcc/raw_mfcc_train.7.ark:1157870
FSAG0_SX63 /home/sky/kaldi/egs/timit/s5/mfcc/raw_mfcc_train.3.ark:480320
FEME0_SX245 /home/sky/kaldi/egs/timit/s5/mfcc/raw_mfcc_train.1.ark:1277511
MBAR0_SI689 /home/sky/kaldi/egs/timit/s5/mfcc/raw_mfcc_train.4.ark:298660
MDPS0_SI1651 /home/sky/kaldi/egs/timit/s5/mfcc/raw_mfcc_train.5.ark:623018
MRDD0_SX277 /home/sky/kaldi/egs/timit/s5/mfcc/raw_mfcc_train.8.ark:1209340
MKAM0_SX56 /home/sky/kaldi/egs/timit/s5/mfcc/raw_mfcc_train.7.ark:479594
FSKL0_SI2159 /home/sky/kaldi/egs/timit/s5/mfcc/raw_mfcc_train.3.ark:892523
FSLS0_SX202 /home/sky/kaldi/egs/timit/s5/mfcc/raw_mfcc_train.3.ark:969905
MRAB0_SX324 /home/sky/kaldi/egs/timit/s5/mfcc/raw_mfcc_train.8.ark:947854
FBCG1_SI1612 /home/sky/kaldi/egs/timit/s5/mfcc/raw_mfcc_train.1.ark:207117
FSGF0_SI927 /home/sky/kaldi/egs/timit/s5/mfcc/raw_mfcc_train.3.ark:693431
MGAW0_SI1802 /home/sky/kaldi/egs/timit/s5/mfcc/raw_mfcc_train.6.ark:30431
MJRP0_SI585 /home/sky/kaldi/egs/timit/s5/mfcc/raw_mfcc_train.7.ark:118878
MJDE0_SI490 /home/sky/kaldi/egs/timit/s5/mfcc/raw_mfcc_train.6.ark:737130
MJLG1_SX382 /home/sky/kaldi/egs/timit/s5/mfcc/raw_mfcc_train.6.ark:1220160
MMRP0_SI2034 /home/sky/kaldi/egs/timit/s5/mfcc/raw_mfcc_train.8.ark:191658
FLJA0_SX358 /home/sky/kaldi/egs/timit/s5/mfcc/raw_mfcc_train.2.ark:952147
FDTD0_SI931 /home/sky/kaldi/egs/timit/s5/mfcc/raw_mfcc_train.1.ark:1065839
MJWG0_SI2155 /home/sky/kaldi/egs/timit/s5/mfcc/raw_mfcc_train.7.ark:181156
FSRH0_SI1931 /home/sky/kaldi/egs/timit/s5/mfcc/raw_mfcc_train.3.ark:1123322
MJWT0_SI1291 /home/sky/kaldi/egs/timit/s5/mfcc/raw_mfcc_train.7.ark:253653
MTDP0_SI1521 /home/sky/kaldi/egs/timit/s5/mfcc/raw_mfcc_train.10.ark:276057
MJWG0_SX85 /home/sky/kaldi/egs/timit/s5/mfcc/raw_mfcc_train.7.ark:215394
MDNS0_SI873 /home/sky/kaldi/egs/timit/s5/mfcc/raw_mfcc_train.5.ark:536958
MKAJ0_SX334 /home/sky/kaldi/egs/timit/s5/mfcc/raw_mfcc_train.7.ark:439938
MDLR0_SX243 /home/sky/kaldi/egs/timit/s5/mfcc/raw_mfcc_train.5.ark:407042
MPRT0_SI495 /home/sky/kaldi/egs/timit/s5/mfcc/raw_mfcc_train.8.ark:879241
MDLR1_SX39 /home/sky/kaldi/egs/timit/s5/mfcc/raw_mfcc_train.5.ark:451897
MGRP0_SX147 /home/sky/kaldi/egs/timit/s5/mfcc/raw_mfcc_train.6.ark:163430
MTKP0_SI2283 /home/sky/kaldi/egs/timit/s5/mfcc/raw_mfcc_train.10.ark:518698
FMJU0_SX309 /home/sky/kaldi/egs/timit/s5/mfcc/raw_mfcc_train.2.ark:1417279
FSKC0_SI786 /home/sky/kaldi/egs/timit/s5/mfcc/raw_mfcc_train.3.ark:866954
MRGS0_SX6 /home/sky/kaldi/egs/timit/s5/mfcc/raw_mfcc_train.9.ark:37286
FSMM0_SX144 /home/sky/kaldi/egs/timit/s5/mfcc/raw_mfcc_train.3.ark:1029890
MRAB1_SX218 /home/sky/kaldi/egs/timit/s5/mfcc/raw_mfcc_train.8.ark:977960
MMPM0_SX431 /home/sky/kaldi/egs/timit/s5/mfcc/raw_mfcc_train.8.ark:184117
FHXS0_SX355 /home/sky/kaldi/egs/timit/s5/mfcc/raw_mfcc_train.2.ark:13515
MDSS1_SX427 /home/sky/kaldi/egs/timit/s5/mfcc/raw_mfcc_train.5.ark:770657
MRMB0_SX411 /home/sky/kaldi/egs/timit/s5/mfcc/raw_mfcc_train.9.ark:466377
FJRB0_SX132 /home/sky/kaldi/egs/timit/s5/mfcc/raw_mfcc_train.2.ark:234670
FKAA0_SX308 /home/sky/kaldi/egs/timit/s5/mfcc/raw_mfcc_train.2.ark:481342
MJWS0_SX423 /home/sky/kaldi/egs/timit/s5/mfcc/raw_mfcc_train.7.ark:244903
MPMB0_SX151 /home/sky/kaldi/egs/timit/s5/mfcc/raw_mfcc_train.8.ark:698024
FCMG0_SX72 /home/sky/kaldi/egs/timit/s5/mfcc/raw_mfcc_train.1.ark:685572
MMEA0_SI758 /home/sky/kaldi/egs/timit/s5/mfcc/raw_mfcc_train.7.ark:1478429
MJDE0_SX400 /home/sky/kaldi/egs/timit/s5/mfcc/raw_mfcc_train.6.ark:764399
MARW0_SX16 /home/sky/kaldi/egs/timit/s5/mfcc/raw_mfcc_train.4.ark:271810
MJXA0_SI1507 /home/sky/kaldi/egs/timit/s5/mfcc/raw_mfcc_train.7.ark:289603
MFRM0_SX75 /home/sky/kaldi/egs/timit/s5/mfcc/raw_mfcc_train.5.ark:1268874
FMPG0_SX162 /home/sky/kaldi/egs/timit/s5/mfcc/raw_mfcc_train.2.ark:1545202
FBCG1_SX172 /home/sky/kaldi/egs/timit/s5/mfcc/raw_mfcc_train.1.ark:217292
MRVG0_SX60 /home/sky/kaldi/egs/timit/s5/mfcc/raw_mfcc_train.9.ark:846471
FSMM0_SX324 /home/sky/kaldi/egs/timit/s5/mfcc/raw_mfcc_train.3.ark:1038458
MTAT0_SI1740 /home/sky/kaldi/egs/timit/s5/mfcc/raw_mfcc_train.10.ark:113649
MSMS0_SX443 /home/sky/kaldi/egs/timit/s5/mfcc/raw_mfcc_train.9.ark:1430103
MJWT0_SX301 /home/sky/kaldi/egs/timit/s5/mfcc/raw_mfcc_train.7.ark:278571
FNTB0_SX123 /home/sky/kaldi/egs/timit/s5/mfcc/raw_mfcc_train.3.ark:64858
MDAS0_SX186 /home/sky/kaldi/egs/timit/s5/mfcc/raw_mfcc_train.4.ark:1263986
MEJL0_SX332 /home/sky/kaldi/egs/timit/s5/mfcc/raw_mfcc_train.5.ark:1047593
FJSK0_SX62 /home/sky/kaldi/egs/timit/s5/mfcc/raw_mfcc_train.2.ark:327710
MRLJ1_SI2332 /home/sky/kaldi/egs/timit/s5/mfcc/raw_mfcc_train.9.ark:360917
MKLN0_SX338 /home/sky/kaldi/egs/timit/s5/mfcc/raw_mfcc_train.7.ark:665067
FKKH0_SX300 /home/sky/kaldi/egs/timit/s5/mfcc/raw_mfcc_train.2.ark:629790
FDML0_SI2075 /home/sky/kaldi/egs/timit/s5/mfcc/raw_mfcc_train.1.ark:956169
MVJH0_SX386 /home/sky/kaldi/egs/timit/s5/mfcc/raw_mfcc_train.10.ark:1067017
FKAA0_SI578 /home/sky/kaldi/egs/timit/s5/mfcc/raw_mfcc_train.2.ark:468685
MILB0_SX3 /home/sky/kaldi/egs/timit/s5/mfcc/raw_mfcc_train.6.ark:527204
MTDP0_SI1274 /home/sky/kaldi/egs/timit/s5/mfcc/raw_mfcc_train.10.ark:273670
MKJO0_SX257 /home/sky/kaldi/egs/timit/s5/mfcc/raw_mfcc_train.7.ark:632061
FALK0_SX96 /home/sky/kaldi/egs/timit/s5/mfcc/raw_mfcc_train.1.ark:97372
MRDM0_SX65 /home/sky/kaldi/egs/timit/s5/mfcc/raw_mfcc_train.8.ark:1250048
MRCW0_SX21 /home/sky/kaldi/egs/timit/s5/mfcc/raw_mfcc_train.8.ark:1181851
MRAM0_SI1905 /home/sky/kaldi/egs/timit/s5/mfcc/raw_mfcc_train.8.ark:1034096
MSJK0_SI1596 /home/sky/kaldi/egs/timit/s5/mfcc/raw_mfcc_train.9.ark:1305402
FJRP1_SI1432 /home/sky/kaldi/egs/timit/s5/mfcc/raw_mfcc_train.2.ark:256610
MMWS0_SI888 /home/sky/kaldi/egs/timit/s5/mfcc/raw_mfcc_train.8.ark:348186
FLJG0_SI1611 /home/sky/kaldi/egs/timit/s5/mfcc/raw_mfcc_train.2.ark:996841
MRAB1_SX38 /home/sky/kaldi/egs/timit/s5/mfcc/raw_mfcc_train.8.ark:986267
MMSM0_SI1736 /home/sky/kaldi/egs/timit/s5/mfcc/raw_mfcc_train.8.ark:232152
MWSH0_SI1426 /home/sky/kaldi/egs/timit/s5/mfcc/raw_mfcc_train.10.ark:1443229
FMBG0_SI2264 /home/sky/kaldi/egs/timit/s5/mfcc/raw_mfcc_train.2.ark:1269366
FKLC1_SI2308 /home/sky/kaldi/egs/timit/s5/mfcc/raw_mfcc_train.2.ark:679889
MCLM0_SX106 /home/sky/kaldi/egs/timit/s5/mfcc/raw_mfcc_train.4.ark:1010044
MMDM0_SI1311 /home/sky/kaldi/egs/timit/s5/mfcc/raw_mfcc_train.7.ark:1380392
FBCH0_SX146 /home/sky/kaldi/egs/timit/s5/mfcc/raw_mfcc_train.1.ark:254177
MREW1_SI2130 /home/sky/kaldi/egs/timit/s5/mfcc/raw_mfcc_train.8.ark:1387663
FPAF0_SI2314 /home/sky/kaldi/egs/timit/s5/mfcc/raw_mfcc_train.3.ark:201008
MTER0_SX167 /home/sky/kaldi/egs/timit/s5/mfcc/raw_mfcc_train.10.ark:326205
MDPS0_SX359 /home/sky/kaldi/egs/timit/s5/mfcc/raw_mfcc_train.5.ark:640279
FBJL0_SI1552 /home/sky/kaldi/egs/timit/s5/mfcc/raw_mfcc_train.1.ark:274856
MWAC0_SI1601 /home/sky/kaldi/egs/timit/s5/mfcc/raw_mfcc_train.10.ark:1129396
MJMM0_SI1885 /home/sky/kaldi/egs/timit/s5/mfcc/raw_mfcc_train.6.ark:1321904
FPAC0_SI661 /home/sky/kaldi/egs/timit/s5/mfcc/raw_mfcc_train.3.ark:129029
FTBR0_SX111 /home/sky/kaldi/egs/timit/s5/mfcc/raw_mfcc_train.3.ark:1228118
FSSB0_SI1082 /home/sky/kaldi/egs/timit/s5/mfcc/raw_mfcc_train.3.ark:1152595
MAKB0_SI1646 /home/sky/kaldi/egs/timit/s5/mfcc/raw_mfcc_train.4.ark:141925
FBJL0_SI922 /home/sky/kaldi/egs/timit/s5/mfcc/raw_mfcc_train.1.ark:282294
FJSP0_SI1434 /home/sky/kaldi/egs/timit/s5/mfcc/raw_mfcc_train.2.ark:331371
MAEB0_SX270 /home/sky/kaldi/egs/timit/s5/mfcc/raw_mfcc_train.4.ark:24833
MJJJ0_SX443 /home/sky/kaldi/egs/timit/s5/mfcc/raw_mfcc_train.6.ark:1091082
MRDS0_SX357 /home/sky/kaldi/egs/timit/s5/mfcc/raw_mfcc_train.8.ark:1271412
FSLS0_SX156 /home/sky/kaldi/egs/timit/s5/mfcc/raw_mfcc_train.3.ark:965257
MRLD0_SX424 /home/sky/kaldi/egs/timit/s5/mfcc/raw_mfcc_train.9.ark:315850
MJJM0_SX197 /home/sky/kaldi/egs/timit/s5/mfcc/raw_mfcc_train.6.ark:1119471
MCDD0_SI883 /home/sky/kaldi/egs/timit/s5/mfcc/raw_mfcc_train.4.ark:800940
FLMK0_SX135 /home/sky/kaldi/egs/timit/s5/mfcc/raw_mfcc_train.2.ark:1145746
FJLG0_SI1889 /home/sky/kaldi/egs/timit/s5/mfcc/raw_mfcc_train.2.ark:161975
MDWH0_SX125 /home/sky/kaldi/egs/timit/s5/mfcc/raw_mfcc_train.5.ark:851226
MRWS0_SX382 /home/sky/kaldi/egs/timit/s5/mfcc/raw_mfcc_train.9.ark:906112
MMWS1_SI2331 /home/sky/kaldi/egs/timit/s5/mfcc/raw_mfcc_train.8.ark:380237
MBBR0_SX245 /home/sky/kaldi/egs/timit/s5/mfcc/raw_mfcc_train.4.ark:339669
FJDM2_SX52 /home/sky/kaldi/egs/timit/s5/mfcc/raw_mfcc_train.2.ark:55056
MTBC0_SX273 /home/sky/kaldi/egs/timit/s5/mfcc/raw_mfcc_train.10.ark:192577
MKES0_SI1883 /home/sky/kaldi/egs/timit/s5/mfcc/raw_mfcc_train.7.ark:586301
MTRC0_SX170 /home/sky/kaldi/egs/timit/s5/mfcc/raw_mfcc_train.10.ark:893609
MJRH0_SI1125 /home/sky/kaldi/egs/timit/s5/mfcc/raw_mfcc_train.7.ark:17174
MKLS0_SI1533 /home/sky/kaldi/egs/timit/s5/mfcc/raw_mfcc_train.7.ark:713293
MTDB0_SI1401 /home/sky/kaldi/egs/timit/s5/mfcc/raw_mfcc_train.10.ark:240840
MZMB0_SX266 /home/sky/kaldi/egs/timit/s5/mfcc/raw_mfcc_train.10.ark:1499111
MJDE0_SX40 /home/sky/kaldi/egs/timit/s5/mfcc/raw_mfcc_train.6.ark:759426
MLJH0_SX244 /home/sky/kaldi/egs/timit/s5/mfcc/raw_mfcc_train.7.ark:992401
MJXL0_SI1172 /home/sky/kaldi/egs/timit/s5/mfcc/raw_mfcc_train.7.ark:320210
MWRP0_SI1443 /home/sky/kaldi/egs/timit/s5/mfcc/raw_mfcc_train.10.ark:1382928
FTAJ0_SI474 /home/sky/kaldi/egs/timit/s5/mfcc/raw_mfcc_train.3.ark:1190685
