MBMA0_SI592 /home/sky/kaldi/egs/timit/s5/mfcc/raw_mfcc_train.4.ark:483719
FPAB1_SX31 /home/sky/kaldi/egs/timit/s5/mfcc/raw_mfcc_train.3.ark:113295
FBAS0_SX307 /home/sky/kaldi/egs/timit/s5/mfcc/raw_mfcc_train.1.ark:196878
MTAT1_SI779 /home/sky/kaldi/egs/timit/s5/mfcc/raw_mfcc_train.10.ark:146317
FBJL0_SX202 /home/sky/kaldi/egs/timit/s5/mfcc/raw_mfcc_train.1.ark:292266
FSJK1_SX395 /home/sky/kaldi/egs/timit/s5/mfcc/raw_mfcc_train.3.ark:785671
MJDA0_SI1031 /home/sky/kaldi/egs/timit/s5/mfcc/raw_mfcc_train.6.ark:667984
MRAB0_SI594 /home/sky/kaldi/egs/timit/s5/mfcc/raw_mfcc_train.8.ark:937953
MDMA0_SX170 /home/sky/kaldi/egs/timit/s5/mfcc/raw_mfcc_train.5.ark:471123
FCKE0_SX391 /home/sky/kaldi/egs/timit/s5/mfcc/raw_mfcc_train.1.ark:619508
MJJB0_SX239 /home/sky/kaldi/egs/timit/s5/mfcc/raw_mfcc_train.6.ark:1045238
FEEH0_SX392 /home/sky/kaldi/egs/timit/s5/mfcc/raw_mfcc_train.1.ark:1254971
MBBR0_SX65 /home/sky/kaldi/egs/timit/s5/mfcc/raw_mfcc_train.4.ark:351038
MHJB0_SX297 /home/sky/kaldi/egs/timit/s5/mfcc/raw_mfcc_train.6.ark:373490
MJMD0_SX308 /home/sky/kaldi/egs/timit/s5/mfcc/raw_mfcc_train.6.ark:1305040
FPJF0_SX56 /home/sky/kaldi/egs/timit/s5/mfcc/raw_mfcc_train.3.ark:285123
FLET0_SX417 /home/sky/kaldi/egs/timit/s5/mfcc/raw_mfcc_train.2.ark:891575
MDLH0_SI574 /home/sky/kaldi/egs/timit/s5/mfcc/raw_mfcc_train.5.ark:333028
MDLC2_SX264 /home/sky/kaldi/egs/timit/s5/mfcc/raw_mfcc_train.5.ark:314078
MCEW0_SI812 /home/sky/kaldi/egs/timit/s5/mfcc/raw_mfcc_train.4.ark:900028
MRAB0_SX144 /home/sky/kaldi/egs/timit/s5/mfcc/raw_mfcc_train.8.ark:940729
MDLB0_SI676 /home/sky/kaldi/egs/timit/s5/mfcc/raw_mfcc_train.5.ark:206785
FRJB0_SI1427 /home/sky/kaldi/egs/timit/s5/mfcc/raw_mfcc_train.3.ark:385140
MSAT1_SX353 /home/sky/kaldi/egs/timit/s5/mfcc/raw_mfcc_train.9.ark:1051804
MDNS0_SX291 /home/sky/kaldi/egs/timit/s5/mfcc/raw_mfcc_train.5.ark:553248
MDRD0_SI1382 /home/sky/kaldi/egs/timit/s5/mfcc/raw_mfcc_train.5.ark:652598
MBWP0_SI1969 /home/sky/kaldi/egs/timit/s5/mfcc/raw_mfcc_train.4.ark:659007
MKXL0_SX105 /home/sky/kaldi/egs/timit/s5/mfcc/raw_mfcc_train.7.ark:851493
FTBW0_SX355 /home/sky/kaldi/egs/timit/s5/mfcc/raw_mfcc_train.3.ark:1267163
FLJA0_SX268 /home/sky/kaldi/egs/timit/s5/mfcc/raw_mfcc_train.2.ark:947135
MJEB0_SX26 /home/sky/kaldi/egs/timit/s5/mfcc/raw_mfcc_train.6.ark:858079
MKLS0_SX267 /home/sky/kaldi/egs/timit/s5/mfcc/raw_mfcc_train.7.ark:724339
MREH1_SI969 /home/sky/kaldi/egs/timit/s5/mfcc/raw_mfcc_train.8.ark:1323623
MCDC0_SI662 /home/sky/kaldi/egs/timit/s5/mfcc/raw_mfcc_train.4.ark:770788
MKAH0_SX448 /home/sky/kaldi/egs/timit/s5/mfcc/raw_mfcc_train.7.ark:412848
FJLR0_SI1861 /home/sky/kaldi/egs/timit/s5/mfcc/raw_mfcc_train.2.ark:197588
FAPB0_SI2323 /home/sky/kaldi/egs/timit/s5/mfcc/raw_mfcc_train.1.ark:141081
FBCG1_SI2242 /home/sky/kaldi/egs/timit/s5/mfcc/raw_mfcc_train.1.ark:209179
FBCH0_SX146 /home/sky/kaldi/egs/timit/s5/mfcc/raw_mfcc_train.1.ark:254177
FKLC1_SI1048 /home/sky/kaldi/egs/timit/s5/mfcc/raw_mfcc_train.2.ark:671254
MJJB0_SX59 /home/sky/kaldi/egs/timit/s5/mfcc/raw_mfcc_train.6.ark:1058674
MJRH0_SI1125 /home/sky/kaldi/egs/timit/s5/mfcc/raw_mfcc_train.7.ark:17174
MLBC0_SI1869 /home/sky/kaldi/egs/timit/s5/mfcc/raw_mfcc_train.7.ark:873454
MTMT0_SX38 /home/sky/kaldi/egs/timit/s5/mfcc/raw_mfcc_train.10.ark:704619
MDEM0_SX338 /home/sky/kaldi/egs/timit/s5/mfcc/raw_mfcc_train.5.ark:54277
MJMM0_SX175 /home/sky/kaldi/egs/timit/s5/mfcc/raw_mfcc_train.6.ark:1327911
FAPB0_SI1693 /home/sky/kaldi/egs/timit/s5/mfcc/raw_mfcc_train.1.ark:137498
MTRC0_SI993 /home/sky/kaldi/egs/timit/s5/mfcc/raw_mfcc_train.10.ark:890924
FREH0_SX55 /home/sky/kaldi/egs/timit/s5/mfcc/raw_mfcc_train.3.ark:381388
MTPR0_SX250 /home/sky/kaldi/egs/timit/s5/mfcc/raw_mfcc_train.10.ark:821873
FSMA0_SI2251 /home/sky/kaldi/egs/timit/s5/mfcc/raw_mfcc_train.3.ark:986282
MAPV0_SI1923 /home/sky/kaldi/egs/timit/s5/mfcc/raw_mfcc_train.4.ark:203101
MRLJ1_SX411 /home/sky/kaldi/egs/timit/s5/mfcc/raw_mfcc_train.9.ark:373217
MTJM0_SX416 /home/sky/kaldi/egs/timit/s5/mfcc/raw_mfcc_train.10.ark:403351
MHBS0_SX405 /home/sky/kaldi/egs/timit/s5/mfcc/raw_mfcc_train.6.ark:314421
FLKM0_SX350 /home/sky/kaldi/egs/timit/s5/mfcc/raw_mfcc_train.2.ark:1057097
MWSB0_SX276 /home/sky/kaldi/egs/timit/s5/mfcc/raw_mfcc_train.10.ark:1429904
MRJT0_SX58 /home/sky/kaldi/egs/timit/s5/mfcc/raw_mfcc_train.9.ark:248001
FBMJ0_SX156 /home/sky/kaldi/egs/timit/s5/mfcc/raw_mfcc_train.1.ark:388500
MKLW0_SX401 /home/sky/kaldi/egs/timit/s5/mfcc/raw_mfcc_train.7.ark:797671
MCTH0_SI1839 /home/sky/kaldi/egs/timit/s5/mfcc/raw_mfcc_train.4.ark:1125593
FLJD0_SI2146 /home/sky/kaldi/egs/timit/s5/mfcc/raw_mfcc_train.2.ark:971208
MBEF0_SX381 /home/sky/kaldi/egs/timit/s5/mfcc/raw_mfcc_train.4.ark:408065
MRAI0_SX432 /home/sky/kaldi/egs/timit/s5/mfcc/raw_mfcc_train.8.ark:1021035
MDMA0_SX80 /home/sky/kaldi/egs/timit/s5/mfcc/raw_mfcc_train.5.ark:494628
MVLO0_SX247 /home/sky/kaldi/egs/timit/s5/mfcc/raw_mfcc_train.10.ark:1086138
MKLW0_SX221 /home/sky/kaldi/egs/timit/s5/mfcc/raw_mfcc_train.7.ark:787426
MDSJ0_SX438 /home/sky/kaldi/egs/timit/s5/mfcc/raw_mfcc_train.5.ark:716560
MJJJ0_SI1793 /home/sky/kaldi/egs/timit/s5/mfcc/raw_mfcc_train.6.ark:1069337
FJDM2_SX52 /home/sky/kaldi/egs/timit/s5/mfcc/raw_mfcc_train.2.ark:55056
MJDG0_SX142 /home/sky/kaldi/egs/timit/s5/mfcc/raw_mfcc_train.6.ark:781226
MTAT0_SX210 /home/sky/kaldi/egs/timit/s5/mfcc/raw_mfcc_train.10.ark:127541
MGAF0_SI652 /home/sky/kaldi/egs/timit/s5/mfcc/raw_mfcc_train.5.ark:1375917
MGES0_SI1481 /home/sky/kaldi/egs/timit/s5/mfcc/raw_mfcc_train.6.ark:55323
MRMB0_SI2211 /home/sky/kaldi/egs/timit/s5/mfcc/raw_mfcc_train.9.ark:446556
MDLR0_SX423 /home/sky/kaldi/egs/timit/s5/mfcc/raw_mfcc_train.5.ark:416793
FEME0_SI1505 /home/sky/kaldi/egs/timit/s5/mfcc/raw_mfcc_train.1.ark:1259191
MWSH0_SX346 /home/sky/kaldi/egs/timit/s5/mfcc/raw_mfcc_train.10.ark:1468433
FJRP1_SX352 /home/sky/kaldi/egs/timit/s5/mfcc/raw_mfcc_train.2.ark:281645
MTJS0_SX382 /home/sky/kaldi/egs/timit/s5/mfcc/raw_mfcc_train.10.ark:443129
FSSB0_SX182 /home/sky/kaldi/egs/timit/s5/mfcc/raw_mfcc_train.3.ark:1165280
MBJV0_SI617 /home/sky/kaldi/egs/timit/s5/mfcc/raw_mfcc_train.4.ark:452254
MCRE0_SX131 /home/sky/kaldi/egs/timit/s5/mfcc/raw_mfcc_train.4.ark:1067671
MMWB0_SX179 /home/sky/kaldi/egs/timit/s5/mfcc/raw_mfcc_train.8.ark:315546
FSKL0_SX89 /home/sky/kaldi/egs/timit/s5/mfcc/raw_mfcc_train.3.ark:917316
FJKL0_SI2192 /home/sky/kaldi/egs/timit/s5/mfcc/raw_mfcc_train.2.ark:130718
MJJM0_SX17 /home/sky/kaldi/egs/timit/s5/mfcc/raw_mfcc_train.6.ark:1116721
MESG0_SX252 /home/sky/kaldi/egs/timit/s5/mfcc/raw_mfcc_train.5.ark:1107526
FSCN0_SX176 /home/sky/kaldi/egs/timit/s5/mfcc/raw_mfcc_train.3.ark:602344
MPRD0_SX351 /home/sky/kaldi/egs/timit/s5/mfcc/raw_mfcc_train.8.ark:822710
MSMC0_SI1907 /home/sky/kaldi/egs/timit/s5/mfcc/raw_mfcc_train.9.ark:1340013
MSAT1_SX173 /home/sky/kaldi/egs/timit/s5/mfcc/raw_mfcc_train.9.ark:1043418
MCSS0_SX120 /home/sky/kaldi/egs/timit/s5/mfcc/raw_mfcc_train.4.ark:1102982
MDEM0_SX248 /home/sky/kaldi/egs/timit/s5/mfcc/raw_mfcc_train.5.ark:49603
FLOD0_SX297 /home/sky/kaldi/egs/timit/s5/mfcc/raw_mfcc_train.2.ark:1188048
FTMG0_SX272 /home/sky/kaldi/egs/timit/s5/mfcc/raw_mfcc_train.3.ark:1327017
MWAR0_SI1045 /home/sky/kaldi/egs/timit/s5/mfcc/raw_mfcc_train.10.ark:1193731
FSKP0_SI468 /home/sky/kaldi/egs/timit/s5/mfcc/raw_mfcc_train.3.ark:930209
MKLR0_SX159 /home/sky/kaldi/egs/timit/s5/mfcc/raw_mfcc_train.7.ark:688030
MDWH0_SX395 /home/sky/kaldi/egs/timit/s5/mfcc/raw_mfcc_train.5.ark:868361
FHLM0_SX120 /home/sky/kaldi/egs/timit/s5/mfcc/raw_mfcc_train.1.ark:1517755
MEJL0_SX152 /home/sky/kaldi/egs/timit/s5/mfcc/raw_mfcc_train.5.ark:1040546
MFXS0_SX54 /home/sky/kaldi/egs/timit/s5/mfcc/raw_mfcc_train.5.ark:1329985
MLNS0_SX417 /home/sky/kaldi/egs/timit/s5/mfcc/raw_mfcc_train.7.ark:1032694
FECD0_SI1418 /home/sky/kaldi/egs/timit/s5/mfcc/raw_mfcc_train.1.ark:1187447
MBML0_SI1169 /home/sky/kaldi/egs/timit/s5/mfcc/raw_mfcc_train.4.ark:540732
MBMA0_SX322 /home/sky/kaldi/egs/timit/s5/mfcc/raw_mfcc_train.4.ark:494621
MEGJ0_SX3 /home/sky/kaldi/egs/timit/s5/mfcc/raw_mfcc_train.5.ark:1018741
MKES0_SX443 /home/sky/kaldi/egs/timit/s5/mfcc/raw_mfcc_train.7.ark:610048
MJRP0_SI1835 /home/sky/kaldi/egs/timit/s5/mfcc/raw_mfcc_train.7.ark:111492
MSVS0_SX218 /home/sky/kaldi/egs/timit/s5/mfcc/raw_mfcc_train.10.ark:24306
MAKB0_SX296 /home/sky/kaldi/egs/timit/s5/mfcc/raw_mfcc_train.4.ark:165399
MJRG0_SI736 /home/sky/kaldi/egs/timit/s5/mfcc/raw_mfcc_train.6.ark:1478599
MAEO0_SX426 /home/sky/kaldi/egs/timit/s5/mfcc/raw_mfcc_train.4.ark:62904
FCYL0_SI667 /home/sky/kaldi/egs/timit/s5/mfcc/raw_mfcc_train.1.ark:758249
MHBS0_SX315 /home/sky/kaldi/egs/timit/s5/mfcc/raw_mfcc_train.6.ark:311099
FMAH1_SX69 /home/sky/kaldi/egs/timit/s5/mfcc/raw_mfcc_train.2.ark:1255354
FHLM0_SI1560 /home/sky/kaldi/egs/timit/s5/mfcc/raw_mfcc_train.1.ark:1507827
MKDD0_SX127 /home/sky/kaldi/egs/timit/s5/mfcc/raw_mfcc_train.7.ark:532967
FJHK0_SI2282 /home/sky/kaldi/egs/timit/s5/mfcc/raw_mfcc_train.2.ark:102510
MMDM1_SI1650 /home/sky/kaldi/egs/timit/s5/mfcc/raw_mfcc_train.7.ark:1413053
MFXS0_SX144 /home/sky/kaldi/egs/timit/s5/mfcc/raw_mfcc_train.5.ark:1312421
FEAC0_SX255 /home/sky/kaldi/egs/timit/s5/mfcc/raw_mfcc_train.1.ark:1138820
MRCG0_SX168 /home/sky/kaldi/egs/timit/s5/mfcc/raw_mfcc_train.8.ark:1136749
MMEB0_SX7 /home/sky/kaldi/egs/timit/s5/mfcc/raw_mfcc_train.8.ark:3514
MBAR0_SI1949 /home/sky/kaldi/egs/timit/s5/mfcc/raw_mfcc_train.4.ark:296989
MTQC0_SI480 /home/sky/kaldi/egs/timit/s5/mfcc/raw_mfcc_train.10.ark:852414
MDWH0_SI665 /home/sky/kaldi/egs/timit/s5/mfcc/raw_mfcc_train.5.ark:844836
FGMB0_SI1775 /home/sky/kaldi/egs/timit/s5/mfcc/raw_mfcc_train.1.ark:1438963
MCXM0_SX181 /home/sky/kaldi/egs/timit/s5/mfcc/raw_mfcc_train.4.ark:1196168
MHMG0_SX195 /home/sky/kaldi/egs/timit/s5/mfcc/raw_mfcc_train.6.ark:399319
MMWS1_SX261 /home/sky/kaldi/egs/timit/s5/mfcc/raw_mfcc_train.8.ark:383247
MRRE0_SX434 /home/sky/kaldi/egs/timit/s5/mfcc/raw_mfcc_train.9.ark:663906
FLKM0_SI1880 /home/sky/kaldi/egs/timit/s5/mfcc/raw_mfcc_train.2.ark:1035287
MDWH0_SI1168 /home/sky/kaldi/egs/timit/s5/mfcc/raw_mfcc_train.5.ark:835149
FKFB0_SX78 /home/sky/kaldi/egs/timit/s5/mfcc/raw_mfcc_train.2.ark:599216
MTJG0_SI890 /home/sky/kaldi/egs/timit/s5/mfcc/raw_mfcc_train.10.ark:351032
MJLB0_SI2246 /home/sky/kaldi/egs/timit/s5/mfcc/raw_mfcc_train.6.ark:1169998
MWSB0_SX186 /home/sky/kaldi/egs/timit/s5/mfcc/raw_mfcc_train.10.ark:1427128
MSMC0_SI509 /home/sky/kaldi/egs/timit/s5/mfcc/raw_mfcc_train.9.ark:1343426
MREW1_SX330 /home/sky/kaldi/egs/timit/s5/mfcc/raw_mfcc_train.8.ark:1400977
MGAF0_SX202 /home/sky/kaldi/egs/timit/s5/mfcc/raw_mfcc_train.5.ark:1382015
MDAC0_SI1837 /home/sky/kaldi/egs/timit/s5/mfcc/raw_mfcc_train.4.ark:1219754
FSDC0_SX412 /home/sky/kaldi/egs/timit/s5/mfcc/raw_mfcc_train.3.ark:648742
MDAC0_SI1261 /home/sky/kaldi/egs/timit/s5/mfcc/raw_mfcc_train.4.ark:1216093
FMEM0_SX387 /home/sky/kaldi/egs/timit/s5/mfcc/raw_mfcc_train.2.ark:1322964
MRAI0_SI1954 /home/sky/kaldi/egs/timit/s5/mfcc/raw_mfcc_train.8.ark:994537
MEJS0_SX250 /home/sky/kaldi/egs/timit/s5/mfcc/raw_mfcc_train.5.ark:1077075
MDDC0_SX339 /home/sky/kaldi/egs/timit/s5/mfcc/raw_mfcc_train.4.ark:1427498
FCLT0_SI2068 /home/sky/kaldi/egs/timit/s5/mfcc/raw_mfcc_train.1.ark:625920
FJDM2_SX322 /home/sky/kaldi/egs/timit/s5/mfcc/raw_mfcc_train.2.ark:47113
FEAR0_SI622 /home/sky/kaldi/egs/timit/s5/mfcc/raw_mfcc_train.1.ark:1160703
FCEG0_SX78 /home/sky/kaldi/egs/timit/s5/mfcc/raw_mfcc_train.1.ark:534512
MKAH0_SI898 /home/sky/kaldi/egs/timit/s5/mfcc/raw_mfcc_train.7.ark:395842
FJRB0_SX312 /home/sky/kaldi/egs/timit/s5/mfcc/raw_mfcc_train.2.ark:242081
MJFH0_SI1737 /home/sky/kaldi/egs/timit/s5/mfcc/raw_mfcc_train.6.ark:938160
MSMS0_SI2063 /home/sky/kaldi/egs/timit/s5/mfcc/raw_mfcc_train.9.ark:1410607
FBAS0_SX127 /home/sky/kaldi/egs/timit/s5/mfcc/raw_mfcc_train.1.ark:191014
MWSH0_SX256 /home/sky/kaldi/egs/timit/s5/mfcc/raw_mfcc_train.10.ark:1464240
MWCH0_SX92 /home/sky/kaldi/egs/timit/s5/mfcc/raw_mfcc_train.10.ark:1248920
MRLD0_SX424 /home/sky/kaldi/egs/timit/s5/mfcc/raw_mfcc_train.9.ark:315850
MLJH0_SX334 /home/sky/kaldi/egs/timit/s5/mfcc/raw_mfcc_train.7.ark:997907
FKLC0_SX175 /home/sky/kaldi/egs/timit/s5/mfcc/raw_mfcc_train.2.ark:649275
MRAB1_SI2108 /home/sky/kaldi/egs/timit/s5/mfcc/raw_mfcc_train.8.ark:965459
FKFB0_SI1608 /home/sky/kaldi/egs/timit/s5/mfcc/raw_mfcc_train.2.ark:564119
FVKB0_SI1789 /home/sky/kaldi/egs/timit/s5/mfcc/raw_mfcc_train.3.ark:1375029
FKKH0_SX390 /home/sky/kaldi/egs/timit/s5/mfcc/raw_mfcc_train.2.ark:633086
MRTC0_SX288 /home/sky/kaldi/egs/timit/s5/mfcc/raw_mfcc_train.9.ark:772172
MJAC0_SI701 /home/sky/kaldi/egs/timit/s5/mfcc/raw_mfcc_train.6.ark:542528
FJHK0_SX212 /home/sky/kaldi/egs/timit/s5/mfcc/raw_mfcc_train.2.ark:113561
FSAK0_SI670 /home/sky/kaldi/egs/timit/s5/mfcc/raw_mfcc_train.3.ark:528305
MKLW0_SX41 /home/sky/kaldi/egs/timit/s5/mfcc/raw_mfcc_train.7.ark:801668
MJDM0_SX440 /home/sky/kaldi/egs/timit/s5/mfcc/raw_mfcc_train.6.ark:827779
FETB0_SX68 /home/sky/kaldi/egs/timit/s5/mfcc/raw_mfcc_train.1.ark:1322919
MLJC0_SI1225 /home/sky/kaldi/egs/timit/s5/mfcc/raw_mfcc_train.7.ark:936272
MJFR0_SX255 /home/sky/kaldi/egs/timit/s5/mfcc/raw_mfcc_train.6.ark:977563
MSDS0_SX267 /home/sky/kaldi/egs/timit/s5/mfcc/raw_mfcc_train.9.ark:1139200
MDRD0_SI2012 /home/sky/kaldi/egs/timit/s5/mfcc/raw_mfcc_train.5.ark:656051
MTKP0_SI454 /home/sky/kaldi/egs/timit/s5/mfcc/raw_mfcc_train.10.ark:525634
MDPS0_SX89 /home/sky/kaldi/egs/timit/s5/mfcc/raw_mfcc_train.5.ark:649288
MPGH0_SX294 /home/sky/kaldi/egs/timit/s5/mfcc/raw_mfcc_train.8.ark:606313
MRAI0_SX162 /home/sky/kaldi/egs/timit/s5/mfcc/raw_mfcc_train.8.ark:1009002
MBEF0_SX111 /home/sky/kaldi/egs/timit/s5/mfcc/raw_mfcc_train.4.ark:396923
MILB0_SI2163 /home/sky/kaldi/egs/timit/s5/mfcc/raw_mfcc_train.6.ark:506696
MJXA0_SX427 /home/sky/kaldi/egs/timit/s5/mfcc/raw_mfcc_train.7.ark:313137
FSSB0_SX452 /home/sky/kaldi/egs/timit/s5/mfcc/raw_mfcc_train.3.ark:1178379
MTMN0_SX254 /home/sky/kaldi/egs/timit/s5/mfcc/raw_mfcc_train.10.ark:667473
MLEL0_SX346 /home/sky/kaldi/egs/timit/s5/mfcc/raw_mfcc_train.7.ark:923381
MWRP0_SX363 /home/sky/kaldi/egs/timit/s5/mfcc/raw_mfcc_train.10.ark:1407111
FVMH0_SX26 /home/sky/kaldi/egs/timit/s5/mfcc/raw_mfcc_train.3.ark:1426762
FGRW0_SX72 /home/sky/kaldi/egs/timit/s5/mfcc/raw_mfcc_train.1.ark:1504569
MKAG0_SX259 /home/sky/kaldi/egs/timit/s5/mfcc/raw_mfcc_train.7.ark:372712
MTML0_SI1065 /home/sky/kaldi/egs/timit/s5/mfcc/raw_mfcc_train.10.ark:610836
MDDC0_SI2049 /home/sky/kaldi/egs/timit/s5/mfcc/raw_mfcc_train.4.ark:1413664
MAKR0_SI722 /home/sky/kaldi/egs/timit/s5/mfcc/raw_mfcc_train.4.ark:179144
MCSS0_SX300 /home/sky/kaldi/egs/timit/s5/mfcc/raw_mfcc_train.4.ark:1113714
MRAI0_SI792 /home/sky/kaldi/egs/timit/s5/mfcc/raw_mfcc_train.8.ark:1002521
MCLK0_SX310 /home/sky/kaldi/egs/timit/s5/mfcc/raw_mfcc_train.4.ark:987017
MAFM0_SX309 /home/sky/kaldi/egs/timit/s5/mfcc/raw_mfcc_train.4.ark:87108
MRWA0_SX433 /home/sky/kaldi/egs/timit/s5/mfcc/raw_mfcc_train.9.ark:873627
FETB0_SI1778 /home/sky/kaldi/egs/timit/s5/mfcc/raw_mfcc_train.1.ark:1298191
MDMA0_SI1238 /home/sky/kaldi/egs/timit/s5/mfcc/raw_mfcc_train.5.ark:459543
MTPR0_SI1600 /home/sky/kaldi/egs/timit/s5/mfcc/raw_mfcc_train.10.ark:802721
MMJB1_SI1408 /home/sky/kaldi/egs/timit/s5/mfcc/raw_mfcc_train.8.ark:97587
MKLS1_SI1545 /home/sky/kaldi/egs/timit/s5/mfcc/raw_mfcc_train.7.ark:741436
MCXM0_SX451 /home/sky/kaldi/egs/timit/s5/mfcc/raw_mfcc_train.4.ark:1207772
MSDB0_SI2267 /home/sky/kaldi/egs/timit/s5/mfcc/raw_mfcc_train.9.ark:1070730
MLSH0_SI1417 /home/sky/kaldi/egs/timit/s5/mfcc/raw_mfcc_train.7.ark:1040313
FAEM0_SX222 /home/sky/kaldi/egs/timit/s5/mfcc/raw_mfcc_train.1.ark:16916
FGCS0_SX316 /home/sky/kaldi/egs/timit/s5/mfcc/raw_mfcc_train.1.ark:1384316
MARW0_SX349 /home/sky/kaldi/egs/timit/s5/mfcc/raw_mfcc_train.4.ark:281158
MJMM0_SI625 /home/sky/kaldi/egs/timit/s5/mfcc/raw_mfcc_train.6.ark:1324732
MTMN0_SX74 /home/sky/kaldi/egs/timit/s5/mfcc/raw_mfcc_train.10.ark:676957
FLOD0_SX207 /home/sky/kaldi/egs/timit/s5/mfcc/raw_mfcc_train.2.ark:1185220
MHIT0_SI2243 /home/sky/kaldi/egs/timit/s5/mfcc/raw_mfcc_train.6.ark:324882
MRGM0_SI1792 /home/sky/kaldi/egs/timit/s5/mfcc/raw_mfcc_train.8.ark:1483983
MDBP0_SX168 /home/sky/kaldi/egs/timit/s5/mfcc/raw_mfcc_train.4.ark:1323313
MFMC0_SX52 /home/sky/kaldi/egs/timit/s5/mfcc/raw_mfcc_train.5.ark:1236732
MDPS0_SI1979 /home/sky/kaldi/egs/timit/s5/mfcc/raw_mfcc_train.5.ark:625470
FLJG0_SX171 /home/sky/kaldi/egs/timit/s5/mfcc/raw_mfcc_train.2.ark:1010825
FAJW0_SX273 /home/sky/kaldi/egs/timit/s5/mfcc/raw_mfcc_train.1.ark:53477
FKKH0_SX30 /home/sky/kaldi/egs/timit/s5/mfcc/raw_mfcc_train.2.ark:626910
FTLG0_SX303 /home/sky/kaldi/egs/timit/s5/mfcc/raw_mfcc_train.3.ark:1301500
MTJM0_SI1226 /home/sky/kaldi/egs/timit/s5/mfcc/raw_mfcc_train.10.ark:378517
MRGS0_SX96 /home/sky/kaldi/egs/timit/s5/mfcc/raw_mfcc_train.9.ark:43220
FLHD0_SX84 /home/sky/kaldi/egs/timit/s5/mfcc/raw_mfcc_train.2.ark:925036
MLNS0_SI1407 /home/sky/kaldi/egs/timit/s5/mfcc/raw_mfcc_train.7.ark:1010928
MRKM0_SX277 /home/sky/kaldi/egs/timit/s5/mfcc/raw_mfcc_train.9.ark:276313
MPEB0_SX330 /home/sky/kaldi/egs/timit/s5/mfcc/raw_mfcc_train.8.ark:537073
FKSR0_SX217 /home/sky/kaldi/egs/timit/s5/mfcc/raw_mfcc_train.2.ark:752765
FDXW0_SI2141 /home/sky/kaldi/egs/timit/s5/mfcc/raw_mfcc_train.1.ark:1095413
MMGG0_SX179 /home/sky/kaldi/egs/timit/s5/mfcc/raw_mfcc_train.8.ark:52268
MWCH0_SX182 /home/sky/kaldi/egs/timit/s5/mfcc/raw_mfcc_train.10.ark:1234749
FKFB0_SI978 /home/sky/kaldi/egs/timit/s5/mfcc/raw_mfcc_train.2.ark:573403
MTRC0_SX363 /home/sky/kaldi/egs/timit/s5/mfcc/raw_mfcc_train.10.ark:904537
MFWK0_SX169 /home/sky/kaldi/egs/timit/s5/mfcc/raw_mfcc_train.5.ark:1282151
MPRT0_SI1210 /home/sky/kaldi/egs/timit/s5/mfcc/raw_mfcc_train.8.ark:874008
MKJO0_SI2147 /home/sky/kaldi/egs/timit/s5/mfcc/raw_mfcc_train.7.ark:621445
FDAS1_SX291 /home/sky/kaldi/egs/timit/s5/mfcc/raw_mfcc_train.1.ark:810710
MSAT1_SX83 /home/sky/kaldi/egs/timit/s5/mfcc/raw_mfcc_train.9.ark:1059422
MBOM0_SX114 /home/sky/kaldi/egs/timit/s5/mfcc/raw_mfcc_train.4.ark:580943
FAJW0_SX93 /home/sky/kaldi/egs/timit/s5/mfcc/raw_mfcc_train.1.ark:64116
FSLS0_SX246 /home/sky/kaldi/egs/timit/s5/mfcc/raw_mfcc_train.3.ark:972564
FAPB0_SX433 /home/sky/kaldi/egs/timit/s5/mfcc/raw_mfcc_train.1.ark:161818
MKAM0_SX236 /home/sky/kaldi/egs/timit/s5/mfcc/raw_mfcc_train.7.ark:468615
MMRP0_SX414 /home/sky/kaldi/egs/timit/s5/mfcc/raw_mfcc_train.8.ark:216816
MDSJ0_SX292 /home/sky/kaldi/egs/timit/s5/mfcc/raw_mfcc_train.5.ark:708343
FRJB0_SX167 /home/sky/kaldi/egs/timit/s5/mfcc/raw_mfcc_train.3.ark:393249
FMEM0_SI1377 /home/sky/kaldi/egs/timit/s5/mfcc/raw_mfcc_train.2.ark:1291532
MVRW0_SI855 /home/sky/kaldi/egs/timit/s5/mfcc/raw_mfcc_train.10.ark:1109971
MRWS0_SX112 /home/sky/kaldi/egs/timit/s5/mfcc/raw_mfcc_train.9.ark:893449
MEAL0_SI917 /home/sky/kaldi/egs/timit/s5/mfcc/raw_mfcc_train.5.ark:912121
MJMM0_SX355 /home/sky/kaldi/egs/timit/s5/mfcc/raw_mfcc_train.6.ark:1337207
FJSP0_SX444 /home/sky/kaldi/egs/timit/s5/mfcc/raw_mfcc_train.2.ark:354879
MSMR0_SI1405 /home/sky/kaldi/egs/timit/s5/mfcc/raw_mfcc_train.9.ark:1379870
FBCH0_SX236 /home/sky/kaldi/egs/timit/s5/mfcc/raw_mfcc_train.1.ark:258084
MJRK0_SX340 /home/sky/kaldi/egs/timit/s5/mfcc/raw_mfcc_train.7.ark:100967
MDPB0_SX146 /home/sky/kaldi/egs/timit/s5/mfcc/raw_mfcc_train.5.ark:575905
FSMM0_SX144 /home/sky/kaldi/egs/timit/s5/mfcc/raw_mfcc_train.3.ark:1029890
MESJ0_SX7 /home/sky/kaldi/egs/timit/s5/mfcc/raw_mfcc_train.5.ark:1145906
MGSL0_SX444 /home/sky/kaldi/egs/timit/s5/mfcc/raw_mfcc_train.6.ark:246892
MJMD0_SI1658 /home/sky/kaldi/egs/timit/s5/mfcc/raw_mfcc_train.6.ark:1291192
MMAG0_SX406 /home/sky/kaldi/egs/timit/s5/mfcc/raw_mfcc_train.7.ark:1171710
FPMY0_SX196 /home/sky/kaldi/egs/timit/s5/mfcc/raw_mfcc_train.3.ark:340660
MJJB0_SI1769 /home/sky/kaldi/egs/timit/s5/mfcc/raw_mfcc_train.6.ark:1036865
MJAE0_SX84 /home/sky/kaldi/egs/timit/s5/mfcc/raw_mfcc_train.6.ark:597272
MMGC0_SX135 /home/sky/kaldi/egs/timit/s5/mfcc/raw_mfcc_train.8.ark:22895
FSAG0_SX243 /home/sky/kaldi/egs/timit/s5/mfcc/raw_mfcc_train.3.ark:463543
MJXL0_SX362 /home/sky/kaldi/egs/timit/s5/mfcc/raw_mfcc_train.7.ark:339772
MJRH1_SX334 /home/sky/kaldi/egs/timit/s5/mfcc/raw_mfcc_train.7.ark:71439
MRRE0_SX344 /home/sky/kaldi/egs/timit/s5/mfcc/raw_mfcc_train.9.ark:660389
MMRP0_SI717 /home/sky/kaldi/egs/timit/s5/mfcc/raw_mfcc_train.8.ark:193810
MBJV0_SX167 /home/sky/kaldi/egs/timit/s5/mfcc/raw_mfcc_train.4.ark:456538
FSJW0_SI1333 /home/sky/kaldi/egs/timit/s5/mfcc/raw_mfcc_train.3.ark:824281
MTAS0_SI1385 /home/sky/kaldi/egs/timit/s5/mfcc/raw_mfcc_train.10.ark:81825
MKLW0_SX311 /home/sky/kaldi/egs/timit/s5/mfcc/raw_mfcc_train.7.ark:791554
MRAB0_SX54 /home/sky/kaldi/egs/timit/s5/mfcc/raw_mfcc_train.8.ark:957266
MKXL0_SX15 /home/sky/kaldi/egs/timit/s5/mfcc/raw_mfcc_train.7.ark:854632
MJWT0_SX31 /home/sky/kaldi/egs/timit/s5/mfcc/raw_mfcc_train.7.ark:283335
MJLS0_SI1096 /home/sky/kaldi/egs/timit/s5/mfcc/raw_mfcc_train.6.ark:1223899
FSKL0_SI899 /home/sky/kaldi/egs/timit/s5/mfcc/raw_mfcc_train.3.ark:897847
MJDE0_SX130 /home/sky/kaldi/egs/timit/s5/mfcc/raw_mfcc_train.6.ark:743910
MRLD0_SX334 /home/sky/kaldi/egs/timit/s5/mfcc/raw_mfcc_train.9.ark:312996
MPGR0_SX330 /home/sky/kaldi/egs/timit/s5/mfcc/raw_mfcc_train.8.ark:628646
FSKC0_SI1416 /home/sky/kaldi/egs/timit/s5/mfcc/raw_mfcc_train.3.ark:858983
MFXV0_SI1342 /home/sky/kaldi/egs/timit/s5/mfcc/raw_mfcc_train.5.ark:1340024
MPAR0_SX46 /home/sky/kaldi/egs/timit/s5/mfcc/raw_mfcc_train.8.ark:518036
FRJB0_SX77 /home/sky/kaldi/egs/timit/s5/mfcc/raw_mfcc_train.3.ark:410943
MTLC0_SX217 /home/sky/kaldi/egs/timit/s5/mfcc/raw_mfcc_train.10.ark:599238
FSKL0_SI2159 /home/sky/kaldi/egs/timit/s5/mfcc/raw_mfcc_train.3.ark:892523
MJPG0_SI1191 /home/sky/kaldi/egs/timit/s5/mfcc/raw_mfcc_train.6.ark:1346315
MJWG0_SX445 /home/sky/kaldi/egs/timit/s5/mfcc/raw_mfcc_train.7.ark:212086
FDFB0_SX58 /home/sky/kaldi/egs/timit/s5/mfcc/raw_mfcc_train.1.ark:875820
MMPM0_SX71 /home/sky/kaldi/egs/timit/s5/mfcc/raw_mfcc_train.8.ark:188309
FTLG0_SX123 /home/sky/kaldi/egs/timit/s5/mfcc/raw_mfcc_train.3.ark:1293231
MJDG0_SI1042 /home/sky/kaldi/egs/timit/s5/mfcc/raw_mfcc_train.6.ark:769321
MKXL0_SI1958 /home/sky/kaldi/egs/timit/s5/mfcc/raw_mfcc_train.7.ark:846052
MGSH0_SX6 /home/sky/kaldi/egs/timit/s5/mfcc/raw_mfcc_train.6.ark:212334
MEWM0_SX88 /home/sky/kaldi/egs/timit/s5/mfcc/raw_mfcc_train.5.ark:1175232
MJPM1_SI1897 /home/sky/kaldi/egs/timit/s5/mfcc/raw_mfcc_train.6.ark:1407984
MJAI0_SX254 /home/sky/kaldi/egs/timit/s5/mfcc/raw_mfcc_train.6.ark:623048
MGAK0_SX316 /home/sky/kaldi/egs/timit/s5/mfcc/raw_mfcc_train.5.ark:1447500
MABC0_SI2041 /home/sky/kaldi/egs/timit/s5/mfcc/raw_mfcc_train.3.ark:1437322
FCMM0_SX273 /home/sky/kaldi/egs/timit/s5/mfcc/raw_mfcc_train.1.ark:703835
FMJU0_SX399 /home/sky/kaldi/egs/timit/s5/mfcc/raw_mfcc_train.2.ark:1425872
MCTM0_SX360 /home/sky/kaldi/egs/timit/s5/mfcc/raw_mfcc_train.4.ark:1173362
MRJH0_SX439 /home/sky/kaldi/egs/timit/s5/mfcc/raw_mfcc_train.9.ark:143134
MRTJ0_SX412 /home/sky/kaldi/egs/timit/s5/mfcc/raw_mfcc_train.9.ark:812374
MKLS0_SX357 /home/sky/kaldi/egs/timit/s5/mfcc/raw_mfcc_train.7.ark:729338
MPGR0_SI1410 /home/sky/kaldi/egs/timit/s5/mfcc/raw_mfcc_train.8.ark:611892
MTPP0_SX68 /home/sky/kaldi/egs/timit/s5/mfcc/raw_mfcc_train.10.ark:799463
FKAA0_SX38 /home/sky/kaldi/egs/timit/s5/mfcc/raw_mfcc_train.2.ark:486067
FALR0_SI1955 /home/sky/kaldi/egs/timit/s5/mfcc/raw_mfcc_train.1.ark:105942
FPLS0_SX330 /home/sky/kaldi/egs/timit/s5/mfcc/raw_mfcc_train.3.ark:310717
MJXA0_SX247 /home/sky/kaldi/egs/timit/s5/mfcc/raw_mfcc_train.7.ark:304712
FTMG0_SI2162 /home/sky/kaldi/egs/timit/s5/mfcc/raw_mfcc_train.3.ark:1313892
MJPM0_SX288 /home/sky/kaldi/egs/timit/s5/mfcc/raw_mfcc_train.6.ark:1399740
FSMS1_SX347 /home/sky/kaldi/egs/timit/s5/mfcc/raw_mfcc_train.3.ark:1076833
MPRK0_SI1097 /home/sky/kaldi/egs/timit/s5/mfcc/raw_mfcc_train.8.ark:834899
MJLG1_SX382 /home/sky/kaldi/egs/timit/s5/mfcc/raw_mfcc_train.6.ark:1220160
FSKL0_SX359 /home/sky/kaldi/egs/timit/s5/mfcc/raw_mfcc_train.3.ark:908515
MMAG0_SX46 /home/sky/kaldi/egs/timit/s5/mfcc/raw_mfcc_train.7.ark:1176890
FLJD0_SX436 /home/sky/kaldi/egs/timit/s5/mfcc/raw_mfcc_train.2.ark:990340
FCMM0_SI453 /home/sky/kaldi/egs/timit/s5/mfcc/raw_mfcc_train.1.ark:697841
FCAG0_SX243 /home/sky/kaldi/egs/timit/s5/mfcc/raw_mfcc_train.1.ark:423002
MJDA0_SX401 /home/sky/kaldi/egs/timit/s5/mfcc/raw_mfcc_train.6.ark:687814
FTBR0_SX201 /home/sky/kaldi/egs/timit/s5/mfcc/raw_mfcc_train.3.ark:1231479
MJDE0_SX310 /home/sky/kaldi/egs/timit/s5/mfcc/raw_mfcc_train.6.ark:754363
MHRM0_SI1475 /home/sky/kaldi/egs/timit/s5/mfcc/raw_mfcc_train.6.ark:442558
FDNC0_SX108 /home/sky/kaldi/egs/timit/s5/mfcc/raw_mfcc_train.1.ark:1035941
MEDR0_SI1374 /home/sky/kaldi/egs/timit/s5/mfcc/raw_mfcc_train.5.ark:931651
MMAM0_SX157 /home/sky/kaldi/egs/timit/s5/mfcc/raw_mfcc_train.7.ark:1190818
FTAJ0_SX249 /home/sky/kaldi/egs/timit/s5/mfcc/raw_mfcc_train.3.ark:1201340
FJRB0_SX402 /home/sky/kaldi/egs/timit/s5/mfcc/raw_mfcc_train.2.ark:247418
MDSS0_SX81 /home/sky/kaldi/egs/timit/s5/mfcc/raw_mfcc_train.5.ark:745321
MLSH0_SX157 /home/sky/kaldi/egs/timit/s5/mfcc/raw_mfcc_train.7.ark:1053517
MTPR0_SX70 /home/sky/kaldi/egs/timit/s5/mfcc/raw_mfcc_train.10.ark:836908
FREH0_SI1945 /home/sky/kaldi/egs/timit/s5/mfcc/raw_mfcc_train.3.ark:360937
MPFU0_SX88 /home/sky/kaldi/egs/timit/s5/mfcc/raw_mfcc_train.8.ark:579263
MSVS0_SI2198 /home/sky/kaldi/egs/timit/s5/mfcc/raw_mfcc_train.10.ark:6995
FPAC0_SX31 /home/sky/kaldi/egs/timit/s5/mfcc/raw_mfcc_train.3.ark:148270
FSRH0_SX401 /home/sky/kaldi/egs/timit/s5/mfcc/raw_mfcc_train.3.ark:1143988
MEWM0_SX178 /home/sky/kaldi/egs/timit/s5/mfcc/raw_mfcc_train.5.ark:1160424
MJJM0_SI1457 /home/sky/kaldi/egs/timit/s5/mfcc/raw_mfcc_train.6.ark:1104689
MVRW0_SX225 /home/sky/kaldi/egs/timit/s5/mfcc/raw_mfcc_train.10.ark:1117967
FJRB0_SI1932 /home/sky/kaldi/egs/timit/s5/mfcc/raw_mfcc_train.2.ark:229495
MMAB1_SX234 /home/sky/kaldi/egs/timit/s5/mfcc/raw_mfcc_train.7.ark:1124878
MRJM1_SX218 /home/sky/kaldi/egs/timit/s5/mfcc/raw_mfcc_train.9.ark:202892
FECD0_SX68 /home/sky/kaldi/egs/timit/s5/mfcc/raw_mfcc_train.1.ark:1221946
FCRZ0_SX433 /home/sky/kaldi/egs/timit/s5/mfcc/raw_mfcc_train.1.ark:742282
FDNC0_SX198 /home/sky/kaldi/egs/timit/s5/mfcc/raw_mfcc_train.1.ark:1044157
MJRG0_SX16 /home/sky/kaldi/egs/timit/s5/mfcc/raw_mfcc_train.7.ark:11
MEFG0_SX285 /home/sky/kaldi/egs/timit/s5/mfcc/raw_mfcc_train.5.ark:985841
MTXS0_SX250 /home/sky/kaldi/egs/timit/s5/mfcc/raw_mfcc_train.10.ark:1021622
MJFH0_SI477 /home/sky/kaldi/egs/timit/s5/mfcc/raw_mfcc_train.6.ark:941729
MSDB0_SX107 /home/sky/kaldi/egs/timit/s5/mfcc/raw_mfcc_train.9.ark:1073415
MEAL0_SX377 /home/sky/kaldi/egs/timit/s5/mfcc/raw_mfcc_train.5.ark:928419
MKAG0_SI2239 /home/sky/kaldi/egs/timit/s5/mfcc/raw_mfcc_train.7.ark:359249
MRWA0_SX163 /home/sky/kaldi/egs/timit/s5/mfcc/raw_mfcc_train.9.ark:862231
MTJG0_SX350 /home/sky/kaldi/egs/timit/s5/mfcc/raw_mfcc_train.10.ark:365639
MTMN0_SI582 /home/sky/kaldi/egs/timit/s5/mfcc/raw_mfcc_train.10.ark:655733
MRMB0_SI1581 /home/sky/kaldi/egs/timit/s5/mfcc/raw_mfcc_train.9.ark:442986
MSFH0_SX136 /home/sky/kaldi/egs/timit/s5/mfcc/raw_mfcc_train.9.ark:1245406
FSKL0_SX449 /home/sky/kaldi/egs/timit/s5/mfcc/raw_mfcc_train.3.ark:912981
FTMG0_SI902 /home/sky/kaldi/egs/timit/s5/mfcc/raw_mfcc_train.3.ark:1317084
MJRH1_SX64 /home/sky/kaldi/egs/timit/s5/mfcc/raw_mfcc_train.7.ark:78212
FDXW0_SX431 /home/sky/kaldi/egs/timit/s5/mfcc/raw_mfcc_train.1.ark:1114285
MDAC0_SX91 /home/sky/kaldi/egs/timit/s5/mfcc/raw_mfcc_train.4.ark:1246627
MPGH0_SX24 /home/sky/kaldi/egs/timit/s5/mfcc/raw_mfcc_train.8.ark:603706
MVJH0_SI1556 /home/sky/kaldi/egs/timit/s5/mfcc/raw_mfcc_train.10.ark:1039421
MKDB0_SX242 /home/sky/kaldi/egs/timit/s5/mfcc/raw_mfcc_train.7.ark:498818
FMJF0_SX444 /home/sky/kaldi/egs/timit/s5/mfcc/raw_mfcc_train.2.ark:1385912
FDXW0_SX341 /home/sky/kaldi/egs/timit/s5/mfcc/raw_mfcc_train.1.ark:1110729
MGRL0_SX237 /home/sky/kaldi/egs/timit/s5/mfcc/raw_mfcc_train.6.ark:134273
MTMT0_SX128 /home/sky/kaldi/egs/timit/s5/mfcc/raw_mfcc_train.10.ark:694017
FCAJ0_SI1804 /home/sky/kaldi/egs/timit/s5/mfcc/raw_mfcc_train.1.ark:441914
MPRK0_SX287 /home/sky/kaldi/egs/timit/s5/mfcc/raw_mfcc_train.8.ark:863970
MFXS0_SI2225 /home/sky/kaldi/egs/timit/s5/mfcc/raw_mfcc_train.5.ark:1306777
MADC0_SI1997 /home/sky/kaldi/egs/timit/s5/mfcc/raw_mfcc_train.3.ark:1468683
MRMG0_SX360 /home/sky/kaldi/egs/timit/s5/mfcc/raw_mfcc_train.9.ark:493585
MRFK0_SI1706 /home/sky/kaldi/egs/timit/s5/mfcc/raw_mfcc_train.8.ark:1420428
FDAW0_SI1271 /home/sky/kaldi/egs/timit/s5/mfcc/raw_mfcc_train.1.ark:817641
FMAH1_SX249 /home/sky/kaldi/egs/timit/s5/mfcc/raw_mfcc_train.2.ark:1245103
MMXS0_SX336 /home/sky/kaldi/egs/timit/s5/mfcc/raw_mfcc_train.8.ark:416466
MJRH0_SX135 /home/sky/kaldi/egs/timit/s5/mfcc/raw_mfcc_train.7.ark:30964
FJRP1_SI802 /home/sky/kaldi/egs/timit/s5/mfcc/raw_mfcc_train.2.ark:267948
MDJM0_SI1455 /home/sky/kaldi/egs/timit/s5/mfcc/raw_mfcc_train.5.ark:130709
FBAS0_SX217 /home/sky/kaldi/egs/timit/s5/mfcc/raw_mfcc_train.1.ark:193725
MREW1_SI2130 /home/sky/kaldi/egs/timit/s5/mfcc/raw_mfcc_train.8.ark:1387663
MZMB0_SI536 /home/sky/kaldi/egs/timit/s5/mfcc/raw_mfcc_train.10.ark:1489477
MTLB0_SX144 /home/sky/kaldi/egs/timit/s5/mfcc/raw_mfcc_train.10.ark:560551
FJXM0_SX311 /home/sky/kaldi/egs/timit/s5/mfcc/raw_mfcc_train.2.ark:412978
MMDG0_SX70 /home/sky/kaldi/egs/timit/s5/mfcc/raw_mfcc_train.7.ark:1378915
MJPG0_SX21 /home/sky/kaldi/egs/timit/s5/mfcc/raw_mfcc_train.6.ark:1365759
MHXL0_SX242 /home/sky/kaldi/egs/timit/s5/mfcc/raw_mfcc_train.6.ark:488858
MTPF0_SI1235 /home/sky/kaldi/egs/timit/s5/mfcc/raw_mfcc_train.10.ark:712928
MRJB1_SX210 /home/sky/kaldi/egs/timit/s5/mfcc/raw_mfcc_train.9.ark:99956
MTKD0_SI1187 /home/sky/kaldi/egs/timit/s5/mfcc/raw_mfcc_train.10.ark:479282
MMDB0_SI1617 /home/sky/kaldi/egs/timit/s5/mfcc/raw_mfcc_train.7.ark:1321864
MRML0_SX431 /home/sky/kaldi/egs/timit/s5/mfcc/raw_mfcc_train.9.ark:567937
FCLT0_SX448 /home/sky/kaldi/egs/timit/s5/mfcc/raw_mfcc_train.1.ark:645715
FLAG0_SI1464 /home/sky/kaldi/egs/timit/s5/mfcc/raw_mfcc_train.2.ark:798389
FSKC0_SX246 /home/sky/kaldi/egs/timit/s5/mfcc/raw_mfcc_train.3.ark:872792
MRAB1_SX218 /home/sky/kaldi/egs/timit/s5/mfcc/raw_mfcc_train.8.ark:977960
MSDH0_SI2113 /home/sky/kaldi/egs/timit/s5/mfcc/raw_mfcc_train.9.ark:1086580
FMJF0_SX174 /home/sky/kaldi/egs/timit/s5/mfcc/raw_mfcc_train.2.ark:1372579
MKLS0_SI1533 /home/sky/kaldi/egs/timit/s5/mfcc/raw_mfcc_train.7.ark:713293
MRKM0_SX367 /home/sky/kaldi/egs/timit/s5/mfcc/raw_mfcc_train.9.ark:280935
MTPG0_SX213 /home/sky/kaldi/egs/timit/s5/mfcc/raw_mfcc_train.10.ark:759372
MJFH0_SI1107 /home/sky/kaldi/egs/timit/s5/mfcc/raw_mfcc_train.6.ark:934681
MJLB0_SX356 /home/sky/kaldi/egs/timit/s5/mfcc/raw_mfcc_train.6.ark:1184079
MMGC0_SX405 /home/sky/kaldi/egs/timit/s5/mfcc/raw_mfcc_train.8.ark:33498
MRJH0_SX307 /home/sky/kaldi/egs/timit/s5/mfcc/raw_mfcc_train.9.ark:140696
FSMA0_SX361 /home/sky/kaldi/egs/timit/s5/mfcc/raw_mfcc_train.3.ark:1005043
FJHK0_SI1652 /home/sky/kaldi/egs/timit/s5/mfcc/raw_mfcc_train.2.ark:100331
FEEH0_SI471 /home/sky/kaldi/egs/timit/s5/mfcc/raw_mfcc_train.1.ark:1235086
FSAH0_SI1874 /home/sky/kaldi/egs/timit/s5/mfcc/raw_mfcc_train.3.ark:489774
FLEH0_SX241 /home/sky/kaldi/egs/timit/s5/mfcc/raw_mfcc_train.2.ark:851932
FDML0_SX339 /home/sky/kaldi/egs/timit/s5/mfcc/raw_mfcc_train.1.ark:964913
FDTD0_SI2191 /home/sky/kaldi/egs/timit/s5/mfcc/raw_mfcc_train.1.ark:1061555
FHXS0_SX85 /home/sky/kaldi/egs/timit/s5/mfcc/raw_mfcc_train.2.ark:20522
MDDC0_SI789 /home/sky/kaldi/egs/timit/s5/mfcc/raw_mfcc_train.4.ark:1415608
MTQC0_SX181 /home/sky/kaldi/egs/timit/s5/mfcc/raw_mfcc_train.10.ark:855671
MMSM0_SX296 /home/sky/kaldi/egs/timit/s5/mfcc/raw_mfcc_train.8.ark:252856
MTQC0_SI2071 /home/sky/kaldi/egs/timit/s5/mfcc/raw_mfcc_train.10.ark:848637
MSAH1_SX149 /home/sky/kaldi/egs/timit/s5/mfcc/raw_mfcc_train.9.ark:951596
MBMA0_SX52 /home/sky/kaldi/egs/timit/s5/mfcc/raw_mfcc_train.4.ark:502070
MWSB0_SX96 /home/sky/kaldi/egs/timit/s5/mfcc/raw_mfcc_train.10.ark:1439867
MJEB1_SX297 /home/sky/kaldi/egs/timit/s5/mfcc/raw_mfcc_train.6.ark:894582
MDLR1_SI669 /home/sky/kaldi/egs/timit/s5/mfcc/raw_mfcc_train.5.ark:433046
FSPM0_SI1871 /home/sky/kaldi/egs/timit/s5/mfcc/raw_mfcc_train.3.ark:1093014
MDLR1_SX219 /home/sky/kaldi/egs/timit/s5/mfcc/raw_mfcc_train.5.ark:442810
FRLL0_SI1514 /home/sky/kaldi/egs/timit/s5/mfcc/raw_mfcc_train.3.ark:414877
MRAB1_SI848 /home/sky/kaldi/egs/timit/s5/mfcc/raw_mfcc_train.8.ark:969067
FSDJ0_SX35 /home/sky/kaldi/egs/timit/s5/mfcc/raw_mfcc_train.3.ark:677788
FEEH0_SX122 /home/sky/kaldi/egs/timit/s5/mfcc/raw_mfcc_train.1.ark:1238447
MRKM0_SX97 /home/sky/kaldi/egs/timit/s5/mfcc/raw_mfcc_train.9.ark:290748
MWSB0_SI996 /home/sky/kaldi/egs/timit/s5/mfcc/raw_mfcc_train.10.ark:1421336
MDPB0_SI2126 /home/sky/kaldi/egs/timit/s5/mfcc/raw_mfcc_train.5.ark:565569
MDLC0_SX315 /home/sky/kaldi/egs/timit/s5/mfcc/raw_mfcc_train.5.ark:256679
FLHD0_SX444 /home/sky/kaldi/egs/timit/s5/mfcc/raw_mfcc_train.2.ark:921247
MRDD0_SI1680 /home/sky/kaldi/egs/timit/s5/mfcc/raw_mfcc_train.8.ark:1195648
FCAG0_SI1503 /home/sky/kaldi/egs/timit/s5/mfcc/raw_mfcc_train.1.ark:410713
MMAA0_SX125 /home/sky/kaldi/egs/timit/s5/mfcc/raw_mfcc_train.7.ark:1090013
MSFV0_SX92 /home/sky/kaldi/egs/timit/s5/mfcc/raw_mfcc_train.9.ark:1300831
MDNS0_SI2271 /home/sky/kaldi/egs/timit/s5/mfcc/raw_mfcc_train.5.ark:534234
MFXV0_SX285 /home/sky/kaldi/egs/timit/s5/mfcc/raw_mfcc_train.5.ark:1357505
MBCG0_SI2217 /home/sky/kaldi/egs/timit/s5/mfcc/raw_mfcc_train.4.ark:353984
MJEE0_SX157 /home/sky/kaldi/egs/timit/s5/mfcc/raw_mfcc_train.6.ark:913599
MREH1_SX249 /home/sky/kaldi/egs/timit/s5/mfcc/raw_mfcc_train.8.ark:1335337
FLMA0_SI1243 /home/sky/kaldi/egs/timit/s5/mfcc/raw_mfcc_train.2.ark:1071977
MTAS0_SX305 /home/sky/kaldi/egs/timit/s5/mfcc/raw_mfcc_train.10.ark:98345
MJMM0_SX265 /home/sky/kaldi/egs/timit/s5/mfcc/raw_mfcc_train.6.ark:1333352
MHBS0_SI945 /home/sky/kaldi/egs/timit/s5/mfcc/raw_mfcc_train.6.ark:299066
MJAI0_SI710 /home/sky/kaldi/egs/timit/s5/mfcc/raw_mfcc_train.6.ark:612686
MCLK0_SI1660 /home/sky/kaldi/egs/timit/s5/mfcc/raw_mfcc_train.4.ark:963737
MJLB0_SI1616 /home/sky/kaldi/egs/timit/s5/mfcc/raw_mfcc_train.6.ark:1164361
MTPR0_SX160 /home/sky/kaldi/egs/timit/s5/mfcc/raw_mfcc_train.10.ark:816276
MWRE0_SX67 /home/sky/kaldi/egs/timit/s5/mfcc/raw_mfcc_train.10.ark:1376953
MMAR0_SX76 /home/sky/kaldi/egs/timit/s5/mfcc/raw_mfcc_train.7.ark:1244007
FLTM0_SI1700 /home/sky/kaldi/egs/timit/s5/mfcc/raw_mfcc_train.2.ark:1197106
MMVP0_SI654 /home/sky/kaldi/egs/timit/s5/mfcc/raw_mfcc_train.8.ark:267888
MPRB0_SI575 /home/sky/kaldi/egs/timit/s5/mfcc/raw_mfcc_train.8.ark:770580
FJEN0_SI1047 /home/sky/kaldi/egs/timit/s5/mfcc/raw_mfcc_train.2.ark:59328
MSAH1_SI1049 /home/sky/kaldi/egs/timit/s5/mfcc/raw_mfcc_train.9.ark:943019
FSAG0_SX333 /home/sky/kaldi/egs/timit/s5/mfcc/raw_mfcc_train.3.ark:467918
FTMG0_SI1532 /home/sky/kaldi/egs/timit/s5/mfcc/raw_mfcc_train.3.ark:1311596
FSJS0_SX181 /home/sky/kaldi/egs/timit/s5/mfcc/raw_mfcc_train.3.ark:802276
MJLG1_SI1012 /home/sky/kaldi/egs/timit/s5/mfcc/raw_mfcc_train.6.ark:1194149
MPRB0_SX395 /home/sky/kaldi/egs/timit/s5/mfcc/raw_mfcc_train.8.ark:794183
MEAL0_SX347 /home/sky/kaldi/egs/timit/s5/mfcc/raw_mfcc_train.5.ark:923849
MBCG0_SX327 /home/sky/kaldi/egs/timit/s5/mfcc/raw_mfcc_train.4.ark:371374
MCPM0_SI1824 /home/sky/kaldi/egs/timit/s5/mfcc/raw_mfcc_train.4.ark:1029457
FCRZ0_SX163 /home/sky/kaldi/egs/timit/s5/mfcc/raw_mfcc_train.1.ark:731874
FMKC0_SI1702 /home/sky/kaldi/egs/timit/s5/mfcc/raw_mfcc_train.2.ark:1438350
MFWK0_SI1249 /home/sky/kaldi/egs/timit/s5/mfcc/raw_mfcc_train.5.ark:1272041
MDPK0_SI552 /home/sky/kaldi/egs/timit/s5/mfcc/raw_mfcc_train.5.ark:601175
MWRE0_SI1687 /home/sky/kaldi/egs/timit/s5/mfcc/raw_mfcc_train.10.ark:1355383
MDDC0_SX69 /home/sky/kaldi/egs/timit/s5/mfcc/raw_mfcc_train.4.ark:1434050
MKRG0_SX141 /home/sky/kaldi/egs/timit/s5/mfcc/raw_mfcc_train.7.ark:822030
FCEG0_SI1878 /home/sky/kaldi/egs/timit/s5/mfcc/raw_mfcc_train.1.ark:514620
FVMH0_SX296 /home/sky/kaldi/egs/timit/s5/mfcc/raw_mfcc_train.3.ark:1429564
MKLS1_SX195 /home/sky/kaldi/egs/timit/s5/mfcc/raw_mfcc_train.7.ark:762154
FLTM0_SX440 /home/sky/kaldi/egs/timit/s5/mfcc/raw_mfcc_train.2.ark:1219931
FMAH1_SI2139 /home/sky/kaldi/egs/timit/s5/mfcc/raw_mfcc_train.2.ark:1232017
MWRE0_SX157 /home/sky/kaldi/egs/timit/s5/mfcc/raw_mfcc_train.10.ark:1361612
MKLW0_SI1571 /home/sky/kaldi/egs/timit/s5/mfcc/raw_mfcc_train.7.ark:772472
MKXL0_SX375 /home/sky/kaldi/egs/timit/s5/mfcc/raw_mfcc_train.7.ark:864130
MBEF0_SI1281 /home/sky/kaldi/egs/timit/s5/mfcc/raw_mfcc_train.4.ark:384252
MNTW0_SX258 /home/sky/kaldi/egs/timit/s5/mfcc/raw_mfcc_train.8.ark:479837
FCRZ0_SX253 /home/sky/kaldi/egs/timit/s5/mfcc/raw_mfcc_train.1.ark:735573
MRMG0_SX450 /home/sky/kaldi/egs/timit/s5/mfcc/raw_mfcc_train.9.ark:497674
FSMA0_SI1621 /home/sky/kaldi/egs/timit/s5/mfcc/raw_mfcc_train.3.ark:984116
FCYL0_SI1297 /home/sky/kaldi/egs/timit/s5/mfcc/raw_mfcc_train.1.ark:750083
FLJA0_SI1078 /home/sky/kaldi/egs/timit/s5/mfcc/raw_mfcc_train.2.ark:929464
FSPM0_SI1241 /home/sky/kaldi/egs/timit/s5/mfcc/raw_mfcc_train.3.ark:1085752
MRLJ0_SX430 /home/sky/kaldi/egs/timit/s5/mfcc/raw_mfcc_train.9.ark:345508
MDKS0_SX256 /home/sky/kaldi/egs/timit/s5/mfcc/raw_mfcc_train.5.ark:177440
MMGC0_SX225 /home/sky/kaldi/egs/timit/s5/mfcc/raw_mfcc_train.8.ark:26698
MMXS0_SX66 /home/sky/kaldi/egs/timit/s5/mfcc/raw_mfcc_train.8.ark:426255
MSEM1_SX450 /home/sky/kaldi/egs/timit/s5/mfcc/raw_mfcc_train.9.ark:1191466
FPAF0_SI2314 /home/sky/kaldi/egs/timit/s5/mfcc/raw_mfcc_train.3.ark:201008
MRAV0_SI1008 /home/sky/kaldi/egs/timit/s5/mfcc/raw_mfcc_train.8.ark:1061485
MDWH0_SX215 /home/sky/kaldi/egs/timit/s5/mfcc/raw_mfcc_train.5.ark:854860
MESJ0_SI997 /home/sky/kaldi/egs/timit/s5/mfcc/raw_mfcc_train.5.ark:1132269
MDWD0_SX450 /home/sky/kaldi/egs/timit/s5/mfcc/raw_mfcc_train.5.ark:827985
MRBC0_SX419 /home/sky/kaldi/egs/timit/s5/mfcc/raw_mfcc_train.8.ark:1114821
MJEE0_SX337 /home/sky/kaldi/egs/timit/s5/mfcc/raw_mfcc_train.6.ark:921751
FLHD0_SI1344 /home/sky/kaldi/egs/timit/s5/mfcc/raw_mfcc_train.2.ark:899129
MCPM0_SX294 /home/sky/kaldi/egs/timit/s5/mfcc/raw_mfcc_train.4.ark:1049901
MESG0_SI702 /home/sky/kaldi/egs/timit/s5/mfcc/raw_mfcc_train.5.ark:1097411
MREW1_SI1500 /home/sky/kaldi/egs/timit/s5/mfcc/raw_mfcc_train.8.ark:1384249
FECD0_SX158 /home/sky/kaldi/egs/timit/s5/mfcc/raw_mfcc_train.1.ark:1205110
FSCN0_SX86 /home/sky/kaldi/egs/timit/s5/mfcc/raw_mfcc_train.3.ark:622495
FLMK0_SI1229 /home/sky/kaldi/egs/timit/s5/mfcc/raw_mfcc_train.2.ark:1136735
MGJC0_SX345 /home/sky/kaldi/egs/timit/s5/mfcc/raw_mfcc_train.6.ark:104232
MJFR0_SI2235 /home/sky/kaldi/egs/timit/s5/mfcc/raw_mfcc_train.6.ark:965179
MDLR0_SI1863 /home/sky/kaldi/egs/timit/s5/mfcc/raw_mfcc_train.5.ark:396075
FGMB0_SI1145 /home/sky/kaldi/egs/timit/s5/mfcc/raw_mfcc_train.1.ark:1432507
MJRH1_SI1774 /home/sky/kaldi/egs/timit/s5/mfcc/raw_mfcc_train.7.ark:55863
MEAL0_SX287 /home/sky/kaldi/egs/timit/s5/mfcc/raw_mfcc_train.5.ark:920332
MBTH0_SI757 /home/sky/kaldi/egs/timit/s5/mfcc/raw_mfcc_train.4.ark:632788
MDAS0_SX96 /home/sky/kaldi/egs/timit/s5/mfcc/raw_mfcc_train.4.ark:1275853
MRMB0_SX51 /home/sky/kaldi/egs/timit/s5/mfcc/raw_mfcc_train.9.ark:470244
FCMM0_SI1083 /home/sky/kaldi/egs/timit/s5/mfcc/raw_mfcc_train.1.ark:688583
MPEB0_SX60 /home/sky/kaldi/egs/timit/s5/mfcc/raw_mfcc_train.8.ark:545679
MREW1_SX150 /home/sky/kaldi/egs/timit/s5/mfcc/raw_mfcc_train.8.ark:1394034
MWSB0_SX366 /home/sky/kaldi/egs/timit/s5/mfcc/raw_mfcc_train.10.ark:1432641
MTXS0_SX340 /home/sky/kaldi/egs/timit/s5/mfcc/raw_mfcc_train.10.ark:1026023
MBML0_SX359 /home/sky/kaldi/egs/timit/s5/mfcc/raw_mfcc_train.4.ark:557720
MRML0_SX251 /home/sky/kaldi/egs/timit/s5/mfcc/raw_mfcc_train.9.ark:557133
MGXP0_SI525 /home/sky/kaldi/egs/timit/s5/mfcc/raw_mfcc_train.6.ark:266407
FBCG1_SX262 /home/sky/kaldi/egs/timit/s5/mfcc/raw_mfcc_train.1.ark:221576
MTML0_SX435 /home/sky/kaldi/egs/timit/s5/mfcc/raw_mfcc_train.10.ark:635957
MTBC0_SX93 /home/sky/kaldi/egs/timit/s5/mfcc/raw_mfcc_train.10.ark:205701
MHXL0_SX332 /home/sky/kaldi/egs/timit/s5/mfcc/raw_mfcc_train.6.ark:492934
FGDP0_SX448 /home/sky/kaldi/egs/timit/s5/mfcc/raw_mfcc_train.1.ark:1421989
MJBG0_SI1232 /home/sky/kaldi/egs/timit/s5/mfcc/raw_mfcc_train.6.ark:634932
FLKM0_SX440 /home/sky/kaldi/egs/timit/s5/mfcc/raw_mfcc_train.2.ark:1063084
MTKP0_SX33 /home/sky/kaldi/egs/timit/s5/mfcc/raw_mfcc_train.10.ark:542119
MAKR0_SI1982 /home/sky/kaldi/egs/timit/s5/mfcc/raw_mfcc_train.4.ark:175159
MMXS0_SI876 /home/sky/kaldi/egs/timit/s5/mfcc/raw_mfcc_train.8.ark:406630
MDLH0_SX160 /home/sky/kaldi/egs/timit/s5/mfcc/raw_mfcc_train.5.ark:340751
MJDC0_SI1161 /home/sky/kaldi/egs/timit/s5/mfcc/raw_mfcc_train.6.ark:696096
FPAD0_SX86 /home/sky/kaldi/egs/timit/s5/mfcc/raw_mfcc_train.3.ark:186502
FPJF0_SX352 /home/sky/kaldi/egs/timit/s5/mfcc/raw_mfcc_train.3.ark:279501
MWRP0_SX183 /home/sky/kaldi/egs/timit/s5/mfcc/raw_mfcc_train.10.ark:1397069
MAJP0_SI2334 /home/sky/kaldi/egs/timit/s5/mfcc/raw_mfcc_train.4.ark:106294
MESJ0_SX97 /home/sky/kaldi/egs/timit/s5/mfcc/raw_mfcc_train.5.ark:1148629
FSMM0_SX54 /home/sky/kaldi/egs/timit/s5/mfcc/raw_mfcc_train.3.ark:1048832
MDHS0_SX180 /home/sky/kaldi/egs/timit/s5/mfcc/raw_mfcc_train.5.ark:113813
FSAG0_SX153 /home/sky/kaldi/egs/timit/s5/mfcc/raw_mfcc_train.3.ark:457361
MTMT0_SX308 /home/sky/kaldi/egs/timit/s5/mfcc/raw_mfcc_train.10.ark:701077
FJWB1_SI748 /home/sky/kaldi/egs/timit/s5/mfcc/raw_mfcc_train.2.ark:366691
MJHI0_SX338 /home/sky/kaldi/egs/timit/s5/mfcc/raw_mfcc_train.6.ark:1016080
MMGG0_SI2339 /home/sky/kaldi/egs/timit/s5/mfcc/raw_mfcc_train.8.ark:49141
MDSS1_SX247 /home/sky/kaldi/egs/timit/s5/mfcc/raw_mfcc_train.5.ark:762661
MSAT0_SX356 /home/sky/kaldi/egs/timit/s5/mfcc/raw_mfcc_train.9.ark:1022379
MTPF0_SX65 /home/sky/kaldi/egs/timit/s5/mfcc/raw_mfcc_train.10.ark:740355
FSJW0_SX73 /home/sky/kaldi/egs/timit/s5/mfcc/raw_mfcc_train.3.ark:854490
MTJG0_SI2157 /home/sky/kaldi/egs/timit/s5/mfcc/raw_mfcc_train.10.ark:349140
FKDW0_SX127 /home/sky/kaldi/egs/timit/s5/mfcc/raw_mfcc_train.2.ark:549043
MJDG0_SX232 /home/sky/kaldi/egs/timit/s5/mfcc/raw_mfcc_train.6.ark:785419
MAKR0_SX182 /home/sky/kaldi/egs/timit/s5/mfcc/raw_mfcc_train.4.ark:181920
MRPC1_SX222 /home/sky/kaldi/egs/timit/s5/mfcc/raw_mfcc_train.9.ark:618986
FJRB0_SI1302 /home/sky/kaldi/egs/timit/s5/mfcc/raw_mfcc_train.2.ark:224521
MGAR0_SI1842 /home/sky/kaldi/egs/timit/s5/mfcc/raw_mfcc_train.6.ark:13
MJRK0_SX160 /home/sky/kaldi/egs/timit/s5/mfcc/raw_mfcc_train.7.ark:91866
FCAG0_SX333 /home/sky/kaldi/egs/timit/s5/mfcc/raw_mfcc_train.1.ark:426753
MTPF0_SI1865 /home/sky/kaldi/egs/timit/s5/mfcc/raw_mfcc_train.10.ark:717317
FTAJ0_SX429 /home/sky/kaldi/egs/timit/s5/mfcc/raw_mfcc_train.3.ark:1206944
FSJK1_SX125 /home/sky/kaldi/egs/timit/s5/mfcc/raw_mfcc_train.3.ark:772111
FJLR0_SI1231 /home/sky/kaldi/egs/timit/s5/mfcc/raw_mfcc_train.2.ark:191847
MKAG0_SX439 /home/sky/kaldi/egs/timit/s5/mfcc/raw_mfcc_train.7.ark:379563
FSJK1_SX305 /home/sky/kaldi/egs/timit/s5/mfcc/raw_mfcc_train.3.ark:779184
FMJB0_SX97 /home/sky/kaldi/egs/timit/s5/mfcc/raw_mfcc_train.2.ark:1357768
FKDE0_SX151 /home/sky/kaldi/egs/timit/s5/mfcc/raw_mfcc_train.2.ark:511286
FLMK0_SX315 /home/sky/kaldi/egs/timit/s5/mfcc/raw_mfcc_train.2.ark:1153599
MMVP0_SX347 /home/sky/kaldi/egs/timit/s5/mfcc/raw_mfcc_train.8.ark:288651
MWRP0_SI1525 /home/sky/kaldi/egs/timit/s5/mfcc/raw_mfcc_train.10.ark:1388578
MTKD0_SX287 /home/sky/kaldi/egs/timit/s5/mfcc/raw_mfcc_train.10.ark:505311
MCTM0_SX180 /home/sky/kaldi/egs/timit/s5/mfcc/raw_mfcc_train.4.ark:1166510
MCTM0_SX450 /home/sky/kaldi/egs/timit/s5/mfcc/raw_mfcc_train.4.ark:1177334
MEWM0_SI1348 /home/sky/kaldi/egs/timit/s5/mfcc/raw_mfcc_train.5.ark:1151406
MDLC1_SI2065 /home/sky/kaldi/egs/timit/s5/mfcc/raw_mfcc_train.5.ark:274518
FSAG0_SX423 /home/sky/kaldi/egs/timit/s5/mfcc/raw_mfcc_train.3.ark:474529
MDKS0_SI2326 /home/sky/kaldi/egs/timit/s5/mfcc/raw_mfcc_train.5.ark:167377
MPPC0_SX152 /home/sky/kaldi/egs/timit/s5/mfcc/raw_mfcc_train.8.ark:741033
MJDC0_SX81 /home/sky/kaldi/egs/timit/s5/mfcc/raw_mfcc_train.6.ark:723406
MDLC1_SX265 /home/sky/kaldi/egs/timit/s5/mfcc/raw_mfcc_train.5.ark:287150
MAEO0_SI1956 /home/sky/kaldi/egs/timit/s5/mfcc/raw_mfcc_train.4.ark:48160
FPAD0_SX446 /home/sky/kaldi/egs/timit/s5/mfcc/raw_mfcc_train.3.ark:182726
MTER0_SI527 /home/sky/kaldi/egs/timit/s5/mfcc/raw_mfcc_train.10.ark:322194
MMAG0_SI496 /home/sky/kaldi/egs/timit/s5/mfcc/raw_mfcc_train.7.ark:1153911
MRLK0_SX303 /home/sky/kaldi/egs/timit/s5/mfcc/raw_mfcc_train.9.ark:402985
MTWH1_SI2142 /home/sky/kaldi/egs/timit/s5/mfcc/raw_mfcc_train.10.ark:978084
FSAG0_SI693 /home/sky/kaldi/egs/timit/s5/mfcc/raw_mfcc_train.3.ark:453480
FSRH0_SX221 /home/sky/kaldi/egs/timit/s5/mfcc/raw_mfcc_train.3.ark:1133548
FJDM2_SI2212 /home/sky/kaldi/egs/timit/s5/mfcc/raw_mfcc_train.2.ark:32480
MJRA0_SX156 /home/sky/kaldi/egs/timit/s5/mfcc/raw_mfcc_train.6.ark:1452042
FJLG0_SX449 /home/sky/kaldi/egs/timit/s5/mfcc/raw_mfcc_train.2.ark:183058
FMBG0_SI1790 /home/sky/kaldi/egs/timit/s5/mfcc/raw_mfcc_train.2.ark:1266225
MAKR0_SX362 /home/sky/kaldi/egs/timit/s5/mfcc/raw_mfcc_train.4.ark:186562
FSDC0_SX322 /home/sky/kaldi/egs/timit/s5/mfcc/raw_mfcc_train.3.ark:645407
FMKF0_SI906 /home/sky/kaldi/egs/timit/s5/mfcc/raw_mfcc_train.2.ark:1472922
FBLV0_SX248 /home/sky/kaldi/egs/timit/s5/mfcc/raw_mfcc_train.1.ark:326566
MPFU0_SI1888 /home/sky/kaldi/egs/timit/s5/mfcc/raw_mfcc_train.8.ark:556511
FVMH0_SX206 /home/sky/kaldi/egs/timit/s5/mfcc/raw_mfcc_train.3.ark:1422752
FSMM0_SX414 /home/sky/kaldi/egs/timit/s5/mfcc/raw_mfcc_train.3.ark:1044263
MMJB1_SX328 /home/sky/kaldi/egs/timit/s5/mfcc/raw_mfcc_train.8.ark:117422
FJKL0_SX302 /home/sky/kaldi/egs/timit/s5/mfcc/raw_mfcc_train.2.ark:148790
MGJC0_SX75 /home/sky/kaldi/egs/timit/s5/mfcc/raw_mfcc_train.6.ark:114853
FGMB0_SX155 /home/sky/kaldi/egs/timit/s5/mfcc/raw_mfcc_train.1.ark:1447037
MRXB0_SI2215 /home/sky/kaldi/egs/timit/s5/mfcc/raw_mfcc_train.9.ark:912966
FDTD0_SI931 /home/sky/kaldi/egs/timit/s5/mfcc/raw_mfcc_train.1.ark:1065839
MTAT1_SX419 /home/sky/kaldi/egs/timit/s5/mfcc/raw_mfcc_train.10.ark:168757
MTMN0_SX344 /home/sky/kaldi/egs/timit/s5/mfcc/raw_mfcc_train.10.ark:670470
MJMM0_SI1885 /home/sky/kaldi/egs/timit/s5/mfcc/raw_mfcc_train.6.ark:1321904
MDLR1_SI1299 /home/sky/kaldi/egs/timit/s5/mfcc/raw_mfcc_train.5.ark:425140
FEAC0_SX165 /home/sky/kaldi/egs/timit/s5/mfcc/raw_mfcc_train.1.ark:1134068
MDLR0_SI603 /home/sky/kaldi/egs/timit/s5/mfcc/raw_mfcc_train.5.ark:399215
MPMB0_SX331 /home/sky/kaldi/egs/timit/s5/mfcc/raw_mfcc_train.8.ark:708256
MGAF0_SX112 /home/sky/kaldi/egs/timit/s5/mfcc/raw_mfcc_train.5.ark:1378771
FLAC0_SI1339 /home/sky/kaldi/egs/timit/s5/mfcc/raw_mfcc_train.2.ark:768172
MCAL0_SX58 /home/sky/kaldi/egs/timit/s5/mfcc/raw_mfcc_train.4.ark:758805
MGAF0_SX22 /home/sky/kaldi/egs/timit/s5/mfcc/raw_mfcc_train.5.ark:1383932
MAEO0_SI1326 /home/sky/kaldi/egs/timit/s5/mfcc/raw_mfcc_train.4.ark:38940
MBMA1_SX54 /home/sky/kaldi/egs/timit/s5/mfcc/raw_mfcc_train.4.ark:535641
FSJW0_SI703 /home/sky/kaldi/egs/timit/s5/mfcc/raw_mfcc_train.3.ark:835177
FJWB1_SX255 /home/sky/kaldi/egs/timit/s5/mfcc/raw_mfcc_train.2.ark:379673
FLEH0_SX421 /home/sky/kaldi/egs/timit/s5/mfcc/raw_mfcc_train.2.ark:859460
MJRK0_SI2103 /home/sky/kaldi/egs/timit/s5/mfcc/raw_mfcc_train.7.ark:83844
MWSH0_SI1426 /home/sky/kaldi/egs/timit/s5/mfcc/raw_mfcc_train.10.ark:1443229
MRML0_SI791 /home/sky/kaldi/egs/timit/s5/mfcc/raw_mfcc_train.9.ark:546082
MMAA0_SX395 /home/sky/kaldi/egs/timit/s5/mfcc/raw_mfcc_train.7.ark:1105133
MSFV0_SX272 /home/sky/kaldi/egs/timit/s5/mfcc/raw_mfcc_train.9.ark:1287109
MGJC0_SX165 /home/sky/kaldi/egs/timit/s5/mfcc/raw_mfcc_train.6.ark:95118
MSRG0_SI1851 /home/sky/kaldi/egs/timit/s5/mfcc/raw_mfcc_train.9.ark:1442410
MEGJ0_SX437 /home/sky/kaldi/egs/timit/s5/mfcc/raw_mfcc_train.5.ark:1021127
MAEO0_SI1655 /home/sky/kaldi/egs/timit/s5/mfcc/raw_mfcc_train.4.ark:44460
MJRH0_SI1840 /home/sky/kaldi/egs/timit/s5/mfcc/raw_mfcc_train.7.ark:24678
MSES0_SI2216 /home/sky/kaldi/egs/timit/s5/mfcc/raw_mfcc_train.9.ark:1205580
MBEF0_SX201 /home/sky/kaldi/egs/timit/s5/mfcc/raw_mfcc_train.4.ark:399777
MBGT0_SX171 /home/sky/kaldi/egs/timit/s5/mfcc/raw_mfcc_train.4.ark:423500
MTMT0_SI488 /home/sky/kaldi/egs/timit/s5/mfcc/raw_mfcc_train.10.ark:687822
MDSS1_SX67 /home/sky/kaldi/egs/timit/s5/mfcc/raw_mfcc_train.5.ark:773510
MADD0_SX448 /home/sky/kaldi/egs/timit/s5/mfcc/raw_mfcc_train.4.ark:12
MDHL0_SX359 /home/sky/kaldi/egs/timit/s5/mfcc/raw_mfcc_train.5.ark:87965
MDLC2_SX84 /home/sky/kaldi/egs/timit/s5/mfcc/raw_mfcc_train.5.ark:324199
MFXV0_SI1635 /home/sky/kaldi/egs/timit/s5/mfcc/raw_mfcc_train.5.ark:1345791
MRCW0_SI741 /home/sky/kaldi/egs/timit/s5/mfcc/raw_mfcc_train.8.ark:1169429
MDBB1_SX286 /home/sky/kaldi/egs/timit/s5/mfcc/raw_mfcc_train.4.ark:1300604
MMWS1_SI1701 /home/sky/kaldi/egs/timit/s5/mfcc/raw_mfcc_train.8.ark:376953
MKRG0_SI2121 /home/sky/kaldi/egs/timit/s5/mfcc/raw_mfcc_train.7.ark:811447
MJXL0_SX182 /home/sky/kaldi/egs/timit/s5/mfcc/raw_mfcc_train.7.ark:332790
FLEH0_SI2311 /home/sky/kaldi/egs/timit/s5/mfcc/raw_mfcc_train.2.ark:844430
FLMA0_SX73 /home/sky/kaldi/egs/timit/s5/mfcc/raw_mfcc_train.2.ark:1097376
MGSH0_SX127 /home/sky/kaldi/egs/timit/s5/mfcc/raw_mfcc_train.6.ark:201889
MJDG0_SI1672 /home/sky/kaldi/egs/timit/s5/mfcc/raw_mfcc_train.6.ark:773047
FVKB0_SI529 /home/sky/kaldi/egs/timit/s5/mfcc/raw_mfcc_train.3.ark:1377597
FSGF0_SX297 /home/sky/kaldi/egs/timit/s5/mfcc/raw_mfcc_train.3.ark:709682
MDSS0_SI621 /home/sky/kaldi/egs/timit/s5/mfcc/raw_mfcc_train.5.ark:727724
MTMT0_SI1748 /home/sky/kaldi/egs/timit/s5/mfcc/raw_mfcc_train.10.ark:684513
FMBG0_SX80 /home/sky/kaldi/egs/timit/s5/mfcc/raw_mfcc_train.2.ark:1288677
FBMJ0_SI516 /home/sky/kaldi/egs/timit/s5/mfcc/raw_mfcc_train.1.ark:379841
MPRB0_SX305 /home/sky/kaldi/egs/timit/s5/mfcc/raw_mfcc_train.8.ark:786045
MJKR0_SI1831 /home/sky/kaldi/egs/timit/s5/mfcc/raw_mfcc_train.6.ark:1136310
MFRM0_SX435 /home/sky/kaldi/egs/timit/s5/mfcc/raw_mfcc_train.5.ark:1264058
FBMH0_SI970 /home/sky/kaldi/egs/timit/s5/mfcc/raw_mfcc_train.1.ark:351582
MDLC0_SX45 /home/sky/kaldi/egs/timit/s5/mfcc/raw_mfcc_train.5.ark:264349
MJFH0_SX27 /home/sky/kaldi/egs/timit/s5/mfcc/raw_mfcc_train.6.ark:952123
FSDJ0_SX125 /home/sky/kaldi/egs/timit/s5/mfcc/raw_mfcc_train.3.ark:668005
FMBG0_SX3 /home/sky/kaldi/egs/timit/s5/mfcc/raw_mfcc_train.2.ark:1276268
MREM0_SX241 /home/sky/kaldi/egs/timit/s5/mfcc/raw_mfcc_train.8.ark:1368881
MJLS0_SI1726 /home/sky/kaldi/egs/timit/s5/mfcc/raw_mfcc_train.6.ark:1228535
MSRG0_SI591 /home/sky/kaldi/egs/timit/s5/mfcc/raw_mfcc_train.9.ark:1444523
MCHL0_SX267 /home/sky/kaldi/egs/timit/s5/mfcc/raw_mfcc_train.4.ark:948317
MSFV0_SX362 /home/sky/kaldi/egs/timit/s5/mfcc/raw_mfcc_train.9.ark:1290769
MRAV0_SX108 /home/sky/kaldi/egs/timit/s5/mfcc/raw_mfcc_train.8.ark:1073390
MKES0_SI623 /home/sky/kaldi/egs/timit/s5/mfcc/raw_mfcc_train.7.ark:591391
FEME0_SI2135 /home/sky/kaldi/egs/timit/s5/mfcc/raw_mfcc_train.1.ark:1263398
MESG0_SX432 /home/sky/kaldi/egs/timit/s5/mfcc/raw_mfcc_train.5.ark:1115470
FJLG0_SX269 /home/sky/kaldi/egs/timit/s5/mfcc/raw_mfcc_train.2.ark:174919
MDCD0_SX245 /home/sky/kaldi/egs/timit/s5/mfcc/raw_mfcc_train.4.ark:1361116
MTJU0_SX130 /home/sky/kaldi/egs/timit/s5/mfcc/raw_mfcc_train.10.ark:460358
FKLH0_SI627 /home/sky/kaldi/egs/timit/s5/mfcc/raw_mfcc_train.2.ark:712927
MAKR0_SX452 /home/sky/kaldi/egs/timit/s5/mfcc/raw_mfcc_train.4.ark:190235
MMDM0_SX231 /home/sky/kaldi/egs/timit/s5/mfcc/raw_mfcc_train.7.ark:1397646
FALR0_SX425 /home/sky/kaldi/egs/timit/s5/mfcc/raw_mfcc_train.1.ark:125958
FPJF0_SI1676 /home/sky/kaldi/egs/timit/s5/mfcc/raw_mfcc_train.3.ark:266213
MDLM0_SI1864 /home/sky/kaldi/egs/timit/s5/mfcc/raw_mfcc_train.5.ark:366612
FSLS0_SX66 /home/sky/kaldi/egs/timit/s5/mfcc/raw_mfcc_train.3.ark:980455
FKLC1_SX328 /home/sky/kaldi/egs/timit/s5/mfcc/raw_mfcc_train.2.ark:689751
MPGR1_SI1499 /home/sky/kaldi/egs/timit/s5/mfcc/raw_mfcc_train.8.ark:644158
MDBP0_SI1788 /home/sky/kaldi/egs/timit/s5/mfcc/raw_mfcc_train.4.ark:1311885
MTDP0_SX261 /home/sky/kaldi/egs/timit/s5/mfcc/raw_mfcc_train.10.ark:293668
MDAC0_SI631 /home/sky/kaldi/egs/timit/s5/mfcc/raw_mfcc_train.4.ark:1222764
MEGJ0_SI1967 /home/sky/kaldi/egs/timit/s5/mfcc/raw_mfcc_train.5.ark:1002309
MTML0_SI2325 /home/sky/kaldi/egs/timit/s5/mfcc/raw_mfcc_train.10.ark:619887
MDMA0_SX260 /home/sky/kaldi/egs/timit/s5/mfcc/raw_mfcc_train.5.ark:477630
MDPS0_SX179 /home/sky/kaldi/egs/timit/s5/mfcc/raw_mfcc_train.5.ark:633544
MDKS0_SX346 /home/sky/kaldi/egs/timit/s5/mfcc/raw_mfcc_train.5.ark:181334
MTXS0_SX70 /home/sky/kaldi/egs/timit/s5/mfcc/raw_mfcc_train.10.ark:1037008
FSMS1_SX154 /home/sky/kaldi/egs/timit/s5/mfcc/raw_mfcc_train.3.ark:1065658
MEDR0_SX24 /home/sky/kaldi/egs/timit/s5/mfcc/raw_mfcc_train.5.ark:951654
MMEB0_SI727 /home/sky/kaldi/egs/timit/s5/mfcc/raw_mfcc_train.7.ark:1508230
MFER0_SX412 /home/sky/kaldi/egs/timit/s5/mfcc/raw_mfcc_train.5.ark:1200217
MTKD0_SX377 /home/sky/kaldi/egs/timit/s5/mfcc/raw_mfcc_train.10.ark:510570
MVJH0_SX386 /home/sky/kaldi/egs/timit/s5/mfcc/raw_mfcc_train.10.ark:1067017
FALR0_SX65 /home/sky/kaldi/egs/timit/s5/mfcc/raw_mfcc_train.1.ark:128603
FCAG0_SX63 /home/sky/kaldi/egs/timit/s5/mfcc/raw_mfcc_train.1.ark:436542
MAEB0_SI990 /home/sky/kaldi/egs/timit/s5/mfcc/raw_mfcc_train.4.ark:16759
MRFK0_SX266 /home/sky/kaldi/egs/timit/s5/mfcc/raw_mfcc_train.8.ark:1430135
MTRC0_SX273 /home/sky/kaldi/egs/timit/s5/mfcc/raw_mfcc_train.10.ark:901982
FSDC0_SX52 /home/sky/kaldi/egs/timit/s5/mfcc/raw_mfcc_train.3.ark:651972
MAKR0_SI1352 /home/sky/kaldi/egs/timit/s5/mfcc/raw_mfcc_train.4.ark:172239
MDEM0_SI800 /home/sky/kaldi/egs/timit/s5/mfcc/raw_mfcc_train.5.ark:39085
MWAC0_SI971 /home/sky/kaldi/egs/timit/s5/mfcc/raw_mfcc_train.10.ark:1139954
MSAS0_SX386 /home/sky/kaldi/egs/timit/s5/mfcc/raw_mfcc_train.9.ark:1003004
MDDC0_SX159 /home/sky/kaldi/egs/timit/s5/mfcc/raw_mfcc_train.4.ark:1420243
FPLS0_SX60 /home/sky/kaldi/egs/timit/s5/mfcc/raw_mfcc_train.3.ark:314584
FKDE0_SX421 /home/sky/kaldi/egs/timit/s5/mfcc/raw_mfcc_train.2.ark:523748
FMKC0_SX172 /home/sky/kaldi/egs/timit/s5/mfcc/raw_mfcc_train.2.ark:1441048
FSJS0_SI1171 /home/sky/kaldi/egs/timit/s5/mfcc/raw_mfcc_train.3.ark:789293
MLSH0_SI787 /home/sky/kaldi/egs/timit/s5/mfcc/raw_mfcc_train.7.ark:1049727
MTDB0_SX141 /home/sky/kaldi/egs/timit/s5/mfcc/raw_mfcc_train.10.ark:255188
FSDJ0_SI485 /home/sky/kaldi/egs/timit/s5/mfcc/raw_mfcc_train.3.ark:665229
MJLB0_SX86 /home/sky/kaldi/egs/timit/s5/mfcc/raw_mfcc_train.6.ark:1191138
MRML0_SX71 /home/sky/kaldi/egs/timit/s5/mfcc/raw_mfcc_train.9.ark:572779
MEDR0_SX384 /home/sky/kaldi/egs/timit/s5/mfcc/raw_mfcc_train.5.ark:957440
MDLR1_SI1929 /home/sky/kaldi/egs/timit/s5/mfcc/raw_mfcc_train.5.ark:429178
FLMC0_SI2002 /home/sky/kaldi/egs/timit/s5/mfcc/raw_mfcc_train.2.ark:1105920
MWGR0_SX76 /home/sky/kaldi/egs/timit/s5/mfcc/raw_mfcc_train.10.ark:1346189
FETB0_SX158 /home/sky/kaldi/egs/timit/s5/mfcc/raw_mfcc_train.1.ark:1307526
MKRG0_SX31 /home/sky/kaldi/egs/timit/s5/mfcc/raw_mfcc_train.7.ark:827828
FPAD0_SI716 /home/sky/kaldi/egs/timit/s5/mfcc/raw_mfcc_train.3.ark:162379
MMAM0_SI1668 /home/sky/kaldi/egs/timit/s5/mfcc/raw_mfcc_train.7.ark:1185226
MPRT0_SX310 /home/sky/kaldi/egs/timit/s5/mfcc/raw_mfcc_train.8.ark:892776
MPAR0_SI946 /home/sky/kaldi/egs/timit/s5/mfcc/raw_mfcc_train.8.ark:499867
MMBS0_SX161 /home/sky/kaldi/egs/timit/s5/mfcc/raw_mfcc_train.7.ark:1261002
