MDKS0_SI1696 /home/sky/kaldi/egs/timit/s5/mfcc/raw_mfcc_train.5.ark:164444
MFMC0_SI1132 /home/sky/kaldi/egs/timit/s5/mfcc/raw_mfcc_train.5.ark:1206731
MTPR0_SI506 /home/sky/kaldi/egs/timit/s5/mfcc/raw_mfcc_train.10.ark:813799
MFWK0_SI619 /home/sky/kaldi/egs/timit/s5/mfcc/raw_mfcc_train.5.ark:1278634
FKDE0_SI1141 /home/sky/kaldi/egs/timit/s5/mfcc/raw_mfcc_train.2.ark:496222
MWCH0_SI1895 /home/sky/kaldi/egs/timit/s5/mfcc/raw_mfcc_train.10.ark:1228962
MRMG0_SX360 /home/sky/kaldi/egs/timit/s5/mfcc/raw_mfcc_train.9.ark:493585
MMWS1_SX81 /home/sky/kaldi/egs/timit/s5/mfcc/raw_mfcc_train.8.ark:395285
FSDJ0_SX305 /home/sky/kaldi/egs/timit/s5/mfcc/raw_mfcc_train.3.ark:674610
MFXS0_SI1674 /home/sky/kaldi/egs/timit/s5/mfcc/raw_mfcc_train.5.ark:1303415
FAJW0_SX363 /home/sky/kaldi/egs/timit/s5/mfcc/raw_mfcc_train.1.ark:59625
MCAL0_SX328 /home/sky/kaldi/egs/timit/s5/mfcc/raw_mfcc_train.4.ark:749120
MMXS0_SI629 /home/sky/kaldi/egs/timit/s5/mfcc/raw_mfcc_train.8.ark:401748
MHMR0_SX399 /home/sky/kaldi/egs/timit/s5/mfcc/raw_mfcc_train.6.ark:439326
MJFH0_SX207 /home/sky/kaldi/egs/timit/s5/mfcc/raw_mfcc_train.6.ark:949712
MMLM0_SI1527 /home/sky/kaldi/egs/timit/s5/mfcc/raw_mfcc_train.8.ark:131600
FCAG0_SI1503 /home/sky/kaldi/egs/timit/s5/mfcc/raw_mfcc_train.1.ark:410713
MKLS1_SI1545 /home/sky/kaldi/egs/timit/s5/mfcc/raw_mfcc_train.7.ark:741436
MDCD0_SI1415 /home/sky/kaldi/egs/timit/s5/mfcc/raw_mfcc_train.4.ark:1344187
FTAJ0_SI699 /home/sky/kaldi/egs/timit/s5/mfcc/raw_mfcc_train.3.ark:1193604
MBTH0_SI2102 /home/sky/kaldi/egs/timit/s5/mfcc/raw_mfcc_train.4.ark:622075
MWAR0_SX145 /home/sky/kaldi/egs/timit/s5/mfcc/raw_mfcc_train.10.ark:1206845
FPAF0_SI1054 /home/sky/kaldi/egs/timit/s5/mfcc/raw_mfcc_train.3.ark:189669
FAEM0_SI1392 /home/sky/kaldi/egs/timit/s5/mfcc/raw_mfcc_train.1.ark:13
MDAC0_SX361 /home/sky/kaldi/egs/timit/s5/mfcc/raw_mfcc_train.4.ark:1238086
MBEF0_SX381 /home/sky/kaldi/egs/timit/s5/mfcc/raw_mfcc_train.4.ark:408065
FMMH0_SX97 /home/sky/kaldi/egs/timit/s5/mfcc/raw_mfcc_train.2.ark:1526322
MFRM0_SX75 /home/sky/kaldi/egs/timit/s5/mfcc/raw_mfcc_train.5.ark:1268874
FKLH0_SI1257 /home/sky/kaldi/egs/timit/s5/mfcc/raw_mfcc_train.2.ark:704124
MCAE0_SI2077 /home/sky/kaldi/egs/timit/s5/mfcc/raw_mfcc_train.4.ark:697947
FALK0_SX96 /home/sky/kaldi/egs/timit/s5/mfcc/raw_mfcc_train.1.ark:97372
MREH1_SX69 /home/sky/kaldi/egs/timit/s5/mfcc/raw_mfcc_train.8.ark:1347278
MRAI0_SI2052 /home/sky/kaldi/egs/timit/s5/mfcc/raw_mfcc_train.8.ark:996599
MRCW0_SX381 /home/sky/kaldi/egs/timit/s5/mfcc/raw_mfcc_train.8.ark:1187416
MVLO0_SX427 /home/sky/kaldi/egs/timit/s5/mfcc/raw_mfcc_train.10.ark:1094901
MJLG1_SI1642 /home/sky/kaldi/egs/timit/s5/mfcc/raw_mfcc_train.6.ark:1197810
MDDC0_SI1419 /home/sky/kaldi/egs/timit/s5/mfcc/raw_mfcc_train.4.ark:1408183
MJRH0_SI1840 /home/sky/kaldi/egs/timit/s5/mfcc/raw_mfcc_train.7.ark:24678
FCLT0_SI2068 /home/sky/kaldi/egs/timit/s5/mfcc/raw_mfcc_train.1.ark:625920
MSMC0_SI509 /home/sky/kaldi/egs/timit/s5/mfcc/raw_mfcc_train.9.ark:1343426
MPFU0_SX268 /home/sky/kaldi/egs/timit/s5/mfcc/raw_mfcc_train.8.ark:566555
MKLR0_SI2319 /home/sky/kaldi/egs/timit/s5/mfcc/raw_mfcc_train.7.ark:685683
MRWA0_SX253 /home/sky/kaldi/egs/timit/s5/mfcc/raw_mfcc_train.9.ark:865943
FCAJ0_SX399 /home/sky/kaldi/egs/timit/s5/mfcc/raw_mfcc_train.1.ark:464887
MGSL0_SI1164 /home/sky/kaldi/egs/timit/s5/mfcc/raw_mfcc_train.6.ark:221227
FRJB0_SX77 /home/sky/kaldi/egs/timit/s5/mfcc/raw_mfcc_train.3.ark:410943
MCDC0_SI1292 /home/sky/kaldi/egs/timit/s5/mfcc/raw_mfcc_train.4.ark:763948
FJEN0_SI1677 /home/sky/kaldi/egs/timit/s5/mfcc/raw_mfcc_train.2.ark:63223
MDRD0_SI1382 /home/sky/kaldi/egs/timit/s5/mfcc/raw_mfcc_train.5.ark:652598
FMJB0_SI1177 /home/sky/kaldi/egs/timit/s5/mfcc/raw_mfcc_train.2.ark:1328016
MSAS0_SX296 /home/sky/kaldi/egs/timit/s5/mfcc/raw_mfcc_train.9.ark:999305
FSAG0_SX153 /home/sky/kaldi/egs/timit/s5/mfcc/raw_mfcc_train.3.ark:457361
FCKE0_SX391 /home/sky/kaldi/egs/timit/s5/mfcc/raw_mfcc_train.1.ark:619508
MRAV0_SX18 /home/sky/kaldi/egs/timit/s5/mfcc/raw_mfcc_train.8.ark:1076841
MGAW0_SX265 /home/sky/kaldi/egs/timit/s5/mfcc/raw_mfcc_train.6.ark:42971
MMPM0_SX341 /home/sky/kaldi/egs/timit/s5/mfcc/raw_mfcc_train.8.ark:179898
MCDC0_SX122 /home/sky/kaldi/egs/timit/s5/mfcc/raw_mfcc_train.4.ark:774305
MAFM0_SX129 /home/sky/kaldi/egs/timit/s5/mfcc/raw_mfcc_train.4.ark:79554
MTRR0_SX198 /home/sky/kaldi/egs/timit/s5/mfcc/raw_mfcc_train.10.ark:930222
MRGM0_SI1792 /home/sky/kaldi/egs/timit/s5/mfcc/raw_mfcc_train.8.ark:1483983
MLJC0_SI1855 /home/sky/kaldi/egs/timit/s5/mfcc/raw_mfcc_train.7.ark:943430
FLHD0_SI1344 /home/sky/kaldi/egs/timit/s5/mfcc/raw_mfcc_train.2.ark:899129
MJWT0_SX301 /home/sky/kaldi/egs/timit/s5/mfcc/raw_mfcc_train.7.ark:278571
FNTB0_SX393 /home/sky/kaldi/egs/timit/s5/mfcc/raw_mfcc_train.3.ark:78795
FLKM0_SX440 /home/sky/kaldi/egs/timit/s5/mfcc/raw_mfcc_train.2.ark:1063084
MJRP0_SI1835 /home/sky/kaldi/egs/timit/s5/mfcc/raw_mfcc_train.7.ark:111492
MSFV0_SX92 /home/sky/kaldi/egs/timit/s5/mfcc/raw_mfcc_train.9.ark:1300831
FMJB0_SX97 /home/sky/kaldi/egs/timit/s5/mfcc/raw_mfcc_train.2.ark:1357768
MCHL0_SI1977 /home/sky/kaldi/egs/timit/s5/mfcc/raw_mfcc_train.4.ark:943103
MTCS0_SX172 /home/sky/kaldi/egs/timit/s5/mfcc/raw_mfcc_train.10.ark:220239
MEWM0_SI718 /home/sky/kaldi/egs/timit/s5/mfcc/raw_mfcc_train.5.ark:1156439
MREE0_SX24 /home/sky/kaldi/egs/timit/s5/mfcc/raw_mfcc_train.8.ark:1304736
FLKM0_SI1880 /home/sky/kaldi/egs/timit/s5/mfcc/raw_mfcc_train.2.ark:1035287
MMWB0_SX179 /home/sky/kaldi/egs/timit/s5/mfcc/raw_mfcc_train.8.ark:315546
MGES0_SX221 /home/sky/kaldi/egs/timit/s5/mfcc/raw_mfcc_train.6.ark:66337
FDAW0_SI1271 /home/sky/kaldi/egs/timit/s5/mfcc/raw_mfcc_train.1.ark:817641
FCEG0_SI1878 /home/sky/kaldi/egs/timit/s5/mfcc/raw_mfcc_train.1.ark:514620
FCEG0_SX78 /home/sky/kaldi/egs/timit/s5/mfcc/raw_mfcc_train.1.ark:534512
MBWP0_SX439 /home/sky/kaldi/egs/timit/s5/mfcc/raw_mfcc_train.4.ark:681493
FEME0_SX335 /home/sky/kaldi/egs/timit/s5/mfcc/raw_mfcc_train.1.ark:1281197
MRLR0_SX386 /home/sky/kaldi/egs/timit/s5/mfcc/raw_mfcc_train.9.ark:440092
MCEW0_SI2072 /home/sky/kaldi/egs/timit/s5/mfcc/raw_mfcc_train.4.ark:894457
MJRG0_SX286 /home/sky/kaldi/egs/timit/s5/mfcc/raw_mfcc_train.7.ark:2644
MBGT0_SX81 /home/sky/kaldi/egs/timit/s5/mfcc/raw_mfcc_train.4.ark:441649
FEXM0_SX366 /home/sky/kaldi/egs/timit/s5/mfcc/raw_mfcc_train.1.ark:1355015
MNTW0_SX78 /home/sky/kaldi/egs/timit/s5/mfcc/raw_mfcc_train.8.ark:489288
MVRW0_SI2115 /home/sky/kaldi/egs/timit/s5/mfcc/raw_mfcc_train.10.ark:1108274
MCDC0_SI1922 /home/sky/kaldi/egs/timit/s5/mfcc/raw_mfcc_train.4.ark:767570
MJRA0_SX66 /home/sky/kaldi/egs/timit/s5/mfcc/raw_mfcc_train.6.ark:1469125
FLHD0_SX264 /home/sky/kaldi/egs/timit/s5/mfcc/raw_mfcc_train.2.ark:914265
MESJ0_SI2039 /home/sky/kaldi/egs/timit/s5/mfcc/raw_mfcc_train.5.ark:1123063
MHMG0_SI1995 /home/sky/kaldi/egs/timit/s5/mfcc/raw_mfcc_train.6.ark:383003
MDNS0_SI1011 /home/sky/kaldi/egs/timit/s5/mfcc/raw_mfcc_train.5.ark:527479
FSJS0_SI1171 /home/sky/kaldi/egs/timit/s5/mfcc/raw_mfcc_train.3.ark:789293
MPRB0_SX305 /home/sky/kaldi/egs/timit/s5/mfcc/raw_mfcc_train.8.ark:786045
MRDD0_SI1050 /home/sky/kaldi/egs/timit/s5/mfcc/raw_mfcc_train.8.ark:1190401
MDKS0_SI2326 /home/sky/kaldi/egs/timit/s5/mfcc/raw_mfcc_train.5.ark:167377
FLAG0_SX114 /home/sky/kaldi/egs/timit/s5/mfcc/raw_mfcc_train.2.ark:814193
MMBS0_SX251 /home/sky/kaldi/egs/timit/s5/mfcc/raw_mfcc_train.7.ark:1266677
MCRE0_SX24 /home/sky/kaldi/egs/timit/s5/mfcc/raw_mfcc_train.4.ark:1075484
MHXL0_SX422 /home/sky/kaldi/egs/timit/s5/mfcc/raw_mfcc_train.6.ark:497673
MTCS0_SX352 /home/sky/kaldi/egs/timit/s5/mfcc/raw_mfcc_train.10.ark:227221
FALK0_SX366 /home/sky/kaldi/egs/timit/s5/mfcc/raw_mfcc_train.1.ark:89353
MDBB1_SX196 /home/sky/kaldi/egs/timit/s5/mfcc/raw_mfcc_train.4.ark:1297984
MDNS0_SX291 /home/sky/kaldi/egs/timit/s5/mfcc/raw_mfcc_train.5.ark:553248
MBAR0_SX329 /home/sky/kaldi/egs/timit/s5/mfcc/raw_mfcc_train.4.ark:312409
MTRC0_SX273 /home/sky/kaldi/egs/timit/s5/mfcc/raw_mfcc_train.10.ark:901982
FLMC0_SX292 /home/sky/kaldi/egs/timit/s5/mfcc/raw_mfcc_train.2.ark:1119155
MRMG0_SX450 /home/sky/kaldi/egs/timit/s5/mfcc/raw_mfcc_train.9.ark:497674
MRXB0_SX235 /home/sky/kaldi/egs/timit/s5/mfcc/raw_mfcc_train.9.ark:928119
MSAT1_SX83 /home/sky/kaldi/egs/timit/s5/mfcc/raw_mfcc_train.9.ark:1059422
FSMM0_SI684 /home/sky/kaldi/egs/timit/s5/mfcc/raw_mfcc_train.3.ark:1025788
FLMK0_SX135 /home/sky/kaldi/egs/timit/s5/mfcc/raw_mfcc_train.2.ark:1145746
MMDB0_SI1617 /home/sky/kaldi/egs/timit/s5/mfcc/raw_mfcc_train.7.ark:1321864
MTPF0_SX65 /home/sky/kaldi/egs/timit/s5/mfcc/raw_mfcc_train.10.ark:740355
MFRM0_SX255 /home/sky/kaldi/egs/timit/s5/mfcc/raw_mfcc_train.5.ark:1257180
MBTH0_SX32 /home/sky/kaldi/egs/timit/s5/mfcc/raw_mfcc_train.4.ark:648779
MSEM1_SX450 /home/sky/kaldi/egs/timit/s5/mfcc/raw_mfcc_train.9.ark:1191466
MJDE0_SX400 /home/sky/kaldi/egs/timit/s5/mfcc/raw_mfcc_train.6.ark:764399
FPAC0_SX121 /home/sky/kaldi/egs/timit/s5/mfcc/raw_mfcc_train.3.ark:135250
MMLM0_SI2150 /home/sky/kaldi/egs/timit/s5/mfcc/raw_mfcc_train.8.ark:133298
MJLG1_SX382 /home/sky/kaldi/egs/timit/s5/mfcc/raw_mfcc_train.6.ark:1220160
FREH0_SI685 /home/sky/kaldi/egs/timit/s5/mfcc/raw_mfcc_train.3.ark:366300
FDML0_SX69 /home/sky/kaldi/egs/timit/s5/mfcc/raw_mfcc_train.1.ark:972050
MHXL0_SI1772 /home/sky/kaldi/egs/timit/s5/mfcc/raw_mfcc_train.6.ark:473347
MGSH0_SX6 /home/sky/kaldi/egs/timit/s5/mfcc/raw_mfcc_train.6.ark:212334
FMEM0_SI747 /home/sky/kaldi/egs/timit/s5/mfcc/raw_mfcc_train.2.ark:1301401
FCEG0_SX438 /home/sky/kaldi/egs/timit/s5/mfcc/raw_mfcc_train.1.ark:529852
FHXS0_SI2335 /home/sky/kaldi/egs/timit/s5/mfcc/raw_mfcc_train.2.ark:13
MDAC0_SX91 /home/sky/kaldi/egs/timit/s5/mfcc/raw_mfcc_train.4.ark:1246627
FCRZ0_SX253 /home/sky/kaldi/egs/timit/s5/mfcc/raw_mfcc_train.1.ark:735573
MSDH0_SX260 /home/sky/kaldi/egs/timit/s5/mfcc/raw_mfcc_train.9.ark:1102105
FJEN0_SX327 /home/sky/kaldi/egs/timit/s5/mfcc/raw_mfcc_train.2.ark:80087
MAJP0_SX174 /home/sky/kaldi/egs/timit/s5/mfcc/raw_mfcc_train.4.ark:110617
MDWH0_SX305 /home/sky/kaldi/egs/timit/s5/mfcc/raw_mfcc_train.5.ark:860028
FDKN0_SX271 /home/sky/kaldi/egs/timit/s5/mfcc/raw_mfcc_train.1.ark:929631
FDAS1_SX291 /home/sky/kaldi/egs/timit/s5/mfcc/raw_mfcc_train.1.ark:810710
FJDM2_SI1964 /home/sky/kaldi/egs/timit/s5/mfcc/raw_mfcc_train.2.ark:27961
FSMS1_SX154 /home/sky/kaldi/egs/timit/s5/mfcc/raw_mfcc_train.3.ark:1065658
FCEG0_SX258 /home/sky/kaldi/egs/timit/s5/mfcc/raw_mfcc_train.1.ark:522207
MKAH0_SI1528 /home/sky/kaldi/egs/timit/s5/mfcc/raw_mfcc_train.7.ark:388456
FAPB0_SX73 /home/sky/kaldi/egs/timit/s5/mfcc/raw_mfcc_train.1.ark:167544
MSFV0_SX452 /home/sky/kaldi/egs/timit/s5/mfcc/raw_mfcc_train.9.ark:1295560
MEGJ0_SI1337 /home/sky/kaldi/egs/timit/s5/mfcc/raw_mfcc_train.5.ark:994215
MDMA0_SX440 /home/sky/kaldi/egs/timit/s5/mfcc/raw_mfcc_train.5.ark:488460
MRJT0_SI1805 /home/sky/kaldi/egs/timit/s5/mfcc/raw_mfcc_train.9.ark:223741
FBMJ0_SX336 /home/sky/kaldi/egs/timit/s5/mfcc/raw_mfcc_train.1.ark:396366
MBMA0_SI592 /home/sky/kaldi/egs/timit/s5/mfcc/raw_mfcc_train.4.ark:483719
MVJH0_SX116 /home/sky/kaldi/egs/timit/s5/mfcc/raw_mfcc_train.10.ark:1053912
MJAE0_SI1524 /home/sky/kaldi/egs/timit/s5/mfcc/raw_mfcc_train.6.ark:568882
MRGM0_SX442 /home/sky/kaldi/egs/timit/s5/mfcc/raw_mfcc_train.9.ark:12
FMAH1_SI2139 /home/sky/kaldi/egs/timit/s5/mfcc/raw_mfcc_train.2.ark:1232017
MNTW0_SI1698 /home/sky/kaldi/egs/timit/s5/mfcc/raw_mfcc_train.8.ark:464871
MKXL0_SI1815 /home/sky/kaldi/egs/timit/s5/mfcc/raw_mfcc_train.7.ark:840168
MLNS0_SX327 /home/sky/kaldi/egs/timit/s5/mfcc/raw_mfcc_train.7.ark:1027773
MSRG0_SX321 /home/sky/kaldi/egs/timit/s5/mfcc/raw_mfcc_train.9.ark:1455750
MMWS0_SX258 /home/sky/kaldi/egs/timit/s5/mfcc/raw_mfcc_train.8.ark:355649
MJFH0_SI1107 /home/sky/kaldi/egs/timit/s5/mfcc/raw_mfcc_train.6.ark:934681
MJKR0_SX301 /home/sky/kaldi/egs/timit/s5/mfcc/raw_mfcc_train.6.ark:1153433
FBMJ0_SX246 /home/sky/kaldi/egs/timit/s5/mfcc/raw_mfcc_train.1.ark:392940
MFRM0_SI1785 /home/sky/kaldi/egs/timit/s5/mfcc/raw_mfcc_train.5.ark:1249665
MKXL0_SI1958 /home/sky/kaldi/egs/timit/s5/mfcc/raw_mfcc_train.7.ark:846052
FKLH0_SX357 /home/sky/kaldi/egs/timit/s5/mfcc/raw_mfcc_train.2.ark:723855
FJLR0_SX331 /home/sky/kaldi/egs/timit/s5/mfcc/raw_mfcc_train.2.ark:211825
MCEW0_SX452 /home/sky/kaldi/egs/timit/s5/mfcc/raw_mfcc_train.4.ark:921129
MJPG0_SI1821 /home/sky/kaldi/egs/timit/s5/mfcc/raw_mfcc_train.6.ark:1349560
FLOD0_SX171 /home/sky/kaldi/egs/timit/s5/mfcc/raw_mfcc_train.2.ark:1180156
MKAJ0_SI1414 /home/sky/kaldi/egs/timit/s5/mfcc/raw_mfcc_train.7.ark:421390
MLJC0_SI595 /home/sky/kaldi/egs/timit/s5/mfcc/raw_mfcc_train.7.ark:946115
MPFU0_SI1258 /home/sky/kaldi/egs/timit/s5/mfcc/raw_mfcc_train.8.ark:550016
FSAK0_SI670 /home/sky/kaldi/egs/timit/s5/mfcc/raw_mfcc_train.3.ark:528305
FDJH0_SX215 /home/sky/kaldi/egs/timit/s5/mfcc/raw_mfcc_train.1.ark:896215
MREM0_SI961 /home/sky/kaldi/egs/timit/s5/mfcc/raw_mfcc_train.8.ark:1361626
MSAT1_SI1073 /home/sky/kaldi/egs/timit/s5/mfcc/raw_mfcc_train.9.ark:1031955
MEWM0_SI1978 /home/sky/kaldi/egs/timit/s5/mfcc/raw_mfcc_train.5.ark:1154534
MJSR0_SI2054 /home/sky/kaldi/egs/timit/s5/mfcc/raw_mfcc_train.7.ark:145578
MSJK0_SI1596 /home/sky/kaldi/egs/timit/s5/mfcc/raw_mfcc_train.9.ark:1305402
MRGS0_SX186 /home/sky/kaldi/egs/timit/s5/mfcc/raw_mfcc_train.9.ark:24917
FMKC0_SX82 /home/sky/kaldi/egs/timit/s5/mfcc/raw_mfcc_train.2.ark:1458820
MCTH0_SX399 /home/sky/kaldi/egs/timit/s5/mfcc/raw_mfcc_train.4.ark:1149255
FCLT0_SX358 /home/sky/kaldi/egs/timit/s5/mfcc/raw_mfcc_train.1.ark:642276
FJSP0_SX174 /home/sky/kaldi/egs/timit/s5/mfcc/raw_mfcc_train.2.ark:342261
MBMA1_SI2214 /home/sky/kaldi/egs/timit/s5/mfcc/raw_mfcc_train.4.ark:508573
MTAT1_SX149 /home/sky/kaldi/egs/timit/s5/mfcc/raw_mfcc_train.10.ark:152213
MMBS0_SI1781 /home/sky/kaldi/egs/timit/s5/mfcc/raw_mfcc_train.7.ark:1251940
MDWM0_SX106 /home/sky/kaldi/egs/timit/s5/mfcc/raw_mfcc_train.5.ark:886682
MCDD0_SI1513 /home/sky/kaldi/egs/timit/s5/mfcc/raw_mfcc_train.4.ark:794464
MSMC0_SX287 /home/sky/kaldi/egs/timit/s5/mfcc/raw_mfcc_train.9.ark:1364845
FDJH0_SI2195 /home/sky/kaldi/egs/timit/s5/mfcc/raw_mfcc_train.1.ark:883298
MAFM0_SI2199 /home/sky/kaldi/egs/timit/s5/mfcc/raw_mfcc_train.4.ark:72754
FSJK1_SX395 /home/sky/kaldi/egs/timit/s5/mfcc/raw_mfcc_train.3.ark:785671
MABC0_SX421 /home/sky/kaldi/egs/timit/s5/mfcc/raw_mfcc_train.3.ark:1456155
MTML0_SX75 /home/sky/kaldi/egs/timit/s5/mfcc/raw_mfcc_train.10.ark:641631
MTKP0_SI1023 /home/sky/kaldi/egs/timit/s5/mfcc/raw_mfcc_train.10.ark:514712
MGJC0_SX255 /home/sky/kaldi/egs/timit/s5/mfcc/raw_mfcc_train.6.ark:100117
FDFB0_SX328 /home/sky/kaldi/egs/timit/s5/mfcc/raw_mfcc_train.1.ark:868280
MBSB0_SX363 /home/sky/kaldi/egs/timit/s5/mfcc/raw_mfcc_train.4.ark:616614
FKFB0_SX168 /home/sky/kaldi/egs/timit/s5/mfcc/raw_mfcc_train.2.ark:578142
MDSJ0_SX382 /home/sky/kaldi/egs/timit/s5/mfcc/raw_mfcc_train.5.ark:712991
MDLC2_SX264 /home/sky/kaldi/egs/timit/s5/mfcc/raw_mfcc_train.5.ark:314078
MGJC0_SX75 /home/sky/kaldi/egs/timit/s5/mfcc/raw_mfcc_train.6.ark:114853
MGAG0_SI645 /home/sky/kaldi/egs/timit/s5/mfcc/raw_mfcc_train.5.ark:1399067
FLJG0_SI1611 /home/sky/kaldi/egs/timit/s5/mfcc/raw_mfcc_train.2.ark:996841
MRTC0_SI1458 /home/sky/kaldi/egs/timit/s5/mfcc/raw_mfcc_train.9.ark:745610
MMAG0_SX226 /home/sky/kaldi/egs/timit/s5/mfcc/raw_mfcc_train.7.ark:1163402
MTJU0_SX40 /home/sky/kaldi/egs/timit/s5/mfcc/raw_mfcc_train.10.ark:471779
FDMY0_SX207 /home/sky/kaldi/egs/timit/s5/mfcc/raw_mfcc_train.1.ark:1002675
MJDM0_SX350 /home/sky/kaldi/egs/timit/s5/mfcc/raw_mfcc_train.6.ark:822182
FSJS0_SI541 /home/sky/kaldi/egs/timit/s5/mfcc/raw_mfcc_train.3.ark:797277
MAKB0_SX26 /home/sky/kaldi/egs/timit/s5/mfcc/raw_mfcc_train.4.ark:162025
FPAF0_SX244 /home/sky/kaldi/egs/timit/s5/mfcc/raw_mfcc_train.3.ark:207223
MHMG0_SX15 /home/sky/kaldi/egs/timit/s5/mfcc/raw_mfcc_train.6.ark:395776
FVFB0_SX42 /home/sky/kaldi/egs/timit/s5/mfcc/raw_mfcc_train.3.ark:1369280
MRAI0_SX252 /home/sky/kaldi/egs/timit/s5/mfcc/raw_mfcc_train.8.ark:1013195
MFXS0_SX414 /home/sky/kaldi/egs/timit/s5/mfcc/raw_mfcc_train.5.ark:1325871
MPRD0_SX261 /home/sky/kaldi/egs/timit/s5/mfcc/raw_mfcc_train.8.ark:819349
FNKL0_SX82 /home/sky/kaldi/egs/timit/s5/mfcc/raw_mfcc_train.3.ark:47292
MRJM0_SX148 /home/sky/kaldi/egs/timit/s5/mfcc/raw_mfcc_train.9.ark:165310
MEJS0_SI610 /home/sky/kaldi/egs/timit/s5/mfcc/raw_mfcc_train.5.ark:1068039
FTBW0_SI715 /home/sky/kaldi/egs/timit/s5/mfcc/raw_mfcc_train.3.ark:1251672
MKJO0_SI887 /home/sky/kaldi/egs/timit/s5/mfcc/raw_mfcc_train.7.ark:624312
FTBW0_SX445 /home/sky/kaldi/egs/timit/s5/mfcc/raw_mfcc_train.3.ark:1270550
MRTJ0_SI1551 /home/sky/kaldi/egs/timit/s5/mfcc/raw_mfcc_train.9.ark:781001
MAEO0_SX156 /home/sky/kaldi/egs/timit/s5/mfcc/raw_mfcc_train.4.ark:51456
MFMC0_SI502 /home/sky/kaldi/egs/timit/s5/mfcc/raw_mfcc_train.5.ark:1215521
MMAA0_SI1588 /home/sky/kaldi/egs/timit/s5/mfcc/raw_mfcc_train.7.ark:1074469
FREH0_SX55 /home/sky/kaldi/egs/timit/s5/mfcc/raw_mfcc_train.3.ark:381388
FDJH0_SI935 /home/sky/kaldi/egs/timit/s5/mfcc/raw_mfcc_train.1.ark:887465
MRLR0_SI566 /home/sky/kaldi/egs/timit/s5/mfcc/raw_mfcc_train.9.ark:421793
MTJM0_SX236 /home/sky/kaldi/egs/timit/s5/mfcc/raw_mfcc_train.10.ark:396616
MJMM0_SX265 /home/sky/kaldi/egs/timit/s5/mfcc/raw_mfcc_train.6.ark:1333352
MABC0_SX151 /home/sky/kaldi/egs/timit/s5/mfcc/raw_mfcc_train.3.ark:1446033
FBMH0_SX326 /home/sky/kaldi/egs/timit/s5/mfcc/raw_mfcc_train.1.ark:363927
FBJL0_SI2182 /home/sky/kaldi/egs/timit/s5/mfcc/raw_mfcc_train.1.ark:278959
MRJT0_SX328 /home/sky/kaldi/egs/timit/s5/mfcc/raw_mfcc_train.9.ark:238810
MMAA0_SI845 /home/sky/kaldi/egs/timit/s5/mfcc/raw_mfcc_train.7.ark:1084000
MDLH0_SI700 /home/sky/kaldi/egs/timit/s5/mfcc/raw_mfcc_train.5.ark:335752
MFMC0_SI1762 /home/sky/kaldi/egs/timit/s5/mfcc/raw_mfcc_train.5.ark:1211523
FEME0_SX155 /home/sky/kaldi/egs/timit/s5/mfcc/raw_mfcc_train.1.ark:1272837
MDEM0_SX338 /home/sky/kaldi/egs/timit/s5/mfcc/raw_mfcc_train.5.ark:54277
MRXB0_SX145 /home/sky/kaldi/egs/timit/s5/mfcc/raw_mfcc_train.9.ark:924550
MDLR0_SI1863 /home/sky/kaldi/egs/timit/s5/mfcc/raw_mfcc_train.5.ark:396075
MJEE0_SX337 /home/sky/kaldi/egs/timit/s5/mfcc/raw_mfcc_train.6.ark:921751
MMEA0_SI758 /home/sky/kaldi/egs/timit/s5/mfcc/raw_mfcc_train.7.ark:1478429
FSLS0_SX156 /home/sky/kaldi/egs/timit/s5/mfcc/raw_mfcc_train.3.ark:965257
MCTH0_SI1209 /home/sky/kaldi/egs/timit/s5/mfcc/raw_mfcc_train.4.ark:1120918
MKLN0_SX68 /home/sky/kaldi/egs/timit/s5/mfcc/raw_mfcc_train.7.ark:674076
MRJB1_SX120 /home/sky/kaldi/egs/timit/s5/mfcc/raw_mfcc_train.9.ark:94541
MCDD0_SX163 /home/sky/kaldi/egs/timit/s5/mfcc/raw_mfcc_train.4.ark:805107
MDSJ0_SX112 /home/sky/kaldi/egs/timit/s5/mfcc/raw_mfcc_train.5.ark:701479
FJSP0_SX84 /home/sky/kaldi/egs/timit/s5/mfcc/raw_mfcc_train.2.ark:358746
FSKC0_SX426 /home/sky/kaldi/egs/timit/s5/mfcc/raw_mfcc_train.3.ark:881139
MJDA0_SI2291 /home/sky/kaldi/egs/timit/s5/mfcc/raw_mfcc_train.6.ark:672875
MMLM0_SX357 /home/sky/kaldi/egs/timit/s5/mfcc/raw_mfcc_train.8.ark:148822
MCEW0_SX272 /home/sky/kaldi/egs/timit/s5/mfcc/raw_mfcc_train.4.ark:910806
MWCH0_SI2252 /home/sky/kaldi/egs/timit/s5/mfcc/raw_mfcc_train.10.ark:1230738
MKDD0_SX217 /home/sky/kaldi/egs/timit/s5/mfcc/raw_mfcc_train.7.ark:535496
MMDM0_SI1941 /home/sky/kaldi/egs/timit/s5/mfcc/raw_mfcc_train.7.ark:1387537
MRLD0_SX154 /home/sky/kaldi/egs/timit/s5/mfcc/raw_mfcc_train.9.ark:306573
MGSL0_SX444 /home/sky/kaldi/egs/timit/s5/mfcc/raw_mfcc_train.6.ark:246892
MTKP0_SI2283 /home/sky/kaldi/egs/timit/s5/mfcc/raw_mfcc_train.10.ark:518698
MMDG0_SX340 /home/sky/kaldi/egs/timit/s5/mfcc/raw_mfcc_train.7.ark:1369087
FJHK0_SX32 /home/sky/kaldi/egs/timit/s5/mfcc/raw_mfcc_train.2.ark:121673
MDSS1_SX67 /home/sky/kaldi/egs/timit/s5/mfcc/raw_mfcc_train.5.ark:773510
MVLO0_SI1147 /home/sky/kaldi/egs/timit/s5/mfcc/raw_mfcc_train.10.ark:1070158
MCTM0_SX270 /home/sky/kaldi/egs/timit/s5/mfcc/raw_mfcc_train.4.ark:1170313
MTRC0_SX183 /home/sky/kaldi/egs/timit/s5/mfcc/raw_mfcc_train.10.ark:898829
FKLH0_SX177 /home/sky/kaldi/egs/timit/s5/mfcc/raw_mfcc_train.2.ark:716639
MLBC0_SX249 /home/sky/kaldi/egs/timit/s5/mfcc/raw_mfcc_train.7.ark:885175
MNET0_SI816 /home/sky/kaldi/egs/timit/s5/mfcc/raw_mfcc_train.8.ark:436886
MCXM0_SX181 /home/sky/kaldi/egs/timit/s5/mfcc/raw_mfcc_train.4.ark:1196168
FSJW0_SX163 /home/sky/kaldi/egs/timit/s5/mfcc/raw_mfcc_train.3.ark:838655
MDSJ0_SI832 /home/sky/kaldi/egs/timit/s5/mfcc/raw_mfcc_train.5.ark:697832
MMAA0_SX305 /home/sky/kaldi/egs/timit/s5/mfcc/raw_mfcc_train.7.ark:1098061
FLJA0_SX268 /home/sky/kaldi/egs/timit/s5/mfcc/raw_mfcc_train.2.ark:947135
MADD0_SI1295 /home/sky/kaldi/egs/timit/s5/mfcc/raw_mfcc_train.3.ark:1497527
FCDR1_SI1186 /home/sky/kaldi/egs/timit/s5/mfcc/raw_mfcc_train.1.ark:468314
MNET0_SI2076 /home/sky/kaldi/egs/timit/s5/mfcc/raw_mfcc_train.8.ark:434617
FCMM0_SX183 /home/sky/kaldi/egs/timit/s5/mfcc/raw_mfcc_train.1.ark:701033
MJFR0_SX255 /home/sky/kaldi/egs/timit/s5/mfcc/raw_mfcc_train.6.ark:977563
MCRE0_SX221 /home/sky/kaldi/egs/timit/s5/mfcc/raw_mfcc_train.4.ark:1071071
MRJM1_SX38 /home/sky/kaldi/egs/timit/s5/mfcc/raw_mfcc_train.9.ark:211368
MRJM1_SI1298 /home/sky/kaldi/egs/timit/s5/mfcc/raw_mfcc_train.9.ark:186821
MBEF0_SX291 /home/sky/kaldi/egs/timit/s5/mfcc/raw_mfcc_train.4.ark:405172
MTMN0_SI2324 /home/sky/kaldi/egs/timit/s5/mfcc/raw_mfcc_train.10.ark:650396
FKAA0_SX128 /home/sky/kaldi/egs/timit/s5/mfcc/raw_mfcc_train.2.ark:473450
MJPM0_SX18 /home/sky/kaldi/egs/timit/s5/mfcc/raw_mfcc_train.6.ark:1391887
MRAM0_SX15 /home/sky/kaldi/egs/timit/s5/mfcc/raw_mfcc_train.8.ark:1046402
MJMA0_SX145 /home/sky/kaldi/egs/timit/s5/mfcc/raw_mfcc_train.6.ark:1272104
MMVP0_SX294 /home/sky/kaldi/egs/timit/s5/mfcc/raw_mfcc_train.8.ark:284783
MDKS0_SI1066 /home/sky/kaldi/egs/timit/s5/mfcc/raw_mfcc_train.5.ark:161940
FSSB0_SX452 /home/sky/kaldi/egs/timit/s5/mfcc/raw_mfcc_train.3.ark:1178379
FCLT0_SX178 /home/sky/kaldi/egs/timit/s5/mfcc/raw_mfcc_train.1.ark:633617
MADC0_SX107 /home/sky/kaldi/egs/timit/s5/mfcc/raw_mfcc_train.3.ark:1479266
FKDE0_SI1771 /home/sky/kaldi/egs/timit/s5/mfcc/raw_mfcc_train.2.ark:502470
MCAL0_SI1138 /home/sky/kaldi/egs/timit/s5/mfcc/raw_mfcc_train.4.ark:732249
FCKE0_SI481 /home/sky/kaldi/egs/timit/s5/mfcc/raw_mfcc_train.1.ark:600572
FJRB0_SX132 /home/sky/kaldi/egs/timit/s5/mfcc/raw_mfcc_train.2.ark:234670
FHLM0_SX120 /home/sky/kaldi/egs/timit/s5/mfcc/raw_mfcc_train.1.ark:1517755
FJWB1_SI748 /home/sky/kaldi/egs/timit/s5/mfcc/raw_mfcc_train.2.ark:366691
MCRE0_SI1121 /home/sky/kaldi/egs/timit/s5/mfcc/raw_mfcc_train.4.ark:1055454
FSJW0_SX433 /home/sky/kaldi/egs/timit/s5/mfcc/raw_mfcc_train.3.ark:850064
MPRD0_SX351 /home/sky/kaldi/egs/timit/s5/mfcc/raw_mfcc_train.8.ark:822710
FKSR0_SX397 /home/sky/kaldi/egs/timit/s5/mfcc/raw_mfcc_train.2.ark:764485
MTPP0_SI878 /home/sky/kaldi/egs/timit/s5/mfcc/raw_mfcc_train.10.ark:780852
MTPR0_SX160 /home/sky/kaldi/egs/timit/s5/mfcc/raw_mfcc_train.10.ark:816276
MJAI0_SI710 /home/sky/kaldi/egs/timit/s5/mfcc/raw_mfcc_train.6.ark:612686
MGJC0_SX165 /home/sky/kaldi/egs/timit/s5/mfcc/raw_mfcc_train.6.ark:95118
MAEB0_SI1411 /home/sky/kaldi/egs/timit/s5/mfcc/raw_mfcc_train.4.ark:7891
MDMT0_SI1832 /home/sky/kaldi/egs/timit/s5/mfcc/raw_mfcc_train.5.ark:497938
FDTD0_SX301 /home/sky/kaldi/egs/timit/s5/mfcc/raw_mfcc_train.1.ark:1077989
MDLH0_SX250 /home/sky/kaldi/egs/timit/s5/mfcc/raw_mfcc_train.5.ark:346556
MTBC0_SI1173 /home/sky/kaldi/egs/timit/s5/mfcc/raw_mfcc_train.10.ark:176844
MSRR0_SI501 /home/sky/kaldi/egs/timit/s5/mfcc/raw_mfcc_train.9.ark:1476495
MSVS0_SX218 /home/sky/kaldi/egs/timit/s5/mfcc/raw_mfcc_train.10.ark:24306
FKSR0_SX161 /home/sky/kaldi/egs/timit/s5/mfcc/raw_mfcc_train.2.ark:747428
MJAC0_SX251 /home/sky/kaldi/egs/timit/s5/mfcc/raw_mfcc_train.6.ark:548411
MTER0_SI1157 /home/sky/kaldi/egs/timit/s5/mfcc/raw_mfcc_train.10.ark:312754
MBCG0_SX147 /home/sky/kaldi/egs/timit/s5/mfcc/raw_mfcc_train.4.ark:365263
FETB0_SX248 /home/sky/kaldi/egs/timit/s5/mfcc/raw_mfcc_train.1.ark:1310549
MJEB1_SX117 /home/sky/kaldi/egs/timit/s5/mfcc/raw_mfcc_train.6.ark:885150
MBGT0_SI711 /home/sky/kaldi/egs/timit/s5/mfcc/raw_mfcc_train.4.ark:419281
MEJS0_SX250 /home/sky/kaldi/egs/timit/s5/mfcc/raw_mfcc_train.5.ark:1077075
MRLK0_SX123 /home/sky/kaldi/egs/timit/s5/mfcc/raw_mfcc_train.9.ark:395782
FCKE0_SI1741 /home/sky/kaldi/egs/timit/s5/mfcc/raw_mfcc_train.1.ark:594650
FLHD0_SX354 /home/sky/kaldi/egs/timit/s5/mfcc/raw_mfcc_train.2.ark:918042
MDWH0_SX215 /home/sky/kaldi/egs/timit/s5/mfcc/raw_mfcc_train.5.ark:854860
FDAS1_SX381 /home/sky/kaldi/egs/timit/s5/mfcc/raw_mfcc_train.1.ark:814396
MDLC2_SX444 /home/sky/kaldi/egs/timit/s5/mfcc/raw_mfcc_train.5.ark:320670
MRAV0_SI2268 /home/sky/kaldi/egs/timit/s5/mfcc/raw_mfcc_train.8.ark:1068313
FJLG0_SX179 /home/sky/kaldi/egs/timit/s5/mfcc/raw_mfcc_train.2.ark:170687
MMDM0_SI1311 /home/sky/kaldi/egs/timit/s5/mfcc/raw_mfcc_train.7.ark:1380392
FSDJ0_SX395 /home/sky/kaldi/egs/timit/s5/mfcc/raw_mfcc_train.3.ark:680746
MRCG0_SX258 /home/sky/kaldi/egs/timit/s5/mfcc/raw_mfcc_train.8.ark:1140292
FSKL0_SI1529 /home/sky/kaldi/egs/timit/s5/mfcc/raw_mfcc_train.3.ark:888628
FLOD0_SX117 /home/sky/kaldi/egs/timit/s5/mfcc/raw_mfcc_train.2.ark:1177029
MDEM0_SI608 /home/sky/kaldi/egs/timit/s5/mfcc/raw_mfcc_train.5.ark:33228
MFMC0_SX412 /home/sky/kaldi/egs/timit/s5/mfcc/raw_mfcc_train.5.ark:1232826
MESG0_SX72 /home/sky/kaldi/egs/timit/s5/mfcc/raw_mfcc_train.5.ark:1120767
FLMK0_SX315 /home/sky/kaldi/egs/timit/s5/mfcc/raw_mfcc_train.2.ark:1153599
MDJM0_SX195 /home/sky/kaldi/egs/timit/s5/mfcc/raw_mfcc_train.5.ark:151960
MTDB0_SI1401 /home/sky/kaldi/egs/timit/s5/mfcc/raw_mfcc_train.10.ark:240840
MDED0_SI540 /home/sky/kaldi/egs/timit/s5/mfcc/raw_mfcc_train.4.ark:1445981
MWSH0_SX166 /home/sky/kaldi/egs/timit/s5/mfcc/raw_mfcc_train.10.ark:1458708
MAJP0_SI1074 /home/sky/kaldi/egs/timit/s5/mfcc/raw_mfcc_train.4.ark:97399
MSDB0_SX107 /home/sky/kaldi/egs/timit/s5/mfcc/raw_mfcc_train.9.ark:1073415
FNTB0_SX213 /home/sky/kaldi/egs/timit/s5/mfcc/raw_mfcc_train.3.ark:68856
MJFR0_SX435 /home/sky/kaldi/egs/timit/s5/mfcc/raw_mfcc_train.6.ark:986651
MEWM0_SX268 /home/sky/kaldi/egs/timit/s5/mfcc/raw_mfcc_train.5.ark:1165371
MPRK0_SI1097 /home/sky/kaldi/egs/timit/s5/mfcc/raw_mfcc_train.8.ark:834899
MKJO0_SX77 /home/sky/kaldi/egs/timit/s5/mfcc/raw_mfcc_train.7.ark:643274
FKKH0_SX120 /home/sky/kaldi/egs/timit/s5/mfcc/raw_mfcc_train.2.ark:618980
MRHL0_SX165 /home/sky/kaldi/egs/timit/s5/mfcc/raw_mfcc_train.9.ark:58096
MWAD0_SX162 /home/sky/kaldi/egs/timit/s5/mfcc/raw_mfcc_train.10.ark:1177992
MMEA0_SX398 /home/sky/kaldi/egs/timit/s5/mfcc/raw_mfcc_train.7.ark:1496468
FGRW0_SI1990 /home/sky/kaldi/egs/timit/s5/mfcc/raw_mfcc_train.1.ark:1481824
FHXS0_SI1075 /home/sky/kaldi/egs/timit/s5/mfcc/raw_mfcc_train.1.ark:1541321
MDLR0_SX243 /home/sky/kaldi/egs/timit/s5/mfcc/raw_mfcc_train.5.ark:407042
MAKB0_SI1016 /home/sky/kaldi/egs/timit/s5/mfcc/raw_mfcc_train.4.ark:133948
MJDA0_SX131 /home/sky/kaldi/egs/timit/s5/mfcc/raw_mfcc_train.6.ark:677211
MJRH0_SX315 /home/sky/kaldi/egs/timit/s5/mfcc/raw_mfcc_train.7.ark:38154
FPLS0_SI1590 /home/sky/kaldi/egs/timit/s5/mfcc/raw_mfcc_train.3.ark:288615
FGRW0_SI1152 /home/sky/kaldi/egs/timit/s5/mfcc/raw_mfcc_train.1.ark:1470030
FLEH0_SX331 /home/sky/kaldi/egs/timit/s5/mfcc/raw_mfcc_train.2.ark:855618
MLSH0_SI787 /home/sky/kaldi/egs/timit/s5/mfcc/raw_mfcc_train.7.ark:1049727
MREW1_SX330 /home/sky/kaldi/egs/timit/s5/mfcc/raw_mfcc_train.8.ark:1400977
MJPM1_SX311 /home/sky/kaldi/egs/timit/s5/mfcc/raw_mfcc_train.6.ark:1424855
MCLK0_SI650 /home/sky/kaldi/egs/timit/s5/mfcc/raw_mfcc_train.4.ark:971500
FEAR0_SX82 /home/sky/kaldi/egs/timit/s5/mfcc/raw_mfcc_train.1.ark:1183526
MJLS0_SX16 /home/sky/kaldi/egs/timit/s5/mfcc/raw_mfcc_train.6.ark:1242738
MCEF0_SX55 /home/sky/kaldi/egs/timit/s5/mfcc/raw_mfcc_train.4.ark:886212
MAJP0_SX84 /home/sky/kaldi/egs/timit/s5/mfcc/raw_mfcc_train.4.ark:129000
MTMN0_SI582 /home/sky/kaldi/egs/timit/s5/mfcc/raw_mfcc_train.10.ark:655733
MJDC0_SX261 /home/sky/kaldi/egs/timit/s5/mfcc/raw_mfcc_train.6.ark:713844
MMAM0_SI1668 /home/sky/kaldi/egs/timit/s5/mfcc/raw_mfcc_train.7.ark:1185226
FKAA0_SX218 /home/sky/kaldi/egs/timit/s5/mfcc/raw_mfcc_train.2.ark:476837
MSAT1_SI2333 /home/sky/kaldi/egs/timit/s5/mfcc/raw_mfcc_train.9.ark:1039875
MMWS0_SX438 /home/sky/kaldi/egs/timit/s5/mfcc/raw_mfcc_train.8.ark:363866
MRLK0_SX393 /home/sky/kaldi/egs/timit/s5/mfcc/raw_mfcc_train.9.ark:408744
MTDP0_SX171 /home/sky/kaldi/egs/timit/s5/mfcc/raw_mfcc_train.10.ark:287603
FBMH0_SX146 /home/sky/kaldi/egs/timit/s5/mfcc/raw_mfcc_train.1.ark:357491
MKDB0_SX62 /home/sky/kaldi/egs/timit/s5/mfcc/raw_mfcc_train.7.ark:512306
MJRK0_SI880 /home/sky/kaldi/egs/timit/s5/mfcc/raw_mfcc_train.7.ark:86139
FCAG0_SX333 /home/sky/kaldi/egs/timit/s5/mfcc/raw_mfcc_train.1.ark:426753
MRAB1_SX128 /home/sky/kaldi/egs/timit/s5/mfcc/raw_mfcc_train.8.ark:974534
FLJG0_SX81 /home/sky/kaldi/egs/timit/s5/mfcc/raw_mfcc_train.2.ark:1031379
MCDR0_SI1154 /home/sky/kaldi/egs/timit/s5/mfcc/raw_mfcc_train.4.ark:823290
MAEO0_SI1655 /home/sky/kaldi/egs/timit/s5/mfcc/raw_mfcc_train.4.ark:44460
MRLR0_SX206 /home/sky/kaldi/egs/timit/s5/mfcc/raw_mfcc_train.9.ark:429113
MCAE0_SI1447 /home/sky/kaldi/egs/timit/s5/mfcc/raw_mfcc_train.4.ark:690464
MDLB0_SX136 /home/sky/kaldi/egs/timit/s5/mfcc/raw_mfcc_train.5.ark:209470
MJFR0_SI975 /home/sky/kaldi/egs/timit/s5/mfcc/raw_mfcc_train.6.ark:968631
MDJM0_SI1455 /home/sky/kaldi/egs/timit/s5/mfcc/raw_mfcc_train.5.ark:130709
FSJG0_SI940 /home/sky/kaldi/egs/timit/s5/mfcc/raw_mfcc_train.3.ark:725767
FLET0_SI507 /home/sky/kaldi/egs/timit/s5/mfcc/raw_mfcc_train.2.ark:876675
FALK0_SI658 /home/sky/kaldi/egs/timit/s5/mfcc/raw_mfcc_train.1.ark:76033
MBBR0_SX65 /home/sky/kaldi/egs/timit/s5/mfcc/raw_mfcc_train.4.ark:351038
FBMH0_SI1766 /home/sky/kaldi/egs/timit/s5/mfcc/raw_mfcc_train.1.ark:348442
MBML0_SX89 /home/sky/kaldi/egs/timit/s5/mfcc/raw_mfcc_train.4.ark:566586
FSJG0_SX130 /home/sky/kaldi/egs/timit/s5/mfcc/raw_mfcc_train.3.ark:732794
FMKC0_SX262 /home/sky/kaldi/egs/timit/s5/mfcc/raw_mfcc_train.2.ark:1445618
FSCN0_SX446 /home/sky/kaldi/egs/timit/s5/mfcc/raw_mfcc_train.3.ark:617536
FBMH0_SX236 /home/sky/kaldi/egs/timit/s5/mfcc/raw_mfcc_train.1.ark:360956
FEAC0_SI1875 /home/sky/kaldi/egs/timit/s5/mfcc/raw_mfcc_train.1.ark:1124031
MTLB0_SX54 /home/sky/kaldi/egs/timit/s5/mfcc/raw_mfcc_train.10.ark:577166
MDBP0_SX78 /home/sky/kaldi/egs/timit/s5/mfcc/raw_mfcc_train.4.ark:1341059
MCTM0_SX450 /home/sky/kaldi/egs/timit/s5/mfcc/raw_mfcc_train.4.ark:1177334
MBSB0_SX183 /home/sky/kaldi/egs/timit/s5/mfcc/raw_mfcc_train.4.ark:609965
FPAZ0_SX27 /home/sky/kaldi/egs/timit/s5/mfcc/raw_mfcc_train.3.ark:246169
MAPV0_SX33 /home/sky/kaldi/egs/timit/s5/mfcc/raw_mfcc_train.4.ark:225027
MSFV0_SI1892 /home/sky/kaldi/egs/timit/s5/mfcc/raw_mfcc_train.9.ark:1271995
MJLB0_SX266 /home/sky/kaldi/egs/timit/s5/mfcc/raw_mfcc_train.6.ark:1180952
MPEB0_SX150 /home/sky/kaldi/egs/timit/s5/mfcc/raw_mfcc_train.8.ark:530468
FDXW0_SX431 /home/sky/kaldi/egs/timit/s5/mfcc/raw_mfcc_train.1.ark:1114285
MSAH1_SI1049 /home/sky/kaldi/egs/timit/s5/mfcc/raw_mfcc_train.9.ark:943019
MEFG0_SI465 /home/sky/kaldi/egs/timit/s5/mfcc/raw_mfcc_train.5.ark:960086
MRDM0_SX245 /home/sky/kaldi/egs/timit/s5/mfcc/raw_mfcc_train.8.ark:1238159
FDKN0_SI1711 /home/sky/kaldi/egs/timit/s5/mfcc/raw_mfcc_train.1.ark:921362
MJWS0_SX153 /home/sky/kaldi/egs/timit/s5/mfcc/raw_mfcc_train.7.ark:229763
MTCS0_SI2265 /home/sky/kaldi/egs/timit/s5/mfcc/raw_mfcc_train.10.ark:210956
FCAJ0_SI849 /home/sky/kaldi/egs/timit/s5/mfcc/raw_mfcc_train.1.ark:444365
FJWB1_SX165 /home/sky/kaldi/egs/timit/s5/mfcc/raw_mfcc_train.2.ark:375831
MPFU0_SI628 /home/sky/kaldi/egs/timit/s5/mfcc/raw_mfcc_train.8.ark:558624
FDNC0_SI1278 /home/sky/kaldi/egs/timit/s5/mfcc/raw_mfcc_train.1.ark:1020396
FLHD0_SX174 /home/sky/kaldi/egs/timit/s5/mfcc/raw_mfcc_train.2.ark:909162
FSJK1_SX215 /home/sky/kaldi/egs/timit/s5/mfcc/raw_mfcc_train.3.ark:775173
MCEF0_SI1765 /home/sky/kaldi/egs/timit/s5/mfcc/raw_mfcc_train.4.ark:863460
MJEE0_SX67 /home/sky/kaldi/egs/timit/s5/mfcc/raw_mfcc_train.6.ark:929473
MBEF0_SX111 /home/sky/kaldi/egs/timit/s5/mfcc/raw_mfcc_train.4.ark:396923
MDMA0_SX80 /home/sky/kaldi/egs/timit/s5/mfcc/raw_mfcc_train.5.ark:494628
MMAB1_SI864 /home/sky/kaldi/egs/timit/s5/mfcc/raw_mfcc_train.7.ark:1114516
FSJK1_SI2285 /home/sky/kaldi/egs/timit/s5/mfcc/raw_mfcc_train.3.ark:764713
FBCG1_SI982 /home/sky/kaldi/egs/timit/s5/mfcc/raw_mfcc_train.1.ark:211994
MJKR0_SI1831 /home/sky/kaldi/egs/timit/s5/mfcc/raw_mfcc_train.6.ark:1136310
MTMT0_SX308 /home/sky/kaldi/egs/timit/s5/mfcc/raw_mfcc_train.10.ark:701077
FBJL0_SX382 /home/sky/kaldi/egs/timit/s5/mfcc/raw_mfcc_train.1.ark:303245
FBCH0_SI1586 /home/sky/kaldi/egs/timit/s5/mfcc/raw_mfcc_train.1.ark:239050
FLJA0_SX448 /home/sky/kaldi/egs/timit/s5/mfcc/raw_mfcc_train.2.ark:956106
FJLR0_SI601 /home/sky/kaldi/egs/timit/s5/mfcc/raw_mfcc_train.2.ark:199922
FAJW0_SI633 /home/sky/kaldi/egs/timit/s5/mfcc/raw_mfcc_train.1.ark:42998
FDAS1_SI831 /home/sky/kaldi/egs/timit/s5/mfcc/raw_mfcc_train.1.ark:793705
MTDB0_SX321 /home/sky/kaldi/egs/timit/s5/mfcc/raw_mfcc_train.10.ark:261364
MFXV0_SI1635 /home/sky/kaldi/egs/timit/s5/mfcc/raw_mfcc_train.5.ark:1345791
FKAA0_SI578 /home/sky/kaldi/egs/timit/s5/mfcc/raw_mfcc_train.2.ark:468685
MWGR0_SX166 /home/sky/kaldi/egs/timit/s5/mfcc/raw_mfcc_train.10.ark:1330458
MMJB1_SX328 /home/sky/kaldi/egs/timit/s5/mfcc/raw_mfcc_train.8.ark:117422
FSMM0_SX234 /home/sky/kaldi/egs/timit/s5/mfcc/raw_mfcc_train.3.ark:1033394
MWAC0_SI1601 /home/sky/kaldi/egs/timit/s5/mfcc/raw_mfcc_train.10.ark:1129396
FDKN0_SX91 /home/sky/kaldi/egs/timit/s5/mfcc/raw_mfcc_train.1.ark:943808
MMAG0_SI1126 /home/sky/kaldi/egs/timit/s5/mfcc/raw_mfcc_train.7.ark:1143652
MCLM0_SI826 /home/sky/kaldi/egs/timit/s5/mfcc/raw_mfcc_train.4.ark:1005253
MRWS0_SX202 /home/sky/kaldi/egs/timit/s5/mfcc/raw_mfcc_train.9.ark:897018
FJKL0_SX302 /home/sky/kaldi/egs/timit/s5/mfcc/raw_mfcc_train.2.ark:148790
FKSR0_SX217 /home/sky/kaldi/egs/timit/s5/mfcc/raw_mfcc_train.2.ark:752765
MJAE0_SX264 /home/sky/kaldi/egs/timit/s5/mfcc/raw_mfcc_train.6.ark:584473
MREH1_SX159 /home/sky/kaldi/egs/timit/s5/mfcc/raw_mfcc_train.8.ark:1330611
MRKM0_SX367 /home/sky/kaldi/egs/timit/s5/mfcc/raw_mfcc_train.9.ark:280935
MTBC0_SX347 /home/sky/kaldi/egs/timit/s5/mfcc/raw_mfcc_train.10.ark:195795
MDSS0_SX81 /home/sky/kaldi/egs/timit/s5/mfcc/raw_mfcc_train.5.ark:745321
MDAS0_SX186 /home/sky/kaldi/egs/timit/s5/mfcc/raw_mfcc_train.4.ark:1263986
MMGK0_SX152 /home/sky/kaldi/egs/timit/s5/mfcc/raw_mfcc_train.8.ark:81432
FSJS0_SX271 /home/sky/kaldi/egs/timit/s5/mfcc/raw_mfcc_train.3.ark:807613
FSRH0_SX401 /home/sky/kaldi/egs/timit/s5/mfcc/raw_mfcc_train.3.ark:1143988
FMJU0_SX309 /home/sky/kaldi/egs/timit/s5/mfcc/raw_mfcc_train.2.ark:1417279
FRLL0_SI884 /home/sky/kaldi/egs/timit/s5/mfcc/raw_mfcc_train.3.ark:424342
FPJF0_SX56 /home/sky/kaldi/egs/timit/s5/mfcc/raw_mfcc_train.3.ark:285123
MTKP0_SX213 /home/sky/kaldi/egs/timit/s5/mfcc/raw_mfcc_train.10.ark:535385
MGJC0_SI1335 /home/sky/kaldi/egs/timit/s5/mfcc/raw_mfcc_train.6.ark:86536
FVMH0_SI836 /home/sky/kaldi/egs/timit/s5/mfcc/raw_mfcc_train.3.ark:1414327
FGRW0_SI1782 /home/sky/kaldi/egs/timit/s5/mfcc/raw_mfcc_train.1.ark:1476954
FLAC0_SX181 /home/sky/kaldi/egs/timit/s5/mfcc/raw_mfcc_train.2.ark:779348
MMGC0_SX225 /home/sky/kaldi/egs/timit/s5/mfcc/raw_mfcc_train.8.ark:26698
FMKF0_SX276 /home/sky/kaldi/egs/timit/s5/mfcc/raw_mfcc_train.2.ark:1480567
MHMR0_SI1692 /home/sky/kaldi/egs/timit/s5/mfcc/raw_mfcc_train.6.ark:412388
MMPM0_SX251 /home/sky/kaldi/egs/timit/s5/mfcc/raw_mfcc_train.8.ark:175146
MRDD0_SX240 /home/sky/kaldi/egs/timit/s5/mfcc/raw_mfcc_train.8.ark:1205628
MREE0_SX204 /home/sky/kaldi/egs/timit/s5/mfcc/raw_mfcc_train.8.ark:1301259
MJJM0_SX107 /home/sky/kaldi/egs/timit/s5/mfcc/raw_mfcc_train.6.ark:1113829
MADD0_SI538 /home/sky/kaldi/egs/timit/s5/mfcc/raw_mfcc_train.3.ark:1504744
MDLC2_SI1614 /home/sky/kaldi/egs/timit/s5/mfcc/raw_mfcc_train.5.ark:300022
MCEW0_SI812 /home/sky/kaldi/egs/timit/s5/mfcc/raw_mfcc_train.4.ark:900028
FSMA0_SX451 /home/sky/kaldi/egs/timit/s5/mfcc/raw_mfcc_train.3.ark:1008586
MEJL0_SX422 /home/sky/kaldi/egs/timit/s5/mfcc/raw_mfcc_train.5.ark:1051565
FKKH0_SX390 /home/sky/kaldi/egs/timit/s5/mfcc/raw_mfcc_train.2.ark:633086
MEGJ0_SI1967 /home/sky/kaldi/egs/timit/s5/mfcc/raw_mfcc_train.5.ark:1002309
MJDM0_SI974 /home/sky/kaldi/egs/timit/s5/mfcc/raw_mfcc_train.6.ark:809408
MGXP0_SX187 /home/sky/kaldi/egs/timit/s5/mfcc/raw_mfcc_train.6.ark:272511
MEJL0_SI1654 /home/sky/kaldi/egs/timit/s5/mfcc/raw_mfcc_train.5.ark:1034032
FEME0_SX65 /home/sky/kaldi/egs/timit/s5/mfcc/raw_mfcc_train.1.ark:1291376
FECD0_SI2048 /home/sky/kaldi/egs/timit/s5/mfcc/raw_mfcc_train.1.ark:1194800
MTML0_SI1695 /home/sky/kaldi/egs/timit/s5/mfcc/raw_mfcc_train.10.ark:614978
MKDT0_SI2153 /home/sky/kaldi/egs/timit/s5/mfcc/raw_mfcc_train.7.ark:548134
MTJS0_SI1822 /home/sky/kaldi/egs/timit/s5/mfcc/raw_mfcc_train.10.ark:413708
FSLS0_SX426 /home/sky/kaldi/egs/timit/s5/mfcc/raw_mfcc_train.3.ark:975886
MTDB0_SX51 /home/sky/kaldi/egs/timit/s5/mfcc/raw_mfcc_train.10.ark:270178
FJDM2_SX52 /home/sky/kaldi/egs/timit/s5/mfcc/raw_mfcc_train.2.ark:55056
FBCG1_SI2242 /home/sky/kaldi/egs/timit/s5/mfcc/raw_mfcc_train.1.ark:209179
MRGS0_SX366 /home/sky/kaldi/egs/timit/s5/mfcc/raw_mfcc_train.9.ark:32406
FPAD0_SX176 /home/sky/kaldi/egs/timit/s5/mfcc/raw_mfcc_train.3.ark:168613
FSPM0_SX71 /home/sky/kaldi/egs/timit/s5/mfcc/raw_mfcc_train.3.ark:1118262
FHXS0_SX175 /home/sky/kaldi/egs/timit/s5/mfcc/raw_mfcc_train.2.ark:3556
MTAT0_SI1110 /home/sky/kaldi/egs/timit/s5/mfcc/raw_mfcc_train.10.ark:107596
MRAB1_SI1478 /home/sky/kaldi/egs/timit/s5/mfcc/raw_mfcc_train.8.ark:961434
MDSS1_SX427 /home/sky/kaldi/egs/timit/s5/mfcc/raw_mfcc_train.5.ark:770657
MJFR0_SX165 /home/sky/kaldi/egs/timit/s5/mfcc/raw_mfcc_train.6.ark:972837
FLMC0_SX382 /home/sky/kaldi/egs/timit/s5/mfcc/raw_mfcc_train.2.ark:1128997
MREW1_SX240 /home/sky/kaldi/egs/timit/s5/mfcc/raw_mfcc_train.8.ark:1397109
MAFM0_SI939 /home/sky/kaldi/egs/timit/s5/mfcc/raw_mfcc_train.4.ark:74308
MJPM1_SI1897 /home/sky/kaldi/egs/timit/s5/mfcc/raw_mfcc_train.6.ark:1407984
MEGJ0_SX437 /home/sky/kaldi/egs/timit/s5/mfcc/raw_mfcc_train.5.ark:1021127
MCEW0_SX182 /home/sky/kaldi/egs/timit/s5/mfcc/raw_mfcc_train.4.ark:906977
MAJP0_SI2334 /home/sky/kaldi/egs/timit/s5/mfcc/raw_mfcc_train.4.ark:106294
FDAW0_SX416 /home/sky/kaldi/egs/timit/s5/mfcc/raw_mfcc_train.1.ark:844569
MVRW0_SX45 /home/sky/kaldi/egs/timit/s5/mfcc/raw_mfcc_train.10.ark:1126281
FEEH0_SX392 /home/sky/kaldi/egs/timit/s5/mfcc/raw_mfcc_train.1.ark:1254971
MSJK0_SI2226 /home/sky/kaldi/egs/timit/s5/mfcc/raw_mfcc_train.9.ark:1311715
MTKP0_SX303 /home/sky/kaldi/egs/timit/s5/mfcc/raw_mfcc_train.10.ark:538915
MTMT0_SX128 /home/sky/kaldi/egs/timit/s5/mfcc/raw_mfcc_train.10.ark:694017
FJSK0_SI2312 /home/sky/kaldi/egs/timit/s5/mfcc/raw_mfcc_train.2.ark:307838
MBSB0_SX273 /home/sky/kaldi/egs/timit/s5/mfcc/raw_mfcc_train.4.ark:612403
MCXM0_SI721 /home/sky/kaldi/egs/timit/s5/mfcc/raw_mfcc_train.4.ark:1193210
FSAG0_SX423 /home/sky/kaldi/egs/timit/s5/mfcc/raw_mfcc_train.3.ark:474529
MTER0_SX17 /home/sky/kaldi/egs/timit/s5/mfcc/raw_mfcc_train.10.ark:331294
MJDM0_SI1937 /home/sky/kaldi/egs/timit/s5/mfcc/raw_mfcc_train.6.ark:807568
MDAC0_SX451 /home/sky/kaldi/egs/timit/s5/mfcc/raw_mfcc_train.4.ark:1241564
MGRP0_SX417 /home/sky/kaldi/egs/timit/s5/mfcc/raw_mfcc_train.6.ark:177257
FMKF0_SX6 /home/sky/kaldi/egs/timit/s5/mfcc/raw_mfcc_train.2.ark:1489016
FHLM0_SI2190 /home/sky/kaldi/egs/timit/s5/mfcc/raw_mfcc_train.1.ark:1509889
FBAS0_SI2066 /home/sky/kaldi/egs/timit/s5/mfcc/raw_mfcc_train.1.ark:182895
MCEF0_SX415 /home/sky/kaldi/egs/timit/s5/mfcc/raw_mfcc_train.4.ark:882787
MTBC0_SX183 /home/sky/kaldi/egs/timit/s5/mfcc/raw_mfcc_train.10.ark:189086
FGRW0_SX162 /home/sky/kaldi/egs/timit/s5/mfcc/raw_mfcc_train.1.ark:1484925
FTMG0_SX272 /home/sky/kaldi/egs/timit/s5/mfcc/raw_mfcc_train.3.ark:1327017
FALR0_SX335 /home/sky/kaldi/egs/timit/s5/mfcc/raw_mfcc_train.1.ark:120595
MRRE0_SX74 /home/sky/kaldi/egs/timit/s5/mfcc/raw_mfcc_train.9.ark:668020
MEFG0_SI598 /home/sky/kaldi/egs/timit/s5/mfcc/raw_mfcc_train.5.ark:969837
MZMB0_SX446 /home/sky/kaldi/egs/timit/s5/mfcc/raw_mfcc_train.10.ark:1506977
MILB0_SI2163 /home/sky/kaldi/egs/timit/s5/mfcc/raw_mfcc_train.6.ark:506696
MSRR0_SX411 /home/sky/kaldi/egs/timit/s5/mfcc/raw_mfcc_train.9.ark:1491836
MBCG0_SX57 /home/sky/kaldi/egs/timit/s5/mfcc/raw_mfcc_train.4.ark:380825
MSTF0_SI1396 /home/sky/kaldi/egs/timit/s5/mfcc/raw_mfcc_train.9.ark:1499936
FSAK0_SI1300 /home/sky/kaldi/egs/timit/s5/mfcc/raw_mfcc_train.3.ark:519866
MCXM0_SX271 /home/sky/kaldi/egs/timit/s5/mfcc/raw_mfcc_train.4.ark:1201297
FPLS0_SX240 /home/sky/kaldi/egs/timit/s5/mfcc/raw_mfcc_train.3.ark:304621
MKJO0_SX437 /home/sky/kaldi/egs/timit/s5/mfcc/raw_mfcc_train.7.ark:638666
MTPG0_SX393 /home/sky/kaldi/egs/timit/s5/mfcc/raw_mfcc_train.10.ark:769246
FSMM0_SX54 /home/sky/kaldi/egs/timit/s5/mfcc/raw_mfcc_train.3.ark:1048832
MTPR0_SX70 /home/sky/kaldi/egs/timit/s5/mfcc/raw_mfcc_train.10.ark:836908
MJLB0_SX86 /home/sky/kaldi/egs/timit/s5/mfcc/raw_mfcc_train.6.ark:1191138
FREH0_SX145 /home/sky/kaldi/egs/timit/s5/mfcc/raw_mfcc_train.3.ark:369752
MBAR0_SX59 /home/sky/kaldi/egs/timit/s5/mfcc/raw_mfcc_train.4.ark:320976
MESJ0_SI997 /home/sky/kaldi/egs/timit/s5/mfcc/raw_mfcc_train.5.ark:1132269
FDJH0_SI1565 /home/sky/kaldi/egs/timit/s5/mfcc/raw_mfcc_train.1.ark:880027
MKAM0_SX416 /home/sky/kaldi/egs/timit/s5/mfcc/raw_mfcc_train.7.ark:476143
FGRW0_SX432 /home/sky/kaldi/egs/timit/s5/mfcc/raw_mfcc_train.1.ark:1498674
FSJG0_SX220 /home/sky/kaldi/egs/timit/s5/mfcc/raw_mfcc_train.3.ark:737208
MRMS0_SX210 /home/sky/kaldi/egs/timit/s5/mfcc/raw_mfcc_train.9.ark:595034
MJLG1_SX112 /home/sky/kaldi/egs/timit/s5/mfcc/raw_mfcc_train.6.ark:1206912
MJDG0_SX322 /home/sky/kaldi/egs/timit/s5/mfcc/raw_mfcc_train.6.ark:789950
MTLB0_SI1764 /home/sky/kaldi/egs/timit/s5/mfcc/raw_mfcc_train.10.ark:554661
FSJS0_SX451 /home/sky/kaldi/egs/timit/s5/mfcc/raw_mfcc_train.3.ark:814959
MAEO0_SI1956 /home/sky/kaldi/egs/timit/s5/mfcc/raw_mfcc_train.4.ark:48160
MWRP0_SX3 /home/sky/kaldi/egs/timit/s5/mfcc/raw_mfcc_train.10.ark:1404478
MCAE0_SX367 /home/sky/kaldi/egs/timit/s5/mfcc/raw_mfcc_train.4.ark:718281
MRAM0_SX105 /home/sky/kaldi/egs/timit/s5/mfcc/raw_mfcc_train.8.ark:1043133
MTJU0_SX400 /home/sky/kaldi/egs/timit/s5/mfcc/raw_mfcc_train.10.ark:475348
MLJH0_SI1422 /home/sky/kaldi/egs/timit/s5/mfcc/raw_mfcc_train.7.ark:973192
FPAB1_SX31 /home/sky/kaldi/egs/timit/s5/mfcc/raw_mfcc_train.3.ark:113295
FSDJ0_SI1745 /home/sky/kaldi/egs/timit/s5/mfcc/raw_mfcc_train.3.ark:661738
FLJA0_SX358 /home/sky/kaldi/egs/timit/s5/mfcc/raw_mfcc_train.2.ark:952147
MSRR0_SX30 /home/sky/kaldi/egs/timit/s5/mfcc/raw_mfcc_train.9.ark:1489346
MRMH0_SI2281 /home/sky/kaldi/egs/timit/s5/mfcc/raw_mfcc_train.9.ark:515852
FPMY0_SX196 /home/sky/kaldi/egs/timit/s5/mfcc/raw_mfcc_train.3.ark:340660
FEAC0_SI1245 /home/sky/kaldi/egs/timit/s5/mfcc/raw_mfcc_train.1.ark:1120838
FSKC0_SI2046 /home/sky/kaldi/egs/timit/s5/mfcc/raw_mfcc_train.3.ark:862527
MWCH0_SX182 /home/sky/kaldi/egs/timit/s5/mfcc/raw_mfcc_train.10.ark:1234749
FKFB0_SI1608 /home/sky/kaldi/egs/timit/s5/mfcc/raw_mfcc_train.2.ark:564119
MEDR0_SX24 /home/sky/kaldi/egs/timit/s5/mfcc/raw_mfcc_train.5.ark:951654
MGAW0_SX175 /home/sky/kaldi/egs/timit/s5/mfcc/raw_mfcc_train.6.ark:38271
MWAR0_SX55 /home/sky/kaldi/egs/timit/s5/mfcc/raw_mfcc_train.10.ark:1220496
FJRP1_SI2062 /home/sky/kaldi/egs/timit/s5/mfcc/raw_mfcc_train.2.ark:265302
MBGT0_SX171 /home/sky/kaldi/egs/timit/s5/mfcc/raw_mfcc_train.4.ark:423500
MZMB0_SI1796 /home/sky/kaldi/egs/timit/s5/mfcc/raw_mfcc_train.10.ark:1486883
MMEA0_SX218 /home/sky/kaldi/egs/timit/s5/mfcc/raw_mfcc_train.7.ark:1486477
MRTJ0_SX322 /home/sky/kaldi/egs/timit/s5/mfcc/raw_mfcc_train.9.ark:808532
MJWS0_SI1773 /home/sky/kaldi/egs/timit/s5/mfcc/raw_mfcc_train.7.ark:222365
MPEB0_SX330 /home/sky/kaldi/egs/timit/s5/mfcc/raw_mfcc_train.8.ark:537073
FKLC0_SI2245 /home/sky/kaldi/egs/timit/s5/mfcc/raw_mfcc_train.2.ark:639849
MTAS0_SX125 /home/sky/kaldi/egs/timit/s5/mfcc/raw_mfcc_train.10.ark:92013
MTPP0_SX428 /home/sky/kaldi/egs/timit/s5/mfcc/raw_mfcc_train.10.ark:795115
FNTB0_SX303 /home/sky/kaldi/egs/timit/s5/mfcc/raw_mfcc_train.3.ark:72282
FDKN0_SI1081 /home/sky/kaldi/egs/timit/s5/mfcc/raw_mfcc_train.1.ark:910829
FSBK0_SI1069 /home/sky/kaldi/egs/timit/s5/mfcc/raw_mfcc_train.3.ark:551552
MRRE0_SI704 /home/sky/kaldi/egs/timit/s5/mfcc/raw_mfcc_train.9.ark:640783
MTMT0_SX218 /home/sky/kaldi/egs/timit/s5/mfcc/raw_mfcc_train.10.ark:697170
MMAM0_SX67 /home/sky/kaldi/egs/timit/s5/mfcc/raw_mfcc_train.7.ark:1204183
FJKL0_SX32 /home/sky/kaldi/egs/timit/s5/mfcc/raw_mfcc_train.2.ark:152189
FTAJ0_SX159 /home/sky/kaldi/egs/timit/s5/mfcc/raw_mfcc_train.3.ark:1197914
MMAA0_SX125 /home/sky/kaldi/egs/timit/s5/mfcc/raw_mfcc_train.7.ark:1090013
MRPC1_SI2026 /home/sky/kaldi/egs/timit/s5/mfcc/raw_mfcc_train.9.ark:610774
MBEF0_SI651 /home/sky/kaldi/egs/timit/s5/mfcc/raw_mfcc_train.4.ark:391781
MPGR1_SI1499 /home/sky/kaldi/egs/timit/s5/mfcc/raw_mfcc_train.8.ark:644158
MMXS0_SI2136 /home/sky/kaldi/egs/timit/s5/mfcc/raw_mfcc_train.8.ark:398049
MKDD0_SI937 /home/sky/kaldi/egs/timit/s5/mfcc/raw_mfcc_train.7.ark:527474
MDPK0_SX333 /home/sky/kaldi/egs/timit/s5/mfcc/raw_mfcc_train.5.ark:610998
FBLV0_SI2318 /home/sky/kaldi/egs/timit/s5/mfcc/raw_mfcc_train.1.ark:318726
MMCC0_SI1968 /home/sky/kaldi/egs/timit/s5/mfcc/raw_mfcc_train.7.ark:1290997
MNET0_SX276 /home/sky/kaldi/egs/timit/s5/mfcc/raw_mfcc_train.8.ark:443738
FCJF0_SX37 /home/sky/kaldi/egs/timit/s5/mfcc/raw_mfcc_train.1.ark:556402
MVJH0_SX26 /home/sky/kaldi/egs/timit/s5/mfcc/raw_mfcc_train.10.ark:1061010
FRJB0_SX347 /home/sky/kaldi/egs/timit/s5/mfcc/raw_mfcc_train.3.ark:400751
MHBS0_SI1575 /home/sky/kaldi/egs/timit/s5/mfcc/raw_mfcc_train.6.ark:291550
FVFB0_SI1510 /home/sky/kaldi/egs/timit/s5/mfcc/raw_mfcc_train.3.ark:1346657
FSKL0_SX449 /home/sky/kaldi/egs/timit/s5/mfcc/raw_mfcc_train.3.ark:912981
MRVG0_SX150 /home/sky/kaldi/egs/timit/s5/mfcc/raw_mfcc_train.9.ark:831910
MAFM0_SI1569 /home/sky/kaldi/egs/timit/s5/mfcc/raw_mfcc_train.4.ark:70692
MDBB1_SX286 /home/sky/kaldi/egs/timit/s5/mfcc/raw_mfcc_train.4.ark:1300604
MGXP0_SX277 /home/sky/kaldi/egs/timit/s5/mfcc/raw_mfcc_train.6.ark:275690
FTBW0_SX175 /home/sky/kaldi/egs/timit/s5/mfcc/raw_mfcc_train.3.ark:1257750
MCLM0_SI2086 /home/sky/kaldi/egs/timit/s5/mfcc/raw_mfcc_train.4.ark:1001567
MDEM0_SX248 /home/sky/kaldi/egs/timit/s5/mfcc/raw_mfcc_train.5.ark:49603
MMGC0_SX405 /home/sky/kaldi/egs/timit/s5/mfcc/raw_mfcc_train.8.ark:33498
FKDE0_SX421 /home/sky/kaldi/egs/timit/s5/mfcc/raw_mfcc_train.2.ark:523748
FCJS0_SX437 /home/sky/kaldi/egs/timit/s5/mfcc/raw_mfcc_train.1.ark:583916
MGRL0_SI867 /home/sky/kaldi/egs/timit/s5/mfcc/raw_mfcc_train.6.ark:125783
FALK0_SX276 /home/sky/kaldi/egs/timit/s5/mfcc/raw_mfcc_train.1.ark:85784
MMGK0_SX332 /home/sky/kaldi/egs/timit/s5/mfcc/raw_mfcc_train.8.ark:87296
MDSS1_SX157 /home/sky/kaldi/egs/timit/s5/mfcc/raw_mfcc_train.5.ark:759690
MMWB0_SI989 /home/sky/kaldi/egs/timit/s5/mfcc/raw_mfcc_train.8.ark:310989
FAPB0_SI1063 /home/sky/kaldi/egs/timit/s5/mfcc/raw_mfcc_train.1.ark:131783
MJRH0_SX135 /home/sky/kaldi/egs/timit/s5/mfcc/raw_mfcc_train.7.ark:30964
MRLR0_SX296 /home/sky/kaldi/egs/timit/s5/mfcc/raw_mfcc_train.9.ark:436731
MRAM0_SX375 /home/sky/kaldi/egs/timit/s5/mfcc/raw_mfcc_train.8.ark:1057239
MWAD0_SX72 /home/sky/kaldi/egs/timit/s5/mfcc/raw_mfcc_train.10.ark:1191760
MRMS0_SX300 /home/sky/kaldi/egs/timit/s5/mfcc/raw_mfcc_train.9.ark:600026
FTLG0_SI840 /home/sky/kaldi/egs/timit/s5/mfcc/raw_mfcc_train.3.ark:1289688
MJBG0_SX422 /home/sky/kaldi/egs/timit/s5/mfcc/raw_mfcc_train.6.ark:659026
FRLL0_SI805 /home/sky/kaldi/egs/timit/s5/mfcc/raw_mfcc_train.3.ark:418147
FEAR0_SI1882 /home/sky/kaldi/egs/timit/s5/mfcc/raw_mfcc_train.1.ark:1157940
FEME0_SI1505 /home/sky/kaldi/egs/timit/s5/mfcc/raw_mfcc_train.1.ark:1259191
FALK0_SX6 /home/sky/kaldi/egs/timit/s5/mfcc/raw_mfcc_train.1.ark:94090
MAKR0_SX362 /home/sky/kaldi/egs/timit/s5/mfcc/raw_mfcc_train.4.ark:186562
MMDG0_SX160 /home/sky/kaldi/egs/timit/s5/mfcc/raw_mfcc_train.7.ark:1359102
MMJB1_SX238 /home/sky/kaldi/egs/timit/s5/mfcc/raw_mfcc_train.8.ark:113203
MWSH0_SX346 /home/sky/kaldi/egs/timit/s5/mfcc/raw_mfcc_train.10.ark:1468433
MJSR0_SX434 /home/sky/kaldi/egs/timit/s5/mfcc/raw_mfcc_train.7.ark:171899
MDEF0_SI1563 /home/sky/kaldi/egs/timit/s5/mfcc/raw_mfcc_train.5.ark:6547
MGAF0_SX112 /home/sky/kaldi/egs/timit/s5/mfcc/raw_mfcc_train.5.ark:1378771
MFRM0_SI1155 /home/sky/kaldi/egs/timit/s5/mfcc/raw_mfcc_train.5.ark:1241082
FSGF0_SX27 /home/sky/kaldi/egs/timit/s5/mfcc/raw_mfcc_train.3.ark:706893
MTER0_SX77 /home/sky/kaldi/egs/timit/s5/mfcc/raw_mfcc_train.10.ark:342663
MDEM0_SX428 /home/sky/kaldi/egs/timit/s5/mfcc/raw_mfcc_train.5.ark:59042
MAEO0_SX336 /home/sky/kaldi/egs/timit/s5/mfcc/raw_mfcc_train.4.ark:57853
MAPV0_SI1923 /home/sky/kaldi/egs/timit/s5/mfcc/raw_mfcc_train.4.ark:203101
MHMR0_SX219 /home/sky/kaldi/egs/timit/s5/mfcc/raw_mfcc_train.6.ark:426774
MMPM0_SI2321 /home/sky/kaldi/egs/timit/s5/mfcc/raw_mfcc_train.8.ark:166253
FSBK0_SX349 /home/sky/kaldi/egs/timit/s5/mfcc/raw_mfcc_train.3.ark:570595
FGMB0_SI1775 /home/sky/kaldi/egs/timit/s5/mfcc/raw_mfcc_train.1.ark:1438963
MDMA0_SI2060 /home/sky/kaldi/egs/timit/s5/mfcc/raw_mfcc_train.5.ark:466956
FPAC0_SX301 /home/sky/kaldi/egs/timit/s5/mfcc/raw_mfcc_train.3.ark:143350
MCAL0_SX148 /home/sky/kaldi/egs/timit/s5/mfcc/raw_mfcc_train.4.ark:742294
MPRB0_SI1205 /home/sky/kaldi/egs/timit/s5/mfcc/raw_mfcc_train.8.ark:760594
MPPC0_SI1412 /home/sky/kaldi/egs/timit/s5/mfcc/raw_mfcc_train.8.ark:728206
MJPM1_SX41 /home/sky/kaldi/egs/timit/s5/mfcc/raw_mfcc_train.6.ark:1435151
MCEF0_SX235 /home/sky/kaldi/egs/timit/s5/mfcc/raw_mfcc_train.4.ark:876000
MPAR0_SX46 /home/sky/kaldi/egs/timit/s5/mfcc/raw_mfcc_train.8.ark:518036
FSSB0_SX182 /home/sky/kaldi/egs/timit/s5/mfcc/raw_mfcc_train.3.ark:1165280
MTWH1_SI1512 /home/sky/kaldi/egs/timit/s5/mfcc/raw_mfcc_train.10.ark:973734
MRXB0_SI1585 /home/sky/kaldi/egs/timit/s5/mfcc/raw_mfcc_train.9.ark:909929
FSAK0_SI1930 /home/sky/kaldi/egs/timit/s5/mfcc/raw_mfcc_train.3.ark:526010
MAKR0_SX272 /home/sky/kaldi/egs/timit/s5/mfcc/raw_mfcc_train.4.ark:184319
MRCG0_SX348 /home/sky/kaldi/egs/timit/s5/mfcc/raw_mfcc_train.8.ark:1145070
MTLC0_SX37 /home/sky/kaldi/egs/timit/s5/mfcc/raw_mfcc_train.10.ark:604061
MMGK0_SX242 /home/sky/kaldi/egs/timit/s5/mfcc/raw_mfcc_train.8.ark:84286
FDKN0_SX181 /home/sky/kaldi/egs/timit/s5/mfcc/raw_mfcc_train.1.ark:924216
MTJM0_SX146 /home/sky/kaldi/egs/timit/s5/mfcc/raw_mfcc_train.10.ark:393398
FCMM0_SI1083 /home/sky/kaldi/egs/timit/s5/mfcc/raw_mfcc_train.1.ark:688583
FJKL0_SX392 /home/sky/kaldi/egs/timit/s5/mfcc/raw_mfcc_train.2.ark:155680
MTPG0_SX213 /home/sky/kaldi/egs/timit/s5/mfcc/raw_mfcc_train.10.ark:759372
MTJS0_SI1192 /home/sky/kaldi/egs/timit/s5/mfcc/raw_mfcc_train.10.ark:410528
MJSR0_SX254 /home/sky/kaldi/egs/timit/s5/mfcc/raw_mfcc_train.7.ark:163747
MRWS0_SI1102 /home/sky/kaldi/egs/timit/s5/mfcc/raw_mfcc_train.9.ark:881662
FCJS0_SX77 /home/sky/kaldi/egs/timit/s5/mfcc/raw_mfcc_train.1.ark:589083
FVMH0_SX206 /home/sky/kaldi/egs/timit/s5/mfcc/raw_mfcc_train.3.ark:1422752
FMKF0_SI1018 /home/sky/kaldi/egs/timit/s5/mfcc/raw_mfcc_train.2.ark:1462637
MRRE0_SX254 /home/sky/kaldi/egs/timit/s5/mfcc/raw_mfcc_train.9.ark:657028
MGAW0_SX85 /home/sky/kaldi/egs/timit/s5/mfcc/raw_mfcc_train.6.ark:52364
MJEB1_SI1467 /home/sky/kaldi/egs/timit/s5/mfcc/raw_mfcc_train.6.ark:867578
MLEL0_SI1876 /home/sky/kaldi/egs/timit/s5/mfcc/raw_mfcc_train.7.ark:903710
FGDP0_SI988 /home/sky/kaldi/egs/timit/s5/mfcc/raw_mfcc_train.1.ark:1402058
MKLS0_SX87 /home/sky/kaldi/egs/timit/s5/mfcc/raw_mfcc_train.7.ark:737853
MSAH1_SI2309 /home/sky/kaldi/egs/timit/s5/mfcc/raw_mfcc_train.9.ark:948261
MKAG0_SI2239 /home/sky/kaldi/egs/timit/s5/mfcc/raw_mfcc_train.7.ark:359249
MWCH0_SX92 /home/sky/kaldi/egs/timit/s5/mfcc/raw_mfcc_train.10.ark:1248920
FKSR0_SI1747 /home/sky/kaldi/egs/timit/s5/mfcc/raw_mfcc_train.2.ark:739887
MAEB0_SX450 /home/sky/kaldi/egs/timit/s5/mfcc/raw_mfcc_train.4.ark:32153
MJDA0_SX221 /home/sky/kaldi/egs/timit/s5/mfcc/raw_mfcc_train.6.ark:679675
MRAB0_SX144 /home/sky/kaldi/egs/timit/s5/mfcc/raw_mfcc_train.8.ark:940729
MBJV0_SX257 /home/sky/kaldi/egs/timit/s5/mfcc/raw_mfcc_train.4.ark:460809
MSMC0_SX377 /home/sky/kaldi/egs/timit/s5/mfcc/raw_mfcc_train.9.ark:1368778
MHJB0_SX117 /home/sky/kaldi/egs/timit/s5/mfcc/raw_mfcc_train.6.ark:365670
FSRH0_SX41 /home/sky/kaldi/egs/timit/s5/mfcc/raw_mfcc_train.3.ark:1147751
FKLH0_SI627 /home/sky/kaldi/egs/timit/s5/mfcc/raw_mfcc_train.2.ark:712927
MKAH0_SI898 /home/sky/kaldi/egs/timit/s5/mfcc/raw_mfcc_train.7.ark:395842
FETB0_SI1778 /home/sky/kaldi/egs/timit/s5/mfcc/raw_mfcc_train.1.ark:1298191
MPMB0_SX241 /home/sky/kaldi/egs/timit/s5/mfcc/raw_mfcc_train.8.ark:703725
FSDC0_SX412 /home/sky/kaldi/egs/timit/s5/mfcc/raw_mfcc_train.3.ark:648742
FDMY0_SX27 /home/sky/kaldi/egs/timit/s5/mfcc/raw_mfcc_train.1.ark:1006516
MBCG0_SX327 /home/sky/kaldi/egs/timit/s5/mfcc/raw_mfcc_train.4.ark:371374
MMDG0_SX70 /home/sky/kaldi/egs/timit/s5/mfcc/raw_mfcc_train.7.ark:1378915
MSJK0_SX246 /home/sky/kaldi/egs/timit/s5/mfcc/raw_mfcc_train.9.ark:1322838
MWEM0_SX330 /home/sky/kaldi/egs/timit/s5/mfcc/raw_mfcc_train.10.ark:1303141
FSKL0_SX179 /home/sky/kaldi/egs/timit/s5/mfcc/raw_mfcc_train.3.ark:901429
MESJ0_SX187 /home/sky/kaldi/egs/timit/s5/mfcc/raw_mfcc_train.5.ark:1137112
MRMG0_SI1710 /home/sky/kaldi/egs/timit/s5/mfcc/raw_mfcc_train.9.ark:477696
MJEB0_SX170 /home/sky/kaldi/egs/timit/s5/mfcc/raw_mfcc_train.6.ark:847536
MRWA0_SX343 /home/sky/kaldi/egs/timit/s5/mfcc/raw_mfcc_train.9.ark:868810
FLMK0_SX45 /home/sky/kaldi/egs/timit/s5/mfcc/raw_mfcc_train.2.ark:1161048
MSAS0_SI1376 /home/sky/kaldi/egs/timit/s5/mfcc/raw_mfcc_train.9.ark:969493
MRGS0_SX276 /home/sky/kaldi/egs/timit/s5/mfcc/raw_mfcc_train.9.ark:28772
MJMD0_SI1028 /home/sky/kaldi/egs/timit/s5/mfcc/raw_mfcc_train.6.ark:1288116
MRWS0_SX292 /home/sky/kaldi/egs/timit/s5/mfcc/raw_mfcc_train.9.ark:901841
MWAD0_SI2322 /home/sky/kaldi/egs/timit/s5/mfcc/raw_mfcc_train.10.ark:1174852
MDKS0_SX256 /home/sky/kaldi/egs/timit/s5/mfcc/raw_mfcc_train.5.ark:177440
FETB0_SX68 /home/sky/kaldi/egs/timit/s5/mfcc/raw_mfcc_train.1.ark:1322919
FVFB0_SX312 /home/sky/kaldi/egs/timit/s5/mfcc/raw_mfcc_train.3.ark:1361155
FVMH0_SI1466 /home/sky/kaldi/egs/timit/s5/mfcc/raw_mfcc_train.3.ark:1405056
MJRA0_SX156 /home/sky/kaldi/egs/timit/s5/mfcc/raw_mfcc_train.6.ark:1452042
MWRP0_SI1443 /home/sky/kaldi/egs/timit/s5/mfcc/raw_mfcc_train.10.ark:1382928
MSMR0_SX415 /home/sky/kaldi/egs/timit/s5/mfcc/raw_mfcc_train.9.ark:1397871
MHMR0_SX129 /home/sky/kaldi/egs/timit/s5/mfcc/raw_mfcc_train.6.ark:422802
MBMA1_SX414 /home/sky/kaldi/egs/timit/s5/mfcc/raw_mfcc_train.4.ark:531709
MEAL0_SI1547 /home/sky/kaldi/egs/timit/s5/mfcc/raw_mfcc_train.5.ark:905619
MSFH0_SI1738 /home/sky/kaldi/egs/timit/s5/mfcc/raw_mfcc_train.9.ark:1233575
MRTJ0_SX142 /home/sky/kaldi/egs/timit/s5/mfcc/raw_mfcc_train.9.ark:796506
MSDH0_SI2113 /home/sky/kaldi/egs/timit/s5/mfcc/raw_mfcc_train.9.ark:1086580
FCJF0_SI648 /home/sky/kaldi/egs/timit/s5/mfcc/raw_mfcc_train.1.ark:545117
MEWM0_SX88 /home/sky/kaldi/egs/timit/s5/mfcc/raw_mfcc_train.5.ark:1175232
FCJS0_SI2237 /home/sky/kaldi/egs/timit/s5/mfcc/raw_mfcc_train.1.ark:565161
