MDEM0_SI608 /home/sky/kaldi/egs/timit/s5/mfcc/raw_mfcc_train.5.ark:33228
MWAC0_SI971 /home/sky/kaldi/egs/timit/s5/mfcc/raw_mfcc_train.10.ark:1139954
MKAG0_SX30 /home/sky/kaldi/egs/timit/s5/mfcc/raw_mfcc_train.7.ark:377021
MDSS0_SX81 /home/sky/kaldi/egs/timit/s5/mfcc/raw_mfcc_train.5.ark:745321
FLJG0_SX261 /home/sky/kaldi/egs/timit/s5/mfcc/raw_mfcc_train.2.ark:1017449
FVFB0_SX42 /home/sky/kaldi/egs/timit/s5/mfcc/raw_mfcc_train.3.ark:1369280
FSAG0_SX333 /home/sky/kaldi/egs/timit/s5/mfcc/raw_mfcc_train.3.ark:467918
MMGK0_SI1952 /home/sky/kaldi/egs/timit/s5/mfcc/raw_mfcc_train.8.ark:77050
MRDS0_SI537 /home/sky/kaldi/egs/timit/s5/mfcc/raw_mfcc_train.8.ark:1259730
MRTJ0_SX142 /home/sky/kaldi/egs/timit/s5/mfcc/raw_mfcc_train.9.ark:796506
FLKM0_SI620 /home/sky/kaldi/egs/timit/s5/mfcc/raw_mfcc_train.2.ark:1039545
MRML0_SX431 /home/sky/kaldi/egs/timit/s5/mfcc/raw_mfcc_train.9.ark:567937
FCMM0_SX420 /home/sky/kaldi/egs/timit/s5/mfcc/raw_mfcc_train.1.ark:711090
MTAS0_SI755 /home/sky/kaldi/egs/timit/s5/mfcc/raw_mfcc_train.10.ark:88964
MBBR0_SI2315 /home/sky/kaldi/egs/timit/s5/mfcc/raw_mfcc_train.4.ark:332895
MRMS0_SI1113 /home/sky/kaldi/egs/timit/s5/mfcc/raw_mfcc_train.9.ark:576908
MJDC0_SX261 /home/sky/kaldi/egs/timit/s5/mfcc/raw_mfcc_train.6.ark:713844
FJKL0_SI932 /home/sky/kaldi/egs/timit/s5/mfcc/raw_mfcc_train.2.ark:132870
FGMB0_SX245 /home/sky/kaldi/egs/timit/s5/mfcc/raw_mfcc_train.1.ark:1452283
MDPS0_SX179 /home/sky/kaldi/egs/timit/s5/mfcc/raw_mfcc_train.5.ark:633544
MARC0_SI1818 /home/sky/kaldi/egs/timit/s5/mfcc/raw_mfcc_train.4.ark:233812
FJLG0_SX179 /home/sky/kaldi/egs/timit/s5/mfcc/raw_mfcc_train.2.ark:170687
MMAR0_SX346 /home/sky/kaldi/egs/timit/s5/mfcc/raw_mfcc_train.7.ark:1234504
MTAB0_SX132 /home/sky/kaldi/egs/timit/s5/mfcc/raw_mfcc_train.10.ark:59131
MGES0_SX401 /home/sky/kaldi/egs/timit/s5/mfcc/raw_mfcc_train.6.ark:75282
MRJM1_SI1298 /home/sky/kaldi/egs/timit/s5/mfcc/raw_mfcc_train.9.ark:186821
MRJT0_SI868 /home/sky/kaldi/egs/timit/s5/mfcc/raw_mfcc_train.9.ark:225984
MLEL0_SX436 /home/sky/kaldi/egs/timit/s5/mfcc/raw_mfcc_train.7.ark:927912
MWSB0_SI2256 /home/sky/kaldi/egs/timit/s5/mfcc/raw_mfcc_train.10.ark:1418300
MHJB0_SX207 /home/sky/kaldi/egs/timit/s5/mfcc/raw_mfcc_train.6.ark:368602
MCXM0_SX91 /home/sky/kaldi/egs/timit/s5/mfcc/raw_mfcc_train.4.ark:1212640
MMRP0_SX234 /home/sky/kaldi/egs/timit/s5/mfcc/raw_mfcc_train.8.ark:206064
MRJM0_SI1858 /home/sky/kaldi/egs/timit/s5/mfcc/raw_mfcc_train.9.ark:160025
MFER0_SX322 /home/sky/kaldi/egs/timit/s5/mfcc/raw_mfcc_train.5.ark:1197337
MKLN0_SX248 /home/sky/kaldi/egs/timit/s5/mfcc/raw_mfcc_train.7.ark:662005
FSJS0_SX91 /home/sky/kaldi/egs/timit/s5/mfcc/raw_mfcc_train.3.ark:820360
FAPB0_SX433 /home/sky/kaldi/egs/timit/s5/mfcc/raw_mfcc_train.1.ark:161818
FAPB0_SX343 /home/sky/kaldi/egs/timit/s5/mfcc/raw_mfcc_train.1.ark:156585
FLET0_SX277 /home/sky/kaldi/egs/timit/s5/mfcc/raw_mfcc_train.2.ark:888604
MJAE0_SI2154 /home/sky/kaldi/egs/timit/s5/mfcc/raw_mfcc_train.6.ark:576321
MRSP0_SI1429 /home/sky/kaldi/egs/timit/s5/mfcc/raw_mfcc_train.9.ark:711467
MRTJ0_SI772 /home/sky/kaldi/egs/timit/s5/mfcc/raw_mfcc_train.9.ark:789193
MWSB0_SI1626 /home/sky/kaldi/egs/timit/s5/mfcc/raw_mfcc_train.10.ark:1414730
FJXM0_SI581 /home/sky/kaldi/egs/timit/s5/mfcc/raw_mfcc_train.2.ark:400529
MREW1_SX60 /home/sky/kaldi/egs/timit/s5/mfcc/raw_mfcc_train.8.ark:1410103
FDAS1_SI2091 /home/sky/kaldi/egs/timit/s5/mfcc/raw_mfcc_train.1.ark:790422
FSMA0_SX91 /home/sky/kaldi/egs/timit/s5/mfcc/raw_mfcc_train.3.ark:1014949
MRMH0_SX121 /home/sky/kaldi/egs/timit/s5/mfcc/raw_mfcc_train.9.ark:519889
MWRE0_SX427 /home/sky/kaldi/egs/timit/s5/mfcc/raw_mfcc_train.10.ark:1374256
MDLC1_SX445 /home/sky/kaldi/egs/timit/s5/mfcc/raw_mfcc_train.5.ark:294223
MMAM0_SX337 /home/sky/kaldi/egs/timit/s5/mfcc/raw_mfcc_train.7.ark:1198073
FLMK0_SI1035 /home/sky/kaldi/egs/timit/s5/mfcc/raw_mfcc_train.2.ark:1132827
FJDM2_SI1582 /home/sky/kaldi/egs/timit/s5/mfcc/raw_mfcc_train.2.ark:24365
FJRB0_SX222 /home/sky/kaldi/egs/timit/s5/mfcc/raw_mfcc_train.2.ark:238005
MDBP0_SI1788 /home/sky/kaldi/egs/timit/s5/mfcc/raw_mfcc_train.4.ark:1311885
FPAB1_SI2101 /home/sky/kaldi/egs/timit/s5/mfcc/raw_mfcc_train.3.ark:86546
FSMS1_SX334 /home/sky/kaldi/egs/timit/s5/mfcc/raw_mfcc_train.3.ark:1073368
FDNC0_SX378 /home/sky/kaldi/egs/timit/s5/mfcc/raw_mfcc_train.1.ark:1052699
FBMJ0_SI815 /home/sky/kaldi/egs/timit/s5/mfcc/raw_mfcc_train.1.ark:385620
FALR0_SI1955 /home/sky/kaldi/egs/timit/s5/mfcc/raw_mfcc_train.1.ark:105942
FLKM0_SI686 /home/sky/kaldi/egs/timit/s5/mfcc/raw_mfcc_train.2.ark:1046611
FTBR0_SX291 /home/sky/kaldi/egs/timit/s5/mfcc/raw_mfcc_train.3.ark:1238421
FVKB0_SX169 /home/sky/kaldi/egs/timit/s5/mfcc/raw_mfcc_train.3.ark:1382141
FSKC0_SX336 /home/sky/kaldi/egs/timit/s5/mfcc/raw_mfcc_train.3.ark:875971
FBAS0_SI1387 /home/sky/kaldi/egs/timit/s5/mfcc/raw_mfcc_train.1.ark:172245
FBMJ0_SI516 /home/sky/kaldi/egs/timit/s5/mfcc/raw_mfcc_train.1.ark:379841
MTAT0_SX390 /home/sky/kaldi/egs/timit/s5/mfcc/raw_mfcc_train.10.ark:135959
MTDP0_SX261 /home/sky/kaldi/egs/timit/s5/mfcc/raw_mfcc_train.10.ark:293668
FBCG1_SX262 /home/sky/kaldi/egs/timit/s5/mfcc/raw_mfcc_train.1.ark:221576
MDCM0_SX310 /home/sky/kaldi/egs/timit/s5/mfcc/raw_mfcc_train.4.ark:1397437
MEFG0_SX285 /home/sky/kaldi/egs/timit/s5/mfcc/raw_mfcc_train.5.ark:985841
FMMH0_SI1537 /home/sky/kaldi/egs/timit/s5/mfcc/raw_mfcc_train.2.ark:1496661
FEME0_SI1505 /home/sky/kaldi/egs/timit/s5/mfcc/raw_mfcc_train.1.ark:1259191
MDLH0_SX340 /home/sky/kaldi/egs/timit/s5/mfcc/raw_mfcc_train.5.ark:350853
FCJS0_SI2237 /home/sky/kaldi/egs/timit/s5/mfcc/raw_mfcc_train.1.ark:565161
MCTH0_SX39 /home/sky/kaldi/egs/timit/s5/mfcc/raw_mfcc_train.4.ark:1145231
MSAS0_SX26 /home/sky/kaldi/egs/timit/s5/mfcc/raw_mfcc_train.9.ark:995606
MCEF0_SX145 /home/sky/kaldi/egs/timit/s5/mfcc/raw_mfcc_train.4.ark:872561
MMGG0_SI1709 /home/sky/kaldi/egs/timit/s5/mfcc/raw_mfcc_train.8.ark:46338
FLJG0_SX81 /home/sky/kaldi/egs/timit/s5/mfcc/raw_mfcc_train.2.ark:1031379
MADC0_SI1997 /home/sky/kaldi/egs/timit/s5/mfcc/raw_mfcc_train.3.ark:1468683
FCLT0_SI1438 /home/sky/kaldi/egs/timit/s5/mfcc/raw_mfcc_train.1.ark:622103
MDED0_SX180 /home/sky/kaldi/egs/timit/s5/mfcc/raw_mfcc_train.4.ark:1452293
MSAH1_SI1049 /home/sky/kaldi/egs/timit/s5/mfcc/raw_mfcc_train.9.ark:943019
FSJW0_SX433 /home/sky/kaldi/egs/timit/s5/mfcc/raw_mfcc_train.3.ark:850064
MJAE0_SX444 /home/sky/kaldi/egs/timit/s5/mfcc/raw_mfcc_train.6.ark:592625
MJEB1_SX27 /home/sky/kaldi/egs/timit/s5/mfcc/raw_mfcc_train.6.ark:891637
MJLS0_SI466 /home/sky/kaldi/egs/timit/s5/mfcc/raw_mfcc_train.6.ark:1235965
MWEM0_SI1393 /home/sky/kaldi/egs/timit/s5/mfcc/raw_mfcc_train.10.ark:1288760
MJHI0_SX428 /home/sky/kaldi/egs/timit/s5/mfcc/raw_mfcc_train.6.ark:1020286
MGXP0_SX7 /home/sky/kaldi/egs/timit/s5/mfcc/raw_mfcc_train.6.ark:283970
MDSJ0_SX22 /home/sky/kaldi/egs/timit/s5/mfcc/raw_mfcc_train.5.ark:705255
MDSS0_SI621 /home/sky/kaldi/egs/timit/s5/mfcc/raw_mfcc_train.5.ark:727724
MCAE0_SX367 /home/sky/kaldi/egs/timit/s5/mfcc/raw_mfcc_train.4.ark:718281
MDLR1_SI1929 /home/sky/kaldi/egs/timit/s5/mfcc/raw_mfcc_train.5.ark:429178
MMVP0_SX347 /home/sky/kaldi/egs/timit/s5/mfcc/raw_mfcc_train.8.ark:288651
FCJF0_SX127 /home/sky/kaldi/egs/timit/s5/mfcc/raw_mfcc_train.1.ark:549934
FCAG0_SI1503 /home/sky/kaldi/egs/timit/s5/mfcc/raw_mfcc_train.1.ark:410713
MMCC0_SX438 /home/sky/kaldi/egs/timit/s5/mfcc/raw_mfcc_train.7.ark:1308920
MKXL0_SX285 /home/sky/kaldi/egs/timit/s5/mfcc/raw_mfcc_train.7.ark:860886
MJPM1_SI761 /home/sky/kaldi/egs/timit/s5/mfcc/raw_mfcc_train.6.ark:1412536
MEJS0_SI1240 /home/sky/kaldi/egs/timit/s5/mfcc/raw_mfcc_train.5.ark:1059249
MJPM1_SX221 /home/sky/kaldi/egs/timit/s5/mfcc/raw_mfcc_train.6.ark:1420766
MCDC0_SX122 /home/sky/kaldi/egs/timit/s5/mfcc/raw_mfcc_train.4.ark:774305
MFMC0_SX412 /home/sky/kaldi/egs/timit/s5/mfcc/raw_mfcc_train.5.ark:1232826
MSVS0_SX308 /home/sky/kaldi/egs/timit/s5/mfcc/raw_mfcc_train.10.ark:28980
FKDW0_SI1891 /home/sky/kaldi/egs/timit/s5/mfcc/raw_mfcc_train.2.ark:538733
MCDD0_SI1513 /home/sky/kaldi/egs/timit/s5/mfcc/raw_mfcc_train.4.ark:794464
FSDC0_SI1942 /home/sky/kaldi/egs/timit/s5/mfcc/raw_mfcc_train.3.ark:631624
FMEM0_SX297 /home/sky/kaldi/egs/timit/s5/mfcc/raw_mfcc_train.2.ark:1312563
MCEW0_SI1442 /home/sky/kaldi/egs/timit/s5/mfcc/raw_mfcc_train.4.ark:890081
MJJB0_SI1139 /home/sky/kaldi/egs/timit/s5/mfcc/raw_mfcc_train.6.ark:1028555
FJRB0_SI1932 /home/sky/kaldi/egs/timit/s5/mfcc/raw_mfcc_train.2.ark:229495
FTBW0_SI715 /home/sky/kaldi/egs/timit/s5/mfcc/raw_mfcc_train.3.ark:1251672
MMLM0_SX357 /home/sky/kaldi/egs/timit/s5/mfcc/raw_mfcc_train.8.ark:148822
MJJJ0_SX263 /home/sky/kaldi/egs/timit/s5/mfcc/raw_mfcc_train.6.ark:1081825
MLSH0_SX157 /home/sky/kaldi/egs/timit/s5/mfcc/raw_mfcc_train.7.ark:1053517
MJEB0_SX170 /home/sky/kaldi/egs/timit/s5/mfcc/raw_mfcc_train.6.ark:847536
MDNS0_SI2271 /home/sky/kaldi/egs/timit/s5/mfcc/raw_mfcc_train.5.ark:534234
MGAG0_SX331 /home/sky/kaldi/egs/timit/s5/mfcc/raw_mfcc_train.5.ark:1413642
MRJT0_SX58 /home/sky/kaldi/egs/timit/s5/mfcc/raw_mfcc_train.9.ark:248001
MRGS0_SX276 /home/sky/kaldi/egs/timit/s5/mfcc/raw_mfcc_train.9.ark:28772
FAPB0_SI1063 /home/sky/kaldi/egs/timit/s5/mfcc/raw_mfcc_train.1.ark:131783
MSAT0_SI2156 /home/sky/kaldi/egs/timit/s5/mfcc/raw_mfcc_train.9.ark:1009741
MBML0_SI1169 /home/sky/kaldi/egs/timit/s5/mfcc/raw_mfcc_train.4.ark:540732
MJLS0_SX106 /home/sky/kaldi/egs/timit/s5/mfcc/raw_mfcc_train.6.ark:1239170
FJRP1_SX352 /home/sky/kaldi/egs/timit/s5/mfcc/raw_mfcc_train.2.ark:281645
MBBR0_SX425 /home/sky/kaldi/egs/timit/s5/mfcc/raw_mfcc_train.4.ark:348445
MRJM0_SI1228 /home/sky/kaldi/egs/timit/s5/mfcc/raw_mfcc_train.9.ark:156208
MFXV0_SX15 /home/sky/kaldi/egs/timit/s5/mfcc/raw_mfcc_train.5.ark:1351641
MBAR0_SI1949 /home/sky/kaldi/egs/timit/s5/mfcc/raw_mfcc_train.4.ark:296989
MJAE0_SX174 /home/sky/kaldi/egs/timit/s5/mfcc/raw_mfcc_train.6.ark:579435
MTKP0_SX303 /home/sky/kaldi/egs/timit/s5/mfcc/raw_mfcc_train.10.ark:538915
FLTM0_SI2330 /home/sky/kaldi/egs/timit/s5/mfcc/raw_mfcc_train.2.ark:1200676
MTKP0_SX393 /home/sky/kaldi/egs/timit/s5/mfcc/raw_mfcc_train.10.ark:545532
MTDB0_SX141 /home/sky/kaldi/egs/timit/s5/mfcc/raw_mfcc_train.10.ark:255188
MDLC0_SI1395 /home/sky/kaldi/egs/timit/s5/mfcc/raw_mfcc_train.5.ark:233620
MMSM0_SX116 /home/sky/kaldi/egs/timit/s5/mfcc/raw_mfcc_train.8.ark:241539
MJAI0_SX164 /home/sky/kaldi/egs/timit/s5/mfcc/raw_mfcc_train.6.ark:618660
FDJH0_SI935 /home/sky/kaldi/egs/timit/s5/mfcc/raw_mfcc_train.1.ark:887465
MGRP0_SI687 /home/sky/kaldi/egs/timit/s5/mfcc/raw_mfcc_train.6.ark:159029
FNTB0_SX303 /home/sky/kaldi/egs/timit/s5/mfcc/raw_mfcc_train.3.ark:72282
MMGC0_SI1305 /home/sky/kaldi/egs/timit/s5/mfcc/raw_mfcc_train.8.ark:10301
FKLC0_SX85 /home/sky/kaldi/egs/timit/s5/mfcc/raw_mfcc_train.2.ark:667619
FJDM2_SX322 /home/sky/kaldi/egs/timit/s5/mfcc/raw_mfcc_train.2.ark:47113
FSMS1_SX64 /home/sky/kaldi/egs/timit/s5/mfcc/raw_mfcc_train.3.ark:1082117
FMJU0_SI1389 /home/sky/kaldi/egs/timit/s5/mfcc/raw_mfcc_train.2.ark:1395559
MDSS1_SX337 /home/sky/kaldi/egs/timit/s5/mfcc/raw_mfcc_train.5.ark:767270
MMXS0_SI629 /home/sky/kaldi/egs/timit/s5/mfcc/raw_mfcc_train.8.ark:401748
MTMT0_SI1748 /home/sky/kaldi/egs/timit/s5/mfcc/raw_mfcc_train.10.ark:684513
MBCG0_SX327 /home/sky/kaldi/egs/timit/s5/mfcc/raw_mfcc_train.4.ark:371374
FCAJ0_SI1804 /home/sky/kaldi/egs/timit/s5/mfcc/raw_mfcc_train.1.ark:441914
MTWH1_SX342 /home/sky/kaldi/egs/timit/s5/mfcc/raw_mfcc_train.10.ark:990904
MDBP0_SX438 /home/sky/kaldi/egs/timit/s5/mfcc/raw_mfcc_train.4.ark:1335203
MDTB0_SX300 /home/sky/kaldi/egs/timit/s5/mfcc/raw_mfcc_train.5.ark:794588
MDLM0_SI604 /home/sky/kaldi/egs/timit/s5/mfcc/raw_mfcc_train.5.ark:368790
MZMB0_SX176 /home/sky/kaldi/egs/timit/s5/mfcc/raw_mfcc_train.10.ark:1494216
MILB0_SX3 /home/sky/kaldi/egs/timit/s5/mfcc/raw_mfcc_train.6.ark:527204
MTRR0_SX18 /home/sky/kaldi/egs/timit/s5/mfcc/raw_mfcc_train.10.ark:926497
MFXS0_SX414 /home/sky/kaldi/egs/timit/s5/mfcc/raw_mfcc_train.5.ark:1325871
MDMA0_SX80 /home/sky/kaldi/egs/timit/s5/mfcc/raw_mfcc_train.5.ark:494628
MDHS0_SI1530 /home/sky/kaldi/egs/timit/s5/mfcc/raw_mfcc_train.5.ark:101389
FLJA0_SX88 /home/sky/kaldi/egs/timit/s5/mfcc/raw_mfcc_train.2.ark:959908
MRWA0_SI973 /home/sky/kaldi/egs/timit/s5/mfcc/raw_mfcc_train.9.ark:858363
MZMB0_SX446 /home/sky/kaldi/egs/timit/s5/mfcc/raw_mfcc_train.10.ark:1506977
MJEB0_SI656 /home/sky/kaldi/egs/timit/s5/mfcc/raw_mfcc_train.6.ark:844292
MDMA0_SX440 /home/sky/kaldi/egs/timit/s5/mfcc/raw_mfcc_train.5.ark:488460
MPGR1_SX59 /home/sky/kaldi/egs/timit/s5/mfcc/raw_mfcc_train.8.ark:670824
FLMA0_SI1243 /home/sky/kaldi/egs/timit/s5/mfcc/raw_mfcc_train.2.ark:1071977
MMVP0_SI1914 /home/sky/kaldi/egs/timit/s5/mfcc/raw_mfcc_train.8.ark:264046
FMAH1_SI879 /home/sky/kaldi/egs/timit/s5/mfcc/raw_mfcc_train.2.ark:1234403
FSKC0_SI786 /home/sky/kaldi/egs/timit/s5/mfcc/raw_mfcc_train.3.ark:866954
FKKH0_SX390 /home/sky/kaldi/egs/timit/s5/mfcc/raw_mfcc_train.2.ark:633086
MARW0_SX106 /home/sky/kaldi/egs/timit/s5/mfcc/raw_mfcc_train.4.ark:267878
FDKN0_SX91 /home/sky/kaldi/egs/timit/s5/mfcc/raw_mfcc_train.1.ark:943808
FDFB0_SX148 /home/sky/kaldi/egs/timit/s5/mfcc/raw_mfcc_train.1.ark:862234
FMJF0_SX444 /home/sky/kaldi/egs/timit/s5/mfcc/raw_mfcc_train.2.ark:1385912
MBML0_SX359 /home/sky/kaldi/egs/timit/s5/mfcc/raw_mfcc_train.4.ark:557720
MMDG0_SX160 /home/sky/kaldi/egs/timit/s5/mfcc/raw_mfcc_train.7.ark:1359102
MRVG0_SX150 /home/sky/kaldi/egs/timit/s5/mfcc/raw_mfcc_train.9.ark:831910
MDLR1_SX309 /home/sky/kaldi/egs/timit/s5/mfcc/raw_mfcc_train.5.ark:447367
FTLG0_SI483 /home/sky/kaldi/egs/timit/s5/mfcc/raw_mfcc_train.3.ark:1283324
MFRM0_SI1785 /home/sky/kaldi/egs/timit/s5/mfcc/raw_mfcc_train.5.ark:1249665
MRMS0_SI2100 /home/sky/kaldi/egs/timit/s5/mfcc/raw_mfcc_train.9.ark:587779
MRFL0_SX256 /home/sky/kaldi/egs/timit/s5/mfcc/raw_mfcc_train.8.ark:1463433
FLJA0_SX178 /home/sky/kaldi/egs/timit/s5/mfcc/raw_mfcc_train.2.ark:941772
MJMA0_SX235 /home/sky/kaldi/egs/timit/s5/mfcc/raw_mfcc_train.6.ark:1275283
MWGR0_SX256 /home/sky/kaldi/egs/timit/s5/mfcc/raw_mfcc_train.10.ark:1335431
MWRP0_SX363 /home/sky/kaldi/egs/timit/s5/mfcc/raw_mfcc_train.10.ark:1407111
MBAR0_SX149 /home/sky/kaldi/egs/timit/s5/mfcc/raw_mfcc_train.4.ark:303425
MDMA0_SX350 /home/sky/kaldi/egs/timit/s5/mfcc/raw_mfcc_train.5.ark:482395
MWDK0_SX176 /home/sky/kaldi/egs/timit/s5/mfcc/raw_mfcc_train.10.ark:1265187
FSAH0_SI614 /home/sky/kaldi/egs/timit/s5/mfcc/raw_mfcc_train.3.ark:493252
MJRP0_SI585 /home/sky/kaldi/egs/timit/s5/mfcc/raw_mfcc_train.7.ark:118878
MRXB0_SI955 /home/sky/kaldi/egs/timit/s5/mfcc/raw_mfcc_train.9.ark:919057
FPAZ0_SI1593 /home/sky/kaldi/egs/timit/s5/mfcc/raw_mfcc_train.3.ark:223332
FSKC0_SX66 /home/sky/kaldi/egs/timit/s5/mfcc/raw_mfcc_train.3.ark:885201
FCYL0_SX397 /home/sky/kaldi/egs/timit/s5/mfcc/raw_mfcc_train.1.ark:779681
MHMR0_SX219 /home/sky/kaldi/egs/timit/s5/mfcc/raw_mfcc_train.6.ark:426774
FBMH0_SI1766 /home/sky/kaldi/egs/timit/s5/mfcc/raw_mfcc_train.1.ark:348442
MJXA0_SI1507 /home/sky/kaldi/egs/timit/s5/mfcc/raw_mfcc_train.7.ark:289603
FBJL0_SX292 /home/sky/kaldi/egs/timit/s5/mfcc/raw_mfcc_train.1.ark:298402
MTRC0_SX170 /home/sky/kaldi/egs/timit/s5/mfcc/raw_mfcc_train.10.ark:893609
MJEB1_SX117 /home/sky/kaldi/egs/timit/s5/mfcc/raw_mfcc_train.6.ark:885150
MMDB0_SI1358 /home/sky/kaldi/egs/timit/s5/mfcc/raw_mfcc_train.7.ark:1317085
MLBC0_SI1869 /home/sky/kaldi/egs/timit/s5/mfcc/raw_mfcc_train.7.ark:873454
MJRP0_SX45 /home/sky/kaldi/egs/timit/s5/mfcc/raw_mfcc_train.7.ark:137203
MRMS0_SX390 /home/sky/kaldi/egs/timit/s5/mfcc/raw_mfcc_train.9.ark:602867
FKKH0_SX300 /home/sky/kaldi/egs/timit/s5/mfcc/raw_mfcc_train.2.ark:629790
MPSW0_SX167 /home/sky/kaldi/egs/timit/s5/mfcc/raw_mfcc_train.8.ark:912346
MKRG0_SX31 /home/sky/kaldi/egs/timit/s5/mfcc/raw_mfcc_train.7.ark:827828
FTAJ0_SX429 /home/sky/kaldi/egs/timit/s5/mfcc/raw_mfcc_train.3.ark:1206944
MJMA0_SI2125 /home/sky/kaldi/egs/timit/s5/mfcc/raw_mfcc_train.6.ark:1261625
MRAV0_SX378 /home/sky/kaldi/egs/timit/s5/mfcc/raw_mfcc_train.8.ark:1086755
MCRE0_SX41 /home/sky/kaldi/egs/timit/s5/mfcc/raw_mfcc_train.4.ark:1082608
FDMY0_SX207 /home/sky/kaldi/egs/timit/s5/mfcc/raw_mfcc_train.1.ark:1002675
MJPM1_SX311 /home/sky/kaldi/egs/timit/s5/mfcc/raw_mfcc_train.6.ark:1424855
MMEB0_SI1357 /home/sky/kaldi/egs/timit/s5/mfcc/raw_mfcc_train.7.ark:1500207
MRBC0_SI1665 /home/sky/kaldi/egs/timit/s5/mfcc/raw_mfcc_train.8.ark:1090455
MMWB0_SI1619 /home/sky/kaldi/egs/timit/s5/mfcc/raw_mfcc_train.8.ark:299118
MRJT0_SI1498 /home/sky/kaldi/egs/timit/s5/mfcc/raw_mfcc_train.9.ark:220002
MARW0_SX376 /home/sky/kaldi/egs/timit/s5/mfcc/raw_mfcc_train.4.ark:287938
FLEH0_SI1681 /home/sky/kaldi/egs/timit/s5/mfcc/raw_mfcc_train.2.ark:841185
MTJG0_SX440 /home/sky/kaldi/egs/timit/s5/mfcc/raw_mfcc_train.10.ark:370755
FSAH0_SX327 /home/sky/kaldi/egs/timit/s5/mfcc/raw_mfcc_train.3.ark:503367
FDNC0_SI1278 /home/sky/kaldi/egs/timit/s5/mfcc/raw_mfcc_train.1.ark:1020396
FSSB0_SI2342 /home/sky/kaldi/egs/timit/s5/mfcc/raw_mfcc_train.3.ark:1163193
FJWB1_SI795 /home/sky/kaldi/egs/timit/s5/mfcc/raw_mfcc_train.2.ark:372223
MBTH0_SI2102 /home/sky/kaldi/egs/timit/s5/mfcc/raw_mfcc_train.4.ark:622075
MRFK0_SX266 /home/sky/kaldi/egs/timit/s5/mfcc/raw_mfcc_train.8.ark:1430135
MTPP0_SI2138 /home/sky/kaldi/egs/timit/s5/mfcc/raw_mfcc_train.10.ark:778115
MTRT0_SX417 /home/sky/kaldi/egs/timit/s5/mfcc/raw_mfcc_train.10.ark:965998
MBML0_SX449 /home/sky/kaldi/egs/timit/s5/mfcc/raw_mfcc_train.4.ark:562394
MKES0_SI1883 /home/sky/kaldi/egs/timit/s5/mfcc/raw_mfcc_train.7.ark:586301
MSES0_SX149 /home/sky/kaldi/egs/timit/s5/mfcc/raw_mfcc_train.9.ark:1211952
MJFH0_SX207 /home/sky/kaldi/egs/timit/s5/mfcc/raw_mfcc_train.6.ark:949712
FLKM0_SI1880 /home/sky/kaldi/egs/timit/s5/mfcc/raw_mfcc_train.2.ark:1035287
FJKL0_SX32 /home/sky/kaldi/egs/timit/s5/mfcc/raw_mfcc_train.2.ark:152189
MMBS0_SX161 /home/sky/kaldi/egs/timit/s5/mfcc/raw_mfcc_train.7.ark:1261002
MCRE0_SX221 /home/sky/kaldi/egs/timit/s5/mfcc/raw_mfcc_train.4.ark:1071071
MTAS0_SX395 /home/sky/kaldi/egs/timit/s5/mfcc/raw_mfcc_train.10.ark:103974
MJDE0_SX400 /home/sky/kaldi/egs/timit/s5/mfcc/raw_mfcc_train.6.ark:764399
MAFM0_SI939 /home/sky/kaldi/egs/timit/s5/mfcc/raw_mfcc_train.4.ark:74308
MCLK0_SI1660 /home/sky/kaldi/egs/timit/s5/mfcc/raw_mfcc_train.4.ark:963737
MGRL0_SX237 /home/sky/kaldi/egs/timit/s5/mfcc/raw_mfcc_train.6.ark:134273
MMWB0_SI989 /home/sky/kaldi/egs/timit/s5/mfcc/raw_mfcc_train.8.ark:310989
FCYL0_SX127 /home/sky/kaldi/egs/timit/s5/mfcc/raw_mfcc_train.1.ark:764847
MNET0_SI2076 /home/sky/kaldi/egs/timit/s5/mfcc/raw_mfcc_train.8.ark:434617
FTAJ0_SX249 /home/sky/kaldi/egs/timit/s5/mfcc/raw_mfcc_train.3.ark:1201340
MJSR0_SI2054 /home/sky/kaldi/egs/timit/s5/mfcc/raw_mfcc_train.7.ark:145578
MSDB0_SX197 /home/sky/kaldi/egs/timit/s5/mfcc/raw_mfcc_train.9.ark:1078251
MCTM0_SX450 /home/sky/kaldi/egs/timit/s5/mfcc/raw_mfcc_train.4.ark:1177334
MGSH0_SX186 /home/sky/kaldi/egs/timit/s5/mfcc/raw_mfcc_train.6.ark:204756
MMAA0_SI2105 /home/sky/kaldi/egs/timit/s5/mfcc/raw_mfcc_train.7.ark:1080704
MRJH0_SX439 /home/sky/kaldi/egs/timit/s5/mfcc/raw_mfcc_train.9.ark:143134
MGJC0_SX165 /home/sky/kaldi/egs/timit/s5/mfcc/raw_mfcc_train.6.ark:95118
MPRB0_SX215 /home/sky/kaldi/egs/timit/s5/mfcc/raw_mfcc_train.8.ark:780799
MMSM0_SI1106 /home/sky/kaldi/egs/timit/s5/mfcc/raw_mfcc_train.8.ark:226515
MRSO0_SI1206 /home/sky/kaldi/egs/timit/s5/mfcc/raw_mfcc_train.9.ark:672240
MTXS0_SI2320 /home/sky/kaldi/egs/timit/s5/mfcc/raw_mfcc_train.10.ark:1010038
MESG0_SX432 /home/sky/kaldi/egs/timit/s5/mfcc/raw_mfcc_train.5.ark:1115470
MCRE0_SI1121 /home/sky/kaldi/egs/timit/s5/mfcc/raw_mfcc_train.4.ark:1055454
FMKF0_SX276 /home/sky/kaldi/egs/timit/s5/mfcc/raw_mfcc_train.2.ark:1480567
MWAD0_SX72 /home/sky/kaldi/egs/timit/s5/mfcc/raw_mfcc_train.10.ark:1191760
MKRG0_SX231 /home/sky/kaldi/egs/timit/s5/mfcc/raw_mfcc_train.7.ark:826301
FCKE0_SX121 /home/sky/kaldi/egs/timit/s5/mfcc/raw_mfcc_train.1.ark:606832
FRLL0_SX74 /home/sky/kaldi/egs/timit/s5/mfcc/raw_mfcc_train.3.ark:443057
MNTW0_SX78 /home/sky/kaldi/egs/timit/s5/mfcc/raw_mfcc_train.8.ark:489288
MSFH0_SX406 /home/sky/kaldi/egs/timit/s5/mfcc/raw_mfcc_train.9.ark:1259207
MFRM0_SI1155 /home/sky/kaldi/egs/timit/s5/mfcc/raw_mfcc_train.5.ark:1241082
MDTB0_SX120 /home/sky/kaldi/egs/timit/s5/mfcc/raw_mfcc_train.5.ark:787593
MREE0_SX294 /home/sky/kaldi/egs/timit/s5/mfcc/raw_mfcc_train.8.ark:1307863
MDAS0_SI636 /home/sky/kaldi/egs/timit/s5/mfcc/raw_mfcc_train.4.ark:1258558
FSCN0_SX86 /home/sky/kaldi/egs/timit/s5/mfcc/raw_mfcc_train.3.ark:622495
MSFH0_SI1216 /home/sky/kaldi/egs/timit/s5/mfcc/raw_mfcc_train.9.ark:1229134
FSSB0_SI1712 /home/sky/kaldi/egs/timit/s5/mfcc/raw_mfcc_train.3.ark:1157517
MMVP0_SX204 /home/sky/kaldi/egs/timit/s5/mfcc/raw_mfcc_train.8.ark:280889
MDHL0_SX89 /home/sky/kaldi/egs/timit/s5/mfcc/raw_mfcc_train.5.ark:97793
MAFM0_SI1569 /home/sky/kaldi/egs/timit/s5/mfcc/raw_mfcc_train.4.ark:70692
MJFH0_SX117 /home/sky/kaldi/egs/timit/s5/mfcc/raw_mfcc_train.6.ark:946676
MMGG0_SX179 /home/sky/kaldi/egs/timit/s5/mfcc/raw_mfcc_train.8.ark:52268
MCEF0_SI842 /home/sky/kaldi/egs/timit/s5/mfcc/raw_mfcc_train.4.ark:867016
MPGR1_SI1269 /home/sky/kaldi/egs/timit/s5/mfcc/raw_mfcc_train.8.ark:641797
MWGR0_SX76 /home/sky/kaldi/egs/timit/s5/mfcc/raw_mfcc_train.10.ark:1346189
MGSH0_SX96 /home/sky/kaldi/egs/timit/s5/mfcc/raw_mfcc_train.6.ark:215993
FJXP0_SI1122 /home/sky/kaldi/egs/timit/s5/mfcc/raw_mfcc_train.2.ark:430653
MSFV0_SX272 /home/sky/kaldi/egs/timit/s5/mfcc/raw_mfcc_train.9.ark:1287109
MSDS0_SI1707 /home/sky/kaldi/egs/timit/s5/mfcc/raw_mfcc_train.9.ark:1126841
MWCH0_SI2252 /home/sky/kaldi/egs/timit/s5/mfcc/raw_mfcc_train.10.ark:1230738
MWCH0_SX272 /home/sky/kaldi/egs/timit/s5/mfcc/raw_mfcc_train.10.ark:1237304
FJLG0_SX89 /home/sky/kaldi/egs/timit/s5/mfcc/raw_mfcc_train.2.ark:188082
MADC0_SI1367 /home/sky/kaldi/egs/timit/s5/mfcc/raw_mfcc_train.3.ark:1462708
MGRP0_SX147 /home/sky/kaldi/egs/timit/s5/mfcc/raw_mfcc_train.6.ark:163430
MMGK0_SI1322 /home/sky/kaldi/egs/timit/s5/mfcc/raw_mfcc_train.8.ark:72544
MRHL0_SI1515 /home/sky/kaldi/egs/timit/s5/mfcc/raw_mfcc_train.9.ark:47063
MRML0_SI2051 /home/sky/kaldi/egs/timit/s5/mfcc/raw_mfcc_train.9.ark:543527
MKLS0_SX447 /home/sky/kaldi/egs/timit/s5/mfcc/raw_mfcc_train.7.ark:734220
MSEM1_SI1440 /home/sky/kaldi/egs/timit/s5/mfcc/raw_mfcc_train.9.ark:1158377
MJRG0_SI1996 /home/sky/kaldi/egs/timit/s5/mfcc/raw_mfcc_train.6.ark:1476642
MJAI0_SX74 /home/sky/kaldi/egs/timit/s5/mfcc/raw_mfcc_train.6.ark:631804
MMAA0_SX125 /home/sky/kaldi/egs/timit/s5/mfcc/raw_mfcc_train.7.ark:1090013
MDLR1_SX129 /home/sky/kaldi/egs/timit/s5/mfcc/raw_mfcc_train.5.ark:438994
FDAS1_SI1461 /home/sky/kaldi/egs/timit/s5/mfcc/raw_mfcc_train.1.ark:783914
FCKE0_SI1111 /home/sky/kaldi/egs/timit/s5/mfcc/raw_mfcc_train.1.ark:593043
MMGG0_SX269 /home/sky/kaldi/egs/timit/s5/mfcc/raw_mfcc_train.8.ark:56305
MTML0_SI2325 /home/sky/kaldi/egs/timit/s5/mfcc/raw_mfcc_train.10.ark:619887
MAKB0_SI1016 /home/sky/kaldi/egs/timit/s5/mfcc/raw_mfcc_train.4.ark:133948
FCLT0_SX88 /home/sky/kaldi/egs/timit/s5/mfcc/raw_mfcc_train.1.ark:649114
FEAR0_SX262 /home/sky/kaldi/egs/timit/s5/mfcc/raw_mfcc_train.1.ark:1169102
MJDA0_SI1031 /home/sky/kaldi/egs/timit/s5/mfcc/raw_mfcc_train.6.ark:667984
MJDC0_SI1161 /home/sky/kaldi/egs/timit/s5/mfcc/raw_mfcc_train.6.ark:696096
FSAH0_SX434 /home/sky/kaldi/egs/timit/s5/mfcc/raw_mfcc_train.3.ark:512754
MDCM0_SI850 /home/sky/kaldi/egs/timit/s5/mfcc/raw_mfcc_train.4.ark:1385625
MRAI0_SX162 /home/sky/kaldi/egs/timit/s5/mfcc/raw_mfcc_train.8.ark:1009002
FGCS0_SX406 /home/sky/kaldi/egs/timit/s5/mfcc/raw_mfcc_train.1.ark:1387508
MTMN0_SX164 /home/sky/kaldi/egs/timit/s5/mfcc/raw_mfcc_train.10.ark:662747
MRBC0_SX239 /home/sky/kaldi/egs/timit/s5/mfcc/raw_mfcc_train.8.ark:1105850
FTBR0_SI2181 /home/sky/kaldi/egs/timit/s5/mfcc/raw_mfcc_train.3.ark:1219277
MCHL0_SI1347 /home/sky/kaldi/egs/timit/s5/mfcc/raw_mfcc_train.4.ark:931036
MADD0_SX178 /home/sky/kaldi/egs/timit/s5/mfcc/raw_mfcc_train.3.ark:1508534
MTLB0_SI1764 /home/sky/kaldi/egs/timit/s5/mfcc/raw_mfcc_train.10.ark:554661
MWDK0_SX446 /home/sky/kaldi/egs/timit/s5/mfcc/raw_mfcc_train.10.ark:1277519
MPFU0_SI1258 /home/sky/kaldi/egs/timit/s5/mfcc/raw_mfcc_train.8.ark:550016
MDWM0_SX16 /home/sky/kaldi/egs/timit/s5/mfcc/raw_mfcc_train.5.ark:890068
MEAL0_SX377 /home/sky/kaldi/egs/timit/s5/mfcc/raw_mfcc_train.5.ark:928419
MADD0_SI1798 /home/sky/kaldi/egs/timit/s5/mfcc/raw_mfcc_train.3.ark:1500044
FPAZ0_SX63 /home/sky/kaldi/egs/timit/s5/mfcc/raw_mfcc_train.3.ark:253254
MJRA0_SX66 /home/sky/kaldi/egs/timit/s5/mfcc/raw_mfcc_train.6.ark:1469125
MRLR0_SI1826 /home/sky/kaldi/egs/timit/s5/mfcc/raw_mfcc_train.9.ark:418224
MJBG0_SX242 /home/sky/kaldi/egs/timit/s5/mfcc/raw_mfcc_train.6.ark:649665
FVKB0_SX259 /home/sky/kaldi/egs/timit/s5/mfcc/raw_mfcc_train.3.ark:1385957
MRSP0_SX259 /home/sky/kaldi/egs/timit/s5/mfcc/raw_mfcc_train.9.ark:733291
MGSH0_SX276 /home/sky/kaldi/egs/timit/s5/mfcc/raw_mfcc_train.6.ark:208611
MRAV0_SX18 /home/sky/kaldi/egs/timit/s5/mfcc/raw_mfcc_train.8.ark:1076841
MMSM0_SI476 /home/sky/kaldi/egs/timit/s5/mfcc/raw_mfcc_train.8.ark:235734
MJAE0_SI1524 /home/sky/kaldi/egs/timit/s5/mfcc/raw_mfcc_train.6.ark:568882
FKLH0_SX177 /home/sky/kaldi/egs/timit/s5/mfcc/raw_mfcc_train.2.ark:716639
MTPG0_SX303 /home/sky/kaldi/egs/timit/s5/mfcc/raw_mfcc_train.10.ark:762707
MDAS0_SI1896 /home/sky/kaldi/egs/timit/s5/mfcc/raw_mfcc_train.4.ark:1252987
MDMA0_SX170 /home/sky/kaldi/egs/timit/s5/mfcc/raw_mfcc_train.5.ark:471123
MBCG0_SX237 /home/sky/kaldi/egs/timit/s5/mfcc/raw_mfcc_train.4.ark:369079
FPAD0_SX446 /home/sky/kaldi/egs/timit/s5/mfcc/raw_mfcc_train.3.ark:182726
MILB0_SX273 /home/sky/kaldi/egs/timit/s5/mfcc/raw_mfcc_train.6.ark:524300
MMAR0_SI1966 /home/sky/kaldi/egs/timit/s5/mfcc/raw_mfcc_train.7.ark:1213143
MADD0_SX448 /home/sky/kaldi/egs/timit/s5/mfcc/raw_mfcc_train.4.ark:12
MLBC0_SX159 /home/sky/kaldi/egs/timit/s5/mfcc/raw_mfcc_train.7.ark:881450
MPAR0_SX406 /home/sky/kaldi/egs/timit/s5/mfcc/raw_mfcc_train.8.ark:513961
MJAI0_SI710 /home/sky/kaldi/egs/timit/s5/mfcc/raw_mfcc_train.6.ark:612686
FDJH0_SI2195 /home/sky/kaldi/egs/timit/s5/mfcc/raw_mfcc_train.1.ark:883298
FCRZ0_SX73 /home/sky/kaldi/egs/timit/s5/mfcc/raw_mfcc_train.1.ark:746513
MSFH0_SI1738 /home/sky/kaldi/egs/timit/s5/mfcc/raw_mfcc_train.9.ark:1233575
MSDH0_SI2113 /home/sky/kaldi/egs/timit/s5/mfcc/raw_mfcc_train.9.ark:1086580
MBMA0_SX322 /home/sky/kaldi/egs/timit/s5/mfcc/raw_mfcc_train.4.ark:494621
MJWT0_SX391 /home/sky/kaldi/egs/timit/s5/mfcc/raw_mfcc_train.7.ark:286488
MMSM0_SX206 /home/sky/kaldi/egs/timit/s5/mfcc/raw_mfcc_train.8.ark:244614
MTRR0_SI2178 /home/sky/kaldi/egs/timit/s5/mfcc/raw_mfcc_train.10.ark:913633
MJLG1_SI2272 /home/sky/kaldi/egs/timit/s5/mfcc/raw_mfcc_train.6.ark:1201588
MRAV0_SX198 /home/sky/kaldi/egs/timit/s5/mfcc/raw_mfcc_train.8.ark:1079916
MGRP0_SI1317 /home/sky/kaldi/egs/timit/s5/mfcc/raw_mfcc_train.6.ark:149953
MHRM0_SI2218 /home/sky/kaldi/egs/timit/s5/mfcc/raw_mfcc_train.6.ark:444906
MTKD0_SI1187 /home/sky/kaldi/egs/timit/s5/mfcc/raw_mfcc_train.10.ark:479282
FLMC0_SX22 /home/sky/kaldi/egs/timit/s5/mfcc/raw_mfcc_train.2.ark:1115911
MPSW0_SX24 /home/sky/kaldi/egs/timit/s5/mfcc/raw_mfcc_train.8.ark:916239
FLAG0_SX24 /home/sky/kaldi/egs/timit/s5/mfcc/raw_mfcc_train.2.ark:822786
MRPC1_SX132 /home/sky/kaldi/egs/timit/s5/mfcc/raw_mfcc_train.9.ark:616015
FSMM0_SX234 /home/sky/kaldi/egs/timit/s5/mfcc/raw_mfcc_train.3.ark:1033394
MJXL0_SX362 /home/sky/kaldi/egs/timit/s5/mfcc/raw_mfcc_train.7.ark:339772
MBSB0_SX3 /home/sky/kaldi/egs/timit/s5/mfcc/raw_mfcc_train.4.ark:614826
MMDG0_SI2035 /home/sky/kaldi/egs/timit/s5/mfcc/raw_mfcc_train.7.ark:1351977
MMWS0_SX78 /home/sky/kaldi/egs/timit/s5/mfcc/raw_mfcc_train.8.ark:369124
MAJP0_SI1074 /home/sky/kaldi/egs/timit/s5/mfcc/raw_mfcc_train.4.ark:97399
MTML0_SX75 /home/sky/kaldi/egs/timit/s5/mfcc/raw_mfcc_train.10.ark:641631
MHXL0_SX62 /home/sky/kaldi/egs/timit/s5/mfcc/raw_mfcc_train.6.ark:502788
MSAT0_SX356 /home/sky/kaldi/egs/timit/s5/mfcc/raw_mfcc_train.9.ark:1022379
FSDJ0_SX215 /home/sky/kaldi/egs/timit/s5/mfcc/raw_mfcc_train.3.ark:670833
MTPG0_SI753 /home/sky/kaldi/egs/timit/s5/mfcc/raw_mfcc_train.10.ark:750674
MLNS0_SI2037 /home/sky/kaldi/egs/timit/s5/mfcc/raw_mfcc_train.7.ark:1013965
FJSP0_SI1434 /home/sky/kaldi/egs/timit/s5/mfcc/raw_mfcc_train.2.ark:331371
MKXL0_SI1185 /home/sky/kaldi/egs/timit/s5/mfcc/raw_mfcc_train.7.ark:836832
FKSR0_SI1747 /home/sky/kaldi/egs/timit/s5/mfcc/raw_mfcc_train.2.ark:739887
MCHL0_SX267 /home/sky/kaldi/egs/timit/s5/mfcc/raw_mfcc_train.4.ark:948317
FSKC0_SX156 /home/sky/kaldi/egs/timit/s5/mfcc/raw_mfcc_train.3.ark:869340
FDNC0_SI2287 /home/sky/kaldi/egs/timit/s5/mfcc/raw_mfcc_train.1.ark:1033399
FLEH0_SX151 /home/sky/kaldi/egs/timit/s5/mfcc/raw_mfcc_train.2.ark:847349
MDMT0_SI1832 /home/sky/kaldi/egs/timit/s5/mfcc/raw_mfcc_train.5.ark:497938
MKAH0_SX178 /home/sky/kaldi/egs/timit/s5/mfcc/raw_mfcc_train.7.ark:399476
MDCD0_SI1415 /home/sky/kaldi/egs/timit/s5/mfcc/raw_mfcc_train.4.ark:1344187
MSMS0_SI2063 /home/sky/kaldi/egs/timit/s5/mfcc/raw_mfcc_train.9.ark:1410607
FMKF0_SI1536 /home/sky/kaldi/egs/timit/s5/mfcc/raw_mfcc_train.2.ark:1468560
MTQC0_SX91 /home/sky/kaldi/egs/timit/s5/mfcc/raw_mfcc_train.10.ark:877889
FMKC0_SI1702 /home/sky/kaldi/egs/timit/s5/mfcc/raw_mfcc_train.2.ark:1438350
FKKH0_SI660 /home/sky/kaldi/egs/timit/s5/mfcc/raw_mfcc_train.2.ark:615281
FSKC0_SX246 /home/sky/kaldi/egs/timit/s5/mfcc/raw_mfcc_train.3.ark:872792
MJFH0_SX297 /home/sky/kaldi/egs/timit/s5/mfcc/raw_mfcc_train.6.ark:954522
FEME0_SX425 /home/sky/kaldi/egs/timit/s5/mfcc/raw_mfcc_train.1.ark:1287535
FSRH0_SI671 /home/sky/kaldi/egs/timit/s5/mfcc/raw_mfcc_train.3.ark:1126709
MRLD0_SX424 /home/sky/kaldi/egs/timit/s5/mfcc/raw_mfcc_train.9.ark:315850
FETB0_SX338 /home/sky/kaldi/egs/timit/s5/mfcc/raw_mfcc_train.1.ark:1314092
FMJU0_SI759 /home/sky/kaldi/egs/timit/s5/mfcc/raw_mfcc_train.2.ark:1404570
MTLB0_SX54 /home/sky/kaldi/egs/timit/s5/mfcc/raw_mfcc_train.10.ark:577166
MJPG0_SI1191 /home/sky/kaldi/egs/timit/s5/mfcc/raw_mfcc_train.6.ark:1346315
FSPM0_SX341 /home/sky/kaldi/egs/timit/s5/mfcc/raw_mfcc_train.3.ark:1110462
MCSS0_SX120 /home/sky/kaldi/egs/timit/s5/mfcc/raw_mfcc_train.4.ark:1102982
MRMG0_SI1710 /home/sky/kaldi/egs/timit/s5/mfcc/raw_mfcc_train.9.ark:477696
FRJB0_SX257 /home/sky/kaldi/egs/timit/s5/mfcc/raw_mfcc_train.3.ark:398066
FBCG1_SI1612 /home/sky/kaldi/egs/timit/s5/mfcc/raw_mfcc_train.1.ark:207117
FBCH0_SI1586 /home/sky/kaldi/egs/timit/s5/mfcc/raw_mfcc_train.1.ark:239050
MSRG0_SX231 /home/sky/kaldi/egs/timit/s5/mfcc/raw_mfcc_train.9.ark:1453715
MKAG0_SX79 /home/sky/kaldi/egs/timit/s5/mfcc/raw_mfcc_train.7.ark:384418
MJLG1_SI1642 /home/sky/kaldi/egs/timit/s5/mfcc/raw_mfcc_train.6.ark:1197810
FBMJ0_SX426 /home/sky/kaldi/egs/timit/s5/mfcc/raw_mfcc_train.1.ark:402678
MHBS0_SX225 /home/sky/kaldi/egs/timit/s5/mfcc/raw_mfcc_train.6.ark:308544
MTMT0_SX308 /home/sky/kaldi/egs/timit/s5/mfcc/raw_mfcc_train.10.ark:701077
FEAR0_SX442 /home/sky/kaldi/egs/timit/s5/mfcc/raw_mfcc_train.1.ark:1179139
MTJG0_SX260 /home/sky/kaldi/egs/timit/s5/mfcc/raw_mfcc_train.10.ark:361784
MPSW0_SX437 /home/sky/kaldi/egs/timit/s5/mfcc/raw_mfcc_train.8.ark:921531
MRLJ0_SI2050 /home/sky/kaldi/egs/timit/s5/mfcc/raw_mfcc_train.9.ark:326506
FLAG0_SI834 /home/sky/kaldi/egs/timit/s5/mfcc/raw_mfcc_train.2.ark:807946
FDAW0_SI1271 /home/sky/kaldi/egs/timit/s5/mfcc/raw_mfcc_train.1.ark:817641
FMAH1_SX339 /home/sky/kaldi/egs/timit/s5/mfcc/raw_mfcc_train.2.ark:1248308
MDPS0_SI1651 /home/sky/kaldi/egs/timit/s5/mfcc/raw_mfcc_train.5.ark:623018
MRSO0_SI2289 /home/sky/kaldi/egs/timit/s5/mfcc/raw_mfcc_train.9.ark:684528
FCAG0_SX243 /home/sky/kaldi/egs/timit/s5/mfcc/raw_mfcc_train.1.ark:423002
MHIT0_SX443 /home/sky/kaldi/egs/timit/s5/mfcc/raw_mfcc_train.6.ark:346042
MJEB0_SI1286 /home/sky/kaldi/egs/timit/s5/mfcc/raw_mfcc_train.6.ark:836113
MTPR0_SX250 /home/sky/kaldi/egs/timit/s5/mfcc/raw_mfcc_train.10.ark:821873
FTMG0_SX272 /home/sky/kaldi/egs/timit/s5/mfcc/raw_mfcc_train.3.ark:1327017
MAEO0_SI1326 /home/sky/kaldi/egs/timit/s5/mfcc/raw_mfcc_train.4.ark:38940
MDLC2_SX84 /home/sky/kaldi/egs/timit/s5/mfcc/raw_mfcc_train.5.ark:324199
MJMA0_SX145 /home/sky/kaldi/egs/timit/s5/mfcc/raw_mfcc_train.6.ark:1272104
MAKB0_SI2276 /home/sky/kaldi/egs/timit/s5/mfcc/raw_mfcc_train.4.ark:146002
FKDE0_SX421 /home/sky/kaldi/egs/timit/s5/mfcc/raw_mfcc_train.2.ark:523748
FPAB1_SX301 /home/sky/kaldi/egs/timit/s5/mfcc/raw_mfcc_train.3.ark:108557
MCLK0_SX400 /home/sky/kaldi/egs/timit/s5/mfcc/raw_mfcc_train.4.ark:993907
FMJU0_SX39 /home/sky/kaldi/egs/timit/s5/mfcc/raw_mfcc_train.2.ark:1421770
MWAC0_SI2231 /home/sky/kaldi/egs/timit/s5/mfcc/raw_mfcc_train.10.ark:1135553
MCLM0_SI1456 /home/sky/kaldi/egs/timit/s5/mfcc/raw_mfcc_train.4.ark:997464
FLJD0_SX256 /home/sky/kaldi/egs/timit/s5/mfcc/raw_mfcc_train.2.ark:982383
FVMH0_SX386 /home/sky/kaldi/egs/timit/s5/mfcc/raw_mfcc_train.3.ark:1432626
MJKR0_SI571 /home/sky/kaldi/egs/timit/s5/mfcc/raw_mfcc_train.6.ark:1140425
MWAR0_SX325 /home/sky/kaldi/egs/timit/s5/mfcc/raw_mfcc_train.10.ark:1214191
FJLG0_SI1889 /home/sky/kaldi/egs/timit/s5/mfcc/raw_mfcc_train.2.ark:161975
FDXW0_SI881 /home/sky/kaldi/egs/timit/s5/mfcc/raw_mfcc_train.1.ark:1097305
MMWS1_SX441 /home/sky/kaldi/egs/timit/s5/mfcc/raw_mfcc_train.8.ark:392276
MJDM0_SX350 /home/sky/kaldi/egs/timit/s5/mfcc/raw_mfcc_train.6.ark:822182
MWGR0_SI1606 /home/sky/kaldi/egs/timit/s5/mfcc/raw_mfcc_train.10.ark:1318723
MLNS0_SX147 /home/sky/kaldi/egs/timit/s5/mfcc/raw_mfcc_train.7.ark:1022221
FLTM0_SX440 /home/sky/kaldi/egs/timit/s5/mfcc/raw_mfcc_train.2.ark:1219931
FSDC0_SX412 /home/sky/kaldi/egs/timit/s5/mfcc/raw_mfcc_train.3.ark:648742
MSTF0_SX406 /home/sky/kaldi/egs/timit/s5/mfcc/raw_mfcc_train.9.ark:1526017
MFRM0_SX345 /home/sky/kaldi/egs/timit/s5/mfcc/raw_mfcc_train.5.ark:1260606
MRWS0_SI472 /home/sky/kaldi/egs/timit/s5/mfcc/raw_mfcc_train.9.ark:889646
MGAK0_SX136 /home/sky/kaldi/egs/timit/s5/mfcc/raw_mfcc_train.5.ark:1436774
MSEM1_SX450 /home/sky/kaldi/egs/timit/s5/mfcc/raw_mfcc_train.9.ark:1191466
MKDB0_SI2132 /home/sky/kaldi/egs/timit/s5/mfcc/raw_mfcc_train.7.ark:483411
FJWB1_SX255 /home/sky/kaldi/egs/timit/s5/mfcc/raw_mfcc_train.2.ark:379673
FKLC0_SX355 /home/sky/kaldi/egs/timit/s5/mfcc/raw_mfcc_train.2.ark:660209
MCHL0_SX447 /home/sky/kaldi/egs/timit/s5/mfcc/raw_mfcc_train.4.ark:957288
FCKE0_SX301 /home/sky/kaldi/egs/timit/s5/mfcc/raw_mfcc_train.1.ark:613736
FEEH0_SI471 /home/sky/kaldi/egs/timit/s5/mfcc/raw_mfcc_train.1.ark:1235086
FSDJ0_SX35 /home/sky/kaldi/egs/timit/s5/mfcc/raw_mfcc_train.3.ark:677788
MCXM0_SX181 /home/sky/kaldi/egs/timit/s5/mfcc/raw_mfcc_train.4.ark:1196168
MRXB0_SX145 /home/sky/kaldi/egs/timit/s5/mfcc/raw_mfcc_train.9.ark:924550
MMGC0_SI2184 /home/sky/kaldi/egs/timit/s5/mfcc/raw_mfcc_train.8.ark:20366
MDSS0_SX171 /home/sky/kaldi/egs/timit/s5/mfcc/raw_mfcc_train.5.ark:731163
FPLS0_SX60 /home/sky/kaldi/egs/timit/s5/mfcc/raw_mfcc_train.3.ark:314584
MREH1_SX159 /home/sky/kaldi/egs/timit/s5/mfcc/raw_mfcc_train.8.ark:1330611
FGRW0_SX342 /home/sky/kaldi/egs/timit/s5/mfcc/raw_mfcc_train.1.ark:1494377
MHRM0_SI958 /home/sky/kaldi/egs/timit/s5/mfcc/raw_mfcc_train.6.ark:448670
MJMM0_SX445 /home/sky/kaldi/egs/timit/s5/mfcc/raw_mfcc_train.6.ark:1340373
MNET0_SI816 /home/sky/kaldi/egs/timit/s5/mfcc/raw_mfcc_train.8.ark:436886
FSJW0_SI703 /home/sky/kaldi/egs/timit/s5/mfcc/raw_mfcc_train.3.ark:835177
MMDB0_SX447 /home/sky/kaldi/egs/timit/s5/mfcc/raw_mfcc_train.7.ark:1340216
MRAM0_SX105 /home/sky/kaldi/egs/timit/s5/mfcc/raw_mfcc_train.8.ark:1043133
MTPP0_SI1508 /home/sky/kaldi/egs/timit/s5/mfcc/raw_mfcc_train.10.ark:772595
MWSB0_SX186 /home/sky/kaldi/egs/timit/s5/mfcc/raw_mfcc_train.10.ark:1427128
MJFR0_SI1605 /home/sky/kaldi/egs/timit/s5/mfcc/raw_mfcc_train.6.ark:960712
FJKL0_SX212 /home/sky/kaldi/egs/timit/s5/mfcc/raw_mfcc_train.2.ark:144116
MCDD0_SI883 /home/sky/kaldi/egs/timit/s5/mfcc/raw_mfcc_train.4.ark:800940
FRJB0_SI1794 /home/sky/kaldi/egs/timit/s5/mfcc/raw_mfcc_train.3.ark:390798
MPGR0_SX330 /home/sky/kaldi/egs/timit/s5/mfcc/raw_mfcc_train.8.ark:628646
FECD0_SI1418 /home/sky/kaldi/egs/timit/s5/mfcc/raw_mfcc_train.1.ark:1187447
MBSB0_SX363 /home/sky/kaldi/egs/timit/s5/mfcc/raw_mfcc_train.4.ark:616614
MWCH0_SX452 /home/sky/kaldi/egs/timit/s5/mfcc/raw_mfcc_train.10.ark:1244286
MRRE0_SI704 /home/sky/kaldi/egs/timit/s5/mfcc/raw_mfcc_train.9.ark:640783
FPLS0_SX330 /home/sky/kaldi/egs/timit/s5/mfcc/raw_mfcc_train.3.ark:310717
FDML0_SX429 /home/sky/kaldi/egs/timit/s5/mfcc/raw_mfcc_train.1.ark:968352
FJSP0_SI1763 /home/sky/kaldi/egs/timit/s5/mfcc/raw_mfcc_train.2.ark:337177
FMKF0_SX186 /home/sky/kaldi/egs/timit/s5/mfcc/raw_mfcc_train.2.ark:1477453
MRXB0_SI1585 /home/sky/kaldi/egs/timit/s5/mfcc/raw_mfcc_train.9.ark:909929
FLJD0_SX436 /home/sky/kaldi/egs/timit/s5/mfcc/raw_mfcc_train.2.ark:990340
FCAJ0_SX219 /home/sky/kaldi/egs/timit/s5/mfcc/raw_mfcc_train.1.ark:452881
MKAJ0_SI784 /home/sky/kaldi/egs/timit/s5/mfcc/raw_mfcc_train.7.ark:429283
MRDM0_SX335 /home/sky/kaldi/egs/timit/s5/mfcc/raw_mfcc_train.8.ark:1241546
MTJU0_SX40 /home/sky/kaldi/egs/timit/s5/mfcc/raw_mfcc_train.10.ark:471779
MCAL0_SI1768 /home/sky/kaldi/egs/timit/s5/mfcc/raw_mfcc_train.4.ark:737691
FBMJ0_SX66 /home/sky/kaldi/egs/timit/s5/mfcc/raw_mfcc_train.1.ark:406948
MWSB0_SX96 /home/sky/kaldi/egs/timit/s5/mfcc/raw_mfcc_train.10.ark:1439867
MDMA0_SI2060 /home/sky/kaldi/egs/timit/s5/mfcc/raw_mfcc_train.5.ark:466956
MRAV0_SX108 /home/sky/kaldi/egs/timit/s5/mfcc/raw_mfcc_train.8.ark:1073390
MKDB0_SX62 /home/sky/kaldi/egs/timit/s5/mfcc/raw_mfcc_train.7.ark:512306
FPAD0_SX266 /home/sky/kaldi/egs/timit/s5/mfcc/raw_mfcc_train.3.ark:173963
MDDC0_SX69 /home/sky/kaldi/egs/timit/s5/mfcc/raw_mfcc_train.4.ark:1434050
MRMG0_SI1080 /home/sky/kaldi/egs/timit/s5/mfcc/raw_mfcc_train.9.ark:473723
MCEW0_SX92 /home/sky/kaldi/egs/timit/s5/mfcc/raw_mfcc_train.4.ark:926517
MSMC0_SX377 /home/sky/kaldi/egs/timit/s5/mfcc/raw_mfcc_train.9.ark:1368778
MJXA0_SX337 /home/sky/kaldi/egs/timit/s5/mfcc/raw_mfcc_train.7.ark:309607
MLNS0_SX327 /home/sky/kaldi/egs/timit/s5/mfcc/raw_mfcc_train.7.ark:1027773
FGRW0_SI1152 /home/sky/kaldi/egs/timit/s5/mfcc/raw_mfcc_train.1.ark:1470030
MGRL0_SI2127 /home/sky/kaldi/egs/timit/s5/mfcc/raw_mfcc_train.6.ark:122084
MCDC0_SX32 /home/sky/kaldi/egs/timit/s5/mfcc/raw_mfcc_train.4.ark:786662
MJMD0_SX218 /home/sky/kaldi/egs/timit/s5/mfcc/raw_mfcc_train.6.ark:1301614
MEWM0_SI718 /home/sky/kaldi/egs/timit/s5/mfcc/raw_mfcc_train.5.ark:1156439
MTJU0_SI2269 /home/sky/kaldi/egs/timit/s5/mfcc/raw_mfcc_train.10.ark:454052
MJLG1_SX292 /home/sky/kaldi/egs/timit/s5/mfcc/raw_mfcc_train.6.ark:1215967
MHMG0_SX285 /home/sky/kaldi/egs/timit/s5/mfcc/raw_mfcc_train.6.ark:401679
MPGR0_SX60 /home/sky/kaldi/egs/timit/s5/mfcc/raw_mfcc_train.8.ark:637655
MGAG0_SI691 /home/sky/kaldi/egs/timit/s5/mfcc/raw_mfcc_train.5.ark:1401661
MTCS0_SI712 /home/sky/kaldi/egs/timit/s5/mfcc/raw_mfcc_train.10.ark:213108
MNET0_SX276 /home/sky/kaldi/egs/timit/s5/mfcc/raw_mfcc_train.8.ark:443738
MSAT0_SX266 /home/sky/kaldi/egs/timit/s5/mfcc/raw_mfcc_train.9.ark:1019733
MFWK0_SI619 /home/sky/kaldi/egs/timit/s5/mfcc/raw_mfcc_train.5.ark:1278634
FCLT0_SX358 /home/sky/kaldi/egs/timit/s5/mfcc/raw_mfcc_train.1.ark:642276
FSMM0_SI684 /home/sky/kaldi/egs/timit/s5/mfcc/raw_mfcc_train.3.ark:1025788
MESJ0_SI2039 /home/sky/kaldi/egs/timit/s5/mfcc/raw_mfcc_train.5.ark:1123063
MHMG0_SI1365 /home/sky/kaldi/egs/timit/s5/mfcc/raw_mfcc_train.6.ark:379342
MMAM0_SX157 /home/sky/kaldi/egs/timit/s5/mfcc/raw_mfcc_train.7.ark:1190818
MBSB0_SX273 /home/sky/kaldi/egs/timit/s5/mfcc/raw_mfcc_train.4.ark:612403
MTDP0_SX171 /home/sky/kaldi/egs/timit/s5/mfcc/raw_mfcc_train.10.ark:287603
MRCW0_SX381 /home/sky/kaldi/egs/timit/s5/mfcc/raw_mfcc_train.8.ark:1187416
MDBB1_SI1006 /home/sky/kaldi/egs/timit/s5/mfcc/raw_mfcc_train.4.ark:1279423
MMGK0_SX332 /home/sky/kaldi/egs/timit/s5/mfcc/raw_mfcc_train.8.ark:87296
MEGJ0_SX3 /home/sky/kaldi/egs/timit/s5/mfcc/raw_mfcc_train.5.ark:1018741
FALK0_SX186 /home/sky/kaldi/egs/timit/s5/mfcc/raw_mfcc_train.1.ark:82540
MDLR1_SX399 /home/sky/kaldi/egs/timit/s5/mfcc/raw_mfcc_train.5.ark:455882
FREH0_SX235 /home/sky/kaldi/egs/timit/s5/mfcc/raw_mfcc_train.3.ark:372762
FLHD0_SX174 /home/sky/kaldi/egs/timit/s5/mfcc/raw_mfcc_train.2.ark:909162
MMRP0_SI717 /home/sky/kaldi/egs/timit/s5/mfcc/raw_mfcc_train.8.ark:193810
MDRD0_SX302 /home/sky/kaldi/egs/timit/s5/mfcc/raw_mfcc_train.5.ark:676671
MRAV0_SX288 /home/sky/kaldi/egs/timit/s5/mfcc/raw_mfcc_train.8.ark:1082978
FJDM2_SI2212 /home/sky/kaldi/egs/timit/s5/mfcc/raw_mfcc_train.2.ark:32480
FSAK0_SX400 /home/sky/kaldi/egs/timit/s5/mfcc/raw_mfcc_train.3.ark:547865
MRMG0_SX270 /home/sky/kaldi/egs/timit/s5/mfcc/raw_mfcc_train.9.ark:489977
MFXS0_SX54 /home/sky/kaldi/egs/timit/s5/mfcc/raw_mfcc_train.5.ark:1329985
MTAT0_SX300 /home/sky/kaldi/egs/timit/s5/mfcc/raw_mfcc_train.10.ark:132884
MLJC0_SX325 /home/sky/kaldi/egs/timit/s5/mfcc/raw_mfcc_train.7.ark:957810
MWCH0_SI1895 /home/sky/kaldi/egs/timit/s5/mfcc/raw_mfcc_train.10.ark:1228962
MDTB0_SX321 /home/sky/kaldi/egs/timit/s5/mfcc/raw_mfcc_train.5.ark:797364
MRJB1_SX300 /home/sky/kaldi/egs/timit/s5/mfcc/raw_mfcc_train.9.ark:106300
MDSS1_SX157 /home/sky/kaldi/egs/timit/s5/mfcc/raw_mfcc_train.5.ark:759690
MCHL0_SX87 /home/sky/kaldi/egs/timit/s5/mfcc/raw_mfcc_train.4.ark:960531
MGAR0_SI1694 /home/sky/kaldi/egs/timit/s5/mfcc/raw_mfcc_train.5.ark:1464481
MRHL0_SX345 /home/sky/kaldi/egs/timit/s5/mfcc/raw_mfcc_train.9.ark:65546
MJWG0_SI813 /home/sky/kaldi/egs/timit/s5/mfcc/raw_mfcc_train.7.ark:184439
MSMC0_SX17 /home/sky/kaldi/egs/timit/s5/mfcc/raw_mfcc_train.9.ark:1358188
MMAG0_SX316 /home/sky/kaldi/egs/timit/s5/mfcc/raw_mfcc_train.7.ark:1167595
MTKD0_SX287 /home/sky/kaldi/egs/timit/s5/mfcc/raw_mfcc_train.10.ark:505311
MADD0_SX358 /home/sky/kaldi/egs/timit/s5/mfcc/raw_mfcc_train.3.ark:1517817
MEDR0_SI744 /home/sky/kaldi/egs/timit/s5/mfcc/raw_mfcc_train.5.ark:940181
MLEL0_SX346 /home/sky/kaldi/egs/timit/s5/mfcc/raw_mfcc_train.7.ark:923381
MJAE0_SX264 /home/sky/kaldi/egs/timit/s5/mfcc/raw_mfcc_train.6.ark:584473
MJRH0_SX45 /home/sky/kaldi/egs/timit/s5/mfcc/raw_mfcc_train.7.ark:45759
MJBG0_SI1862 /home/sky/kaldi/egs/timit/s5/mfcc/raw_mfcc_train.6.ark:641786
FREH0_SI1945 /home/sky/kaldi/egs/timit/s5/mfcc/raw_mfcc_train.3.ark:360937
FRLL0_SI884 /home/sky/kaldi/egs/timit/s5/mfcc/raw_mfcc_train.3.ark:424342
FDTD0_SX321 /home/sky/kaldi/egs/timit/s5/mfcc/raw_mfcc_train.1.ark:1083053
MTJM0_SX416 /home/sky/kaldi/egs/timit/s5/mfcc/raw_mfcc_train.10.ark:403351
MJDC0_SI2165 /home/sky/kaldi/egs/timit/s5/mfcc/raw_mfcc_train.6.ark:699185
MDNS0_SX381 /home/sky/kaldi/egs/timit/s5/mfcc/raw_mfcc_train.5.ark:556583
FSKP0_SX198 /home/sky/kaldi/egs/timit/s5/mfcc/raw_mfcc_train.3.ark:940512
MTMN0_SI1064 /home/sky/kaldi/egs/timit/s5/mfcc/raw_mfcc_train.10.ark:645825
MSMR0_SI1405 /home/sky/kaldi/egs/timit/s5/mfcc/raw_mfcc_train.9.ark:1379870
MTMT0_SX38 /home/sky/kaldi/egs/timit/s5/mfcc/raw_mfcc_train.10.ark:704619
MKAJ0_SI1414 /home/sky/kaldi/egs/timit/s5/mfcc/raw_mfcc_train.7.ark:421390
MTAS0_SX35 /home/sky/kaldi/egs/timit/s5/mfcc/raw_mfcc_train.10.ark:101328
FJRB0_SX312 /home/sky/kaldi/egs/timit/s5/mfcc/raw_mfcc_train.2.ark:242081
FCEG0_SI1878 /home/sky/kaldi/egs/timit/s5/mfcc/raw_mfcc_train.1.ark:514620
MRBC0_SI1859 /home/sky/kaldi/egs/timit/s5/mfcc/raw_mfcc_train.8.ark:1093739
MCTM0_SX90 /home/sky/kaldi/egs/timit/s5/mfcc/raw_mfcc_train.4.ark:1181656
MJRA0_SX246 /home/sky/kaldi/egs/timit/s5/mfcc/raw_mfcc_train.6.ark:1456014
MTBC0_SI1173 /home/sky/kaldi/egs/timit/s5/mfcc/raw_mfcc_train.10.ark:176844
FLAG0_SX204 /home/sky/kaldi/egs/timit/s5/mfcc/raw_mfcc_train.2.ark:818308
FJKL0_SI1562 /home/sky/kaldi/egs/timit/s5/mfcc/raw_mfcc_train.2.ark:128994
FLTM0_SX170 /home/sky/kaldi/egs/timit/s5/mfcc/raw_mfcc_train.2.ark:1203361
MVRW0_SI2115 /home/sky/kaldi/egs/timit/s5/mfcc/raw_mfcc_train.10.ark:1108274
FNKL0_SX82 /home/sky/kaldi/egs/timit/s5/mfcc/raw_mfcc_train.3.ark:47292
MRAB0_SI594 /home/sky/kaldi/egs/timit/s5/mfcc/raw_mfcc_train.8.ark:937953
MDEF0_SX213 /home/sky/kaldi/egs/timit/s5/mfcc/raw_mfcc_train.5.ark:17034
MAKB0_SX386 /home/sky/kaldi/egs/timit/s5/mfcc/raw_mfcc_train.4.ark:168916
MSES0_SX59 /home/sky/kaldi/egs/timit/s5/mfcc/raw_mfcc_train.9.ark:1226747
MCTM0_SI720 /home/sky/kaldi/egs/timit/s5/mfcc/raw_mfcc_train.4.ark:1163617
MJRA0_SI606 /home/sky/kaldi/egs/timit/s5/mfcc/raw_mfcc_train.6.ark:1448421
MAPV0_SX303 /home/sky/kaldi/egs/timit/s5/mfcc/raw_mfcc_train.4.ark:221810
MHMR0_SI1692 /home/sky/kaldi/egs/timit/s5/mfcc/raw_mfcc_train.6.ark:412388
MRXB0_SX55 /home/sky/kaldi/egs/timit/s5/mfcc/raw_mfcc_train.9.ark:938877
FBCH0_SX326 /home/sky/kaldi/egs/timit/s5/mfcc/raw_mfcc_train.1.ark:261393
MNTW0_SI1698 /home/sky/kaldi/egs/timit/s5/mfcc/raw_mfcc_train.8.ark:464871
FNKL0_SI2152 /home/sky/kaldi/egs/timit/s5/mfcc/raw_mfcc_train.3.ark:23084
FSMA0_SX271 /home/sky/kaldi/egs/timit/s5/mfcc/raw_mfcc_train.3.ark:1001292
MTJU0_SX310 /home/sky/kaldi/egs/timit/s5/mfcc/raw_mfcc_train.10.ark:468211
MSAT1_SX353 /home/sky/kaldi/egs/timit/s5/mfcc/raw_mfcc_train.9.ark:1051804
MVLO0_SX337 /home/sky/kaldi/egs/timit/s5/mfcc/raw_mfcc_train.10.ark:1090903
MRWS0_SX292 /home/sky/kaldi/egs/timit/s5/mfcc/raw_mfcc_train.9.ark:901841
FTAJ0_SI474 /home/sky/kaldi/egs/timit/s5/mfcc/raw_mfcc_train.3.ark:1190685
MRJM1_SX128 /home/sky/kaldi/egs/timit/s5/mfcc/raw_mfcc_train.9.ark:199765
MJRK0_SI1662 /home/sky/kaldi/egs/timit/s5/mfcc/raw_mfcc_train.7.ark:81561
MRLK0_SI1468 /home/sky/kaldi/egs/timit/s5/mfcc/raw_mfcc_train.9.ark:380121
MESG0_SX162 /home/sky/kaldi/egs/timit/s5/mfcc/raw_mfcc_train.5.ark:1103203
MCXM0_SI1981 /home/sky/kaldi/egs/timit/s5/mfcc/raw_mfcc_train.4.ark:1187990
MJPM1_SX131 /home/sky/kaldi/egs/timit/s5/mfcc/raw_mfcc_train.6.ark:1417782
FSAK0_SI1930 /home/sky/kaldi/egs/timit/s5/mfcc/raw_mfcc_train.3.ark:526010
FKDE0_SX61 /home/sky/kaldi/egs/timit/s5/mfcc/raw_mfcc_train.2.ark:527563
MCDC0_SX392 /home/sky/kaldi/egs/timit/s5/mfcc/raw_mfcc_train.4.ark:790348
MTBC0_SI1803 /home/sky/kaldi/egs/timit/s5/mfcc/raw_mfcc_train.10.ark:178802
MJDG0_SX232 /home/sky/kaldi/egs/timit/s5/mfcc/raw_mfcc_train.6.ark:785419
FCJS0_SI1607 /home/sky/kaldi/egs/timit/s5/mfcc/raw_mfcc_train.1.ark:562761
MRRE0_SI1334 /home/sky/kaldi/egs/timit/s5/mfcc/raw_mfcc_train.9.ark:633938
MGAW0_SI535 /home/sky/kaldi/egs/timit/s5/mfcc/raw_mfcc_train.6.ark:35404
FSJK1_SX305 /home/sky/kaldi/egs/timit/s5/mfcc/raw_mfcc_train.3.ark:779184
MGRP0_SX57 /home/sky/kaldi/egs/timit/s5/mfcc/raw_mfcc_train.6.ark:181670
MTWH1_SI882 /home/sky/kaldi/egs/timit/s5/mfcc/raw_mfcc_train.10.ark:980262
MDBP0_SI528 /home/sky/kaldi/egs/timit/s5/mfcc/raw_mfcc_train.4.ark:1316325
MLSH0_SX337 /home/sky/kaldi/egs/timit/s5/mfcc/raw_mfcc_train.7.ark:1062722
MKLS1_SI915 /home/sky/kaldi/egs/timit/s5/mfcc/raw_mfcc_train.7.ark:748822
MWSH0_SI796 /home/sky/kaldi/egs/timit/s5/mfcc/raw_mfcc_train.10.ark:1452435
MDLC2_SI984 /home/sky/kaldi/egs/timit/s5/mfcc/raw_mfcc_train.5.ark:304236
FDJH0_SX215 /home/sky/kaldi/egs/timit/s5/mfcc/raw_mfcc_train.1.ark:896215
FPAC0_SX31 /home/sky/kaldi/egs/timit/s5/mfcc/raw_mfcc_train.3.ark:148270
FMJB0_SX97 /home/sky/kaldi/egs/timit/s5/mfcc/raw_mfcc_train.2.ark:1357768
MMXS0_SX336 /home/sky/kaldi/egs/timit/s5/mfcc/raw_mfcc_train.8.ark:416466
MJKR0_SX31 /home/sky/kaldi/egs/timit/s5/mfcc/raw_mfcc_train.6.ark:1158171
MARW0_SI1906 /home/sky/kaldi/egs/timit/s5/mfcc/raw_mfcc_train.4.ark:261780
FJXM0_SX131 /home/sky/kaldi/egs/timit/s5/mfcc/raw_mfcc_train.2.ark:405463
MRLJ1_SX51 /home/sky/kaldi/egs/timit/s5/mfcc/raw_mfcc_train.9.ark:376902
MRJB1_SX30 /home/sky/kaldi/egs/timit/s5/mfcc/raw_mfcc_train.9.ark:103472
MBMA1_SX144 /home/sky/kaldi/egs/timit/s5/mfcc/raw_mfcc_train.4.ark:518025
MJJJ0_SX443 /home/sky/kaldi/egs/timit/s5/mfcc/raw_mfcc_train.6.ark:1091082
MGAW0_SI1165 /home/sky/kaldi/egs/timit/s5/mfcc/raw_mfcc_train.6.ark:24547
FTBR0_SX111 /home/sky/kaldi/egs/timit/s5/mfcc/raw_mfcc_train.3.ark:1228118
MJPG0_SX21 /home/sky/kaldi/egs/timit/s5/mfcc/raw_mfcc_train.6.ark:1365759
MMGG0_SX449 /home/sky/kaldi/egs/timit/s5/mfcc/raw_mfcc_train.8.ark:63690
MMGG0_SX359 /home/sky/kaldi/egs/timit/s5/mfcc/raw_mfcc_train.8.ark:59172
MTMN0_SX254 /home/sky/kaldi/egs/timit/s5/mfcc/raw_mfcc_train.10.ark:667473
FJWB1_SX165 /home/sky/kaldi/egs/timit/s5/mfcc/raw_mfcc_train.2.ark:375831
FVMH0_SI2096 /home/sky/kaldi/egs/timit/s5/mfcc/raw_mfcc_train.3.ark:1410641
MAEO0_SI1956 /home/sky/kaldi/egs/timit/s5/mfcc/raw_mfcc_train.4.ark:48160
MGAR0_SX312 /home/sky/kaldi/egs/timit/s5/mfcc/raw_mfcc_train.6.ark:11877
MRDS0_SX357 /home/sky/kaldi/egs/timit/s5/mfcc/raw_mfcc_train.8.ark:1271412
MTPR0_SI506 /home/sky/kaldi/egs/timit/s5/mfcc/raw_mfcc_train.10.ark:813799
FKAA0_SI1838 /home/sky/kaldi/egs/timit/s5/mfcc/raw_mfcc_train.2.ark:464752
MRLJ0_SI790 /home/sky/kaldi/egs/timit/s5/mfcc/raw_mfcc_train.9.ark:329100
MGAG0_SI1321 /home/sky/kaldi/egs/timit/s5/mfcc/raw_mfcc_train.5.ark:1394094
MMLM0_SX447 /home/sky/kaldi/egs/timit/s5/mfcc/raw_mfcc_train.8.ark:152820
MKAG0_SX169 /home/sky/kaldi/egs/timit/s5/mfcc/raw_mfcc_train.7.ark:368753
MTJU0_SI2020 /home/sky/kaldi/egs/timit/s5/mfcc/raw_mfcc_train.10.ark:448519
MGAG0_SI645 /home/sky/kaldi/egs/timit/s5/mfcc/raw_mfcc_train.5.ark:1399067
MDDC0_SI789 /home/sky/kaldi/egs/timit/s5/mfcc/raw_mfcc_train.4.ark:1415608
MKLW0_SX221 /home/sky/kaldi/egs/timit/s5/mfcc/raw_mfcc_train.7.ark:787426
FMMH0_SI907 /home/sky/kaldi/egs/timit/s5/mfcc/raw_mfcc_train.2.ark:1506387
MTWH1_SI1512 /home/sky/kaldi/egs/timit/s5/mfcc/raw_mfcc_train.10.ark:973734
MBMA0_SI1852 /home/sky/kaldi/egs/timit/s5/mfcc/raw_mfcc_train.4.ark:481424
MTRT0_SX254 /home/sky/kaldi/egs/timit/s5/mfcc/raw_mfcc_train.10.ark:963079
FDAW0_SX236 /home/sky/kaldi/egs/timit/s5/mfcc/raw_mfcc_train.1.ark:837353
MRTC0_SX378 /home/sky/kaldi/egs/timit/s5/mfcc/raw_mfcc_train.9.ark:776781
MRAB1_SX128 /home/sky/kaldi/egs/timit/s5/mfcc/raw_mfcc_train.8.ark:974534
MRPC1_SX402 /home/sky/kaldi/egs/timit/s5/mfcc/raw_mfcc_train.9.ark:627879
MJWG0_SX175 /home/sky/kaldi/egs/timit/s5/mfcc/raw_mfcc_train.7.ark:198701
MGXP0_SI1087 /home/sky/kaldi/egs/timit/s5/mfcc/raw_mfcc_train.6.ark:256383
MEJS0_SX70 /home/sky/kaldi/egs/timit/s5/mfcc/raw_mfcc_train.5.ark:1089445
FJHK0_SI1022 /home/sky/kaldi/egs/timit/s5/mfcc/raw_mfcc_train.2.ark:96761
FLKM0_SX80 /home/sky/kaldi/egs/timit/s5/mfcc/raw_mfcc_train.2.ark:1068797
FCKE0_SX31 /home/sky/kaldi/egs/timit/s5/mfcc/raw_mfcc_train.1.ark:617330
MWRE0_SX247 /home/sky/kaldi/egs/timit/s5/mfcc/raw_mfcc_train.10.ark:1365103
MJWS0_SX423 /home/sky/kaldi/egs/timit/s5/mfcc/raw_mfcc_train.7.ark:244903
FCJF0_SI648 /home/sky/kaldi/egs/timit/s5/mfcc/raw_mfcc_train.1.ark:545117
FGDP0_SI988 /home/sky/kaldi/egs/timit/s5/mfcc/raw_mfcc_train.1.ark:1402058
FKLH0_SI1887 /home/sky/kaldi/egs/timit/s5/mfcc/raw_mfcc_train.2.ark:710970
MJSR0_SX434 /home/sky/kaldi/egs/timit/s5/mfcc/raw_mfcc_train.7.ark:171899
MDCM0_SX400 /home/sky/kaldi/egs/timit/s5/mfcc/raw_mfcc_train.4.ark:1404522
MAEO0_SX246 /home/sky/kaldi/egs/timit/s5/mfcc/raw_mfcc_train.4.ark:55103
MTKD0_SI1817 /home/sky/kaldi/egs/timit/s5/mfcc/raw_mfcc_train.10.ark:482865
MTAT1_SX239 /home/sky/kaldi/egs/timit/s5/mfcc/raw_mfcc_train.10.ark:157875
MDED0_SX270 /home/sky/kaldi/egs/timit/s5/mfcc/raw_mfcc_train.4.ark:1456317
MRJB1_SX120 /home/sky/kaldi/egs/timit/s5/mfcc/raw_mfcc_train.9.ark:94541
MCSS0_SI688 /home/sky/kaldi/egs/timit/s5/mfcc/raw_mfcc_train.4.ark:1092932
MBTH0_SX32 /home/sky/kaldi/egs/timit/s5/mfcc/raw_mfcc_train.4.ark:648779
MMAM0_SX247 /home/sky/kaldi/egs/timit/s5/mfcc/raw_mfcc_train.7.ark:1193503
FSBK0_SX439 /home/sky/kaldi/egs/timit/s5/mfcc/raw_mfcc_train.3.ark:577245
FLJG0_SI2241 /home/sky/kaldi/egs/timit/s5/mfcc/raw_mfcc_train.2.ark:1001399
FCYL0_SI667 /home/sky/kaldi/egs/timit/s5/mfcc/raw_mfcc_train.1.ark:758249
FSKP0_SI468 /home/sky/kaldi/egs/timit/s5/mfcc/raw_mfcc_train.3.ark:930209
MTLB0_SX324 /home/sky/kaldi/egs/timit/s5/mfcc/raw_mfcc_train.10.ark:567715
MSDH0_SI2240 /home/sky/kaldi/egs/timit/s5/mfcc/raw_mfcc_train.9.ark:1088343
MDCM0_SI1480 /home/sky/kaldi/egs/timit/s5/mfcc/raw_mfcc_train.4.ark:1375795
MDAC0_SI1261 /home/sky/kaldi/egs/timit/s5/mfcc/raw_mfcc_train.4.ark:1216093
FKLC0_SI985 /home/sky/kaldi/egs/timit/s5/mfcc/raw_mfcc_train.2.ark:642547
FCAG0_SX423 /home/sky/kaldi/egs/timit/s5/mfcc/raw_mfcc_train.1.ark:431921
MTMT0_SX398 /home/sky/kaldi/egs/timit/s5/mfcc/raw_mfcc_train.10.ark:708461
MTPF0_SI1235 /home/sky/kaldi/egs/timit/s5/mfcc/raw_mfcc_train.10.ark:712928
FRLL0_SX344 /home/sky/kaldi/egs/timit/s5/mfcc/raw_mfcc_train.3.ark:436661
FBMJ0_SX336 /home/sky/kaldi/egs/timit/s5/mfcc/raw_mfcc_train.1.ark:396366
MRLJ1_SX141 /home/sky/kaldi/egs/timit/s5/mfcc/raw_mfcc_train.9.ark:363056
MDBB1_SI1636 /home/sky/kaldi/egs/timit/s5/mfcc/raw_mfcc_train.4.ark:1284514
MTQC0_SX361 /home/sky/kaldi/egs/timit/s5/mfcc/raw_mfcc_train.10.ark:866150
MPSW0_SX77 /home/sky/kaldi/egs/timit/s5/mfcc/raw_mfcc_train.8.ark:925632
MTPR0_SX70 /home/sky/kaldi/egs/timit/s5/mfcc/raw_mfcc_train.10.ark:836908
FMBG0_SI2264 /home/sky/kaldi/egs/timit/s5/mfcc/raw_mfcc_train.2.ark:1269366
MHMR0_SI489 /home/sky/kaldi/egs/timit/s5/mfcc/raw_mfcc_train.6.ark:418401
FJSP0_SX354 /home/sky/kaldi/egs/timit/s5/mfcc/raw_mfcc_train.2.ark:351206
MFWK0_SX79 /home/sky/kaldi/egs/timit/s5/mfcc/raw_mfcc_train.5.ark:1299754
MRAI0_SX72 /home/sky/kaldi/egs/timit/s5/mfcc/raw_mfcc_train.8.ark:1026852
MPGR1_SX149 /home/sky/kaldi/egs/timit/s5/mfcc/raw_mfcc_train.8.ark:653585
MSFH0_SX316 /home/sky/kaldi/egs/timit/s5/mfcc/raw_mfcc_train.9.ark:1255547
MWRE0_SI1057 /home/sky/kaldi/egs/timit/s5/mfcc/raw_mfcc_train.10.ark:1349967
MKDB0_SX332 /home/sky/kaldi/egs/timit/s5/mfcc/raw_mfcc_train.7.ark:503037
MBMA1_SX414 /home/sky/kaldi/egs/timit/s5/mfcc/raw_mfcc_train.4.ark:531709
MDHL0_SX449 /home/sky/kaldi/egs/timit/s5/mfcc/raw_mfcc_train.5.ark:93029
MRLR0_SX116 /home/sky/kaldi/egs/timit/s5/mfcc/raw_mfcc_train.9.ark:426155
MCTH0_SX129 /home/sky/kaldi/egs/timit/s5/mfcc/raw_mfcc_train.4.ark:1133160
MWAD0_SI1062 /home/sky/kaldi/egs/timit/s5/mfcc/raw_mfcc_train.10.ark:1168934
FETB0_SI1778 /home/sky/kaldi/egs/timit/s5/mfcc/raw_mfcc_train.1.ark:1298191
MKRG0_SI1491 /home/sky/kaldi/egs/timit/s5/mfcc/raw_mfcc_train.7.ark:806291
FPAB1_SX121 /home/sky/kaldi/egs/timit/s5/mfcc/raw_mfcc_train.3.ark:99430
MRRE0_SX74 /home/sky/kaldi/egs/timit/s5/mfcc/raw_mfcc_train.9.ark:668020
MMCC0_SI708 /home/sky/kaldi/egs/timit/s5/mfcc/raw_mfcc_train.7.ark:1294046
FTMG0_SX362 /home/sky/kaldi/egs/timit/s5/mfcc/raw_mfcc_train.3.ark:1330508
MILB0_SX363 /home/sky/kaldi/egs/timit/s5/mfcc/raw_mfcc_train.6.ark:529850
FEAC0_SX435 /home/sky/kaldi/egs/timit/s5/mfcc/raw_mfcc_train.1.ark:1145945
FBMJ0_SX246 /home/sky/kaldi/egs/timit/s5/mfcc/raw_mfcc_train.1.ark:392940
MRAI0_SI1954 /home/sky/kaldi/egs/timit/s5/mfcc/raw_mfcc_train.8.ark:994537
MWGR0_SI2236 /home/sky/kaldi/egs/timit/s5/mfcc/raw_mfcc_train.10.ark:1322020
FDJH0_SX395 /home/sky/kaldi/egs/timit/s5/mfcc/raw_mfcc_train.1.ark:906895
MBOM0_SX114 /home/sky/kaldi/egs/timit/s5/mfcc/raw_mfcc_train.4.ark:580943
MBWP0_SX79 /home/sky/kaldi/egs/timit/s5/mfcc/raw_mfcc_train.4.ark:686075
MTLC0_SI1477 /home/sky/kaldi/egs/timit/s5/mfcc/raw_mfcc_train.10.ark:587296
FEXM0_SI1101 /home/sky/kaldi/egs/timit/s5/mfcc/raw_mfcc_train.1.ark:1326515
MDMT0_SX302 /home/sky/kaldi/egs/timit/s5/mfcc/raw_mfcc_train.5.ark:516135
MRDS0_SI1167 /home/sky/kaldi/egs/timit/s5/mfcc/raw_mfcc_train.8.ark:1252864
MJXA0_SI877 /home/sky/kaldi/egs/timit/s5/mfcc/raw_mfcc_train.7.ark:298341
MMDM1_SX153 /home/sky/kaldi/egs/timit/s5/mfcc/raw_mfcc_train.7.ark:1422019
