MRMS0_SI1113 /home/sky/kaldi/egs/timit/s5/mfcc/raw_mfcc_train.9.ark:576908
FKFB0_SI1608 /home/sky/kaldi/egs/timit/s5/mfcc/raw_mfcc_train.2.ark:564119
MTPP0_SX68 /home/sky/kaldi/egs/timit/s5/mfcc/raw_mfcc_train.10.ark:799463
FSBK0_SX259 /home/sky/kaldi/egs/timit/s5/mfcc/raw_mfcc_train.3.ark:566051
FECD0_SX338 /home/sky/kaldi/egs/timit/s5/mfcc/raw_mfcc_train.1.ark:1212638
MGXP0_SX97 /home/sky/kaldi/egs/timit/s5/mfcc/raw_mfcc_train.6.ark:287837
MKLN0_SI1598 /home/sky/kaldi/egs/timit/s5/mfcc/raw_mfcc_train.7.ark:646454
MRDD0_SX330 /home/sky/kaldi/egs/timit/s5/mfcc/raw_mfcc_train.8.ark:1212402
MDKS0_SX256 /home/sky/kaldi/egs/timit/s5/mfcc/raw_mfcc_train.5.ark:177440
FAPB0_SX163 /home/sky/kaldi/egs/timit/s5/mfcc/raw_mfcc_train.1.ark:148368
MBAR0_SX59 /home/sky/kaldi/egs/timit/s5/mfcc/raw_mfcc_train.4.ark:320976
MDBP0_SI1788 /home/sky/kaldi/egs/timit/s5/mfcc/raw_mfcc_train.4.ark:1311885
MGES0_SI1481 /home/sky/kaldi/egs/timit/s5/mfcc/raw_mfcc_train.6.ark:55323
FSMS1_SI1504 /home/sky/kaldi/egs/timit/s5/mfcc/raw_mfcc_train.3.ark:1053481
MDSJ0_SX292 /home/sky/kaldi/egs/timit/s5/mfcc/raw_mfcc_train.5.ark:708343
FLMK0_SI1035 /home/sky/kaldi/egs/timit/s5/mfcc/raw_mfcc_train.2.ark:1132827
FKDE0_SI1771 /home/sky/kaldi/egs/timit/s5/mfcc/raw_mfcc_train.2.ark:502470
MBWP0_SX79 /home/sky/kaldi/egs/timit/s5/mfcc/raw_mfcc_train.4.ark:686075
MRJB1_SX120 /home/sky/kaldi/egs/timit/s5/mfcc/raw_mfcc_train.9.ark:94541
FJSK0_SX332 /home/sky/kaldi/egs/timit/s5/mfcc/raw_mfcc_train.2.ark:318402
FDML0_SX249 /home/sky/kaldi/egs/timit/s5/mfcc/raw_mfcc_train.1.ark:962202
FSRH0_SI671 /home/sky/kaldi/egs/timit/s5/mfcc/raw_mfcc_train.3.ark:1126709
MBCG0_SX57 /home/sky/kaldi/egs/timit/s5/mfcc/raw_mfcc_train.4.ark:380825
FSMM0_SX414 /home/sky/kaldi/egs/timit/s5/mfcc/raw_mfcc_train.3.ark:1044263
FTBR0_SX21 /home/sky/kaldi/egs/timit/s5/mfcc/raw_mfcc_train.3.ark:1235476
MJSR0_SI1424 /home/sky/kaldi/egs/timit/s5/mfcc/raw_mfcc_train.7.ark:140643
MRSO0_SX39 /home/sky/kaldi/egs/timit/s5/mfcc/raw_mfcc_train.9.ark:703158
FJSP0_SX354 /home/sky/kaldi/egs/timit/s5/mfcc/raw_mfcc_train.2.ark:351206
MBMA1_SX54 /home/sky/kaldi/egs/timit/s5/mfcc/raw_mfcc_train.4.ark:535641
FJWB1_SI2055 /home/sky/kaldi/egs/timit/s5/mfcc/raw_mfcc_train.2.ark:363356
MJPM0_SX198 /home/sky/kaldi/egs/timit/s5/mfcc/raw_mfcc_train.6.ark:1395144
MJFH0_SI1737 /home/sky/kaldi/egs/timit/s5/mfcc/raw_mfcc_train.6.ark:938160
MJRA0_SX156 /home/sky/kaldi/egs/timit/s5/mfcc/raw_mfcc_train.6.ark:1452042
MDLC0_SX135 /home/sky/kaldi/egs/timit/s5/mfcc/raw_mfcc_train.5.ark:249190
MWGR0_SX166 /home/sky/kaldi/egs/timit/s5/mfcc/raw_mfcc_train.10.ark:1330458
MGAW0_SI1802 /home/sky/kaldi/egs/timit/s5/mfcc/raw_mfcc_train.6.ark:30431
FSJK1_SX35 /home/sky/kaldi/egs/timit/s5/mfcc/raw_mfcc_train.3.ark:782518
FEME0_SX155 /home/sky/kaldi/egs/timit/s5/mfcc/raw_mfcc_train.1.ark:1272837
MCEW0_SX272 /home/sky/kaldi/egs/timit/s5/mfcc/raw_mfcc_train.4.ark:910806
FPMY0_SX253 /home/sky/kaldi/egs/timit/s5/mfcc/raw_mfcc_train.3.ark:343644
MTBC0_SX273 /home/sky/kaldi/egs/timit/s5/mfcc/raw_mfcc_train.10.ark:192577
MWSB0_SX366 /home/sky/kaldi/egs/timit/s5/mfcc/raw_mfcc_train.10.ark:1432641
FDKN0_SX361 /home/sky/kaldi/egs/timit/s5/mfcc/raw_mfcc_train.1.ark:933785
MJRH0_SI1755 /home/sky/kaldi/egs/timit/s5/mfcc/raw_mfcc_train.7.ark:20601
MPSW0_SI2327 /home/sky/kaldi/egs/timit/s5/mfcc/raw_mfcc_train.8.ark:909518
MWSH0_SI1426 /home/sky/kaldi/egs/timit/s5/mfcc/raw_mfcc_train.10.ark:1443229
MJDM0_SX350 /home/sky/kaldi/egs/timit/s5/mfcc/raw_mfcc_train.6.ark:822182
MNTW0_SX258 /home/sky/kaldi/egs/timit/s5/mfcc/raw_mfcc_train.8.ark:479837
MEAL0_SX377 /home/sky/kaldi/egs/timit/s5/mfcc/raw_mfcc_train.5.ark:928419
MFXS0_SX414 /home/sky/kaldi/egs/timit/s5/mfcc/raw_mfcc_train.5.ark:1325871
MHXL0_SI1772 /home/sky/kaldi/egs/timit/s5/mfcc/raw_mfcc_train.6.ark:473347
FJSK0_SX152 /home/sky/kaldi/egs/timit/s5/mfcc/raw_mfcc_train.2.ark:310393
FJXM0_SX221 /home/sky/kaldi/egs/timit/s5/mfcc/raw_mfcc_train.2.ark:409032
MVLO0_SX247 /home/sky/kaldi/egs/timit/s5/mfcc/raw_mfcc_train.10.ark:1086138
MADC0_SX197 /home/sky/kaldi/egs/timit/s5/mfcc/raw_mfcc_train.3.ark:1485766
MTMN0_SX254 /home/sky/kaldi/egs/timit/s5/mfcc/raw_mfcc_train.10.ark:667473
MTWH1_SX342 /home/sky/kaldi/egs/timit/s5/mfcc/raw_mfcc_train.10.ark:990904
MDWH0_SX35 /home/sky/kaldi/egs/timit/s5/mfcc/raw_mfcc_train.5.ark:864662
MVRW0_SX135 /home/sky/kaldi/egs/timit/s5/mfcc/raw_mfcc_train.10.ark:1114190
MRLD0_SI1594 /home/sky/kaldi/egs/timit/s5/mfcc/raw_mfcc_train.9.ark:294487
MTXS0_SI1690 /home/sky/kaldi/egs/timit/s5/mfcc/raw_mfcc_train.10.ark:1007690
MJDA0_SI1031 /home/sky/kaldi/egs/timit/s5/mfcc/raw_mfcc_train.6.ark:667984
FSDC0_SX142 /home/sky/kaldi/egs/timit/s5/mfcc/raw_mfcc_train.3.ark:637138
FSAK0_SI670 /home/sky/kaldi/egs/timit/s5/mfcc/raw_mfcc_train.3.ark:528305
MRAB1_SI1478 /home/sky/kaldi/egs/timit/s5/mfcc/raw_mfcc_train.8.ark:961434
MTJS0_SX22 /home/sky/kaldi/egs/timit/s5/mfcc/raw_mfcc_train.10.ark:435237
FDMY0_SX27 /home/sky/kaldi/egs/timit/s5/mfcc/raw_mfcc_train.1.ark:1006516
MJPM0_SI1998 /home/sky/kaldi/egs/timit/s5/mfcc/raw_mfcc_train.6.ark:1379842
MHMG0_SX375 /home/sky/kaldi/egs/timit/s5/mfcc/raw_mfcc_train.6.ark:405157
FLJD0_SX346 /home/sky/kaldi/egs/timit/s5/mfcc/raw_mfcc_train.2.ark:985848
FNKL0_SX172 /home/sky/kaldi/egs/timit/s5/mfcc/raw_mfcc_train.3.ark:32744
MSDH0_SX440 /home/sky/kaldi/egs/timit/s5/mfcc/raw_mfcc_train.9.ark:1111414
FLEH0_SX151 /home/sky/kaldi/egs/timit/s5/mfcc/raw_mfcc_train.2.ark:847349
FBLV0_SX68 /home/sky/kaldi/egs/timit/s5/mfcc/raw_mfcc_train.1.ark:338884
FTBR0_SX201 /home/sky/kaldi/egs/timit/s5/mfcc/raw_mfcc_train.3.ark:1231479
FSLS0_SI1686 /home/sky/kaldi/egs/timit/s5/mfcc/raw_mfcc_train.3.ark:955349
MRWA0_SX73 /home/sky/kaldi/egs/timit/s5/mfcc/raw_mfcc_train.9.ark:878339
MJRK0_SI1662 /home/sky/kaldi/egs/timit/s5/mfcc/raw_mfcc_train.7.ark:81561
MJRH0_SX315 /home/sky/kaldi/egs/timit/s5/mfcc/raw_mfcc_train.7.ark:38154
MABC0_SI781 /home/sky/kaldi/egs/timit/s5/mfcc/raw_mfcc_train.3.ark:1441125
MAEO0_SX246 /home/sky/kaldi/egs/timit/s5/mfcc/raw_mfcc_train.4.ark:55103
MDPK0_SI1053 /home/sky/kaldi/egs/timit/s5/mfcc/raw_mfcc_train.5.ark:593724
MNET0_SX96 /home/sky/kaldi/egs/timit/s5/mfcc/raw_mfcc_train.8.ark:454169
MTJM0_SX326 /home/sky/kaldi/egs/timit/s5/mfcc/raw_mfcc_train.10.ark:399600
FLMK0_SI1229 /home/sky/kaldi/egs/timit/s5/mfcc/raw_mfcc_train.2.ark:1136735
MKRG0_SI861 /home/sky/kaldi/egs/timit/s5/mfcc/raw_mfcc_train.7.ark:816355
FBMH0_SX326 /home/sky/kaldi/egs/timit/s5/mfcc/raw_mfcc_train.1.ark:363927
FSMM0_SI1314 /home/sky/kaldi/egs/timit/s5/mfcc/raw_mfcc_train.3.ark:1018610
MGRP0_SI1947 /home/sky/kaldi/egs/timit/s5/mfcc/raw_mfcc_train.6.ark:155668
MMAM0_SX157 /home/sky/kaldi/egs/timit/s5/mfcc/raw_mfcc_train.7.ark:1190818
FSMS1_SI2134 /home/sky/kaldi/egs/timit/s5/mfcc/raw_mfcc_train.3.ark:1057337
MTCS0_SI1972 /home/sky/kaldi/egs/timit/s5/mfcc/raw_mfcc_train.10.ark:208751
MGES0_SX401 /home/sky/kaldi/egs/timit/s5/mfcc/raw_mfcc_train.6.ark:75282
FEAC0_SX345 /home/sky/kaldi/egs/timit/s5/mfcc/raw_mfcc_train.1.ark:1142246
MSRR0_SX51 /home/sky/kaldi/egs/timit/s5/mfcc/raw_mfcc_train.9.ark:1496054
MGRP0_SX327 /home/sky/kaldi/egs/timit/s5/mfcc/raw_mfcc_train.6.ark:171010
FKKH0_SI1290 /home/sky/kaldi/egs/timit/s5/mfcc/raw_mfcc_train.2.ark:602539
MRMS0_SI2057 /home/sky/kaldi/egs/timit/s5/mfcc/raw_mfcc_train.9.ark:582012
MCXM0_SI1981 /home/sky/kaldi/egs/timit/s5/mfcc/raw_mfcc_train.4.ark:1187990
FMJB0_SX97 /home/sky/kaldi/egs/timit/s5/mfcc/raw_mfcc_train.2.ark:1357768
FNTB0_SI573 /home/sky/kaldi/egs/timit/s5/mfcc/raw_mfcc_train.3.ark:54795
MJAE0_SX84 /home/sky/kaldi/egs/timit/s5/mfcc/raw_mfcc_train.6.ark:597272
MTJS0_SX382 /home/sky/kaldi/egs/timit/s5/mfcc/raw_mfcc_train.10.ark:443129
MFMC0_SX322 /home/sky/kaldi/egs/timit/s5/mfcc/raw_mfcc_train.5.ark:1229335
MTPP0_SI1508 /home/sky/kaldi/egs/timit/s5/mfcc/raw_mfcc_train.10.ark:772595
FCMM0_SI1957 /home/sky/kaldi/egs/timit/s5/mfcc/raw_mfcc_train.1.ark:691984
MVLO0_SI1147 /home/sky/kaldi/egs/timit/s5/mfcc/raw_mfcc_train.10.ark:1070158
MPRB0_SI1205 /home/sky/kaldi/egs/timit/s5/mfcc/raw_mfcc_train.8.ark:760594
MGRL0_SX147 /home/sky/kaldi/egs/timit/s5/mfcc/raw_mfcc_train.6.ark:130899
MCEW0_SX92 /home/sky/kaldi/egs/timit/s5/mfcc/raw_mfcc_train.4.ark:926517
FBAS0_SX397 /home/sky/kaldi/egs/timit/s5/mfcc/raw_mfcc_train.1.ark:202676
MEDR0_SX294 /home/sky/kaldi/egs/timit/s5/mfcc/raw_mfcc_train.5.ark:954729
MMRP0_SX54 /home/sky/kaldi/egs/timit/s5/mfcc/raw_mfcc_train.8.ark:221372
MJEB1_SX117 /home/sky/kaldi/egs/timit/s5/mfcc/raw_mfcc_train.6.ark:885150
MHBS0_SI945 /home/sky/kaldi/egs/timit/s5/mfcc/raw_mfcc_train.6.ark:299066
MRXB0_SI955 /home/sky/kaldi/egs/timit/s5/mfcc/raw_mfcc_train.9.ark:919057
MMDS0_SX353 /home/sky/kaldi/egs/timit/s5/mfcc/raw_mfcc_train.7.ark:1462494
MPMB0_SX241 /home/sky/kaldi/egs/timit/s5/mfcc/raw_mfcc_train.8.ark:703725
FDML0_SX69 /home/sky/kaldi/egs/timit/s5/mfcc/raw_mfcc_train.1.ark:972050
FCLT0_SI808 /home/sky/kaldi/egs/timit/s5/mfcc/raw_mfcc_train.1.ark:627747
FSKP0_SX198 /home/sky/kaldi/egs/timit/s5/mfcc/raw_mfcc_train.3.ark:940512
MJRK0_SX340 /home/sky/kaldi/egs/timit/s5/mfcc/raw_mfcc_train.7.ark:100967
FECD0_SX158 /home/sky/kaldi/egs/timit/s5/mfcc/raw_mfcc_train.1.ark:1205110
FDXW0_SI2141 /home/sky/kaldi/egs/timit/s5/mfcc/raw_mfcc_train.1.ark:1095413
MDWM0_SI2176 /home/sky/kaldi/egs/timit/s5/mfcc/raw_mfcc_train.5.ark:877308
FPMY0_SX73 /home/sky/kaldi/egs/timit/s5/mfcc/raw_mfcc_train.3.ark:352055
MMDB0_SX267 /home/sky/kaldi/egs/timit/s5/mfcc/raw_mfcc_train.7.ark:1331947
MSAT1_SI1703 /home/sky/kaldi/egs/timit/s5/mfcc/raw_mfcc_train.9.ark:1036305
MMCC0_SX348 /home/sky/kaldi/egs/timit/s5/mfcc/raw_mfcc_train.7.ark:1304402
FPAZ0_SI2223 /home/sky/kaldi/egs/timit/s5/mfcc/raw_mfcc_train.3.ark:225745
MJWG0_SI2155 /home/sky/kaldi/egs/timit/s5/mfcc/raw_mfcc_train.7.ark:181156
FDXW0_SX431 /home/sky/kaldi/egs/timit/s5/mfcc/raw_mfcc_train.1.ark:1114285
MLNS0_SX57 /home/sky/kaldi/egs/timit/s5/mfcc/raw_mfcc_train.7.ark:1037185
FMKF0_SI906 /home/sky/kaldi/egs/timit/s5/mfcc/raw_mfcc_train.2.ark:1472922
MDLM0_SI1864 /home/sky/kaldi/egs/timit/s5/mfcc/raw_mfcc_train.5.ark:366612
MJDG0_SX52 /home/sky/kaldi/egs/timit/s5/mfcc/raw_mfcc_train.6.ark:796619
MAEO0_SI1655 /home/sky/kaldi/egs/timit/s5/mfcc/raw_mfcc_train.4.ark:44460
FLAC0_SX361 /home/sky/kaldi/egs/timit/s5/mfcc/raw_mfcc_train.2.ark:786772
MKJO0_SX167 /home/sky/kaldi/egs/timit/s5/mfcc/raw_mfcc_train.7.ark:627868
MSDH0_SX80 /home/sky/kaldi/egs/timit/s5/mfcc/raw_mfcc_train.9.ark:1116347
MSDB0_SI1637 /home/sky/kaldi/egs/timit/s5/mfcc/raw_mfcc_train.9.ark:1068109
MFRM0_SX165 /home/sky/kaldi/egs/timit/s5/mfcc/raw_mfcc_train.5.ark:1253403
MMAG0_SX406 /home/sky/kaldi/egs/timit/s5/mfcc/raw_mfcc_train.7.ark:1171710
MCEW0_SX182 /home/sky/kaldi/egs/timit/s5/mfcc/raw_mfcc_train.4.ark:906977
MDLC1_SX85 /home/sky/kaldi/egs/timit/s5/mfcc/raw_mfcc_train.5.ark:297050
MARW0_SI1276 /home/sky/kaldi/egs/timit/s5/mfcc/raw_mfcc_train.4.ark:257911
FSMA0_SX91 /home/sky/kaldi/egs/timit/s5/mfcc/raw_mfcc_train.3.ark:1014949
MWEM0_SI1950 /home/sky/kaldi/egs/timit/s5/mfcc/raw_mfcc_train.10.ark:1292044
FDKN0_SX271 /home/sky/kaldi/egs/timit/s5/mfcc/raw_mfcc_train.1.ark:929631
MJRK0_SX250 /home/sky/kaldi/egs/timit/s5/mfcc/raw_mfcc_train.7.ark:96865
MKLN0_SX338 /home/sky/kaldi/egs/timit/s5/mfcc/raw_mfcc_train.7.ark:665067
MCAE0_SX187 /home/sky/kaldi/egs/timit/s5/mfcc/raw_mfcc_train.4.ark:710623
FEAC0_SX75 /home/sky/kaldi/egs/timit/s5/mfcc/raw_mfcc_train.1.ark:1151086
MARC0_SX18 /home/sky/kaldi/egs/timit/s5/mfcc/raw_mfcc_train.4.ark:244453
MCTM0_SX90 /home/sky/kaldi/egs/timit/s5/mfcc/raw_mfcc_train.4.ark:1181656
MSEM1_SI1440 /home/sky/kaldi/egs/timit/s5/mfcc/raw_mfcc_train.9.ark:1158377
MDJM0_SX195 /home/sky/kaldi/egs/timit/s5/mfcc/raw_mfcc_train.5.ark:151960
FREH0_SX55 /home/sky/kaldi/egs/timit/s5/mfcc/raw_mfcc_train.3.ark:381388
FTMG0_SX272 /home/sky/kaldi/egs/timit/s5/mfcc/raw_mfcc_train.3.ark:1327017
MRSO0_SX399 /home/sky/kaldi/egs/timit/s5/mfcc/raw_mfcc_train.9.ark:707299
FGRW0_SX162 /home/sky/kaldi/egs/timit/s5/mfcc/raw_mfcc_train.1.ark:1484925
MRMG0_SX360 /home/sky/kaldi/egs/timit/s5/mfcc/raw_mfcc_train.9.ark:493585
FLMA0_SX163 /home/sky/kaldi/egs/timit/s5/mfcc/raw_mfcc_train.2.ark:1083686
MEGJ0_SX257 /home/sky/kaldi/egs/timit/s5/mfcc/raw_mfcc_train.5.ark:1016097
MGJC0_SX75 /home/sky/kaldi/egs/timit/s5/mfcc/raw_mfcc_train.6.ark:114853
MJJJ0_SI1163 /home/sky/kaldi/egs/timit/s5/mfcc/raw_mfcc_train.6.ark:1061568
MMWB0_SX89 /home/sky/kaldi/egs/timit/s5/mfcc/raw_mfcc_train.8.ark:337036
MSAS0_SX386 /home/sky/kaldi/egs/timit/s5/mfcc/raw_mfcc_train.9.ark:1003004
FSBK0_SX439 /home/sky/kaldi/egs/timit/s5/mfcc/raw_mfcc_train.3.ark:577245
MREM0_SI961 /home/sky/kaldi/egs/timit/s5/mfcc/raw_mfcc_train.8.ark:1361626
MMGG0_SX269 /home/sky/kaldi/egs/timit/s5/mfcc/raw_mfcc_train.8.ark:56305
MDWM0_SI916 /home/sky/kaldi/egs/timit/s5/mfcc/raw_mfcc_train.5.ark:880877
FLTM0_SI1700 /home/sky/kaldi/egs/timit/s5/mfcc/raw_mfcc_train.2.ark:1197106
MRDD0_SX240 /home/sky/kaldi/egs/timit/s5/mfcc/raw_mfcc_train.8.ark:1205628
FMBG0_SX350 /home/sky/kaldi/egs/timit/s5/mfcc/raw_mfcc_train.2.ark:1278810
MRWS0_SX202 /home/sky/kaldi/egs/timit/s5/mfcc/raw_mfcc_train.9.ark:897018
MMEA0_SX128 /home/sky/kaldi/egs/timit/s5/mfcc/raw_mfcc_train.7.ark:1483519
FKFB0_SX78 /home/sky/kaldi/egs/timit/s5/mfcc/raw_mfcc_train.2.ark:599216
MKAJ0_SI2044 /home/sky/kaldi/egs/timit/s5/mfcc/raw_mfcc_train.7.ark:424050
MMDG0_SX70 /home/sky/kaldi/egs/timit/s5/mfcc/raw_mfcc_train.7.ark:1378915
MDRD0_SX302 /home/sky/kaldi/egs/timit/s5/mfcc/raw_mfcc_train.5.ark:676671
MJWS0_SX63 /home/sky/kaldi/egs/timit/s5/mfcc/raw_mfcc_train.7.ark:250057
FPAF0_SX154 /home/sky/kaldi/egs/timit/s5/mfcc/raw_mfcc_train.3.ark:203563
MRDD0_SI1050 /home/sky/kaldi/egs/timit/s5/mfcc/raw_mfcc_train.8.ark:1190401
MDEF0_SX303 /home/sky/kaldi/egs/timit/s5/mfcc/raw_mfcc_train.5.ark:20538
FMBG0_SX80 /home/sky/kaldi/egs/timit/s5/mfcc/raw_mfcc_train.2.ark:1288677
MDHL0_SX359 /home/sky/kaldi/egs/timit/s5/mfcc/raw_mfcc_train.5.ark:87965
MRMB0_SX51 /home/sky/kaldi/egs/timit/s5/mfcc/raw_mfcc_train.9.ark:470244
FSJK1_SX125 /home/sky/kaldi/egs/timit/s5/mfcc/raw_mfcc_train.3.ark:772111
MEGJ0_SX167 /home/sky/kaldi/egs/timit/s5/mfcc/raw_mfcc_train.5.ark:1009707
MDAS0_SX276 /home/sky/kaldi/egs/timit/s5/mfcc/raw_mfcc_train.4.ark:1269329
MLNS0_SX147 /home/sky/kaldi/egs/timit/s5/mfcc/raw_mfcc_train.7.ark:1022221
MHRM0_SX328 /home/sky/kaldi/egs/timit/s5/mfcc/raw_mfcc_train.6.ark:459689
MJPM1_SI1897 /home/sky/kaldi/egs/timit/s5/mfcc/raw_mfcc_train.6.ark:1407984
MDHL0_SI1439 /home/sky/kaldi/egs/timit/s5/mfcc/raw_mfcc_train.5.ark:69300
MWAC0_SI971 /home/sky/kaldi/egs/timit/s5/mfcc/raw_mfcc_train.10.ark:1139954
MBTH0_SX302 /home/sky/kaldi/egs/timit/s5/mfcc/raw_mfcc_train.4.ark:644977
MRVG0_SI510 /home/sky/kaldi/egs/timit/s5/mfcc/raw_mfcc_train.9.ark:828627
MWDK0_SX176 /home/sky/kaldi/egs/timit/s5/mfcc/raw_mfcc_train.10.ark:1265187
MESJ0_SI2039 /home/sky/kaldi/egs/timit/s5/mfcc/raw_mfcc_train.5.ark:1123063
MKAM0_SX326 /home/sky/kaldi/egs/timit/s5/mfcc/raw_mfcc_train.7.ark:471976
MDSJ0_SI832 /home/sky/kaldi/egs/timit/s5/mfcc/raw_mfcc_train.5.ark:697832
MCSS0_SX120 /home/sky/kaldi/egs/timit/s5/mfcc/raw_mfcc_train.4.ark:1102982
MSDB0_SX377 /home/sky/kaldi/egs/timit/s5/mfcc/raw_mfcc_train.9.ark:1083504
FBCG1_SX82 /home/sky/kaldi/egs/timit/s5/mfcc/raw_mfcc_train.1.ark:235597
MBSB0_SI1353 /home/sky/kaldi/egs/timit/s5/mfcc/raw_mfcc_train.4.ark:597957
MGRP0_SX147 /home/sky/kaldi/egs/timit/s5/mfcc/raw_mfcc_train.6.ark:163430
MKXL0_SX285 /home/sky/kaldi/egs/timit/s5/mfcc/raw_mfcc_train.7.ark:860886
MDBB1_SX376 /home/sky/kaldi/egs/timit/s5/mfcc/raw_mfcc_train.4.ark:1305590
FCMM0_SX420 /home/sky/kaldi/egs/timit/s5/mfcc/raw_mfcc_train.1.ark:711090
FSJW0_SX253 /home/sky/kaldi/egs/timit/s5/mfcc/raw_mfcc_train.3.ark:842315
MMWS1_SI2331 /home/sky/kaldi/egs/timit/s5/mfcc/raw_mfcc_train.8.ark:380237
MMJB1_SI1408 /home/sky/kaldi/egs/timit/s5/mfcc/raw_mfcc_train.8.ark:97587
MFRM0_SI1155 /home/sky/kaldi/egs/timit/s5/mfcc/raw_mfcc_train.5.ark:1241082
MJDE0_SX40 /home/sky/kaldi/egs/timit/s5/mfcc/raw_mfcc_train.6.ark:759426
MTLB0_SX324 /home/sky/kaldi/egs/timit/s5/mfcc/raw_mfcc_train.10.ark:567715
FMPG0_SI972 /home/sky/kaldi/egs/timit/s5/mfcc/raw_mfcc_train.2.ark:1538149
MJEB1_SX207 /home/sky/kaldi/egs/timit/s5/mfcc/raw_mfcc_train.6.ark:888511
MESJ0_SX97 /home/sky/kaldi/egs/timit/s5/mfcc/raw_mfcc_train.5.ark:1148629
MDBB1_SX286 /home/sky/kaldi/egs/timit/s5/mfcc/raw_mfcc_train.4.ark:1300604
MRAI0_SX432 /home/sky/kaldi/egs/timit/s5/mfcc/raw_mfcc_train.8.ark:1021035
MMWB0_SI2249 /home/sky/kaldi/egs/timit/s5/mfcc/raw_mfcc_train.8.ark:303221
FJDM2_SX412 /home/sky/kaldi/egs/timit/s5/mfcc/raw_mfcc_train.2.ark:51007
MARW0_SX349 /home/sky/kaldi/egs/timit/s5/mfcc/raw_mfcc_train.4.ark:281158
FMJU0_SI1389 /home/sky/kaldi/egs/timit/s5/mfcc/raw_mfcc_train.2.ark:1395559
MMEA0_SX398 /home/sky/kaldi/egs/timit/s5/mfcc/raw_mfcc_train.7.ark:1496468
MRWS0_SI472 /home/sky/kaldi/egs/timit/s5/mfcc/raw_mfcc_train.9.ark:889646
MMXS0_SI2136 /home/sky/kaldi/egs/timit/s5/mfcc/raw_mfcc_train.8.ark:398049
FJSK0_SX62 /home/sky/kaldi/egs/timit/s5/mfcc/raw_mfcc_train.2.ark:327710
FSPM0_SI1241 /home/sky/kaldi/egs/timit/s5/mfcc/raw_mfcc_train.3.ark:1085752
MTJG0_SX260 /home/sky/kaldi/egs/timit/s5/mfcc/raw_mfcc_train.10.ark:361784
MBGT0_SX441 /home/sky/kaldi/egs/timit/s5/mfcc/raw_mfcc_train.4.ark:438016
MMAA0_SX125 /home/sky/kaldi/egs/timit/s5/mfcc/raw_mfcc_train.7.ark:1090013
FHXS0_SX175 /home/sky/kaldi/egs/timit/s5/mfcc/raw_mfcc_train.2.ark:3556
MJWT0_SX31 /home/sky/kaldi/egs/timit/s5/mfcc/raw_mfcc_train.7.ark:283335
MEFG0_SI465 /home/sky/kaldi/egs/timit/s5/mfcc/raw_mfcc_train.5.ark:960086
MJLG1_SI1642 /home/sky/kaldi/egs/timit/s5/mfcc/raw_mfcc_train.6.ark:1197810
MJWG0_SX175 /home/sky/kaldi/egs/timit/s5/mfcc/raw_mfcc_train.7.ark:198701
MLSH0_SX157 /home/sky/kaldi/egs/timit/s5/mfcc/raw_mfcc_train.7.ark:1053517
MPRB0_SX305 /home/sky/kaldi/egs/timit/s5/mfcc/raw_mfcc_train.8.ark:786045
MMSM0_SX296 /home/sky/kaldi/egs/timit/s5/mfcc/raw_mfcc_train.8.ark:252856
MHMR0_SI489 /home/sky/kaldi/egs/timit/s5/mfcc/raw_mfcc_train.6.ark:418401
FJHK0_SX32 /home/sky/kaldi/egs/timit/s5/mfcc/raw_mfcc_train.2.ark:121673
FAPB0_SI2323 /home/sky/kaldi/egs/timit/s5/mfcc/raw_mfcc_train.1.ark:141081
MDPB0_SX326 /home/sky/kaldi/egs/timit/s5/mfcc/raw_mfcc_train.5.ark:583238
FSMS1_SI874 /home/sky/kaldi/egs/timit/s5/mfcc/raw_mfcc_train.3.ark:1061218
MDLC0_SI1395 /home/sky/kaldi/egs/timit/s5/mfcc/raw_mfcc_train.5.ark:233620
MTKP0_SI1023 /home/sky/kaldi/egs/timit/s5/mfcc/raw_mfcc_train.10.ark:514712
MRJH0_SX307 /home/sky/kaldi/egs/timit/s5/mfcc/raw_mfcc_train.9.ark:140696
MMJB1_SX58 /home/sky/kaldi/egs/timit/s5/mfcc/raw_mfcc_train.8.ark:126678
MRAV0_SX378 /home/sky/kaldi/egs/timit/s5/mfcc/raw_mfcc_train.8.ark:1086755
FBCG1_SI982 /home/sky/kaldi/egs/timit/s5/mfcc/raw_mfcc_train.1.ark:211994
FSAH0_SX164 /home/sky/kaldi/egs/timit/s5/mfcc/raw_mfcc_train.3.ark:499447
MSFH0_SX406 /home/sky/kaldi/egs/timit/s5/mfcc/raw_mfcc_train.9.ark:1259207
MJAC0_SX341 /home/sky/kaldi/egs/timit/s5/mfcc/raw_mfcc_train.6.ark:556745
MRCG0_SX168 /home/sky/kaldi/egs/timit/s5/mfcc/raw_mfcc_train.8.ark:1136749
MTJU0_SX40 /home/sky/kaldi/egs/timit/s5/mfcc/raw_mfcc_train.10.ark:471779
MRML0_SI791 /home/sky/kaldi/egs/timit/s5/mfcc/raw_mfcc_train.9.ark:546082
MAKR0_SX362 /home/sky/kaldi/egs/timit/s5/mfcc/raw_mfcc_train.4.ark:186562
FSJS0_SI541 /home/sky/kaldi/egs/timit/s5/mfcc/raw_mfcc_train.3.ark:797277
MTRT0_SX147 /home/sky/kaldi/egs/timit/s5/mfcc/raw_mfcc_train.10.ark:957072
MRJT0_SX418 /home/sky/kaldi/egs/timit/s5/mfcc/raw_mfcc_train.9.ark:243575
FSDC0_SX412 /home/sky/kaldi/egs/timit/s5/mfcc/raw_mfcc_train.3.ark:648742
MDLB0_SX136 /home/sky/kaldi/egs/timit/s5/mfcc/raw_mfcc_train.5.ark:209470
MRBC0_SX419 /home/sky/kaldi/egs/timit/s5/mfcc/raw_mfcc_train.8.ark:1114821
MFER0_SX232 /home/sky/kaldi/egs/timit/s5/mfcc/raw_mfcc_train.5.ark:1192819
MHRM0_SX238 /home/sky/kaldi/egs/timit/s5/mfcc/raw_mfcc_train.6.ark:456471
MESJ0_SX187 /home/sky/kaldi/egs/timit/s5/mfcc/raw_mfcc_train.5.ark:1137112
MRLK0_SI843 /home/sky/kaldi/egs/timit/s5/mfcc/raw_mfcc_train.9.ark:391407
MTKD0_SI1187 /home/sky/kaldi/egs/timit/s5/mfcc/raw_mfcc_train.10.ark:479282
MCDC0_SI662 /home/sky/kaldi/egs/timit/s5/mfcc/raw_mfcc_train.4.ark:770788
MDLC2_SX264 /home/sky/kaldi/egs/timit/s5/mfcc/raw_mfcc_train.5.ark:314078
FLJD0_SX76 /home/sky/kaldi/egs/timit/s5/mfcc/raw_mfcc_train.2.ark:992777
FEAR0_SI1882 /home/sky/kaldi/egs/timit/s5/mfcc/raw_mfcc_train.1.ark:1157940
MLJH0_SX64 /home/sky/kaldi/egs/timit/s5/mfcc/raw_mfcc_train.7.ark:1006825
MFXS0_SI2225 /home/sky/kaldi/egs/timit/s5/mfcc/raw_mfcc_train.5.ark:1306777
MSMS0_SX173 /home/sky/kaldi/egs/timit/s5/mfcc/raw_mfcc_train.9.ark:1418447
MTAB0_SX132 /home/sky/kaldi/egs/timit/s5/mfcc/raw_mfcc_train.10.ark:59131
MCRE0_SX221 /home/sky/kaldi/egs/timit/s5/mfcc/raw_mfcc_train.4.ark:1071071
MCLK0_SX220 /home/sky/kaldi/egs/timit/s5/mfcc/raw_mfcc_train.4.ark:982408
MRLJ0_SX70 /home/sky/kaldi/egs/timit/s5/mfcc/raw_mfcc_train.9.ark:350090
MMWB0_SX449 /home/sky/kaldi/egs/timit/s5/mfcc/raw_mfcc_train.8.ark:330907
MMGG0_SI1079 /home/sky/kaldi/egs/timit/s5/mfcc/raw_mfcc_train.8.ark:40207
FSLS0_SI2316 /home/sky/kaldi/egs/timit/s5/mfcc/raw_mfcc_train.3.ark:959985
FSRH0_SI1931 /home/sky/kaldi/egs/timit/s5/mfcc/raw_mfcc_train.3.ark:1123322
MAEO0_SI1326 /home/sky/kaldi/egs/timit/s5/mfcc/raw_mfcc_train.4.ark:38940
MMGC0_SI1305 /home/sky/kaldi/egs/timit/s5/mfcc/raw_mfcc_train.8.ark:10301
MRGM0_SX416 /home/sky/kaldi/egs/timit/s5/mfcc/raw_mfcc_train.8.ark:1504655
FJRB0_SX402 /home/sky/kaldi/egs/timit/s5/mfcc/raw_mfcc_train.2.ark:247418
MRVG0_SI1140 /home/sky/kaldi/egs/timit/s5/mfcc/raw_mfcc_train.9.ark:822047
FKLH0_SX87 /home/sky/kaldi/egs/timit/s5/mfcc/raw_mfcc_train.2.ark:732409
FDAW0_SI1271 /home/sky/kaldi/egs/timit/s5/mfcc/raw_mfcc_train.1.ark:817641
MKDB0_SI2132 /home/sky/kaldi/egs/timit/s5/mfcc/raw_mfcc_train.7.ark:483411
MMAG0_SI1756 /home/sky/kaldi/egs/timit/s5/mfcc/raw_mfcc_train.7.ark:1148054
MDLR1_SX399 /home/sky/kaldi/egs/timit/s5/mfcc/raw_mfcc_train.5.ark:455882
MDHS0_SX450 /home/sky/kaldi/egs/timit/s5/mfcc/raw_mfcc_train.5.ark:123883
FSJW0_SX433 /home/sky/kaldi/egs/timit/s5/mfcc/raw_mfcc_train.3.ark:850064
MLBC0_SX249 /home/sky/kaldi/egs/timit/s5/mfcc/raw_mfcc_train.7.ark:885175
MTAS0_SI2015 /home/sky/kaldi/egs/timit/s5/mfcc/raw_mfcc_train.10.ark:86552
MHBS0_SI1575 /home/sky/kaldi/egs/timit/s5/mfcc/raw_mfcc_train.6.ark:291550
MEAL0_SI1547 /home/sky/kaldi/egs/timit/s5/mfcc/raw_mfcc_train.5.ark:905619
MDLR1_SX39 /home/sky/kaldi/egs/timit/s5/mfcc/raw_mfcc_train.5.ark:451897
MHMG0_SX15 /home/sky/kaldi/egs/timit/s5/mfcc/raw_mfcc_train.6.ark:395776
MREH1_SI1599 /home/sky/kaldi/egs/timit/s5/mfcc/raw_mfcc_train.8.ark:1314352
FLHD0_SI1344 /home/sky/kaldi/egs/timit/s5/mfcc/raw_mfcc_train.2.ark:899129
MRJH0_SX79 /home/sky/kaldi/egs/timit/s5/mfcc/raw_mfcc_train.9.ark:148405
FREH0_SI1945 /home/sky/kaldi/egs/timit/s5/mfcc/raw_mfcc_train.3.ark:360937
FJEN0_SX57 /home/sky/kaldi/egs/timit/s5/mfcc/raw_mfcc_train.2.ark:92437
MGAF0_SX292 /home/sky/kaldi/egs/timit/s5/mfcc/raw_mfcc_train.5.ark:1386422
FSKC0_SX426 /home/sky/kaldi/egs/timit/s5/mfcc/raw_mfcc_train.3.ark:881139
MSAT1_SX263 /home/sky/kaldi/egs/timit/s5/mfcc/raw_mfcc_train.9.ark:1048521
MRTJ0_SX412 /home/sky/kaldi/egs/timit/s5/mfcc/raw_mfcc_train.9.ark:812374
MFXS0_SI2304 /home/sky/kaldi/egs/timit/s5/mfcc/raw_mfcc_train.5.ark:1308995
MSDS0_SX267 /home/sky/kaldi/egs/timit/s5/mfcc/raw_mfcc_train.9.ark:1139200
MSDB0_SX107 /home/sky/kaldi/egs/timit/s5/mfcc/raw_mfcc_train.9.ark:1073415
MDLR1_SI669 /home/sky/kaldi/egs/timit/s5/mfcc/raw_mfcc_train.5.ark:433046
FALR0_SX245 /home/sky/kaldi/egs/timit/s5/mfcc/raw_mfcc_train.1.ark:117234
MDLR0_SI1863 /home/sky/kaldi/egs/timit/s5/mfcc/raw_mfcc_train.5.ark:396075
MLBC0_SI609 /home/sky/kaldi/egs/timit/s5/mfcc/raw_mfcc_train.7.ark:876295
MKDB0_SI872 /home/sky/kaldi/egs/timit/s5/mfcc/raw_mfcc_train.7.ark:490874
FSAG0_SI693 /home/sky/kaldi/egs/timit/s5/mfcc/raw_mfcc_train.3.ark:453480
FPAB1_SI1471 /home/sky/kaldi/egs/timit/s5/mfcc/raw_mfcc_train.3.ark:82053
MKDD0_SX307 /home/sky/kaldi/egs/timit/s5/mfcc/raw_mfcc_train.7.ark:538025
FCEG0_SX78 /home/sky/kaldi/egs/timit/s5/mfcc/raw_mfcc_train.1.ark:534512
MEFG0_SX15 /home/sky/kaldi/egs/timit/s5/mfcc/raw_mfcc_train.5.ark:979210
MJLS0_SI1726 /home/sky/kaldi/egs/timit/s5/mfcc/raw_mfcc_train.6.ark:1228535
MMGK0_SX332 /home/sky/kaldi/egs/timit/s5/mfcc/raw_mfcc_train.8.ark:87296
FKLC0_SX175 /home/sky/kaldi/egs/timit/s5/mfcc/raw_mfcc_train.2.ark:649275
MMWS0_SI1518 /home/sky/kaldi/egs/timit/s5/mfcc/raw_mfcc_train.8.ark:341243
MGAW0_SX85 /home/sky/kaldi/egs/timit/s5/mfcc/raw_mfcc_train.6.ark:52364
MTAB0_SI1572 /home/sky/kaldi/egs/timit/s5/mfcc/raw_mfcc_train.10.ark:43717
MCTM0_SX180 /home/sky/kaldi/egs/timit/s5/mfcc/raw_mfcc_train.4.ark:1166510
FEME0_SX425 /home/sky/kaldi/egs/timit/s5/mfcc/raw_mfcc_train.1.ark:1287535
MWSB0_SX6 /home/sky/kaldi/egs/timit/s5/mfcc/raw_mfcc_train.10.ark:1437079
MMJB1_SI2038 /home/sky/kaldi/egs/timit/s5/mfcc/raw_mfcc_train.8.ark:101638
MGAK0_SX46 /home/sky/kaldi/egs/timit/s5/mfcc/raw_mfcc_train.5.ark:1456639
MRCG0_SX348 /home/sky/kaldi/egs/timit/s5/mfcc/raw_mfcc_train.8.ark:1145070
MDED0_SI1170 /home/sky/kaldi/egs/timit/s5/mfcc/raw_mfcc_train.4.ark:1437477
MSES0_SX59 /home/sky/kaldi/egs/timit/s5/mfcc/raw_mfcc_train.9.ark:1226747
MKDD0_SX217 /home/sky/kaldi/egs/timit/s5/mfcc/raw_mfcc_train.7.ark:535496
MHIT0_SI2243 /home/sky/kaldi/egs/timit/s5/mfcc/raw_mfcc_train.6.ark:324882
MABC0_SX61 /home/sky/kaldi/egs/timit/s5/mfcc/raw_mfcc_train.3.ark:1459346
MPRD0_SX261 /home/sky/kaldi/egs/timit/s5/mfcc/raw_mfcc_train.8.ark:819349
MRTJ0_SX232 /home/sky/kaldi/egs/timit/s5/mfcc/raw_mfcc_train.9.ark:802350
MMWS0_SI559 /home/sky/kaldi/egs/timit/s5/mfcc/raw_mfcc_train.8.ark:345462
FPAF0_SI1054 /home/sky/kaldi/egs/timit/s5/mfcc/raw_mfcc_train.3.ark:189669
MSDB0_SI1007 /home/sky/kaldi/egs/timit/s5/mfcc/raw_mfcc_train.9.ark:1063070
MJRH1_SI514 /home/sky/kaldi/egs/timit/s5/mfcc/raw_mfcc_train.7.ark:59419
MDLB0_SI1306 /home/sky/kaldi/egs/timit/s5/mfcc/raw_mfcc_train.5.ark:194953
MLBC0_SX339 /home/sky/kaldi/egs/timit/s5/mfcc/raw_mfcc_train.7.ark:888393
MSDS0_SX87 /home/sky/kaldi/egs/timit/s5/mfcc/raw_mfcc_train.9.ark:1154443
MKLS0_SI2067 /home/sky/kaldi/egs/timit/s5/mfcc/raw_mfcc_train.7.ark:715914
FSAG0_SI1953 /home/sky/kaldi/egs/timit/s5/mfcc/raw_mfcc_train.3.ark:451991
MCEF0_SI1765 /home/sky/kaldi/egs/timit/s5/mfcc/raw_mfcc_train.4.ark:863460
FLMK0_SX225 /home/sky/kaldi/egs/timit/s5/mfcc/raw_mfcc_train.2.ark:1150654
MSMS0_SI1433 /home/sky/kaldi/egs/timit/s5/mfcc/raw_mfcc_train.9.ark:1404918
MMWS0_SX168 /home/sky/kaldi/egs/timit/s5/mfcc/raw_mfcc_train.8.ark:352574
MRDS0_SX87 /home/sky/kaldi/egs/timit/s5/mfcc/raw_mfcc_train.8.ark:1278770
FCRZ0_SI2053 /home/sky/kaldi/egs/timit/s5/mfcc/raw_mfcc_train.1.ark:724723
MMXS0_SX156 /home/sky/kaldi/egs/timit/s5/mfcc/raw_mfcc_train.8.ark:409510
MMAG0_SX136 /home/sky/kaldi/egs/timit/s5/mfcc/raw_mfcc_train.7.ark:1157870
FBAS0_SI1472 /home/sky/kaldi/egs/timit/s5/mfcc/raw_mfcc_train.1.ark:177011
MCAE0_SI1447 /home/sky/kaldi/egs/timit/s5/mfcc/raw_mfcc_train.4.ark:690464
MRJH0_SX169 /home/sky/kaldi/egs/timit/s5/mfcc/raw_mfcc_train.9.ark:130035
MRDS0_SX267 /home/sky/kaldi/egs/timit/s5/mfcc/raw_mfcc_train.8.ark:1267297
MKXL0_SI1958 /home/sky/kaldi/egs/timit/s5/mfcc/raw_mfcc_train.7.ark:846052
MDLR1_SX309 /home/sky/kaldi/egs/timit/s5/mfcc/raw_mfcc_train.5.ark:447367
MTWH1_SI2142 /home/sky/kaldi/egs/timit/s5/mfcc/raw_mfcc_train.10.ark:978084
FJXM0_SX311 /home/sky/kaldi/egs/timit/s5/mfcc/raw_mfcc_train.2.ark:412978
FSJW0_SX73 /home/sky/kaldi/egs/timit/s5/mfcc/raw_mfcc_train.3.ark:854490
FJRB0_SI1302 /home/sky/kaldi/egs/timit/s5/mfcc/raw_mfcc_train.2.ark:224521
MBCG0_SX417 /home/sky/kaldi/egs/timit/s5/mfcc/raw_mfcc_train.4.ark:377166
FCMG0_SX72 /home/sky/kaldi/egs/timit/s5/mfcc/raw_mfcc_train.1.ark:685572
MMLM0_SI1527 /home/sky/kaldi/egs/timit/s5/mfcc/raw_mfcc_train.8.ark:131600
MFRM0_SX255 /home/sky/kaldi/egs/timit/s5/mfcc/raw_mfcc_train.5.ark:1257180
MGRP0_SI687 /home/sky/kaldi/egs/timit/s5/mfcc/raw_mfcc_train.6.ark:159029
MSAH1_SX239 /home/sky/kaldi/egs/timit/s5/mfcc/raw_mfcc_train.9.ark:955815
MGXP0_SX277 /home/sky/kaldi/egs/timit/s5/mfcc/raw_mfcc_train.6.ark:275690
MRLJ1_SI1671 /home/sky/kaldi/egs/timit/s5/mfcc/raw_mfcc_train.9.ark:351749
MTPG0_SX303 /home/sky/kaldi/egs/timit/s5/mfcc/raw_mfcc_train.10.ark:762707
FJRP1_SI1432 /home/sky/kaldi/egs/timit/s5/mfcc/raw_mfcc_train.2.ark:256610
FJHK0_SI1652 /home/sky/kaldi/egs/timit/s5/mfcc/raw_mfcc_train.2.ark:100331
FJKL0_SX212 /home/sky/kaldi/egs/timit/s5/mfcc/raw_mfcc_train.2.ark:144116
FSSB0_SX362 /home/sky/kaldi/egs/timit/s5/mfcc/raw_mfcc_train.3.ark:1172431
MPMB0_SX421 /home/sky/kaldi/egs/timit/s5/mfcc/raw_mfcc_train.8.ark:713931
FALR0_SX335 /home/sky/kaldi/egs/timit/s5/mfcc/raw_mfcc_train.1.ark:120595
MPFU0_SX448 /home/sky/kaldi/egs/timit/s5/mfcc/raw_mfcc_train.8.ark:574278
MRMG0_SX90 /home/sky/kaldi/egs/timit/s5/mfcc/raw_mfcc_train.9.ark:502724
MDMT0_SX392 /home/sky/kaldi/egs/timit/s5/mfcc/raw_mfcc_train.5.ark:523428
MARC0_SX108 /home/sky/kaldi/egs/timit/s5/mfcc/raw_mfcc_train.4.ark:241327
FSGF0_SX297 /home/sky/kaldi/egs/timit/s5/mfcc/raw_mfcc_train.3.ark:709682
MKDD0_SX397 /home/sky/kaldi/egs/timit/s5/mfcc/raw_mfcc_train.7.ark:544031
MMDM1_SX423 /home/sky/kaldi/egs/timit/s5/mfcc/raw_mfcc_train.7.ark:1437523
FJRP1_SI2062 /home/sky/kaldi/egs/timit/s5/mfcc/raw_mfcc_train.2.ark:265302
MDPB0_SX416 /home/sky/kaldi/egs/timit/s5/mfcc/raw_mfcc_train.5.ark:586729
FJDM2_SI1582 /home/sky/kaldi/egs/timit/s5/mfcc/raw_mfcc_train.2.ark:24365
FTBW0_SX265 /home/sky/kaldi/egs/timit/s5/mfcc/raw_mfcc_train.3.ark:1263438
FJXP0_SX42 /home/sky/kaldi/egs/timit/s5/mfcc/raw_mfcc_train.2.ark:457703
MKAG0_SX169 /home/sky/kaldi/egs/timit/s5/mfcc/raw_mfcc_train.7.ark:368753
MGAR0_SI1842 /home/sky/kaldi/egs/timit/s5/mfcc/raw_mfcc_train.6.ark:13
MHRM0_SI1475 /home/sky/kaldi/egs/timit/s5/mfcc/raw_mfcc_train.6.ark:442558
FCMM0_SX363 /home/sky/kaldi/egs/timit/s5/mfcc/raw_mfcc_train.1.ark:707183
FEME0_SI1505 /home/sky/kaldi/egs/timit/s5/mfcc/raw_mfcc_train.1.ark:1259191
FCEG0_SI1248 /home/sky/kaldi/egs/timit/s5/mfcc/raw_mfcc_train.1.ark:509841
MLJC0_SI1855 /home/sky/kaldi/egs/timit/s5/mfcc/raw_mfcc_train.7.ark:943430
FBCG1_SX442 /home/sky/kaldi/egs/timit/s5/mfcc/raw_mfcc_train.1.ark:230807
MAEB0_SX360 /home/sky/kaldi/egs/timit/s5/mfcc/raw_mfcc_train.4.ark:28272
FJSP0_SX84 /home/sky/kaldi/egs/timit/s5/mfcc/raw_mfcc_train.2.ark:358746
MRJB1_SI1413 /home/sky/kaldi/egs/timit/s5/mfcc/raw_mfcc_train.9.ark:81448
FSMA0_SX361 /home/sky/kaldi/egs/timit/s5/mfcc/raw_mfcc_train.3.ark:1005043
MDMA0_SX260 /home/sky/kaldi/egs/timit/s5/mfcc/raw_mfcc_train.5.ark:477630
FJEN0_SI2307 /home/sky/kaldi/egs/timit/s5/mfcc/raw_mfcc_train.2.ark:67560
MMDS0_SX173 /home/sky/kaldi/egs/timit/s5/mfcc/raw_mfcc_train.7.ark:1455811
MLJC0_SX235 /home/sky/kaldi/egs/timit/s5/mfcc/raw_mfcc_train.7.ark:953838
FJLG0_SX89 /home/sky/kaldi/egs/timit/s5/mfcc/raw_mfcc_train.2.ark:188082
MJRG0_SI1366 /home/sky/kaldi/egs/timit/s5/mfcc/raw_mfcc_train.6.ark:1472266
MBBR0_SX425 /home/sky/kaldi/egs/timit/s5/mfcc/raw_mfcc_train.4.ark:348445
FDNC0_SX198 /home/sky/kaldi/egs/timit/s5/mfcc/raw_mfcc_train.1.ark:1044157
MAPV0_SX33 /home/sky/kaldi/egs/timit/s5/mfcc/raw_mfcc_train.4.ark:225027
MJDG0_SI1705 /home/sky/kaldi/egs/timit/s5/mfcc/raw_mfcc_train.6.ark:778203
MBEF0_SI1281 /home/sky/kaldi/egs/timit/s5/mfcc/raw_mfcc_train.4.ark:384252
FJXP0_SI1752 /home/sky/kaldi/egs/timit/s5/mfcc/raw_mfcc_train.2.ark:434314
FSDJ0_SX125 /home/sky/kaldi/egs/timit/s5/mfcc/raw_mfcc_train.3.ark:668005
MBJV0_SI1877 /home/sky/kaldi/egs/timit/s5/mfcc/raw_mfcc_train.4.ark:449192
MTER0_SI1787 /home/sky/kaldi/egs/timit/s5/mfcc/raw_mfcc_train.10.ark:318560
MTRC0_SI993 /home/sky/kaldi/egs/timit/s5/mfcc/raw_mfcc_train.10.ark:890924
MTQC0_SI2071 /home/sky/kaldi/egs/timit/s5/mfcc/raw_mfcc_train.10.ark:848637
MBJV0_SX77 /home/sky/kaldi/egs/timit/s5/mfcc/raw_mfcc_train.4.ark:471840
MREH1_SX159 /home/sky/kaldi/egs/timit/s5/mfcc/raw_mfcc_train.8.ark:1330611
FKDE0_SX331 /home/sky/kaldi/egs/timit/s5/mfcc/raw_mfcc_train.2.ark:519139
FALR0_SI1955 /home/sky/kaldi/egs/timit/s5/mfcc/raw_mfcc_train.1.ark:105942
MTPF0_SI1865 /home/sky/kaldi/egs/timit/s5/mfcc/raw_mfcc_train.10.ark:717317
FLAG0_SI1464 /home/sky/kaldi/egs/timit/s5/mfcc/raw_mfcc_train.2.ark:798389
MRMH0_SI1349 /home/sky/kaldi/egs/timit/s5/mfcc/raw_mfcc_train.9.ark:510852
MMEA0_SI2018 /home/sky/kaldi/egs/timit/s5/mfcc/raw_mfcc_train.7.ark:1477005
FLAG0_SI2094 /home/sky/kaldi/egs/timit/s5/mfcc/raw_mfcc_train.2.ark:805105
MSMS0_SX83 /home/sky/kaldi/egs/timit/s5/mfcc/raw_mfcc_train.9.ark:1433788
MJFR0_SI2235 /home/sky/kaldi/egs/timit/s5/mfcc/raw_mfcc_train.6.ark:965179
MBOM0_SX294 /home/sky/kaldi/egs/timit/s5/mfcc/raw_mfcc_train.4.ark:587028
MHXL0_SX152 /home/sky/kaldi/egs/timit/s5/mfcc/raw_mfcc_train.6.ark:484340
MTJU0_SX400 /home/sky/kaldi/egs/timit/s5/mfcc/raw_mfcc_train.10.ark:475348
MDED0_SX360 /home/sky/kaldi/egs/timit/s5/mfcc/raw_mfcc_train.4.ark:1459808
MFMC0_SI1132 /home/sky/kaldi/egs/timit/s5/mfcc/raw_mfcc_train.5.ark:1206731
FMKC0_SI1702 /home/sky/kaldi/egs/timit/s5/mfcc/raw_mfcc_train.2.ark:1438350
MWCH0_SI2252 /home/sky/kaldi/egs/timit/s5/mfcc/raw_mfcc_train.10.ark:1230738
MESJ0_SX277 /home/sky/kaldi/egs/timit/s5/mfcc/raw_mfcc_train.5.ark:1139329
MSRR0_SI1131 /home/sky/kaldi/egs/timit/s5/mfcc/raw_mfcc_train.9.ark:1467341
MDCM0_SX220 /home/sky/kaldi/egs/timit/s5/mfcc/raw_mfcc_train.4.ark:1392750
FSMA0_SX181 /home/sky/kaldi/egs/timit/s5/mfcc/raw_mfcc_train.3.ark:996540
FKKH0_SI660 /home/sky/kaldi/egs/timit/s5/mfcc/raw_mfcc_train.2.ark:615281
MDHS0_SI900 /home/sky/kaldi/egs/timit/s5/mfcc/raw_mfcc_train.5.ark:108086
FGRW0_SX342 /home/sky/kaldi/egs/timit/s5/mfcc/raw_mfcc_train.1.ark:1494377
MRCG0_SI798 /home/sky/kaldi/egs/timit/s5/mfcc/raw_mfcc_train.8.ark:1131750
MJXA0_SX67 /home/sky/kaldi/egs/timit/s5/mfcc/raw_mfcc_train.7.ark:316107
MRAB1_SX128 /home/sky/kaldi/egs/timit/s5/mfcc/raw_mfcc_train.8.ark:974534
MTAT0_SX300 /home/sky/kaldi/egs/timit/s5/mfcc/raw_mfcc_train.10.ark:132884
FLAC0_SI1339 /home/sky/kaldi/egs/timit/s5/mfcc/raw_mfcc_train.2.ark:768172
MTJG0_SX170 /home/sky/kaldi/egs/timit/s5/mfcc/raw_mfcc_train.10.ark:355979
FJSP0_SI1763 /home/sky/kaldi/egs/timit/s5/mfcc/raw_mfcc_train.2.ark:337177
MJKR0_SX391 /home/sky/kaldi/egs/timit/s5/mfcc/raw_mfcc_train.6.ark:1161142
MAEB0_SX450 /home/sky/kaldi/egs/timit/s5/mfcc/raw_mfcc_train.4.ark:32153
MJAI0_SX434 /home/sky/kaldi/egs/timit/s5/mfcc/raw_mfcc_train.6.ark:628769
MMAG0_SX226 /home/sky/kaldi/egs/timit/s5/mfcc/raw_mfcc_train.7.ark:1163402
MPMB0_SI2131 /home/sky/kaldi/egs/timit/s5/mfcc/raw_mfcc_train.8.ark:682475
FSJS0_SX181 /home/sky/kaldi/egs/timit/s5/mfcc/raw_mfcc_train.3.ark:802276
MTMN0_SX74 /home/sky/kaldi/egs/timit/s5/mfcc/raw_mfcc_train.10.ark:676957
MMWS0_SX348 /home/sky/kaldi/egs/timit/s5/mfcc/raw_mfcc_train.8.ark:359751
FMPG0_SX432 /home/sky/kaldi/egs/timit/s5/mfcc/raw_mfcc_train.3.ark:9620
MBMA0_SX52 /home/sky/kaldi/egs/timit/s5/mfcc/raw_mfcc_train.4.ark:502070
FJSK0_SI1052 /home/sky/kaldi/egs/timit/s5/mfcc/raw_mfcc_train.2.ark:298137
MRDM0_SI1595 /home/sky/kaldi/egs/timit/s5/mfcc/raw_mfcc_train.8.ark:1226633
MJLB0_SI986 /home/sky/kaldi/egs/timit/s5/mfcc/raw_mfcc_train.6.ark:1172930
MDMA0_SX170 /home/sky/kaldi/egs/timit/s5/mfcc/raw_mfcc_train.5.ark:471123
FSAK0_SI1930 /home/sky/kaldi/egs/timit/s5/mfcc/raw_mfcc_train.3.ark:526010
FBCH0_SX326 /home/sky/kaldi/egs/timit/s5/mfcc/raw_mfcc_train.1.ark:261393
MNTW0_SX168 /home/sky/kaldi/egs/timit/s5/mfcc/raw_mfcc_train.8.ark:473908
MSEM1_SI810 /home/sky/kaldi/egs/timit/s5/mfcc/raw_mfcc_train.9.ark:1169949
MLSH0_SI1417 /home/sky/kaldi/egs/timit/s5/mfcc/raw_mfcc_train.7.ark:1040313
MAFM0_SX399 /home/sky/kaldi/egs/timit/s5/mfcc/raw_mfcc_train.4.ark:94362
MBOM0_SI2274 /home/sky/kaldi/egs/timit/s5/mfcc/raw_mfcc_train.4.ark:577556
FAPB0_SX253 /home/sky/kaldi/egs/timit/s5/mfcc/raw_mfcc_train.1.ark:152587
MDTB0_SX300 /home/sky/kaldi/egs/timit/s5/mfcc/raw_mfcc_train.5.ark:794588
FDKN0_SX451 /home/sky/kaldi/egs/timit/s5/mfcc/raw_mfcc_train.1.ark:937653
MHRM0_SX418 /home/sky/kaldi/egs/timit/s5/mfcc/raw_mfcc_train.6.ark:463778
MSAH1_SX59 /home/sky/kaldi/egs/timit/s5/mfcc/raw_mfcc_train.9.ark:967405
MRWS0_SX112 /home/sky/kaldi/egs/timit/s5/mfcc/raw_mfcc_train.9.ark:893449
FJSK0_SX422 /home/sky/kaldi/egs/timit/s5/mfcc/raw_mfcc_train.2.ark:322920
MKLS0_SI1533 /home/sky/kaldi/egs/timit/s5/mfcc/raw_mfcc_train.7.ark:713293
MSTF0_SX226 /home/sky/kaldi/egs/timit/s5/mfcc/raw_mfcc_train.9.ark:1518268
FCAG0_SX243 /home/sky/kaldi/egs/timit/s5/mfcc/raw_mfcc_train.1.ark:423002
FBAS0_SI2066 /home/sky/kaldi/egs/timit/s5/mfcc/raw_mfcc_train.1.ark:182895
MDLM0_SI1234 /home/sky/kaldi/egs/timit/s5/mfcc/raw_mfcc_train.5.ark:362093
FBCH0_SX56 /home/sky/kaldi/egs/timit/s5/mfcc/raw_mfcc_train.1.ark:270792
MDBP0_SX168 /home/sky/kaldi/egs/timit/s5/mfcc/raw_mfcc_train.4.ark:1323313
FSCN0_SX176 /home/sky/kaldi/egs/timit/s5/mfcc/raw_mfcc_train.3.ark:602344
FSAK0_SX400 /home/sky/kaldi/egs/timit/s5/mfcc/raw_mfcc_train.3.ark:547865
MTRT0_SI597 /home/sky/kaldi/egs/timit/s5/mfcc/raw_mfcc_train.10.ark:953750
FSSB0_SX452 /home/sky/kaldi/egs/timit/s5/mfcc/raw_mfcc_train.3.ark:1178379
MGJC0_SX165 /home/sky/kaldi/egs/timit/s5/mfcc/raw_mfcc_train.6.ark:95118
MJJJ0_SX263 /home/sky/kaldi/egs/timit/s5/mfcc/raw_mfcc_train.6.ark:1081825
MBMA1_SI2207 /home/sky/kaldi/egs/timit/s5/mfcc/raw_mfcc_train.4.ark:506043
MAEB0_SX90 /home/sky/kaldi/egs/timit/s5/mfcc/raw_mfcc_train.4.ark:36293
MTXS0_SX70 /home/sky/kaldi/egs/timit/s5/mfcc/raw_mfcc_train.10.ark:1037008
FTLG0_SI1743 /home/sky/kaldi/egs/timit/s5/mfcc/raw_mfcc_train.3.ark:1277103
MTBC0_SI543 /home/sky/kaldi/egs/timit/s5/mfcc/raw_mfcc_train.10.ark:182839
MCDC0_SI1922 /home/sky/kaldi/egs/timit/s5/mfcc/raw_mfcc_train.4.ark:767570
MRAB0_SX414 /home/sky/kaldi/egs/timit/s5/mfcc/raw_mfcc_train.8.ark:953035
FNKL0_SX262 /home/sky/kaldi/egs/timit/s5/mfcc/raw_mfcc_train.3.ark:39544
MJKR0_SI1831 /home/sky/kaldi/egs/timit/s5/mfcc/raw_mfcc_train.6.ark:1136310
FDML0_SX339 /home/sky/kaldi/egs/timit/s5/mfcc/raw_mfcc_train.1.ark:964913
FSAK0_SX40 /home/sky/kaldi/egs/timit/s5/mfcc/raw_mfcc_train.3.ark:544010
MMAM0_SX67 /home/sky/kaldi/egs/timit/s5/mfcc/raw_mfcc_train.7.ark:1204183
FKDW0_SX217 /home/sky/kaldi/egs/timit/s5/mfcc/raw_mfcc_train.2.ark:551728
MKLS1_SX15 /home/sky/kaldi/egs/timit/s5/mfcc/raw_mfcc_train.7.ark:758260
MJKR0_SI571 /home/sky/kaldi/egs/timit/s5/mfcc/raw_mfcc_train.6.ark:1140425
FJRB0_SX312 /home/sky/kaldi/egs/timit/s5/mfcc/raw_mfcc_train.2.ark:242081
FPJF0_SX56 /home/sky/kaldi/egs/timit/s5/mfcc/raw_mfcc_train.3.ark:285123
MGAG0_SI645 /home/sky/kaldi/egs/timit/s5/mfcc/raw_mfcc_train.5.ark:1399067
MRJB1_SI1020 /home/sky/kaldi/egs/timit/s5/mfcc/raw_mfcc_train.9.ark:76643
MCAL0_SX58 /home/sky/kaldi/egs/timit/s5/mfcc/raw_mfcc_train.4.ark:758805
MGRL0_SX57 /home/sky/kaldi/egs/timit/s5/mfcc/raw_mfcc_train.6.ark:147215
MDLB0_SX46 /home/sky/kaldi/egs/timit/s5/mfcc/raw_mfcc_train.5.ark:230219
MDCD0_SX245 /home/sky/kaldi/egs/timit/s5/mfcc/raw_mfcc_train.4.ark:1361116
FDAS1_SX381 /home/sky/kaldi/egs/timit/s5/mfcc/raw_mfcc_train.1.ark:814396
FLJD0_SX166 /home/sky/kaldi/egs/timit/s5/mfcc/raw_mfcc_train.2.ark:977046
MJLG1_SI2272 /home/sky/kaldi/egs/timit/s5/mfcc/raw_mfcc_train.6.ark:1201588
MJRH1_SX334 /home/sky/kaldi/egs/timit/s5/mfcc/raw_mfcc_train.7.ark:71439
MMEA0_SI758 /home/sky/kaldi/egs/timit/s5/mfcc/raw_mfcc_train.7.ark:1478429
MGXP0_SI525 /home/sky/kaldi/egs/timit/s5/mfcc/raw_mfcc_train.6.ark:266407
MCTM0_SI1980 /home/sky/kaldi/egs/timit/s5/mfcc/raw_mfcc_train.4.ark:1158059
FJDM2_SX52 /home/sky/kaldi/egs/timit/s5/mfcc/raw_mfcc_train.2.ark:55056
MMRP0_SI2034 /home/sky/kaldi/egs/timit/s5/mfcc/raw_mfcc_train.8.ark:191658
MMGG0_SX449 /home/sky/kaldi/egs/timit/s5/mfcc/raw_mfcc_train.8.ark:63690
MDAS0_SI1266 /home/sky/kaldi/egs/timit/s5/mfcc/raw_mfcc_train.4.ark:1249742
FLEH0_SX241 /home/sky/kaldi/egs/timit/s5/mfcc/raw_mfcc_train.2.ark:851932
MTPF0_SX245 /home/sky/kaldi/egs/timit/s5/mfcc/raw_mfcc_train.10.ark:728414
MCDC0_SX32 /home/sky/kaldi/egs/timit/s5/mfcc/raw_mfcc_train.4.ark:786662
FSAG0_SX243 /home/sky/kaldi/egs/timit/s5/mfcc/raw_mfcc_train.3.ark:463543
MBML0_SX89 /home/sky/kaldi/egs/timit/s5/mfcc/raw_mfcc_train.4.ark:566586
MNTW0_SI1068 /home/sky/kaldi/egs/timit/s5/mfcc/raw_mfcc_train.8.ark:457830
MTER0_SX167 /home/sky/kaldi/egs/timit/s5/mfcc/raw_mfcc_train.10.ark:326205
FGMB0_SI1775 /home/sky/kaldi/egs/timit/s5/mfcc/raw_mfcc_train.1.ark:1438963
MSRR0_SX141 /home/sky/kaldi/egs/timit/s5/mfcc/raw_mfcc_train.9.ark:1482378
MJRG0_SX352 /home/sky/kaldi/egs/timit/s5/mfcc/raw_mfcc_train.7.ark:7643
MZMB0_SI1796 /home/sky/kaldi/egs/timit/s5/mfcc/raw_mfcc_train.10.ark:1486883
FBJL0_SX202 /home/sky/kaldi/egs/timit/s5/mfcc/raw_mfcc_train.1.ark:292266
MTPP0_SX248 /home/sky/kaldi/egs/timit/s5/mfcc/raw_mfcc_train.10.ark:787652
MTJS0_SI562 /home/sky/kaldi/egs/timit/s5/mfcc/raw_mfcc_train.10.ark:421372
FMKF0_SX6 /home/sky/kaldi/egs/timit/s5/mfcc/raw_mfcc_train.2.ark:1489016
MREH1_SX339 /home/sky/kaldi/egs/timit/s5/mfcc/raw_mfcc_train.8.ark:1338919
FTAJ0_SX249 /home/sky/kaldi/egs/timit/s5/mfcc/raw_mfcc_train.3.ark:1201340
MDLC2_SI984 /home/sky/kaldi/egs/timit/s5/mfcc/raw_mfcc_train.5.ark:304236
FLET0_SX417 /home/sky/kaldi/egs/timit/s5/mfcc/raw_mfcc_train.2.ark:891575
MEJL0_SX242 /home/sky/kaldi/egs/timit/s5/mfcc/raw_mfcc_train.5.ark:1043933
MTBC0_SI1173 /home/sky/kaldi/egs/timit/s5/mfcc/raw_mfcc_train.10.ark:176844
FLOD0_SX171 /home/sky/kaldi/egs/timit/s5/mfcc/raw_mfcc_train.2.ark:1180156
MSMS0_SX443 /home/sky/kaldi/egs/timit/s5/mfcc/raw_mfcc_train.9.ark:1430103
MSRG0_SI1221 /home/sky/kaldi/egs/timit/s5/mfcc/raw_mfcc_train.9.ark:1437228
MESG0_SX252 /home/sky/kaldi/egs/timit/s5/mfcc/raw_mfcc_train.5.ark:1107526
MMPM0_SI1061 /home/sky/kaldi/egs/timit/s5/mfcc/raw_mfcc_train.8.ark:158892
MDLM0_SX424 /home/sky/kaldi/egs/timit/s5/mfcc/raw_mfcc_train.5.ark:384002
FTMG0_SI1532 /home/sky/kaldi/egs/timit/s5/mfcc/raw_mfcc_train.3.ark:1311596
MSAT0_SI896 /home/sky/kaldi/egs/timit/s5/mfcc/raw_mfcc_train.9.ark:1012868
MCLM0_SI826 /home/sky/kaldi/egs/timit/s5/mfcc/raw_mfcc_train.4.ark:1005253
MTXS0_SX430 /home/sky/kaldi/egs/timit/s5/mfcc/raw_mfcc_train.10.ark:1030125
MSFH0_SI586 /home/sky/kaldi/egs/timit/s5/mfcc/raw_mfcc_train.9.ark:1241213
FJXP0_SX402 /home/sky/kaldi/egs/timit/s5/mfcc/raw_mfcc_train.2.ark:453719
MBML0_SX269 /home/sky/kaldi/egs/timit/s5/mfcc/raw_mfcc_train.4.ark:554541
MDPK0_SX423 /home/sky/kaldi/egs/timit/s5/mfcc/raw_mfcc_train.5.ark:615633
FSJG0_SX40 /home/sky/kaldi/egs/timit/s5/mfcc/raw_mfcc_train.3.ark:749272
MTAT1_SX149 /home/sky/kaldi/egs/timit/s5/mfcc/raw_mfcc_train.10.ark:152213
MCDR0_SX254 /home/sky/kaldi/egs/timit/s5/mfcc/raw_mfcc_train.4.ark:846420
MSMC0_SX17 /home/sky/kaldi/egs/timit/s5/mfcc/raw_mfcc_train.9.ark:1358188
FHXS0_SI1075 /home/sky/kaldi/egs/timit/s5/mfcc/raw_mfcc_train.1.ark:1541321
MJLB0_SX86 /home/sky/kaldi/egs/timit/s5/mfcc/raw_mfcc_train.6.ark:1191138
FTAJ0_SI699 /home/sky/kaldi/egs/timit/s5/mfcc/raw_mfcc_train.3.ark:1193604
MMVP0_SI654 /home/sky/kaldi/egs/timit/s5/mfcc/raw_mfcc_train.8.ark:267888
MRFL0_SX346 /home/sky/kaldi/egs/timit/s5/mfcc/raw_mfcc_train.8.ark:1467275
FAJW0_SX3 /home/sky/kaldi/egs/timit/s5/mfcc/raw_mfcc_train.1.ark:57265
FSDJ0_SI1115 /home/sky/kaldi/egs/timit/s5/mfcc/raw_mfcc_train.3.ark:655932
MDWH0_SI1168 /home/sky/kaldi/egs/timit/s5/mfcc/raw_mfcc_train.5.ark:835149
FECD0_SI2048 /home/sky/kaldi/egs/timit/s5/mfcc/raw_mfcc_train.1.ark:1194800
MJSR0_SX254 /home/sky/kaldi/egs/timit/s5/mfcc/raw_mfcc_train.7.ark:163747
FLAC0_SX91 /home/sky/kaldi/egs/timit/s5/mfcc/raw_mfcc_train.2.ark:794949
MTCS0_SX442 /home/sky/kaldi/egs/timit/s5/mfcc/raw_mfcc_train.10.ark:232480
MREM0_SX241 /home/sky/kaldi/egs/timit/s5/mfcc/raw_mfcc_train.8.ark:1368881
MBML0_SX449 /home/sky/kaldi/egs/timit/s5/mfcc/raw_mfcc_train.4.ark:562394
MMEA0_SX38 /home/sky/kaldi/egs/timit/s5/mfcc/raw_mfcc_train.7.ark:1492951
FBJL0_SX22 /home/sky/kaldi/egs/timit/s5/mfcc/raw_mfcc_train.1.ark:294469
MRCG0_SX438 /home/sky/kaldi/egs/timit/s5/mfcc/raw_mfcc_train.8.ark:1150485
MSAS0_SX296 /home/sky/kaldi/egs/timit/s5/mfcc/raw_mfcc_train.9.ark:999305
FVMH0_SX386 /home/sky/kaldi/egs/timit/s5/mfcc/raw_mfcc_train.3.ark:1432626
FPJF0_SI1676 /home/sky/kaldi/egs/timit/s5/mfcc/raw_mfcc_train.3.ark:266213
MMWB0_SX269 /home/sky/kaldi/egs/timit/s5/mfcc/raw_mfcc_train.8.ark:320701
FKLH0_SI627 /home/sky/kaldi/egs/timit/s5/mfcc/raw_mfcc_train.2.ark:712927
MRJB1_SX210 /home/sky/kaldi/egs/timit/s5/mfcc/raw_mfcc_train.9.ark:99956
FMMH0_SI2167 /home/sky/kaldi/egs/timit/s5/mfcc/raw_mfcc_train.2.ark:1501869
MEWM0_SI1348 /home/sky/kaldi/egs/timit/s5/mfcc/raw_mfcc_train.5.ark:1151406
FSMA0_SX271 /home/sky/kaldi/egs/timit/s5/mfcc/raw_mfcc_train.3.ark:1001292
MCEF0_SX145 /home/sky/kaldi/egs/timit/s5/mfcc/raw_mfcc_train.4.ark:872561
MMAM0_SI1597 /home/sky/kaldi/egs/timit/s5/mfcc/raw_mfcc_train.7.ark:1180278
MSES0_SX329 /home/sky/kaldi/egs/timit/s5/mfcc/raw_mfcc_train.9.ark:1219298
MCEW0_SI2072 /home/sky/kaldi/egs/timit/s5/mfcc/raw_mfcc_train.4.ark:894457
MGAK0_SI1666 /home/sky/kaldi/egs/timit/s5/mfcc/raw_mfcc_train.5.ark:1429622
MDLC1_SI2144 /home/sky/kaldi/egs/timit/s5/mfcc/raw_mfcc_train.5.ark:279817
MHJB0_SX117 /home/sky/kaldi/egs/timit/s5/mfcc/raw_mfcc_train.6.ark:365670
MTAS0_SX395 /home/sky/kaldi/egs/timit/s5/mfcc/raw_mfcc_train.10.ark:103974
MJEB1_SI1467 /home/sky/kaldi/egs/timit/s5/mfcc/raw_mfcc_train.6.ark:867578
MJAC0_SI1331 /home/sky/kaldi/egs/timit/s5/mfcc/raw_mfcc_train.6.ark:536026
MBCG0_SI957 /home/sky/kaldi/egs/timit/s5/mfcc/raw_mfcc_train.4.ark:359913
MRML0_SX431 /home/sky/kaldi/egs/timit/s5/mfcc/raw_mfcc_train.9.ark:567937
MRCW0_SX291 /home/sky/kaldi/egs/timit/s5/mfcc/raw_mfcc_train.8.ark:1184185
MJSR0_SX434 /home/sky/kaldi/egs/timit/s5/mfcc/raw_mfcc_train.7.ark:171899
FKKH0_SX300 /home/sky/kaldi/egs/timit/s5/mfcc/raw_mfcc_train.2.ark:629790
FCAG0_SI1503 /home/sky/kaldi/egs/timit/s5/mfcc/raw_mfcc_train.1.ark:410713
MAPV0_SI1293 /home/sky/kaldi/egs/timit/s5/mfcc/raw_mfcc_train.4.ark:196658
FBCH0_SX416 /home/sky/kaldi/egs/timit/s5/mfcc/raw_mfcc_train.1.ark:265716
FDNC0_SI2287 /home/sky/kaldi/egs/timit/s5/mfcc/raw_mfcc_train.1.ark:1033399
MHBS0_SX315 /home/sky/kaldi/egs/timit/s5/mfcc/raw_mfcc_train.6.ark:311099
MARC0_SI1818 /home/sky/kaldi/egs/timit/s5/mfcc/raw_mfcc_train.4.ark:233812
MRLR0_SX206 /home/sky/kaldi/egs/timit/s5/mfcc/raw_mfcc_train.9.ark:429113
MAEB0_SI2250 /home/sky/kaldi/egs/timit/s5/mfcc/raw_mfcc_train.4.ark:13333
MBSB0_SX273 /home/sky/kaldi/egs/timit/s5/mfcc/raw_mfcc_train.4.ark:612403
MBSB0_SX363 /home/sky/kaldi/egs/timit/s5/mfcc/raw_mfcc_train.4.ark:616614
MAEB0_SX270 /home/sky/kaldi/egs/timit/s5/mfcc/raw_mfcc_train.4.ark:24833
FKDW0_SX307 /home/sky/kaldi/egs/timit/s5/mfcc/raw_mfcc_train.2.ark:554244
MJAE0_SI1999 /home/sky/kaldi/egs/timit/s5/mfcc/raw_mfcc_train.6.ark:573206
FSDJ0_SX305 /home/sky/kaldi/egs/timit/s5/mfcc/raw_mfcc_train.3.ark:674610
MPMB0_SX331 /home/sky/kaldi/egs/timit/s5/mfcc/raw_mfcc_train.8.ark:708256
FSAK0_SI1300 /home/sky/kaldi/egs/timit/s5/mfcc/raw_mfcc_train.3.ark:519866
MCDR0_SX434 /home/sky/kaldi/egs/timit/s5/mfcc/raw_mfcc_train.4.ark:852609
MTAS0_SX305 /home/sky/kaldi/egs/timit/s5/mfcc/raw_mfcc_train.10.ark:98345
MDCD0_SX65 /home/sky/kaldi/egs/timit/s5/mfcc/raw_mfcc_train.4.ark:1373005
MHMG0_SI735 /home/sky/kaldi/egs/timit/s5/mfcc/raw_mfcc_train.6.ark:386585
MRFL0_SI1156 /home/sky/kaldi/egs/timit/s5/mfcc/raw_mfcc_train.8.ark:1443293
MRCG0_SX78 /home/sky/kaldi/egs/timit/s5/mfcc/raw_mfcc_train.8.ark:1156575
FETB0_SX158 /home/sky/kaldi/egs/timit/s5/mfcc/raw_mfcc_train.1.ark:1307526
FEEH0_SX212 /home/sky/kaldi/egs/timit/s5/mfcc/raw_mfcc_train.1.ark:1242835
MRMG0_SI2340 /home/sky/kaldi/egs/timit/s5/mfcc/raw_mfcc_train.9.ark:481383
MESJ0_SI997 /home/sky/kaldi/egs/timit/s5/mfcc/raw_mfcc_train.5.ark:1132269
MMAA0_SX395 /home/sky/kaldi/egs/timit/s5/mfcc/raw_mfcc_train.7.ark:1105133
MMLM0_SX267 /home/sky/kaldi/egs/timit/s5/mfcc/raw_mfcc_train.8.ark:144707
MSDB0_SI2267 /home/sky/kaldi/egs/timit/s5/mfcc/raw_mfcc_train.9.ark:1070730
MSMC0_SX197 /home/sky/kaldi/egs/timit/s5/mfcc/raw_mfcc_train.9.ark:1361016
FDXW0_SI1511 /home/sky/kaldi/egs/timit/s5/mfcc/raw_mfcc_train.1.ark:1092649
FJDM2_SX142 /home/sky/kaldi/egs/timit/s5/mfcc/raw_mfcc_train.2.ark:36426
MPGR0_SI1410 /home/sky/kaldi/egs/timit/s5/mfcc/raw_mfcc_train.8.ark:611892
FKAA0_SX398 /home/sky/kaldi/egs/timit/s5/mfcc/raw_mfcc_train.2.ark:491040
MEDR0_SI2004 /home/sky/kaldi/egs/timit/s5/mfcc/raw_mfcc_train.5.ark:934714
MJMA0_SI1495 /home/sky/kaldi/egs/timit/s5/mfcc/raw_mfcc_train.6.ark:1257665
MKDT0_SI893 /home/sky/kaldi/egs/timit/s5/mfcc/raw_mfcc_train.7.ark:557430
FECD0_SI1418 /home/sky/kaldi/egs/timit/s5/mfcc/raw_mfcc_train.1.ark:1187447
MJSR0_SX164 /home/sky/kaldi/egs/timit/s5/mfcc/raw_mfcc_train.7.ark:159112
FCMG0_SX162 /home/sky/kaldi/egs/timit/s5/mfcc/raw_mfcc_train.1.ark:667488
MRLK0_SX393 /home/sky/kaldi/egs/timit/s5/mfcc/raw_mfcc_train.9.ark:408744
FJWB1_SX435 /home/sky/kaldi/egs/timit/s5/mfcc/raw_mfcc_train.2.ark:386304
MRGM0_SI1792 /home/sky/kaldi/egs/timit/s5/mfcc/raw_mfcc_train.8.ark:1483983
MKJO0_SX77 /home/sky/kaldi/egs/timit/s5/mfcc/raw_mfcc_train.7.ark:643274
MKLN0_SX428 /home/sky/kaldi/egs/timit/s5/mfcc/raw_mfcc_train.7.ark:669546
FEXM0_SX381 /home/sky/kaldi/egs/timit/s5/mfcc/raw_mfcc_train.1.ark:1360924
MDNS0_SX381 /home/sky/kaldi/egs/timit/s5/mfcc/raw_mfcc_train.5.ark:556583
FJRP1_SI802 /home/sky/kaldi/egs/timit/s5/mfcc/raw_mfcc_train.2.ark:267948
MMPM0_SX341 /home/sky/kaldi/egs/timit/s5/mfcc/raw_mfcc_train.8.ark:179898
FJLG0_SX359 /home/sky/kaldi/egs/timit/s5/mfcc/raw_mfcc_train.2.ark:178254
MMWS1_SX261 /home/sky/kaldi/egs/timit/s5/mfcc/raw_mfcc_train.8.ark:383247
MMEB0_SI727 /home/sky/kaldi/egs/timit/s5/mfcc/raw_mfcc_train.7.ark:1508230
MBSB0_SX93 /home/sky/kaldi/egs/timit/s5/mfcc/raw_mfcc_train.4.ark:619727
MDLH0_SX160 /home/sky/kaldi/egs/timit/s5/mfcc/raw_mfcc_train.5.ark:340751
MEGJ0_SX3 /home/sky/kaldi/egs/timit/s5/mfcc/raw_mfcc_train.5.ark:1018741
FJSP0_SX444 /home/sky/kaldi/egs/timit/s5/mfcc/raw_mfcc_train.2.ark:354879
FMKC0_SX262 /home/sky/kaldi/egs/timit/s5/mfcc/raw_mfcc_train.2.ark:1445618
FLJD0_SX256 /home/sky/kaldi/egs/timit/s5/mfcc/raw_mfcc_train.2.ark:982383
MBTH0_SX392 /home/sky/kaldi/egs/timit/s5/mfcc/raw_mfcc_train.4.ark:652530
MDHS0_SX90 /home/sky/kaldi/egs/timit/s5/mfcc/raw_mfcc_train.5.ark:128023
MSVS0_SX128 /home/sky/kaldi/egs/timit/s5/mfcc/raw_mfcc_train.10.ark:20178
MMSM0_SI1736 /home/sky/kaldi/egs/timit/s5/mfcc/raw_mfcc_train.8.ark:232152
MKAH0_SI2158 /home/sky/kaldi/egs/timit/s5/mfcc/raw_mfcc_train.7.ark:392351
MKJO0_SX424 /home/sky/kaldi/egs/timit/s5/mfcc/raw_mfcc_train.7.ark:634434
FSKP0_SI1728 /home/sky/kaldi/egs/timit/s5/mfcc/raw_mfcc_train.3.ark:926835
MDHL0_SX269 /home/sky/kaldi/egs/timit/s5/mfcc/raw_mfcc_train.5.ark:85371
MWRP0_SI1443 /home/sky/kaldi/egs/timit/s5/mfcc/raw_mfcc_train.10.ark:1382928
MEJS0_SX340 /home/sky/kaldi/egs/timit/s5/mfcc/raw_mfcc_train.5.ark:1080826
MCAL0_SI1768 /home/sky/kaldi/egs/timit/s5/mfcc/raw_mfcc_train.4.ark:737691
MSAH1_SX329 /home/sky/kaldi/egs/timit/s5/mfcc/raw_mfcc_train.9.ark:959241
MAJP0_SX354 /home/sky/kaldi/egs/timit/s5/mfcc/raw_mfcc_train.4.ark:120654
MMCC0_SI708 /home/sky/kaldi/egs/timit/s5/mfcc/raw_mfcc_train.7.ark:1294046
MLNS0_SI777 /home/sky/kaldi/egs/timit/s5/mfcc/raw_mfcc_train.7.ark:1018730
MPPC0_SX152 /home/sky/kaldi/egs/timit/s5/mfcc/raw_mfcc_train.8.ark:741033
MLSH0_SX427 /home/sky/kaldi/egs/timit/s5/mfcc/raw_mfcc_train.7.ark:1066616
FDMY0_SX117 /home/sky/kaldi/egs/timit/s5/mfcc/raw_mfcc_train.1.ark:997832
FSLS0_SX202 /home/sky/kaldi/egs/timit/s5/mfcc/raw_mfcc_train.3.ark:969905
FLMC0_SI2002 /home/sky/kaldi/egs/timit/s5/mfcc/raw_mfcc_train.2.ark:1105920
MLEL0_SI1876 /home/sky/kaldi/egs/timit/s5/mfcc/raw_mfcc_train.7.ark:903710
FDKN0_SX181 /home/sky/kaldi/egs/timit/s5/mfcc/raw_mfcc_train.1.ark:924216
MWRP0_SI1525 /home/sky/kaldi/egs/timit/s5/mfcc/raw_mfcc_train.10.ark:1388578
MLJH0_SX154 /home/sky/kaldi/egs/timit/s5/mfcc/raw_mfcc_train.7.ark:987961
MEJS0_SI1870 /home/sky/kaldi/egs/timit/s5/mfcc/raw_mfcc_train.5.ark:1064925
MMVP0_SX204 /home/sky/kaldi/egs/timit/s5/mfcc/raw_mfcc_train.8.ark:280889
FREH0_SX235 /home/sky/kaldi/egs/timit/s5/mfcc/raw_mfcc_train.3.ark:372762
MAEB0_SI990 /home/sky/kaldi/egs/timit/s5/mfcc/raw_mfcc_train.4.ark:16759
MPGR1_SI1499 /home/sky/kaldi/egs/timit/s5/mfcc/raw_mfcc_train.8.ark:644158
FCEG0_SI1878 /home/sky/kaldi/egs/timit/s5/mfcc/raw_mfcc_train.1.ark:514620
MSAS0_SX116 /home/sky/kaldi/egs/timit/s5/mfcc/raw_mfcc_train.9.ark:987312
FLKM0_SX116 /home/sky/kaldi/egs/timit/s5/mfcc/raw_mfcc_train.2.ark:1048932
MGAF0_SI1282 /home/sky/kaldi/egs/timit/s5/mfcc/raw_mfcc_train.5.ark:1365424
MGRL0_SI867 /home/sky/kaldi/egs/timit/s5/mfcc/raw_mfcc_train.6.ark:125783
FNKL0_SI892 /home/sky/kaldi/egs/timit/s5/mfcc/raw_mfcc_train.3.ark:26536
MRAB0_SI1224 /home/sky/kaldi/egs/timit/s5/mfcc/raw_mfcc_train.8.ark:928968
MKRG0_SI2121 /home/sky/kaldi/egs/timit/s5/mfcc/raw_mfcc_train.7.ark:811447
MJLS0_SX196 /home/sky/kaldi/egs/timit/s5/mfcc/raw_mfcc_train.6.ark:1245930
FPAB1_SX121 /home/sky/kaldi/egs/timit/s5/mfcc/raw_mfcc_train.3.ark:99430
FMJB0_SI1807 /home/sky/kaldi/egs/timit/s5/mfcc/raw_mfcc_train.2.ark:1334004
MADD0_SI538 /home/sky/kaldi/egs/timit/s5/mfcc/raw_mfcc_train.3.ark:1504744
MJMD0_SX128 /home/sky/kaldi/egs/timit/s5/mfcc/raw_mfcc_train.6.ark:1298487
MRMS0_SX390 /home/sky/kaldi/egs/timit/s5/mfcc/raw_mfcc_train.9.ark:602867
FNTB0_SX33 /home/sky/kaldi/egs/timit/s5/mfcc/raw_mfcc_train.3.ark:75187
MJDC0_SX261 /home/sky/kaldi/egs/timit/s5/mfcc/raw_mfcc_train.6.ark:713844
MAJP0_SX264 /home/sky/kaldi/egs/timit/s5/mfcc/raw_mfcc_train.4.ark:116292
FLEH0_SI2311 /home/sky/kaldi/egs/timit/s5/mfcc/raw_mfcc_train.2.ark:844430
FTBW0_SX355 /home/sky/kaldi/egs/timit/s5/mfcc/raw_mfcc_train.3.ark:1267163
FPMY0_SX196 /home/sky/kaldi/egs/timit/s5/mfcc/raw_mfcc_train.3.ark:340660
MPRB0_SI1215 /home/sky/kaldi/egs/timit/s5/mfcc/raw_mfcc_train.8.ark:763735
FSKC0_SI2046 /home/sky/kaldi/egs/timit/s5/mfcc/raw_mfcc_train.3.ark:862527
FLMC0_SI742 /home/sky/kaldi/egs/timit/s5/mfcc/raw_mfcc_train.2.ark:1108423
MFXV0_SX105 /home/sky/kaldi/egs/timit/s5/mfcc/raw_mfcc_train.5.ark:1348593
MRDD0_SX60 /home/sky/kaldi/egs/timit/s5/mfcc/raw_mfcc_train.8.ark:1216620
MMJB1_SX418 /home/sky/kaldi/egs/timit/s5/mfcc/raw_mfcc_train.8.ark:122187
FCLT0_SX448 /home/sky/kaldi/egs/timit/s5/mfcc/raw_mfcc_train.1.ark:645715
FLJG0_SI2241 /home/sky/kaldi/egs/timit/s5/mfcc/raw_mfcc_train.2.ark:1001399
MMDS0_SX443 /home/sky/kaldi/egs/timit/s5/mfcc/raw_mfcc_train.7.ark:1465933
FJHK0_SI2282 /home/sky/kaldi/egs/timit/s5/mfcc/raw_mfcc_train.2.ark:102510
FBMJ0_SX426 /home/sky/kaldi/egs/timit/s5/mfcc/raw_mfcc_train.1.ark:402678
MDBB1_SI2056 /home/sky/kaldi/egs/timit/s5/mfcc/raw_mfcc_train.4.ark:1286992
MPFU0_SI1258 /home/sky/kaldi/egs/timit/s5/mfcc/raw_mfcc_train.8.ark:550016
MDPK0_SX243 /home/sky/kaldi/egs/timit/s5/mfcc/raw_mfcc_train.5.ark:607377
MRRE0_SX74 /home/sky/kaldi/egs/timit/s5/mfcc/raw_mfcc_train.9.ark:668020
MSFH0_SX136 /home/sky/kaldi/egs/timit/s5/mfcc/raw_mfcc_train.9.ark:1245406
MTPF0_SI605 /home/sky/kaldi/egs/timit/s5/mfcc/raw_mfcc_train.10.ark:720470
MGAF0_SI1912 /home/sky/kaldi/egs/timit/s5/mfcc/raw_mfcc_train.5.ark:1370892
