FMEM0_SX117 /home/sky/kaldi/egs/timit/s5/mfcc/raw_mfcc_train.2.ark:1305451
MRGS0_SI726 /home/sky/kaldi/egs/timit/s5/mfcc/raw_mfcc_train.9.ark:19086
MWSH0_SX76 /home/sky/kaldi/egs/timit/s5/mfcc/raw_mfcc_train.10.ark:1476844
MSAS0_SX116 /home/sky/kaldi/egs/timit/s5/mfcc/raw_mfcc_train.9.ark:987312
FSJK1_SX125 /home/sky/kaldi/egs/timit/s5/mfcc/raw_mfcc_train.3.ark:772111
MWRP0_SI1443 /home/sky/kaldi/egs/timit/s5/mfcc/raw_mfcc_train.10.ark:1382928
FPAZ0_SI2223 /home/sky/kaldi/egs/timit/s5/mfcc/raw_mfcc_train.3.ark:225745
FLAC0_SI2161 /home/sky/kaldi/egs/timit/s5/mfcc/raw_mfcc_train.2.ark:774823
MJLG1_SX202 /home/sky/kaldi/egs/timit/s5/mfcc/raw_mfcc_train.6.ark:1210715
MCDC0_SX302 /home/sky/kaldi/egs/timit/s5/mfcc/raw_mfcc_train.4.ark:783068
MSRG0_SX141 /home/sky/kaldi/egs/timit/s5/mfcc/raw_mfcc_train.9.ark:1449821
MHIT0_SX263 /home/sky/kaldi/egs/timit/s5/mfcc/raw_mfcc_train.6.ark:338735
FLEH0_SI2311 /home/sky/kaldi/egs/timit/s5/mfcc/raw_mfcc_train.2.ark:844430
MFWK0_SX439 /home/sky/kaldi/egs/timit/s5/mfcc/raw_mfcc_train.5.ark:1295237
MRWA0_SI1603 /home/sky/kaldi/egs/timit/s5/mfcc/raw_mfcc_train.9.ark:850496
MCDD0_SX433 /home/sky/kaldi/egs/timit/s5/mfcc/raw_mfcc_train.4.ark:815580
MTPR0_SX340 /home/sky/kaldi/egs/timit/s5/mfcc/raw_mfcc_train.10.ark:826638
MTAT1_SI1409 /home/sky/kaldi/egs/timit/s5/mfcc/raw_mfcc_train.10.ark:139646
MRGM0_SX416 /home/sky/kaldi/egs/timit/s5/mfcc/raw_mfcc_train.8.ark:1504655
FPLS0_SX240 /home/sky/kaldi/egs/timit/s5/mfcc/raw_mfcc_train.3.ark:304621
MCSS0_SX300 /home/sky/kaldi/egs/timit/s5/mfcc/raw_mfcc_train.4.ark:1113714
FDNC0_SX108 /home/sky/kaldi/egs/timit/s5/mfcc/raw_mfcc_train.1.ark:1035941
MGRP0_SX237 /home/sky/kaldi/egs/timit/s5/mfcc/raw_mfcc_train.6.ark:168234
MDRD0_SX32 /home/sky/kaldi/egs/timit/s5/mfcc/raw_mfcc_train.5.ark:680746
FLJG0_SX171 /home/sky/kaldi/egs/timit/s5/mfcc/raw_mfcc_train.2.ark:1010825
MARW0_SI646 /home/sky/kaldi/egs/timit/s5/mfcc/raw_mfcc_train.4.ark:264634
MKAM0_SX146 /home/sky/kaldi/egs/timit/s5/mfcc/raw_mfcc_train.7.ark:465254
MMJB1_SI778 /home/sky/kaldi/egs/timit/s5/mfcc/raw_mfcc_train.8.ark:106208
MDBB1_SX376 /home/sky/kaldi/egs/timit/s5/mfcc/raw_mfcc_train.4.ark:1305590
MEGJ0_SX257 /home/sky/kaldi/egs/timit/s5/mfcc/raw_mfcc_train.5.ark:1016097
MMAM0_SI1668 /home/sky/kaldi/egs/timit/s5/mfcc/raw_mfcc_train.7.ark:1185226
FBMH0_SI1136 /home/sky/kaldi/egs/timit/s5/mfcc/raw_mfcc_train.1.ark:342519
FPAB1_SX211 /home/sky/kaldi/egs/timit/s5/mfcc/raw_mfcc_train.3.ark:104130
MRCG0_SI798 /home/sky/kaldi/egs/timit/s5/mfcc/raw_mfcc_train.8.ark:1131750
MDPB0_SX416 /home/sky/kaldi/egs/timit/s5/mfcc/raw_mfcc_train.5.ark:586729
FCMG0_SX342 /home/sky/kaldi/egs/timit/s5/mfcc/raw_mfcc_train.1.ark:675276
MSFV0_SI1892 /home/sky/kaldi/egs/timit/s5/mfcc/raw_mfcc_train.9.ark:1271995
FRJB0_SX347 /home/sky/kaldi/egs/timit/s5/mfcc/raw_mfcc_train.3.ark:400751
MDLH0_SI1960 /home/sky/kaldi/egs/timit/s5/mfcc/raw_mfcc_train.5.ark:328211
MHBS0_SX45 /home/sky/kaldi/egs/timit/s5/mfcc/raw_mfcc_train.6.ark:317703
FSKC0_SI2046 /home/sky/kaldi/egs/timit/s5/mfcc/raw_mfcc_train.3.ark:862527
FGMB0_SX425 /home/sky/kaldi/egs/timit/s5/mfcc/raw_mfcc_train.1.ark:1463126
MCDR0_SI1154 /home/sky/kaldi/egs/timit/s5/mfcc/raw_mfcc_train.4.ark:823290
FSJK1_SI2285 /home/sky/kaldi/egs/timit/s5/mfcc/raw_mfcc_train.3.ark:764713
FDAS1_SX381 /home/sky/kaldi/egs/timit/s5/mfcc/raw_mfcc_train.1.ark:814396
MRHL0_SX435 /home/sky/kaldi/egs/timit/s5/mfcc/raw_mfcc_train.9.ark:68985
MCAL0_SX238 /home/sky/kaldi/egs/timit/s5/mfcc/raw_mfcc_train.4.ark:745785
FSMM0_SI1314 /home/sky/kaldi/egs/timit/s5/mfcc/raw_mfcc_train.3.ark:1018610
MRPC1_SI2112 /home/sky/kaldi/egs/timit/s5/mfcc/raw_mfcc_train.9.ark:613122
MEGJ0_SI707 /home/sky/kaldi/egs/timit/s5/mfcc/raw_mfcc_train.5.ark:1004175
MSRG0_SX411 /home/sky/kaldi/egs/timit/s5/mfcc/raw_mfcc_train.9.ark:1460294
MAJP0_SX174 /home/sky/kaldi/egs/timit/s5/mfcc/raw_mfcc_train.4.ark:110617
MLSH0_SI2047 /home/sky/kaldi/egs/timit/s5/mfcc/raw_mfcc_train.7.ark:1045989
MRMB0_SX231 /home/sky/kaldi/egs/timit/s5/mfcc/raw_mfcc_train.9.ark:459486
MMPM0_SX161 /home/sky/kaldi/egs/timit/s5/mfcc/raw_mfcc_train.8.ark:169666
MBTH0_SI505 /home/sky/kaldi/egs/timit/s5/mfcc/raw_mfcc_train.4.ark:628907
FJXP0_SX132 /home/sky/kaldi/egs/timit/s5/mfcc/raw_mfcc_train.2.ark:442323
MJRG0_SX286 /home/sky/kaldi/egs/timit/s5/mfcc/raw_mfcc_train.7.ark:2644
MSFV0_SX452 /home/sky/kaldi/egs/timit/s5/mfcc/raw_mfcc_train.9.ark:1295560
FPAB1_SI841 /home/sky/kaldi/egs/timit/s5/mfcc/raw_mfcc_train.3.ark:92975
MESJ0_SX277 /home/sky/kaldi/egs/timit/s5/mfcc/raw_mfcc_train.5.ark:1139329
MARC0_SX108 /home/sky/kaldi/egs/timit/s5/mfcc/raw_mfcc_train.4.ark:241327
MRGM0_SX442 /home/sky/kaldi/egs/timit/s5/mfcc/raw_mfcc_train.9.ark:12
FLAG0_SX294 /home/sky/kaldi/egs/timit/s5/mfcc/raw_mfcc_train.2.ark:826654
FKLC0_SX265 /home/sky/kaldi/egs/timit/s5/mfcc/raw_mfcc_train.2.ark:655912
MTJU0_SX220 /home/sky/kaldi/egs/timit/s5/mfcc/raw_mfcc_train.10.ark:463693
FSBK0_SX79 /home/sky/kaldi/egs/timit/s5/mfcc/raw_mfcc_train.3.ark:582256
MRMH0_SI1349 /home/sky/kaldi/egs/timit/s5/mfcc/raw_mfcc_train.9.ark:510852
FJSK0_SX242 /home/sky/kaldi/egs/timit/s5/mfcc/raw_mfcc_train.2.ark:314521
MJWS0_SI1773 /home/sky/kaldi/egs/timit/s5/mfcc/raw_mfcc_train.7.ark:222365
MDHL0_SX179 /home/sky/kaldi/egs/timit/s5/mfcc/raw_mfcc_train.5.ark:81308
MJWS0_SX243 /home/sky/kaldi/egs/timit/s5/mfcc/raw_mfcc_train.7.ark:234866
MMDM1_SX63 /home/sky/kaldi/egs/timit/s5/mfcc/raw_mfcc_train.7.ark:1442521
MRVG0_SX240 /home/sky/kaldi/egs/timit/s5/mfcc/raw_mfcc_train.9.ark:834881
MDPB0_SX236 /home/sky/kaldi/egs/timit/s5/mfcc/raw_mfcc_train.5.ark:579513
FJEN0_SX147 /home/sky/kaldi/egs/timit/s5/mfcc/raw_mfcc_train.2.ark:72247
MMDS0_SI1973 /home/sky/kaldi/egs/timit/s5/mfcc/raw_mfcc_train.7.ark:1451247
MWRP0_SX93 /home/sky/kaldi/egs/timit/s5/mfcc/raw_mfcc_train.10.ark:1411511
MSTF0_SI766 /home/sky/kaldi/egs/timit/s5/mfcc/raw_mfcc_train.9.ark:1504402
FMKC0_SX262 /home/sky/kaldi/egs/timit/s5/mfcc/raw_mfcc_train.2.ark:1445618
MKDD0_SX397 /home/sky/kaldi/egs/timit/s5/mfcc/raw_mfcc_train.7.ark:544031
MPGR1_SX329 /home/sky/kaldi/egs/timit/s5/mfcc/raw_mfcc_train.8.ark:661867
FLTM0_SX350 /home/sky/kaldi/egs/timit/s5/mfcc/raw_mfcc_train.2.ark:1213684
MGJC0_SX345 /home/sky/kaldi/egs/timit/s5/mfcc/raw_mfcc_train.6.ark:104232
MDJM0_SI825 /home/sky/kaldi/egs/timit/s5/mfcc/raw_mfcc_train.5.ark:141059
MRFK0_SX176 /home/sky/kaldi/egs/timit/s5/mfcc/raw_mfcc_train.8.ark:1425370
MRJH0_SX169 /home/sky/kaldi/egs/timit/s5/mfcc/raw_mfcc_train.9.ark:130035
MMDB0_SX267 /home/sky/kaldi/egs/timit/s5/mfcc/raw_mfcc_train.7.ark:1331947
FHLM0_SI1560 /home/sky/kaldi/egs/timit/s5/mfcc/raw_mfcc_train.1.ark:1507827
MSDB0_SI1637 /home/sky/kaldi/egs/timit/s5/mfcc/raw_mfcc_train.9.ark:1068109
FJWB1_SX435 /home/sky/kaldi/egs/timit/s5/mfcc/raw_mfcc_train.2.ark:386304
MWGR0_SX436 /home/sky/kaldi/egs/timit/s5/mfcc/raw_mfcc_train.10.ark:1343375
MJLB0_SI1616 /home/sky/kaldi/egs/timit/s5/mfcc/raw_mfcc_train.6.ark:1164361
FLMA0_SX163 /home/sky/kaldi/egs/timit/s5/mfcc/raw_mfcc_train.2.ark:1083686
MMWS0_SI559 /home/sky/kaldi/egs/timit/s5/mfcc/raw_mfcc_train.8.ark:345462
MFXV0_SI1635 /home/sky/kaldi/egs/timit/s5/mfcc/raw_mfcc_train.5.ark:1345791
FKSR0_SI1117 /home/sky/kaldi/egs/timit/s5/mfcc/raw_mfcc_train.2.ark:735992
FSRH0_SX311 /home/sky/kaldi/egs/timit/s5/mfcc/raw_mfcc_train.3.ark:1138599
MREW1_SI1500 /home/sky/kaldi/egs/timit/s5/mfcc/raw_mfcc_train.8.ark:1384249
MZMB0_SI1796 /home/sky/kaldi/egs/timit/s5/mfcc/raw_mfcc_train.10.ark:1486883
MDTB0_SX390 /home/sky/kaldi/egs/timit/s5/mfcc/raw_mfcc_train.5.ark:801882
MDLM0_SX64 /home/sky/kaldi/egs/timit/s5/mfcc/raw_mfcc_train.5.ark:387908
FKDE0_SX241 /home/sky/kaldi/egs/timit/s5/mfcc/raw_mfcc_train.2.ark:515440
MDLH0_SX70 /home/sky/kaldi/egs/timit/s5/mfcc/raw_mfcc_train.5.ark:360564
FTBR0_SX201 /home/sky/kaldi/egs/timit/s5/mfcc/raw_mfcc_train.3.ark:1231479
FJSP0_SX264 /home/sky/kaldi/egs/timit/s5/mfcc/raw_mfcc_train.2.ark:347338
FPLS0_SX3 /home/sky/kaldi/egs/timit/s5/mfcc/raw_mfcc_train.3.ark:308552
FPAF0_SX64 /home/sky/kaldi/egs/timit/s5/mfcc/raw_mfcc_train.3.ark:219307
MCDR0_SI524 /home/sky/kaldi/egs/timit/s5/mfcc/raw_mfcc_train.4.ark:835018
MILB0_SI903 /home/sky/kaldi/egs/timit/s5/mfcc/raw_mfcc_train.6.ark:514692
MBJV0_SI1877 /home/sky/kaldi/egs/timit/s5/mfcc/raw_mfcc_train.4.ark:449192
MGAW0_SX355 /home/sky/kaldi/egs/timit/s5/mfcc/raw_mfcc_train.6.ark:46696
FPAC0_SI2011 /home/sky/kaldi/egs/timit/s5/mfcc/raw_mfcc_train.3.ark:126149
MJXL0_SI1172 /home/sky/kaldi/egs/timit/s5/mfcc/raw_mfcc_train.7.ark:320210
MRSO0_SX39 /home/sky/kaldi/egs/timit/s5/mfcc/raw_mfcc_train.9.ark:703158
FVMH0_SI836 /home/sky/kaldi/egs/timit/s5/mfcc/raw_mfcc_train.3.ark:1414327
MRLJ0_SX250 /home/sky/kaldi/egs/timit/s5/mfcc/raw_mfcc_train.9.ark:338929
FBAS0_SI2066 /home/sky/kaldi/egs/timit/s5/mfcc/raw_mfcc_train.1.ark:182895
MJDG0_SI1672 /home/sky/kaldi/egs/timit/s5/mfcc/raw_mfcc_train.6.ark:773047
MREE0_SI1959 /home/sky/kaldi/egs/timit/s5/mfcc/raw_mfcc_train.8.ark:1292119
FSKL0_SX359 /home/sky/kaldi/egs/timit/s5/mfcc/raw_mfcc_train.3.ark:908515
FMMH0_SX7 /home/sky/kaldi/egs/timit/s5/mfcc/raw_mfcc_train.2.ark:1522520
MRJM1_SI668 /home/sky/kaldi/egs/timit/s5/mfcc/raw_mfcc_train.9.ark:195897
MJAC0_SX341 /home/sky/kaldi/egs/timit/s5/mfcc/raw_mfcc_train.6.ark:556745
MRLR0_SX296 /home/sky/kaldi/egs/timit/s5/mfcc/raw_mfcc_train.9.ark:436731
MBGT0_SI1841 /home/sky/kaldi/egs/timit/s5/mfcc/raw_mfcc_train.4.ark:412982
MDBP0_SI1158 /home/sky/kaldi/egs/timit/s5/mfcc/raw_mfcc_train.4.ark:1309433
MBMA1_SI954 /home/sky/kaldi/egs/timit/s5/mfcc/raw_mfcc_train.4.ark:512675
MMWS1_SX351 /home/sky/kaldi/egs/timit/s5/mfcc/raw_mfcc_train.8.ark:388122
FKSR0_SX397 /home/sky/kaldi/egs/timit/s5/mfcc/raw_mfcc_train.2.ark:764485
MDHS0_SI2160 /home/sky/kaldi/egs/timit/s5/mfcc/raw_mfcc_train.5.ark:104842
MJJB0_SX149 /home/sky/kaldi/egs/timit/s5/mfcc/raw_mfcc_train.6.ark:1040291
MRMS0_SI2057 /home/sky/kaldi/egs/timit/s5/mfcc/raw_mfcc_train.9.ark:582012
MJBG0_SX152 /home/sky/kaldi/egs/timit/s5/mfcc/raw_mfcc_train.6.ark:645290
MPEB0_SX240 /home/sky/kaldi/egs/timit/s5/mfcc/raw_mfcc_train.8.ark:533530
MRLK0_SX393 /home/sky/kaldi/egs/timit/s5/mfcc/raw_mfcc_train.9.ark:408744
MFXS0_SI2225 /home/sky/kaldi/egs/timit/s5/mfcc/raw_mfcc_train.5.ark:1306777
FLEH0_SX421 /home/sky/kaldi/egs/timit/s5/mfcc/raw_mfcc_train.2.ark:859460
MJDG0_SI1705 /home/sky/kaldi/egs/timit/s5/mfcc/raw_mfcc_train.6.ark:778203
MTAT1_SX419 /home/sky/kaldi/egs/timit/s5/mfcc/raw_mfcc_train.10.ark:168757
MGAW0_SX175 /home/sky/kaldi/egs/timit/s5/mfcc/raw_mfcc_train.6.ark:38271
FCYL0_SI1297 /home/sky/kaldi/egs/timit/s5/mfcc/raw_mfcc_train.1.ark:750083
FEXM0_SX111 /home/sky/kaldi/egs/timit/s5/mfcc/raw_mfcc_train.1.ark:1341058
FLKM0_SX350 /home/sky/kaldi/egs/timit/s5/mfcc/raw_mfcc_train.2.ark:1057097
MTAT0_SI811 /home/sky/kaldi/egs/timit/s5/mfcc/raw_mfcc_train.10.ark:117842
FJXM0_SX41 /home/sky/kaldi/egs/timit/s5/mfcc/raw_mfcc_train.2.ark:424041
MRGS0_SI1356 /home/sky/kaldi/egs/timit/s5/mfcc/raw_mfcc_train.9.ark:10803
MRAI0_SX342 /home/sky/kaldi/egs/timit/s5/mfcc/raw_mfcc_train.8.ark:1016595
FJLR0_SX61 /home/sky/kaldi/egs/timit/s5/mfcc/raw_mfcc_train.2.ark:219833
FMAH1_SI1509 /home/sky/kaldi/egs/timit/s5/mfcc/raw_mfcc_train.2.ark:1228148
MJHI0_SX68 /home/sky/kaldi/egs/timit/s5/mfcc/raw_mfcc_train.6.ark:1025245
MJRA0_SX156 /home/sky/kaldi/egs/timit/s5/mfcc/raw_mfcc_train.6.ark:1452042
FSAH0_SX344 /home/sky/kaldi/egs/timit/s5/mfcc/raw_mfcc_train.3.ark:509978
MJLS0_SX16 /home/sky/kaldi/egs/timit/s5/mfcc/raw_mfcc_train.6.ark:1242738
MJPM0_SI1998 /home/sky/kaldi/egs/timit/s5/mfcc/raw_mfcc_train.6.ark:1379842
MCDC0_SI1922 /home/sky/kaldi/egs/timit/s5/mfcc/raw_mfcc_train.4.ark:767570
FSCN0_SX446 /home/sky/kaldi/egs/timit/s5/mfcc/raw_mfcc_train.3.ark:617536
MDSS1_SI697 /home/sky/kaldi/egs/timit/s5/mfcc/raw_mfcc_train.5.ark:754938
FDAS1_SX21 /home/sky/kaldi/egs/timit/s5/mfcc/raw_mfcc_train.1.ark:807934
MCTH0_SI579 /home/sky/kaldi/egs/timit/s5/mfcc/raw_mfcc_train.4.ark:1128447
MJDE0_SX220 /home/sky/kaldi/egs/timit/s5/mfcc/raw_mfcc_train.6.ark:748324
MRRE0_SX344 /home/sky/kaldi/egs/timit/s5/mfcc/raw_mfcc_train.9.ark:660389
FGRW0_SX162 /home/sky/kaldi/egs/timit/s5/mfcc/raw_mfcc_train.1.ark:1484925
FLMA0_SX343 /home/sky/kaldi/egs/timit/s5/mfcc/raw_mfcc_train.2.ark:1089394
MTCS0_SI2265 /home/sky/kaldi/egs/timit/s5/mfcc/raw_mfcc_train.10.ark:210956
FKLC0_SI2245 /home/sky/kaldi/egs/timit/s5/mfcc/raw_mfcc_train.2.ark:639849
MRTC0_SX18 /home/sky/kaldi/egs/timit/s5/mfcc/raw_mfcc_train.9.ark:764592
MDCM0_SI2110 /home/sky/kaldi/egs/timit/s5/mfcc/raw_mfcc_train.4.ark:1381601
FLJD0_SX166 /home/sky/kaldi/egs/timit/s5/mfcc/raw_mfcc_train.2.ark:977046
MJJB0_SX59 /home/sky/kaldi/egs/timit/s5/mfcc/raw_mfcc_train.6.ark:1058674
MMVP0_SX114 /home/sky/kaldi/egs/timit/s5/mfcc/raw_mfcc_train.8.ark:276722
MSMC0_SI1907 /home/sky/kaldi/egs/timit/s5/mfcc/raw_mfcc_train.9.ark:1340013
MCAE0_SI1447 /home/sky/kaldi/egs/timit/s5/mfcc/raw_mfcc_train.4.ark:690464
FLEH0_SX61 /home/sky/kaldi/egs/timit/s5/mfcc/raw_mfcc_train.2.ark:863743
FALR0_SX245 /home/sky/kaldi/egs/timit/s5/mfcc/raw_mfcc_train.1.ark:117234
MRWS0_SX202 /home/sky/kaldi/egs/timit/s5/mfcc/raw_mfcc_train.9.ark:897018
MJFH0_SX387 /home/sky/kaldi/egs/timit/s5/mfcc/raw_mfcc_train.6.ark:957220
MDHL0_SI809 /home/sky/kaldi/egs/timit/s5/mfcc/raw_mfcc_train.5.ark:77167
MSRG0_SX321 /home/sky/kaldi/egs/timit/s5/mfcc/raw_mfcc_train.9.ark:1455750
FGCS0_SX316 /home/sky/kaldi/egs/timit/s5/mfcc/raw_mfcc_train.1.ark:1384316
MMBS0_SX431 /home/sky/kaldi/egs/timit/s5/mfcc/raw_mfcc_train.7.ark:1276324
FNKL0_SI892 /home/sky/kaldi/egs/timit/s5/mfcc/raw_mfcc_train.3.ark:26536
MRJH0_SX259 /home/sky/kaldi/egs/timit/s5/mfcc/raw_mfcc_train.9.ark:136165
MVRW0_SX225 /home/sky/kaldi/egs/timit/s5/mfcc/raw_mfcc_train.10.ark:1117967
MBBR0_SX335 /home/sky/kaldi/egs/timit/s5/mfcc/raw_mfcc_train.4.ark:342731
FCMM0_SI453 /home/sky/kaldi/egs/timit/s5/mfcc/raw_mfcc_train.1.ark:697841
MARW0_SX16 /home/sky/kaldi/egs/timit/s5/mfcc/raw_mfcc_train.4.ark:271810
MWSB0_SX366 /home/sky/kaldi/egs/timit/s5/mfcc/raw_mfcc_train.10.ark:1432641
MKLN0_SX338 /home/sky/kaldi/egs/timit/s5/mfcc/raw_mfcc_train.7.ark:665067
MDDC0_SI1419 /home/sky/kaldi/egs/timit/s5/mfcc/raw_mfcc_train.4.ark:1408183
FSPM0_SX431 /home/sky/kaldi/egs/timit/s5/mfcc/raw_mfcc_train.3.ark:1114577
FDXW0_SX341 /home/sky/kaldi/egs/timit/s5/mfcc/raw_mfcc_train.1.ark:1110729
FPAD0_SX356 /home/sky/kaldi/egs/timit/s5/mfcc/raw_mfcc_train.3.ark:177922
MKAJ0_SX154 /home/sky/kaldi/egs/timit/s5/mfcc/raw_mfcc_train.7.ark:432943
FJDM2_SX412 /home/sky/kaldi/egs/timit/s5/mfcc/raw_mfcc_train.2.ark:51007
MCLM0_SX16 /home/sky/kaldi/egs/timit/s5/mfcc/raw_mfcc_train.4.ark:1013027
FLHD0_SX354 /home/sky/kaldi/egs/timit/s5/mfcc/raw_mfcc_train.2.ark:918042
FVFB0_SI1510 /home/sky/kaldi/egs/timit/s5/mfcc/raw_mfcc_train.3.ark:1346657
FLTM0_SX80 /home/sky/kaldi/egs/timit/s5/mfcc/raw_mfcc_train.2.ark:1225345
MPSW0_SI1697 /home/sky/kaldi/egs/timit/s5/mfcc/raw_mfcc_train.8.ark:906234
MTKP0_SI2283 /home/sky/kaldi/egs/timit/s5/mfcc/raw_mfcc_train.10.ark:518698
MRLR0_SI566 /home/sky/kaldi/egs/timit/s5/mfcc/raw_mfcc_train.9.ark:421793
MRLD0_SX64 /home/sky/kaldi/egs/timit/s5/mfcc/raw_mfcc_train.9.ark:319392
MJDG0_SX142 /home/sky/kaldi/egs/timit/s5/mfcc/raw_mfcc_train.6.ark:781226
MKAH0_SI2158 /home/sky/kaldi/egs/timit/s5/mfcc/raw_mfcc_train.7.ark:392351
MHIT0_SI983 /home/sky/kaldi/egs/timit/s5/mfcc/raw_mfcc_train.6.ark:327684
MSES0_SX329 /home/sky/kaldi/egs/timit/s5/mfcc/raw_mfcc_train.9.ark:1219298
MGES0_SI1481 /home/sky/kaldi/egs/timit/s5/mfcc/raw_mfcc_train.6.ark:55323
MPRT0_SX220 /home/sky/kaldi/egs/timit/s5/mfcc/raw_mfcc_train.8.ark:888310
FETB0_SX68 /home/sky/kaldi/egs/timit/s5/mfcc/raw_mfcc_train.1.ark:1322919
MWSH0_SI2266 /home/sky/kaldi/egs/timit/s5/mfcc/raw_mfcc_train.10.ark:1449568
FCRZ0_SX163 /home/sky/kaldi/egs/timit/s5/mfcc/raw_mfcc_train.1.ark:731874
MTKD0_SX377 /home/sky/kaldi/egs/timit/s5/mfcc/raw_mfcc_train.10.ark:510570
FETB0_SX428 /home/sky/kaldi/egs/timit/s5/mfcc/raw_mfcc_train.1.ark:1318350
MDLB0_SX226 /home/sky/kaldi/egs/timit/s5/mfcc/raw_mfcc_train.5.ark:215262
MKDD0_SX307 /home/sky/kaldi/egs/timit/s5/mfcc/raw_mfcc_train.7.ark:538025
FCAJ0_SI1479 /home/sky/kaldi/egs/timit/s5/mfcc/raw_mfcc_train.1.ark:440021
MEAL0_SX197 /home/sky/kaldi/egs/timit/s5/mfcc/raw_mfcc_train.5.ark:917816
MVLO0_SX67 /home/sky/kaldi/egs/timit/s5/mfcc/raw_mfcc_train.10.ark:1098001
FLHD0_SX84 /home/sky/kaldi/egs/timit/s5/mfcc/raw_mfcc_train.2.ark:925036
MTPG0_SI1383 /home/sky/kaldi/egs/timit/s5/mfcc/raw_mfcc_train.10.ark:742976
MDLR0_SI603 /home/sky/kaldi/egs/timit/s5/mfcc/raw_mfcc_train.5.ark:399215
MDNS0_SX201 /home/sky/kaldi/egs/timit/s5/mfcc/raw_mfcc_train.5.ark:546605
MLEL0_SI1246 /home/sky/kaldi/egs/timit/s5/mfcc/raw_mfcc_train.7.ark:899295
MREM0_SI511 /home/sky/kaldi/egs/timit/s5/mfcc/raw_mfcc_train.8.ark:1355821
MJRH0_SX405 /home/sky/kaldi/egs/timit/s5/mfcc/raw_mfcc_train.7.ark:42126
MFXS0_SX234 /home/sky/kaldi/egs/timit/s5/mfcc/raw_mfcc_train.5.ark:1316003
MTMN0_SI2324 /home/sky/kaldi/egs/timit/s5/mfcc/raw_mfcc_train.10.ark:650396
FSKP0_SI1098 /home/sky/kaldi/egs/timit/s5/mfcc/raw_mfcc_train.3.ark:921042
FBJL0_SI2182 /home/sky/kaldi/egs/timit/s5/mfcc/raw_mfcc_train.1.ark:278959
MJLB0_SI2246 /home/sky/kaldi/egs/timit/s5/mfcc/raw_mfcc_train.6.ark:1169998
MCDD0_SI2143 /home/sky/kaldi/egs/timit/s5/mfcc/raw_mfcc_train.4.ark:797254
MFWK0_SI1879 /home/sky/kaldi/egs/timit/s5/mfcc/raw_mfcc_train.5.ark:1275325
MRCW0_SX201 /home/sky/kaldi/egs/timit/s5/mfcc/raw_mfcc_train.8.ark:1178153
MRRE0_SI952 /home/sky/kaldi/egs/timit/s5/mfcc/raw_mfcc_train.9.ark:645275
FSDC0_SI2234 /home/sky/kaldi/egs/timit/s5/mfcc/raw_mfcc_train.3.ark:635142
MRAB0_SX54 /home/sky/kaldi/egs/timit/s5/mfcc/raw_mfcc_train.8.ark:957266
MRMH0_SI2281 /home/sky/kaldi/egs/timit/s5/mfcc/raw_mfcc_train.9.ark:515852
MEWM0_SX358 /home/sky/kaldi/egs/timit/s5/mfcc/raw_mfcc_train.5.ark:1169187
MRDM0_SI1595 /home/sky/kaldi/egs/timit/s5/mfcc/raw_mfcc_train.8.ark:1226633
FTBR0_SI921 /home/sky/kaldi/egs/timit/s5/mfcc/raw_mfcc_train.3.ark:1222586
MMEA0_SX128 /home/sky/kaldi/egs/timit/s5/mfcc/raw_mfcc_train.7.ark:1483519
MPGR1_SI2129 /home/sky/kaldi/egs/timit/s5/mfcc/raw_mfcc_train.8.ark:649847
MHRM0_SX148 /home/sky/kaldi/egs/timit/s5/mfcc/raw_mfcc_train.6.ark:452824
MDWM0_SI1546 /home/sky/kaldi/egs/timit/s5/mfcc/raw_mfcc_train.5.ark:873686
MWAD0_SI1749 /home/sky/kaldi/egs/timit/s5/mfcc/raw_mfcc_train.10.ark:1173206
FSBK0_SI2329 /home/sky/kaldi/egs/timit/s5/mfcc/raw_mfcc_train.3.ark:558926
FSCN0_SX266 /home/sky/kaldi/egs/timit/s5/mfcc/raw_mfcc_train.3.ark:608773
MMWS0_SX348 /home/sky/kaldi/egs/timit/s5/mfcc/raw_mfcc_train.8.ark:359751
MGAF0_SX292 /home/sky/kaldi/egs/timit/s5/mfcc/raw_mfcc_train.5.ark:1386422
FCAJ0_SX309 /home/sky/kaldi/egs/timit/s5/mfcc/raw_mfcc_train.1.ark:457191
MJRH0_SI1755 /home/sky/kaldi/egs/timit/s5/mfcc/raw_mfcc_train.7.ark:20601
FSDJ0_SI1115 /home/sky/kaldi/egs/timit/s5/mfcc/raw_mfcc_train.3.ark:655932
MRTC0_SX198 /home/sky/kaldi/egs/timit/s5/mfcc/raw_mfcc_train.9.ark:768590
MEFG0_SI465 /home/sky/kaldi/egs/timit/s5/mfcc/raw_mfcc_train.5.ark:960086
MTCS0_SX172 /home/sky/kaldi/egs/timit/s5/mfcc/raw_mfcc_train.10.ark:220239
MCXM0_SX271 /home/sky/kaldi/egs/timit/s5/mfcc/raw_mfcc_train.4.ark:1201297
MMXS0_SX156 /home/sky/kaldi/egs/timit/s5/mfcc/raw_mfcc_train.8.ark:409510
MKRG0_SI2121 /home/sky/kaldi/egs/timit/s5/mfcc/raw_mfcc_train.7.ark:811447
FSMA0_SI1621 /home/sky/kaldi/egs/timit/s5/mfcc/raw_mfcc_train.3.ark:984116
FKAA0_SI578 /home/sky/kaldi/egs/timit/s5/mfcc/raw_mfcc_train.2.ark:468685
MRAI0_SI2052 /home/sky/kaldi/egs/timit/s5/mfcc/raw_mfcc_train.8.ark:996599
MKAM0_SI1250 /home/sky/kaldi/egs/timit/s5/mfcc/raw_mfcc_train.7.ark:448825
MWRE0_SX337 /home/sky/kaldi/egs/timit/s5/mfcc/raw_mfcc_train.10.ark:1369894
MJDE0_SX130 /home/sky/kaldi/egs/timit/s5/mfcc/raw_mfcc_train.6.ark:743910
MTAT1_SX329 /home/sky/kaldi/egs/timit/s5/mfcc/raw_mfcc_train.10.ark:162900
MRWS0_SX112 /home/sky/kaldi/egs/timit/s5/mfcc/raw_mfcc_train.9.ark:893449
MTRT0_SI597 /home/sky/kaldi/egs/timit/s5/mfcc/raw_mfcc_train.10.ark:953750
MAKR0_SX92 /home/sky/kaldi/egs/timit/s5/mfcc/raw_mfcc_train.4.ark:193777
MGAW0_SX85 /home/sky/kaldi/egs/timit/s5/mfcc/raw_mfcc_train.6.ark:52364
MCLM0_SI2086 /home/sky/kaldi/egs/timit/s5/mfcc/raw_mfcc_train.4.ark:1001567
MRGM0_SX262 /home/sky/kaldi/egs/timit/s5/mfcc/raw_mfcc_train.8.ark:1500683
MHJB0_SI2277 /home/sky/kaldi/egs/timit/s5/mfcc/raw_mfcc_train.6.ark:360372
MRLR0_SX206 /home/sky/kaldi/egs/timit/s5/mfcc/raw_mfcc_train.9.ark:429113
FSKP0_SI1728 /home/sky/kaldi/egs/timit/s5/mfcc/raw_mfcc_train.3.ark:926835
MHJB0_SX297 /home/sky/kaldi/egs/timit/s5/mfcc/raw_mfcc_train.6.ark:373490
MRGM0_SX172 /home/sky/kaldi/egs/timit/s5/mfcc/raw_mfcc_train.8.ark:1495268
MMDG0_SX250 /home/sky/kaldi/egs/timit/s5/mfcc/raw_mfcc_train.7.ark:1364426
MPRK0_SX287 /home/sky/kaldi/egs/timit/s5/mfcc/raw_mfcc_train.8.ark:863970
MTAT1_SI779 /home/sky/kaldi/egs/timit/s5/mfcc/raw_mfcc_train.10.ark:146317
FCKE0_SX391 /home/sky/kaldi/egs/timit/s5/mfcc/raw_mfcc_train.1.ark:619508
FTAJ0_SI1329 /home/sky/kaldi/egs/timit/s5/mfcc/raw_mfcc_train.3.ark:1187935
FSGF0_SX387 /home/sky/kaldi/egs/timit/s5/mfcc/raw_mfcc_train.3.ark:712731
MGRL0_SX147 /home/sky/kaldi/egs/timit/s5/mfcc/raw_mfcc_train.6.ark:130899
MJEE0_SX427 /home/sky/kaldi/egs/timit/s5/mfcc/raw_mfcc_train.6.ark:925970
MCAL0_SX328 /home/sky/kaldi/egs/timit/s5/mfcc/raw_mfcc_train.4.ark:749120
MHXL0_SI512 /home/sky/kaldi/egs/timit/s5/mfcc/raw_mfcc_train.6.ark:477163
MMXS0_SX66 /home/sky/kaldi/egs/timit/s5/mfcc/raw_mfcc_train.8.ark:426255
FMJU0_SX399 /home/sky/kaldi/egs/timit/s5/mfcc/raw_mfcc_train.2.ark:1425872
MCEW0_SX452 /home/sky/kaldi/egs/timit/s5/mfcc/raw_mfcc_train.4.ark:921129
MJFR0_SX255 /home/sky/kaldi/egs/timit/s5/mfcc/raw_mfcc_train.6.ark:977563
MRMS0_SX30 /home/sky/kaldi/egs/timit/s5/mfcc/raw_mfcc_train.9.ark:597731
FLOD0_SX117 /home/sky/kaldi/egs/timit/s5/mfcc/raw_mfcc_train.2.ark:1177029
FKLC0_SX175 /home/sky/kaldi/egs/timit/s5/mfcc/raw_mfcc_train.2.ark:649275
MRCW0_SX111 /home/sky/kaldi/egs/timit/s5/mfcc/raw_mfcc_train.8.ark:1175169
FSAH0_SI1244 /home/sky/kaldi/egs/timit/s5/mfcc/raw_mfcc_train.3.ark:485060
MDLH0_SX430 /home/sky/kaldi/egs/timit/s5/mfcc/raw_mfcc_train.5.ark:355189
MDDC0_SX249 /home/sky/kaldi/egs/timit/s5/mfcc/raw_mfcc_train.4.ark:1424202
MRLD0_SX334 /home/sky/kaldi/egs/timit/s5/mfcc/raw_mfcc_train.9.ark:312996
FSKL0_SI2159 /home/sky/kaldi/egs/timit/s5/mfcc/raw_mfcc_train.3.ark:892523
MCPM0_SX204 /home/sky/kaldi/egs/timit/s5/mfcc/raw_mfcc_train.4.ark:1043713
MJDC0_SX351 /home/sky/kaldi/egs/timit/s5/mfcc/raw_mfcc_train.6.ark:716204
FGMB0_SI515 /home/sky/kaldi/egs/timit/s5/mfcc/raw_mfcc_train.1.ark:1443065
MSAT0_SI896 /home/sky/kaldi/egs/timit/s5/mfcc/raw_mfcc_train.9.ark:1012868
MHJB0_SX27 /home/sky/kaldi/egs/timit/s5/mfcc/raw_mfcc_train.6.ark:370805
MCDR0_SX254 /home/sky/kaldi/egs/timit/s5/mfcc/raw_mfcc_train.4.ark:846420
MPGR1_SI1499 /home/sky/kaldi/egs/timit/s5/mfcc/raw_mfcc_train.8.ark:644158
MSAH1_SX419 /home/sky/kaldi/egs/timit/s5/mfcc/raw_mfcc_train.9.ark:963759
FAJW0_SX93 /home/sky/kaldi/egs/timit/s5/mfcc/raw_mfcc_train.1.ark:64116
MPRD0_SI2061 /home/sky/kaldi/egs/timit/s5/mfcc/raw_mfcc_train.8.ark:803637
MMAM0_SX67 /home/sky/kaldi/egs/timit/s5/mfcc/raw_mfcc_train.7.ark:1204183
MWSH0_SX166 /home/sky/kaldi/egs/timit/s5/mfcc/raw_mfcc_train.10.ark:1458708
MDLH0_SX250 /home/sky/kaldi/egs/timit/s5/mfcc/raw_mfcc_train.5.ark:346556
MPPC0_SI782 /home/sky/kaldi/egs/timit/s5/mfcc/raw_mfcc_train.8.ark:737009
FPAC0_SI1921 /home/sky/kaldi/egs/timit/s5/mfcc/raw_mfcc_train.3.ark:119459
FSGF0_SX117 /home/sky/kaldi/egs/timit/s5/mfcc/raw_mfcc_train.3.ark:700432
MSES0_SI2216 /home/sky/kaldi/egs/timit/s5/mfcc/raw_mfcc_train.9.ark:1205580
MJSR0_SX254 /home/sky/kaldi/egs/timit/s5/mfcc/raw_mfcc_train.7.ark:163747
MRJH0_SI889 /home/sky/kaldi/egs/timit/s5/mfcc/raw_mfcc_train.9.ark:120843
MMGG0_SX89 /home/sky/kaldi/egs/timit/s5/mfcc/raw_mfcc_train.8.ark:69364
FHXS0_SI2335 /home/sky/kaldi/egs/timit/s5/mfcc/raw_mfcc_train.2.ark:13
MMDB0_SI1617 /home/sky/kaldi/egs/timit/s5/mfcc/raw_mfcc_train.7.ark:1321864
MDLC2_SX354 /home/sky/kaldi/egs/timit/s5/mfcc/raw_mfcc_train.5.ark:317686
MBAR0_SX59 /home/sky/kaldi/egs/timit/s5/mfcc/raw_mfcc_train.4.ark:320976
FSPM0_SX71 /home/sky/kaldi/egs/timit/s5/mfcc/raw_mfcc_train.3.ark:1118262
MSAT1_SX173 /home/sky/kaldi/egs/timit/s5/mfcc/raw_mfcc_train.9.ark:1043418
MJWT0_SX301 /home/sky/kaldi/egs/timit/s5/mfcc/raw_mfcc_train.7.ark:278571
FVKB0_SI1159 /home/sky/kaldi/egs/timit/s5/mfcc/raw_mfcc_train.3.ark:1371875
MKAM0_SX326 /home/sky/kaldi/egs/timit/s5/mfcc/raw_mfcc_train.7.ark:471976
MCRE0_SX131 /home/sky/kaldi/egs/timit/s5/mfcc/raw_mfcc_train.4.ark:1067671
MWDK0_SX266 /home/sky/kaldi/egs/timit/s5/mfcc/raw_mfcc_train.10.ark:1270160
MJFH0_SI1107 /home/sky/kaldi/egs/timit/s5/mfcc/raw_mfcc_train.6.ark:934681
FDKN0_SX181 /home/sky/kaldi/egs/timit/s5/mfcc/raw_mfcc_train.1.ark:924216
FCAG0_SI1641 /home/sky/kaldi/egs/timit/s5/mfcc/raw_mfcc_train.1.ark:413802
MMGG0_SI2339 /home/sky/kaldi/egs/timit/s5/mfcc/raw_mfcc_train.8.ark:49141
FALR0_SI695 /home/sky/kaldi/egs/timit/s5/mfcc/raw_mfcc_train.1.ark:109381
MSMS0_SX353 /home/sky/kaldi/egs/timit/s5/mfcc/raw_mfcc_train.9.ark:1426209
MSMS0_SI1433 /home/sky/kaldi/egs/timit/s5/mfcc/raw_mfcc_train.9.ark:1404918
MDCM0_SX130 /home/sky/kaldi/egs/timit/s5/mfcc/raw_mfcc_train.4.ark:1389259
FSJK1_SX215 /home/sky/kaldi/egs/timit/s5/mfcc/raw_mfcc_train.3.ark:775173
MJXA0_SX247 /home/sky/kaldi/egs/timit/s5/mfcc/raw_mfcc_train.7.ark:304712
MJPG0_SX291 /home/sky/kaldi/egs/timit/s5/mfcc/raw_mfcc_train.6.ark:1368457
MSAT1_SI1703 /home/sky/kaldi/egs/timit/s5/mfcc/raw_mfcc_train.9.ark:1036305
MJKR0_SX121 /home/sky/kaldi/egs/timit/s5/mfcc/raw_mfcc_train.6.ark:1145424
MDJM0_SX375 /home/sky/kaldi/egs/timit/s5/mfcc/raw_mfcc_train.5.ark:158097
MPGR0_SX240 /home/sky/kaldi/egs/timit/s5/mfcc/raw_mfcc_train.8.ark:625103
FMBG0_SX260 /home/sky/kaldi/egs/timit/s5/mfcc/raw_mfcc_train.2.ark:1272155
FBMH0_SX146 /home/sky/kaldi/egs/timit/s5/mfcc/raw_mfcc_train.1.ark:357491
MRJH0_SX307 /home/sky/kaldi/egs/timit/s5/mfcc/raw_mfcc_train.9.ark:140696
FPJF0_SX56 /home/sky/kaldi/egs/timit/s5/mfcc/raw_mfcc_train.3.ark:285123
MJXL0_SX452 /home/sky/kaldi/egs/timit/s5/mfcc/raw_mfcc_train.7.ark:344823
MDLR0_SX63 /home/sky/kaldi/egs/timit/s5/mfcc/raw_mfcc_train.5.ark:421544
MPGH0_SX384 /home/sky/kaldi/egs/timit/s5/mfcc/raw_mfcc_train.8.ark:609089
FTLG0_SX393 /home/sky/kaldi/egs/timit/s5/mfcc/raw_mfcc_train.3.ark:1307974
FMAH1_SX429 /home/sky/kaldi/egs/timit/s5/mfcc/raw_mfcc_train.2.ark:1251799
FMPG0_SI2232 /home/sky/kaldi/egs/timit/s5/mfcc/raw_mfcc_train.2.ark:1533631
MTAT1_SX59 /home/sky/kaldi/egs/timit/s5/mfcc/raw_mfcc_train.10.ark:173716
MDEM0_SX428 /home/sky/kaldi/egs/timit/s5/mfcc/raw_mfcc_train.5.ark:59042
MSAS0_SX296 /home/sky/kaldi/egs/timit/s5/mfcc/raw_mfcc_train.9.ark:999305
MTPF0_SI1865 /home/sky/kaldi/egs/timit/s5/mfcc/raw_mfcc_train.10.ark:717317
FSLS0_SX156 /home/sky/kaldi/egs/timit/s5/mfcc/raw_mfcc_train.3.ark:965257
FMJU0_SX219 /home/sky/kaldi/egs/timit/s5/mfcc/raw_mfcc_train.2.ark:1413242
MJXL0_SI1795 /home/sky/kaldi/egs/timit/s5/mfcc/raw_mfcc_train.7.ark:326601
MMCC0_SI1338 /home/sky/kaldi/egs/timit/s5/mfcc/raw_mfcc_train.7.ark:1285035
FSBK0_SI1069 /home/sky/kaldi/egs/timit/s5/mfcc/raw_mfcc_train.3.ark:551552
MBBR0_SX155 /home/sky/kaldi/egs/timit/s5/mfcc/raw_mfcc_train.4.ark:335515
MEGJ0_SX167 /home/sky/kaldi/egs/timit/s5/mfcc/raw_mfcc_train.5.ark:1009707
MJXA0_SI2137 /home/sky/kaldi/egs/timit/s5/mfcc/raw_mfcc_train.7.ark:294850
FTAJ0_SX69 /home/sky/kaldi/egs/timit/s5/mfcc/raw_mfcc_train.3.ark:1210096
FLHD0_SI1974 /home/sky/kaldi/egs/timit/s5/mfcc/raw_mfcc_train.2.ark:905138
FSGF0_SX207 /home/sky/kaldi/egs/timit/s5/mfcc/raw_mfcc_train.3.ark:703975
MWAR0_SX55 /home/sky/kaldi/egs/timit/s5/mfcc/raw_mfcc_train.10.ark:1220496
MLEL0_SX256 /home/sky/kaldi/egs/timit/s5/mfcc/raw_mfcc_train.7.ark:918733
MRLJ0_SX160 /home/sky/kaldi/egs/timit/s5/mfcc/raw_mfcc_train.9.ark:334580
FNTB0_SX213 /home/sky/kaldi/egs/timit/s5/mfcc/raw_mfcc_train.3.ark:68856
MBWP0_SI1531 /home/sky/kaldi/egs/timit/s5/mfcc/raw_mfcc_train.4.ark:656841
MJFR0_SI2235 /home/sky/kaldi/egs/timit/s5/mfcc/raw_mfcc_train.6.ark:965179
MCLM0_SX196 /home/sky/kaldi/egs/timit/s5/mfcc/raw_mfcc_train.4.ark:1015647
MKDB0_SI588 /home/sky/kaldi/egs/timit/s5/mfcc/raw_mfcc_train.7.ark:487773
MDPS0_SX89 /home/sky/kaldi/egs/timit/s5/mfcc/raw_mfcc_train.5.ark:649288
MKDT0_SI893 /home/sky/kaldi/egs/timit/s5/mfcc/raw_mfcc_train.7.ark:557430
MRVG0_SI1770 /home/sky/kaldi/egs/timit/s5/mfcc/raw_mfcc_train.9.ark:825513
MRML0_SX71 /home/sky/kaldi/egs/timit/s5/mfcc/raw_mfcc_train.9.ark:572779
MMDM0_SX231 /home/sky/kaldi/egs/timit/s5/mfcc/raw_mfcc_train.7.ark:1397646
MSDB0_SX107 /home/sky/kaldi/egs/timit/s5/mfcc/raw_mfcc_train.9.ark:1073415
FMEM0_SI1377 /home/sky/kaldi/egs/timit/s5/mfcc/raw_mfcc_train.2.ark:1291532
MJWG0_SX265 /home/sky/kaldi/egs/timit/s5/mfcc/raw_mfcc_train.7.ark:204376
MBEF0_SI1281 /home/sky/kaldi/egs/timit/s5/mfcc/raw_mfcc_train.4.ark:384252
MGRP0_SX327 /home/sky/kaldi/egs/timit/s5/mfcc/raw_mfcc_train.6.ark:171010
MRLR0_SX26 /home/sky/kaldi/egs/timit/s5/mfcc/raw_mfcc_train.9.ark:433461
FJRP1_SX172 /home/sky/kaldi/egs/timit/s5/mfcc/raw_mfcc_train.2.ark:271387
FLOD0_SX171 /home/sky/kaldi/egs/timit/s5/mfcc/raw_mfcc_train.2.ark:1180156
MEDR0_SX114 /home/sky/kaldi/egs/timit/s5/mfcc/raw_mfcc_train.5.ark:945206
MWEM0_SX150 /home/sky/kaldi/egs/timit/s5/mfcc/raw_mfcc_train.10.ark:1295002
FPJF0_SX352 /home/sky/kaldi/egs/timit/s5/mfcc/raw_mfcc_train.3.ark:279501
FDMY0_SX117 /home/sky/kaldi/egs/timit/s5/mfcc/raw_mfcc_train.1.ark:997832
MDAS0_SX6 /home/sky/kaldi/egs/timit/s5/mfcc/raw_mfcc_train.4.ark:1272324
FGDP0_SX448 /home/sky/kaldi/egs/timit/s5/mfcc/raw_mfcc_train.1.ark:1421989
FCLT0_SI808 /home/sky/kaldi/egs/timit/s5/mfcc/raw_mfcc_train.1.ark:627747
MMGC0_SX135 /home/sky/kaldi/egs/timit/s5/mfcc/raw_mfcc_train.8.ark:22895
MDKS0_SX436 /home/sky/kaldi/egs/timit/s5/mfcc/raw_mfcc_train.5.ark:186801
FCDR1_SX286 /home/sky/kaldi/egs/timit/s5/mfcc/raw_mfcc_train.1.ark:499777
MHRM0_SI1475 /home/sky/kaldi/egs/timit/s5/mfcc/raw_mfcc_train.6.ark:442558
MCTH0_SX219 /home/sky/kaldi/egs/timit/s5/mfcc/raw_mfcc_train.4.ark:1136859
FCEG0_SX168 /home/sky/kaldi/egs/timit/s5/mfcc/raw_mfcc_train.1.ark:519704
MVRW0_SX315 /home/sky/kaldi/egs/timit/s5/mfcc/raw_mfcc_train.10.ark:1120353
FJSP0_SX174 /home/sky/kaldi/egs/timit/s5/mfcc/raw_mfcc_train.2.ark:342261
MMEA0_SX308 /home/sky/kaldi/egs/timit/s5/mfcc/raw_mfcc_train.7.ark:1489669
MEJL0_SX422 /home/sky/kaldi/egs/timit/s5/mfcc/raw_mfcc_train.5.ark:1051565
MSDB0_SX287 /home/sky/kaldi/egs/timit/s5/mfcc/raw_mfcc_train.9.ark:1080676
FJRB0_SX132 /home/sky/kaldi/egs/timit/s5/mfcc/raw_mfcc_train.2.ark:234670
FKLC0_SX445 /home/sky/kaldi/egs/timit/s5/mfcc/raw_mfcc_train.2.ark:663804
MJRH1_SX64 /home/sky/kaldi/egs/timit/s5/mfcc/raw_mfcc_train.7.ark:78212
MPEB0_SX420 /home/sky/kaldi/egs/timit/s5/mfcc/raw_mfcc_train.8.ark:541071
MREH1_SX69 /home/sky/kaldi/egs/timit/s5/mfcc/raw_mfcc_train.8.ark:1347278
MTRR0_SX288 /home/sky/kaldi/egs/timit/s5/mfcc/raw_mfcc_train.10.ark:933674
FPLS0_SI2220 /home/sky/kaldi/egs/timit/s5/mfcc/raw_mfcc_train.3.ark:291847
MJPM0_SX288 /home/sky/kaldi/egs/timit/s5/mfcc/raw_mfcc_train.6.ark:1399740
MGXP0_SI525 /home/sky/kaldi/egs/timit/s5/mfcc/raw_mfcc_train.6.ark:266407
MTMN0_SX434 /home/sky/kaldi/egs/timit/s5/mfcc/raw_mfcc_train.10.ark:673415
MLBC0_SX429 /home/sky/kaldi/egs/timit/s5/mfcc/raw_mfcc_train.7.ark:891715
MJJJ0_SI533 /home/sky/kaldi/egs/timit/s5/mfcc/raw_mfcc_train.6.ark:1072529
MWAD0_SX252 /home/sky/kaldi/egs/timit/s5/mfcc/raw_mfcc_train.10.ark:1181171
MPEB0_SX60 /home/sky/kaldi/egs/timit/s5/mfcc/raw_mfcc_train.8.ark:545679
MKLN0_SI1598 /home/sky/kaldi/egs/timit/s5/mfcc/raw_mfcc_train.7.ark:646454
FEEH0_SI1742 /home/sky/kaldi/egs/timit/s5/mfcc/raw_mfcc_train.1.ark:1230607
MTPG0_SX213 /home/sky/kaldi/egs/timit/s5/mfcc/raw_mfcc_train.10.ark:759372
MFRM0_SX255 /home/sky/kaldi/egs/timit/s5/mfcc/raw_mfcc_train.5.ark:1257180
FSGF0_SI927 /home/sky/kaldi/egs/timit/s5/mfcc/raw_mfcc_train.3.ark:693431
MAFM0_SX399 /home/sky/kaldi/egs/timit/s5/mfcc/raw_mfcc_train.4.ark:94362
FRLL0_SX434 /home/sky/kaldi/egs/timit/s5/mfcc/raw_mfcc_train.3.ark:439879
FKFB0_SX438 /home/sky/kaldi/egs/timit/s5/mfcc/raw_mfcc_train.2.ark:590812
MRDM0_SI965 /home/sky/kaldi/egs/timit/s5/mfcc/raw_mfcc_train.8.ark:1230020
MRAB1_SX308 /home/sky/kaldi/egs/timit/s5/mfcc/raw_mfcc_train.8.ark:981997
MKLS1_SX375 /home/sky/kaldi/egs/timit/s5/mfcc/raw_mfcc_train.7.ark:768187
MTRC0_SX93 /home/sky/kaldi/egs/timit/s5/mfcc/raw_mfcc_train.10.ark:907975
FBLV0_SX338 /home/sky/kaldi/egs/timit/s5/mfcc/raw_mfcc_train.1.ark:329771
FEAC0_SX255 /home/sky/kaldi/egs/timit/s5/mfcc/raw_mfcc_train.1.ark:1138820
MRMB0_SI951 /home/sky/kaldi/egs/timit/s5/mfcc/raw_mfcc_train.9.ark:450255
MFMC0_SI1762 /home/sky/kaldi/egs/timit/s5/mfcc/raw_mfcc_train.5.ark:1211523
FETB0_SI518 /home/sky/kaldi/egs/timit/s5/mfcc/raw_mfcc_train.1.ark:1302891
FSAG0_SI1953 /home/sky/kaldi/egs/timit/s5/mfcc/raw_mfcc_train.3.ark:451991
FJLR0_SI1861 /home/sky/kaldi/egs/timit/s5/mfcc/raw_mfcc_train.2.ark:197588
MJRK0_SX430 /home/sky/kaldi/egs/timit/s5/mfcc/raw_mfcc_train.7.ark:104757
MJFR0_SX435 /home/sky/kaldi/egs/timit/s5/mfcc/raw_mfcc_train.6.ark:986651
MBMA1_SI2214 /home/sky/kaldi/egs/timit/s5/mfcc/raw_mfcc_train.4.ark:508573
MDAC0_SX271 /home/sky/kaldi/egs/timit/s5/mfcc/raw_mfcc_train.4.ark:1234829
MJWT0_SI1291 /home/sky/kaldi/egs/timit/s5/mfcc/raw_mfcc_train.7.ark:253653
MJWG0_SX445 /home/sky/kaldi/egs/timit/s5/mfcc/raw_mfcc_train.7.ark:212086
MVLO0_SI1777 /home/sky/kaldi/egs/timit/s5/mfcc/raw_mfcc_train.10.ark:1074105
MPRD0_SX171 /home/sky/kaldi/egs/timit/s5/mfcc/raw_mfcc_train.8.ark:813375
MRSO0_SX309 /home/sky/kaldi/egs/timit/s5/mfcc/raw_mfcc_train.9.ark:697952
FDAW0_SX416 /home/sky/kaldi/egs/timit/s5/mfcc/raw_mfcc_train.1.ark:844569
MTQC0_SX271 /home/sky/kaldi/egs/timit/s5/mfcc/raw_mfcc_train.10.ark:861983
MCHL0_SX357 /home/sky/kaldi/egs/timit/s5/mfcc/raw_mfcc_train.4.ark:952861
MGSL0_SX84 /home/sky/kaldi/egs/timit/s5/mfcc/raw_mfcc_train.6.ark:251695
FKDW0_SX127 /home/sky/kaldi/egs/timit/s5/mfcc/raw_mfcc_train.2.ark:549043
FKLH0_SX357 /home/sky/kaldi/egs/timit/s5/mfcc/raw_mfcc_train.2.ark:723855
FDML0_SI1149 /home/sky/kaldi/egs/timit/s5/mfcc/raw_mfcc_train.1.ark:947950
MGSH0_SI1176 /home/sky/kaldi/egs/timit/s5/mfcc/raw_mfcc_train.6.ark:185955
MMGK0_SX242 /home/sky/kaldi/egs/timit/s5/mfcc/raw_mfcc_train.8.ark:84286
FEAC0_SX345 /home/sky/kaldi/egs/timit/s5/mfcc/raw_mfcc_train.1.ark:1142246
MJDG0_SX52 /home/sky/kaldi/egs/timit/s5/mfcc/raw_mfcc_train.6.ark:796619
MMAA0_SX215 /home/sky/kaldi/egs/timit/s5/mfcc/raw_mfcc_train.7.ark:1093790
MAFM0_SI2199 /home/sky/kaldi/egs/timit/s5/mfcc/raw_mfcc_train.4.ark:72754
FLKM0_SX116 /home/sky/kaldi/egs/timit/s5/mfcc/raw_mfcc_train.2.ark:1048932
MDNS0_SI1011 /home/sky/kaldi/egs/timit/s5/mfcc/raw_mfcc_train.5.ark:527479
FLAC0_SX91 /home/sky/kaldi/egs/timit/s5/mfcc/raw_mfcc_train.2.ark:794949
MJWG0_SX355 /home/sky/kaldi/egs/timit/s5/mfcc/raw_mfcc_train.7.ark:208530
FRJB0_SI1470 /home/sky/kaldi/egs/timit/s5/mfcc/raw_mfcc_train.3.ark:388762
FKLC1_SX58 /home/sky/kaldi/egs/timit/s5/mfcc/raw_mfcc_train.2.ark:698851
FBAS0_SX397 /home/sky/kaldi/egs/timit/s5/mfcc/raw_mfcc_train.1.ark:202676
MCSS0_SX30 /home/sky/kaldi/egs/timit/s5/mfcc/raw_mfcc_train.4.ark:1110977
MJEB0_SX26 /home/sky/kaldi/egs/timit/s5/mfcc/raw_mfcc_train.6.ark:858079
MBCG0_SI486 /home/sky/kaldi/egs/timit/s5/mfcc/raw_mfcc_train.4.ark:357566
FVMH0_SX296 /home/sky/kaldi/egs/timit/s5/mfcc/raw_mfcc_train.3.ark:1429564
MDLC0_SX315 /home/sky/kaldi/egs/timit/s5/mfcc/raw_mfcc_train.5.ark:256679
FCAG0_SI2133 /home/sky/kaldi/egs/timit/s5/mfcc/raw_mfcc_train.1.ark:415851
MRAM0_SX15 /home/sky/kaldi/egs/timit/s5/mfcc/raw_mfcc_train.8.ark:1046402
MRHL0_SX255 /home/sky/kaldi/egs/timit/s5/mfcc/raw_mfcc_train.9.ark:62406
FDTD0_SI2191 /home/sky/kaldi/egs/timit/s5/mfcc/raw_mfcc_train.1.ark:1061555
MJRG0_SX16 /home/sky/kaldi/egs/timit/s5/mfcc/raw_mfcc_train.7.ark:11
MDLM0_SI1234 /home/sky/kaldi/egs/timit/s5/mfcc/raw_mfcc_train.5.ark:362093
MTBC0_SX363 /home/sky/kaldi/egs/timit/s5/mfcc/raw_mfcc_train.10.ark:200898
MREM0_SX241 /home/sky/kaldi/egs/timit/s5/mfcc/raw_mfcc_train.8.ark:1368881
FVMH0_SX26 /home/sky/kaldi/egs/timit/s5/mfcc/raw_mfcc_train.3.ark:1426762
MRAB1_SI1478 /home/sky/kaldi/egs/timit/s5/mfcc/raw_mfcc_train.8.ark:961434
MDCM0_SX40 /home/sky/kaldi/egs/timit/s5/mfcc/raw_mfcc_train.4.ark:1400797
MAJP0_SI1704 /home/sky/kaldi/egs/timit/s5/mfcc/raw_mfcc_train.4.ark:100527
MPGH0_SI924 /home/sky/kaldi/egs/timit/s5/mfcc/raw_mfcc_train.8.ark:594456
FMPG0_SX342 /home/sky/kaldi/egs/timit/s5/mfcc/raw_mfcc_train.3.ark:3828
FJSP0_SI804 /home/sky/kaldi/egs/timit/s5/mfcc/raw_mfcc_train.2.ark:338900
FNTB0_SI1203 /home/sky/kaldi/egs/timit/s5/mfcc/raw_mfcc_train.3.ark:51525
MKES0_SX353 /home/sky/kaldi/egs/timit/s5/mfcc/raw_mfcc_train.7.ark:605166
MJWG0_SI2155 /home/sky/kaldi/egs/timit/s5/mfcc/raw_mfcc_train.7.ark:181156
MRVG0_SX60 /home/sky/kaldi/egs/timit/s5/mfcc/raw_mfcc_train.9.ark:846471
MMDM1_SX243 /home/sky/kaldi/egs/timit/s5/mfcc/raw_mfcc_train.7.ark:1428110
MTRR0_SX198 /home/sky/kaldi/egs/timit/s5/mfcc/raw_mfcc_train.10.ark:930222
MBEF0_SI651 /home/sky/kaldi/egs/timit/s5/mfcc/raw_mfcc_train.4.ark:391781
FGRW0_SX252 /home/sky/kaldi/egs/timit/s5/mfcc/raw_mfcc_train.1.ark:1490782
MSDB0_SI2267 /home/sky/kaldi/egs/timit/s5/mfcc/raw_mfcc_train.9.ark:1070730
MAEB0_SI2250 /home/sky/kaldi/egs/timit/s5/mfcc/raw_mfcc_train.4.ark:13333
FLMC0_SI1372 /home/sky/kaldi/egs/timit/s5/mfcc/raw_mfcc_train.2.ark:1100504
MJFR0_SX165 /home/sky/kaldi/egs/timit/s5/mfcc/raw_mfcc_train.6.ark:972837
MJSR0_SX344 /home/sky/kaldi/egs/timit/s5/mfcc/raw_mfcc_train.7.ark:167823
MCEW0_SX362 /home/sky/kaldi/egs/timit/s5/mfcc/raw_mfcc_train.4.ark:915038
FLMK0_SI2295 /home/sky/kaldi/egs/timit/s5/mfcc/raw_mfcc_train.2.ark:1142346
MREH1_SX339 /home/sky/kaldi/egs/timit/s5/mfcc/raw_mfcc_train.8.ark:1338919
MKRG0_SI861 /home/sky/kaldi/egs/timit/s5/mfcc/raw_mfcc_train.7.ark:816355
MRJB1_SI2021 /home/sky/kaldi/egs/timit/s5/mfcc/raw_mfcc_train.9.ark:88268
MABC0_SI1620 /home/sky/kaldi/egs/timit/s5/mfcc/raw_mfcc_train.3.ark:1435390
FJXM0_SI1211 /home/sky/kaldi/egs/timit/s5/mfcc/raw_mfcc_train.2.ark:393767
MWAC0_SX341 /home/sky/kaldi/egs/timit/s5/mfcc/raw_mfcc_train.10.ark:1155328
MRPC1_SX312 /home/sky/kaldi/egs/timit/s5/mfcc/raw_mfcc_train.9.ark:622711
FECD0_SX248 /home/sky/kaldi/egs/timit/s5/mfcc/raw_mfcc_train.1.ark:1208562
MEFG0_SX15 /home/sky/kaldi/egs/timit/s5/mfcc/raw_mfcc_train.5.ark:979210
MCRE0_SX24 /home/sky/kaldi/egs/timit/s5/mfcc/raw_mfcc_train.4.ark:1075484
FSMM0_SX324 /home/sky/kaldi/egs/timit/s5/mfcc/raw_mfcc_train.3.ark:1038458
FGDP0_SX268 /home/sky/kaldi/egs/timit/s5/mfcc/raw_mfcc_train.1.ark:1412615
FLMA0_SX433 /home/sky/kaldi/egs/timit/s5/mfcc/raw_mfcc_train.2.ark:1092976
MHBS0_SX405 /home/sky/kaldi/egs/timit/s5/mfcc/raw_mfcc_train.6.ark:314421
FSGF0_SI2187 /home/sky/kaldi/egs/timit/s5/mfcc/raw_mfcc_train.3.ark:688081
MGAG0_SX241 /home/sky/kaldi/egs/timit/s5/mfcc/raw_mfcc_train.5.ark:1410723
FLOD0_SX387 /home/sky/kaldi/egs/timit/s5/mfcc/raw_mfcc_train.2.ark:1190720
MJAC0_SI1331 /home/sky/kaldi/egs/timit/s5/mfcc/raw_mfcc_train.6.ark:536026
MMEB0_SI727 /home/sky/kaldi/egs/timit/s5/mfcc/raw_mfcc_train.7.ark:1508230
MFMC0_SX322 /home/sky/kaldi/egs/timit/s5/mfcc/raw_mfcc_train.5.ark:1229335
MWGR0_SI976 /home/sky/kaldi/egs/timit/s5/mfcc/raw_mfcc_train.10.ark:1325511
MSMS0_SI803 /home/sky/kaldi/egs/timit/s5/mfcc/raw_mfcc_train.9.ark:1413916
FCRZ0_SX343 /home/sky/kaldi/egs/timit/s5/mfcc/raw_mfcc_train.1.ark:738362
MKLN0_SI968 /home/sky/kaldi/egs/timit/s5/mfcc/raw_mfcc_train.7.ark:654087
MRKM0_SX7 /home/sky/kaldi/egs/timit/s5/mfcc/raw_mfcc_train.9.ark:286244
MDWH0_SX35 /home/sky/kaldi/egs/timit/s5/mfcc/raw_mfcc_train.5.ark:864662
MRMH0_SX391 /home/sky/kaldi/egs/timit/s5/mfcc/raw_mfcc_train.9.ark:533046
MJMM0_SI1885 /home/sky/kaldi/egs/timit/s5/mfcc/raw_mfcc_train.6.ark:1321904
MMAR0_SI1336 /home/sky/kaldi/egs/timit/s5/mfcc/raw_mfcc_train.7.ark:1208286
MRLD0_SX154 /home/sky/kaldi/egs/timit/s5/mfcc/raw_mfcc_train.9.ark:306573
FMKC0_SX82 /home/sky/kaldi/egs/timit/s5/mfcc/raw_mfcc_train.2.ark:1458820
MEFG0_SI491 /home/sky/kaldi/egs/timit/s5/mfcc/raw_mfcc_train.5.ark:963811
FALK0_SX366 /home/sky/kaldi/egs/timit/s5/mfcc/raw_mfcc_train.1.ark:89353
FJKL0_SX302 /home/sky/kaldi/egs/timit/s5/mfcc/raw_mfcc_train.2.ark:148790
MRLR0_SX386 /home/sky/kaldi/egs/timit/s5/mfcc/raw_mfcc_train.9.ark:440092
FREH0_SX325 /home/sky/kaldi/egs/timit/s5/mfcc/raw_mfcc_train.3.ark:375954
FKDW0_SX307 /home/sky/kaldi/egs/timit/s5/mfcc/raw_mfcc_train.2.ark:554244
FSJW0_SI1333 /home/sky/kaldi/egs/timit/s5/mfcc/raw_mfcc_train.3.ark:824281
MWRP0_SX3 /home/sky/kaldi/egs/timit/s5/mfcc/raw_mfcc_train.10.ark:1404478
MRLJ0_SI1420 /home/sky/kaldi/egs/timit/s5/mfcc/raw_mfcc_train.9.ark:322286
FSLS0_SX66 /home/sky/kaldi/egs/timit/s5/mfcc/raw_mfcc_train.3.ark:980455
MJAI0_SX344 /home/sky/kaldi/egs/timit/s5/mfcc/raw_mfcc_train.6.ark:625629
MSDB0_SI1007 /home/sky/kaldi/egs/timit/s5/mfcc/raw_mfcc_train.9.ark:1063070
MBGT0_SX171 /home/sky/kaldi/egs/timit/s5/mfcc/raw_mfcc_train.4.ark:423500
MMDM1_SX423 /home/sky/kaldi/egs/timit/s5/mfcc/raw_mfcc_train.7.ark:1437523
MRFK0_SX446 /home/sky/kaldi/egs/timit/s5/mfcc/raw_mfcc_train.8.ark:1436870
FSMS1_SX154 /home/sky/kaldi/egs/timit/s5/mfcc/raw_mfcc_train.3.ark:1065658
FAEM0_SI2022 /home/sky/kaldi/egs/timit/s5/mfcc/raw_mfcc_train.1.ark:6313
MRDD0_SX150 /home/sky/kaldi/egs/timit/s5/mfcc/raw_mfcc_train.8.ark:1202891
MADC0_SX287 /home/sky/kaldi/egs/timit/s5/mfcc/raw_mfcc_train.3.ark:1489192
MTML0_SX255 /home/sky/kaldi/egs/timit/s5/mfcc/raw_mfcc_train.10.ark:629118
FJLR0_SI601 /home/sky/kaldi/egs/timit/s5/mfcc/raw_mfcc_train.2.ark:199922
MESG0_SX72 /home/sky/kaldi/egs/timit/s5/mfcc/raw_mfcc_train.5.ark:1120767
MSRG0_SX51 /home/sky/kaldi/egs/timit/s5/mfcc/raw_mfcc_train.9.ark:1464200
FECD0_SX338 /home/sky/kaldi/egs/timit/s5/mfcc/raw_mfcc_train.1.ark:1212638
MHBS0_SX315 /home/sky/kaldi/egs/timit/s5/mfcc/raw_mfcc_train.6.ark:311099
MDEF0_SI1563 /home/sky/kaldi/egs/timit/s5/mfcc/raw_mfcc_train.5.ark:6547
MFMC0_SX232 /home/sky/kaldi/egs/timit/s5/mfcc/raw_mfcc_train.5.ark:1224336
FMBG0_SX440 /home/sky/kaldi/egs/timit/s5/mfcc/raw_mfcc_train.2.ark:1283653
MMDG0_SX340 /home/sky/kaldi/egs/timit/s5/mfcc/raw_mfcc_train.7.ark:1369087
FVFB0_SI1032 /home/sky/kaldi/egs/timit/s5/mfcc/raw_mfcc_train.3.ark:1342879
FDXW0_SX251 /home/sky/kaldi/egs/timit/s5/mfcc/raw_mfcc_train.1.ark:1106705
MKXL0_SX195 /home/sky/kaldi/egs/timit/s5/mfcc/raw_mfcc_train.7.ark:858175
MTER0_SX77 /home/sky/kaldi/egs/timit/s5/mfcc/raw_mfcc_train.10.ark:342663
FGDP0_SI2248 /home/sky/kaldi/egs/timit/s5/mfcc/raw_mfcc_train.1.ark:1397683
MTLC0_SX127 /home/sky/kaldi/egs/timit/s5/mfcc/raw_mfcc_train.10.ark:597034
MVJH0_SX296 /home/sky/kaldi/egs/timit/s5/mfcc/raw_mfcc_train.10.ark:1063838
MGSL0_SI797 /home/sky/kaldi/egs/timit/s5/mfcc/raw_mfcc_train.6.ark:228248
MCEW0_SX182 /home/sky/kaldi/egs/timit/s5/mfcc/raw_mfcc_train.4.ark:906977
MBJV0_SI1247 /home/sky/kaldi/egs/timit/s5/mfcc/raw_mfcc_train.4.ark:445362
MDJM0_SX15 /home/sky/kaldi/egs/timit/s5/mfcc/raw_mfcc_train.5.ark:148183
MPRB0_SX35 /home/sky/kaldi/egs/timit/s5/mfcc/raw_mfcc_train.8.ark:790497
MRLK0_SI843 /home/sky/kaldi/egs/timit/s5/mfcc/raw_mfcc_train.9.ark:391407
MMAR0_SX166 /home/sky/kaldi/egs/timit/s5/mfcc/raw_mfcc_train.7.ark:1222712
MDBB1_SX16 /home/sky/kaldi/egs/timit/s5/mfcc/raw_mfcc_train.4.ark:1295143
MRDS0_SX87 /home/sky/kaldi/egs/timit/s5/mfcc/raw_mfcc_train.8.ark:1278770
FAJW0_SX183 /home/sky/kaldi/egs/timit/s5/mfcc/raw_mfcc_train.1.ark:49518
MRAB1_SI848 /home/sky/kaldi/egs/timit/s5/mfcc/raw_mfcc_train.8.ark:969067
FLOD0_SI1287 /home/sky/kaldi/egs/timit/s5/mfcc/raw_mfcc_train.2.ark:1164735
FKSR0_SX37 /home/sky/kaldi/egs/timit/s5/mfcc/raw_mfcc_train.2.ark:760955
FJXP0_SX42 /home/sky/kaldi/egs/timit/s5/mfcc/raw_mfcc_train.2.ark:457703
MBOM0_SX204 /home/sky/kaldi/egs/timit/s5/mfcc/raw_mfcc_train.4.ark:584161
MJRG0_SX106 /home/sky/kaldi/egs/timit/s5/mfcc/raw_mfcc_train.6.ark:1484690
MAPV0_SI1293 /home/sky/kaldi/egs/timit/s5/mfcc/raw_mfcc_train.4.ark:196658
MRMB0_SX51 /home/sky/kaldi/egs/timit/s5/mfcc/raw_mfcc_train.9.ark:470244
FLMA0_SX73 /home/sky/kaldi/egs/timit/s5/mfcc/raw_mfcc_train.2.ark:1097376
MRXB0_SX325 /home/sky/kaldi/egs/timit/s5/mfcc/raw_mfcc_train.9.ark:931805
FSJS0_SX181 /home/sky/kaldi/egs/timit/s5/mfcc/raw_mfcc_train.3.ark:802276
MAJP0_SX264 /home/sky/kaldi/egs/timit/s5/mfcc/raw_mfcc_train.4.ark:116292
FGMB0_SX335 /home/sky/kaldi/egs/timit/s5/mfcc/raw_mfcc_train.1.ark:1456450
MAPV0_SI1923 /home/sky/kaldi/egs/timit/s5/mfcc/raw_mfcc_train.4.ark:203101
MJMD0_SI1028 /home/sky/kaldi/egs/timit/s5/mfcc/raw_mfcc_train.6.ark:1288116
FAJW0_SI1263 /home/sky/kaldi/egs/timit/s5/mfcc/raw_mfcc_train.1.ark:32804
MRJM1_SX38 /home/sky/kaldi/egs/timit/s5/mfcc/raw_mfcc_train.9.ark:211368
MRLK0_SI2140 /home/sky/kaldi/egs/timit/s5/mfcc/raw_mfcc_train.9.ark:386226
FDFB0_SI2010 /home/sky/kaldi/egs/timit/s5/mfcc/raw_mfcc_train.1.ark:859614
FKDE0_SX151 /home/sky/kaldi/egs/timit/s5/mfcc/raw_mfcc_train.2.ark:511286
FBAS0_SX217 /home/sky/kaldi/egs/timit/s5/mfcc/raw_mfcc_train.1.ark:193725
MAKR0_SX182 /home/sky/kaldi/egs/timit/s5/mfcc/raw_mfcc_train.4.ark:181920
FPAD0_SX176 /home/sky/kaldi/egs/timit/s5/mfcc/raw_mfcc_train.3.ark:168613
MCHL0_SI1977 /home/sky/kaldi/egs/timit/s5/mfcc/raw_mfcc_train.4.ark:943103
FJXP0_SI492 /home/sky/kaldi/egs/timit/s5/mfcc/raw_mfcc_train.2.ark:439885
MSMR0_SX415 /home/sky/kaldi/egs/timit/s5/mfcc/raw_mfcc_train.9.ark:1397871
FLAC0_SX271 /home/sky/kaldi/egs/timit/s5/mfcc/raw_mfcc_train.2.ark:783515
MRKM0_SX97 /home/sky/kaldi/egs/timit/s5/mfcc/raw_mfcc_train.9.ark:290748
MLSH0_SX247 /home/sky/kaldi/egs/timit/s5/mfcc/raw_mfcc_train.7.ark:1056943
FETB0_SX248 /home/sky/kaldi/egs/timit/s5/mfcc/raw_mfcc_train.1.ark:1310549
MMEB0_SI1987 /home/sky/kaldi/egs/timit/s5/mfcc/raw_mfcc_train.7.ark:1505376
FKAA0_SI1208 /home/sky/kaldi/egs/timit/s5/mfcc/raw_mfcc_train.2.ark:460636
FNTB0_SI679 /home/sky/kaldi/egs/timit/s5/mfcc/raw_mfcc_train.3.ark:58273
MGRL0_SI1497 /home/sky/kaldi/egs/timit/s5/mfcc/raw_mfcc_train.6.ark:118865
FEAC0_SX165 /home/sky/kaldi/egs/timit/s5/mfcc/raw_mfcc_train.1.ark:1134068
MJAC0_SI701 /home/sky/kaldi/egs/timit/s5/mfcc/raw_mfcc_train.6.ark:542528
MTLC0_SI847 /home/sky/kaldi/egs/timit/s5/mfcc/raw_mfcc_train.10.ark:593491
MBGT0_SI1341 /home/sky/kaldi/egs/timit/s5/mfcc/raw_mfcc_train.4.ark:410660
MADD0_SI538 /home/sky/kaldi/egs/timit/s5/mfcc/raw_mfcc_train.3.ark:1504744
MDSJ0_SI2092 /home/sky/kaldi/egs/timit/s5/mfcc/raw_mfcc_train.5.ark:694965
MDWD0_SX90 /home/sky/kaldi/egs/timit/s5/mfcc/raw_mfcc_train.5.ark:832294
FJEN0_SX57 /home/sky/kaldi/egs/timit/s5/mfcc/raw_mfcc_train.2.ark:92437
MKAM0_SI1465 /home/sky/kaldi/egs/timit/s5/mfcc/raw_mfcc_train.7.ark:458539
MAKB0_SX296 /home/sky/kaldi/egs/timit/s5/mfcc/raw_mfcc_train.4.ark:165399
FLMC0_SX112 /home/sky/kaldi/egs/timit/s5/mfcc/raw_mfcc_train.2.ark:1112278
FDFB0_SI1318 /home/sky/kaldi/egs/timit/s5/mfcc/raw_mfcc_train.1.ark:852123
MJMM0_SX85 /home/sky/kaldi/egs/timit/s5/mfcc/raw_mfcc_train.6.ark:1343226
MPRT0_SI580 /home/sky/kaldi/egs/timit/s5/mfcc/raw_mfcc_train.8.ark:881614
MKDT0_SX173 /home/sky/kaldi/egs/timit/s5/mfcc/raw_mfcc_train.7.ark:561350
MKRG0_SX51 /home/sky/kaldi/egs/timit/s5/mfcc/raw_mfcc_train.7.ark:833639
MZMB0_SX356 /home/sky/kaldi/egs/timit/s5/mfcc/raw_mfcc_train.10.ark:1502693
FPAF0_SX334 /home/sky/kaldi/egs/timit/s5/mfcc/raw_mfcc_train.3.ark:211871
MLJH0_SI1324 /home/sky/kaldi/egs/timit/s5/mfcc/raw_mfcc_train.7.ark:968647
MJLB0_SX86 /home/sky/kaldi/egs/timit/s5/mfcc/raw_mfcc_train.6.ark:1191138
FALR0_SI1325 /home/sky/kaldi/egs/timit/s5/mfcc/raw_mfcc_train.1.ark:101592
FAEM0_SI762 /home/sky/kaldi/egs/timit/s5/mfcc/raw_mfcc_train.1.ark:9349
FTBR0_SX381 /home/sky/kaldi/egs/timit/s5/mfcc/raw_mfcc_train.3.ark:1241730
MMDM0_SI1941 /home/sky/kaldi/egs/timit/s5/mfcc/raw_mfcc_train.7.ark:1387537
FKDW0_SX37 /home/sky/kaldi/egs/timit/s5/mfcc/raw_mfcc_train.2.ark:556811
MDPK0_SX333 /home/sky/kaldi/egs/timit/s5/mfcc/raw_mfcc_train.5.ark:610998
MMSM0_SX296 /home/sky/kaldi/egs/timit/s5/mfcc/raw_mfcc_train.8.ark:252856
MTDB0_SI771 /home/sky/kaldi/egs/timit/s5/mfcc/raw_mfcc_train.10.ark:249149
MKDB0_SI872 /home/sky/kaldi/egs/timit/s5/mfcc/raw_mfcc_train.7.ark:490874
MPPC0_SX422 /home/sky/kaldi/egs/timit/s5/mfcc/raw_mfcc_train.8.ark:752338
MDJM0_SI1455 /home/sky/kaldi/egs/timit/s5/mfcc/raw_mfcc_train.5.ark:130709
FPAB1_SX31 /home/sky/kaldi/egs/timit/s5/mfcc/raw_mfcc_train.3.ark:113295
MPFU0_SX88 /home/sky/kaldi/egs/timit/s5/mfcc/raw_mfcc_train.8.ark:579263
MSJK0_SX336 /home/sky/kaldi/egs/timit/s5/mfcc/raw_mfcc_train.9.ark:1326459
FALK0_SI658 /home/sky/kaldi/egs/timit/s5/mfcc/raw_mfcc_train.1.ark:76033
MHXL0_SI1772 /home/sky/kaldi/egs/timit/s5/mfcc/raw_mfcc_train.6.ark:473347
MCDC0_SI1292 /home/sky/kaldi/egs/timit/s5/mfcc/raw_mfcc_train.4.ark:763948
MFRM0_SX165 /home/sky/kaldi/egs/timit/s5/mfcc/raw_mfcc_train.5.ark:1253403
MWDK0_SI806 /home/sky/kaldi/egs/timit/s5/mfcc/raw_mfcc_train.10.ark:1260890
FSJG0_SI2200 /home/sky/kaldi/egs/timit/s5/mfcc/raw_mfcc_train.3.ark:721327
MRFK0_SI1076 /home/sky/kaldi/egs/timit/s5/mfcc/raw_mfcc_train.8.ark:1414596
MSAT1_SI2333 /home/sky/kaldi/egs/timit/s5/mfcc/raw_mfcc_train.9.ark:1039875
MSTF0_SX226 /home/sky/kaldi/egs/timit/s5/mfcc/raw_mfcc_train.9.ark:1518268
MMRP0_SI774 /home/sky/kaldi/egs/timit/s5/mfcc/raw_mfcc_train.8.ark:197158
MDEF0_SX123 /home/sky/kaldi/egs/timit/s5/mfcc/raw_mfcc_train.5.ark:13439
MDJM0_SX105 /home/sky/kaldi/egs/timit/s5/mfcc/raw_mfcc_train.5.ark:145161
MDLR0_SX423 /home/sky/kaldi/egs/timit/s5/mfcc/raw_mfcc_train.5.ark:416793
MTPP0_SX338 /home/sky/kaldi/egs/timit/s5/mfcc/raw_mfcc_train.10.ark:791104
MTJG0_SI2157 /home/sky/kaldi/egs/timit/s5/mfcc/raw_mfcc_train.10.ark:349140
FDJH0_SI1565 /home/sky/kaldi/egs/timit/s5/mfcc/raw_mfcc_train.1.ark:880027
MMAR0_SX76 /home/sky/kaldi/egs/timit/s5/mfcc/raw_mfcc_train.7.ark:1244007
MMEB0_SX367 /home/sky/kaldi/egs/timit/s5/mfcc/raw_mfcc_train.8.ark:12
MPSW0_SX257 /home/sky/kaldi/egs/timit/s5/mfcc/raw_mfcc_train.8.ark:918768
MPAR0_SX46 /home/sky/kaldi/egs/timit/s5/mfcc/raw_mfcc_train.8.ark:518036
FCAG0_SX333 /home/sky/kaldi/egs/timit/s5/mfcc/raw_mfcc_train.1.ark:426753
MJJM0_SI1457 /home/sky/kaldi/egs/timit/s5/mfcc/raw_mfcc_train.6.ark:1104689
FREH0_SI1315 /home/sky/kaldi/egs/timit/s5/mfcc/raw_mfcc_train.3.ark:356171
MGSL0_SX444 /home/sky/kaldi/egs/timit/s5/mfcc/raw_mfcc_train.6.ark:246892
MGAF0_SI1282 /home/sky/kaldi/egs/timit/s5/mfcc/raw_mfcc_train.5.ark:1365424
FSJW0_SI1963 /home/sky/kaldi/egs/timit/s5/mfcc/raw_mfcc_train.3.ark:831153
MRWS0_SX22 /home/sky/kaldi/egs/timit/s5/mfcc/raw_mfcc_train.9.ark:898961
MJWG0_SX85 /home/sky/kaldi/egs/timit/s5/mfcc/raw_mfcc_train.7.ark:215394
MCXM0_SI721 /home/sky/kaldi/egs/timit/s5/mfcc/raw_mfcc_train.4.ark:1193210
FJSK0_SI1052 /home/sky/kaldi/egs/timit/s5/mfcc/raw_mfcc_train.2.ark:298137
MRDM0_SX155 /home/sky/kaldi/egs/timit/s5/mfcc/raw_mfcc_train.8.ark:1233706
MREH1_SI1599 /home/sky/kaldi/egs/timit/s5/mfcc/raw_mfcc_train.8.ark:1314352
FLMC0_SX292 /home/sky/kaldi/egs/timit/s5/mfcc/raw_mfcc_train.2.ark:1119155
MDCD0_SX155 /home/sky/kaldi/egs/timit/s5/mfcc/raw_mfcc_train.4.ark:1357105
MLJH0_SX334 /home/sky/kaldi/egs/timit/s5/mfcc/raw_mfcc_train.7.ark:997907
MDRD0_SX122 /home/sky/kaldi/egs/timit/s5/mfcc/raw_mfcc_train.5.ark:666985
MJEB0_SX386 /home/sky/kaldi/egs/timit/s5/mfcc/raw_mfcc_train.6.ark:864515
MLSH0_SX67 /home/sky/kaldi/egs/timit/s5/mfcc/raw_mfcc_train.7.ark:1069898
MRCG0_SX258 /home/sky/kaldi/egs/timit/s5/mfcc/raw_mfcc_train.8.ark:1140292
MSDS0_SI1077 /home/sky/kaldi/egs/timit/s5/mfcc/raw_mfcc_train.9.ark:1119267
MJDM0_SI1340 /home/sky/kaldi/egs/timit/s5/mfcc/raw_mfcc_train.6.ark:800410
FDFB0_SX328 /home/sky/kaldi/egs/timit/s5/mfcc/raw_mfcc_train.1.ark:868280
MRDD0_SX240 /home/sky/kaldi/egs/timit/s5/mfcc/raw_mfcc_train.8.ark:1205628
MGAK0_SI1036 /home/sky/kaldi/egs/timit/s5/mfcc/raw_mfcc_train.5.ark:1423582
MRHL0_SX75 /home/sky/kaldi/egs/timit/s5/mfcc/raw_mfcc_train.9.ark:73632
MRJT0_SI1805 /home/sky/kaldi/egs/timit/s5/mfcc/raw_mfcc_train.9.ark:223741
MGRL0_SX327 /home/sky/kaldi/egs/timit/s5/mfcc/raw_mfcc_train.6.ark:136022
MSTF0_SX46 /home/sky/kaldi/egs/timit/s5/mfcc/raw_mfcc_train.10.ark:11
MMDM0_SI681 /home/sky/kaldi/egs/timit/s5/mfcc/raw_mfcc_train.7.ark:1390066
MBMA1_SX234 /home/sky/kaldi/egs/timit/s5/mfcc/raw_mfcc_train.4.ark:522062
MJJJ0_SX173 /home/sky/kaldi/egs/timit/s5/mfcc/raw_mfcc_train.6.ark:1077320
MTJM0_SX146 /home/sky/kaldi/egs/timit/s5/mfcc/raw_mfcc_train.10.ark:393398
FKFB0_SI978 /home/sky/kaldi/egs/timit/s5/mfcc/raw_mfcc_train.2.ark:573403
MCDR0_SX434 /home/sky/kaldi/egs/timit/s5/mfcc/raw_mfcc_train.4.ark:852609
MWCH0_SI1622 /home/sky/kaldi/egs/timit/s5/mfcc/raw_mfcc_train.10.ark:1224911
MDWH0_SX395 /home/sky/kaldi/egs/timit/s5/mfcc/raw_mfcc_train.5.ark:868361
MJLG1_SX382 /home/sky/kaldi/egs/timit/s5/mfcc/raw_mfcc_train.6.ark:1220160
MZMB0_SX86 /home/sky/kaldi/egs/timit/s5/mfcc/raw_mfcc_train.10.ark:1510662
MBSB0_SI723 /home/sky/kaldi/egs/timit/s5/mfcc/raw_mfcc_train.4.ark:605031
FCJS0_SX167 /home/sky/kaldi/egs/timit/s5/mfcc/raw_mfcc_train.1.ark:571233
MARC0_SI558 /home/sky/kaldi/egs/timit/s5/mfcc/raw_mfcc_train.4.ark:236770
FLET0_SX57 /home/sky/kaldi/egs/timit/s5/mfcc/raw_mfcc_train.2.ark:895585
MEWM0_SI1348 /home/sky/kaldi/egs/timit/s5/mfcc/raw_mfcc_train.5.ark:1151406
MDWH0_SI1925 /home/sky/kaldi/egs/timit/s5/mfcc/raw_mfcc_train.5.ark:841787
MRWA0_SX343 /home/sky/kaldi/egs/timit/s5/mfcc/raw_mfcc_train.9.ark:868810
FLAG0_SX114 /home/sky/kaldi/egs/timit/s5/mfcc/raw_mfcc_train.2.ark:814193
FMJB0_SI547 /home/sky/kaldi/egs/timit/s5/mfcc/raw_mfcc_train.2.ark:1339055
MMDS0_SI1343 /home/sky/kaldi/egs/timit/s5/mfcc/raw_mfcc_train.7.ark:1446221
FKAA0_SX38 /home/sky/kaldi/egs/timit/s5/mfcc/raw_mfcc_train.2.ark:486067
MPAR0_SX136 /home/sky/kaldi/egs/timit/s5/mfcc/raw_mfcc_train.8.ark:503033
MSMS0_SX443 /home/sky/kaldi/egs/timit/s5/mfcc/raw_mfcc_train.9.ark:1430103
MJRH1_SX424 /home/sky/kaldi/egs/timit/s5/mfcc/raw_mfcc_train.7.ark:74475
FVKB0_SX349 /home/sky/kaldi/egs/timit/s5/mfcc/raw_mfcc_train.3.ark:1390462
MPGH0_SX294 /home/sky/kaldi/egs/timit/s5/mfcc/raw_mfcc_train.8.ark:606313
FJRP1_SI1432 /home/sky/kaldi/egs/timit/s5/mfcc/raw_mfcc_train.2.ark:256610
MDEM0_SX248 /home/sky/kaldi/egs/timit/s5/mfcc/raw_mfcc_train.5.ark:49603
MRLJ0_SX340 /home/sky/kaldi/egs/timit/s5/mfcc/raw_mfcc_train.9.ark:342238
FKFB0_SX348 /home/sky/kaldi/egs/timit/s5/mfcc/raw_mfcc_train.2.ark:585878
MCLM0_SI826 /home/sky/kaldi/egs/timit/s5/mfcc/raw_mfcc_train.4.ark:1005253
MKDD0_SI2197 /home/sky/kaldi/egs/timit/s5/mfcc/raw_mfcc_train.7.ark:521552
MRAV0_SI1008 /home/sky/kaldi/egs/timit/s5/mfcc/raw_mfcc_train.8.ark:1061485
MBAR0_SX419 /home/sky/kaldi/egs/timit/s5/mfcc/raw_mfcc_train.4.ark:317057
MLBC0_SX339 /home/sky/kaldi/egs/timit/s5/mfcc/raw_mfcc_train.7.ark:888393
FLET0_SX237 /home/sky/kaldi/egs/timit/s5/mfcc/raw_mfcc_train.2.ark:886387
MGSH0_SX127 /home/sky/kaldi/egs/timit/s5/mfcc/raw_mfcc_train.6.ark:201889
MJEB1_SX297 /home/sky/kaldi/egs/timit/s5/mfcc/raw_mfcc_train.6.ark:894582
MJMA0_SX415 /home/sky/kaldi/egs/timit/s5/mfcc/raw_mfcc_train.6.ark:1281316
