MSMS0_SX443 /home/sky/kaldi/egs/timit/s5/mfcc/raw_mfcc_train.9.ark:1430103
MAJP0_SX84 /home/sky/kaldi/egs/timit/s5/mfcc/raw_mfcc_train.4.ark:129000
FTAJ0_SX339 /home/sky/kaldi/egs/timit/s5/mfcc/raw_mfcc_train.3.ark:1204233
MSDS0_SX267 /home/sky/kaldi/egs/timit/s5/mfcc/raw_mfcc_train.9.ark:1139200
MSDS0_SX177 /home/sky/kaldi/egs/timit/s5/mfcc/raw_mfcc_train.9.ark:1136372
MTJM0_SX326 /home/sky/kaldi/egs/timit/s5/mfcc/raw_mfcc_train.10.ark:399600
MJDA0_SX401 /home/sky/kaldi/egs/timit/s5/mfcc/raw_mfcc_train.6.ark:687814
MCRE0_SI1725 /home/sky/kaldi/egs/timit/s5/mfcc/raw_mfcc_train.4.ark:1060350
MRDM0_SI965 /home/sky/kaldi/egs/timit/s5/mfcc/raw_mfcc_train.8.ark:1230020
MDBP0_SX168 /home/sky/kaldi/egs/timit/s5/mfcc/raw_mfcc_train.4.ark:1323313
FCMM0_SI1083 /home/sky/kaldi/egs/timit/s5/mfcc/raw_mfcc_train.1.ark:688583
MTPP0_SX68 /home/sky/kaldi/egs/timit/s5/mfcc/raw_mfcc_train.10.ark:799463
MLNS0_SX57 /home/sky/kaldi/egs/timit/s5/mfcc/raw_mfcc_train.7.ark:1037185
MJJB0_SI1769 /home/sky/kaldi/egs/timit/s5/mfcc/raw_mfcc_train.6.ark:1036865
MFXV0_SX105 /home/sky/kaldi/egs/timit/s5/mfcc/raw_mfcc_train.5.ark:1348593
MAKB0_SX206 /home/sky/kaldi/egs/timit/s5/mfcc/raw_mfcc_train.4.ark:158223
FMJU0_SX399 /home/sky/kaldi/egs/timit/s5/mfcc/raw_mfcc_train.2.ark:1425872
MMGC0_SI1305 /home/sky/kaldi/egs/timit/s5/mfcc/raw_mfcc_train.8.ark:10301
MRCG0_SI1428 /home/sky/kaldi/egs/timit/s5/mfcc/raw_mfcc_train.8.ark:1121803
MRTJ0_SI2032 /home/sky/kaldi/egs/timit/s5/mfcc/raw_mfcc_train.9.ark:785845
FKLC1_SI2308 /home/sky/kaldi/egs/timit/s5/mfcc/raw_mfcc_train.2.ark:679889
FHXS0_SI1075 /home/sky/kaldi/egs/timit/s5/mfcc/raw_mfcc_train.1.ark:1541321
MDAC0_SX361 /home/sky/kaldi/egs/timit/s5/mfcc/raw_mfcc_train.4.ark:1238086
FMAH1_SI1509 /home/sky/kaldi/egs/timit/s5/mfcc/raw_mfcc_train.2.ark:1228148
FBMH0_SX236 /home/sky/kaldi/egs/timit/s5/mfcc/raw_mfcc_train.1.ark:360956
FBLV0_SX338 /home/sky/kaldi/egs/timit/s5/mfcc/raw_mfcc_train.1.ark:329771
FLKM0_SX80 /home/sky/kaldi/egs/timit/s5/mfcc/raw_mfcc_train.2.ark:1068797
MRCG0_SX438 /home/sky/kaldi/egs/timit/s5/mfcc/raw_mfcc_train.8.ark:1150485
MMRP0_SX414 /home/sky/kaldi/egs/timit/s5/mfcc/raw_mfcc_train.8.ark:216816
FKLH0_SX177 /home/sky/kaldi/egs/timit/s5/mfcc/raw_mfcc_train.2.ark:716639
FMBG0_SX260 /home/sky/kaldi/egs/timit/s5/mfcc/raw_mfcc_train.2.ark:1272155
MMXS0_SX246 /home/sky/kaldi/egs/timit/s5/mfcc/raw_mfcc_train.8.ark:413287
MSDS0_SI1707 /home/sky/kaldi/egs/timit/s5/mfcc/raw_mfcc_train.9.ark:1126841
FCLT0_SX178 /home/sky/kaldi/egs/timit/s5/mfcc/raw_mfcc_train.1.ark:633617
MRMG0_SX270 /home/sky/kaldi/egs/timit/s5/mfcc/raw_mfcc_train.9.ark:489977
MJPM0_SX198 /home/sky/kaldi/egs/timit/s5/mfcc/raw_mfcc_train.6.ark:1395144
FCJF0_SX307 /home/sky/kaldi/egs/timit/s5/mfcc/raw_mfcc_train.1.ark:554407
MJPM1_SX41 /home/sky/kaldi/egs/timit/s5/mfcc/raw_mfcc_train.6.ark:1435151
MRRE0_SI952 /home/sky/kaldi/egs/timit/s5/mfcc/raw_mfcc_train.9.ark:645275
FJXM0_SI1971 /home/sky/kaldi/egs/timit/s5/mfcc/raw_mfcc_train.2.ark:398078
MRMG0_SX90 /home/sky/kaldi/egs/timit/s5/mfcc/raw_mfcc_train.9.ark:502724
MDSS1_SI697 /home/sky/kaldi/egs/timit/s5/mfcc/raw_mfcc_train.5.ark:754938
MDRD0_SI752 /home/sky/kaldi/egs/timit/s5/mfcc/raw_mfcc_train.5.ark:659620
MPRK0_SI1097 /home/sky/kaldi/egs/timit/s5/mfcc/raw_mfcc_train.8.ark:834899
MTDP0_SX81 /home/sky/kaldi/egs/timit/s5/mfcc/raw_mfcc_train.10.ark:308690
FMJB0_SX367 /home/sky/kaldi/egs/timit/s5/mfcc/raw_mfcc_train.2.ark:1349164
FPAC0_SX301 /home/sky/kaldi/egs/timit/s5/mfcc/raw_mfcc_train.3.ark:143350
FAEM0_SI1392 /home/sky/kaldi/egs/timit/s5/mfcc/raw_mfcc_train.1.ark:13
MMVP0_SI1284 /home/sky/kaldi/egs/timit/s5/mfcc/raw_mfcc_train.8.ark:260177
MPRD0_SI801 /home/sky/kaldi/egs/timit/s5/mfcc/raw_mfcc_train.8.ark:806088
MDRD0_SI1382 /home/sky/kaldi/egs/timit/s5/mfcc/raw_mfcc_train.5.ark:652598
MSRG0_SX51 /home/sky/kaldi/egs/timit/s5/mfcc/raw_mfcc_train.9.ark:1464200
MTDP0_SI2151 /home/sky/kaldi/egs/timit/s5/mfcc/raw_mfcc_train.10.ark:282552
FAEM0_SI762 /home/sky/kaldi/egs/timit/s5/mfcc/raw_mfcc_train.1.ark:9349
MSEM1_SI1440 /home/sky/kaldi/egs/timit/s5/mfcc/raw_mfcc_train.9.ark:1158377
FSKL0_SX269 /home/sky/kaldi/egs/timit/s5/mfcc/raw_mfcc_train.3.ark:905713
MKES0_SX353 /home/sky/kaldi/egs/timit/s5/mfcc/raw_mfcc_train.7.ark:605166
MDCD0_SX335 /home/sky/kaldi/egs/timit/s5/mfcc/raw_mfcc_train.4.ark:1364438
MCAE0_SX7 /home/sky/kaldi/egs/timit/s5/mfcc/raw_mfcc_train.4.ark:723239
FSJG0_SX310 /home/sky/kaldi/egs/timit/s5/mfcc/raw_mfcc_train.3.ark:744196
MGAW0_SI1165 /home/sky/kaldi/egs/timit/s5/mfcc/raw_mfcc_train.6.ark:24547
MBML0_SX269 /home/sky/kaldi/egs/timit/s5/mfcc/raw_mfcc_train.4.ark:554541
MAJP0_SX444 /home/sky/kaldi/egs/timit/s5/mfcc/raw_mfcc_train.4.ark:124704
MDEF0_SI2193 /home/sky/kaldi/egs/timit/s5/mfcc/raw_mfcc_train.5.ark:10208
FKDE0_SX151 /home/sky/kaldi/egs/timit/s5/mfcc/raw_mfcc_train.2.ark:511286
MMXS0_SX426 /home/sky/kaldi/egs/timit/s5/mfcc/raw_mfcc_train.8.ark:421764
MAKB0_SI2276 /home/sky/kaldi/egs/timit/s5/mfcc/raw_mfcc_train.4.ark:146002
MMBS0_SI521 /home/sky/kaldi/egs/timit/s5/mfcc/raw_mfcc_train.7.ark:1254690
MRLJ1_SX411 /home/sky/kaldi/egs/timit/s5/mfcc/raw_mfcc_train.9.ark:373217
MTLC0_SI1313 /home/sky/kaldi/egs/timit/s5/mfcc/raw_mfcc_train.10.ark:581685
MCHL0_SI1404 /home/sky/kaldi/egs/timit/s5/mfcc/raw_mfcc_train.4.ark:937687
MEGJ0_SI1967 /home/sky/kaldi/egs/timit/s5/mfcc/raw_mfcc_train.5.ark:1002309
FMPG0_SI2232 /home/sky/kaldi/egs/timit/s5/mfcc/raw_mfcc_train.2.ark:1533631
MLSH0_SX247 /home/sky/kaldi/egs/timit/s5/mfcc/raw_mfcc_train.7.ark:1056943
FCYL0_SX127 /home/sky/kaldi/egs/timit/s5/mfcc/raw_mfcc_train.1.ark:764847
MSFV0_SX92 /home/sky/kaldi/egs/timit/s5/mfcc/raw_mfcc_train.9.ark:1300831
MJMA0_SX145 /home/sky/kaldi/egs/timit/s5/mfcc/raw_mfcc_train.6.ark:1272104
MMDG0_SI2035 /home/sky/kaldi/egs/timit/s5/mfcc/raw_mfcc_train.7.ark:1351977
MVLO0_SX67 /home/sky/kaldi/egs/timit/s5/mfcc/raw_mfcc_train.10.ark:1098001
MWAR0_SX145 /home/sky/kaldi/egs/timit/s5/mfcc/raw_mfcc_train.10.ark:1206845
MTAS0_SX35 /home/sky/kaldi/egs/timit/s5/mfcc/raw_mfcc_train.10.ark:101328
MKDD0_SX37 /home/sky/kaldi/egs/timit/s5/mfcc/raw_mfcc_train.7.ark:540384
FLEH0_SI2311 /home/sky/kaldi/egs/timit/s5/mfcc/raw_mfcc_train.2.ark:844430
FKFB0_SI2238 /home/sky/kaldi/egs/timit/s5/mfcc/raw_mfcc_train.2.ark:570432
MSAH1_SX419 /home/sky/kaldi/egs/timit/s5/mfcc/raw_mfcc_train.9.ark:963759
MREW1_SX420 /home/sky/kaldi/egs/timit/s5/mfcc/raw_mfcc_train.8.ark:1405586
MKLN0_SI2228 /home/sky/kaldi/egs/timit/s5/mfcc/raw_mfcc_train.7.ark:650999
FJXM0_SX221 /home/sky/kaldi/egs/timit/s5/mfcc/raw_mfcc_train.2.ark:409032
MSVS0_SX218 /home/sky/kaldi/egs/timit/s5/mfcc/raw_mfcc_train.10.ark:24306
MJXA0_SX337 /home/sky/kaldi/egs/timit/s5/mfcc/raw_mfcc_train.7.ark:309607
MJLS0_SX106 /home/sky/kaldi/egs/timit/s5/mfcc/raw_mfcc_train.6.ark:1239170
MRGS0_SI1986 /home/sky/kaldi/egs/timit/s5/mfcc/raw_mfcc_train.9.ark:17038
MMEA0_SX128 /home/sky/kaldi/egs/timit/s5/mfcc/raw_mfcc_train.7.ark:1483519
MDDC0_SX429 /home/sky/kaldi/egs/timit/s5/mfcc/raw_mfcc_train.4.ark:1430482
FGRW0_SI1990 /home/sky/kaldi/egs/timit/s5/mfcc/raw_mfcc_train.1.ark:1481824
MTJS0_SX202 /home/sky/kaldi/egs/timit/s5/mfcc/raw_mfcc_train.10.ark:432293
MESG0_SX162 /home/sky/kaldi/egs/timit/s5/mfcc/raw_mfcc_train.5.ark:1103203
FDMY0_SX117 /home/sky/kaldi/egs/timit/s5/mfcc/raw_mfcc_train.1.ark:997832
MJJM0_SX17 /home/sky/kaldi/egs/timit/s5/mfcc/raw_mfcc_train.6.ark:1116721
MWDK0_SI1436 /home/sky/kaldi/egs/timit/s5/mfcc/raw_mfcc_train.10.ark:1252373
MRJT0_SX148 /home/sky/kaldi/egs/timit/s5/mfcc/raw_mfcc_train.9.ark:231815
MWDK0_SI806 /home/sky/kaldi/egs/timit/s5/mfcc/raw_mfcc_train.10.ark:1260890
MTRC0_SI993 /home/sky/kaldi/egs/timit/s5/mfcc/raw_mfcc_train.10.ark:890924
MMDG0_SI1780 /home/sky/kaldi/egs/timit/s5/mfcc/raw_mfcc_train.7.ark:1345547
MRJM1_SI1298 /home/sky/kaldi/egs/timit/s5/mfcc/raw_mfcc_train.9.ark:186821
FTBR0_SX201 /home/sky/kaldi/egs/timit/s5/mfcc/raw_mfcc_train.3.ark:1231479
FPAF0_SI2314 /home/sky/kaldi/egs/timit/s5/mfcc/raw_mfcc_train.3.ark:201008
MTPF0_SX425 /home/sky/kaldi/egs/timit/s5/mfcc/raw_mfcc_train.10.ark:738061
MTWH1_SX72 /home/sky/kaldi/egs/timit/s5/mfcc/raw_mfcc_train.10.ark:999029
MJAC0_SX307 /home/sky/kaldi/egs/timit/s5/mfcc/raw_mfcc_train.6.ark:554008
MWSB0_SI2256 /home/sky/kaldi/egs/timit/s5/mfcc/raw_mfcc_train.10.ark:1418300
MDCD0_SX155 /home/sky/kaldi/egs/timit/s5/mfcc/raw_mfcc_train.4.ark:1357105
MLEL0_SX436 /home/sky/kaldi/egs/timit/s5/mfcc/raw_mfcc_train.7.ark:927912
MWAC0_SX341 /home/sky/kaldi/egs/timit/s5/mfcc/raw_mfcc_train.10.ark:1155328
MJBG0_SX62 /home/sky/kaldi/egs/timit/s5/mfcc/raw_mfcc_train.6.ark:664024
MJWS0_SX423 /home/sky/kaldi/egs/timit/s5/mfcc/raw_mfcc_train.7.ark:244903
MKAH0_SX178 /home/sky/kaldi/egs/timit/s5/mfcc/raw_mfcc_train.7.ark:399476
FLKM0_SI686 /home/sky/kaldi/egs/timit/s5/mfcc/raw_mfcc_train.2.ark:1046611
MREH1_SX429 /home/sky/kaldi/egs/timit/s5/mfcc/raw_mfcc_train.8.ark:1342943
FSKP0_SX108 /home/sky/kaldi/egs/timit/s5/mfcc/raw_mfcc_train.3.ark:933830
MRHL0_SX345 /home/sky/kaldi/egs/timit/s5/mfcc/raw_mfcc_train.9.ark:65546
MRLD0_SX154 /home/sky/kaldi/egs/timit/s5/mfcc/raw_mfcc_train.9.ark:306573
MMDM0_SX411 /home/sky/kaldi/egs/timit/s5/mfcc/raw_mfcc_train.7.ark:1404628
MADD0_SX88 /home/sky/kaldi/egs/timit/s5/mfcc/raw_mfcc_train.4.ark:3489
MJPG0_SX381 /home/sky/kaldi/egs/timit/s5/mfcc/raw_mfcc_train.6.ark:1371194
MRDS0_SX447 /home/sky/kaldi/egs/timit/s5/mfcc/raw_mfcc_train.8.ark:1275735
MPRT0_SI580 /home/sky/kaldi/egs/timit/s5/mfcc/raw_mfcc_train.8.ark:881614
FSDC0_SI1942 /home/sky/kaldi/egs/timit/s5/mfcc/raw_mfcc_train.3.ark:631624
MSRR0_SX231 /home/sky/kaldi/egs/timit/s5/mfcc/raw_mfcc_train.9.ark:1487351
MMWB0_SI2249 /home/sky/kaldi/egs/timit/s5/mfcc/raw_mfcc_train.8.ark:303221
FVMH0_SI2096 /home/sky/kaldi/egs/timit/s5/mfcc/raw_mfcc_train.3.ark:1410641
MDDC0_SX159 /home/sky/kaldi/egs/timit/s5/mfcc/raw_mfcc_train.4.ark:1420243
FPAB1_SX211 /home/sky/kaldi/egs/timit/s5/mfcc/raw_mfcc_train.3.ark:104130
MAEO0_SI1655 /home/sky/kaldi/egs/timit/s5/mfcc/raw_mfcc_train.4.ark:44460
MDMA0_SI1238 /home/sky/kaldi/egs/timit/s5/mfcc/raw_mfcc_train.5.ark:459543
FJLG0_SI1506 /home/sky/kaldi/egs/timit/s5/mfcc/raw_mfcc_train.2.ark:159822
FSSB0_SX272 /home/sky/kaldi/egs/timit/s5/mfcc/raw_mfcc_train.3.ark:1169070
MWAR0_SI1675 /home/sky/kaldi/egs/timit/s5/mfcc/raw_mfcc_train.10.ark:1200044
FSSB0_SI2342 /home/sky/kaldi/egs/timit/s5/mfcc/raw_mfcc_train.3.ark:1163193
FLAG0_SX384 /home/sky/kaldi/egs/timit/s5/mfcc/raw_mfcc_train.2.ark:831237
MMGG0_SX269 /home/sky/kaldi/egs/timit/s5/mfcc/raw_mfcc_train.8.ark:56305
FSBK0_SX79 /home/sky/kaldi/egs/timit/s5/mfcc/raw_mfcc_train.3.ark:582256
MRCG0_SX258 /home/sky/kaldi/egs/timit/s5/mfcc/raw_mfcc_train.8.ark:1140292
MDLC2_SI984 /home/sky/kaldi/egs/timit/s5/mfcc/raw_mfcc_train.5.ark:304236
MRJT0_SI868 /home/sky/kaldi/egs/timit/s5/mfcc/raw_mfcc_train.9.ark:225984
MJEE0_SI607 /home/sky/kaldi/egs/timit/s5/mfcc/raw_mfcc_train.6.ark:910771
MFRM0_SI1155 /home/sky/kaldi/egs/timit/s5/mfcc/raw_mfcc_train.5.ark:1241082
MPRD0_SX441 /home/sky/kaldi/egs/timit/s5/mfcc/raw_mfcc_train.8.ark:827618
MMGK0_SX422 /home/sky/kaldi/egs/timit/s5/mfcc/raw_mfcc_train.8.ark:90514
MKES0_SX443 /home/sky/kaldi/egs/timit/s5/mfcc/raw_mfcc_train.7.ark:610048
MMXS0_SI629 /home/sky/kaldi/egs/timit/s5/mfcc/raw_mfcc_train.8.ark:401748
MJDM0_SX440 /home/sky/kaldi/egs/timit/s5/mfcc/raw_mfcc_train.6.ark:827779
FSRH0_SX311 /home/sky/kaldi/egs/timit/s5/mfcc/raw_mfcc_train.3.ark:1138599
MSMR0_SX145 /home/sky/kaldi/egs/timit/s5/mfcc/raw_mfcc_train.9.ark:1386904
FHLM0_SX210 /home/sky/kaldi/egs/timit/s5/mfcc/raw_mfcc_train.1.ark:1523261
MJWT0_SX121 /home/sky/kaldi/egs/timit/s5/mfcc/raw_mfcc_train.7.ark:270172
MCTH0_SI1839 /home/sky/kaldi/egs/timit/s5/mfcc/raw_mfcc_train.4.ark:1125593
MKAG0_SX30 /home/sky/kaldi/egs/timit/s5/mfcc/raw_mfcc_train.7.ark:377021
MMWB0_SX359 /home/sky/kaldi/egs/timit/s5/mfcc/raw_mfcc_train.8.ark:324803
MBAR0_SI689 /home/sky/kaldi/egs/timit/s5/mfcc/raw_mfcc_train.4.ark:298660
MJDA0_SX311 /home/sky/kaldi/egs/timit/s5/mfcc/raw_mfcc_train.6.ark:683166
MWAD0_SI1749 /home/sky/kaldi/egs/timit/s5/mfcc/raw_mfcc_train.10.ark:1173206
MKLN0_SX248 /home/sky/kaldi/egs/timit/s5/mfcc/raw_mfcc_train.7.ark:662005
MRSP0_SI2059 /home/sky/kaldi/egs/timit/s5/mfcc/raw_mfcc_train.9.ark:718040
MKAH0_SI2158 /home/sky/kaldi/egs/timit/s5/mfcc/raw_mfcc_train.7.ark:392351
MLNS0_SX147 /home/sky/kaldi/egs/timit/s5/mfcc/raw_mfcc_train.7.ark:1022221
FJEN0_SI2307 /home/sky/kaldi/egs/timit/s5/mfcc/raw_mfcc_train.2.ark:67560
FSBK0_SX439 /home/sky/kaldi/egs/timit/s5/mfcc/raw_mfcc_train.3.ark:577245
MLBC0_SX339 /home/sky/kaldi/egs/timit/s5/mfcc/raw_mfcc_train.7.ark:888393
MNTW0_SI1068 /home/sky/kaldi/egs/timit/s5/mfcc/raw_mfcc_train.8.ark:457830
MDBP0_SX438 /home/sky/kaldi/egs/timit/s5/mfcc/raw_mfcc_train.4.ark:1335203
MTJM0_SX236 /home/sky/kaldi/egs/timit/s5/mfcc/raw_mfcc_train.10.ark:396616
MTCS0_SX442 /home/sky/kaldi/egs/timit/s5/mfcc/raw_mfcc_train.10.ark:232480
MGES0_SI851 /home/sky/kaldi/egs/timit/s5/mfcc/raw_mfcc_train.6.ark:59173
MTMT0_SX128 /home/sky/kaldi/egs/timit/s5/mfcc/raw_mfcc_train.10.ark:694017
MRLR0_SI566 /home/sky/kaldi/egs/timit/s5/mfcc/raw_mfcc_train.9.ark:421793
MDNS0_SX291 /home/sky/kaldi/egs/timit/s5/mfcc/raw_mfcc_train.5.ark:553248
FLMC0_SX336 /home/sky/kaldi/egs/timit/s5/mfcc/raw_mfcc_train.2.ark:1123686
MMWS0_SX348 /home/sky/kaldi/egs/timit/s5/mfcc/raw_mfcc_train.8.ark:359751
FSKP0_SI1098 /home/sky/kaldi/egs/timit/s5/mfcc/raw_mfcc_train.3.ark:921042
MPMB0_SX241 /home/sky/kaldi/egs/timit/s5/mfcc/raw_mfcc_train.8.ark:703725
FJHK0_SI2282 /home/sky/kaldi/egs/timit/s5/mfcc/raw_mfcc_train.2.ark:102510
MHXL0_SX152 /home/sky/kaldi/egs/timit/s5/mfcc/raw_mfcc_train.6.ark:484340
FTLG0_SX303 /home/sky/kaldi/egs/timit/s5/mfcc/raw_mfcc_train.3.ark:1301500
MKXL0_SI1815 /home/sky/kaldi/egs/timit/s5/mfcc/raw_mfcc_train.7.ark:840168
MREM0_SX151 /home/sky/kaldi/egs/timit/s5/mfcc/raw_mfcc_train.8.ark:1364896
MARW0_SI1276 /home/sky/kaldi/egs/timit/s5/mfcc/raw_mfcc_train.4.ark:257911
MJLB0_SX266 /home/sky/kaldi/egs/timit/s5/mfcc/raw_mfcc_train.6.ark:1180952
MTJU0_SI760 /home/sky/kaldi/egs/timit/s5/mfcc/raw_mfcc_train.10.ark:456139
MDED0_SX360 /home/sky/kaldi/egs/timit/s5/mfcc/raw_mfcc_train.4.ark:1459808
MRMH0_SI2281 /home/sky/kaldi/egs/timit/s5/mfcc/raw_mfcc_train.9.ark:515852
FKLH0_SX447 /home/sky/kaldi/egs/timit/s5/mfcc/raw_mfcc_train.2.ark:728763
MDLR1_SI1299 /home/sky/kaldi/egs/timit/s5/mfcc/raw_mfcc_train.5.ark:425140
MMAB1_SX144 /home/sky/kaldi/egs/timit/s5/mfcc/raw_mfcc_train.7.ark:1121153
FDAW0_SX326 /home/sky/kaldi/egs/timit/s5/mfcc/raw_mfcc_train.1.ark:840727
MGRL0_SX417 /home/sky/kaldi/egs/timit/s5/mfcc/raw_mfcc_train.6.ark:143257
MKAG0_SX79 /home/sky/kaldi/egs/timit/s5/mfcc/raw_mfcc_train.7.ark:384418
FGDP0_SX88 /home/sky/kaldi/egs/timit/s5/mfcc/raw_mfcc_train.1.ark:1426376
MFWK0_SX79 /home/sky/kaldi/egs/timit/s5/mfcc/raw_mfcc_train.5.ark:1299754
FSJW0_SX433 /home/sky/kaldi/egs/timit/s5/mfcc/raw_mfcc_train.3.ark:850064
FGDP0_SX448 /home/sky/kaldi/egs/timit/s5/mfcc/raw_mfcc_train.1.ark:1421989
MMDM0_SX321 /home/sky/kaldi/egs/timit/s5/mfcc/raw_mfcc_train.7.ark:1399863
MDWM0_SI2176 /home/sky/kaldi/egs/timit/s5/mfcc/raw_mfcc_train.5.ark:877308
MAKR0_SX92 /home/sky/kaldi/egs/timit/s5/mfcc/raw_mfcc_train.4.ark:193777
MJEB1_SI1467 /home/sky/kaldi/egs/timit/s5/mfcc/raw_mfcc_train.6.ark:867578
MKRG0_SI1491 /home/sky/kaldi/egs/timit/s5/mfcc/raw_mfcc_train.7.ark:806291
MJEB0_SX206 /home/sky/kaldi/egs/timit/s5/mfcc/raw_mfcc_train.6.ark:853601
FMEM0_SX297 /home/sky/kaldi/egs/timit/s5/mfcc/raw_mfcc_train.2.ark:1312563
MREM0_SI1591 /home/sky/kaldi/egs/timit/s5/mfcc/raw_mfcc_train.8.ark:1351927
MGRP0_SX57 /home/sky/kaldi/egs/timit/s5/mfcc/raw_mfcc_train.6.ark:181670
MJHI0_SX428 /home/sky/kaldi/egs/timit/s5/mfcc/raw_mfcc_train.6.ark:1020286
MJHI0_SX248 /home/sky/kaldi/egs/timit/s5/mfcc/raw_mfcc_train.6.ark:1013096
MTKP0_SX213 /home/sky/kaldi/egs/timit/s5/mfcc/raw_mfcc_train.10.ark:535385
MESJ0_SI2039 /home/sky/kaldi/egs/timit/s5/mfcc/raw_mfcc_train.5.ark:1123063
MMDG0_SI520 /home/sky/kaldi/egs/timit/s5/mfcc/raw_mfcc_train.7.ark:1354805
MTDB0_SI771 /home/sky/kaldi/egs/timit/s5/mfcc/raw_mfcc_train.10.ark:249149
FEAR0_SX172 /home/sky/kaldi/egs/timit/s5/mfcc/raw_mfcc_train.1.ark:1164844
FJWB1_SI748 /home/sky/kaldi/egs/timit/s5/mfcc/raw_mfcc_train.2.ark:366691
MBBR0_SX155 /home/sky/kaldi/egs/timit/s5/mfcc/raw_mfcc_train.4.ark:335515
MMAM0_SI2227 /home/sky/kaldi/egs/timit/s5/mfcc/raw_mfcc_train.7.ark:1188211
MJWT0_SX211 /home/sky/kaldi/egs/timit/s5/mfcc/raw_mfcc_train.7.ark:274352
MTML0_SI1065 /home/sky/kaldi/egs/timit/s5/mfcc/raw_mfcc_train.10.ark:610836
MDSJ0_SI1462 /home/sky/kaldi/egs/timit/s5/mfcc/raw_mfcc_train.5.ark:689172
FSKC0_SX426 /home/sky/kaldi/egs/timit/s5/mfcc/raw_mfcc_train.3.ark:881139
FPAZ0_SI1593 /home/sky/kaldi/egs/timit/s5/mfcc/raw_mfcc_train.3.ark:223332
FDXW0_SX251 /home/sky/kaldi/egs/timit/s5/mfcc/raw_mfcc_train.1.ark:1106705
MRLD0_SI964 /home/sky/kaldi/egs/timit/s5/mfcc/raw_mfcc_train.9.ark:301756
MTPF0_SX335 /home/sky/kaldi/egs/timit/s5/mfcc/raw_mfcc_train.10.ark:732932
FJRB0_SX402 /home/sky/kaldi/egs/timit/s5/mfcc/raw_mfcc_train.2.ark:247418
MPEB0_SX420 /home/sky/kaldi/egs/timit/s5/mfcc/raw_mfcc_train.8.ark:541071
MDCM0_SX130 /home/sky/kaldi/egs/timit/s5/mfcc/raw_mfcc_train.4.ark:1389259
FRLL0_SX434 /home/sky/kaldi/egs/timit/s5/mfcc/raw_mfcc_train.3.ark:439879
FSJK1_SX125 /home/sky/kaldi/egs/timit/s5/mfcc/raw_mfcc_train.3.ark:772111
MPRK0_SX287 /home/sky/kaldi/egs/timit/s5/mfcc/raw_mfcc_train.8.ark:863970
MTLB0_SX234 /home/sky/kaldi/egs/timit/s5/mfcc/raw_mfcc_train.10.ark:564068
MCLK0_SX220 /home/sky/kaldi/egs/timit/s5/mfcc/raw_mfcc_train.4.ark:982408
MCXM0_SX271 /home/sky/kaldi/egs/timit/s5/mfcc/raw_mfcc_train.4.ark:1201297
MAEB0_SI1411 /home/sky/kaldi/egs/timit/s5/mfcc/raw_mfcc_train.4.ark:7891
FBCH0_SX326 /home/sky/kaldi/egs/timit/s5/mfcc/raw_mfcc_train.1.ark:261393
MAEO0_SX336 /home/sky/kaldi/egs/timit/s5/mfcc/raw_mfcc_train.4.ark:57853
MKDD0_SX127 /home/sky/kaldi/egs/timit/s5/mfcc/raw_mfcc_train.7.ark:532967
MRJH0_SX439 /home/sky/kaldi/egs/timit/s5/mfcc/raw_mfcc_train.9.ark:143134
FMKF0_SI906 /home/sky/kaldi/egs/timit/s5/mfcc/raw_mfcc_train.2.ark:1472922
MHJB0_SX387 /home/sky/kaldi/egs/timit/s5/mfcc/raw_mfcc_train.6.ark:375928
MEJS0_SI1870 /home/sky/kaldi/egs/timit/s5/mfcc/raw_mfcc_train.5.ark:1064925
MKLS0_SX87 /home/sky/kaldi/egs/timit/s5/mfcc/raw_mfcc_train.7.ark:737853
FLTM0_SI1700 /home/sky/kaldi/egs/timit/s5/mfcc/raw_mfcc_train.2.ark:1197106
MRRE0_SX164 /home/sky/kaldi/egs/timit/s5/mfcc/raw_mfcc_train.9.ark:651847
MLSH0_SX157 /home/sky/kaldi/egs/timit/s5/mfcc/raw_mfcc_train.7.ark:1053517
MMBS0_SX341 /home/sky/kaldi/egs/timit/s5/mfcc/raw_mfcc_train.7.ark:1271884
MRJB1_SX120 /home/sky/kaldi/egs/timit/s5/mfcc/raw_mfcc_train.9.ark:94541
MAJP0_SX264 /home/sky/kaldi/egs/timit/s5/mfcc/raw_mfcc_train.4.ark:116292
MMAM0_SI1597 /home/sky/kaldi/egs/timit/s5/mfcc/raw_mfcc_train.7.ark:1180278
MEDR0_SX24 /home/sky/kaldi/egs/timit/s5/mfcc/raw_mfcc_train.5.ark:951654
MBMA0_SX322 /home/sky/kaldi/egs/timit/s5/mfcc/raw_mfcc_train.4.ark:494621
FTAJ0_SX249 /home/sky/kaldi/egs/timit/s5/mfcc/raw_mfcc_train.3.ark:1201340
FRLL0_SX164 /home/sky/kaldi/egs/timit/s5/mfcc/raw_mfcc_train.3.ark:429094
FSCN0_SX176 /home/sky/kaldi/egs/timit/s5/mfcc/raw_mfcc_train.3.ark:602344
MKAJ0_SX64 /home/sky/kaldi/egs/timit/s5/mfcc/raw_mfcc_train.7.ark:445970
MJDM0_SX350 /home/sky/kaldi/egs/timit/s5/mfcc/raw_mfcc_train.6.ark:822182
MBCG0_SI957 /home/sky/kaldi/egs/timit/s5/mfcc/raw_mfcc_train.4.ark:359913
MCRE0_SX41 /home/sky/kaldi/egs/timit/s5/mfcc/raw_mfcc_train.4.ark:1082608
MDBP0_SI1158 /home/sky/kaldi/egs/timit/s5/mfcc/raw_mfcc_train.4.ark:1309433
MDAS0_SX21 /home/sky/kaldi/egs/timit/s5/mfcc/raw_mfcc_train.4.ark:1266878
MCHL0_SX357 /home/sky/kaldi/egs/timit/s5/mfcc/raw_mfcc_train.4.ark:952861
MPMB0_SX151 /home/sky/kaldi/egs/timit/s5/mfcc/raw_mfcc_train.8.ark:698024
MMLM0_SX177 /home/sky/kaldi/egs/timit/s5/mfcc/raw_mfcc_train.8.ark:142022
MPEB0_SI600 /home/sky/kaldi/egs/timit/s5/mfcc/raw_mfcc_train.8.ark:524897
MDKS0_SX76 /home/sky/kaldi/egs/timit/s5/mfcc/raw_mfcc_train.5.ark:189797
FKDW0_SX37 /home/sky/kaldi/egs/timit/s5/mfcc/raw_mfcc_train.2.ark:556811
MTAT1_SX149 /home/sky/kaldi/egs/timit/s5/mfcc/raw_mfcc_train.10.ark:152213
FSKL0_SX89 /home/sky/kaldi/egs/timit/s5/mfcc/raw_mfcc_train.3.ark:917316
FJLR0_SI1231 /home/sky/kaldi/egs/timit/s5/mfcc/raw_mfcc_train.2.ark:191847
MPSW0_SX167 /home/sky/kaldi/egs/timit/s5/mfcc/raw_mfcc_train.8.ark:912346
FPMY0_SI1783 /home/sky/kaldi/egs/timit/s5/mfcc/raw_mfcc_train.3.ark:325195
FCJF0_SX217 /home/sky/kaldi/egs/timit/s5/mfcc/raw_mfcc_train.1.ark:552047
MNTW0_SI1698 /home/sky/kaldi/egs/timit/s5/mfcc/raw_mfcc_train.8.ark:464871
MTER0_SX437 /home/sky/kaldi/egs/timit/s5/mfcc/raw_mfcc_train.10.ark:337223
FCMM0_SX183 /home/sky/kaldi/egs/timit/s5/mfcc/raw_mfcc_train.1.ark:701033
MDNS0_SX111 /home/sky/kaldi/egs/timit/s5/mfcc/raw_mfcc_train.5.ark:543088
MCDR0_SI1154 /home/sky/kaldi/egs/timit/s5/mfcc/raw_mfcc_train.4.ark:823290
MJPM1_SX401 /home/sky/kaldi/egs/timit/s5/mfcc/raw_mfcc_train.6.ark:1431219
MSAT1_SX83 /home/sky/kaldi/egs/timit/s5/mfcc/raw_mfcc_train.9.ark:1059422
MRAI0_SX72 /home/sky/kaldi/egs/timit/s5/mfcc/raw_mfcc_train.8.ark:1026852
MRPC1_SI2026 /home/sky/kaldi/egs/timit/s5/mfcc/raw_mfcc_train.9.ark:610774
MJAE0_SI1524 /home/sky/kaldi/egs/timit/s5/mfcc/raw_mfcc_train.6.ark:568882
MJLG1_SI1012 /home/sky/kaldi/egs/timit/s5/mfcc/raw_mfcc_train.6.ark:1194149
MJMM0_SI1885 /home/sky/kaldi/egs/timit/s5/mfcc/raw_mfcc_train.6.ark:1321904
MSVS0_SX308 /home/sky/kaldi/egs/timit/s5/mfcc/raw_mfcc_train.10.ark:28980
MTKD0_SX17 /home/sky/kaldi/egs/timit/s5/mfcc/raw_mfcc_train.10.ark:498693
MTMN0_SX344 /home/sky/kaldi/egs/timit/s5/mfcc/raw_mfcc_train.10.ark:670470
MJRP0_SX135 /home/sky/kaldi/egs/timit/s5/mfcc/raw_mfcc_train.7.ark:122824
MGAW0_SX265 /home/sky/kaldi/egs/timit/s5/mfcc/raw_mfcc_train.6.ark:42971
MJSR0_SX254 /home/sky/kaldi/egs/timit/s5/mfcc/raw_mfcc_train.7.ark:163747
MDSJ0_SX438 /home/sky/kaldi/egs/timit/s5/mfcc/raw_mfcc_train.5.ark:716560
FPMY0_SX253 /home/sky/kaldi/egs/timit/s5/mfcc/raw_mfcc_train.3.ark:343644
MGAW0_SI1802 /home/sky/kaldi/egs/timit/s5/mfcc/raw_mfcc_train.6.ark:30431
FBLV0_SI1688 /home/sky/kaldi/egs/timit/s5/mfcc/raw_mfcc_train.1.ark:311854
FAJW0_SX273 /home/sky/kaldi/egs/timit/s5/mfcc/raw_mfcc_train.1.ark:53477
MKAH0_SX358 /home/sky/kaldi/egs/timit/s5/mfcc/raw_mfcc_train.7.ark:409279
MMPM0_SX251 /home/sky/kaldi/egs/timit/s5/mfcc/raw_mfcc_train.8.ark:175146
MDPK0_SI552 /home/sky/kaldi/egs/timit/s5/mfcc/raw_mfcc_train.5.ark:601175
MKJO0_SI887 /home/sky/kaldi/egs/timit/s5/mfcc/raw_mfcc_train.7.ark:624312
MBWP0_SI1969 /home/sky/kaldi/egs/timit/s5/mfcc/raw_mfcc_train.4.ark:659007
MJLS0_SX196 /home/sky/kaldi/egs/timit/s5/mfcc/raw_mfcc_train.6.ark:1245930
FSKL0_SI2159 /home/sky/kaldi/egs/timit/s5/mfcc/raw_mfcc_train.3.ark:892523
MTQC0_SX451 /home/sky/kaldi/egs/timit/s5/mfcc/raw_mfcc_train.10.ark:871097
FBCH0_SX236 /home/sky/kaldi/egs/timit/s5/mfcc/raw_mfcc_train.1.ark:258084
FSKC0_SX246 /home/sky/kaldi/egs/timit/s5/mfcc/raw_mfcc_train.3.ark:872792
MJAE0_SI2154 /home/sky/kaldi/egs/timit/s5/mfcc/raw_mfcc_train.6.ark:576321
MVLO0_SX427 /home/sky/kaldi/egs/timit/s5/mfcc/raw_mfcc_train.10.ark:1094901
FLAC0_SX361 /home/sky/kaldi/egs/timit/s5/mfcc/raw_mfcc_train.2.ark:786772
MDKS0_SX256 /home/sky/kaldi/egs/timit/s5/mfcc/raw_mfcc_train.5.ark:177440
MMLM0_SI1527 /home/sky/kaldi/egs/timit/s5/mfcc/raw_mfcc_train.8.ark:131600
FKAA0_SI1838 /home/sky/kaldi/egs/timit/s5/mfcc/raw_mfcc_train.2.ark:464752
MJRP0_SX405 /home/sky/kaldi/egs/timit/s5/mfcc/raw_mfcc_train.7.ark:133752
FETB0_SX428 /home/sky/kaldi/egs/timit/s5/mfcc/raw_mfcc_train.1.ark:1318350
MWRE0_SI2317 /home/sky/kaldi/egs/timit/s5/mfcc/raw_mfcc_train.10.ark:1358433
MEDR0_SX114 /home/sky/kaldi/egs/timit/s5/mfcc/raw_mfcc_train.5.ark:945206
MCDD0_SI883 /home/sky/kaldi/egs/timit/s5/mfcc/raw_mfcc_train.4.ark:800940
MKAJ0_SX244 /home/sky/kaldi/egs/timit/s5/mfcc/raw_mfcc_train.7.ark:435836
MRHL0_SI885 /home/sky/kaldi/egs/timit/s5/mfcc/raw_mfcc_train.9.ark:53877
MGAG0_SI645 /home/sky/kaldi/egs/timit/s5/mfcc/raw_mfcc_train.5.ark:1399067
FVFB0_SI1032 /home/sky/kaldi/egs/timit/s5/mfcc/raw_mfcc_train.3.ark:1342879
MDLB0_SI676 /home/sky/kaldi/egs/timit/s5/mfcc/raw_mfcc_train.5.ark:206785
FSPM0_SX161 /home/sky/kaldi/egs/timit/s5/mfcc/raw_mfcc_train.3.ark:1099541
MRMS0_SX390 /home/sky/kaldi/egs/timit/s5/mfcc/raw_mfcc_train.9.ark:602867
MDEF0_SX393 /home/sky/kaldi/egs/timit/s5/mfcc/raw_mfcc_train.5.ark:26934
MGES0_SI1481 /home/sky/kaldi/egs/timit/s5/mfcc/raw_mfcc_train.6.ark:55323
FGDP0_SI988 /home/sky/kaldi/egs/timit/s5/mfcc/raw_mfcc_train.1.ark:1402058
MMCC0_SX168 /home/sky/kaldi/egs/timit/s5/mfcc/raw_mfcc_train.7.ark:1298330
MCLM0_SI826 /home/sky/kaldi/egs/timit/s5/mfcc/raw_mfcc_train.4.ark:1005253
MGAG0_SI1321 /home/sky/kaldi/egs/timit/s5/mfcc/raw_mfcc_train.5.ark:1394094
MRLK0_SX213 /home/sky/kaldi/egs/timit/s5/mfcc/raw_mfcc_train.9.ark:400118
MJMD0_SX128 /home/sky/kaldi/egs/timit/s5/mfcc/raw_mfcc_train.6.ark:1298487
MJJM0_SI1251 /home/sky/kaldi/egs/timit/s5/mfcc/raw_mfcc_train.6.ark:1098194
MDHL0_SX179 /home/sky/kaldi/egs/timit/s5/mfcc/raw_mfcc_train.5.ark:81308
MCRE0_SI1751 /home/sky/kaldi/egs/timit/s5/mfcc/raw_mfcc_train.4.ark:1062529
FGMB0_SI1145 /home/sky/kaldi/egs/timit/s5/mfcc/raw_mfcc_train.1.ark:1432507
MDPS0_SX359 /home/sky/kaldi/egs/timit/s5/mfcc/raw_mfcc_train.5.ark:640279
MWCH0_SX182 /home/sky/kaldi/egs/timit/s5/mfcc/raw_mfcc_train.10.ark:1234749
FETB0_SX158 /home/sky/kaldi/egs/timit/s5/mfcc/raw_mfcc_train.1.ark:1307526
FAPB0_SI2323 /home/sky/kaldi/egs/timit/s5/mfcc/raw_mfcc_train.1.ark:141081
MDMA0_SX440 /home/sky/kaldi/egs/timit/s5/mfcc/raw_mfcc_train.5.ark:488460
MKJO0_SX437 /home/sky/kaldi/egs/timit/s5/mfcc/raw_mfcc_train.7.ark:638666
FCDR1_SX16 /home/sky/kaldi/egs/timit/s5/mfcc/raw_mfcc_train.1.ark:493055
FKFB0_SX258 /home/sky/kaldi/egs/timit/s5/mfcc/raw_mfcc_train.2.ark:581308
MMDS0_SI713 /home/sky/kaldi/egs/timit/s5/mfcc/raw_mfcc_train.7.ark:1453139
MTPG0_SX393 /home/sky/kaldi/egs/timit/s5/mfcc/raw_mfcc_train.10.ark:769246
MMPM0_SX71 /home/sky/kaldi/egs/timit/s5/mfcc/raw_mfcc_train.8.ark:188309
MBOM0_SI1644 /home/sky/kaldi/egs/timit/s5/mfcc/raw_mfcc_train.4.ark:574948
MMGK0_SI1322 /home/sky/kaldi/egs/timit/s5/mfcc/raw_mfcc_train.8.ark:72544
MSAT0_SX86 /home/sky/kaldi/egs/timit/s5/mfcc/raw_mfcc_train.9.ark:1029399
MBMA1_SI2207 /home/sky/kaldi/egs/timit/s5/mfcc/raw_mfcc_train.4.ark:506043
MPSW0_SI2327 /home/sky/kaldi/egs/timit/s5/mfcc/raw_mfcc_train.8.ark:909518
MTPR0_SX250 /home/sky/kaldi/egs/timit/s5/mfcc/raw_mfcc_train.10.ark:821873
MTRT0_SX254 /home/sky/kaldi/egs/timit/s5/mfcc/raw_mfcc_train.10.ark:963079
MMVP0_SX114 /home/sky/kaldi/egs/timit/s5/mfcc/raw_mfcc_train.8.ark:276722
FCDR1_SI1186 /home/sky/kaldi/egs/timit/s5/mfcc/raw_mfcc_train.1.ark:468314
FDAW0_SX56 /home/sky/kaldi/egs/timit/s5/mfcc/raw_mfcc_train.1.ark:848072
MCAL0_SX418 /home/sky/kaldi/egs/timit/s5/mfcc/raw_mfcc_train.4.ark:753755
MSFH0_SI586 /home/sky/kaldi/egs/timit/s5/mfcc/raw_mfcc_train.9.ark:1241213
MKDT0_SX83 /home/sky/kaldi/egs/timit/s5/mfcc/raw_mfcc_train.7.ark:578472
FAJW0_SX3 /home/sky/kaldi/egs/timit/s5/mfcc/raw_mfcc_train.1.ark:57265
MKDB0_SI588 /home/sky/kaldi/egs/timit/s5/mfcc/raw_mfcc_train.7.ark:487773
MPSW0_SX437 /home/sky/kaldi/egs/timit/s5/mfcc/raw_mfcc_train.8.ark:921531
MEJS0_SX70 /home/sky/kaldi/egs/timit/s5/mfcc/raw_mfcc_train.5.ark:1089445
MBML0_SX179 /home/sky/kaldi/egs/timit/s5/mfcc/raw_mfcc_train.4.ark:550764
FCEG0_SX258 /home/sky/kaldi/egs/timit/s5/mfcc/raw_mfcc_train.1.ark:522207
FGRW0_SI1152 /home/sky/kaldi/egs/timit/s5/mfcc/raw_mfcc_train.1.ark:1470030
FBAS0_SI2066 /home/sky/kaldi/egs/timit/s5/mfcc/raw_mfcc_train.1.ark:182895
FPAF0_SX154 /home/sky/kaldi/egs/timit/s5/mfcc/raw_mfcc_train.3.ark:203563
FDNC0_SX18 /home/sky/kaldi/egs/timit/s5/mfcc/raw_mfcc_train.1.ark:1039873
MRKM0_SX277 /home/sky/kaldi/egs/timit/s5/mfcc/raw_mfcc_train.9.ark:276313
MCLM0_SI1456 /home/sky/kaldi/egs/timit/s5/mfcc/raw_mfcc_train.4.ark:997464
MSVS0_SX128 /home/sky/kaldi/egs/timit/s5/mfcc/raw_mfcc_train.10.ark:20178
FKAA0_SX398 /home/sky/kaldi/egs/timit/s5/mfcc/raw_mfcc_train.2.ark:491040
MAJP0_SI1074 /home/sky/kaldi/egs/timit/s5/mfcc/raw_mfcc_train.4.ark:97399
MMDG0_SX70 /home/sky/kaldi/egs/timit/s5/mfcc/raw_mfcc_train.7.ark:1378915
MDAC0_SI1837 /home/sky/kaldi/egs/timit/s5/mfcc/raw_mfcc_train.4.ark:1219754
MRAB1_SX308 /home/sky/kaldi/egs/timit/s5/mfcc/raw_mfcc_train.8.ark:981997
MDLM0_SX244 /home/sky/kaldi/egs/timit/s5/mfcc/raw_mfcc_train.5.ark:378281
MWEM0_SX60 /home/sky/kaldi/egs/timit/s5/mfcc/raw_mfcc_train.10.ark:1314074
FMJF0_SX264 /home/sky/kaldi/egs/timit/s5/mfcc/raw_mfcc_train.2.ark:1378345
MTAB0_SX402 /home/sky/kaldi/egs/timit/s5/mfcc/raw_mfcc_train.10.ark:74479
MREM0_SX421 /home/sky/kaldi/egs/timit/s5/mfcc/raw_mfcc_train.8.ark:1376318
MDLR1_SX219 /home/sky/kaldi/egs/timit/s5/mfcc/raw_mfcc_train.5.ark:442810
MTQC0_SI2071 /home/sky/kaldi/egs/timit/s5/mfcc/raw_mfcc_train.10.ark:848637
MCAL0_SX58 /home/sky/kaldi/egs/timit/s5/mfcc/raw_mfcc_train.4.ark:758805
FJSP0_SX84 /home/sky/kaldi/egs/timit/s5/mfcc/raw_mfcc_train.2.ark:358746
MJEE0_SI1867 /home/sky/kaldi/egs/timit/s5/mfcc/raw_mfcc_train.6.ark:906981
MDDC0_SI1419 /home/sky/kaldi/egs/timit/s5/mfcc/raw_mfcc_train.4.ark:1408183
MDSJ0_SX382 /home/sky/kaldi/egs/timit/s5/mfcc/raw_mfcc_train.5.ark:712991
MSDH0_SX170 /home/sky/kaldi/egs/timit/s5/mfcc/raw_mfcc_train.9.ark:1096274
MMEB0_SI727 /home/sky/kaldi/egs/timit/s5/mfcc/raw_mfcc_train.7.ark:1508230
MJRP0_SI1835 /home/sky/kaldi/egs/timit/s5/mfcc/raw_mfcc_train.7.ark:111492
MJDM0_SX170 /home/sky/kaldi/egs/timit/s5/mfcc/raw_mfcc_train.6.ark:811417
MKDB0_SX422 /home/sky/kaldi/egs/timit/s5/mfcc/raw_mfcc_train.7.ark:507321
FSJS0_SX91 /home/sky/kaldi/egs/timit/s5/mfcc/raw_mfcc_train.3.ark:820360
MJLG1_SX22 /home/sky/kaldi/egs/timit/s5/mfcc/raw_mfcc_train.6.ark:1213061
FDJH0_SX215 /home/sky/kaldi/egs/timit/s5/mfcc/raw_mfcc_train.1.ark:896215
MMGK0_SX62 /home/sky/kaldi/egs/timit/s5/mfcc/raw_mfcc_train.8.ark:94511
MMDM1_SX153 /home/sky/kaldi/egs/timit/s5/mfcc/raw_mfcc_train.7.ark:1422019
MDHL0_SI809 /home/sky/kaldi/egs/timit/s5/mfcc/raw_mfcc_train.5.ark:77167
MCDC0_SX302 /home/sky/kaldi/egs/timit/s5/mfcc/raw_mfcc_train.4.ark:783068
FJSK0_SI1052 /home/sky/kaldi/egs/timit/s5/mfcc/raw_mfcc_train.2.ark:298137
FDMY0_SX297 /home/sky/kaldi/egs/timit/s5/mfcc/raw_mfcc_train.1.ark:1010735
FCDR1_SX106 /home/sky/kaldi/egs/timit/s5/mfcc/raw_mfcc_train.1.ark:488850
MGES0_SX311 /home/sky/kaldi/egs/timit/s5/mfcc/raw_mfcc_train.6.ark:69451
FJEN0_SX237 /home/sky/kaldi/egs/timit/s5/mfcc/raw_mfcc_train.2.ark:77038
MJXA0_SI2137 /home/sky/kaldi/egs/timit/s5/mfcc/raw_mfcc_train.7.ark:294850
MTJM0_SI1856 /home/sky/kaldi/egs/timit/s5/mfcc/raw_mfcc_train.10.ark:383608
MRDM0_SX155 /home/sky/kaldi/egs/timit/s5/mfcc/raw_mfcc_train.8.ark:1233706
MKAJ0_SX334 /home/sky/kaldi/egs/timit/s5/mfcc/raw_mfcc_train.7.ark:439938
MMAB1_SX324 /home/sky/kaldi/egs/timit/s5/mfcc/raw_mfcc_train.7.ark:1128915
MDLM0_SX424 /home/sky/kaldi/egs/timit/s5/mfcc/raw_mfcc_train.5.ark:384002
FEME0_SI1505 /home/sky/kaldi/egs/timit/s5/mfcc/raw_mfcc_train.1.ark:1259191
MRJM1_SX398 /home/sky/kaldi/egs/timit/s5/mfcc/raw_mfcc_train.9.ark:215418
MRML0_SX341 /home/sky/kaldi/egs/timit/s5/mfcc/raw_mfcc_train.9.ark:563198
MMDG0_SX250 /home/sky/kaldi/egs/timit/s5/mfcc/raw_mfcc_train.7.ark:1364426
MKAM0_SX326 /home/sky/kaldi/egs/timit/s5/mfcc/raw_mfcc_train.7.ark:471976
FVKB0_SI529 /home/sky/kaldi/egs/timit/s5/mfcc/raw_mfcc_train.3.ark:1377597
FTBR0_SI1402 /home/sky/kaldi/egs/timit/s5/mfcc/raw_mfcc_train.3.ark:1213315
MJEB0_SI1916 /home/sky/kaldi/egs/timit/s5/mfcc/raw_mfcc_train.6.ark:840554
FCYL0_SI1927 /home/sky/kaldi/egs/timit/s5/mfcc/raw_mfcc_train.1.ark:754199
MMLM0_SX87 /home/sky/kaldi/egs/timit/s5/mfcc/raw_mfcc_train.8.ark:155738
MAEO0_SI1956 /home/sky/kaldi/egs/timit/s5/mfcc/raw_mfcc_train.4.ark:48160
MRSO0_SI1659 /home/sky/kaldi/egs/timit/s5/mfcc/raw_mfcc_train.9.ark:679554
FDAS1_SI831 /home/sky/kaldi/egs/timit/s5/mfcc/raw_mfcc_train.1.ark:793705
FJKL0_SI1562 /home/sky/kaldi/egs/timit/s5/mfcc/raw_mfcc_train.2.ark:128994
MWDK0_SI2017 /home/sky/kaldi/egs/timit/s5/mfcc/raw_mfcc_train.10.ark:1257815
MESG0_SX72 /home/sky/kaldi/egs/timit/s5/mfcc/raw_mfcc_train.5.ark:1120767
FHLM0_SX120 /home/sky/kaldi/egs/timit/s5/mfcc/raw_mfcc_train.1.ark:1517755
MRJM0_SX418 /home/sky/kaldi/egs/timit/s5/mfcc/raw_mfcc_train.9.ark:177252
MMWS0_SX78 /home/sky/kaldi/egs/timit/s5/mfcc/raw_mfcc_train.8.ark:369124
MJPM0_SX18 /home/sky/kaldi/egs/timit/s5/mfcc/raw_mfcc_train.6.ark:1391887
MTAB0_SI2202 /home/sky/kaldi/egs/timit/s5/mfcc/raw_mfcc_train.10.ark:50836
MRXB0_SX235 /home/sky/kaldi/egs/timit/s5/mfcc/raw_mfcc_train.9.ark:928119
FSKC0_SX156 /home/sky/kaldi/egs/timit/s5/mfcc/raw_mfcc_train.3.ark:869340
FLEH0_SI1051 /home/sky/kaldi/egs/timit/s5/mfcc/raw_mfcc_train.2.ark:835496
MVLO0_SI1777 /home/sky/kaldi/egs/timit/s5/mfcc/raw_mfcc_train.10.ark:1074105
MCTM0_SX90 /home/sky/kaldi/egs/timit/s5/mfcc/raw_mfcc_train.4.ark:1181656
MRDS0_SX267 /home/sky/kaldi/egs/timit/s5/mfcc/raw_mfcc_train.8.ark:1267297
MTDP0_SX351 /home/sky/kaldi/egs/timit/s5/mfcc/raw_mfcc_train.10.ark:296600
MJXA0_SX427 /home/sky/kaldi/egs/timit/s5/mfcc/raw_mfcc_train.7.ark:313137
MJRH1_SX64 /home/sky/kaldi/egs/timit/s5/mfcc/raw_mfcc_train.7.ark:78212
MREE0_SI1104 /home/sky/kaldi/egs/timit/s5/mfcc/raw_mfcc_train.8.ark:1281703
FEEH0_SI1742 /home/sky/kaldi/egs/timit/s5/mfcc/raw_mfcc_train.1.ark:1230607
MJMM0_SX85 /home/sky/kaldi/egs/timit/s5/mfcc/raw_mfcc_train.6.ark:1343226
MRHL0_SI2145 /home/sky/kaldi/egs/timit/s5/mfcc/raw_mfcc_train.9.ark:48592
MBML0_SI1799 /home/sky/kaldi/egs/timit/s5/mfcc/raw_mfcc_train.4.ark:543574
MDAC0_SX91 /home/sky/kaldi/egs/timit/s5/mfcc/raw_mfcc_train.4.ark:1246627
MJEB0_SX26 /home/sky/kaldi/egs/timit/s5/mfcc/raw_mfcc_train.6.ark:858079
FDML0_SX429 /home/sky/kaldi/egs/timit/s5/mfcc/raw_mfcc_train.1.ark:968352
FPAB1_SX31 /home/sky/kaldi/egs/timit/s5/mfcc/raw_mfcc_train.3.ark:113295
MSTF0_SX136 /home/sky/kaldi/egs/timit/s5/mfcc/raw_mfcc_train.9.ark:1513477
MGSL0_SX84 /home/sky/kaldi/egs/timit/s5/mfcc/raw_mfcc_train.6.ark:251695
MVRW0_SI1485 /home/sky/kaldi/egs/timit/s5/mfcc/raw_mfcc_train.10.ark:1103131
MMLM0_SI2150 /home/sky/kaldi/egs/timit/s5/mfcc/raw_mfcc_train.8.ark:133298
MRLR0_SX116 /home/sky/kaldi/egs/timit/s5/mfcc/raw_mfcc_train.9.ark:426155
MJWG0_SI895 /home/sky/kaldi/egs/timit/s5/mfcc/raw_mfcc_train.7.ark:190972
FCRZ0_SI1913 /home/sky/kaldi/egs/timit/s5/mfcc/raw_mfcc_train.1.ark:719541
FBMH0_SX416 /home/sky/kaldi/egs/timit/s5/mfcc/raw_mfcc_train.1.ark:367197
MJLB0_SX176 /home/sky/kaldi/egs/timit/s5/mfcc/raw_mfcc_train.6.ark:1176213
MBJV0_SI617 /home/sky/kaldi/egs/timit/s5/mfcc/raw_mfcc_train.4.ark:452254
FCKE0_SX391 /home/sky/kaldi/egs/timit/s5/mfcc/raw_mfcc_train.1.ark:619508
MCLK0_SX130 /home/sky/kaldi/egs/timit/s5/mfcc/raw_mfcc_train.4.ark:979047
MILB0_SX3 /home/sky/kaldi/egs/timit/s5/mfcc/raw_mfcc_train.6.ark:527204
MFMC0_SX322 /home/sky/kaldi/egs/timit/s5/mfcc/raw_mfcc_train.5.ark:1229335
MKAM0_SI1316 /home/sky/kaldi/egs/timit/s5/mfcc/raw_mfcc_train.7.ark:454670
FSPM0_SX431 /home/sky/kaldi/egs/timit/s5/mfcc/raw_mfcc_train.3.ark:1114577
MVJH0_SI1556 /home/sky/kaldi/egs/timit/s5/mfcc/raw_mfcc_train.10.ark:1039421
MDHL0_SX269 /home/sky/kaldi/egs/timit/s5/mfcc/raw_mfcc_train.5.ark:85371
FSMA0_SI1621 /home/sky/kaldi/egs/timit/s5/mfcc/raw_mfcc_train.3.ark:984116
MKLS1_SI915 /home/sky/kaldi/egs/timit/s5/mfcc/raw_mfcc_train.7.ark:748822
FKKH0_SX210 /home/sky/kaldi/egs/timit/s5/mfcc/raw_mfcc_train.2.ark:623459
MTKD0_SI1817 /home/sky/kaldi/egs/timit/s5/mfcc/raw_mfcc_train.10.ark:482865
FLMA0_SI1243 /home/sky/kaldi/egs/timit/s5/mfcc/raw_mfcc_train.2.ark:1071977
FPAF0_SI1684 /home/sky/kaldi/egs/timit/s5/mfcc/raw_mfcc_train.3.ark:197165
MRLJ1_SI1671 /home/sky/kaldi/egs/timit/s5/mfcc/raw_mfcc_train.9.ark:351749
MRHL0_SX75 /home/sky/kaldi/egs/timit/s5/mfcc/raw_mfcc_train.9.ark:73632
MCDR0_SX164 /home/sky/kaldi/egs/timit/s5/mfcc/raw_mfcc_train.4.ark:841330
MDMT0_SX122 /home/sky/kaldi/egs/timit/s5/mfcc/raw_mfcc_train.5.ark:507060
MSDB0_SX107 /home/sky/kaldi/egs/timit/s5/mfcc/raw_mfcc_train.9.ark:1073415
MJEB0_SX386 /home/sky/kaldi/egs/timit/s5/mfcc/raw_mfcc_train.6.ark:864515
FNTB0_SX393 /home/sky/kaldi/egs/timit/s5/mfcc/raw_mfcc_train.3.ark:78795
MRLR0_SI1826 /home/sky/kaldi/egs/timit/s5/mfcc/raw_mfcc_train.9.ark:418224
MBML0_SX359 /home/sky/kaldi/egs/timit/s5/mfcc/raw_mfcc_train.4.ark:557720
MMRP0_SX234 /home/sky/kaldi/egs/timit/s5/mfcc/raw_mfcc_train.8.ark:206064
MTJG0_SX260 /home/sky/kaldi/egs/timit/s5/mfcc/raw_mfcc_train.10.ark:361784
MRLD0_SX424 /home/sky/kaldi/egs/timit/s5/mfcc/raw_mfcc_train.9.ark:315850
MDLR0_SX423 /home/sky/kaldi/egs/timit/s5/mfcc/raw_mfcc_train.5.ark:416793
FKSR0_SX161 /home/sky/kaldi/egs/timit/s5/mfcc/raw_mfcc_train.2.ark:747428
MWAC0_SI971 /home/sky/kaldi/egs/timit/s5/mfcc/raw_mfcc_train.10.ark:1139954
MRTC0_SI2088 /home/sky/kaldi/egs/timit/s5/mfcc/raw_mfcc_train.9.ark:751806
MBOM0_SX311 /home/sky/kaldi/egs/timit/s5/mfcc/raw_mfcc_train.4.ark:590649
MJWG0_SX175 /home/sky/kaldi/egs/timit/s5/mfcc/raw_mfcc_train.7.ark:198701
MJRH0_SX225 /home/sky/kaldi/egs/timit/s5/mfcc/raw_mfcc_train.7.ark:35391
MDEM0_SI1868 /home/sky/kaldi/egs/timit/s5/mfcc/raw_mfcc_train.5.ark:29698
MEAL0_SX377 /home/sky/kaldi/egs/timit/s5/mfcc/raw_mfcc_train.5.ark:928419
MMDS0_SI1343 /home/sky/kaldi/egs/timit/s5/mfcc/raw_mfcc_train.7.ark:1446221
FPAD0_SX176 /home/sky/kaldi/egs/timit/s5/mfcc/raw_mfcc_train.3.ark:168613
MMAG0_SX316 /home/sky/kaldi/egs/timit/s5/mfcc/raw_mfcc_train.7.ark:1167595
MRRE0_SX434 /home/sky/kaldi/egs/timit/s5/mfcc/raw_mfcc_train.9.ark:663906
MJKR0_SX301 /home/sky/kaldi/egs/timit/s5/mfcc/raw_mfcc_train.6.ark:1153433
MDLC0_SX315 /home/sky/kaldi/egs/timit/s5/mfcc/raw_mfcc_train.5.ark:256679
FCLT0_SX358 /home/sky/kaldi/egs/timit/s5/mfcc/raw_mfcc_train.1.ark:642276
MDHL0_SX359 /home/sky/kaldi/egs/timit/s5/mfcc/raw_mfcc_train.5.ark:87965
FLMK0_SI1229 /home/sky/kaldi/egs/timit/s5/mfcc/raw_mfcc_train.2.ark:1136735
MVRW0_SX45 /home/sky/kaldi/egs/timit/s5/mfcc/raw_mfcc_train.10.ark:1126281
FETB0_SX248 /home/sky/kaldi/egs/timit/s5/mfcc/raw_mfcc_train.1.ark:1310549
MMAB1_SX414 /home/sky/kaldi/egs/timit/s5/mfcc/raw_mfcc_train.7.ark:1134720
MTAT0_SI1740 /home/sky/kaldi/egs/timit/s5/mfcc/raw_mfcc_train.10.ark:113649
FDML0_SX249 /home/sky/kaldi/egs/timit/s5/mfcc/raw_mfcc_train.1.ark:962202
FJSK0_SI2312 /home/sky/kaldi/egs/timit/s5/mfcc/raw_mfcc_train.2.ark:307838
FLAG0_SX114 /home/sky/kaldi/egs/timit/s5/mfcc/raw_mfcc_train.2.ark:814193
FKLH0_SI1257 /home/sky/kaldi/egs/timit/s5/mfcc/raw_mfcc_train.2.ark:704124
MREM0_SI961 /home/sky/kaldi/egs/timit/s5/mfcc/raw_mfcc_train.8.ark:1361626
FLMA0_SI613 /home/sky/kaldi/egs/timit/s5/mfcc/raw_mfcc_train.2.ark:1079194
MBCG0_SX237 /home/sky/kaldi/egs/timit/s5/mfcc/raw_mfcc_train.4.ark:369079
MRDS0_SX357 /home/sky/kaldi/egs/timit/s5/mfcc/raw_mfcc_train.8.ark:1271412
MRDD0_SX150 /home/sky/kaldi/egs/timit/s5/mfcc/raw_mfcc_train.8.ark:1202891
FSJS0_SI541 /home/sky/kaldi/egs/timit/s5/mfcc/raw_mfcc_train.3.ark:797277
MWCH0_SX272 /home/sky/kaldi/egs/timit/s5/mfcc/raw_mfcc_train.10.ark:1237304
FDKN0_SX451 /home/sky/kaldi/egs/timit/s5/mfcc/raw_mfcc_train.1.ark:937653
MRBC0_SX149 /home/sky/kaldi/egs/timit/s5/mfcc/raw_mfcc_train.8.ark:1101293
FETB0_SI1148 /home/sky/kaldi/egs/timit/s5/mfcc/raw_mfcc_train.1.ark:1294738
MLEL0_SI616 /home/sky/kaldi/egs/timit/s5/mfcc/raw_mfcc_train.7.ark:906811
FSSB0_SX182 /home/sky/kaldi/egs/timit/s5/mfcc/raw_mfcc_train.3.ark:1165280
FEEH0_SX392 /home/sky/kaldi/egs/timit/s5/mfcc/raw_mfcc_train.1.ark:1254971
FSJW0_SI703 /home/sky/kaldi/egs/timit/s5/mfcc/raw_mfcc_train.3.ark:835177
MGAR0_SX312 /home/sky/kaldi/egs/timit/s5/mfcc/raw_mfcc_train.6.ark:11877
MBEF0_SI651 /home/sky/kaldi/egs/timit/s5/mfcc/raw_mfcc_train.4.ark:391781
FTLG0_SI1743 /home/sky/kaldi/egs/timit/s5/mfcc/raw_mfcc_train.3.ark:1277103
MSTF0_SX406 /home/sky/kaldi/egs/timit/s5/mfcc/raw_mfcc_train.9.ark:1526017
FSKP0_SX288 /home/sky/kaldi/egs/timit/s5/mfcc/raw_mfcc_train.3.ark:943665
MDLH0_SI574 /home/sky/kaldi/egs/timit/s5/mfcc/raw_mfcc_train.5.ark:333028
FJDM2_SI1582 /home/sky/kaldi/egs/timit/s5/mfcc/raw_mfcc_train.2.ark:24365
MDKS0_SX346 /home/sky/kaldi/egs/timit/s5/mfcc/raw_mfcc_train.5.ark:181334
MPMB0_SX331 /home/sky/kaldi/egs/timit/s5/mfcc/raw_mfcc_train.8.ark:708256
MJAC0_SI701 /home/sky/kaldi/egs/timit/s5/mfcc/raw_mfcc_train.6.ark:542528
MTPG0_SX33 /home/sky/kaldi/egs/timit/s5/mfcc/raw_mfcc_train.10.ark:766002
MSVS0_SX38 /home/sky/kaldi/egs/timit/s5/mfcc/raw_mfcc_train.10.ark:33419
FDAS1_SX21 /home/sky/kaldi/egs/timit/s5/mfcc/raw_mfcc_train.1.ark:807934
MRJM1_SI1928 /home/sky/kaldi/egs/timit/s5/mfcc/raw_mfcc_train.9.ark:192016
MCPM0_SI1194 /home/sky/kaldi/egs/timit/s5/mfcc/raw_mfcc_train.4.ark:1025705
MFMC0_SX232 /home/sky/kaldi/egs/timit/s5/mfcc/raw_mfcc_train.5.ark:1224336
FCKE0_SX121 /home/sky/kaldi/egs/timit/s5/mfcc/raw_mfcc_train.1.ark:606832
MREM0_SI511 /home/sky/kaldi/egs/timit/s5/mfcc/raw_mfcc_train.8.ark:1355821
MJWT0_SX31 /home/sky/kaldi/egs/timit/s5/mfcc/raw_mfcc_train.7.ark:283335
FLEH0_SX421 /home/sky/kaldi/egs/timit/s5/mfcc/raw_mfcc_train.2.ark:859460
MFRM0_SI1785 /home/sky/kaldi/egs/timit/s5/mfcc/raw_mfcc_train.5.ark:1249665
MRGS0_SX6 /home/sky/kaldi/egs/timit/s5/mfcc/raw_mfcc_train.9.ark:37286
MEDR0_SX384 /home/sky/kaldi/egs/timit/s5/mfcc/raw_mfcc_train.5.ark:957440
MRVG0_SI1140 /home/sky/kaldi/egs/timit/s5/mfcc/raw_mfcc_train.9.ark:822047
MSFV0_SI632 /home/sky/kaldi/egs/timit/s5/mfcc/raw_mfcc_train.9.ark:1277228
MLJH0_SI694 /home/sky/kaldi/egs/timit/s5/mfcc/raw_mfcc_train.7.ark:981948
MCLK0_SX310 /home/sky/kaldi/egs/timit/s5/mfcc/raw_mfcc_train.4.ark:987017
MILB0_SX93 /home/sky/kaldi/egs/timit/s5/mfcc/raw_mfcc_train.6.ark:533366
MCEW0_SX182 /home/sky/kaldi/egs/timit/s5/mfcc/raw_mfcc_train.4.ark:906977
MSMR0_SX325 /home/sky/kaldi/egs/timit/s5/mfcc/raw_mfcc_train.9.ark:1394744
MSEM1_SX90 /home/sky/kaldi/egs/timit/s5/mfcc/raw_mfcc_train.9.ark:1196659
FLTM0_SX350 /home/sky/kaldi/egs/timit/s5/mfcc/raw_mfcc_train.2.ark:1213684
MDLC1_SX445 /home/sky/kaldi/egs/timit/s5/mfcc/raw_mfcc_train.5.ark:294223
MCLM0_SX376 /home/sky/kaldi/egs/timit/s5/mfcc/raw_mfcc_train.4.ark:1022395
MDLB0_SX136 /home/sky/kaldi/egs/timit/s5/mfcc/raw_mfcc_train.5.ark:209470
MJLB0_SI1616 /home/sky/kaldi/egs/timit/s5/mfcc/raw_mfcc_train.6.ark:1164361
MJAE0_SI1999 /home/sky/kaldi/egs/timit/s5/mfcc/raw_mfcc_train.6.ark:573206
FVMH0_SI1466 /home/sky/kaldi/egs/timit/s5/mfcc/raw_mfcc_train.3.ark:1405056
FSAG0_SI1323 /home/sky/kaldi/egs/timit/s5/mfcc/raw_mfcc_train.3.ark:446575
MGAF0_SX382 /home/sky/kaldi/egs/timit/s5/mfcc/raw_mfcc_train.5.ark:1390498
MFXV0_SI1342 /home/sky/kaldi/egs/timit/s5/mfcc/raw_mfcc_train.5.ark:1340024
FMPG0_SX72 /home/sky/kaldi/egs/timit/s5/mfcc/raw_mfcc_train.3.ark:16412
MGAF0_SX292 /home/sky/kaldi/egs/timit/s5/mfcc/raw_mfcc_train.5.ark:1386422
MPRB0_SX395 /home/sky/kaldi/egs/timit/s5/mfcc/raw_mfcc_train.8.ark:794183
FMJU0_SX219 /home/sky/kaldi/egs/timit/s5/mfcc/raw_mfcc_train.2.ark:1413242
FBAS0_SX397 /home/sky/kaldi/egs/timit/s5/mfcc/raw_mfcc_train.1.ark:202676
FPLS0_SX3 /home/sky/kaldi/egs/timit/s5/mfcc/raw_mfcc_train.3.ark:308552
MEJS0_SX430 /home/sky/kaldi/egs/timit/s5/mfcc/raw_mfcc_train.5.ark:1084382
MCDR0_SI1784 /home/sky/kaldi/egs/timit/s5/mfcc/raw_mfcc_train.4.ark:828563
MEAL0_SX107 /home/sky/kaldi/egs/timit/s5/mfcc/raw_mfcc_train.5.ark:915014
FMJU0_SX129 /home/sky/kaldi/egs/timit/s5/mfcc/raw_mfcc_train.2.ark:1408945
MEWM0_SI1348 /home/sky/kaldi/egs/timit/s5/mfcc/raw_mfcc_train.5.ark:1151406
MRFK0_SI2336 /home/sky/kaldi/egs/timit/s5/mfcc/raw_mfcc_train.8.ark:1422503
MJFH0_SI1737 /home/sky/kaldi/egs/timit/s5/mfcc/raw_mfcc_train.6.ark:938160
MSRR0_SI1761 /home/sky/kaldi/egs/timit/s5/mfcc/raw_mfcc_train.9.ark:1470950
FHLM0_SI1560 /home/sky/kaldi/egs/timit/s5/mfcc/raw_mfcc_train.1.ark:1507827
MJRH0_SX45 /home/sky/kaldi/egs/timit/s5/mfcc/raw_mfcc_train.7.ark:45759
MLJH0_SX424 /home/sky/kaldi/egs/timit/s5/mfcc/raw_mfcc_train.7.ark:1002009
MREE0_SX114 /home/sky/kaldi/egs/timit/s5/mfcc/raw_mfcc_train.8.ark:1297690
MRFL0_SI526 /home/sky/kaldi/egs/timit/s5/mfcc/raw_mfcc_train.8.ark:1452356
FDAW0_SX236 /home/sky/kaldi/egs/timit/s5/mfcc/raw_mfcc_train.1.ark:837353
FHLM0_SI930 /home/sky/kaldi/egs/timit/s5/mfcc/raw_mfcc_train.1.ark:1513796
MWRP0_SX93 /home/sky/kaldi/egs/timit/s5/mfcc/raw_mfcc_train.10.ark:1411511
MCDR0_SX344 /home/sky/kaldi/egs/timit/s5/mfcc/raw_mfcc_train.4.ark:849209
MTRT0_SI1857 /home/sky/kaldi/egs/timit/s5/mfcc/raw_mfcc_train.10.ark:949336
MVJH0_SX296 /home/sky/kaldi/egs/timit/s5/mfcc/raw_mfcc_train.10.ark:1063838
MNET0_SI2076 /home/sky/kaldi/egs/timit/s5/mfcc/raw_mfcc_train.8.ark:434617
MPRD0_SX261 /home/sky/kaldi/egs/timit/s5/mfcc/raw_mfcc_train.8.ark:819349
MKLS0_SX267 /home/sky/kaldi/egs/timit/s5/mfcc/raw_mfcc_train.7.ark:724339
MRCW0_SI741 /home/sky/kaldi/egs/timit/s5/mfcc/raw_mfcc_train.8.ark:1169429
MRVG0_SX330 /home/sky/kaldi/egs/timit/s5/mfcc/raw_mfcc_train.9.ark:838424
MBSB0_SX273 /home/sky/kaldi/egs/timit/s5/mfcc/raw_mfcc_train.4.ark:612403
MJEE0_SX427 /home/sky/kaldi/egs/timit/s5/mfcc/raw_mfcc_train.6.ark:925970
FLMK0_SI2295 /home/sky/kaldi/egs/timit/s5/mfcc/raw_mfcc_train.2.ark:1142346
MRJH0_SX259 /home/sky/kaldi/egs/timit/s5/mfcc/raw_mfcc_train.9.ark:136165
MCEW0_SI1442 /home/sky/kaldi/egs/timit/s5/mfcc/raw_mfcc_train.4.ark:890081
MJDE0_SX400 /home/sky/kaldi/egs/timit/s5/mfcc/raw_mfcc_train.6.ark:764399
MPGR0_SX240 /home/sky/kaldi/egs/timit/s5/mfcc/raw_mfcc_train.8.ark:625103
MESJ0_SX187 /home/sky/kaldi/egs/timit/s5/mfcc/raw_mfcc_train.5.ark:1137112
FMMH0_SX367 /home/sky/kaldi/egs/timit/s5/mfcc/raw_mfcc_train.2.ark:1513551
MDLH0_SX430 /home/sky/kaldi/egs/timit/s5/mfcc/raw_mfcc_train.5.ark:355189
MTWH1_SI882 /home/sky/kaldi/egs/timit/s5/mfcc/raw_mfcc_train.10.ark:980262
MCEF0_SX145 /home/sky/kaldi/egs/timit/s5/mfcc/raw_mfcc_train.4.ark:872561
MRMH0_SX121 /home/sky/kaldi/egs/timit/s5/mfcc/raw_mfcc_train.9.ark:519889
FDKN0_SX271 /home/sky/kaldi/egs/timit/s5/mfcc/raw_mfcc_train.1.ark:929631
MDBB1_SI1006 /home/sky/kaldi/egs/timit/s5/mfcc/raw_mfcc_train.4.ark:1279423
MPEB0_SX330 /home/sky/kaldi/egs/timit/s5/mfcc/raw_mfcc_train.8.ark:537073
FSJG0_SI2200 /home/sky/kaldi/egs/timit/s5/mfcc/raw_mfcc_train.3.ark:721327
MMJB1_SX148 /home/sky/kaldi/egs/timit/s5/mfcc/raw_mfcc_train.8.ark:109660
MDEM0_SX428 /home/sky/kaldi/egs/timit/s5/mfcc/raw_mfcc_train.5.ark:59042
MSJK0_SX426 /home/sky/kaldi/egs/timit/s5/mfcc/raw_mfcc_train.9.ark:1332004
FSAG0_SI1953 /home/sky/kaldi/egs/timit/s5/mfcc/raw_mfcc_train.3.ark:451991
FDML0_SI2075 /home/sky/kaldi/egs/timit/s5/mfcc/raw_mfcc_train.1.ark:956169
MEDR0_SX294 /home/sky/kaldi/egs/timit/s5/mfcc/raw_mfcc_train.5.ark:954729
FPLS0_SX60 /home/sky/kaldi/egs/timit/s5/mfcc/raw_mfcc_train.3.ark:314584
MBGT0_SX171 /home/sky/kaldi/egs/timit/s5/mfcc/raw_mfcc_train.4.ark:423500
FCEG0_SX348 /home/sky/kaldi/egs/timit/s5/mfcc/raw_mfcc_train.1.ark:525672
FMPG0_SI1602 /home/sky/kaldi/egs/timit/s5/mfcc/raw_mfcc_train.2.ark:1529359
FPAZ0_SI963 /home/sky/kaldi/egs/timit/s5/mfcc/raw_mfcc_train.3.ark:232018
MJDC0_SX261 /home/sky/kaldi/egs/timit/s5/mfcc/raw_mfcc_train.6.ark:713844
FSJG0_SX40 /home/sky/kaldi/egs/timit/s5/mfcc/raw_mfcc_train.3.ark:749272
MJWS0_SX243 /home/sky/kaldi/egs/timit/s5/mfcc/raw_mfcc_train.7.ark:234866
MRAB1_SI848 /home/sky/kaldi/egs/timit/s5/mfcc/raw_mfcc_train.8.ark:969067
MDMA0_SI1430 /home/sky/kaldi/egs/timit/s5/mfcc/raw_mfcc_train.5.ark:462437
MDHL0_SI2069 /home/sky/kaldi/egs/timit/s5/mfcc/raw_mfcc_train.5.ark:73637
FLTM0_SX170 /home/sky/kaldi/egs/timit/s5/mfcc/raw_mfcc_train.2.ark:1203361
FDJH0_SI2195 /home/sky/kaldi/egs/timit/s5/mfcc/raw_mfcc_train.1.ark:883298
MBMA0_SX52 /home/sky/kaldi/egs/timit/s5/mfcc/raw_mfcc_train.4.ark:502070
MRAB1_SI2108 /home/sky/kaldi/egs/timit/s5/mfcc/raw_mfcc_train.8.ark:965459
MTJG0_SX350 /home/sky/kaldi/egs/timit/s5/mfcc/raw_mfcc_train.10.ark:365639
MJDC0_SX441 /home/sky/kaldi/egs/timit/s5/mfcc/raw_mfcc_train.6.ark:720306
MJRH0_SI1755 /home/sky/kaldi/egs/timit/s5/mfcc/raw_mfcc_train.7.ark:20601
FJEN0_SX57 /home/sky/kaldi/egs/timit/s5/mfcc/raw_mfcc_train.2.ark:92437
MRJM0_SX148 /home/sky/kaldi/egs/timit/s5/mfcc/raw_mfcc_train.9.ark:165310
MBCG0_SX417 /home/sky/kaldi/egs/timit/s5/mfcc/raw_mfcc_train.4.ark:377166
FDJH0_SX125 /home/sky/kaldi/egs/timit/s5/mfcc/raw_mfcc_train.1.ark:892997
FCJS0_SI1607 /home/sky/kaldi/egs/timit/s5/mfcc/raw_mfcc_train.1.ark:562761
MJRK0_SI2103 /home/sky/kaldi/egs/timit/s5/mfcc/raw_mfcc_train.7.ark:83844
MWGR0_SX76 /home/sky/kaldi/egs/timit/s5/mfcc/raw_mfcc_train.10.ark:1346189
MMBS0_SX71 /home/sky/kaldi/egs/timit/s5/mfcc/raw_mfcc_train.7.ark:1281049
FSMM0_SX324 /home/sky/kaldi/egs/timit/s5/mfcc/raw_mfcc_train.3.ark:1038458
MDSS0_SX81 /home/sky/kaldi/egs/timit/s5/mfcc/raw_mfcc_train.5.ark:745321
FJDM2_SI1964 /home/sky/kaldi/egs/timit/s5/mfcc/raw_mfcc_train.2.ark:27961
MFXV0_SI1635 /home/sky/kaldi/egs/timit/s5/mfcc/raw_mfcc_train.5.ark:1345791
FSDC0_SI2234 /home/sky/kaldi/egs/timit/s5/mfcc/raw_mfcc_train.3.ark:635142
MRVG0_SX60 /home/sky/kaldi/egs/timit/s5/mfcc/raw_mfcc_train.9.ark:846471
MBMA0_SX412 /home/sky/kaldi/egs/timit/s5/mfcc/raw_mfcc_train.4.ark:498112
MREW1_SX240 /home/sky/kaldi/egs/timit/s5/mfcc/raw_mfcc_train.8.ark:1397109
MTJM0_SX56 /home/sky/kaldi/egs/timit/s5/mfcc/raw_mfcc_train.10.ark:406828
MRLD0_SI2224 /home/sky/kaldi/egs/timit/s5/mfcc/raw_mfcc_train.9.ark:298746
MRAV0_SX18 /home/sky/kaldi/egs/timit/s5/mfcc/raw_mfcc_train.8.ark:1076841
FKKH0_SX300 /home/sky/kaldi/egs/timit/s5/mfcc/raw_mfcc_train.2.ark:629790
MJLS0_SX376 /home/sky/kaldi/egs/timit/s5/mfcc/raw_mfcc_train.6.ark:1253614
MMAM0_SX337 /home/sky/kaldi/egs/timit/s5/mfcc/raw_mfcc_train.7.ark:1198073
MTBC0_SX183 /home/sky/kaldi/egs/timit/s5/mfcc/raw_mfcc_train.10.ark:189086
MCSS0_SI688 /home/sky/kaldi/egs/timit/s5/mfcc/raw_mfcc_train.4.ark:1092932
MMEB0_SX327 /home/sky/kaldi/egs/timit/s5/mfcc/raw_mfcc_train.7.ark:1513587
MDDC0_SX69 /home/sky/kaldi/egs/timit/s5/mfcc/raw_mfcc_train.4.ark:1434050
MRKM0_SI1391 /home/sky/kaldi/egs/timit/s5/mfcc/raw_mfcc_train.9.ark:259431
FSJK1_SI1025 /home/sky/kaldi/egs/timit/s5/mfcc/raw_mfcc_train.3.ark:760545
MRCW0_SX291 /home/sky/kaldi/egs/timit/s5/mfcc/raw_mfcc_train.8.ark:1184185
MDNS0_SI873 /home/sky/kaldi/egs/timit/s5/mfcc/raw_mfcc_train.5.ark:536958
MSMS0_SX263 /home/sky/kaldi/egs/timit/s5/mfcc/raw_mfcc_train.9.ark:1423056
MMEA0_SI1388 /home/sky/kaldi/egs/timit/s5/mfcc/raw_mfcc_train.7.ark:1472239
MMDM1_SX243 /home/sky/kaldi/egs/timit/s5/mfcc/raw_mfcc_train.7.ark:1428110
MDWM0_SX286 /home/sky/kaldi/egs/timit/s5/mfcc/raw_mfcc_train.5.ark:893026
MAFM0_SX309 /home/sky/kaldi/egs/timit/s5/mfcc/raw_mfcc_train.4.ark:87108
MJBG0_SI1862 /home/sky/kaldi/egs/timit/s5/mfcc/raw_mfcc_train.6.ark:641786
FJHK0_SX302 /home/sky/kaldi/egs/timit/s5/mfcc/raw_mfcc_train.2.ark:118365
FJLR0_SX61 /home/sky/kaldi/egs/timit/s5/mfcc/raw_mfcc_train.2.ark:219833
MGES0_SX41 /home/sky/kaldi/egs/timit/s5/mfcc/raw_mfcc_train.6.ark:78486
MMSM0_SX26 /home/sky/kaldi/egs/timit/s5/mfcc/raw_mfcc_train.8.ark:248910
FVKB0_SX79 /home/sky/kaldi/egs/timit/s5/mfcc/raw_mfcc_train.3.ark:1401330
MPRD0_SI1431 /home/sky/kaldi/egs/timit/s5/mfcc/raw_mfcc_train.8.ark:798481
FVMH0_SX386 /home/sky/kaldi/egs/timit/s5/mfcc/raw_mfcc_train.3.ark:1432626
MABC0_SI781 /home/sky/kaldi/egs/timit/s5/mfcc/raw_mfcc_train.3.ark:1441125
FVKB0_SX259 /home/sky/kaldi/egs/timit/s5/mfcc/raw_mfcc_train.3.ark:1385957
FCMG0_SI1872 /home/sky/kaldi/egs/timit/s5/mfcc/raw_mfcc_train.1.ark:663906
MMAB1_SX54 /home/sky/kaldi/egs/timit/s5/mfcc/raw_mfcc_train.7.ark:1138769
MADC0_SX197 /home/sky/kaldi/egs/timit/s5/mfcc/raw_mfcc_train.3.ark:1485766
FPAZ0_SX423 /home/sky/kaldi/egs/timit/s5/mfcc/raw_mfcc_train.3.ark:248698
MTBC0_SX93 /home/sky/kaldi/egs/timit/s5/mfcc/raw_mfcc_train.10.ark:205701
MDEF0_SX123 /home/sky/kaldi/egs/timit/s5/mfcc/raw_mfcc_train.5.ark:13439
MMCC0_SX438 /home/sky/kaldi/egs/timit/s5/mfcc/raw_mfcc_train.7.ark:1308920
FSKC0_SI2046 /home/sky/kaldi/egs/timit/s5/mfcc/raw_mfcc_train.3.ark:862527
FJEN0_SI1677 /home/sky/kaldi/egs/timit/s5/mfcc/raw_mfcc_train.2.ark:63223
FMJB0_SX277 /home/sky/kaldi/egs/timit/s5/mfcc/raw_mfcc_train.2.ark:1346115
MAFM0_SX39 /home/sky/kaldi/egs/timit/s5/mfcc/raw_mfcc_train.4.ark:91144
FSAK0_SX40 /home/sky/kaldi/egs/timit/s5/mfcc/raw_mfcc_train.3.ark:544010
MDLC2_SX264 /home/sky/kaldi/egs/timit/s5/mfcc/raw_mfcc_train.5.ark:314078
MJRP0_SI1845 /home/sky/kaldi/egs/timit/s5/mfcc/raw_mfcc_train.7.ark:113294
MJFR0_SI2235 /home/sky/kaldi/egs/timit/s5/mfcc/raw_mfcc_train.6.ark:965179
MGAR0_SI1212 /home/sky/kaldi/egs/timit/s5/mfcc/raw_mfcc_train.5.ark:1459533
MJRH0_SX405 /home/sky/kaldi/egs/timit/s5/mfcc/raw_mfcc_train.7.ark:42126
MDEM0_SI800 /home/sky/kaldi/egs/timit/s5/mfcc/raw_mfcc_train.5.ark:39085
FMAH1_SX159 /home/sky/kaldi/egs/timit/s5/mfcc/raw_mfcc_train.2.ark:1240676
FCMM0_SI1957 /home/sky/kaldi/egs/timit/s5/mfcc/raw_mfcc_train.1.ark:691984
MAKB0_SI1016 /home/sky/kaldi/egs/timit/s5/mfcc/raw_mfcc_train.4.ark:133948
MGAK0_SX136 /home/sky/kaldi/egs/timit/s5/mfcc/raw_mfcc_train.5.ark:1436774
MDSS0_SI621 /home/sky/kaldi/egs/timit/s5/mfcc/raw_mfcc_train.5.ark:727724
FSKC0_SI786 /home/sky/kaldi/egs/timit/s5/mfcc/raw_mfcc_train.3.ark:866954
MVLO0_SI517 /home/sky/kaldi/egs/timit/s5/mfcc/raw_mfcc_train.10.ark:1077180
FDJH0_SX35 /home/sky/kaldi/egs/timit/s5/mfcc/raw_mfcc_train.1.ark:903508
MEAL0_SX347 /home/sky/kaldi/egs/timit/s5/mfcc/raw_mfcc_train.5.ark:923849
MCDC0_SI662 /home/sky/kaldi/egs/timit/s5/mfcc/raw_mfcc_train.4.ark:770788
MVLO0_SX157 /home/sky/kaldi/egs/timit/s5/mfcc/raw_mfcc_train.10.ark:1083024
MJBG0_SI1724 /home/sky/kaldi/egs/timit/s5/mfcc/raw_mfcc_train.6.ark:639490
MRJB1_SX30 /home/sky/kaldi/egs/timit/s5/mfcc/raw_mfcc_train.9.ark:103472
MKDB0_SI872 /home/sky/kaldi/egs/timit/s5/mfcc/raw_mfcc_train.7.ark:490874
MRBC0_SX239 /home/sky/kaldi/egs/timit/s5/mfcc/raw_mfcc_train.8.ark:1105850
FKLC0_SX175 /home/sky/kaldi/egs/timit/s5/mfcc/raw_mfcc_train.2.ark:649275
MGXP0_SI1087 /home/sky/kaldi/egs/timit/s5/mfcc/raw_mfcc_train.6.ark:256383
FLJA0_SX88 /home/sky/kaldi/egs/timit/s5/mfcc/raw_mfcc_train.2.ark:959908
FSAG0_SX333 /home/sky/kaldi/egs/timit/s5/mfcc/raw_mfcc_train.3.ark:467918
MESG0_SI1962 /home/sky/kaldi/egs/timit/s5/mfcc/raw_mfcc_train.5.ark:1094765
FNTB0_SI1203 /home/sky/kaldi/egs/timit/s5/mfcc/raw_mfcc_train.3.ark:51525
MKRG0_SX141 /home/sky/kaldi/egs/timit/s5/mfcc/raw_mfcc_train.7.ark:822030
FAPB0_SI1063 /home/sky/kaldi/egs/timit/s5/mfcc/raw_mfcc_train.1.ark:131783
MDLR1_SX39 /home/sky/kaldi/egs/timit/s5/mfcc/raw_mfcc_train.5.ark:451897
MBBR0_SX245 /home/sky/kaldi/egs/timit/s5/mfcc/raw_mfcc_train.4.ark:339669
MARC0_SX18 /home/sky/kaldi/egs/timit/s5/mfcc/raw_mfcc_train.4.ark:244453
MEWM0_SX88 /home/sky/kaldi/egs/timit/s5/mfcc/raw_mfcc_train.5.ark:1175232
MRAV0_SI2268 /home/sky/kaldi/egs/timit/s5/mfcc/raw_mfcc_train.8.ark:1068313
FALK0_SX96 /home/sky/kaldi/egs/timit/s5/mfcc/raw_mfcc_train.1.ark:97372
MDMT0_SI1832 /home/sky/kaldi/egs/timit/s5/mfcc/raw_mfcc_train.5.ark:497938
MSAH1_SX239 /home/sky/kaldi/egs/timit/s5/mfcc/raw_mfcc_train.9.ark:955815
FLJA0_SX268 /home/sky/kaldi/egs/timit/s5/mfcc/raw_mfcc_train.2.ark:947135
MJXL0_SX452 /home/sky/kaldi/egs/timit/s5/mfcc/raw_mfcc_train.7.ark:344823
