FCEG0_SX78 /home/sky/kaldi/egs/timit/s5/mfcc/raw_mfcc_train.1.ark:534512
MMWS0_SX258 /home/sky/kaldi/egs/timit/s5/mfcc/raw_mfcc_train.8.ark:355649
FCRZ0_SX163 /home/sky/kaldi/egs/timit/s5/mfcc/raw_mfcc_train.1.ark:731874
MDPK0_SI1683 /home/sky/kaldi/egs/timit/s5/mfcc/raw_mfcc_train.5.ark:598542
FECD0_SX68 /home/sky/kaldi/egs/timit/s5/mfcc/raw_mfcc_train.1.ark:1221946
MTPR0_SX430 /home/sky/kaldi/egs/timit/s5/mfcc/raw_mfcc_train.10.ark:830948
MJEE0_SI1867 /home/sky/kaldi/egs/timit/s5/mfcc/raw_mfcc_train.6.ark:906981
FJLG0_SI2306 /home/sky/kaldi/egs/timit/s5/mfcc/raw_mfcc_train.2.ark:168223
FMJB0_SI547 /home/sky/kaldi/egs/timit/s5/mfcc/raw_mfcc_train.2.ark:1339055
MWGR0_SX256 /home/sky/kaldi/egs/timit/s5/mfcc/raw_mfcc_train.10.ark:1335431
MEFG0_SI598 /home/sky/kaldi/egs/timit/s5/mfcc/raw_mfcc_train.5.ark:969837
MEFG0_SX15 /home/sky/kaldi/egs/timit/s5/mfcc/raw_mfcc_train.5.ark:979210
FKLH0_SX87 /home/sky/kaldi/egs/timit/s5/mfcc/raw_mfcc_train.2.ark:732409
MJSR0_SX254 /home/sky/kaldi/egs/timit/s5/mfcc/raw_mfcc_train.7.ark:163747
MJFR0_SX345 /home/sky/kaldi/egs/timit/s5/mfcc/raw_mfcc_train.6.ark:981717
FSLS0_SX426 /home/sky/kaldi/egs/timit/s5/mfcc/raw_mfcc_train.3.ark:975886
FKKH0_SX210 /home/sky/kaldi/egs/timit/s5/mfcc/raw_mfcc_train.2.ark:623459
MRCW0_SX21 /home/sky/kaldi/egs/timit/s5/mfcc/raw_mfcc_train.8.ark:1181851
MDSS1_SX337 /home/sky/kaldi/egs/timit/s5/mfcc/raw_mfcc_train.5.ark:767270
MMAM0_SX427 /home/sky/kaldi/egs/timit/s5/mfcc/raw_mfcc_train.7.ark:1201512
MBSB0_SX183 /home/sky/kaldi/egs/timit/s5/mfcc/raw_mfcc_train.4.ark:609965
FPMY0_SX196 /home/sky/kaldi/egs/timit/s5/mfcc/raw_mfcc_train.3.ark:340660
MJLB0_SI2246 /home/sky/kaldi/egs/timit/s5/mfcc/raw_mfcc_train.6.ark:1169998
MPRK0_SI1097 /home/sky/kaldi/egs/timit/s5/mfcc/raw_mfcc_train.8.ark:834899
MREW1_SX420 /home/sky/kaldi/egs/timit/s5/mfcc/raw_mfcc_train.8.ark:1405586
MLJH0_SI1422 /home/sky/kaldi/egs/timit/s5/mfcc/raw_mfcc_train.7.ark:973192
FJXM0_SX131 /home/sky/kaldi/egs/timit/s5/mfcc/raw_mfcc_train.2.ark:405463
MTPF0_SX335 /home/sky/kaldi/egs/timit/s5/mfcc/raw_mfcc_train.10.ark:732932
MGSH0_SX186 /home/sky/kaldi/egs/timit/s5/mfcc/raw_mfcc_train.6.ark:204756
MMAR0_SX166 /home/sky/kaldi/egs/timit/s5/mfcc/raw_mfcc_train.7.ark:1222712
MREW1_SX150 /home/sky/kaldi/egs/timit/s5/mfcc/raw_mfcc_train.8.ark:1394034
FBCG1_SI982 /home/sky/kaldi/egs/timit/s5/mfcc/raw_mfcc_train.1.ark:211994
MAKB0_SX296 /home/sky/kaldi/egs/timit/s5/mfcc/raw_mfcc_train.4.ark:165399
MTRC0_SX183 /home/sky/kaldi/egs/timit/s5/mfcc/raw_mfcc_train.10.ark:898829
MSTF0_SI852 /home/sky/kaldi/egs/timit/s5/mfcc/raw_mfcc_train.9.ark:1507061
FJRP1_SX352 /home/sky/kaldi/egs/timit/s5/mfcc/raw_mfcc_train.2.ark:281645
FPAZ0_SX27 /home/sky/kaldi/egs/timit/s5/mfcc/raw_mfcc_train.3.ark:246169
MJKR0_SX391 /home/sky/kaldi/egs/timit/s5/mfcc/raw_mfcc_train.6.ark:1161142
MRBC0_SX419 /home/sky/kaldi/egs/timit/s5/mfcc/raw_mfcc_train.8.ark:1114821
FDJH0_SX35 /home/sky/kaldi/egs/timit/s5/mfcc/raw_mfcc_train.1.ark:903508
MFRM0_SX165 /home/sky/kaldi/egs/timit/s5/mfcc/raw_mfcc_train.5.ark:1253403
FMJF0_SX84 /home/sky/kaldi/egs/timit/s5/mfcc/raw_mfcc_train.2.ark:1390078
MSFV0_SI1892 /home/sky/kaldi/egs/timit/s5/mfcc/raw_mfcc_train.9.ark:1271995
FLOD0_SX297 /home/sky/kaldi/egs/timit/s5/mfcc/raw_mfcc_train.2.ark:1188048
MKRG0_SX141 /home/sky/kaldi/egs/timit/s5/mfcc/raw_mfcc_train.7.ark:822030
FJXP0_SX402 /home/sky/kaldi/egs/timit/s5/mfcc/raw_mfcc_train.2.ark:453719
FLJG0_SX351 /home/sky/kaldi/egs/timit/s5/mfcc/raw_mfcc_train.2.ark:1020485
FSJG0_SX310 /home/sky/kaldi/egs/timit/s5/mfcc/raw_mfcc_train.3.ark:744196
MJRK0_SX430 /home/sky/kaldi/egs/timit/s5/mfcc/raw_mfcc_train.7.ark:104757
MDNS0_SI1011 /home/sky/kaldi/egs/timit/s5/mfcc/raw_mfcc_train.5.ark:527479
MJMM0_SI1885 /home/sky/kaldi/egs/timit/s5/mfcc/raw_mfcc_train.6.ark:1321904
MSAT1_SX83 /home/sky/kaldi/egs/timit/s5/mfcc/raw_mfcc_train.9.ark:1059422
MDMT0_SI572 /home/sky/kaldi/egs/timit/s5/mfcc/raw_mfcc_train.5.ark:501801
MFXV0_SX195 /home/sky/kaldi/egs/timit/s5/mfcc/raw_mfcc_train.5.ark:1354937
FBMJ0_SI1776 /home/sky/kaldi/egs/timit/s5/mfcc/raw_mfcc_train.1.ark:374283
MDHL0_SX179 /home/sky/kaldi/egs/timit/s5/mfcc/raw_mfcc_train.5.ark:81308
FBCH0_SX56 /home/sky/kaldi/egs/timit/s5/mfcc/raw_mfcc_train.1.ark:270792
MESJ0_SX97 /home/sky/kaldi/egs/timit/s5/mfcc/raw_mfcc_train.5.ark:1148629
FSAH0_SX434 /home/sky/kaldi/egs/timit/s5/mfcc/raw_mfcc_train.3.ark:512754
FLJD0_SI1516 /home/sky/kaldi/egs/timit/s5/mfcc/raw_mfcc_train.2.ark:964609
MTJG0_SX350 /home/sky/kaldi/egs/timit/s5/mfcc/raw_mfcc_train.10.ark:365639
MRBC0_SI1859 /home/sky/kaldi/egs/timit/s5/mfcc/raw_mfcc_train.8.ark:1093739
MTKP0_SX123 /home/sky/kaldi/egs/timit/s5/mfcc/raw_mfcc_train.10.ark:531452
FJHK0_SX302 /home/sky/kaldi/egs/timit/s5/mfcc/raw_mfcc_train.2.ark:118365
MKXL0_SX375 /home/sky/kaldi/egs/timit/s5/mfcc/raw_mfcc_train.7.ark:864130
MWAR0_SX235 /home/sky/kaldi/egs/timit/s5/mfcc/raw_mfcc_train.10.ark:1210531
MEDR0_SX384 /home/sky/kaldi/egs/timit/s5/mfcc/raw_mfcc_train.5.ark:957440
FRJB0_SX77 /home/sky/kaldi/egs/timit/s5/mfcc/raw_mfcc_train.3.ark:410943
MRCW0_SI741 /home/sky/kaldi/egs/timit/s5/mfcc/raw_mfcc_train.8.ark:1169429
MJDA0_SX221 /home/sky/kaldi/egs/timit/s5/mfcc/raw_mfcc_train.6.ark:679675
MPAR0_SX406 /home/sky/kaldi/egs/timit/s5/mfcc/raw_mfcc_train.8.ark:513961
MTAS0_SX305 /home/sky/kaldi/egs/timit/s5/mfcc/raw_mfcc_train.10.ark:98345
FBJL0_SI1552 /home/sky/kaldi/egs/timit/s5/mfcc/raw_mfcc_train.1.ark:274856
MJWS0_SX153 /home/sky/kaldi/egs/timit/s5/mfcc/raw_mfcc_train.7.ark:229763
MCEW0_SX452 /home/sky/kaldi/egs/timit/s5/mfcc/raw_mfcc_train.4.ark:921129
MGJC0_SX435 /home/sky/kaldi/egs/timit/s5/mfcc/raw_mfcc_train.6.ark:108880
FSJS0_SX91 /home/sky/kaldi/egs/timit/s5/mfcc/raw_mfcc_train.3.ark:820360
FKKH0_SX120 /home/sky/kaldi/egs/timit/s5/mfcc/raw_mfcc_train.2.ark:618980
MKDT0_SI2153 /home/sky/kaldi/egs/timit/s5/mfcc/raw_mfcc_train.7.ark:548134
MMCC0_SX348 /home/sky/kaldi/egs/timit/s5/mfcc/raw_mfcc_train.7.ark:1304402
MPGR0_SI780 /home/sky/kaldi/egs/timit/s5/mfcc/raw_mfcc_train.8.ark:619668
MRTJ0_SI1551 /home/sky/kaldi/egs/timit/s5/mfcc/raw_mfcc_train.9.ark:781001
MJSR0_SI794 /home/sky/kaldi/egs/timit/s5/mfcc/raw_mfcc_train.7.ark:152267
MDDC0_SI2049 /home/sky/kaldi/egs/timit/s5/mfcc/raw_mfcc_train.4.ark:1413664
MRGS0_SX366 /home/sky/kaldi/egs/timit/s5/mfcc/raw_mfcc_train.9.ark:32406
FEME0_SX335 /home/sky/kaldi/egs/timit/s5/mfcc/raw_mfcc_train.1.ark:1281197
MKDT0_SX443 /home/sky/kaldi/egs/timit/s5/mfcc/raw_mfcc_train.7.ark:574280
MDED0_SI1800 /home/sky/kaldi/egs/timit/s5/mfcc/raw_mfcc_train.4.ark:1441697
MVJH0_SI2186 /home/sky/kaldi/egs/timit/s5/mfcc/raw_mfcc_train.10.ark:1045383
FLEH0_SI1051 /home/sky/kaldi/egs/timit/s5/mfcc/raw_mfcc_train.2.ark:835496
MRJM0_SX148 /home/sky/kaldi/egs/timit/s5/mfcc/raw_mfcc_train.9.ark:165310
MWAD0_SX342 /home/sky/kaldi/egs/timit/s5/mfcc/raw_mfcc_train.10.ark:1183999
MJJJ0_SX263 /home/sky/kaldi/egs/timit/s5/mfcc/raw_mfcc_train.6.ark:1081825
MPAR0_SX316 /home/sky/kaldi/egs/timit/s5/mfcc/raw_mfcc_train.8.ark:510990
MMGG0_SX269 /home/sky/kaldi/egs/timit/s5/mfcc/raw_mfcc_train.8.ark:56305
MMDS0_SX263 /home/sky/kaldi/egs/timit/s5/mfcc/raw_mfcc_train.7.ark:1459835
MBML0_SX179 /home/sky/kaldi/egs/timit/s5/mfcc/raw_mfcc_train.4.ark:550764
MCEW0_SX272 /home/sky/kaldi/egs/timit/s5/mfcc/raw_mfcc_train.4.ark:910806
FKAA0_SX38 /home/sky/kaldi/egs/timit/s5/mfcc/raw_mfcc_train.2.ark:486067
MJRH0_SI1840 /home/sky/kaldi/egs/timit/s5/mfcc/raw_mfcc_train.7.ark:24678
MGRP0_SX417 /home/sky/kaldi/egs/timit/s5/mfcc/raw_mfcc_train.6.ark:177257
MRXB0_SI1585 /home/sky/kaldi/egs/timit/s5/mfcc/raw_mfcc_train.9.ark:909929
MILB0_SI903 /home/sky/kaldi/egs/timit/s5/mfcc/raw_mfcc_train.6.ark:514692
MRCG0_SX348 /home/sky/kaldi/egs/timit/s5/mfcc/raw_mfcc_train.8.ark:1145070
MTAB0_SI1572 /home/sky/kaldi/egs/timit/s5/mfcc/raw_mfcc_train.10.ark:43717
FJHK0_SX392 /home/sky/kaldi/egs/timit/s5/mfcc/raw_mfcc_train.2.ark:125125
MRCW0_SX111 /home/sky/kaldi/egs/timit/s5/mfcc/raw_mfcc_train.8.ark:1175169
FDAS1_SX111 /home/sky/kaldi/egs/timit/s5/mfcc/raw_mfcc_train.1.ark:800069
MKAG0_SX79 /home/sky/kaldi/egs/timit/s5/mfcc/raw_mfcc_train.7.ark:384418
MMEB0_SX7 /home/sky/kaldi/egs/timit/s5/mfcc/raw_mfcc_train.8.ark:3514
MPAR0_SI946 /home/sky/kaldi/egs/timit/s5/mfcc/raw_mfcc_train.8.ark:499867
MPRB0_SX215 /home/sky/kaldi/egs/timit/s5/mfcc/raw_mfcc_train.8.ark:780799
MCHL0_SI1977 /home/sky/kaldi/egs/timit/s5/mfcc/raw_mfcc_train.4.ark:943103
MADC0_SX287 /home/sky/kaldi/egs/timit/s5/mfcc/raw_mfcc_train.3.ark:1489192
MTLB0_SX144 /home/sky/kaldi/egs/timit/s5/mfcc/raw_mfcc_train.10.ark:560551
FMBG0_SX80 /home/sky/kaldi/egs/timit/s5/mfcc/raw_mfcc_train.2.ark:1288677
FAPB0_SX253 /home/sky/kaldi/egs/timit/s5/mfcc/raw_mfcc_train.1.ark:152587
MAFM0_SX219 /home/sky/kaldi/egs/timit/s5/mfcc/raw_mfcc_train.4.ark:83279
MMCC0_SI1338 /home/sky/kaldi/egs/timit/s5/mfcc/raw_mfcc_train.7.ark:1285035
MDLM0_SX334 /home/sky/kaldi/egs/timit/s5/mfcc/raw_mfcc_train.5.ark:381616
FDKN0_SX181 /home/sky/kaldi/egs/timit/s5/mfcc/raw_mfcc_train.1.ark:924216
MEGJ0_SI1967 /home/sky/kaldi/egs/timit/s5/mfcc/raw_mfcc_train.5.ark:1002309
MFWK0_SI1249 /home/sky/kaldi/egs/timit/s5/mfcc/raw_mfcc_train.5.ark:1272041
MJAC0_SI2148 /home/sky/kaldi/egs/timit/s5/mfcc/raw_mfcc_train.6.ark:540259
MRMS0_SX300 /home/sky/kaldi/egs/timit/s5/mfcc/raw_mfcc_train.9.ark:600026
MVLO0_SX157 /home/sky/kaldi/egs/timit/s5/mfcc/raw_mfcc_train.10.ark:1083024
MHMG0_SI1995 /home/sky/kaldi/egs/timit/s5/mfcc/raw_mfcc_train.6.ark:383003
FVMH0_SI1466 /home/sky/kaldi/egs/timit/s5/mfcc/raw_mfcc_train.3.ark:1405056
MZMB0_SI1166 /home/sky/kaldi/egs/timit/s5/mfcc/raw_mfcc_train.10.ark:1481727
MRJH0_SI914 /home/sky/kaldi/egs/timit/s5/mfcc/raw_mfcc_train.9.ark:127181
MGAW0_SX445 /home/sky/kaldi/egs/timit/s5/mfcc/raw_mfcc_train.6.ark:49498
MJLB0_SX176 /home/sky/kaldi/egs/timit/s5/mfcc/raw_mfcc_train.6.ark:1176213
MRMS0_SX120 /home/sky/kaldi/egs/timit/s5/mfcc/raw_mfcc_train.9.ark:590932
MRPC1_SX42 /home/sky/kaldi/egs/timit/s5/mfcc/raw_mfcc_train.9.ark:631213
MJKR0_SX31 /home/sky/kaldi/egs/timit/s5/mfcc/raw_mfcc_train.6.ark:1158171
MEJL0_SI962 /home/sky/kaldi/egs/timit/s5/mfcc/raw_mfcc_train.5.ark:1036665
FKFB0_SI1608 /home/sky/kaldi/egs/timit/s5/mfcc/raw_mfcc_train.2.ark:564119
MDAC0_SX271 /home/sky/kaldi/egs/timit/s5/mfcc/raw_mfcc_train.4.ark:1234829
MGAK0_SX46 /home/sky/kaldi/egs/timit/s5/mfcc/raw_mfcc_train.5.ark:1456639
FMEM0_SX333 /home/sky/kaldi/egs/timit/s5/mfcc/raw_mfcc_train.2.ark:1316171
FEEH0_SI1112 /home/sky/kaldi/egs/timit/s5/mfcc/raw_mfcc_train.1.ark:1225893
MABC0_SI781 /home/sky/kaldi/egs/timit/s5/mfcc/raw_mfcc_train.3.ark:1441125
MDCD0_SX335 /home/sky/kaldi/egs/timit/s5/mfcc/raw_mfcc_train.4.ark:1364438
FKLC1_SX418 /home/sky/kaldi/egs/timit/s5/mfcc/raw_mfcc_train.2.ark:694152
FDXW0_SX71 /home/sky/kaldi/egs/timit/s5/mfcc/raw_mfcc_train.1.ark:1118061
FSAK0_SX40 /home/sky/kaldi/egs/timit/s5/mfcc/raw_mfcc_train.3.ark:544010
FKFB0_SX168 /home/sky/kaldi/egs/timit/s5/mfcc/raw_mfcc_train.2.ark:578142
MGAR0_SI1842 /home/sky/kaldi/egs/timit/s5/mfcc/raw_mfcc_train.6.ark:13
MKAM0_SX416 /home/sky/kaldi/egs/timit/s5/mfcc/raw_mfcc_train.7.ark:476143
MRSO0_SX129 /home/sky/kaldi/egs/timit/s5/mfcc/raw_mfcc_train.9.ark:688422
MSDS0_SX267 /home/sky/kaldi/egs/timit/s5/mfcc/raw_mfcc_train.9.ark:1139200
MKDB0_SX62 /home/sky/kaldi/egs/timit/s5/mfcc/raw_mfcc_train.7.ark:512306
FEXM0_SX111 /home/sky/kaldi/egs/timit/s5/mfcc/raw_mfcc_train.1.ark:1341058
MMDG0_SX430 /home/sky/kaldi/egs/timit/s5/mfcc/raw_mfcc_train.7.ark:1373644
MMPM0_SX341 /home/sky/kaldi/egs/timit/s5/mfcc/raw_mfcc_train.8.ark:179898
MCAE0_SX277 /home/sky/kaldi/egs/timit/s5/mfcc/raw_mfcc_train.4.ark:713698
FEXM0_SX381 /home/sky/kaldi/egs/timit/s5/mfcc/raw_mfcc_train.1.ark:1360924
FPAD0_SX356 /home/sky/kaldi/egs/timit/s5/mfcc/raw_mfcc_train.3.ark:177922
MBWP0_SX259 /home/sky/kaldi/egs/timit/s5/mfcc/raw_mfcc_train.4.ark:670858
FPLS0_SX330 /home/sky/kaldi/egs/timit/s5/mfcc/raw_mfcc_train.3.ark:310717
MMGK0_SX152 /home/sky/kaldi/egs/timit/s5/mfcc/raw_mfcc_train.8.ark:81432
MKLS1_SX195 /home/sky/kaldi/egs/timit/s5/mfcc/raw_mfcc_train.7.ark:762154
MKAM0_SX56 /home/sky/kaldi/egs/timit/s5/mfcc/raw_mfcc_train.7.ark:479594
MPGH0_SX24 /home/sky/kaldi/egs/timit/s5/mfcc/raw_mfcc_train.8.ark:603706
FKDW0_SI577 /home/sky/kaldi/egs/timit/s5/mfcc/raw_mfcc_train.2.ark:545357
FPLS0_SX240 /home/sky/kaldi/egs/timit/s5/mfcc/raw_mfcc_train.3.ark:304621
MJPG0_SX381 /home/sky/kaldi/egs/timit/s5/mfcc/raw_mfcc_train.6.ark:1371194
MTMN0_SX344 /home/sky/kaldi/egs/timit/s5/mfcc/raw_mfcc_train.10.ark:670470
MSAT1_SI1073 /home/sky/kaldi/egs/timit/s5/mfcc/raw_mfcc_train.9.ark:1031955
MTPG0_SX123 /home/sky/kaldi/egs/timit/s5/mfcc/raw_mfcc_train.10.ark:755894
MDPB0_SX416 /home/sky/kaldi/egs/timit/s5/mfcc/raw_mfcc_train.5.ark:586729
MCEW0_SI1442 /home/sky/kaldi/egs/timit/s5/mfcc/raw_mfcc_train.4.ark:890081
FBMH0_SX326 /home/sky/kaldi/egs/timit/s5/mfcc/raw_mfcc_train.1.ark:363927
MBJV0_SX167 /home/sky/kaldi/egs/timit/s5/mfcc/raw_mfcc_train.4.ark:456538
FLMC0_SI742 /home/sky/kaldi/egs/timit/s5/mfcc/raw_mfcc_train.2.ark:1108423
MJRG0_SX352 /home/sky/kaldi/egs/timit/s5/mfcc/raw_mfcc_train.7.ark:7643
MGAF0_SI1282 /home/sky/kaldi/egs/timit/s5/mfcc/raw_mfcc_train.5.ark:1365424
MSEM1_SI810 /home/sky/kaldi/egs/timit/s5/mfcc/raw_mfcc_train.9.ark:1169949
FAEM0_SX312 /home/sky/kaldi/egs/timit/s5/mfcc/raw_mfcc_train.1.ark:20537
MMPM0_SX71 /home/sky/kaldi/egs/timit/s5/mfcc/raw_mfcc_train.8.ark:188309
MMAA0_SX395 /home/sky/kaldi/egs/timit/s5/mfcc/raw_mfcc_train.7.ark:1105133
MFER0_SX52 /home/sky/kaldi/egs/timit/s5/mfcc/raw_mfcc_train.5.ark:1203590
MTAT1_SX149 /home/sky/kaldi/egs/timit/s5/mfcc/raw_mfcc_train.10.ark:152213
MGRP0_SX57 /home/sky/kaldi/egs/timit/s5/mfcc/raw_mfcc_train.6.ark:181670
FNTB0_SI573 /home/sky/kaldi/egs/timit/s5/mfcc/raw_mfcc_train.3.ark:54795
FDAS1_SI2091 /home/sky/kaldi/egs/timit/s5/mfcc/raw_mfcc_train.1.ark:790422
MKXL0_SX285 /home/sky/kaldi/egs/timit/s5/mfcc/raw_mfcc_train.7.ark:860886
MAJP0_SI2334 /home/sky/kaldi/egs/timit/s5/mfcc/raw_mfcc_train.4.ark:106294
MWDK0_SX356 /home/sky/kaldi/egs/timit/s5/mfcc/raw_mfcc_train.10.ark:1273495
FSMM0_SI1944 /home/sky/kaldi/egs/timit/s5/mfcc/raw_mfcc_train.3.ark:1022245
FSGF0_SX27 /home/sky/kaldi/egs/timit/s5/mfcc/raw_mfcc_train.3.ark:706893
MADC0_SX377 /home/sky/kaldi/egs/timit/s5/mfcc/raw_mfcc_train.3.ark:1493268
MCDD0_SX253 /home/sky/kaldi/egs/timit/s5/mfcc/raw_mfcc_train.4.ark:808715
MTDB0_SX51 /home/sky/kaldi/egs/timit/s5/mfcc/raw_mfcc_train.10.ark:270178
FJXM0_SX41 /home/sky/kaldi/egs/timit/s5/mfcc/raw_mfcc_train.2.ark:424041
MRLJ1_SX141 /home/sky/kaldi/egs/timit/s5/mfcc/raw_mfcc_train.9.ark:363056
FLMC0_SX22 /home/sky/kaldi/egs/timit/s5/mfcc/raw_mfcc_train.2.ark:1115911
FEAC0_SI1245 /home/sky/kaldi/egs/timit/s5/mfcc/raw_mfcc_train.1.ark:1120838
FJLG0_SI1506 /home/sky/kaldi/egs/timit/s5/mfcc/raw_mfcc_train.2.ark:159822
MSFH0_SX136 /home/sky/kaldi/egs/timit/s5/mfcc/raw_mfcc_train.9.ark:1245406
MMAG0_SI1756 /home/sky/kaldi/egs/timit/s5/mfcc/raw_mfcc_train.7.ark:1148054
FLOD0_SX171 /home/sky/kaldi/egs/timit/s5/mfcc/raw_mfcc_train.2.ark:1180156
MAEO0_SX156 /home/sky/kaldi/egs/timit/s5/mfcc/raw_mfcc_train.4.ark:51456
MTXS0_SI1690 /home/sky/kaldi/egs/timit/s5/mfcc/raw_mfcc_train.10.ark:1007690
FPAC0_SI2011 /home/sky/kaldi/egs/timit/s5/mfcc/raw_mfcc_train.3.ark:126149
FJHK0_SI1022 /home/sky/kaldi/egs/timit/s5/mfcc/raw_mfcc_train.2.ark:96761
MEWM0_SI1348 /home/sky/kaldi/egs/timit/s5/mfcc/raw_mfcc_train.5.ark:1151406
FDXW0_SI2141 /home/sky/kaldi/egs/timit/s5/mfcc/raw_mfcc_train.1.ark:1095413
MDMA0_SI1238 /home/sky/kaldi/egs/timit/s5/mfcc/raw_mfcc_train.5.ark:459543
FDJH0_SX125 /home/sky/kaldi/egs/timit/s5/mfcc/raw_mfcc_train.1.ark:892997
MHJB0_SX387 /home/sky/kaldi/egs/timit/s5/mfcc/raw_mfcc_train.6.ark:375928
MJDM0_SX440 /home/sky/kaldi/egs/timit/s5/mfcc/raw_mfcc_train.6.ark:827779
MRAB1_SX398 /home/sky/kaldi/egs/timit/s5/mfcc/raw_mfcc_train.8.ark:990343
MJMD0_SX308 /home/sky/kaldi/egs/timit/s5/mfcc/raw_mfcc_train.6.ark:1305040
MDSS0_SX171 /home/sky/kaldi/egs/timit/s5/mfcc/raw_mfcc_train.5.ark:731163
MRAV0_SI2268 /home/sky/kaldi/egs/timit/s5/mfcc/raw_mfcc_train.8.ark:1068313
MRLJ1_SI2301 /home/sky/kaldi/egs/timit/s5/mfcc/raw_mfcc_train.9.ark:355566
MVLO0_SI517 /home/sky/kaldi/egs/timit/s5/mfcc/raw_mfcc_train.10.ark:1077180
FLET0_SX57 /home/sky/kaldi/egs/timit/s5/mfcc/raw_mfcc_train.2.ark:895585
MJRA0_SI606 /home/sky/kaldi/egs/timit/s5/mfcc/raw_mfcc_train.6.ark:1448421
FETB0_SX68 /home/sky/kaldi/egs/timit/s5/mfcc/raw_mfcc_train.1.ark:1322919
FLET0_SI507 /home/sky/kaldi/egs/timit/s5/mfcc/raw_mfcc_train.2.ark:876675
MDWD0_SI1890 /home/sky/kaldi/egs/timit/s5/mfcc/raw_mfcc_train.5.ark:810998
MKDB0_SX332 /home/sky/kaldi/egs/timit/s5/mfcc/raw_mfcc_train.7.ark:503037
FJSK0_SI1682 /home/sky/kaldi/egs/timit/s5/mfcc/raw_mfcc_train.2.ark:304242
FSAH0_SX344 /home/sky/kaldi/egs/timit/s5/mfcc/raw_mfcc_train.3.ark:509978
FCLT0_SI1438 /home/sky/kaldi/egs/timit/s5/mfcc/raw_mfcc_train.1.ark:622103
MRAV0_SX198 /home/sky/kaldi/egs/timit/s5/mfcc/raw_mfcc_train.8.ark:1079916
MTWH1_SX162 /home/sky/kaldi/egs/timit/s5/mfcc/raw_mfcc_train.10.ark:983779
FSSB0_SX272 /home/sky/kaldi/egs/timit/s5/mfcc/raw_mfcc_train.3.ark:1169070
MPSW0_SX77 /home/sky/kaldi/egs/timit/s5/mfcc/raw_mfcc_train.8.ark:925632
MAKR0_SI1352 /home/sky/kaldi/egs/timit/s5/mfcc/raw_mfcc_train.4.ark:172239
MWSH0_SX346 /home/sky/kaldi/egs/timit/s5/mfcc/raw_mfcc_train.10.ark:1468433
MDED0_SX270 /home/sky/kaldi/egs/timit/s5/mfcc/raw_mfcc_train.4.ark:1456317
MBCG0_SI957 /home/sky/kaldi/egs/timit/s5/mfcc/raw_mfcc_train.4.ark:359913
FSSB0_SX362 /home/sky/kaldi/egs/timit/s5/mfcc/raw_mfcc_train.3.ark:1172431
MADC0_SX197 /home/sky/kaldi/egs/timit/s5/mfcc/raw_mfcc_train.3.ark:1485766
MJFH0_SX27 /home/sky/kaldi/egs/timit/s5/mfcc/raw_mfcc_train.6.ark:952123
MSAT0_SI2156 /home/sky/kaldi/egs/timit/s5/mfcc/raw_mfcc_train.9.ark:1009741
MWCH0_SX272 /home/sky/kaldi/egs/timit/s5/mfcc/raw_mfcc_train.10.ark:1237304
MRFL0_SI526 /home/sky/kaldi/egs/timit/s5/mfcc/raw_mfcc_train.8.ark:1452356
MDNS0_SX111 /home/sky/kaldi/egs/timit/s5/mfcc/raw_mfcc_train.5.ark:543088
MMDB0_SI1358 /home/sky/kaldi/egs/timit/s5/mfcc/raw_mfcc_train.7.ark:1317085
FBJL0_SI922 /home/sky/kaldi/egs/timit/s5/mfcc/raw_mfcc_train.1.ark:282294
MTAB0_SX132 /home/sky/kaldi/egs/timit/s5/mfcc/raw_mfcc_train.10.ark:59131
MKLW0_SX41 /home/sky/kaldi/egs/timit/s5/mfcc/raw_mfcc_train.7.ark:801668
MLNS0_SX147 /home/sky/kaldi/egs/timit/s5/mfcc/raw_mfcc_train.7.ark:1022221
MSES0_SX59 /home/sky/kaldi/egs/timit/s5/mfcc/raw_mfcc_train.9.ark:1226747
MRDS0_SX177 /home/sky/kaldi/egs/timit/s5/mfcc/raw_mfcc_train.8.ark:1264586
FDAS1_SX291 /home/sky/kaldi/egs/timit/s5/mfcc/raw_mfcc_train.1.ark:810710
MRLR0_SI1196 /home/sky/kaldi/egs/timit/s5/mfcc/raw_mfcc_train.9.ark:412418
MTMT0_SX128 /home/sky/kaldi/egs/timit/s5/mfcc/raw_mfcc_train.10.ark:694017
MMDS0_SI713 /home/sky/kaldi/egs/timit/s5/mfcc/raw_mfcc_train.7.ark:1453139
MJLG1_SI1642 /home/sky/kaldi/egs/timit/s5/mfcc/raw_mfcc_train.6.ark:1197810
MWSH0_SX76 /home/sky/kaldi/egs/timit/s5/mfcc/raw_mfcc_train.10.ark:1476844
MWRE0_SX247 /home/sky/kaldi/egs/timit/s5/mfcc/raw_mfcc_train.10.ark:1365103
MTDP0_SI2151 /home/sky/kaldi/egs/timit/s5/mfcc/raw_mfcc_train.10.ark:282552
MJPM1_SX221 /home/sky/kaldi/egs/timit/s5/mfcc/raw_mfcc_train.6.ark:1420766
MEAL0_SX377 /home/sky/kaldi/egs/timit/s5/mfcc/raw_mfcc_train.5.ark:928419
MRAB1_SI1478 /home/sky/kaldi/egs/timit/s5/mfcc/raw_mfcc_train.8.ark:961434
MKAJ0_SX154 /home/sky/kaldi/egs/timit/s5/mfcc/raw_mfcc_train.7.ark:432943
MEJS0_SX430 /home/sky/kaldi/egs/timit/s5/mfcc/raw_mfcc_train.5.ark:1084382
MTPP0_SX158 /home/sky/kaldi/egs/timit/s5/mfcc/raw_mfcc_train.10.ark:784252
MSVS0_SX128 /home/sky/kaldi/egs/timit/s5/mfcc/raw_mfcc_train.10.ark:20178
FSPM0_SX341 /home/sky/kaldi/egs/timit/s5/mfcc/raw_mfcc_train.3.ark:1110462
FJDM2_SI2212 /home/sky/kaldi/egs/timit/s5/mfcc/raw_mfcc_train.2.ark:32480
FCMM0_SX183 /home/sky/kaldi/egs/timit/s5/mfcc/raw_mfcc_train.1.ark:701033
MDAS0_SX276 /home/sky/kaldi/egs/timit/s5/mfcc/raw_mfcc_train.4.ark:1269329
FJLG0_SX359 /home/sky/kaldi/egs/timit/s5/mfcc/raw_mfcc_train.2.ark:178254
FSKL0_SX359 /home/sky/kaldi/egs/timit/s5/mfcc/raw_mfcc_train.3.ark:908515
FMJF0_SX354 /home/sky/kaldi/egs/timit/s5/mfcc/raw_mfcc_train.2.ark:1382070
MJPM0_SX18 /home/sky/kaldi/egs/timit/s5/mfcc/raw_mfcc_train.6.ark:1391887
MFWK0_SX79 /home/sky/kaldi/egs/timit/s5/mfcc/raw_mfcc_train.5.ark:1299754
FKLH0_SI627 /home/sky/kaldi/egs/timit/s5/mfcc/raw_mfcc_train.2.ark:712927
MRTC0_SX288 /home/sky/kaldi/egs/timit/s5/mfcc/raw_mfcc_train.9.ark:772172
MDMA0_SI1430 /home/sky/kaldi/egs/timit/s5/mfcc/raw_mfcc_train.5.ark:462437
MCEF0_SX325 /home/sky/kaldi/egs/timit/s5/mfcc/raw_mfcc_train.4.ark:879569
MRPC1_SX222 /home/sky/kaldi/egs/timit/s5/mfcc/raw_mfcc_train.9.ark:618986
FPAF0_SI2314 /home/sky/kaldi/egs/timit/s5/mfcc/raw_mfcc_train.3.ark:201008
MJDM0_SX170 /home/sky/kaldi/egs/timit/s5/mfcc/raw_mfcc_train.6.ark:811417
FRJB0_SI1427 /home/sky/kaldi/egs/timit/s5/mfcc/raw_mfcc_train.3.ark:385140
FDTD0_SI1561 /home/sky/kaldi/egs/timit/s5/mfcc/raw_mfcc_train.1.ark:1057309
MCTM0_SX90 /home/sky/kaldi/egs/timit/s5/mfcc/raw_mfcc_train.4.ark:1181656
FMJU0_SI759 /home/sky/kaldi/egs/timit/s5/mfcc/raw_mfcc_train.2.ark:1404570
MWGR0_SX76 /home/sky/kaldi/egs/timit/s5/mfcc/raw_mfcc_train.10.ark:1346189
MKJO0_SX77 /home/sky/kaldi/egs/timit/s5/mfcc/raw_mfcc_train.7.ark:643274
FJWB1_SX345 /home/sky/kaldi/egs/timit/s5/mfcc/raw_mfcc_train.2.ark:382618
MJKR0_SX211 /home/sky/kaldi/egs/timit/s5/mfcc/raw_mfcc_train.6.ark:1149864
MMAB1_SI864 /home/sky/kaldi/egs/timit/s5/mfcc/raw_mfcc_train.7.ark:1114516
MRJB1_SI2021 /home/sky/kaldi/egs/timit/s5/mfcc/raw_mfcc_train.9.ark:88268
MSMR0_SX325 /home/sky/kaldi/egs/timit/s5/mfcc/raw_mfcc_train.9.ark:1394744
MKLW0_SX311 /home/sky/kaldi/egs/timit/s5/mfcc/raw_mfcc_train.7.ark:791554
FDKN0_SX271 /home/sky/kaldi/egs/timit/s5/mfcc/raw_mfcc_train.1.ark:929631
FTMG0_SI2162 /home/sky/kaldi/egs/timit/s5/mfcc/raw_mfcc_train.3.ark:1313892
FSPM0_SI1871 /home/sky/kaldi/egs/timit/s5/mfcc/raw_mfcc_train.3.ark:1093014
MJWS0_SI1143 /home/sky/kaldi/egs/timit/s5/mfcc/raw_mfcc_train.7.ark:218964
FJXP0_SI1122 /home/sky/kaldi/egs/timit/s5/mfcc/raw_mfcc_train.2.ark:430653
FKAA0_SI578 /home/sky/kaldi/egs/timit/s5/mfcc/raw_mfcc_train.2.ark:468685
FSBK0_SX169 /home/sky/kaldi/egs/timit/s5/mfcc/raw_mfcc_train.3.ark:561871
MDPS0_SX359 /home/sky/kaldi/egs/timit/s5/mfcc/raw_mfcc_train.5.ark:640279
FSJG0_SI2200 /home/sky/kaldi/egs/timit/s5/mfcc/raw_mfcc_train.3.ark:721327
MAKR0_SX92 /home/sky/kaldi/egs/timit/s5/mfcc/raw_mfcc_train.4.ark:193777
FLJD0_SI2146 /home/sky/kaldi/egs/timit/s5/mfcc/raw_mfcc_train.2.ark:971208
MCAE0_SX367 /home/sky/kaldi/egs/timit/s5/mfcc/raw_mfcc_train.4.ark:718281
MWGR0_SX436 /home/sky/kaldi/egs/timit/s5/mfcc/raw_mfcc_train.10.ark:1343375
MRMS0_SI2057 /home/sky/kaldi/egs/timit/s5/mfcc/raw_mfcc_train.9.ark:582012
MKDD0_SX217 /home/sky/kaldi/egs/timit/s5/mfcc/raw_mfcc_train.7.ark:535496
FJLG0_SX269 /home/sky/kaldi/egs/timit/s5/mfcc/raw_mfcc_train.2.ark:174919
MDPB0_SX146 /home/sky/kaldi/egs/timit/s5/mfcc/raw_mfcc_train.5.ark:575905
MSMR0_SX145 /home/sky/kaldi/egs/timit/s5/mfcc/raw_mfcc_train.9.ark:1386904
FRJB0_SI1470 /home/sky/kaldi/egs/timit/s5/mfcc/raw_mfcc_train.3.ark:388762
FCLT0_SX88 /home/sky/kaldi/egs/timit/s5/mfcc/raw_mfcc_train.1.ark:649114
MJRH1_SX244 /home/sky/kaldi/egs/timit/s5/mfcc/raw_mfcc_train.7.ark:67090
MWRE0_SX67 /home/sky/kaldi/egs/timit/s5/mfcc/raw_mfcc_train.10.ark:1376953
FLJA0_SI2338 /home/sky/kaldi/egs/timit/s5/mfcc/raw_mfcc_train.2.ark:939438
FPLS0_SI960 /home/sky/kaldi/egs/timit/s5/mfcc/raw_mfcc_train.3.ark:295754
MRJB1_SX390 /home/sky/kaldi/egs/timit/s5/mfcc/raw_mfcc_train.9.ark:109739
MRKM0_SI1267 /home/sky/kaldi/egs/timit/s5/mfcc/raw_mfcc_train.9.ark:253391
MJAI0_SI1604 /home/sky/kaldi/egs/timit/s5/mfcc/raw_mfcc_train.6.ark:603156
FEAC0_SX435 /home/sky/kaldi/egs/timit/s5/mfcc/raw_mfcc_train.1.ark:1145945
MGAG0_SX421 /home/sky/kaldi/egs/timit/s5/mfcc/raw_mfcc_train.5.ark:1416834
FVMH0_SX386 /home/sky/kaldi/egs/timit/s5/mfcc/raw_mfcc_train.3.ark:1432626
MMAR0_SX346 /home/sky/kaldi/egs/timit/s5/mfcc/raw_mfcc_train.7.ark:1234504
MDPB0_SI1760 /home/sky/kaldi/egs/timit/s5/mfcc/raw_mfcc_train.5.ark:559646
MSMS0_SX443 /home/sky/kaldi/egs/timit/s5/mfcc/raw_mfcc_train.9.ark:1430103
MMLM0_SX177 /home/sky/kaldi/egs/timit/s5/mfcc/raw_mfcc_train.8.ark:142022
FCDR1_SI556 /home/sky/kaldi/egs/timit/s5/mfcc/raw_mfcc_train.1.ark:482135
MWAD0_SX252 /home/sky/kaldi/egs/timit/s5/mfcc/raw_mfcc_train.10.ark:1181171
MMGK0_SX332 /home/sky/kaldi/egs/timit/s5/mfcc/raw_mfcc_train.8.ark:87296
FAEM0_SX132 /home/sky/kaldi/egs/timit/s5/mfcc/raw_mfcc_train.1.ark:13048
MTBC0_SI1803 /home/sky/kaldi/egs/timit/s5/mfcc/raw_mfcc_train.10.ark:178802
FKSR0_SX161 /home/sky/kaldi/egs/timit/s5/mfcc/raw_mfcc_train.2.ark:747428
MAKB0_SX26 /home/sky/kaldi/egs/timit/s5/mfcc/raw_mfcc_train.4.ark:162025
MJRK0_SX160 /home/sky/kaldi/egs/timit/s5/mfcc/raw_mfcc_train.7.ark:91866
MTML0_SX435 /home/sky/kaldi/egs/timit/s5/mfcc/raw_mfcc_train.10.ark:635957
MEGJ0_SX437 /home/sky/kaldi/egs/timit/s5/mfcc/raw_mfcc_train.5.ark:1021127
MSVS0_SX38 /home/sky/kaldi/egs/timit/s5/mfcc/raw_mfcc_train.10.ark:33419
FSCN0_SX266 /home/sky/kaldi/egs/timit/s5/mfcc/raw_mfcc_train.3.ark:608773
MPEB0_SI1034 /home/sky/kaldi/egs/timit/s5/mfcc/raw_mfcc_train.8.ark:520618
MKLS1_SI2175 /home/sky/kaldi/egs/timit/s5/mfcc/raw_mfcc_train.7.ark:745747
MJLG1_SX292 /home/sky/kaldi/egs/timit/s5/mfcc/raw_mfcc_train.6.ark:1215967
MWRE0_SI1687 /home/sky/kaldi/egs/timit/s5/mfcc/raw_mfcc_train.10.ark:1355383
MMBS0_SI521 /home/sky/kaldi/egs/timit/s5/mfcc/raw_mfcc_train.7.ark:1254690
FDTD0_SI931 /home/sky/kaldi/egs/timit/s5/mfcc/raw_mfcc_train.1.ark:1065839
MARC0_SX108 /home/sky/kaldi/egs/timit/s5/mfcc/raw_mfcc_train.4.ark:241327
FPJF0_SI1676 /home/sky/kaldi/egs/timit/s5/mfcc/raw_mfcc_train.3.ark:266213
MDEF0_SX33 /home/sky/kaldi/egs/timit/s5/mfcc/raw_mfcc_train.5.ark:23105
MTBC0_SI1173 /home/sky/kaldi/egs/timit/s5/mfcc/raw_mfcc_train.10.ark:176844
MMDB0_SI987 /home/sky/kaldi/egs/timit/s5/mfcc/raw_mfcc_train.7.ark:1324055
FLAG0_SI2094 /home/sky/kaldi/egs/timit/s5/mfcc/raw_mfcc_train.2.ark:805105
MWSH0_SX256 /home/sky/kaldi/egs/timit/s5/mfcc/raw_mfcc_train.10.ark:1464240
MJDC0_SX351 /home/sky/kaldi/egs/timit/s5/mfcc/raw_mfcc_train.6.ark:716204
MCLK0_SI2290 /home/sky/kaldi/egs/timit/s5/mfcc/raw_mfcc_train.4.ark:966033
MDRD0_SX32 /home/sky/kaldi/egs/timit/s5/mfcc/raw_mfcc_train.5.ark:680746
MRSP0_SX439 /home/sky/kaldi/egs/timit/s5/mfcc/raw_mfcc_train.9.ark:737211
MGSL0_SI1164 /home/sky/kaldi/egs/timit/s5/mfcc/raw_mfcc_train.6.ark:221227
MLEL0_SI1246 /home/sky/kaldi/egs/timit/s5/mfcc/raw_mfcc_train.7.ark:899295
MMWS1_SI1071 /home/sky/kaldi/egs/timit/s5/mfcc/raw_mfcc_train.8.ark:372096
FLJG0_SI2241 /home/sky/kaldi/egs/timit/s5/mfcc/raw_mfcc_train.2.ark:1001399
FMPG0_SX72 /home/sky/kaldi/egs/timit/s5/mfcc/raw_mfcc_train.3.ark:16412
FDTD0_SX301 /home/sky/kaldi/egs/timit/s5/mfcc/raw_mfcc_train.1.ark:1077989
MRVG0_SX420 /home/sky/kaldi/egs/timit/s5/mfcc/raw_mfcc_train.9.ark:841811
MPRT0_SI1210 /home/sky/kaldi/egs/timit/s5/mfcc/raw_mfcc_train.8.ark:874008
MJAC0_SI701 /home/sky/kaldi/egs/timit/s5/mfcc/raw_mfcc_train.6.ark:542528
FCEG0_SX258 /home/sky/kaldi/egs/timit/s5/mfcc/raw_mfcc_train.1.ark:522207
MRKM0_SI1391 /home/sky/kaldi/egs/timit/s5/mfcc/raw_mfcc_train.9.ark:259431
MDTB0_SI1200 /home/sky/kaldi/egs/timit/s5/mfcc/raw_mfcc_train.5.ark:777561
FKSR0_SI1747 /home/sky/kaldi/egs/timit/s5/mfcc/raw_mfcc_train.2.ark:739887
MRLR0_SI1826 /home/sky/kaldi/egs/timit/s5/mfcc/raw_mfcc_train.9.ark:418224
MDLH0_SX340 /home/sky/kaldi/egs/timit/s5/mfcc/raw_mfcc_train.5.ark:350853
MKXL0_SX15 /home/sky/kaldi/egs/timit/s5/mfcc/raw_mfcc_train.7.ark:854632
FALR0_SX335 /home/sky/kaldi/egs/timit/s5/mfcc/raw_mfcc_train.1.ark:120595
MTLB0_SI504 /home/sky/kaldi/egs/timit/s5/mfcc/raw_mfcc_train.10.ark:557164
MHMR0_SX309 /home/sky/kaldi/egs/timit/s5/mfcc/raw_mfcc_train.6.ark:431682
FJKL0_SI1562 /home/sky/kaldi/egs/timit/s5/mfcc/raw_mfcc_train.2.ark:128994
FDMY0_SI1197 /home/sky/kaldi/egs/timit/s5/mfcc/raw_mfcc_train.1.ark:975503
MRGS0_SI1356 /home/sky/kaldi/egs/timit/s5/mfcc/raw_mfcc_train.9.ark:10803
FPAF0_SX334 /home/sky/kaldi/egs/timit/s5/mfcc/raw_mfcc_train.3.ark:211871
FVMH0_SX116 /home/sky/kaldi/egs/timit/s5/mfcc/raw_mfcc_train.3.ark:1420028
MHXL0_SI512 /home/sky/kaldi/egs/timit/s5/mfcc/raw_mfcc_train.6.ark:477163
FSGF0_SX297 /home/sky/kaldi/egs/timit/s5/mfcc/raw_mfcc_train.3.ark:709682
MGES0_SI1481 /home/sky/kaldi/egs/timit/s5/mfcc/raw_mfcc_train.6.ark:55323
MTRT0_SI1857 /home/sky/kaldi/egs/timit/s5/mfcc/raw_mfcc_train.10.ark:949336
MMRP0_SX54 /home/sky/kaldi/egs/timit/s5/mfcc/raw_mfcc_train.8.ark:221372
FLEH0_SX331 /home/sky/kaldi/egs/timit/s5/mfcc/raw_mfcc_train.2.ark:855618
MRMH0_SX121 /home/sky/kaldi/egs/timit/s5/mfcc/raw_mfcc_train.9.ark:519889
MDRD0_SI1382 /home/sky/kaldi/egs/timit/s5/mfcc/raw_mfcc_train.5.ark:652598
MSFH0_SI586 /home/sky/kaldi/egs/timit/s5/mfcc/raw_mfcc_train.9.ark:1241213
MKLN0_SI1598 /home/sky/kaldi/egs/timit/s5/mfcc/raw_mfcc_train.7.ark:646454
MHIT0_SI983 /home/sky/kaldi/egs/timit/s5/mfcc/raw_mfcc_train.6.ark:327684
MLBC0_SI1869 /home/sky/kaldi/egs/timit/s5/mfcc/raw_mfcc_train.7.ark:873454
FBAS0_SI1387 /home/sky/kaldi/egs/timit/s5/mfcc/raw_mfcc_train.1.ark:172245
MJRG0_SI736 /home/sky/kaldi/egs/timit/s5/mfcc/raw_mfcc_train.6.ark:1478599
MJRA0_SI1866 /home/sky/kaldi/egs/timit/s5/mfcc/raw_mfcc_train.6.ark:1443877
MPSW0_SX257 /home/sky/kaldi/egs/timit/s5/mfcc/raw_mfcc_train.8.ark:918768
FDAS1_SX381 /home/sky/kaldi/egs/timit/s5/mfcc/raw_mfcc_train.1.ark:814396
FKLC1_SI1048 /home/sky/kaldi/egs/timit/s5/mfcc/raw_mfcc_train.2.ark:671254
FDAS1_SX201 /home/sky/kaldi/egs/timit/s5/mfcc/raw_mfcc_train.1.ark:803469
MGRL0_SI867 /home/sky/kaldi/egs/timit/s5/mfcc/raw_mfcc_train.6.ark:125783
MILB0_SX273 /home/sky/kaldi/egs/timit/s5/mfcc/raw_mfcc_train.6.ark:524300
FSJS0_SX361 /home/sky/kaldi/egs/timit/s5/mfcc/raw_mfcc_train.3.ark:811442
FLHD0_SX264 /home/sky/kaldi/egs/timit/s5/mfcc/raw_mfcc_train.2.ark:914265
MCPM0_SX204 /home/sky/kaldi/egs/timit/s5/mfcc/raw_mfcc_train.4.ark:1043713
FKFB0_SI2238 /home/sky/kaldi/egs/timit/s5/mfcc/raw_mfcc_train.2.ark:570432
MRAM0_SI1275 /home/sky/kaldi/egs/timit/s5/mfcc/raw_mfcc_train.8.ark:1029863
MDDC0_SX339 /home/sky/kaldi/egs/timit/s5/mfcc/raw_mfcc_train.4.ark:1427498
FSAH0_SX164 /home/sky/kaldi/egs/timit/s5/mfcc/raw_mfcc_train.3.ark:499447
MILB0_SX3 /home/sky/kaldi/egs/timit/s5/mfcc/raw_mfcc_train.6.ark:527204
MDSS0_SI621 /home/sky/kaldi/egs/timit/s5/mfcc/raw_mfcc_train.5.ark:727724
MTDP0_SX261 /home/sky/kaldi/egs/timit/s5/mfcc/raw_mfcc_train.10.ark:293668
MCXM0_SI1351 /home/sky/kaldi/egs/timit/s5/mfcc/raw_mfcc_train.4.ark:1184251
MSFV0_SX272 /home/sky/kaldi/egs/timit/s5/mfcc/raw_mfcc_train.9.ark:1287109
MADC0_SX17 /home/sky/kaldi/egs/timit/s5/mfcc/raw_mfcc_train.3.ark:1483107
MCEF0_SI1765 /home/sky/kaldi/egs/timit/s5/mfcc/raw_mfcc_train.4.ark:863460
MDMA0_SX440 /home/sky/kaldi/egs/timit/s5/mfcc/raw_mfcc_train.5.ark:488460
MCEF0_SI1135 /home/sky/kaldi/egs/timit/s5/mfcc/raw_mfcc_train.4.ark:859604
MMWS1_SX27 /home/sky/kaldi/egs/timit/s5/mfcc/raw_mfcc_train.8.ark:385840
FMJF0_SI1884 /home/sky/kaldi/egs/timit/s5/mfcc/raw_mfcc_train.2.ark:1364128
MDAC0_SI631 /home/sky/kaldi/egs/timit/s5/mfcc/raw_mfcc_train.4.ark:1222764
MTKD0_SX197 /home/sky/kaldi/egs/timit/s5/mfcc/raw_mfcc_train.10.ark:501755
MRAB1_SX128 /home/sky/kaldi/egs/timit/s5/mfcc/raw_mfcc_train.8.ark:974534
MTAT1_SI1627 /home/sky/kaldi/egs/timit/s5/mfcc/raw_mfcc_train.10.ark:143541
MPFU0_SX268 /home/sky/kaldi/egs/timit/s5/mfcc/raw_mfcc_train.8.ark:566555
MDLB0_SX136 /home/sky/kaldi/egs/timit/s5/mfcc/raw_mfcc_train.5.ark:209470
FSCN0_SI1886 /home/sky/kaldi/egs/timit/s5/mfcc/raw_mfcc_train.3.ark:587438
MDLH0_SX250 /home/sky/kaldi/egs/timit/s5/mfcc/raw_mfcc_train.5.ark:346556
MVRW0_SI1485 /home/sky/kaldi/egs/timit/s5/mfcc/raw_mfcc_train.10.ark:1103131
MBAR0_SX239 /home/sky/kaldi/egs/timit/s5/mfcc/raw_mfcc_train.4.ark:308372
MPGR1_SX149 /home/sky/kaldi/egs/timit/s5/mfcc/raw_mfcc_train.8.ark:653585
FSDC0_SX232 /home/sky/kaldi/egs/timit/s5/mfcc/raw_mfcc_train.3.ark:641266
MWSH0_SX166 /home/sky/kaldi/egs/timit/s5/mfcc/raw_mfcc_train.10.ark:1458708
FKLC1_SX148 /home/sky/kaldi/egs/timit/s5/mfcc/raw_mfcc_train.2.ark:682366
MRLJ0_SX70 /home/sky/kaldi/egs/timit/s5/mfcc/raw_mfcc_train.9.ark:350090
MEJL0_SX332 /home/sky/kaldi/egs/timit/s5/mfcc/raw_mfcc_train.5.ark:1047593
MRMB0_SI1581 /home/sky/kaldi/egs/timit/s5/mfcc/raw_mfcc_train.9.ark:442986
FSJW0_SX433 /home/sky/kaldi/egs/timit/s5/mfcc/raw_mfcc_train.3.ark:850064
MDBP0_SX348 /home/sky/kaldi/egs/timit/s5/mfcc/raw_mfcc_train.4.ark:1330373
MCDC0_SX392 /home/sky/kaldi/egs/timit/s5/mfcc/raw_mfcc_train.4.ark:790348
MDAS0_SX186 /home/sky/kaldi/egs/timit/s5/mfcc/raw_mfcc_train.4.ark:1263986
MRXB0_SX235 /home/sky/kaldi/egs/timit/s5/mfcc/raw_mfcc_train.9.ark:928119
MMRP0_SX324 /home/sky/kaldi/egs/timit/s5/mfcc/raw_mfcc_train.8.ark:210699
MRPC1_SI2112 /home/sky/kaldi/egs/timit/s5/mfcc/raw_mfcc_train.9.ark:613122
MHMR0_SX219 /home/sky/kaldi/egs/timit/s5/mfcc/raw_mfcc_train.6.ark:426774
MMVP0_SI1284 /home/sky/kaldi/egs/timit/s5/mfcc/raw_mfcc_train.8.ark:260177
MTCS0_SI2265 /home/sky/kaldi/egs/timit/s5/mfcc/raw_mfcc_train.10.ark:210956
FEEH0_SI1742 /home/sky/kaldi/egs/timit/s5/mfcc/raw_mfcc_train.1.ark:1230607
MDSS0_SX81 /home/sky/kaldi/egs/timit/s5/mfcc/raw_mfcc_train.5.ark:745321
MJWG0_SI813 /home/sky/kaldi/egs/timit/s5/mfcc/raw_mfcc_train.7.ark:184439
MJDM0_SI1937 /home/sky/kaldi/egs/timit/s5/mfcc/raw_mfcc_train.6.ark:807568
MRJM1_SI1298 /home/sky/kaldi/egs/timit/s5/mfcc/raw_mfcc_train.9.ark:186821
MHRM0_SI958 /home/sky/kaldi/egs/timit/s5/mfcc/raw_mfcc_train.6.ark:448670
MVLO0_SX337 /home/sky/kaldi/egs/timit/s5/mfcc/raw_mfcc_train.10.ark:1090903
FHXS0_SI2302 /home/sky/kaldi/egs/timit/s5/mfcc/raw_mfcc_train.1.ark:1547257
FLAC0_SX451 /home/sky/kaldi/egs/timit/s5/mfcc/raw_mfcc_train.2.ark:790224
FSKP0_SX108 /home/sky/kaldi/egs/timit/s5/mfcc/raw_mfcc_train.3.ark:933830
MSDB0_SI1007 /home/sky/kaldi/egs/timit/s5/mfcc/raw_mfcc_train.9.ark:1063070
MBML0_SI539 /home/sky/kaldi/egs/timit/s5/mfcc/raw_mfcc_train.4.ark:547312
FKDE0_SX331 /home/sky/kaldi/egs/timit/s5/mfcc/raw_mfcc_train.2.ark:519139
MKDD0_SX37 /home/sky/kaldi/egs/timit/s5/mfcc/raw_mfcc_train.7.ark:540384
MRVG0_SX330 /home/sky/kaldi/egs/timit/s5/mfcc/raw_mfcc_train.9.ark:838424
FRLL0_SI884 /home/sky/kaldi/egs/timit/s5/mfcc/raw_mfcc_train.3.ark:424342
MTDP0_SI1521 /home/sky/kaldi/egs/timit/s5/mfcc/raw_mfcc_train.10.ark:276057
MMVP0_SX294 /home/sky/kaldi/egs/timit/s5/mfcc/raw_mfcc_train.8.ark:284783
MLNS0_SX327 /home/sky/kaldi/egs/timit/s5/mfcc/raw_mfcc_train.7.ark:1027773
FTMG0_SX92 /home/sky/kaldi/egs/timit/s5/mfcc/raw_mfcc_train.3.ark:1339257
MJDC0_SX441 /home/sky/kaldi/egs/timit/s5/mfcc/raw_mfcc_train.6.ark:720306
MGJC0_SX75 /home/sky/kaldi/egs/timit/s5/mfcc/raw_mfcc_train.6.ark:114853
FJXM0_SX221 /home/sky/kaldi/egs/timit/s5/mfcc/raw_mfcc_train.2.ark:409032
FDMY0_SI714 /home/sky/kaldi/egs/timit/s5/mfcc/raw_mfcc_train.1.ark:989154
MPRK0_SX377 /home/sky/kaldi/egs/timit/s5/mfcc/raw_mfcc_train.8.ark:869424
MDLC0_SX315 /home/sky/kaldi/egs/timit/s5/mfcc/raw_mfcc_train.5.ark:256679
MDNS0_SI2271 /home/sky/kaldi/egs/timit/s5/mfcc/raw_mfcc_train.5.ark:534234
MMRP0_SX144 /home/sky/kaldi/egs/timit/s5/mfcc/raw_mfcc_train.8.ark:201832
MTPP0_SI878 /home/sky/kaldi/egs/timit/s5/mfcc/raw_mfcc_train.10.ark:780852
FBMJ0_SX336 /home/sky/kaldi/egs/timit/s5/mfcc/raw_mfcc_train.1.ark:396366
MLSH0_SI2047 /home/sky/kaldi/egs/timit/s5/mfcc/raw_mfcc_train.7.ark:1045989
MDDC0_SX429 /home/sky/kaldi/egs/timit/s5/mfcc/raw_mfcc_train.4.ark:1430482
FGDP0_SX268 /home/sky/kaldi/egs/timit/s5/mfcc/raw_mfcc_train.1.ark:1412615
FLAG0_SX24 /home/sky/kaldi/egs/timit/s5/mfcc/raw_mfcc_train.2.ark:822786
MJWG0_SX355 /home/sky/kaldi/egs/timit/s5/mfcc/raw_mfcc_train.7.ark:208530
MRWA0_SI973 /home/sky/kaldi/egs/timit/s5/mfcc/raw_mfcc_train.9.ark:858363
MJXL0_SX272 /home/sky/kaldi/egs/timit/s5/mfcc/raw_mfcc_train.7.ark:335995
FALK0_SX6 /home/sky/kaldi/egs/timit/s5/mfcc/raw_mfcc_train.1.ark:94090
FBJL0_SI2182 /home/sky/kaldi/egs/timit/s5/mfcc/raw_mfcc_train.1.ark:278959
MCPM0_SX24 /home/sky/kaldi/egs/timit/s5/mfcc/raw_mfcc_train.4.ark:1046982
MLJH0_SX334 /home/sky/kaldi/egs/timit/s5/mfcc/raw_mfcc_train.7.ark:997907
FJKL0_SI2192 /home/sky/kaldi/egs/timit/s5/mfcc/raw_mfcc_train.2.ark:130718
FLHD0_SI1827 /home/sky/kaldi/egs/timit/s5/mfcc/raw_mfcc_train.2.ark:902699
MMGC0_SX315 /home/sky/kaldi/egs/timit/s5/mfcc/raw_mfcc_train.8.ark:29617
MMDM0_SX141 /home/sky/kaldi/egs/timit/s5/mfcc/raw_mfcc_train.7.ark:1393427
MSMS0_SX353 /home/sky/kaldi/egs/timit/s5/mfcc/raw_mfcc_train.9.ark:1426209
MKJO0_SX257 /home/sky/kaldi/egs/timit/s5/mfcc/raw_mfcc_train.7.ark:632061
MHXL0_SI1772 /home/sky/kaldi/egs/timit/s5/mfcc/raw_mfcc_train.6.ark:473347
MRFL0_SX76 /home/sky/kaldi/egs/timit/s5/mfcc/raw_mfcc_train.8.ark:1475361
FTLG0_SX123 /home/sky/kaldi/egs/timit/s5/mfcc/raw_mfcc_train.3.ark:1293231
MVJH0_SX206 /home/sky/kaldi/egs/timit/s5/mfcc/raw_mfcc_train.10.ark:1056883
MTRR0_SX108 /home/sky/kaldi/egs/timit/s5/mfcc/raw_mfcc_train.10.ark:922747
MRLK0_SX303 /home/sky/kaldi/egs/timit/s5/mfcc/raw_mfcc_train.9.ark:402985
MDLR1_SI1299 /home/sky/kaldi/egs/timit/s5/mfcc/raw_mfcc_train.5.ark:425140
MMAB1_SX414 /home/sky/kaldi/egs/timit/s5/mfcc/raw_mfcc_train.7.ark:1134720
FCMG0_SI1142 /home/sky/kaldi/egs/timit/s5/mfcc/raw_mfcc_train.1.ark:653672
MRGM0_SI1162 /home/sky/kaldi/egs/timit/s5/mfcc/raw_mfcc_train.8.ark:1479646
FLAC0_SI901 /home/sky/kaldi/egs/timit/s5/mfcc/raw_mfcc_train.2.ark:776936
FJSK0_SI2312 /home/sky/kaldi/egs/timit/s5/mfcc/raw_mfcc_train.2.ark:307838
MRDD0_SX60 /home/sky/kaldi/egs/timit/s5/mfcc/raw_mfcc_train.8.ark:1216620
FCAG0_SX63 /home/sky/kaldi/egs/timit/s5/mfcc/raw_mfcc_train.1.ark:436542
MKLS0_SI1437 /home/sky/kaldi/egs/timit/s5/mfcc/raw_mfcc_train.7.ark:705862
MJDE0_SI463 /home/sky/kaldi/egs/timit/s5/mfcc/raw_mfcc_train.6.ark:734302
MDSJ0_SX22 /home/sky/kaldi/egs/timit/s5/mfcc/raw_mfcc_train.5.ark:705255
MHMR0_SX39 /home/sky/kaldi/egs/timit/s5/mfcc/raw_mfcc_train.6.ark:435783
FJDM2_SX322 /home/sky/kaldi/egs/timit/s5/mfcc/raw_mfcc_train.2.ark:47113
MCLM0_SI2086 /home/sky/kaldi/egs/timit/s5/mfcc/raw_mfcc_train.4.ark:1001567
FMMH0_SI1537 /home/sky/kaldi/egs/timit/s5/mfcc/raw_mfcc_train.2.ark:1496661
MRVG0_SI1140 /home/sky/kaldi/egs/timit/s5/mfcc/raw_mfcc_train.9.ark:822047
MRMB0_SI951 /home/sky/kaldi/egs/timit/s5/mfcc/raw_mfcc_train.9.ark:450255
MJWS0_SX243 /home/sky/kaldi/egs/timit/s5/mfcc/raw_mfcc_train.7.ark:234866
MDAS0_SI1266 /home/sky/kaldi/egs/timit/s5/mfcc/raw_mfcc_train.4.ark:1249742
MSTF0_SX406 /home/sky/kaldi/egs/timit/s5/mfcc/raw_mfcc_train.9.ark:1526017
MCAE0_SX97 /home/sky/kaldi/egs/timit/s5/mfcc/raw_mfcc_train.4.ark:728341
MKES0_SX353 /home/sky/kaldi/egs/timit/s5/mfcc/raw_mfcc_train.7.ark:605166
MBAR0_SX419 /home/sky/kaldi/egs/timit/s5/mfcc/raw_mfcc_train.4.ark:317057
MTML0_SI1065 /home/sky/kaldi/egs/timit/s5/mfcc/raw_mfcc_train.10.ark:610836
FDJH0_SX305 /home/sky/kaldi/egs/timit/s5/mfcc/raw_mfcc_train.1.ark:900018
FLMA0_SI1873 /home/sky/kaldi/egs/timit/s5/mfcc/raw_mfcc_train.2.ark:1074663
MJKR0_SX301 /home/sky/kaldi/egs/timit/s5/mfcc/raw_mfcc_train.6.ark:1153433
FDNC0_SI1908 /home/sky/kaldi/egs/timit/s5/mfcc/raw_mfcc_train.1.ark:1027307
MRMG0_SX450 /home/sky/kaldi/egs/timit/s5/mfcc/raw_mfcc_train.9.ark:497674
MRML0_SX161 /home/sky/kaldi/egs/timit/s5/mfcc/raw_mfcc_train.9.ark:550938
MRRE0_SX254 /home/sky/kaldi/egs/timit/s5/mfcc/raw_mfcc_train.9.ark:657028
MKLR0_SX249 /home/sky/kaldi/egs/timit/s5/mfcc/raw_mfcc_train.7.ark:691963
MDLM0_SX424 /home/sky/kaldi/egs/timit/s5/mfcc/raw_mfcc_train.5.ark:384002
MRML0_SI791 /home/sky/kaldi/egs/timit/s5/mfcc/raw_mfcc_train.9.ark:546082
MSES0_SI2219 /home/sky/kaldi/egs/timit/s5/mfcc/raw_mfcc_train.9.ark:1207993
MJLB0_SX356 /home/sky/kaldi/egs/timit/s5/mfcc/raw_mfcc_train.6.ark:1184079
MPFU0_SI1888 /home/sky/kaldi/egs/timit/s5/mfcc/raw_mfcc_train.8.ark:556511
FLJG0_SI981 /home/sky/kaldi/egs/timit/s5/mfcc/raw_mfcc_train.2.ark:1004370
MWSB0_SX96 /home/sky/kaldi/egs/timit/s5/mfcc/raw_mfcc_train.10.ark:1439867
MHMR0_SI489 /home/sky/kaldi/egs/timit/s5/mfcc/raw_mfcc_train.6.ark:418401
MMEB0_SX97 /home/sky/kaldi/egs/timit/s5/mfcc/raw_mfcc_train.8.ark:6640
MMDB0_SX177 /home/sky/kaldi/egs/timit/s5/mfcc/raw_mfcc_train.7.ark:1329730
MGSH0_SX96 /home/sky/kaldi/egs/timit/s5/mfcc/raw_mfcc_train.6.ark:215993
FREH0_SX325 /home/sky/kaldi/egs/timit/s5/mfcc/raw_mfcc_train.3.ark:375954
FSKL0_SI899 /home/sky/kaldi/egs/timit/s5/mfcc/raw_mfcc_train.3.ark:897847
FSMS1_SX347 /home/sky/kaldi/egs/timit/s5/mfcc/raw_mfcc_train.3.ark:1076833
FCLT0_SI2068 /home/sky/kaldi/egs/timit/s5/mfcc/raw_mfcc_train.1.ark:625920
MTBC0_SX93 /home/sky/kaldi/egs/timit/s5/mfcc/raw_mfcc_train.10.ark:205701
MJEB1_SI2097 /home/sky/kaldi/egs/timit/s5/mfcc/raw_mfcc_train.6.ark:873878
MDSJ0_SX112 /home/sky/kaldi/egs/timit/s5/mfcc/raw_mfcc_train.5.ark:701479
MAEB0_SX360 /home/sky/kaldi/egs/timit/s5/mfcc/raw_mfcc_train.4.ark:28272
FJKL0_SI932 /home/sky/kaldi/egs/timit/s5/mfcc/raw_mfcc_train.2.ark:132870
MDWH0_SI1925 /home/sky/kaldi/egs/timit/s5/mfcc/raw_mfcc_train.5.ark:841787
FJRB0_SX312 /home/sky/kaldi/egs/timit/s5/mfcc/raw_mfcc_train.2.ark:242081
MTCS0_SX352 /home/sky/kaldi/egs/timit/s5/mfcc/raw_mfcc_train.10.ark:227221
MJRH0_SX225 /home/sky/kaldi/egs/timit/s5/mfcc/raw_mfcc_train.7.ark:35391
MDBB1_SX196 /home/sky/kaldi/egs/timit/s5/mfcc/raw_mfcc_train.4.ark:1297984
MMXS0_SX246 /home/sky/kaldi/egs/timit/s5/mfcc/raw_mfcc_train.8.ark:413287
MLEL0_SI1876 /home/sky/kaldi/egs/timit/s5/mfcc/raw_mfcc_train.7.ark:903710
MREE0_SX204 /home/sky/kaldi/egs/timit/s5/mfcc/raw_mfcc_train.8.ark:1301259
MDMT0_SX122 /home/sky/kaldi/egs/timit/s5/mfcc/raw_mfcc_train.5.ark:507060
MCHL0_SX447 /home/sky/kaldi/egs/timit/s5/mfcc/raw_mfcc_train.4.ark:957288
MMAM0_SI1597 /home/sky/kaldi/egs/timit/s5/mfcc/raw_mfcc_train.7.ark:1180278
FSAH0_SX327 /home/sky/kaldi/egs/timit/s5/mfcc/raw_mfcc_train.3.ark:503367
MMDS0_SX353 /home/sky/kaldi/egs/timit/s5/mfcc/raw_mfcc_train.7.ark:1462494
MTRR0_SX288 /home/sky/kaldi/egs/timit/s5/mfcc/raw_mfcc_train.10.ark:933674
MGAK0_SX406 /home/sky/kaldi/egs/timit/s5/mfcc/raw_mfcc_train.5.ark:1451329
MKLS1_SX285 /home/sky/kaldi/egs/timit/s5/mfcc/raw_mfcc_train.7.ark:764839
FTAJ0_SX159 /home/sky/kaldi/egs/timit/s5/mfcc/raw_mfcc_train.3.ark:1197914
FAEM0_SX42 /home/sky/kaldi/egs/timit/s5/mfcc/raw_mfcc_train.1.ark:29767
MMXS0_SI629 /home/sky/kaldi/egs/timit/s5/mfcc/raw_mfcc_train.8.ark:401748
MDBB1_SX286 /home/sky/kaldi/egs/timit/s5/mfcc/raw_mfcc_train.4.ark:1300604
MDLR1_SX219 /home/sky/kaldi/egs/timit/s5/mfcc/raw_mfcc_train.5.ark:442810
MRLD0_SX64 /home/sky/kaldi/egs/timit/s5/mfcc/raw_mfcc_train.9.ark:319392
MKJO0_SI1517 /home/sky/kaldi/egs/timit/s5/mfcc/raw_mfcc_train.7.ark:617303
MNET0_SX366 /home/sky/kaldi/egs/timit/s5/mfcc/raw_mfcc_train.8.ark:446787
MAPV0_SI663 /home/sky/kaldi/egs/timit/s5/mfcc/raw_mfcc_train.4.ark:206774
MRSP0_SI2059 /home/sky/kaldi/egs/timit/s5/mfcc/raw_mfcc_train.9.ark:718040
MMLM0_SX357 /home/sky/kaldi/egs/timit/s5/mfcc/raw_mfcc_train.8.ark:148822
MCDR0_SI1154 /home/sky/kaldi/egs/timit/s5/mfcc/raw_mfcc_train.4.ark:823290
FDMY0_SX27 /home/sky/kaldi/egs/timit/s5/mfcc/raw_mfcc_train.1.ark:1006516
MDED0_SX450 /home/sky/kaldi/egs/timit/s5/mfcc/raw_mfcc_train.4.ark:1463988
MAEO0_SX66 /home/sky/kaldi/egs/timit/s5/mfcc/raw_mfcc_train.4.ark:67681
MBMA0_SI592 /home/sky/kaldi/egs/timit/s5/mfcc/raw_mfcc_train.4.ark:483719
FBCH0_SI956 /home/sky/kaldi/egs/timit/s5/mfcc/raw_mfcc_train.1.ark:244075
MRTJ0_SX142 /home/sky/kaldi/egs/timit/s5/mfcc/raw_mfcc_train.9.ark:796506
MJDM0_SX260 /home/sky/kaldi/egs/timit/s5/mfcc/raw_mfcc_train.6.ark:818145
MAEB0_SX270 /home/sky/kaldi/egs/timit/s5/mfcc/raw_mfcc_train.4.ark:24833
MRFK0_SX266 /home/sky/kaldi/egs/timit/s5/mfcc/raw_mfcc_train.8.ark:1430135
FLOD0_SI1917 /home/sky/kaldi/egs/timit/s5/mfcc/raw_mfcc_train.2.ark:1169709
FEEH0_SX302 /home/sky/kaldi/egs/timit/s5/mfcc/raw_mfcc_train.1.ark:1247301
MMLM0_SX87 /home/sky/kaldi/egs/timit/s5/mfcc/raw_mfcc_train.8.ark:155738
MDWD0_SX450 /home/sky/kaldi/egs/timit/s5/mfcc/raw_mfcc_train.5.ark:827985
MFMC0_SX412 /home/sky/kaldi/egs/timit/s5/mfcc/raw_mfcc_train.5.ark:1232826
FLMA0_SI1243 /home/sky/kaldi/egs/timit/s5/mfcc/raw_mfcc_train.2.ark:1071977
MBJV0_SI617 /home/sky/kaldi/egs/timit/s5/mfcc/raw_mfcc_train.4.ark:452254
MTLC0_SI1313 /home/sky/kaldi/egs/timit/s5/mfcc/raw_mfcc_train.10.ark:581685
FCKE0_SX391 /home/sky/kaldi/egs/timit/s5/mfcc/raw_mfcc_train.1.ark:619508
MDSS1_SI697 /home/sky/kaldi/egs/timit/s5/mfcc/raw_mfcc_train.5.ark:754938
MRPC1_SI1482 /home/sky/kaldi/egs/timit/s5/mfcc/raw_mfcc_train.9.ark:606411
MGRP0_SI1317 /home/sky/kaldi/egs/timit/s5/mfcc/raw_mfcc_train.6.ark:149953
MDAS0_SI636 /home/sky/kaldi/egs/timit/s5/mfcc/raw_mfcc_train.4.ark:1258558
FJXP0_SX312 /home/sky/kaldi/egs/timit/s5/mfcc/raw_mfcc_train.2.ark:448980
MJDA0_SX311 /home/sky/kaldi/egs/timit/s5/mfcc/raw_mfcc_train.6.ark:683166
MTER0_SI1787 /home/sky/kaldi/egs/timit/s5/mfcc/raw_mfcc_train.10.ark:318560
FJSP0_SX174 /home/sky/kaldi/egs/timit/s5/mfcc/raw_mfcc_train.2.ark:342261
FSSB0_SX452 /home/sky/kaldi/egs/timit/s5/mfcc/raw_mfcc_train.3.ark:1178379
MRDS0_SX87 /home/sky/kaldi/egs/timit/s5/mfcc/raw_mfcc_train.8.ark:1278770
MDRD0_SX392 /home/sky/kaldi/egs/timit/s5/mfcc/raw_mfcc_train.5.ark:684796
FRLL0_SX74 /home/sky/kaldi/egs/timit/s5/mfcc/raw_mfcc_train.3.ark:443057
MTXS0_SI2320 /home/sky/kaldi/egs/timit/s5/mfcc/raw_mfcc_train.10.ark:1010038
MKAG0_SI2239 /home/sky/kaldi/egs/timit/s5/mfcc/raw_mfcc_train.7.ark:359249
FCLT0_SI808 /home/sky/kaldi/egs/timit/s5/mfcc/raw_mfcc_train.1.ark:627747
MDKS0_SX166 /home/sky/kaldi/egs/timit/s5/mfcc/raw_mfcc_train.5.ark:171349
FJRB0_SX222 /home/sky/kaldi/egs/timit/s5/mfcc/raw_mfcc_train.2.ark:238005
FCAG0_SX153 /home/sky/kaldi/egs/timit/s5/mfcc/raw_mfcc_train.1.ark:418679
MSJK0_SX246 /home/sky/kaldi/egs/timit/s5/mfcc/raw_mfcc_train.9.ark:1322838
MJPM0_SI1368 /home/sky/kaldi/egs/timit/s5/mfcc/raw_mfcc_train.6.ark:1373984
MRKM0_SX367 /home/sky/kaldi/egs/timit/s5/mfcc/raw_mfcc_train.9.ark:280935
FEAR0_SI622 /home/sky/kaldi/egs/timit/s5/mfcc/raw_mfcc_train.1.ark:1160703
MDPK0_SI552 /home/sky/kaldi/egs/timit/s5/mfcc/raw_mfcc_train.5.ark:601175
MBGT0_SX261 /home/sky/kaldi/egs/timit/s5/mfcc/raw_mfcc_train.4.ark:429526
FMJB0_SI1807 /home/sky/kaldi/egs/timit/s5/mfcc/raw_mfcc_train.2.ark:1334004
MRML0_SX71 /home/sky/kaldi/egs/timit/s5/mfcc/raw_mfcc_train.9.ark:572779
MMEA0_SX398 /home/sky/kaldi/egs/timit/s5/mfcc/raw_mfcc_train.7.ark:1496468
MJMA0_SI1495 /home/sky/kaldi/egs/timit/s5/mfcc/raw_mfcc_train.6.ark:1257665
MTJM0_SI1226 /home/sky/kaldi/egs/timit/s5/mfcc/raw_mfcc_train.10.ark:378517
FBCH0_SX146 /home/sky/kaldi/egs/timit/s5/mfcc/raw_mfcc_train.1.ark:254177
FPAD0_SI1976 /home/sky/kaldi/egs/timit/s5/mfcc/raw_mfcc_train.3.ark:158979
MCSS0_SI688 /home/sky/kaldi/egs/timit/s5/mfcc/raw_mfcc_train.4.ark:1092932
MRTJ0_SX232 /home/sky/kaldi/egs/timit/s5/mfcc/raw_mfcc_train.9.ark:802350
FDKN0_SX361 /home/sky/kaldi/egs/timit/s5/mfcc/raw_mfcc_train.1.ark:933785
MTJG0_SX440 /home/sky/kaldi/egs/timit/s5/mfcc/raw_mfcc_train.10.ark:370755
MCTM0_SI1980 /home/sky/kaldi/egs/timit/s5/mfcc/raw_mfcc_train.4.ark:1158059
MTDB0_SI2031 /home/sky/kaldi/egs/timit/s5/mfcc/raw_mfcc_train.10.ark:246672
FSGF0_SI2187 /home/sky/kaldi/egs/timit/s5/mfcc/raw_mfcc_train.3.ark:688081
FTAJ0_SI1329 /home/sky/kaldi/egs/timit/s5/mfcc/raw_mfcc_train.3.ark:1187935
FKLC0_SX355 /home/sky/kaldi/egs/timit/s5/mfcc/raw_mfcc_train.2.ark:660209
MCSS0_SX30 /home/sky/kaldi/egs/timit/s5/mfcc/raw_mfcc_train.4.ark:1110977
FBCG1_SI2242 /home/sky/kaldi/egs/timit/s5/mfcc/raw_mfcc_train.1.ark:209179
MTJG0_SI2157 /home/sky/kaldi/egs/timit/s5/mfcc/raw_mfcc_train.10.ark:349140
MEFG0_SX375 /home/sky/kaldi/egs/timit/s5/mfcc/raw_mfcc_train.5.ark:989657
MRMH0_SX31 /home/sky/kaldi/egs/timit/s5/mfcc/raw_mfcc_train.9.ark:530803
MGAK0_SX226 /home/sky/kaldi/egs/timit/s5/mfcc/raw_mfcc_train.5.ark:1443034
MMBS0_SX71 /home/sky/kaldi/egs/timit/s5/mfcc/raw_mfcc_train.7.ark:1281049
MPRD0_SX261 /home/sky/kaldi/egs/timit/s5/mfcc/raw_mfcc_train.8.ark:819349
FDFB0_SI1318 /home/sky/kaldi/egs/timit/s5/mfcc/raw_mfcc_train.1.ark:852123
MRAB0_SX414 /home/sky/kaldi/egs/timit/s5/mfcc/raw_mfcc_train.8.ark:953035
MADC0_SI1997 /home/sky/kaldi/egs/timit/s5/mfcc/raw_mfcc_train.3.ark:1468683
MPRB0_SX125 /home/sky/kaldi/egs/timit/s5/mfcc/raw_mfcc_train.8.ark:777100
MKLN0_SX248 /home/sky/kaldi/egs/timit/s5/mfcc/raw_mfcc_train.7.ark:662005
MTPP0_SI1508 /home/sky/kaldi/egs/timit/s5/mfcc/raw_mfcc_train.10.ark:772595
FKAA0_SX398 /home/sky/kaldi/egs/timit/s5/mfcc/raw_mfcc_train.2.ark:491040
MGRP0_SX237 /home/sky/kaldi/egs/timit/s5/mfcc/raw_mfcc_train.6.ark:168234
MPFU0_SX178 /home/sky/kaldi/egs/timit/s5/mfcc/raw_mfcc_train.8.ark:561894
MWRP0_SX3 /home/sky/kaldi/egs/timit/s5/mfcc/raw_mfcc_train.10.ark:1404478
MJEB0_SI656 /home/sky/kaldi/egs/timit/s5/mfcc/raw_mfcc_train.6.ark:844292
MBJV0_SI1247 /home/sky/kaldi/egs/timit/s5/mfcc/raw_mfcc_train.4.ark:445362
MFWK0_SX439 /home/sky/kaldi/egs/timit/s5/mfcc/raw_mfcc_train.5.ark:1295237
MAEO0_SI1326 /home/sky/kaldi/egs/timit/s5/mfcc/raw_mfcc_train.4.ark:38940
MPGR0_SX60 /home/sky/kaldi/egs/timit/s5/mfcc/raw_mfcc_train.8.ark:637655
MRAM0_SX285 /home/sky/kaldi/egs/timit/s5/mfcc/raw_mfcc_train.8.ark:1053410
MEGJ0_SI1337 /home/sky/kaldi/egs/timit/s5/mfcc/raw_mfcc_train.5.ark:994215
MTRT0_SX417 /home/sky/kaldi/egs/timit/s5/mfcc/raw_mfcc_train.10.ark:965998
FSRH0_SI1931 /home/sky/kaldi/egs/timit/s5/mfcc/raw_mfcc_train.3.ark:1123322
MDBB1_SX376 /home/sky/kaldi/egs/timit/s5/mfcc/raw_mfcc_train.4.ark:1305590
FSDJ0_SX215 /home/sky/kaldi/egs/timit/s5/mfcc/raw_mfcc_train.3.ark:670833
MTXS0_SX250 /home/sky/kaldi/egs/timit/s5/mfcc/raw_mfcc_train.10.ark:1021622
FSDC0_SX52 /home/sky/kaldi/egs/timit/s5/mfcc/raw_mfcc_train.3.ark:651972
FVKB0_SX439 /home/sky/kaldi/egs/timit/s5/mfcc/raw_mfcc_train.3.ark:1396891
MJRH1_SX64 /home/sky/kaldi/egs/timit/s5/mfcc/raw_mfcc_train.7.ark:78212
MDBB1_SI1006 /home/sky/kaldi/egs/timit/s5/mfcc/raw_mfcc_train.4.ark:1279423
MHBS0_SI1575 /home/sky/kaldi/egs/timit/s5/mfcc/raw_mfcc_train.6.ark:291550
MWDK0_SI806 /home/sky/kaldi/egs/timit/s5/mfcc/raw_mfcc_train.10.ark:1260890
MDLC0_SX135 /home/sky/kaldi/egs/timit/s5/mfcc/raw_mfcc_train.5.ark:249190
MEAL0_SX107 /home/sky/kaldi/egs/timit/s5/mfcc/raw_mfcc_train.5.ark:915014
FMBG0_SX440 /home/sky/kaldi/egs/timit/s5/mfcc/raw_mfcc_train.2.ark:1283653
MMAB1_SX144 /home/sky/kaldi/egs/timit/s5/mfcc/raw_mfcc_train.7.ark:1121153
MHXL0_SX62 /home/sky/kaldi/egs/timit/s5/mfcc/raw_mfcc_train.6.ark:502788
MJMM0_SX175 /home/sky/kaldi/egs/timit/s5/mfcc/raw_mfcc_train.6.ark:1327911
FCEG0_SI1878 /home/sky/kaldi/egs/timit/s5/mfcc/raw_mfcc_train.1.ark:514620
MBSB0_SI1353 /home/sky/kaldi/egs/timit/s5/mfcc/raw_mfcc_train.4.ark:597957
MGAF0_SX22 /home/sky/kaldi/egs/timit/s5/mfcc/raw_mfcc_train.5.ark:1383932
MTQC0_SI480 /home/sky/kaldi/egs/timit/s5/mfcc/raw_mfcc_train.10.ark:852414
FSJW0_SX163 /home/sky/kaldi/egs/timit/s5/mfcc/raw_mfcc_train.3.ark:838655
FSMA0_SI991 /home/sky/kaldi/egs/timit/s5/mfcc/raw_mfcc_train.3.ark:990592
MHIT0_SI2243 /home/sky/kaldi/egs/timit/s5/mfcc/raw_mfcc_train.6.ark:324882
FLHD0_SX354 /home/sky/kaldi/egs/timit/s5/mfcc/raw_mfcc_train.2.ark:918042
MVJH0_SX116 /home/sky/kaldi/egs/timit/s5/mfcc/raw_mfcc_train.10.ark:1053912
FGCS0_SX406 /home/sky/kaldi/egs/timit/s5/mfcc/raw_mfcc_train.1.ark:1387508
FDFB0_SX238 /home/sky/kaldi/egs/timit/s5/mfcc/raw_mfcc_train.1.ark:865387
MTJG0_SX170 /home/sky/kaldi/egs/timit/s5/mfcc/raw_mfcc_train.10.ark:355979
FJSK0_SX62 /home/sky/kaldi/egs/timit/s5/mfcc/raw_mfcc_train.2.ark:327710
MTAT0_SI1740 /home/sky/kaldi/egs/timit/s5/mfcc/raw_mfcc_train.10.ark:113649
FMKF0_SX276 /home/sky/kaldi/egs/timit/s5/mfcc/raw_mfcc_train.2.ark:1480567
MWDK0_SX266 /home/sky/kaldi/egs/timit/s5/mfcc/raw_mfcc_train.10.ark:1270160
MCXM0_SX451 /home/sky/kaldi/egs/timit/s5/mfcc/raw_mfcc_train.4.ark:1207772
MKAG0_SI1609 /home/sky/kaldi/egs/timit/s5/mfcc/raw_mfcc_train.7.ark:353924
FPJF0_SX146 /home/sky/kaldi/egs/timit/s5/mfcc/raw_mfcc_train.3.ark:270016
MJXL0_SX452 /home/sky/kaldi/egs/timit/s5/mfcc/raw_mfcc_train.7.ark:344823
MGES0_SX41 /home/sky/kaldi/egs/timit/s5/mfcc/raw_mfcc_train.6.ark:78486
MTKP0_SX393 /home/sky/kaldi/egs/timit/s5/mfcc/raw_mfcc_train.10.ark:545532
MRFK0_SX446 /home/sky/kaldi/egs/timit/s5/mfcc/raw_mfcc_train.8.ark:1436870
MEWM0_SI718 /home/sky/kaldi/egs/timit/s5/mfcc/raw_mfcc_train.5.ark:1156439
MRAM0_SX105 /home/sky/kaldi/egs/timit/s5/mfcc/raw_mfcc_train.8.ark:1043133
MSAS0_SX386 /home/sky/kaldi/egs/timit/s5/mfcc/raw_mfcc_train.9.ark:1003004
MRDS0_SX357 /home/sky/kaldi/egs/timit/s5/mfcc/raw_mfcc_train.8.ark:1271412
MDJM0_SI2085 /home/sky/kaldi/egs/timit/s5/mfcc/raw_mfcc_train.5.ark:136853
MTER0_SI527 /home/sky/kaldi/egs/timit/s5/mfcc/raw_mfcc_train.10.ark:322194
FALR0_SI1955 /home/sky/kaldi/egs/timit/s5/mfcc/raw_mfcc_train.1.ark:105942
FVKB0_SX79 /home/sky/kaldi/egs/timit/s5/mfcc/raw_mfcc_train.3.ark:1401330
MJHI0_SX68 /home/sky/kaldi/egs/timit/s5/mfcc/raw_mfcc_train.6.ark:1025245
FSMA0_SI1621 /home/sky/kaldi/egs/timit/s5/mfcc/raw_mfcc_train.3.ark:984116
MGAR0_SX132 /home/sky/kaldi/egs/timit/s5/mfcc/raw_mfcc_train.6.ark:3387
MMDS0_SI1973 /home/sky/kaldi/egs/timit/s5/mfcc/raw_mfcc_train.7.ark:1451247
MRJH0_SX79 /home/sky/kaldi/egs/timit/s5/mfcc/raw_mfcc_train.9.ark:148405
FKKH0_SX390 /home/sky/kaldi/egs/timit/s5/mfcc/raw_mfcc_train.2.ark:633086
FJWB1_SI748 /home/sky/kaldi/egs/timit/s5/mfcc/raw_mfcc_train.2.ark:366691
MMDM0_SI1941 /home/sky/kaldi/egs/timit/s5/mfcc/raw_mfcc_train.7.ark:1387537
FPAF0_SX64 /home/sky/kaldi/egs/timit/s5/mfcc/raw_mfcc_train.3.ark:219307
FREH0_SX145 /home/sky/kaldi/egs/timit/s5/mfcc/raw_mfcc_train.3.ark:369752
MAKB0_SI1016 /home/sky/kaldi/egs/timit/s5/mfcc/raw_mfcc_train.4.ark:133948
FLAC0_SX181 /home/sky/kaldi/egs/timit/s5/mfcc/raw_mfcc_train.2.ark:779348
MTPR0_SI506 /home/sky/kaldi/egs/timit/s5/mfcc/raw_mfcc_train.10.ark:813799
FCAG0_SI1503 /home/sky/kaldi/egs/timit/s5/mfcc/raw_mfcc_train.1.ark:410713
MSDS0_SI1077 /home/sky/kaldi/egs/timit/s5/mfcc/raw_mfcc_train.9.ark:1119267
MRWS0_SI1732 /home/sky/kaldi/egs/timit/s5/mfcc/raw_mfcc_train.9.ark:887299
MHRM0_SI2218 /home/sky/kaldi/egs/timit/s5/mfcc/raw_mfcc_train.6.ark:444906
FDAS1_SI1461 /home/sky/kaldi/egs/timit/s5/mfcc/raw_mfcc_train.1.ark:783914
FETB0_SX158 /home/sky/kaldi/egs/timit/s5/mfcc/raw_mfcc_train.1.ark:1307526
MGAF0_SX112 /home/sky/kaldi/egs/timit/s5/mfcc/raw_mfcc_train.5.ark:1378771
FSKC0_SI786 /home/sky/kaldi/egs/timit/s5/mfcc/raw_mfcc_train.3.ark:866954
MHJB0_SX117 /home/sky/kaldi/egs/timit/s5/mfcc/raw_mfcc_train.6.ark:365670
MSAT1_SX353 /home/sky/kaldi/egs/timit/s5/mfcc/raw_mfcc_train.9.ark:1051804
FGRW0_SI1782 /home/sky/kaldi/egs/timit/s5/mfcc/raw_mfcc_train.1.ark:1476954
MSDH0_SI980 /home/sky/kaldi/egs/timit/s5/mfcc/raw_mfcc_train.9.ark:1090313
MEGJ0_SI707 /home/sky/kaldi/egs/timit/s5/mfcc/raw_mfcc_train.5.ark:1004175
FJSP0_SI1763 /home/sky/kaldi/egs/timit/s5/mfcc/raw_mfcc_train.2.ark:337177
FDAW0_SI2036 /home/sky/kaldi/egs/timit/s5/mfcc/raw_mfcc_train.1.ark:827485
MCPM0_SI1194 /home/sky/kaldi/egs/timit/s5/mfcc/raw_mfcc_train.4.ark:1025705
FKLH0_SX177 /home/sky/kaldi/egs/timit/s5/mfcc/raw_mfcc_train.2.ark:716639
