MTWH1_SX72 /home/sky/kaldi/egs/timit/s5/mfcc/raw_mfcc_train.10.ark:999029
FKKH0_SI1290 /home/sky/kaldi/egs/timit/s5/mfcc/raw_mfcc_train.2.ark:602539
MRCG0_SX78 /home/sky/kaldi/egs/timit/s5/mfcc/raw_mfcc_train.8.ark:1156575
MMVP0_SI654 /home/sky/kaldi/egs/timit/s5/mfcc/raw_mfcc_train.8.ark:267888
FCKE0_SI1741 /home/sky/kaldi/egs/timit/s5/mfcc/raw_mfcc_train.1.ark:594650
MCEW0_SI812 /home/sky/kaldi/egs/timit/s5/mfcc/raw_mfcc_train.4.ark:900028
MJEB0_SX296 /home/sky/kaldi/egs/timit/s5/mfcc/raw_mfcc_train.6.ark:861011
MMWB0_SX449 /home/sky/kaldi/egs/timit/s5/mfcc/raw_mfcc_train.8.ark:330907
MDWM0_SX16 /home/sky/kaldi/egs/timit/s5/mfcc/raw_mfcc_train.5.ark:890068
FKAA0_SX38 /home/sky/kaldi/egs/timit/s5/mfcc/raw_mfcc_train.2.ark:486067
FKKH0_SX210 /home/sky/kaldi/egs/timit/s5/mfcc/raw_mfcc_train.2.ark:623459
MDLM0_SX64 /home/sky/kaldi/egs/timit/s5/mfcc/raw_mfcc_train.5.ark:387908
MAPV0_SI1293 /home/sky/kaldi/egs/timit/s5/mfcc/raw_mfcc_train.4.ark:196658
FTLG0_SI840 /home/sky/kaldi/egs/timit/s5/mfcc/raw_mfcc_train.3.ark:1289688
MAEO0_SX156 /home/sky/kaldi/egs/timit/s5/mfcc/raw_mfcc_train.4.ark:51456
MTML0_SX165 /home/sky/kaldi/egs/timit/s5/mfcc/raw_mfcc_train.10.ark:624574
FEAC0_SX75 /home/sky/kaldi/egs/timit/s5/mfcc/raw_mfcc_train.1.ark:1151086
MHMG0_SX285 /home/sky/kaldi/egs/timit/s5/mfcc/raw_mfcc_train.6.ark:401679
MTRR0_SX288 /home/sky/kaldi/egs/timit/s5/mfcc/raw_mfcc_train.10.ark:933674
FLKM0_SX80 /home/sky/kaldi/egs/timit/s5/mfcc/raw_mfcc_train.2.ark:1068797
FLOD0_SI657 /home/sky/kaldi/egs/timit/s5/mfcc/raw_mfcc_train.2.ark:1173070
FSJG0_SI940 /home/sky/kaldi/egs/timit/s5/mfcc/raw_mfcc_train.3.ark:725767
MAKB0_SI1016 /home/sky/kaldi/egs/timit/s5/mfcc/raw_mfcc_train.4.ark:133948
FGRW0_SX432 /home/sky/kaldi/egs/timit/s5/mfcc/raw_mfcc_train.1.ark:1498674
FMKC0_SI1702 /home/sky/kaldi/egs/timit/s5/mfcc/raw_mfcc_train.2.ark:1438350
FMBG0_SX260 /home/sky/kaldi/egs/timit/s5/mfcc/raw_mfcc_train.2.ark:1272155
MWAR0_SI1045 /home/sky/kaldi/egs/timit/s5/mfcc/raw_mfcc_train.10.ark:1193731
MBMA1_SI2214 /home/sky/kaldi/egs/timit/s5/mfcc/raw_mfcc_train.4.ark:508573
FBAS0_SX307 /home/sky/kaldi/egs/timit/s5/mfcc/raw_mfcc_train.1.ark:196878
FJDM2_SX322 /home/sky/kaldi/egs/timit/s5/mfcc/raw_mfcc_train.2.ark:47113
FKFB0_SI2238 /home/sky/kaldi/egs/timit/s5/mfcc/raw_mfcc_train.2.ark:570432
MSMR0_SI775 /home/sky/kaldi/egs/timit/s5/mfcc/raw_mfcc_train.9.ark:1383465
FNTB0_SX33 /home/sky/kaldi/egs/timit/s5/mfcc/raw_mfcc_train.3.ark:75187
MEGJ0_SX257 /home/sky/kaldi/egs/timit/s5/mfcc/raw_mfcc_train.5.ark:1016097
FKLC1_SX238 /home/sky/kaldi/egs/timit/s5/mfcc/raw_mfcc_train.2.ark:686104
FLMC0_SI742 /home/sky/kaldi/egs/timit/s5/mfcc/raw_mfcc_train.2.ark:1108423
MMGC0_SX135 /home/sky/kaldi/egs/timit/s5/mfcc/raw_mfcc_train.8.ark:22895
MMAG0_SX226 /home/sky/kaldi/egs/timit/s5/mfcc/raw_mfcc_train.7.ark:1163402
MRGS0_SI1356 /home/sky/kaldi/egs/timit/s5/mfcc/raw_mfcc_train.9.ark:10803
MJWS0_SI1143 /home/sky/kaldi/egs/timit/s5/mfcc/raw_mfcc_train.7.ark:218964
MDLM0_SI604 /home/sky/kaldi/egs/timit/s5/mfcc/raw_mfcc_train.5.ark:368790
FTAJ0_SX339 /home/sky/kaldi/egs/timit/s5/mfcc/raw_mfcc_train.3.ark:1204233
FECD0_SX338 /home/sky/kaldi/egs/timit/s5/mfcc/raw_mfcc_train.1.ark:1212638
MJEE0_SX157 /home/sky/kaldi/egs/timit/s5/mfcc/raw_mfcc_train.6.ark:913599
MKDD0_SX307 /home/sky/kaldi/egs/timit/s5/mfcc/raw_mfcc_train.7.ark:538025
FLHD0_SI1974 /home/sky/kaldi/egs/timit/s5/mfcc/raw_mfcc_train.2.ark:905138
MTKD0_SX107 /home/sky/kaldi/egs/timit/s5/mfcc/raw_mfcc_train.10.ark:494553
FMJU0_SI1389 /home/sky/kaldi/egs/timit/s5/mfcc/raw_mfcc_train.2.ark:1395559
MJRH0_SX225 /home/sky/kaldi/egs/timit/s5/mfcc/raw_mfcc_train.7.ark:35391
MMWS0_SX78 /home/sky/kaldi/egs/timit/s5/mfcc/raw_mfcc_train.8.ark:369124
FLJG0_SX441 /home/sky/kaldi/egs/timit/s5/mfcc/raw_mfcc_train.2.ark:1026823
MZMB0_SI536 /home/sky/kaldi/egs/timit/s5/mfcc/raw_mfcc_train.10.ark:1489477
FLAG0_SX114 /home/sky/kaldi/egs/timit/s5/mfcc/raw_mfcc_train.2.ark:814193
MKLS1_SX105 /home/sky/kaldi/egs/timit/s5/mfcc/raw_mfcc_train.7.ark:754718
MJSR0_SX254 /home/sky/kaldi/egs/timit/s5/mfcc/raw_mfcc_train.7.ark:163747
FTMG0_SX272 /home/sky/kaldi/egs/timit/s5/mfcc/raw_mfcc_train.3.ark:1327017
MJEE0_SI1237 /home/sky/kaldi/egs/timit/s5/mfcc/raw_mfcc_train.6.ark:902670
MJPM0_SX18 /home/sky/kaldi/egs/timit/s5/mfcc/raw_mfcc_train.6.ark:1391887
FRJB0_SI1794 /home/sky/kaldi/egs/timit/s5/mfcc/raw_mfcc_train.3.ark:390798
MPPC0_SX152 /home/sky/kaldi/egs/timit/s5/mfcc/raw_mfcc_train.8.ark:741033
MCTM0_SI1980 /home/sky/kaldi/egs/timit/s5/mfcc/raw_mfcc_train.4.ark:1158059
MDTB0_SX210 /home/sky/kaldi/egs/timit/s5/mfcc/raw_mfcc_train.5.ark:791643
FALK0_SI456 /home/sky/kaldi/egs/timit/s5/mfcc/raw_mfcc_train.1.ark:72191
MGAR0_SI1842 /home/sky/kaldi/egs/timit/s5/mfcc/raw_mfcc_train.6.ark:13
FSMM0_SX144 /home/sky/kaldi/egs/timit/s5/mfcc/raw_mfcc_train.3.ark:1029890
FALR0_SI1955 /home/sky/kaldi/egs/timit/s5/mfcc/raw_mfcc_train.1.ark:105942
FLET0_SX57 /home/sky/kaldi/egs/timit/s5/mfcc/raw_mfcc_train.2.ark:895585
MRWS0_SI472 /home/sky/kaldi/egs/timit/s5/mfcc/raw_mfcc_train.9.ark:889646
MBML0_SI1799 /home/sky/kaldi/egs/timit/s5/mfcc/raw_mfcc_train.4.ark:543574
MPSW0_SI1697 /home/sky/kaldi/egs/timit/s5/mfcc/raw_mfcc_train.8.ark:906234
FJRP1_SX172 /home/sky/kaldi/egs/timit/s5/mfcc/raw_mfcc_train.2.ark:271387
MBMA1_SI954 /home/sky/kaldi/egs/timit/s5/mfcc/raw_mfcc_train.4.ark:512675
MMGG0_SX89 /home/sky/kaldi/egs/timit/s5/mfcc/raw_mfcc_train.8.ark:69364
MDKS0_SI1066 /home/sky/kaldi/egs/timit/s5/mfcc/raw_mfcc_train.5.ark:161940
FJLG0_SX179 /home/sky/kaldi/egs/timit/s5/mfcc/raw_mfcc_train.2.ark:170687
MSFV0_SX182 /home/sky/kaldi/egs/timit/s5/mfcc/raw_mfcc_train.9.ark:1283475
MTDB0_SI2031 /home/sky/kaldi/egs/timit/s5/mfcc/raw_mfcc_train.10.ark:246672
MMEA0_SX38 /home/sky/kaldi/egs/timit/s5/mfcc/raw_mfcc_train.7.ark:1492951
FGMB0_SX245 /home/sky/kaldi/egs/timit/s5/mfcc/raw_mfcc_train.1.ark:1452283
MRMS0_SI2100 /home/sky/kaldi/egs/timit/s5/mfcc/raw_mfcc_train.9.ark:587779
MDSS0_SX351 /home/sky/kaldi/egs/timit/s5/mfcc/raw_mfcc_train.5.ark:737690
MWAR0_SX235 /home/sky/kaldi/egs/timit/s5/mfcc/raw_mfcc_train.10.ark:1210531
MDPK0_SI1053 /home/sky/kaldi/egs/timit/s5/mfcc/raw_mfcc_train.5.ark:593724
MRHL0_SX75 /home/sky/kaldi/egs/timit/s5/mfcc/raw_mfcc_train.9.ark:73632
MTJU0_SI2020 /home/sky/kaldi/egs/timit/s5/mfcc/raw_mfcc_train.10.ark:448519
MJRH1_SI514 /home/sky/kaldi/egs/timit/s5/mfcc/raw_mfcc_train.7.ark:59419
FJLR0_SX421 /home/sky/kaldi/egs/timit/s5/mfcc/raw_mfcc_train.2.ark:216083
FAEM0_SX42 /home/sky/kaldi/egs/timit/s5/mfcc/raw_mfcc_train.1.ark:29767
FKLC0_SX445 /home/sky/kaldi/egs/timit/s5/mfcc/raw_mfcc_train.2.ark:663804
MSTF0_SX226 /home/sky/kaldi/egs/timit/s5/mfcc/raw_mfcc_train.9.ark:1518268
FVFB0_SI1032 /home/sky/kaldi/egs/timit/s5/mfcc/raw_mfcc_train.3.ark:1342879
MWGR0_SX436 /home/sky/kaldi/egs/timit/s5/mfcc/raw_mfcc_train.10.ark:1343375
FCEG0_SX258 /home/sky/kaldi/egs/timit/s5/mfcc/raw_mfcc_train.1.ark:522207
MTPF0_SX245 /home/sky/kaldi/egs/timit/s5/mfcc/raw_mfcc_train.10.ark:728414
FLTM0_SI1070 /home/sky/kaldi/egs/timit/s5/mfcc/raw_mfcc_train.2.ark:1194251
FLOD0_SI1287 /home/sky/kaldi/egs/timit/s5/mfcc/raw_mfcc_train.2.ark:1164735
FTLG0_SX303 /home/sky/kaldi/egs/timit/s5/mfcc/raw_mfcc_train.3.ark:1301500
MBSB0_SX183 /home/sky/kaldi/egs/timit/s5/mfcc/raw_mfcc_train.4.ark:609965
MMPM0_SX341 /home/sky/kaldi/egs/timit/s5/mfcc/raw_mfcc_train.8.ark:179898
MVLO0_SX67 /home/sky/kaldi/egs/timit/s5/mfcc/raw_mfcc_train.10.ark:1098001
MRWS0_SX202 /home/sky/kaldi/egs/timit/s5/mfcc/raw_mfcc_train.9.ark:897018
MTKP0_SX213 /home/sky/kaldi/egs/timit/s5/mfcc/raw_mfcc_train.10.ark:535385
FSAK0_SI1300 /home/sky/kaldi/egs/timit/s5/mfcc/raw_mfcc_train.3.ark:519866
FSSB0_SX452 /home/sky/kaldi/egs/timit/s5/mfcc/raw_mfcc_train.3.ark:1178379
MCTH0_SX129 /home/sky/kaldi/egs/timit/s5/mfcc/raw_mfcc_train.4.ark:1133160
MRJB1_SI1413 /home/sky/kaldi/egs/timit/s5/mfcc/raw_mfcc_train.9.ark:81448
MKDB0_SX62 /home/sky/kaldi/egs/timit/s5/mfcc/raw_mfcc_train.7.ark:512306
MBBR0_SI1685 /home/sky/kaldi/egs/timit/s5/mfcc/raw_mfcc_train.4.ark:329494
MPGH0_SX294 /home/sky/kaldi/egs/timit/s5/mfcc/raw_mfcc_train.8.ark:606313
MVJH0_SI2186 /home/sky/kaldi/egs/timit/s5/mfcc/raw_mfcc_train.10.ark:1045383
MJRA0_SI1236 /home/sky/kaldi/egs/timit/s5/mfcc/raw_mfcc_train.6.ark:1440086
FSRH0_SI1931 /home/sky/kaldi/egs/timit/s5/mfcc/raw_mfcc_train.3.ark:1123322
MESJ0_SI997 /home/sky/kaldi/egs/timit/s5/mfcc/raw_mfcc_train.5.ark:1132269
MBOM0_SX294 /home/sky/kaldi/egs/timit/s5/mfcc/raw_mfcc_train.4.ark:587028
MARW0_SX16 /home/sky/kaldi/egs/timit/s5/mfcc/raw_mfcc_train.4.ark:271810
MTRC0_SI1623 /home/sky/kaldi/egs/timit/s5/mfcc/raw_mfcc_train.10.ark:882577
FBCG1_SI2242 /home/sky/kaldi/egs/timit/s5/mfcc/raw_mfcc_train.1.ark:209179
FDML0_SX249 /home/sky/kaldi/egs/timit/s5/mfcc/raw_mfcc_train.1.ark:962202
FJSP0_SX264 /home/sky/kaldi/egs/timit/s5/mfcc/raw_mfcc_train.2.ark:347338
MMDS0_SX263 /home/sky/kaldi/egs/timit/s5/mfcc/raw_mfcc_train.7.ark:1459835
MPEB0_SX330 /home/sky/kaldi/egs/timit/s5/mfcc/raw_mfcc_train.8.ark:537073
MJEE0_SX427 /home/sky/kaldi/egs/timit/s5/mfcc/raw_mfcc_train.6.ark:925970
MJMM0_SX355 /home/sky/kaldi/egs/timit/s5/mfcc/raw_mfcc_train.6.ark:1337207
FTAJ0_SX69 /home/sky/kaldi/egs/timit/s5/mfcc/raw_mfcc_train.3.ark:1210096
MGJC0_SX75 /home/sky/kaldi/egs/timit/s5/mfcc/raw_mfcc_train.6.ark:114853
MPGR1_SI1269 /home/sky/kaldi/egs/timit/s5/mfcc/raw_mfcc_train.8.ark:641797
MMVP0_SI1914 /home/sky/kaldi/egs/timit/s5/mfcc/raw_mfcc_train.8.ark:264046
FCLT0_SX88 /home/sky/kaldi/egs/timit/s5/mfcc/raw_mfcc_train.1.ark:649114
MDJM0_SI2085 /home/sky/kaldi/egs/timit/s5/mfcc/raw_mfcc_train.5.ark:136853
MBOM0_SX384 /home/sky/kaldi/egs/timit/s5/mfcc/raw_mfcc_train.4.ark:595414
MSMC0_SX377 /home/sky/kaldi/egs/timit/s5/mfcc/raw_mfcc_train.9.ark:1368778
MTJG0_SI2157 /home/sky/kaldi/egs/timit/s5/mfcc/raw_mfcc_train.10.ark:349140
FGMB0_SX425 /home/sky/kaldi/egs/timit/s5/mfcc/raw_mfcc_train.1.ark:1463126
MTRT0_SX147 /home/sky/kaldi/egs/timit/s5/mfcc/raw_mfcc_train.10.ark:957072
FEME0_SI1505 /home/sky/kaldi/egs/timit/s5/mfcc/raw_mfcc_train.1.ark:1259191
FJHK0_SI2282 /home/sky/kaldi/egs/timit/s5/mfcc/raw_mfcc_train.2.ark:102510
FSJK1_SX305 /home/sky/kaldi/egs/timit/s5/mfcc/raw_mfcc_train.3.ark:779184
MBCG0_SI2217 /home/sky/kaldi/egs/timit/s5/mfcc/raw_mfcc_train.4.ark:353984
FSCN0_SX86 /home/sky/kaldi/egs/timit/s5/mfcc/raw_mfcc_train.3.ark:622495
MEDR0_SX114 /home/sky/kaldi/egs/timit/s5/mfcc/raw_mfcc_train.5.ark:945206
MJJJ0_SI1793 /home/sky/kaldi/egs/timit/s5/mfcc/raw_mfcc_train.6.ark:1069337
FSKP0_SX288 /home/sky/kaldi/egs/timit/s5/mfcc/raw_mfcc_train.3.ark:943665
MDNS0_SX201 /home/sky/kaldi/egs/timit/s5/mfcc/raw_mfcc_train.5.ark:546605
FPLS0_SI2220 /home/sky/kaldi/egs/timit/s5/mfcc/raw_mfcc_train.3.ark:291847
MCSS0_SX120 /home/sky/kaldi/egs/timit/s5/mfcc/raw_mfcc_train.4.ark:1102982
FSSB0_SX92 /home/sky/kaldi/egs/timit/s5/mfcc/raw_mfcc_train.3.ark:1183351
MMDS0_SX443 /home/sky/kaldi/egs/timit/s5/mfcc/raw_mfcc_train.7.ark:1465933
MWRE0_SX67 /home/sky/kaldi/egs/timit/s5/mfcc/raw_mfcc_train.10.ark:1376953
MMAM0_SX247 /home/sky/kaldi/egs/timit/s5/mfcc/raw_mfcc_train.7.ark:1193503
FEAC0_SI1875 /home/sky/kaldi/egs/timit/s5/mfcc/raw_mfcc_train.1.ark:1124031
MKLN0_SI2228 /home/sky/kaldi/egs/timit/s5/mfcc/raw_mfcc_train.7.ark:650999
MDCM0_SI2110 /home/sky/kaldi/egs/timit/s5/mfcc/raw_mfcc_train.4.ark:1381601
MVJH0_SX116 /home/sky/kaldi/egs/timit/s5/mfcc/raw_mfcc_train.10.ark:1053912
MKRG0_SI1491 /home/sky/kaldi/egs/timit/s5/mfcc/raw_mfcc_train.7.ark:806291
MBCG0_SI957 /home/sky/kaldi/egs/timit/s5/mfcc/raw_mfcc_train.4.ark:359913
FEEH0_SX122 /home/sky/kaldi/egs/timit/s5/mfcc/raw_mfcc_train.1.ark:1238447
MDJM0_SI1455 /home/sky/kaldi/egs/timit/s5/mfcc/raw_mfcc_train.5.ark:130709
FDMY0_SX27 /home/sky/kaldi/egs/timit/s5/mfcc/raw_mfcc_train.1.ark:1006516
MGAF0_SI1912 /home/sky/kaldi/egs/timit/s5/mfcc/raw_mfcc_train.5.ark:1370892
MPEB0_SI1860 /home/sky/kaldi/egs/timit/s5/mfcc/raw_mfcc_train.8.ark:522628
MDPB0_SI866 /home/sky/kaldi/egs/timit/s5/mfcc/raw_mfcc_train.5.ark:569918
MJDM0_SX350 /home/sky/kaldi/egs/timit/s5/mfcc/raw_mfcc_train.6.ark:822182
MKAG0_SX439 /home/sky/kaldi/egs/timit/s5/mfcc/raw_mfcc_train.7.ark:379563
FREH0_SI1315 /home/sky/kaldi/egs/timit/s5/mfcc/raw_mfcc_train.3.ark:356171
MTJS0_SX202 /home/sky/kaldi/egs/timit/s5/mfcc/raw_mfcc_train.10.ark:432293
FBCH0_SX56 /home/sky/kaldi/egs/timit/s5/mfcc/raw_mfcc_train.1.ark:270792
MWRE0_SX157 /home/sky/kaldi/egs/timit/s5/mfcc/raw_mfcc_train.10.ark:1361612
FALR0_SI695 /home/sky/kaldi/egs/timit/s5/mfcc/raw_mfcc_train.1.ark:109381
MTRR0_SX378 /home/sky/kaldi/egs/timit/s5/mfcc/raw_mfcc_train.10.ark:938114
MRFL0_SI526 /home/sky/kaldi/egs/timit/s5/mfcc/raw_mfcc_train.8.ark:1452356
MSAS0_SX206 /home/sky/kaldi/egs/timit/s5/mfcc/raw_mfcc_train.9.ark:990647
MTCS0_SX262 /home/sky/kaldi/egs/timit/s5/mfcc/raw_mfcc_train.10.ark:224003
MJRK0_SX430 /home/sky/kaldi/egs/timit/s5/mfcc/raw_mfcc_train.7.ark:104757
MGAR0_SI1694 /home/sky/kaldi/egs/timit/s5/mfcc/raw_mfcc_train.5.ark:1464481
MPGH0_SX114 /home/sky/kaldi/egs/timit/s5/mfcc/raw_mfcc_train.8.ark:597700
MMDG0_SX430 /home/sky/kaldi/egs/timit/s5/mfcc/raw_mfcc_train.7.ark:1373644
MGSH0_SX6 /home/sky/kaldi/egs/timit/s5/mfcc/raw_mfcc_train.6.ark:212334
FBMH0_SI1136 /home/sky/kaldi/egs/timit/s5/mfcc/raw_mfcc_train.1.ark:342519
MCEF0_SI842 /home/sky/kaldi/egs/timit/s5/mfcc/raw_mfcc_train.4.ark:867016
MRGS0_SI726 /home/sky/kaldi/egs/timit/s5/mfcc/raw_mfcc_train.9.ark:19086
MBJV0_SX437 /home/sky/kaldi/egs/timit/s5/mfcc/raw_mfcc_train.4.ark:467947
MEJL0_SX152 /home/sky/kaldi/egs/timit/s5/mfcc/raw_mfcc_train.5.ark:1040546
MSEM1_SX90 /home/sky/kaldi/egs/timit/s5/mfcc/raw_mfcc_train.9.ark:1196659
MWEM0_SI1320 /home/sky/kaldi/egs/timit/s5/mfcc/raw_mfcc_train.10.ark:1284501
FLOD0_SX207 /home/sky/kaldi/egs/timit/s5/mfcc/raw_mfcc_train.2.ark:1185220
MJAE0_SX84 /home/sky/kaldi/egs/timit/s5/mfcc/raw_mfcc_train.6.ark:597272
FLJD0_SI1516 /home/sky/kaldi/egs/timit/s5/mfcc/raw_mfcc_train.2.ark:964609
MRGS0_SX6 /home/sky/kaldi/egs/timit/s5/mfcc/raw_mfcc_train.9.ark:37286
FJXM0_SI1211 /home/sky/kaldi/egs/timit/s5/mfcc/raw_mfcc_train.2.ark:393767
FSMS1_SX334 /home/sky/kaldi/egs/timit/s5/mfcc/raw_mfcc_train.3.ark:1073368
MTMN0_SI2324 /home/sky/kaldi/egs/timit/s5/mfcc/raw_mfcc_train.10.ark:650396
FCJS0_SX347 /home/sky/kaldi/egs/timit/s5/mfcc/raw_mfcc_train.1.ark:578631
MJEE0_SX247 /home/sky/kaldi/egs/timit/s5/mfcc/raw_mfcc_train.6.ark:916882
FJSP0_SX444 /home/sky/kaldi/egs/timit/s5/mfcc/raw_mfcc_train.2.ark:354879
MTPR0_SI2230 /home/sky/kaldi/egs/timit/s5/mfcc/raw_mfcc_train.10.ark:807071
FALR0_SX335 /home/sky/kaldi/egs/timit/s5/mfcc/raw_mfcc_train.1.ark:120595
FDNC0_SI2287 /home/sky/kaldi/egs/timit/s5/mfcc/raw_mfcc_train.1.ark:1033399
MRTJ0_SI2032 /home/sky/kaldi/egs/timit/s5/mfcc/raw_mfcc_train.9.ark:785845
MBAR0_SI689 /home/sky/kaldi/egs/timit/s5/mfcc/raw_mfcc_train.4.ark:298660
MAKR0_SI1982 /home/sky/kaldi/egs/timit/s5/mfcc/raw_mfcc_train.4.ark:175159
MWSH0_SI1426 /home/sky/kaldi/egs/timit/s5/mfcc/raw_mfcc_train.10.ark:1443229
MESJ0_SX277 /home/sky/kaldi/egs/timit/s5/mfcc/raw_mfcc_train.5.ark:1139329
MRLJ0_SX250 /home/sky/kaldi/egs/timit/s5/mfcc/raw_mfcc_train.9.ark:338929
FKDE0_SI1771 /home/sky/kaldi/egs/timit/s5/mfcc/raw_mfcc_train.2.ark:502470
MBBR0_SI1055 /home/sky/kaldi/egs/timit/s5/mfcc/raw_mfcc_train.4.ark:323558
MRXB0_SX235 /home/sky/kaldi/egs/timit/s5/mfcc/raw_mfcc_train.9.ark:928119
MWSH0_SX166 /home/sky/kaldi/egs/timit/s5/mfcc/raw_mfcc_train.10.ark:1458708
FMKF0_SI906 /home/sky/kaldi/egs/timit/s5/mfcc/raw_mfcc_train.2.ark:1472922
MDTB0_SI1200 /home/sky/kaldi/egs/timit/s5/mfcc/raw_mfcc_train.5.ark:777561
FSAK0_SX130 /home/sky/kaldi/egs/timit/s5/mfcc/raw_mfcc_train.3.ark:532303
MNTW0_SI1698 /home/sky/kaldi/egs/timit/s5/mfcc/raw_mfcc_train.8.ark:464871
MKAM0_SX236 /home/sky/kaldi/egs/timit/s5/mfcc/raw_mfcc_train.7.ark:468615
MJWT0_SX391 /home/sky/kaldi/egs/timit/s5/mfcc/raw_mfcc_train.7.ark:286488
MRLJ0_SI1420 /home/sky/kaldi/egs/timit/s5/mfcc/raw_mfcc_train.9.ark:322286
MRTJ0_SX142 /home/sky/kaldi/egs/timit/s5/mfcc/raw_mfcc_train.9.ark:796506
MJJM0_SX377 /home/sky/kaldi/egs/timit/s5/mfcc/raw_mfcc_train.6.ark:1126986
MMVP0_SX384 /home/sky/kaldi/egs/timit/s5/mfcc/raw_mfcc_train.8.ark:294989
MDLR1_SX399 /home/sky/kaldi/egs/timit/s5/mfcc/raw_mfcc_train.5.ark:455882
MAKB0_SX296 /home/sky/kaldi/egs/timit/s5/mfcc/raw_mfcc_train.4.ark:165399
MFMC0_SX142 /home/sky/kaldi/egs/timit/s5/mfcc/raw_mfcc_train.5.ark:1219402
FECD0_SX428 /home/sky/kaldi/egs/timit/s5/mfcc/raw_mfcc_train.1.ark:1217065
MRAM0_SX375 /home/sky/kaldi/egs/timit/s5/mfcc/raw_mfcc_train.8.ark:1057239
MGAG0_SX331 /home/sky/kaldi/egs/timit/s5/mfcc/raw_mfcc_train.5.ark:1413642
MSES0_SI1589 /home/sky/kaldi/egs/timit/s5/mfcc/raw_mfcc_train.9.ark:1200684
MTAT1_SI779 /home/sky/kaldi/egs/timit/s5/mfcc/raw_mfcc_train.10.ark:146317
MTMT0_SX398 /home/sky/kaldi/egs/timit/s5/mfcc/raw_mfcc_train.10.ark:708461
MMWS0_SI888 /home/sky/kaldi/egs/timit/s5/mfcc/raw_mfcc_train.8.ark:348186
FSRH0_SX401 /home/sky/kaldi/egs/timit/s5/mfcc/raw_mfcc_train.3.ark:1143988
MREM0_SX241 /home/sky/kaldi/egs/timit/s5/mfcc/raw_mfcc_train.8.ark:1368881
MRWS0_SI1102 /home/sky/kaldi/egs/timit/s5/mfcc/raw_mfcc_train.9.ark:881662
FAPB0_SI1693 /home/sky/kaldi/egs/timit/s5/mfcc/raw_mfcc_train.1.ark:137498
MTAS0_SX395 /home/sky/kaldi/egs/timit/s5/mfcc/raw_mfcc_train.10.ark:103974
MRAV0_SI1638 /home/sky/kaldi/egs/timit/s5/mfcc/raw_mfcc_train.8.ark:1063937
FHLM0_SX300 /home/sky/kaldi/egs/timit/s5/mfcc/raw_mfcc_train.1.ark:1527285
MDWD0_SI1890 /home/sky/kaldi/egs/timit/s5/mfcc/raw_mfcc_train.5.ark:810998
MFXV0_SX15 /home/sky/kaldi/egs/timit/s5/mfcc/raw_mfcc_train.5.ark:1351641
FPAD0_SI1346 /home/sky/kaldi/egs/timit/s5/mfcc/raw_mfcc_train.3.ark:154369
FSDJ0_SX125 /home/sky/kaldi/egs/timit/s5/mfcc/raw_mfcc_train.3.ark:668005
MAKB0_SX116 /home/sky/kaldi/egs/timit/s5/mfcc/raw_mfcc_train.4.ark:152782
FMMH0_SI2167 /home/sky/kaldi/egs/timit/s5/mfcc/raw_mfcc_train.2.ark:1501869
MPFU0_SX448 /home/sky/kaldi/egs/timit/s5/mfcc/raw_mfcc_train.8.ark:574278
FSDJ0_SX215 /home/sky/kaldi/egs/timit/s5/mfcc/raw_mfcc_train.3.ark:670833
MRWS0_SX292 /home/sky/kaldi/egs/timit/s5/mfcc/raw_mfcc_train.9.ark:901841
MRMG0_SI1080 /home/sky/kaldi/egs/timit/s5/mfcc/raw_mfcc_train.9.ark:473723
FREH0_SI685 /home/sky/kaldi/egs/timit/s5/mfcc/raw_mfcc_train.3.ark:366300
FBMH0_SX146 /home/sky/kaldi/egs/timit/s5/mfcc/raw_mfcc_train.1.ark:357491
FSJS0_SI541 /home/sky/kaldi/egs/timit/s5/mfcc/raw_mfcc_train.3.ark:797277
MRAV0_SI2268 /home/sky/kaldi/egs/timit/s5/mfcc/raw_mfcc_train.8.ark:1068313
MJXA0_SI1507 /home/sky/kaldi/egs/timit/s5/mfcc/raw_mfcc_train.7.ark:289603
MKAH0_SX448 /home/sky/kaldi/egs/timit/s5/mfcc/raw_mfcc_train.7.ark:412848
FAEM0_SI2022 /home/sky/kaldi/egs/timit/s5/mfcc/raw_mfcc_train.1.ark:6313
MTRT0_SI597 /home/sky/kaldi/egs/timit/s5/mfcc/raw_mfcc_train.10.ark:953750
MTAB0_SI942 /home/sky/kaldi/egs/timit/s5/mfcc/raw_mfcc_train.10.ark:54106
FMJB0_SX277 /home/sky/kaldi/egs/timit/s5/mfcc/raw_mfcc_train.2.ark:1346115
MTJM0_SX236 /home/sky/kaldi/egs/timit/s5/mfcc/raw_mfcc_train.10.ark:396616
MMJB1_SI778 /home/sky/kaldi/egs/timit/s5/mfcc/raw_mfcc_train.8.ark:106208
MRJM1_SX308 /home/sky/kaldi/egs/timit/s5/mfcc/raw_mfcc_train.9.ark:206916
MMJB1_SX58 /home/sky/kaldi/egs/timit/s5/mfcc/raw_mfcc_train.8.ark:126678
MBWP0_SI1969 /home/sky/kaldi/egs/timit/s5/mfcc/raw_mfcc_train.4.ark:659007
MEFG0_SI598 /home/sky/kaldi/egs/timit/s5/mfcc/raw_mfcc_train.5.ark:969837
MCLK0_SI2290 /home/sky/kaldi/egs/timit/s5/mfcc/raw_mfcc_train.4.ark:966033
MDSJ0_SX438 /home/sky/kaldi/egs/timit/s5/mfcc/raw_mfcc_train.5.ark:716560
MEGJ0_SX167 /home/sky/kaldi/egs/timit/s5/mfcc/raw_mfcc_train.5.ark:1009707
FCYL0_SX127 /home/sky/kaldi/egs/timit/s5/mfcc/raw_mfcc_train.1.ark:764847
FSMM0_SI1314 /home/sky/kaldi/egs/timit/s5/mfcc/raw_mfcc_train.3.ark:1018610
MCXM0_SI1981 /home/sky/kaldi/egs/timit/s5/mfcc/raw_mfcc_train.4.ark:1187990
MTRR0_SX108 /home/sky/kaldi/egs/timit/s5/mfcc/raw_mfcc_train.10.ark:922747
MPGR1_SX239 /home/sky/kaldi/egs/timit/s5/mfcc/raw_mfcc_train.8.ark:658285
FALR0_SX65 /home/sky/kaldi/egs/timit/s5/mfcc/raw_mfcc_train.1.ark:128603
FVKB0_SX259 /home/sky/kaldi/egs/timit/s5/mfcc/raw_mfcc_train.3.ark:1385957
MEJS0_SI610 /home/sky/kaldi/egs/timit/s5/mfcc/raw_mfcc_train.5.ark:1068039
MBSB0_SX363 /home/sky/kaldi/egs/timit/s5/mfcc/raw_mfcc_train.4.ark:616614
MPRK0_SX377 /home/sky/kaldi/egs/timit/s5/mfcc/raw_mfcc_train.8.ark:869424
MTML0_SX255 /home/sky/kaldi/egs/timit/s5/mfcc/raw_mfcc_train.10.ark:629118
MFRM0_SX75 /home/sky/kaldi/egs/timit/s5/mfcc/raw_mfcc_train.5.ark:1268874
MRTJ0_SX412 /home/sky/kaldi/egs/timit/s5/mfcc/raw_mfcc_train.9.ark:812374
MPMB0_SI1501 /home/sky/kaldi/egs/timit/s5/mfcc/raw_mfcc_train.8.ark:673354
MCSS0_SX30 /home/sky/kaldi/egs/timit/s5/mfcc/raw_mfcc_train.4.ark:1110977
FKKH0_SX390 /home/sky/kaldi/egs/timit/s5/mfcc/raw_mfcc_train.2.ark:633086
MWRP0_SI1525 /home/sky/kaldi/egs/timit/s5/mfcc/raw_mfcc_train.10.ark:1388578
FMMH0_SI907 /home/sky/kaldi/egs/timit/s5/mfcc/raw_mfcc_train.2.ark:1506387
FCMG0_SX72 /home/sky/kaldi/egs/timit/s5/mfcc/raw_mfcc_train.1.ark:685572
FMJU0_SX399 /home/sky/kaldi/egs/timit/s5/mfcc/raw_mfcc_train.2.ark:1425872
MREH1_SX429 /home/sky/kaldi/egs/timit/s5/mfcc/raw_mfcc_train.8.ark:1342943
MKAJ0_SX154 /home/sky/kaldi/egs/timit/s5/mfcc/raw_mfcc_train.7.ark:432943
MWRP0_SX183 /home/sky/kaldi/egs/timit/s5/mfcc/raw_mfcc_train.10.ark:1397069
MPMB0_SX331 /home/sky/kaldi/egs/timit/s5/mfcc/raw_mfcc_train.8.ark:708256
MMXS0_SI629 /home/sky/kaldi/egs/timit/s5/mfcc/raw_mfcc_train.8.ark:401748
MJBG0_SX242 /home/sky/kaldi/egs/timit/s5/mfcc/raw_mfcc_train.6.ark:649665
FSKP0_SI1098 /home/sky/kaldi/egs/timit/s5/mfcc/raw_mfcc_train.3.ark:921042
MDLM0_SX424 /home/sky/kaldi/egs/timit/s5/mfcc/raw_mfcc_train.5.ark:384002
MJRH1_SX244 /home/sky/kaldi/egs/timit/s5/mfcc/raw_mfcc_train.7.ark:67090
MHJB0_SX27 /home/sky/kaldi/egs/timit/s5/mfcc/raw_mfcc_train.6.ark:370805
FCRZ0_SI793 /home/sky/kaldi/egs/timit/s5/mfcc/raw_mfcc_train.1.ark:728123
MDEF0_SX33 /home/sky/kaldi/egs/timit/s5/mfcc/raw_mfcc_train.5.ark:23105
MJLG1_SX292 /home/sky/kaldi/egs/timit/s5/mfcc/raw_mfcc_train.6.ark:1215967
MTDP0_SX81 /home/sky/kaldi/egs/timit/s5/mfcc/raw_mfcc_train.10.ark:308690
FDFB0_SX328 /home/sky/kaldi/egs/timit/s5/mfcc/raw_mfcc_train.1.ark:868280
MRML0_SX341 /home/sky/kaldi/egs/timit/s5/mfcc/raw_mfcc_train.9.ark:563198
MDEF0_SI1123 /home/sky/kaldi/egs/timit/s5/mfcc/raw_mfcc_train.5.ark:13
MRML0_SI1421 /home/sky/kaldi/egs/timit/s5/mfcc/raw_mfcc_train.9.ark:535797
MREM0_SX151 /home/sky/kaldi/egs/timit/s5/mfcc/raw_mfcc_train.8.ark:1364896
MDLC1_SI2144 /home/sky/kaldi/egs/timit/s5/mfcc/raw_mfcc_train.5.ark:279817
MMDS0_SX353 /home/sky/kaldi/egs/timit/s5/mfcc/raw_mfcc_train.7.ark:1462494
MRHL0_SX255 /home/sky/kaldi/egs/timit/s5/mfcc/raw_mfcc_train.9.ark:62406
MSAT0_SX266 /home/sky/kaldi/egs/timit/s5/mfcc/raw_mfcc_train.9.ark:1019733
MHXL0_SI612 /home/sky/kaldi/egs/timit/s5/mfcc/raw_mfcc_train.6.ark:480836
FBCG1_SX82 /home/sky/kaldi/egs/timit/s5/mfcc/raw_mfcc_train.1.ark:235597
MTLC0_SI1477 /home/sky/kaldi/egs/timit/s5/mfcc/raw_mfcc_train.10.ark:587296
MAFM0_SX309 /home/sky/kaldi/egs/timit/s5/mfcc/raw_mfcc_train.4.ark:87108
FPAZ0_SX423 /home/sky/kaldi/egs/timit/s5/mfcc/raw_mfcc_train.3.ark:248698
MHMG0_SI735 /home/sky/kaldi/egs/timit/s5/mfcc/raw_mfcc_train.6.ark:386585
MCPM0_SX24 /home/sky/kaldi/egs/timit/s5/mfcc/raw_mfcc_train.4.ark:1046982
MREH1_SX249 /home/sky/kaldi/egs/timit/s5/mfcc/raw_mfcc_train.8.ark:1335337
MMXS0_SX156 /home/sky/kaldi/egs/timit/s5/mfcc/raw_mfcc_train.8.ark:409510
MWSB0_SI2256 /home/sky/kaldi/egs/timit/s5/mfcc/raw_mfcc_train.10.ark:1418300
MFWK0_SX349 /home/sky/kaldi/egs/timit/s5/mfcc/raw_mfcc_train.5.ark:1289614
MLJC0_SI595 /home/sky/kaldi/egs/timit/s5/mfcc/raw_mfcc_train.7.ark:946115
MBJV0_SX347 /home/sky/kaldi/egs/timit/s5/mfcc/raw_mfcc_train.4.ark:463130
MGSL0_SI534 /home/sky/kaldi/egs/timit/s5/mfcc/raw_mfcc_train.6.ark:225121
MTCS0_SI2265 /home/sky/kaldi/egs/timit/s5/mfcc/raw_mfcc_train.10.ark:210956
MJWT0_SX301 /home/sky/kaldi/egs/timit/s5/mfcc/raw_mfcc_train.7.ark:278571
MMJB1_SX148 /home/sky/kaldi/egs/timit/s5/mfcc/raw_mfcc_train.8.ark:109660
MDED0_SI1170 /home/sky/kaldi/egs/timit/s5/mfcc/raw_mfcc_train.4.ark:1437477
MSEM1_SI2070 /home/sky/kaldi/egs/timit/s5/mfcc/raw_mfcc_train.9.ark:1162727
FCYL0_SX349 /home/sky/kaldi/egs/timit/s5/mfcc/raw_mfcc_train.1.ark:770464
MDRD0_SX392 /home/sky/kaldi/egs/timit/s5/mfcc/raw_mfcc_train.5.ark:684796
MBOM0_SX114 /home/sky/kaldi/egs/timit/s5/mfcc/raw_mfcc_train.4.ark:580943
MJWG0_SX355 /home/sky/kaldi/egs/timit/s5/mfcc/raw_mfcc_train.7.ark:208530
MEDR0_SI744 /home/sky/kaldi/egs/timit/s5/mfcc/raw_mfcc_train.5.ark:940181
FPLS0_SX330 /home/sky/kaldi/egs/timit/s5/mfcc/raw_mfcc_train.3.ark:310717
MRCW0_SX291 /home/sky/kaldi/egs/timit/s5/mfcc/raw_mfcc_train.8.ark:1184185
FPAZ0_SX63 /home/sky/kaldi/egs/timit/s5/mfcc/raw_mfcc_train.3.ark:253254
MKLW0_SI2201 /home/sky/kaldi/egs/timit/s5/mfcc/raw_mfcc_train.7.ark:781393
MWAC0_SX161 /home/sky/kaldi/egs/timit/s5/mfcc/raw_mfcc_train.10.ark:1143614
MDTB0_SX390 /home/sky/kaldi/egs/timit/s5/mfcc/raw_mfcc_train.5.ark:801882
MBJV0_SI1877 /home/sky/kaldi/egs/timit/s5/mfcc/raw_mfcc_train.4.ark:449192
MJMD0_SI2288 /home/sky/kaldi/egs/timit/s5/mfcc/raw_mfcc_train.6.ark:1292591
FDTD0_SX391 /home/sky/kaldi/egs/timit/s5/mfcc/raw_mfcc_train.1.ark:1089170
MWRP0_SX273 /home/sky/kaldi/egs/timit/s5/mfcc/raw_mfcc_train.10.ark:1400885
MRTJ0_SX52 /home/sky/kaldi/egs/timit/s5/mfcc/raw_mfcc_train.9.ark:816683
MWAD0_SX342 /home/sky/kaldi/egs/timit/s5/mfcc/raw_mfcc_train.10.ark:1183999
FETB0_SX338 /home/sky/kaldi/egs/timit/s5/mfcc/raw_mfcc_train.1.ark:1314092
MCPM0_SI1194 /home/sky/kaldi/egs/timit/s5/mfcc/raw_mfcc_train.4.ark:1025705
MRJH0_SX259 /home/sky/kaldi/egs/timit/s5/mfcc/raw_mfcc_train.9.ark:136165
MPGR0_SX150 /home/sky/kaldi/egs/timit/s5/mfcc/raw_mfcc_train.8.ark:622769
MTML0_SI1695 /home/sky/kaldi/egs/timit/s5/mfcc/raw_mfcc_train.10.ark:614978
MTAT0_SX30 /home/sky/kaldi/egs/timit/s5/mfcc/raw_mfcc_train.10.ark:130472
FLHD0_SI1344 /home/sky/kaldi/egs/timit/s5/mfcc/raw_mfcc_train.2.ark:899129
MRJM1_SI668 /home/sky/kaldi/egs/timit/s5/mfcc/raw_mfcc_train.9.ark:195897
MJPM0_SX378 /home/sky/kaldi/egs/timit/s5/mfcc/raw_mfcc_train.6.ark:1403881
FHLM0_SX349 /home/sky/kaldi/egs/timit/s5/mfcc/raw_mfcc_train.1.ark:1531023
MJFH0_SI477 /home/sky/kaldi/egs/timit/s5/mfcc/raw_mfcc_train.6.ark:941729
MDBB1_SX196 /home/sky/kaldi/egs/timit/s5/mfcc/raw_mfcc_train.4.ark:1297984
MRMH0_SX211 /home/sky/kaldi/egs/timit/s5/mfcc/raw_mfcc_train.9.ark:523614
MBAR0_SX329 /home/sky/kaldi/egs/timit/s5/mfcc/raw_mfcc_train.4.ark:312409
MEFG0_SI491 /home/sky/kaldi/egs/timit/s5/mfcc/raw_mfcc_train.5.ark:963811
MHMG0_SI1365 /home/sky/kaldi/egs/timit/s5/mfcc/raw_mfcc_train.6.ark:379342
MSAT0_SX446 /home/sky/kaldi/egs/timit/s5/mfcc/raw_mfcc_train.9.ark:1025493
FCYL0_SX397 /home/sky/kaldi/egs/timit/s5/mfcc/raw_mfcc_train.1.ark:779681
MRMS0_SX30 /home/sky/kaldi/egs/timit/s5/mfcc/raw_mfcc_train.9.ark:597731
MRPC1_SI1482 /home/sky/kaldi/egs/timit/s5/mfcc/raw_mfcc_train.9.ark:606411
MJFR0_SX165 /home/sky/kaldi/egs/timit/s5/mfcc/raw_mfcc_train.6.ark:972837
MRSP0_SI2059 /home/sky/kaldi/egs/timit/s5/mfcc/raw_mfcc_train.9.ark:718040
MJRP0_SX135 /home/sky/kaldi/egs/timit/s5/mfcc/raw_mfcc_train.7.ark:122824
MGJC0_SI1335 /home/sky/kaldi/egs/timit/s5/mfcc/raw_mfcc_train.6.ark:86536
MPRT0_SX220 /home/sky/kaldi/egs/timit/s5/mfcc/raw_mfcc_train.8.ark:888310
MSFH0_SI1738 /home/sky/kaldi/egs/timit/s5/mfcc/raw_mfcc_train.9.ark:1233575
MRAI0_SX72 /home/sky/kaldi/egs/timit/s5/mfcc/raw_mfcc_train.8.ark:1026852
FMBG0_SX3 /home/sky/kaldi/egs/timit/s5/mfcc/raw_mfcc_train.2.ark:1276268
FGCS0_SX406 /home/sky/kaldi/egs/timit/s5/mfcc/raw_mfcc_train.1.ark:1387508
MRLK0_SX123 /home/sky/kaldi/egs/timit/s5/mfcc/raw_mfcc_train.9.ark:395782
MJJB0_SX419 /home/sky/kaldi/egs/timit/s5/mfcc/raw_mfcc_train.6.ark:1054560
MCAL0_SX328 /home/sky/kaldi/egs/timit/s5/mfcc/raw_mfcc_train.4.ark:749120
MREE0_SI1734 /home/sky/kaldi/egs/timit/s5/mfcc/raw_mfcc_train.8.ark:1287769
MJMA0_SI2125 /home/sky/kaldi/egs/timit/s5/mfcc/raw_mfcc_train.6.ark:1261625
MBOM0_SI1644 /home/sky/kaldi/egs/timit/s5/mfcc/raw_mfcc_train.4.ark:574948
FCJF0_SX397 /home/sky/kaldi/egs/timit/s5/mfcc/raw_mfcc_train.1.ark:559464
MSVS0_SX308 /home/sky/kaldi/egs/timit/s5/mfcc/raw_mfcc_train.10.ark:28980
FMJF0_SI1884 /home/sky/kaldi/egs/timit/s5/mfcc/raw_mfcc_train.2.ark:1364128
MSFH0_SX226 /home/sky/kaldi/egs/timit/s5/mfcc/raw_mfcc_train.9.ark:1250808
MGES0_SX131 /home/sky/kaldi/egs/timit/s5/mfcc/raw_mfcc_train.6.ark:63795
FCLT0_SX268 /home/sky/kaldi/egs/timit/s5/mfcc/raw_mfcc_train.1.ark:637992
FJSP0_SI1763 /home/sky/kaldi/egs/timit/s5/mfcc/raw_mfcc_train.2.ark:337177
MPRB0_SX215 /home/sky/kaldi/egs/timit/s5/mfcc/raw_mfcc_train.8.ark:780799
MCSS0_SI750 /home/sky/kaldi/egs/timit/s5/mfcc/raw_mfcc_train.4.ark:1099283
MPRT0_SX400 /home/sky/kaldi/egs/timit/s5/mfcc/raw_mfcc_train.8.ark:899822
MRPC1_SX222 /home/sky/kaldi/egs/timit/s5/mfcc/raw_mfcc_train.9.ark:618986
FEAC0_SX255 /home/sky/kaldi/egs/timit/s5/mfcc/raw_mfcc_train.1.ark:1138820
MRLR0_SI1196 /home/sky/kaldi/egs/timit/s5/mfcc/raw_mfcc_train.9.ark:412418
MJEB1_SX27 /home/sky/kaldi/egs/timit/s5/mfcc/raw_mfcc_train.6.ark:891637
MAKB0_SI2276 /home/sky/kaldi/egs/timit/s5/mfcc/raw_mfcc_train.4.ark:146002
MGSH0_SX276 /home/sky/kaldi/egs/timit/s5/mfcc/raw_mfcc_train.6.ark:208611
FCDR1_SX376 /home/sky/kaldi/egs/timit/s5/mfcc/raw_mfcc_train.1.ark:505556
MRPC1_SI2112 /home/sky/kaldi/egs/timit/s5/mfcc/raw_mfcc_train.9.ark:613122
MRVG0_SI1140 /home/sky/kaldi/egs/timit/s5/mfcc/raw_mfcc_train.9.ark:822047
MWSH0_SI2266 /home/sky/kaldi/egs/timit/s5/mfcc/raw_mfcc_train.10.ark:1449568
FTBW0_SX265 /home/sky/kaldi/egs/timit/s5/mfcc/raw_mfcc_train.3.ark:1263438
FETB0_SI1148 /home/sky/kaldi/egs/timit/s5/mfcc/raw_mfcc_train.1.ark:1294738
MRLJ0_SX430 /home/sky/kaldi/egs/timit/s5/mfcc/raw_mfcc_train.9.ark:345508
FTMG0_SX362 /home/sky/kaldi/egs/timit/s5/mfcc/raw_mfcc_train.3.ark:1330508
FBAS0_SX397 /home/sky/kaldi/egs/timit/s5/mfcc/raw_mfcc_train.1.ark:202676
MJEB1_SX387 /home/sky/kaldi/egs/timit/s5/mfcc/raw_mfcc_train.6.ark:897852
MFXV0_SI1342 /home/sky/kaldi/egs/timit/s5/mfcc/raw_mfcc_train.5.ark:1340024
FSAH0_SX327 /home/sky/kaldi/egs/timit/s5/mfcc/raw_mfcc_train.3.ark:503367
FCAJ0_SX309 /home/sky/kaldi/egs/timit/s5/mfcc/raw_mfcc_train.1.ark:457191
MKLS1_SX195 /home/sky/kaldi/egs/timit/s5/mfcc/raw_mfcc_train.7.ark:762154
MSTF0_SX316 /home/sky/kaldi/egs/timit/s5/mfcc/raw_mfcc_train.9.ark:1522123
MMDG0_SI2035 /home/sky/kaldi/egs/timit/s5/mfcc/raw_mfcc_train.7.ark:1351977
MCEF0_SI1765 /home/sky/kaldi/egs/timit/s5/mfcc/raw_mfcc_train.4.ark:863460
MCEW0_SX272 /home/sky/kaldi/egs/timit/s5/mfcc/raw_mfcc_train.4.ark:910806
MCTH0_SI1209 /home/sky/kaldi/egs/timit/s5/mfcc/raw_mfcc_train.4.ark:1120918
FSJW0_SX163 /home/sky/kaldi/egs/timit/s5/mfcc/raw_mfcc_train.3.ark:838655
MJRG0_SX286 /home/sky/kaldi/egs/timit/s5/mfcc/raw_mfcc_train.7.ark:2644
FDMY0_SX117 /home/sky/kaldi/egs/timit/s5/mfcc/raw_mfcc_train.1.ark:997832
MDLH0_SX250 /home/sky/kaldi/egs/timit/s5/mfcc/raw_mfcc_train.5.ark:346556
FLAC0_SX451 /home/sky/kaldi/egs/timit/s5/mfcc/raw_mfcc_train.2.ark:790224
MGRP0_SI1317 /home/sky/kaldi/egs/timit/s5/mfcc/raw_mfcc_train.6.ark:149953
MJFR0_SI1605 /home/sky/kaldi/egs/timit/s5/mfcc/raw_mfcc_train.6.ark:960712
FJXM0_SX401 /home/sky/kaldi/egs/timit/s5/mfcc/raw_mfcc_train.2.ark:419316
MAFM0_SX219 /home/sky/kaldi/egs/timit/s5/mfcc/raw_mfcc_train.4.ark:83279
MRXB0_SX145 /home/sky/kaldi/egs/timit/s5/mfcc/raw_mfcc_train.9.ark:924550
MRAB0_SX324 /home/sky/kaldi/egs/timit/s5/mfcc/raw_mfcc_train.8.ark:947854
MTQC0_SI2071 /home/sky/kaldi/egs/timit/s5/mfcc/raw_mfcc_train.10.ark:848637
MHXL0_SX422 /home/sky/kaldi/egs/timit/s5/mfcc/raw_mfcc_train.6.ark:497673
MTJM0_SI1856 /home/sky/kaldi/egs/timit/s5/mfcc/raw_mfcc_train.10.ark:383608
MDJM0_SX195 /home/sky/kaldi/egs/timit/s5/mfcc/raw_mfcc_train.5.ark:151960
FVMH0_SI836 /home/sky/kaldi/egs/timit/s5/mfcc/raw_mfcc_train.3.ark:1414327
MJEE0_SI607 /home/sky/kaldi/egs/timit/s5/mfcc/raw_mfcc_train.6.ark:910771
MSAH1_SI1679 /home/sky/kaldi/egs/timit/s5/mfcc/raw_mfcc_train.9.ark:946238
MTPF0_SX155 /home/sky/kaldi/egs/timit/s5/mfcc/raw_mfcc_train.10.ark:725066
MCLM0_SX106 /home/sky/kaldi/egs/timit/s5/mfcc/raw_mfcc_train.4.ark:1010044
MTDB0_SX51 /home/sky/kaldi/egs/timit/s5/mfcc/raw_mfcc_train.10.ark:270178
MCRE0_SX221 /home/sky/kaldi/egs/timit/s5/mfcc/raw_mfcc_train.4.ark:1071071
MEFG0_SX15 /home/sky/kaldi/egs/timit/s5/mfcc/raw_mfcc_train.5.ark:979210
MDSS0_SI1881 /home/sky/kaldi/egs/timit/s5/mfcc/raw_mfcc_train.5.ark:722210
FMJB0_SX97 /home/sky/kaldi/egs/timit/s5/mfcc/raw_mfcc_train.2.ark:1357768
MJDG0_SI1042 /home/sky/kaldi/egs/timit/s5/mfcc/raw_mfcc_train.6.ark:769321
MRDM0_SX65 /home/sky/kaldi/egs/timit/s5/mfcc/raw_mfcc_train.8.ark:1250048
FMKC0_SX352 /home/sky/kaldi/egs/timit/s5/mfcc/raw_mfcc_train.2.ark:1449369
MADD0_SI538 /home/sky/kaldi/egs/timit/s5/mfcc/raw_mfcc_train.3.ark:1504744
FJLG0_SX359 /home/sky/kaldi/egs/timit/s5/mfcc/raw_mfcc_train.2.ark:178254
MDLR1_SX129 /home/sky/kaldi/egs/timit/s5/mfcc/raw_mfcc_train.5.ark:438994
MILB0_SI903 /home/sky/kaldi/egs/timit/s5/mfcc/raw_mfcc_train.6.ark:514692
MDPK0_SX243 /home/sky/kaldi/egs/timit/s5/mfcc/raw_mfcc_train.5.ark:607377
FGDP0_SX88 /home/sky/kaldi/egs/timit/s5/mfcc/raw_mfcc_train.1.ark:1426376
MTJS0_SI562 /home/sky/kaldi/egs/timit/s5/mfcc/raw_mfcc_train.10.ark:421372
FLJD0_SI886 /home/sky/kaldi/egs/timit/s5/mfcc/raw_mfcc_train.2.ark:974465
FJXP0_SX42 /home/sky/kaldi/egs/timit/s5/mfcc/raw_mfcc_train.2.ark:457703
MTXS0_SI1060 /home/sky/kaldi/egs/timit/s5/mfcc/raw_mfcc_train.10.ark:1001442
MCEF0_SI1135 /home/sky/kaldi/egs/timit/s5/mfcc/raw_mfcc_train.4.ark:859604
MDLR1_SI669 /home/sky/kaldi/egs/timit/s5/mfcc/raw_mfcc_train.5.ark:433046
MLJH0_SI694 /home/sky/kaldi/egs/timit/s5/mfcc/raw_mfcc_train.7.ark:981948
FPAZ0_SX243 /home/sky/kaldi/egs/timit/s5/mfcc/raw_mfcc_train.3.ark:242211
MKDB0_SX422 /home/sky/kaldi/egs/timit/s5/mfcc/raw_mfcc_train.7.ark:507321
MVRW0_SI855 /home/sky/kaldi/egs/timit/s5/mfcc/raw_mfcc_train.10.ark:1109971
FSAK0_SX40 /home/sky/kaldi/egs/timit/s5/mfcc/raw_mfcc_train.3.ark:544010
MMJB1_SI1408 /home/sky/kaldi/egs/timit/s5/mfcc/raw_mfcc_train.8.ark:97587
MDLR1_SI1929 /home/sky/kaldi/egs/timit/s5/mfcc/raw_mfcc_train.5.ark:429178
FAPB0_SX163 /home/sky/kaldi/egs/timit/s5/mfcc/raw_mfcc_train.1.ark:148368
MRAI0_SX162 /home/sky/kaldi/egs/timit/s5/mfcc/raw_mfcc_train.8.ark:1009002
MJRG0_SX352 /home/sky/kaldi/egs/timit/s5/mfcc/raw_mfcc_train.7.ark:7643
FCKE0_SX121 /home/sky/kaldi/egs/timit/s5/mfcc/raw_mfcc_train.1.ark:606832
MMDM1_SX333 /home/sky/kaldi/egs/timit/s5/mfcc/raw_mfcc_train.7.ark:1432121
MWSB0_SI996 /home/sky/kaldi/egs/timit/s5/mfcc/raw_mfcc_train.10.ark:1421336
MCDC0_SX212 /home/sky/kaldi/egs/timit/s5/mfcc/raw_mfcc_train.4.ark:778667
MMJB1_SI2038 /home/sky/kaldi/egs/timit/s5/mfcc/raw_mfcc_train.8.ark:101638
FKFB0_SX258 /home/sky/kaldi/egs/timit/s5/mfcc/raw_mfcc_train.2.ark:581308
MGRP0_SI1947 /home/sky/kaldi/egs/timit/s5/mfcc/raw_mfcc_train.6.ark:155668
MAKR0_SX452 /home/sky/kaldi/egs/timit/s5/mfcc/raw_mfcc_train.4.ark:190235
MDPS0_SX89 /home/sky/kaldi/egs/timit/s5/mfcc/raw_mfcc_train.5.ark:649288
MILB0_SX183 /home/sky/kaldi/egs/timit/s5/mfcc/raw_mfcc_train.6.ark:520575
FCKE0_SI1111 /home/sky/kaldi/egs/timit/s5/mfcc/raw_mfcc_train.1.ark:593043
MRXB0_SI1585 /home/sky/kaldi/egs/timit/s5/mfcc/raw_mfcc_train.9.ark:909929
MJLB0_SI2246 /home/sky/kaldi/egs/timit/s5/mfcc/raw_mfcc_train.6.ark:1169998
MPGH0_SX24 /home/sky/kaldi/egs/timit/s5/mfcc/raw_mfcc_train.8.ark:603706
FMPG0_SI972 /home/sky/kaldi/egs/timit/s5/mfcc/raw_mfcc_train.2.ark:1538149
MKRG0_SX411 /home/sky/kaldi/egs/timit/s5/mfcc/raw_mfcc_train.7.ark:830201
FCAG0_SX153 /home/sky/kaldi/egs/timit/s5/mfcc/raw_mfcc_train.1.ark:418679
MJRA0_SX66 /home/sky/kaldi/egs/timit/s5/mfcc/raw_mfcc_train.6.ark:1469125
MGSH0_SX127 /home/sky/kaldi/egs/timit/s5/mfcc/raw_mfcc_train.6.ark:201889
FMKC0_SX442 /home/sky/kaldi/egs/timit/s5/mfcc/raw_mfcc_train.2.ark:1454602
MRDD0_SX60 /home/sky/kaldi/egs/timit/s5/mfcc/raw_mfcc_train.8.ark:1216620
MREW1_SI2130 /home/sky/kaldi/egs/timit/s5/mfcc/raw_mfcc_train.8.ark:1387663
MRJB1_SI2021 /home/sky/kaldi/egs/timit/s5/mfcc/raw_mfcc_train.9.ark:88268
MDCD0_SX425 /home/sky/kaldi/egs/timit/s5/mfcc/raw_mfcc_train.4.ark:1370243
MJDC0_SX81 /home/sky/kaldi/egs/timit/s5/mfcc/raw_mfcc_train.6.ark:723406
FBMJ0_SI815 /home/sky/kaldi/egs/timit/s5/mfcc/raw_mfcc_train.1.ark:385620
FSMS1_SX64 /home/sky/kaldi/egs/timit/s5/mfcc/raw_mfcc_train.3.ark:1082117
MKLS1_SX15 /home/sky/kaldi/egs/timit/s5/mfcc/raw_mfcc_train.7.ark:758260
MCXM0_SI721 /home/sky/kaldi/egs/timit/s5/mfcc/raw_mfcc_train.4.ark:1193210
MKES0_SX353 /home/sky/kaldi/egs/timit/s5/mfcc/raw_mfcc_train.7.ark:605166
MSES0_SX59 /home/sky/kaldi/egs/timit/s5/mfcc/raw_mfcc_train.9.ark:1226747
FPAC0_SX391 /home/sky/kaldi/egs/timit/s5/mfcc/raw_mfcc_train.3.ark:151137
MNTW0_SI2328 /home/sky/kaldi/egs/timit/s5/mfcc/raw_mfcc_train.8.ark:471522
FVMH0_SX116 /home/sky/kaldi/egs/timit/s5/mfcc/raw_mfcc_train.3.ark:1420028
MGAR0_SX42 /home/sky/kaldi/egs/timit/s5/mfcc/raw_mfcc_train.6.ark:21328
MKAH0_SI2158 /home/sky/kaldi/egs/timit/s5/mfcc/raw_mfcc_train.7.ark:392351
FJKL0_SX32 /home/sky/kaldi/egs/timit/s5/mfcc/raw_mfcc_train.2.ark:152189
FPAF0_SX64 /home/sky/kaldi/egs/timit/s5/mfcc/raw_mfcc_train.3.ark:219307
MLJC0_SX325 /home/sky/kaldi/egs/timit/s5/mfcc/raw_mfcc_train.7.ark:957810
MRAB0_SX414 /home/sky/kaldi/egs/timit/s5/mfcc/raw_mfcc_train.8.ark:953035
FLET0_SX147 /home/sky/kaldi/egs/timit/s5/mfcc/raw_mfcc_train.2.ark:882818
MRCG0_SX168 /home/sky/kaldi/egs/timit/s5/mfcc/raw_mfcc_train.8.ark:1136749
FCJS0_SX257 /home/sky/kaldi/egs/timit/s5/mfcc/raw_mfcc_train.1.ark:576206
FSMM0_SX234 /home/sky/kaldi/egs/timit/s5/mfcc/raw_mfcc_train.3.ark:1033394
MESG0_SX432 /home/sky/kaldi/egs/timit/s5/mfcc/raw_mfcc_train.5.ark:1115470
FSDJ0_SI1115 /home/sky/kaldi/egs/timit/s5/mfcc/raw_mfcc_train.3.ark:655932
FKSR0_SI1117 /home/sky/kaldi/egs/timit/s5/mfcc/raw_mfcc_train.2.ark:735992
MDLB0_SI676 /home/sky/kaldi/egs/timit/s5/mfcc/raw_mfcc_train.5.ark:206785
MPGR1_SI2129 /home/sky/kaldi/egs/timit/s5/mfcc/raw_mfcc_train.8.ark:649847
MTJS0_SI1822 /home/sky/kaldi/egs/timit/s5/mfcc/raw_mfcc_train.10.ark:413708
MTDB0_SI771 /home/sky/kaldi/egs/timit/s5/mfcc/raw_mfcc_train.10.ark:249149
MRML0_SI791 /home/sky/kaldi/egs/timit/s5/mfcc/raw_mfcc_train.9.ark:546082
MCEW0_SX92 /home/sky/kaldi/egs/timit/s5/mfcc/raw_mfcc_train.4.ark:926517
FEXM0_SI1731 /home/sky/kaldi/egs/timit/s5/mfcc/raw_mfcc_train.1.ark:1330683
FLTM0_SX440 /home/sky/kaldi/egs/timit/s5/mfcc/raw_mfcc_train.2.ark:1219931
FJRB0_SX222 /home/sky/kaldi/egs/timit/s5/mfcc/raw_mfcc_train.2.ark:238005
MRGS0_SX276 /home/sky/kaldi/egs/timit/s5/mfcc/raw_mfcc_train.9.ark:28772
MJPM1_SX41 /home/sky/kaldi/egs/timit/s5/mfcc/raw_mfcc_train.6.ark:1435151
MSDH0_SI2240 /home/sky/kaldi/egs/timit/s5/mfcc/raw_mfcc_train.9.ark:1088343
MPFU0_SI628 /home/sky/kaldi/egs/timit/s5/mfcc/raw_mfcc_train.8.ark:558624
MDLR0_SX243 /home/sky/kaldi/egs/timit/s5/mfcc/raw_mfcc_train.5.ark:407042
FTAJ0_SX159 /home/sky/kaldi/egs/timit/s5/mfcc/raw_mfcc_train.3.ark:1197914
MRJM1_SX218 /home/sky/kaldi/egs/timit/s5/mfcc/raw_mfcc_train.9.ark:202892
FSKC0_SX156 /home/sky/kaldi/egs/timit/s5/mfcc/raw_mfcc_train.3.ark:869340
FJLR0_SI601 /home/sky/kaldi/egs/timit/s5/mfcc/raw_mfcc_train.2.ark:199922
MJPG0_SX201 /home/sky/kaldi/egs/timit/s5/mfcc/raw_mfcc_train.6.ark:1362724
MWAC0_SI2231 /home/sky/kaldi/egs/timit/s5/mfcc/raw_mfcc_train.10.ark:1135553
MMDS0_SX173 /home/sky/kaldi/egs/timit/s5/mfcc/raw_mfcc_train.7.ark:1455811
MCDR0_SX434 /home/sky/kaldi/egs/timit/s5/mfcc/raw_mfcc_train.4.ark:852609
FAJW0_SX363 /home/sky/kaldi/egs/timit/s5/mfcc/raw_mfcc_train.1.ark:59625
MMRP0_SX54 /home/sky/kaldi/egs/timit/s5/mfcc/raw_mfcc_train.8.ark:221372
MMAG0_SI496 /home/sky/kaldi/egs/timit/s5/mfcc/raw_mfcc_train.7.ark:1153911
MKLW0_SX131 /home/sky/kaldi/egs/timit/s5/mfcc/raw_mfcc_train.7.ark:783974
MHBS0_SX315 /home/sky/kaldi/egs/timit/s5/mfcc/raw_mfcc_train.6.ark:311099
MSRR0_SX231 /home/sky/kaldi/egs/timit/s5/mfcc/raw_mfcc_train.9.ark:1487351
FREH0_SI1945 /home/sky/kaldi/egs/timit/s5/mfcc/raw_mfcc_train.3.ark:360937
FSCN0_SX446 /home/sky/kaldi/egs/timit/s5/mfcc/raw_mfcc_train.3.ark:617536
FMMH0_SX7 /home/sky/kaldi/egs/timit/s5/mfcc/raw_mfcc_train.2.ark:1522520
FPMY0_SX196 /home/sky/kaldi/egs/timit/s5/mfcc/raw_mfcc_train.3.ark:340660
FHXS0_SX85 /home/sky/kaldi/egs/timit/s5/mfcc/raw_mfcc_train.2.ark:20522
FJLG0_SX269 /home/sky/kaldi/egs/timit/s5/mfcc/raw_mfcc_train.2.ark:174919
FCMG0_SI1142 /home/sky/kaldi/egs/timit/s5/mfcc/raw_mfcc_train.1.ark:653672
MSAH1_SX59 /home/sky/kaldi/egs/timit/s5/mfcc/raw_mfcc_train.9.ark:967405
FBMH0_SI1766 /home/sky/kaldi/egs/timit/s5/mfcc/raw_mfcc_train.1.ark:348442
MMGG0_SX449 /home/sky/kaldi/egs/timit/s5/mfcc/raw_mfcc_train.8.ark:63690
MESG0_SX162 /home/sky/kaldi/egs/timit/s5/mfcc/raw_mfcc_train.5.ark:1103203
MJDM0_SX260 /home/sky/kaldi/egs/timit/s5/mfcc/raw_mfcc_train.6.ark:818145
MMWB0_SI2249 /home/sky/kaldi/egs/timit/s5/mfcc/raw_mfcc_train.8.ark:303221
MMAM0_SX337 /home/sky/kaldi/egs/timit/s5/mfcc/raw_mfcc_train.7.ark:1198073
MJPG0_SI1191 /home/sky/kaldi/egs/timit/s5/mfcc/raw_mfcc_train.6.ark:1346315
FNKL0_SX442 /home/sky/kaldi/egs/timit/s5/mfcc/raw_mfcc_train.3.ark:43061
FLJD0_SX346 /home/sky/kaldi/egs/timit/s5/mfcc/raw_mfcc_train.2.ark:985848
MWAD0_SX72 /home/sky/kaldi/egs/timit/s5/mfcc/raw_mfcc_train.10.ark:1191760
MRDM0_SX155 /home/sky/kaldi/egs/timit/s5/mfcc/raw_mfcc_train.8.ark:1233706
FJXM0_SI581 /home/sky/kaldi/egs/timit/s5/mfcc/raw_mfcc_train.2.ark:400529
MADC0_SX287 /home/sky/kaldi/egs/timit/s5/mfcc/raw_mfcc_train.3.ark:1489192
MSDB0_SX107 /home/sky/kaldi/egs/timit/s5/mfcc/raw_mfcc_train.9.ark:1073415
MRLD0_SI1594 /home/sky/kaldi/egs/timit/s5/mfcc/raw_mfcc_train.9.ark:294487
MBTH0_SX32 /home/sky/kaldi/egs/timit/s5/mfcc/raw_mfcc_train.4.ark:648779
FSAG0_SX243 /home/sky/kaldi/egs/timit/s5/mfcc/raw_mfcc_train.3.ark:463543
FPAB1_SX211 /home/sky/kaldi/egs/timit/s5/mfcc/raw_mfcc_train.3.ark:104130
FPMY0_SI1783 /home/sky/kaldi/egs/timit/s5/mfcc/raw_mfcc_train.3.ark:325195
MRTJ0_SI772 /home/sky/kaldi/egs/timit/s5/mfcc/raw_mfcc_train.9.ark:789193
FSJK1_SX215 /home/sky/kaldi/egs/timit/s5/mfcc/raw_mfcc_train.3.ark:775173
FCEG0_SI618 /home/sky/kaldi/egs/timit/s5/mfcc/raw_mfcc_train.1.ark:516395
MDAS0_SI1896 /home/sky/kaldi/egs/timit/s5/mfcc/raw_mfcc_train.4.ark:1252987
MTXS0_SX250 /home/sky/kaldi/egs/timit/s5/mfcc/raw_mfcc_train.10.ark:1021622
MMGK0_SX242 /home/sky/kaldi/egs/timit/s5/mfcc/raw_mfcc_train.8.ark:84286
MDAS0_SI636 /home/sky/kaldi/egs/timit/s5/mfcc/raw_mfcc_train.4.ark:1258558
MLJH0_SX244 /home/sky/kaldi/egs/timit/s5/mfcc/raw_mfcc_train.7.ark:992401
MGAG0_SI691 /home/sky/kaldi/egs/timit/s5/mfcc/raw_mfcc_train.5.ark:1401661
FSJW0_SI703 /home/sky/kaldi/egs/timit/s5/mfcc/raw_mfcc_train.3.ark:835177
MDHL0_SI809 /home/sky/kaldi/egs/timit/s5/mfcc/raw_mfcc_train.5.ark:77167
MTRR0_SX198 /home/sky/kaldi/egs/timit/s5/mfcc/raw_mfcc_train.10.ark:930222
FDJH0_SX395 /home/sky/kaldi/egs/timit/s5/mfcc/raw_mfcc_train.1.ark:906895
MJRG0_SI736 /home/sky/kaldi/egs/timit/s5/mfcc/raw_mfcc_train.6.ark:1478599
MFMC0_SI1762 /home/sky/kaldi/egs/timit/s5/mfcc/raw_mfcc_train.5.ark:1211523
FDMY0_SI567 /home/sky/kaldi/egs/timit/s5/mfcc/raw_mfcc_train.1.ark:980801
MRBC0_SI1859 /home/sky/kaldi/egs/timit/s5/mfcc/raw_mfcc_train.8.ark:1093739
FSAK0_SX400 /home/sky/kaldi/egs/timit/s5/mfcc/raw_mfcc_train.3.ark:547865
MSMR0_SX325 /home/sky/kaldi/egs/timit/s5/mfcc/raw_mfcc_train.9.ark:1394744
FSMA0_SI1621 /home/sky/kaldi/egs/timit/s5/mfcc/raw_mfcc_train.3.ark:984116
MJFH0_SX387 /home/sky/kaldi/egs/timit/s5/mfcc/raw_mfcc_train.6.ark:957220
MSRG0_SI1851 /home/sky/kaldi/egs/timit/s5/mfcc/raw_mfcc_train.9.ark:1442410
MRML0_SX251 /home/sky/kaldi/egs/timit/s5/mfcc/raw_mfcc_train.9.ark:557133
MDLB0_SX226 /home/sky/kaldi/egs/timit/s5/mfcc/raw_mfcc_train.5.ark:215262
MBEF0_SX111 /home/sky/kaldi/egs/timit/s5/mfcc/raw_mfcc_train.4.ark:396923
FBLV0_SX428 /home/sky/kaldi/egs/timit/s5/mfcc/raw_mfcc_train.1.ark:334354
MSTF0_SI852 /home/sky/kaldi/egs/timit/s5/mfcc/raw_mfcc_train.9.ark:1507061
MJJJ0_SX263 /home/sky/kaldi/egs/timit/s5/mfcc/raw_mfcc_train.6.ark:1081825
FSSB0_SX272 /home/sky/kaldi/egs/timit/s5/mfcc/raw_mfcc_train.3.ark:1169070
MEFG0_SX285 /home/sky/kaldi/egs/timit/s5/mfcc/raw_mfcc_train.5.ark:985841
MKLS0_SX177 /home/sky/kaldi/egs/timit/s5/mfcc/raw_mfcc_train.7.ark:721563
FKDW0_SX307 /home/sky/kaldi/egs/timit/s5/mfcc/raw_mfcc_train.2.ark:554244
MSAH1_SX329 /home/sky/kaldi/egs/timit/s5/mfcc/raw_mfcc_train.9.ark:959241
FJDM2_SI1582 /home/sky/kaldi/egs/timit/s5/mfcc/raw_mfcc_train.2.ark:24365
FJXP0_SI492 /home/sky/kaldi/egs/timit/s5/mfcc/raw_mfcc_train.2.ark:439885
MEGJ0_SI1967 /home/sky/kaldi/egs/timit/s5/mfcc/raw_mfcc_train.5.ark:1002309
MWAD0_SI1749 /home/sky/kaldi/egs/timit/s5/mfcc/raw_mfcc_train.10.ark:1173206
MRTC0_SX378 /home/sky/kaldi/egs/timit/s5/mfcc/raw_mfcc_train.9.ark:776781
MJDC0_SI531 /home/sky/kaldi/egs/timit/s5/mfcc/raw_mfcc_train.6.ark:701688
MHXL0_SX242 /home/sky/kaldi/egs/timit/s5/mfcc/raw_mfcc_train.6.ark:488858
FSDC0_SX142 /home/sky/kaldi/egs/timit/s5/mfcc/raw_mfcc_train.3.ark:637138
MEWM0_SX178 /home/sky/kaldi/egs/timit/s5/mfcc/raw_mfcc_train.5.ark:1160424
MJAC0_SX251 /home/sky/kaldi/egs/timit/s5/mfcc/raw_mfcc_train.6.ark:548411
MKAM0_SI1250 /home/sky/kaldi/egs/timit/s5/mfcc/raw_mfcc_train.7.ark:448825
MKAG0_SX79 /home/sky/kaldi/egs/timit/s5/mfcc/raw_mfcc_train.7.ark:384418
MDSJ0_SX382 /home/sky/kaldi/egs/timit/s5/mfcc/raw_mfcc_train.5.ark:712991
MPGR0_SI2040 /home/sky/kaldi/egs/timit/s5/mfcc/raw_mfcc_train.8.ark:617334
MJWT0_SX31 /home/sky/kaldi/egs/timit/s5/mfcc/raw_mfcc_train.7.ark:283335
MJRK0_SX250 /home/sky/kaldi/egs/timit/s5/mfcc/raw_mfcc_train.7.ark:96865
FMKF0_SI1536 /home/sky/kaldi/egs/timit/s5/mfcc/raw_mfcc_train.2.ark:1468560
FEAC0_SI615 /home/sky/kaldi/egs/timit/s5/mfcc/raw_mfcc_train.1.ark:1128380
FCJS0_SI2237 /home/sky/kaldi/egs/timit/s5/mfcc/raw_mfcc_train.1.ark:565161
FSKC0_SX336 /home/sky/kaldi/egs/timit/s5/mfcc/raw_mfcc_train.3.ark:875971
MPGR0_SI780 /home/sky/kaldi/egs/timit/s5/mfcc/raw_mfcc_train.8.ark:619668
MHIT0_SX83 /home/sky/kaldi/egs/timit/s5/mfcc/raw_mfcc_train.6.ark:349779
MJAE0_SX444 /home/sky/kaldi/egs/timit/s5/mfcc/raw_mfcc_train.6.ark:592625
MTQC0_SX271 /home/sky/kaldi/egs/timit/s5/mfcc/raw_mfcc_train.10.ark:861983
MTWH1_SX252 /home/sky/kaldi/egs/timit/s5/mfcc/raw_mfcc_train.10.ark:987205
MJDM0_SX170 /home/sky/kaldi/egs/timit/s5/mfcc/raw_mfcc_train.6.ark:811417
MPMB0_SI2131 /home/sky/kaldi/egs/timit/s5/mfcc/raw_mfcc_train.8.ark:682475
MSAT0_SX86 /home/sky/kaldi/egs/timit/s5/mfcc/raw_mfcc_train.9.ark:1029399
MDSS1_SX157 /home/sky/kaldi/egs/timit/s5/mfcc/raw_mfcc_train.5.ark:759690
MSRG0_SX231 /home/sky/kaldi/egs/timit/s5/mfcc/raw_mfcc_train.9.ark:1453715
MDHL0_SX179 /home/sky/kaldi/egs/timit/s5/mfcc/raw_mfcc_train.5.ark:81308
FDAW0_SI1406 /home/sky/kaldi/egs/timit/s5/mfcc/raw_mfcc_train.1.ark:824071
MNET0_SX366 /home/sky/kaldi/egs/timit/s5/mfcc/raw_mfcc_train.8.ark:446787
MRHL0_SX345 /home/sky/kaldi/egs/timit/s5/mfcc/raw_mfcc_train.9.ark:65546
FBJL0_SX112 /home/sky/kaldi/egs/timit/s5/mfcc/raw_mfcc_train.1.ark:288190
MPSW0_SX257 /home/sky/kaldi/egs/timit/s5/mfcc/raw_mfcc_train.8.ark:918768
MFER0_SX322 /home/sky/kaldi/egs/timit/s5/mfcc/raw_mfcc_train.5.ark:1197337
MTXS0_SI2320 /home/sky/kaldi/egs/timit/s5/mfcc/raw_mfcc_train.10.ark:1010038
MCSS0_SX210 /home/sky/kaldi/egs/timit/s5/mfcc/raw_mfcc_train.4.ark:1107825
FDAW0_SX146 /home/sky/kaldi/egs/timit/s5/mfcc/raw_mfcc_train.1.ark:833823
MBCG0_SX327 /home/sky/kaldi/egs/timit/s5/mfcc/raw_mfcc_train.4.ark:371374
MWCH0_SX92 /home/sky/kaldi/egs/timit/s5/mfcc/raw_mfcc_train.10.ark:1248920
MMRP0_SX324 /home/sky/kaldi/egs/timit/s5/mfcc/raw_mfcc_train.8.ark:210699
MHMG0_SI1995 /home/sky/kaldi/egs/timit/s5/mfcc/raw_mfcc_train.6.ark:383003
FMKF0_SI1018 /home/sky/kaldi/egs/timit/s5/mfcc/raw_mfcc_train.2.ark:1462637
FPAF0_SX244 /home/sky/kaldi/egs/timit/s5/mfcc/raw_mfcc_train.3.ark:207223
MSVS0_SI938 /home/sky/kaldi/egs/timit/s5/mfcc/raw_mfcc_train.10.ark:13840
FJRB0_SX132 /home/sky/kaldi/egs/timit/s5/mfcc/raw_mfcc_train.2.ark:234670
FVKB0_SX79 /home/sky/kaldi/egs/timit/s5/mfcc/raw_mfcc_train.3.ark:1401330
FTBW0_SI1975 /home/sky/kaldi/egs/timit/s5/mfcc/raw_mfcc_train.3.ark:1248129
FKLH0_SI1257 /home/sky/kaldi/egs/timit/s5/mfcc/raw_mfcc_train.2.ark:704124
FSPM0_SX341 /home/sky/kaldi/egs/timit/s5/mfcc/raw_mfcc_train.3.ark:1110462
FLJG0_SX261 /home/sky/kaldi/egs/timit/s5/mfcc/raw_mfcc_train.2.ark:1017449
FMKC0_SI1072 /home/sky/kaldi/egs/timit/s5/mfcc/raw_mfcc_train.2.ark:1435287
MMPM0_SX431 /home/sky/kaldi/egs/timit/s5/mfcc/raw_mfcc_train.8.ark:184117
MJDC0_SX351 /home/sky/kaldi/egs/timit/s5/mfcc/raw_mfcc_train.6.ark:716204
MRDM0_SI1044 /home/sky/kaldi/egs/timit/s5/mfcc/raw_mfcc_train.8.ark:1221061
MJMA0_SX235 /home/sky/kaldi/egs/timit/s5/mfcc/raw_mfcc_train.6.ark:1275283
MTKD0_SI1817 /home/sky/kaldi/egs/timit/s5/mfcc/raw_mfcc_train.10.ark:482865
FLAC0_SX271 /home/sky/kaldi/egs/timit/s5/mfcc/raw_mfcc_train.2.ark:783515
MHMR0_SX309 /home/sky/kaldi/egs/timit/s5/mfcc/raw_mfcc_train.6.ark:431682
MDAC0_SX271 /home/sky/kaldi/egs/timit/s5/mfcc/raw_mfcc_train.4.ark:1234829
MMVP0_SX114 /home/sky/kaldi/egs/timit/s5/mfcc/raw_mfcc_train.8.ark:276722
FDXW0_SX71 /home/sky/kaldi/egs/timit/s5/mfcc/raw_mfcc_train.1.ark:1118061
FBCH0_SI959 /home/sky/kaldi/egs/timit/s5/mfcc/raw_mfcc_train.1.ark:247995
FKLH0_SX177 /home/sky/kaldi/egs/timit/s5/mfcc/raw_mfcc_train.2.ark:716639
MDBB1_SX106 /home/sky/kaldi/egs/timit/s5/mfcc/raw_mfcc_train.4.ark:1292108
MRWS0_SX22 /home/sky/kaldi/egs/timit/s5/mfcc/raw_mfcc_train.9.ark:898961
MJMD0_SI1028 /home/sky/kaldi/egs/timit/s5/mfcc/raw_mfcc_train.6.ark:1288116
MPPC0_SI1412 /home/sky/kaldi/egs/timit/s5/mfcc/raw_mfcc_train.8.ark:728206
MTDP0_SX261 /home/sky/kaldi/egs/timit/s5/mfcc/raw_mfcc_train.10.ark:293668
FLJG0_SX351 /home/sky/kaldi/egs/timit/s5/mfcc/raw_mfcc_train.2.ark:1020485
MTBC0_SX273 /home/sky/kaldi/egs/timit/s5/mfcc/raw_mfcc_train.10.ark:192577
FVKB0_SI1789 /home/sky/kaldi/egs/timit/s5/mfcc/raw_mfcc_train.3.ark:1375029
FALR0_SI1325 /home/sky/kaldi/egs/timit/s5/mfcc/raw_mfcc_train.1.ark:101592
MESG0_SX342 /home/sky/kaldi/egs/timit/s5/mfcc/raw_mfcc_train.5.ark:1110952
FCKE0_SX391 /home/sky/kaldi/egs/timit/s5/mfcc/raw_mfcc_train.1.ark:619508
FLTM0_SX260 /home/sky/kaldi/egs/timit/s5/mfcc/raw_mfcc_train.2.ark:1209218
MMCC0_SI1968 /home/sky/kaldi/egs/timit/s5/mfcc/raw_mfcc_train.7.ark:1290997
MRLK0_SX393 /home/sky/kaldi/egs/timit/s5/mfcc/raw_mfcc_train.9.ark:408744
FKDE0_SX151 /home/sky/kaldi/egs/timit/s5/mfcc/raw_mfcc_train.2.ark:511286
FEME0_SX155 /home/sky/kaldi/egs/timit/s5/mfcc/raw_mfcc_train.1.ark:1272837
MDEM0_SI1868 /home/sky/kaldi/egs/timit/s5/mfcc/raw_mfcc_train.5.ark:29698
MJAE0_SI2154 /home/sky/kaldi/egs/timit/s5/mfcc/raw_mfcc_train.6.ark:576321
MDBB1_SX286 /home/sky/kaldi/egs/timit/s5/mfcc/raw_mfcc_train.4.ark:1300604
MRVG0_SI1770 /home/sky/kaldi/egs/timit/s5/mfcc/raw_mfcc_train.9.ark:825513
FBMH0_SX236 /home/sky/kaldi/egs/timit/s5/mfcc/raw_mfcc_train.1.ark:360956
MMSM0_SI1736 /home/sky/kaldi/egs/timit/s5/mfcc/raw_mfcc_train.8.ark:232152
MPSW0_SX24 /home/sky/kaldi/egs/timit/s5/mfcc/raw_mfcc_train.8.ark:916239
MTLB0_SX324 /home/sky/kaldi/egs/timit/s5/mfcc/raw_mfcc_train.10.ark:567715
MDLC1_SI1435 /home/sky/kaldi/egs/timit/s5/mfcc/raw_mfcc_train.5.ark:268283
MCSS0_SX300 /home/sky/kaldi/egs/timit/s5/mfcc/raw_mfcc_train.4.ark:1113714
MSTF0_SI766 /home/sky/kaldi/egs/timit/s5/mfcc/raw_mfcc_train.9.ark:1504402
MCDD0_SI883 /home/sky/kaldi/egs/timit/s5/mfcc/raw_mfcc_train.4.ark:800940
FREH0_SX55 /home/sky/kaldi/egs/timit/s5/mfcc/raw_mfcc_train.3.ark:381388
MMCC0_SI708 /home/sky/kaldi/egs/timit/s5/mfcc/raw_mfcc_train.7.ark:1294046
FLMC0_SI2002 /home/sky/kaldi/egs/timit/s5/mfcc/raw_mfcc_train.2.ark:1105920
MDPS0_SI719 /home/sky/kaldi/egs/timit/s5/mfcc/raw_mfcc_train.5.ark:629858
MMPM0_SX71 /home/sky/kaldi/egs/timit/s5/mfcc/raw_mfcc_train.8.ark:188309
FKFB0_SX438 /home/sky/kaldi/egs/timit/s5/mfcc/raw_mfcc_train.2.ark:590812
MDPB0_SX236 /home/sky/kaldi/egs/timit/s5/mfcc/raw_mfcc_train.5.ark:579513
FPAZ0_SI963 /home/sky/kaldi/egs/timit/s5/mfcc/raw_mfcc_train.3.ark:232018
FJWB1_SX255 /home/sky/kaldi/egs/timit/s5/mfcc/raw_mfcc_train.2.ark:379673
FKLC1_SX58 /home/sky/kaldi/egs/timit/s5/mfcc/raw_mfcc_train.2.ark:698851
FSDC0_SI1312 /home/sky/kaldi/egs/timit/s5/mfcc/raw_mfcc_train.3.ark:626156
MCLM0_SX286 /home/sky/kaldi/egs/timit/s5/mfcc/raw_mfcc_train.4.ark:1018020
MMWS1_SX261 /home/sky/kaldi/egs/timit/s5/mfcc/raw_mfcc_train.8.ark:383247
MDPB0_SX416 /home/sky/kaldi/egs/timit/s5/mfcc/raw_mfcc_train.5.ark:586729
MRMB0_SX141 /home/sky/kaldi/egs/timit/s5/mfcc/raw_mfcc_train.9.ark:455046
MMGG0_SX359 /home/sky/kaldi/egs/timit/s5/mfcc/raw_mfcc_train.8.ark:59172
MMAG0_SX136 /home/sky/kaldi/egs/timit/s5/mfcc/raw_mfcc_train.7.ark:1157870
MAJP0_SI1074 /home/sky/kaldi/egs/timit/s5/mfcc/raw_mfcc_train.4.ark:97399
MGXP0_SX7 /home/sky/kaldi/egs/timit/s5/mfcc/raw_mfcc_train.6.ark:283970
FCJF0_SI648 /home/sky/kaldi/egs/timit/s5/mfcc/raw_mfcc_train.1.ark:545117
MKLW0_SI1571 /home/sky/kaldi/egs/timit/s5/mfcc/raw_mfcc_train.7.ark:772472
MRAB0_SX144 /home/sky/kaldi/egs/timit/s5/mfcc/raw_mfcc_train.8.ark:940729
MKDD0_SX37 /home/sky/kaldi/egs/timit/s5/mfcc/raw_mfcc_train.7.ark:540384
FNKL0_SX262 /home/sky/kaldi/egs/timit/s5/mfcc/raw_mfcc_train.3.ark:39544
FSLS0_SX66 /home/sky/kaldi/egs/timit/s5/mfcc/raw_mfcc_train.3.ark:980455
MJEB1_SX207 /home/sky/kaldi/egs/timit/s5/mfcc/raw_mfcc_train.6.ark:888511
FKDW0_SX217 /home/sky/kaldi/egs/timit/s5/mfcc/raw_mfcc_train.2.ark:551728
FRLL0_SX164 /home/sky/kaldi/egs/timit/s5/mfcc/raw_mfcc_train.3.ark:429094
MHBS0_SX405 /home/sky/kaldi/egs/timit/s5/mfcc/raw_mfcc_train.6.ark:314421
FKLH0_SX357 /home/sky/kaldi/egs/timit/s5/mfcc/raw_mfcc_train.2.ark:723855
FSPM0_SX161 /home/sky/kaldi/egs/timit/s5/mfcc/raw_mfcc_train.3.ark:1099541
MDEF0_SI2193 /home/sky/kaldi/egs/timit/s5/mfcc/raw_mfcc_train.5.ark:10208
MJJB0_SI1139 /home/sky/kaldi/egs/timit/s5/mfcc/raw_mfcc_train.6.ark:1028555
MDWD0_SX270 /home/sky/kaldi/egs/timit/s5/mfcc/raw_mfcc_train.5.ark:821380
MCRE0_SI1725 /home/sky/kaldi/egs/timit/s5/mfcc/raw_mfcc_train.4.ark:1060350
MHMR0_SI489 /home/sky/kaldi/egs/timit/s5/mfcc/raw_mfcc_train.6.ark:418401
MDSJ0_SI1462 /home/sky/kaldi/egs/timit/s5/mfcc/raw_mfcc_train.5.ark:689172
MJEB1_SX297 /home/sky/kaldi/egs/timit/s5/mfcc/raw_mfcc_train.6.ark:894582
MRJB1_SX390 /home/sky/kaldi/egs/timit/s5/mfcc/raw_mfcc_train.9.ark:109739
FSPM0_SI1871 /home/sky/kaldi/egs/timit/s5/mfcc/raw_mfcc_train.3.ark:1093014
MRTJ0_SX322 /home/sky/kaldi/egs/timit/s5/mfcc/raw_mfcc_train.9.ark:808532
MKLS0_SX357 /home/sky/kaldi/egs/timit/s5/mfcc/raw_mfcc_train.7.ark:729338
MDWD0_SX180 /home/sky/kaldi/egs/timit/s5/mfcc/raw_mfcc_train.5.ark:817928
MLBC0_SI1869 /home/sky/kaldi/egs/timit/s5/mfcc/raw_mfcc_train.7.ark:873454
MMWB0_SX89 /home/sky/kaldi/egs/timit/s5/mfcc/raw_mfcc_train.8.ark:337036
MDAS0_SX186 /home/sky/kaldi/egs/timit/s5/mfcc/raw_mfcc_train.4.ark:1263986
MEJS0_SX70 /home/sky/kaldi/egs/timit/s5/mfcc/raw_mfcc_train.5.ark:1089445
MSJK0_SI1596 /home/sky/kaldi/egs/timit/s5/mfcc/raw_mfcc_train.9.ark:1305402
