MMGG0_SX89 /home/sky/kaldi/egs/timit/s5/mfcc/raw_mfcc_train.8.ark:69364
MWEM0_SX240 /home/sky/kaldi/egs/timit/s5/mfcc/raw_mfcc_train.10.ark:1298753
FDKN0_SI1081 /home/sky/kaldi/egs/timit/s5/mfcc/raw_mfcc_train.1.ark:910829
MDBP0_SX258 /home/sky/kaldi/egs/timit/s5/mfcc/raw_mfcc_train.4.ark:1326258
MGRL0_SI1497 /home/sky/kaldi/egs/timit/s5/mfcc/raw_mfcc_train.6.ark:118865
MRWA0_SI2233 /home/sky/kaldi/egs/timit/s5/mfcc/raw_mfcc_train.9.ark:853728
MCAL0_SI508 /home/sky/kaldi/egs/timit/s5/mfcc/raw_mfcc_train.4.ark:739882
FKLC0_SX85 /home/sky/kaldi/egs/timit/s5/mfcc/raw_mfcc_train.2.ark:667619
FPAF0_SI1054 /home/sky/kaldi/egs/timit/s5/mfcc/raw_mfcc_train.3.ark:189669
MBTH0_SX302 /home/sky/kaldi/egs/timit/s5/mfcc/raw_mfcc_train.4.ark:644977
MBMA0_SX142 /home/sky/kaldi/egs/timit/s5/mfcc/raw_mfcc_train.4.ark:485754
MRMB0_SX141 /home/sky/kaldi/egs/timit/s5/mfcc/raw_mfcc_train.9.ark:455046
MAJP0_SX354 /home/sky/kaldi/egs/timit/s5/mfcc/raw_mfcc_train.4.ark:120654
FDFB0_SX418 /home/sky/kaldi/egs/timit/s5/mfcc/raw_mfcc_train.1.ark:871979
MTPG0_SX303 /home/sky/kaldi/egs/timit/s5/mfcc/raw_mfcc_train.10.ark:762707
MTMN0_SX434 /home/sky/kaldi/egs/timit/s5/mfcc/raw_mfcc_train.10.ark:673415
FTBW0_SX445 /home/sky/kaldi/egs/timit/s5/mfcc/raw_mfcc_train.3.ark:1270550
FPAD0_SX266 /home/sky/kaldi/egs/timit/s5/mfcc/raw_mfcc_train.3.ark:173963
MSVS0_SX398 /home/sky/kaldi/egs/timit/s5/mfcc/raw_mfcc_train.10.ark:38106
MTJS0_SX112 /home/sky/kaldi/egs/timit/s5/mfcc/raw_mfcc_train.10.ark:427827
MJEB1_SX117 /home/sky/kaldi/egs/timit/s5/mfcc/raw_mfcc_train.6.ark:885150
MBGT0_SI1841 /home/sky/kaldi/egs/timit/s5/mfcc/raw_mfcc_train.4.ark:412982
FKKH0_SX300 /home/sky/kaldi/egs/timit/s5/mfcc/raw_mfcc_train.2.ark:629790
MSEM1_SX450 /home/sky/kaldi/egs/timit/s5/mfcc/raw_mfcc_train.9.ark:1191466
MTBC0_SX273 /home/sky/kaldi/egs/timit/s5/mfcc/raw_mfcc_train.10.ark:192577
FLKM0_SI620 /home/sky/kaldi/egs/timit/s5/mfcc/raw_mfcc_train.2.ark:1039545
MMGC0_SX225 /home/sky/kaldi/egs/timit/s5/mfcc/raw_mfcc_train.8.ark:26698
FSDJ0_SX395 /home/sky/kaldi/egs/timit/s5/mfcc/raw_mfcc_train.3.ark:680746
MMRP0_SI774 /home/sky/kaldi/egs/timit/s5/mfcc/raw_mfcc_train.8.ark:197158
MKDB0_SI588 /home/sky/kaldi/egs/timit/s5/mfcc/raw_mfcc_train.7.ark:487773
FALK0_SX186 /home/sky/kaldi/egs/timit/s5/mfcc/raw_mfcc_train.1.ark:82540
MKDD0_SI2197 /home/sky/kaldi/egs/timit/s5/mfcc/raw_mfcc_train.7.ark:521552
FETB0_SX248 /home/sky/kaldi/egs/timit/s5/mfcc/raw_mfcc_train.1.ark:1310549
MBBR0_SX335 /home/sky/kaldi/egs/timit/s5/mfcc/raw_mfcc_train.4.ark:342731
MRMH0_SI1349 /home/sky/kaldi/egs/timit/s5/mfcc/raw_mfcc_train.9.ark:510852
MJEB0_SI1286 /home/sky/kaldi/egs/timit/s5/mfcc/raw_mfcc_train.6.ark:836113
MKES0_SX83 /home/sky/kaldi/egs/timit/s5/mfcc/raw_mfcc_train.7.ark:613772
MNTW0_SX348 /home/sky/kaldi/egs/timit/s5/mfcc/raw_mfcc_train.8.ark:484498
MMDS0_SI1343 /home/sky/kaldi/egs/timit/s5/mfcc/raw_mfcc_train.7.ark:1446221
MPMB0_SI2131 /home/sky/kaldi/egs/timit/s5/mfcc/raw_mfcc_train.8.ark:682475
FKKH0_SI1290 /home/sky/kaldi/egs/timit/s5/mfcc/raw_mfcc_train.2.ark:602539
MMDB0_SX357 /home/sky/kaldi/egs/timit/s5/mfcc/raw_mfcc_train.7.ark:1335997
MREH1_SX429 /home/sky/kaldi/egs/timit/s5/mfcc/raw_mfcc_train.8.ark:1342943
MJWT0_SI751 /home/sky/kaldi/egs/timit/s5/mfcc/raw_mfcc_train.7.ark:266057
MSDS0_SX357 /home/sky/kaldi/egs/timit/s5/mfcc/raw_mfcc_train.9.ark:1144823
MDRD0_SX302 /home/sky/kaldi/egs/timit/s5/mfcc/raw_mfcc_train.5.ark:676671
MMWB0_SX179 /home/sky/kaldi/egs/timit/s5/mfcc/raw_mfcc_train.8.ark:315546
MJRG0_SX106 /home/sky/kaldi/egs/timit/s5/mfcc/raw_mfcc_train.6.ark:1484690
MCEF0_SX145 /home/sky/kaldi/egs/timit/s5/mfcc/raw_mfcc_train.4.ark:872561
FBLV0_SX428 /home/sky/kaldi/egs/timit/s5/mfcc/raw_mfcc_train.1.ark:334354
MRMB0_SX321 /home/sky/kaldi/egs/timit/s5/mfcc/raw_mfcc_train.9.ark:461781
MTMN0_SX164 /home/sky/kaldi/egs/timit/s5/mfcc/raw_mfcc_train.10.ark:662747
MKLW0_SI1844 /home/sky/kaldi/egs/timit/s5/mfcc/raw_mfcc_train.7.ark:779279
MHJB0_SX27 /home/sky/kaldi/egs/timit/s5/mfcc/raw_mfcc_train.6.ark:370805
MTRR0_SX198 /home/sky/kaldi/egs/timit/s5/mfcc/raw_mfcc_train.10.ark:930222
MDWD0_SI557 /home/sky/kaldi/egs/timit/s5/mfcc/raw_mfcc_train.5.ark:815893
MSVS0_SI2198 /home/sky/kaldi/egs/timit/s5/mfcc/raw_mfcc_train.10.ark:6995
FMJB0_SX187 /home/sky/kaldi/egs/timit/s5/mfcc/raw_mfcc_train.2.ark:1343729
MRDS0_SI1167 /home/sky/kaldi/egs/timit/s5/mfcc/raw_mfcc_train.8.ark:1252864
FREH0_SX55 /home/sky/kaldi/egs/timit/s5/mfcc/raw_mfcc_train.3.ark:381388
MCTM0_SI1350 /home/sky/kaldi/egs/timit/s5/mfcc/raw_mfcc_train.4.ark:1152500
FEEH0_SX392 /home/sky/kaldi/egs/timit/s5/mfcc/raw_mfcc_train.1.ark:1254971
MEJS0_SX250 /home/sky/kaldi/egs/timit/s5/mfcc/raw_mfcc_train.5.ark:1077075
MLNS0_SI2037 /home/sky/kaldi/egs/timit/s5/mfcc/raw_mfcc_train.7.ark:1013965
FKLH0_SI1257 /home/sky/kaldi/egs/timit/s5/mfcc/raw_mfcc_train.2.ark:704124
MPEB0_SX420 /home/sky/kaldi/egs/timit/s5/mfcc/raw_mfcc_train.8.ark:541071
MEDR0_SX24 /home/sky/kaldi/egs/timit/s5/mfcc/raw_mfcc_train.5.ark:951654
MADD0_SX88 /home/sky/kaldi/egs/timit/s5/mfcc/raw_mfcc_train.4.ark:3489
MAFM0_SI939 /home/sky/kaldi/egs/timit/s5/mfcc/raw_mfcc_train.4.ark:74308
MBAR0_SI1319 /home/sky/kaldi/egs/timit/s5/mfcc/raw_mfcc_train.4.ark:291872
MPEB0_SX150 /home/sky/kaldi/egs/timit/s5/mfcc/raw_mfcc_train.8.ark:530468
MTCS0_SI1972 /home/sky/kaldi/egs/timit/s5/mfcc/raw_mfcc_train.10.ark:208751
MSMS0_SI1433 /home/sky/kaldi/egs/timit/s5/mfcc/raw_mfcc_train.9.ark:1404918
MDHS0_SX450 /home/sky/kaldi/egs/timit/s5/mfcc/raw_mfcc_train.5.ark:123883
MDHS0_SX180 /home/sky/kaldi/egs/timit/s5/mfcc/raw_mfcc_train.5.ark:113813
FCDR1_SX196 /home/sky/kaldi/egs/timit/s5/mfcc/raw_mfcc_train.1.ark:496559
FSJS0_SX181 /home/sky/kaldi/egs/timit/s5/mfcc/raw_mfcc_train.3.ark:802276
MRDS0_SX267 /home/sky/kaldi/egs/timit/s5/mfcc/raw_mfcc_train.8.ark:1267297
MDKS0_SI1696 /home/sky/kaldi/egs/timit/s5/mfcc/raw_mfcc_train.5.ark:164444
MDLR1_SX129 /home/sky/kaldi/egs/timit/s5/mfcc/raw_mfcc_train.5.ark:438994
MJMM0_SX355 /home/sky/kaldi/egs/timit/s5/mfcc/raw_mfcc_train.6.ark:1337207
MRXB0_SX55 /home/sky/kaldi/egs/timit/s5/mfcc/raw_mfcc_train.9.ark:938877
FSKP0_SX288 /home/sky/kaldi/egs/timit/s5/mfcc/raw_mfcc_train.3.ark:943665
MTXS0_SX160 /home/sky/kaldi/egs/timit/s5/mfcc/raw_mfcc_train.10.ark:1016051
MREH1_SX249 /home/sky/kaldi/egs/timit/s5/mfcc/raw_mfcc_train.8.ark:1335337
MMEA0_SX308 /home/sky/kaldi/egs/timit/s5/mfcc/raw_mfcc_train.7.ark:1489669
FEEH0_SX32 /home/sky/kaldi/egs/timit/s5/mfcc/raw_mfcc_train.1.ark:1251129
MRXB0_SX145 /home/sky/kaldi/egs/timit/s5/mfcc/raw_mfcc_train.9.ark:924550
FBMH0_SI1766 /home/sky/kaldi/egs/timit/s5/mfcc/raw_mfcc_train.1.ark:348442
MKRG0_SX231 /home/sky/kaldi/egs/timit/s5/mfcc/raw_mfcc_train.7.ark:826301
MEDR0_SX114 /home/sky/kaldi/egs/timit/s5/mfcc/raw_mfcc_train.5.ark:945206
MJEE0_SI607 /home/sky/kaldi/egs/timit/s5/mfcc/raw_mfcc_train.6.ark:910771
FJWB1_SX75 /home/sky/kaldi/egs/timit/s5/mfcc/raw_mfcc_train.2.ark:390834
MDEF0_SI1563 /home/sky/kaldi/egs/timit/s5/mfcc/raw_mfcc_train.5.ark:6547
MGAW0_SI535 /home/sky/kaldi/egs/timit/s5/mfcc/raw_mfcc_train.6.ark:35404
FHLM0_SX390 /home/sky/kaldi/egs/timit/s5/mfcc/raw_mfcc_train.1.ark:1537062
MSAT1_SI2333 /home/sky/kaldi/egs/timit/s5/mfcc/raw_mfcc_train.9.ark:1039875
MDDC0_SX249 /home/sky/kaldi/egs/timit/s5/mfcc/raw_mfcc_train.4.ark:1424202
MLBC0_SX69 /home/sky/kaldi/egs/timit/s5/mfcc/raw_mfcc_train.7.ark:895673
MBTH0_SX32 /home/sky/kaldi/egs/timit/s5/mfcc/raw_mfcc_train.4.ark:648779
MEFG0_SI465 /home/sky/kaldi/egs/timit/s5/mfcc/raw_mfcc_train.5.ark:960086
MKLR0_SI2319 /home/sky/kaldi/egs/timit/s5/mfcc/raw_mfcc_train.7.ark:685683
MCAE0_SX187 /home/sky/kaldi/egs/timit/s5/mfcc/raw_mfcc_train.4.ark:710623
FMJF0_SX444 /home/sky/kaldi/egs/timit/s5/mfcc/raw_mfcc_train.2.ark:1385912
MPFU0_SX358 /home/sky/kaldi/egs/timit/s5/mfcc/raw_mfcc_train.8.ark:570904
FGMB0_SX245 /home/sky/kaldi/egs/timit/s5/mfcc/raw_mfcc_train.1.ark:1452283
MDLM0_SI1234 /home/sky/kaldi/egs/timit/s5/mfcc/raw_mfcc_train.5.ark:362093
MFMC0_SX142 /home/sky/kaldi/egs/timit/s5/mfcc/raw_mfcc_train.5.ark:1219402
MDLC0_SI1395 /home/sky/kaldi/egs/timit/s5/mfcc/raw_mfcc_train.5.ark:233620
MRGS0_SX96 /home/sky/kaldi/egs/timit/s5/mfcc/raw_mfcc_train.9.ark:43220
FLEH0_SI1681 /home/sky/kaldi/egs/timit/s5/mfcc/raw_mfcc_train.2.ark:841185
FBAS0_SX37 /home/sky/kaldi/egs/timit/s5/mfcc/raw_mfcc_train.1.ark:199029
MTRT0_SX254 /home/sky/kaldi/egs/timit/s5/mfcc/raw_mfcc_train.10.ark:963079
MHBS0_SX315 /home/sky/kaldi/egs/timit/s5/mfcc/raw_mfcc_train.6.ark:311099
MTWH1_SX342 /home/sky/kaldi/egs/timit/s5/mfcc/raw_mfcc_train.10.ark:990904
MTPF0_SX425 /home/sky/kaldi/egs/timit/s5/mfcc/raw_mfcc_train.10.ark:738061
FPAB1_SX121 /home/sky/kaldi/egs/timit/s5/mfcc/raw_mfcc_train.3.ark:99430
MTJU0_SI760 /home/sky/kaldi/egs/timit/s5/mfcc/raw_mfcc_train.10.ark:456139
MDPS0_SX179 /home/sky/kaldi/egs/timit/s5/mfcc/raw_mfcc_train.5.ark:633544
MFER0_SI862 /home/sky/kaldi/egs/timit/s5/mfcc/raw_mfcc_train.5.ark:1183809
MMAA0_SX35 /home/sky/kaldi/egs/timit/s5/mfcc/raw_mfcc_train.7.ark:1101850
FKDW0_SI1207 /home/sky/kaldi/egs/timit/s5/mfcc/raw_mfcc_train.2.ark:532446
FSJK1_SX395 /home/sky/kaldi/egs/timit/s5/mfcc/raw_mfcc_train.3.ark:785671
MJRH1_SX424 /home/sky/kaldi/egs/timit/s5/mfcc/raw_mfcc_train.7.ark:74475
MHRM0_SX418 /home/sky/kaldi/egs/timit/s5/mfcc/raw_mfcc_train.6.ark:463778
MGAW0_SX175 /home/sky/kaldi/egs/timit/s5/mfcc/raw_mfcc_train.6.ark:38271
MFMC0_SI1762 /home/sky/kaldi/egs/timit/s5/mfcc/raw_mfcc_train.5.ark:1211523
MMGC0_SI1305 /home/sky/kaldi/egs/timit/s5/mfcc/raw_mfcc_train.8.ark:10301
FBCG1_SX262 /home/sky/kaldi/egs/timit/s5/mfcc/raw_mfcc_train.1.ark:221576
MDJM0_SX285 /home/sky/kaldi/egs/timit/s5/mfcc/raw_mfcc_train.5.ark:154645
MWDK0_SX446 /home/sky/kaldi/egs/timit/s5/mfcc/raw_mfcc_train.10.ark:1277519
MKXL0_SI1815 /home/sky/kaldi/egs/timit/s5/mfcc/raw_mfcc_train.7.ark:840168
FPMY0_SI523 /home/sky/kaldi/egs/timit/s5/mfcc/raw_mfcc_train.3.ark:328582
MJXA0_SX427 /home/sky/kaldi/egs/timit/s5/mfcc/raw_mfcc_train.7.ark:313137
MMSM0_SI476 /home/sky/kaldi/egs/timit/s5/mfcc/raw_mfcc_train.8.ark:235734
MMWB0_SI1619 /home/sky/kaldi/egs/timit/s5/mfcc/raw_mfcc_train.8.ark:299118
FGRW0_SX72 /home/sky/kaldi/egs/timit/s5/mfcc/raw_mfcc_train.1.ark:1504569
MDDC0_SI1419 /home/sky/kaldi/egs/timit/s5/mfcc/raw_mfcc_train.4.ark:1408183
FALK0_SI456 /home/sky/kaldi/egs/timit/s5/mfcc/raw_mfcc_train.1.ark:72191
MWAC0_SX431 /home/sky/kaldi/egs/timit/s5/mfcc/raw_mfcc_train.10.ark:1159898
MSRG0_SX51 /home/sky/kaldi/egs/timit/s5/mfcc/raw_mfcc_train.9.ark:1464200
MTDP0_SX441 /home/sky/kaldi/egs/timit/s5/mfcc/raw_mfcc_train.10.ark:303549
MTPG0_SX393 /home/sky/kaldi/egs/timit/s5/mfcc/raw_mfcc_train.10.ark:769246
FSLS0_SX246 /home/sky/kaldi/egs/timit/s5/mfcc/raw_mfcc_train.3.ark:972564
FTLG0_SX213 /home/sky/kaldi/egs/timit/s5/mfcc/raw_mfcc_train.3.ark:1297658
FMKC0_SX262 /home/sky/kaldi/egs/timit/s5/mfcc/raw_mfcc_train.2.ark:1445618
MWAC0_SI1601 /home/sky/kaldi/egs/timit/s5/mfcc/raw_mfcc_train.10.ark:1129396
MWSB0_SX366 /home/sky/kaldi/egs/timit/s5/mfcc/raw_mfcc_train.10.ark:1432641
MJAI0_SX74 /home/sky/kaldi/egs/timit/s5/mfcc/raw_mfcc_train.6.ark:631804
FSAH0_SI1874 /home/sky/kaldi/egs/timit/s5/mfcc/raw_mfcc_train.3.ark:489774
FSKP0_SI468 /home/sky/kaldi/egs/timit/s5/mfcc/raw_mfcc_train.3.ark:930209
MLNS0_SI777 /home/sky/kaldi/egs/timit/s5/mfcc/raw_mfcc_train.7.ark:1018730
MTXS0_SX430 /home/sky/kaldi/egs/timit/s5/mfcc/raw_mfcc_train.10.ark:1030125
MJAE0_SX354 /home/sky/kaldi/egs/timit/s5/mfcc/raw_mfcc_train.6.ark:588315
MJEE0_SX157 /home/sky/kaldi/egs/timit/s5/mfcc/raw_mfcc_train.6.ark:913599
MGSH0_SX6 /home/sky/kaldi/egs/timit/s5/mfcc/raw_mfcc_train.6.ark:212334
FAPB0_SI1693 /home/sky/kaldi/egs/timit/s5/mfcc/raw_mfcc_train.1.ark:137498
MSEM1_SI2070 /home/sky/kaldi/egs/timit/s5/mfcc/raw_mfcc_train.9.ark:1162727
MVRW0_SX405 /home/sky/kaldi/egs/timit/s5/mfcc/raw_mfcc_train.10.ark:1123298
MRDD0_SX240 /home/sky/kaldi/egs/timit/s5/mfcc/raw_mfcc_train.8.ark:1205628
FKDE0_SX61 /home/sky/kaldi/egs/timit/s5/mfcc/raw_mfcc_train.2.ark:527563
FDNC0_SX198 /home/sky/kaldi/egs/timit/s5/mfcc/raw_mfcc_train.1.ark:1044157
MSMS0_SI803 /home/sky/kaldi/egs/timit/s5/mfcc/raw_mfcc_train.9.ark:1413916
MREE0_SX24 /home/sky/kaldi/egs/timit/s5/mfcc/raw_mfcc_train.8.ark:1304736
MRGS0_SX6 /home/sky/kaldi/egs/timit/s5/mfcc/raw_mfcc_train.9.ark:37286
FTBW0_SX265 /home/sky/kaldi/egs/timit/s5/mfcc/raw_mfcc_train.3.ark:1263438
MTAB0_SX312 /home/sky/kaldi/egs/timit/s5/mfcc/raw_mfcc_train.10.ark:68258
MHXL0_SX242 /home/sky/kaldi/egs/timit/s5/mfcc/raw_mfcc_train.6.ark:488858
MTKP0_SX303 /home/sky/kaldi/egs/timit/s5/mfcc/raw_mfcc_train.10.ark:538915
MJRP0_SI1845 /home/sky/kaldi/egs/timit/s5/mfcc/raw_mfcc_train.7.ark:113294
FJRP1_SX82 /home/sky/kaldi/egs/timit/s5/mfcc/raw_mfcc_train.2.ark:293501
MKLW0_SX131 /home/sky/kaldi/egs/timit/s5/mfcc/raw_mfcc_train.7.ark:783974
MKLS0_SX87 /home/sky/kaldi/egs/timit/s5/mfcc/raw_mfcc_train.7.ark:737853
FLKM0_SX116 /home/sky/kaldi/egs/timit/s5/mfcc/raw_mfcc_train.2.ark:1048932
FBLV0_SI1058 /home/sky/kaldi/egs/timit/s5/mfcc/raw_mfcc_train.1.ark:307452
MCTH0_SX219 /home/sky/kaldi/egs/timit/s5/mfcc/raw_mfcc_train.4.ark:1136859
FBMH0_SI1136 /home/sky/kaldi/egs/timit/s5/mfcc/raw_mfcc_train.1.ark:342519
FEAR0_SX352 /home/sky/kaldi/egs/timit/s5/mfcc/raw_mfcc_train.1.ark:1172658
FPAB1_SX391 /home/sky/kaldi/egs/timit/s5/mfcc/raw_mfcc_train.3.ark:116266
FHLM0_SI2190 /home/sky/kaldi/egs/timit/s5/mfcc/raw_mfcc_train.1.ark:1509889
MREE0_SI1104 /home/sky/kaldi/egs/timit/s5/mfcc/raw_mfcc_train.8.ark:1281703
FJEN0_SX417 /home/sky/kaldi/egs/timit/s5/mfcc/raw_mfcc_train.2.ark:86958
MBSB0_SI723 /home/sky/kaldi/egs/timit/s5/mfcc/raw_mfcc_train.4.ark:605031
MDKS0_SX76 /home/sky/kaldi/egs/timit/s5/mfcc/raw_mfcc_train.5.ark:189797
MHJB0_SX207 /home/sky/kaldi/egs/timit/s5/mfcc/raw_mfcc_train.6.ark:368602
FMBG0_SX260 /home/sky/kaldi/egs/timit/s5/mfcc/raw_mfcc_train.2.ark:1272155
FJLG0_SX179 /home/sky/kaldi/egs/timit/s5/mfcc/raw_mfcc_train.2.ark:170687
MGJC0_SI1965 /home/sky/kaldi/egs/timit/s5/mfcc/raw_mfcc_train.6.ark:90769
MPRK0_SX287 /home/sky/kaldi/egs/timit/s5/mfcc/raw_mfcc_train.8.ark:863970
FCKE0_SX121 /home/sky/kaldi/egs/timit/s5/mfcc/raw_mfcc_train.1.ark:606832
MSAT1_SX263 /home/sky/kaldi/egs/timit/s5/mfcc/raw_mfcc_train.9.ark:1048521
MRGM0_SX172 /home/sky/kaldi/egs/timit/s5/mfcc/raw_mfcc_train.8.ark:1495268
FJRB0_SX402 /home/sky/kaldi/egs/timit/s5/mfcc/raw_mfcc_train.2.ark:247418
MDTB0_SI1830 /home/sky/kaldi/egs/timit/s5/mfcc/raw_mfcc_train.5.ark:780208
MMCC0_SX78 /home/sky/kaldi/egs/timit/s5/mfcc/raw_mfcc_train.7.ark:1314113
MRMB0_SX51 /home/sky/kaldi/egs/timit/s5/mfcc/raw_mfcc_train.9.ark:470244
MTLC0_SI847 /home/sky/kaldi/egs/timit/s5/mfcc/raw_mfcc_train.10.ark:593491
FVKB0_SI1789 /home/sky/kaldi/egs/timit/s5/mfcc/raw_mfcc_train.3.ark:1375029
FMAH1_SI879 /home/sky/kaldi/egs/timit/s5/mfcc/raw_mfcc_train.2.ark:1234403
MSJK0_SX66 /home/sky/kaldi/egs/timit/s5/mfcc/raw_mfcc_train.9.ark:1336547
MTJS0_SX22 /home/sky/kaldi/egs/timit/s5/mfcc/raw_mfcc_train.10.ark:435237
FALR0_SX65 /home/sky/kaldi/egs/timit/s5/mfcc/raw_mfcc_train.1.ark:128603
MEAL0_SX347 /home/sky/kaldi/egs/timit/s5/mfcc/raw_mfcc_train.5.ark:923849
MJRP0_SX405 /home/sky/kaldi/egs/timit/s5/mfcc/raw_mfcc_train.7.ark:133752
FPJF0_SI1259 /home/sky/kaldi/egs/timit/s5/mfcc/raw_mfcc_train.3.ark:260797
MDWD0_SX180 /home/sky/kaldi/egs/timit/s5/mfcc/raw_mfcc_train.5.ark:817928
MCDD0_SX73 /home/sky/kaldi/egs/timit/s5/mfcc/raw_mfcc_train.4.ark:819655
MFWK0_SX169 /home/sky/kaldi/egs/timit/s5/mfcc/raw_mfcc_train.5.ark:1282151
MRRE0_SI1334 /home/sky/kaldi/egs/timit/s5/mfcc/raw_mfcc_train.9.ark:633938
MRJH0_SI889 /home/sky/kaldi/egs/timit/s5/mfcc/raw_mfcc_train.9.ark:120843
MWSB0_SX276 /home/sky/kaldi/egs/timit/s5/mfcc/raw_mfcc_train.10.ark:1429904
MGXP0_SI457 /home/sky/kaldi/egs/timit/s5/mfcc/raw_mfcc_train.6.ark:262422
MJRH0_SI1755 /home/sky/kaldi/egs/timit/s5/mfcc/raw_mfcc_train.7.ark:20601
FKLH0_SX267 /home/sky/kaldi/egs/timit/s5/mfcc/raw_mfcc_train.2.ark:719324
MJDC0_SI1161 /home/sky/kaldi/egs/timit/s5/mfcc/raw_mfcc_train.6.ark:696096
FCAJ0_SI849 /home/sky/kaldi/egs/timit/s5/mfcc/raw_mfcc_train.1.ark:444365
MDHS0_SI2160 /home/sky/kaldi/egs/timit/s5/mfcc/raw_mfcc_train.5.ark:104842
FCJF0_SX217 /home/sky/kaldi/egs/timit/s5/mfcc/raw_mfcc_train.1.ark:552047
MMEB0_SX187 /home/sky/kaldi/egs/timit/s5/mfcc/raw_mfcc_train.7.ark:1511136
MTPG0_SX213 /home/sky/kaldi/egs/timit/s5/mfcc/raw_mfcc_train.10.ark:759372
MJHI0_SX248 /home/sky/kaldi/egs/timit/s5/mfcc/raw_mfcc_train.6.ark:1013096
MMBS0_SX341 /home/sky/kaldi/egs/timit/s5/mfcc/raw_mfcc_train.7.ark:1271884
MBSB0_SX3 /home/sky/kaldi/egs/timit/s5/mfcc/raw_mfcc_train.4.ark:614826
MTML0_SI1695 /home/sky/kaldi/egs/timit/s5/mfcc/raw_mfcc_train.10.ark:614978
MJXL0_SX362 /home/sky/kaldi/egs/timit/s5/mfcc/raw_mfcc_train.7.ark:339772
MJAC0_SX341 /home/sky/kaldi/egs/timit/s5/mfcc/raw_mfcc_train.6.ark:556745
MHIT0_SX173 /home/sky/kaldi/egs/timit/s5/mfcc/raw_mfcc_train.6.ark:333944
MPMB0_SX331 /home/sky/kaldi/egs/timit/s5/mfcc/raw_mfcc_train.8.ark:708256
MGAG0_SI691 /home/sky/kaldi/egs/timit/s5/mfcc/raw_mfcc_train.5.ark:1401661
MJLG1_SX112 /home/sky/kaldi/egs/timit/s5/mfcc/raw_mfcc_train.6.ark:1206912
FVKB0_SX349 /home/sky/kaldi/egs/timit/s5/mfcc/raw_mfcc_train.3.ark:1390462
MJPM1_SX131 /home/sky/kaldi/egs/timit/s5/mfcc/raw_mfcc_train.6.ark:1417782
MHMG0_SI1365 /home/sky/kaldi/egs/timit/s5/mfcc/raw_mfcc_train.6.ark:379342
MJMD0_SX398 /home/sky/kaldi/egs/timit/s5/mfcc/raw_mfcc_train.6.ark:1312333
MWAR0_SI1045 /home/sky/kaldi/egs/timit/s5/mfcc/raw_mfcc_train.10.ark:1193731
MCTM0_SX360 /home/sky/kaldi/egs/timit/s5/mfcc/raw_mfcc_train.4.ark:1173362
FLHD0_SI1344 /home/sky/kaldi/egs/timit/s5/mfcc/raw_mfcc_train.2.ark:899129
MRAB1_SX38 /home/sky/kaldi/egs/timit/s5/mfcc/raw_mfcc_train.8.ark:986267
MSEM1_SX90 /home/sky/kaldi/egs/timit/s5/mfcc/raw_mfcc_train.9.ark:1196659
MJJB0_SI1769 /home/sky/kaldi/egs/timit/s5/mfcc/raw_mfcc_train.6.ark:1036865
MJDE0_SI490 /home/sky/kaldi/egs/timit/s5/mfcc/raw_mfcc_train.6.ark:737130
MJEE0_SI1237 /home/sky/kaldi/egs/timit/s5/mfcc/raw_mfcc_train.6.ark:902670
MDLR0_SX333 /home/sky/kaldi/egs/timit/s5/mfcc/raw_mfcc_train.5.ark:411248
MBWP0_SX79 /home/sky/kaldi/egs/timit/s5/mfcc/raw_mfcc_train.4.ark:686075
MRCG0_SI798 /home/sky/kaldi/egs/timit/s5/mfcc/raw_mfcc_train.8.ark:1131750
FJKL0_SX122 /home/sky/kaldi/egs/timit/s5/mfcc/raw_mfcc_train.2.ark:139442
MFMC0_SX232 /home/sky/kaldi/egs/timit/s5/mfcc/raw_mfcc_train.5.ark:1224336
MJBG0_SI1232 /home/sky/kaldi/egs/timit/s5/mfcc/raw_mfcc_train.6.ark:634932
MJEE0_SX427 /home/sky/kaldi/egs/timit/s5/mfcc/raw_mfcc_train.6.ark:925970
MDSS0_SX351 /home/sky/kaldi/egs/timit/s5/mfcc/raw_mfcc_train.5.ark:737690
FLJD0_SI886 /home/sky/kaldi/egs/timit/s5/mfcc/raw_mfcc_train.2.ark:974465
MWAD0_SI1749 /home/sky/kaldi/egs/timit/s5/mfcc/raw_mfcc_train.10.ark:1173206
MBMA1_SX54 /home/sky/kaldi/egs/timit/s5/mfcc/raw_mfcc_train.4.ark:535641
MDPB0_SI2126 /home/sky/kaldi/egs/timit/s5/mfcc/raw_mfcc_train.5.ark:565569
MDLC1_SX175 /home/sky/kaldi/egs/timit/s5/mfcc/raw_mfcc_train.5.ark:281904
MJSR0_SX434 /home/sky/kaldi/egs/timit/s5/mfcc/raw_mfcc_train.7.ark:171899
MAJP0_SX264 /home/sky/kaldi/egs/timit/s5/mfcc/raw_mfcc_train.4.ark:116292
FJSK0_SX242 /home/sky/kaldi/egs/timit/s5/mfcc/raw_mfcc_train.2.ark:314521
MSES0_SX329 /home/sky/kaldi/egs/timit/s5/mfcc/raw_mfcc_train.9.ark:1219298
MFRM0_SX435 /home/sky/kaldi/egs/timit/s5/mfcc/raw_mfcc_train.5.ark:1264058
MLJC0_SX325 /home/sky/kaldi/egs/timit/s5/mfcc/raw_mfcc_train.7.ark:957810
MTJM0_SI1856 /home/sky/kaldi/egs/timit/s5/mfcc/raw_mfcc_train.10.ark:383608
MTMN0_SX74 /home/sky/kaldi/egs/timit/s5/mfcc/raw_mfcc_train.10.ark:676957
MLSH0_SI1417 /home/sky/kaldi/egs/timit/s5/mfcc/raw_mfcc_train.7.ark:1040313
MRGS0_SI726 /home/sky/kaldi/egs/timit/s5/mfcc/raw_mfcc_train.9.ark:19086
MTER0_SI1157 /home/sky/kaldi/egs/timit/s5/mfcc/raw_mfcc_train.10.ark:312754
MREE0_SX294 /home/sky/kaldi/egs/timit/s5/mfcc/raw_mfcc_train.8.ark:1307863
FKLC1_SX58 /home/sky/kaldi/egs/timit/s5/mfcc/raw_mfcc_train.2.ark:698851
MRGM0_SX442 /home/sky/kaldi/egs/timit/s5/mfcc/raw_mfcc_train.9.ark:12
MMWB0_SX269 /home/sky/kaldi/egs/timit/s5/mfcc/raw_mfcc_train.8.ark:320701
MJWG0_SI895 /home/sky/kaldi/egs/timit/s5/mfcc/raw_mfcc_train.7.ark:190972
MDEF0_SX303 /home/sky/kaldi/egs/timit/s5/mfcc/raw_mfcc_train.5.ark:20538
MZMB0_SX86 /home/sky/kaldi/egs/timit/s5/mfcc/raw_mfcc_train.10.ark:1510662
MRLK0_SX213 /home/sky/kaldi/egs/timit/s5/mfcc/raw_mfcc_train.9.ark:400118
MHJB0_SI1647 /home/sky/kaldi/egs/timit/s5/mfcc/raw_mfcc_train.6.ark:356477
FSSB0_SI2342 /home/sky/kaldi/egs/timit/s5/mfcc/raw_mfcc_train.3.ark:1163193
MRCW0_SX291 /home/sky/kaldi/egs/timit/s5/mfcc/raw_mfcc_train.8.ark:1184185
MJDE0_SX220 /home/sky/kaldi/egs/timit/s5/mfcc/raw_mfcc_train.6.ark:748324
FLMC0_SX112 /home/sky/kaldi/egs/timit/s5/mfcc/raw_mfcc_train.2.ark:1112278
MAKB0_SI1646 /home/sky/kaldi/egs/timit/s5/mfcc/raw_mfcc_train.4.ark:141925
MMAA0_SI1588 /home/sky/kaldi/egs/timit/s5/mfcc/raw_mfcc_train.7.ark:1074469
MCDR0_SX434 /home/sky/kaldi/egs/timit/s5/mfcc/raw_mfcc_train.4.ark:852609
FBJL0_SX112 /home/sky/kaldi/egs/timit/s5/mfcc/raw_mfcc_train.1.ark:288190
MRSO0_SI1659 /home/sky/kaldi/egs/timit/s5/mfcc/raw_mfcc_train.9.ark:679554
MDTB0_SX300 /home/sky/kaldi/egs/timit/s5/mfcc/raw_mfcc_train.5.ark:794588
FDML0_SX69 /home/sky/kaldi/egs/timit/s5/mfcc/raw_mfcc_train.1.ark:972050
MREW1_SI2130 /home/sky/kaldi/egs/timit/s5/mfcc/raw_mfcc_train.8.ark:1387663
MSRR0_SX411 /home/sky/kaldi/egs/timit/s5/mfcc/raw_mfcc_train.9.ark:1491836
FBAS0_SX217 /home/sky/kaldi/egs/timit/s5/mfcc/raw_mfcc_train.1.ark:193725
MBJV0_SX347 /home/sky/kaldi/egs/timit/s5/mfcc/raw_mfcc_train.4.ark:463130
FMMH0_SX97 /home/sky/kaldi/egs/timit/s5/mfcc/raw_mfcc_train.2.ark:1526322
MRAB1_SX308 /home/sky/kaldi/egs/timit/s5/mfcc/raw_mfcc_train.8.ark:981997
MJXL0_SI542 /home/sky/kaldi/egs/timit/s5/mfcc/raw_mfcc_train.7.ark:328961
MRGS0_SX276 /home/sky/kaldi/egs/timit/s5/mfcc/raw_mfcc_train.9.ark:28772
MDKS0_SX436 /home/sky/kaldi/egs/timit/s5/mfcc/raw_mfcc_train.5.ark:186801
MDLM0_SX154 /home/sky/kaldi/egs/timit/s5/mfcc/raw_mfcc_train.5.ark:375388
MPRB0_SI1215 /home/sky/kaldi/egs/timit/s5/mfcc/raw_mfcc_train.8.ark:763735
MJSR0_SI2054 /home/sky/kaldi/egs/timit/s5/mfcc/raw_mfcc_train.7.ark:145578
MRJB1_SX30 /home/sky/kaldi/egs/timit/s5/mfcc/raw_mfcc_train.9.ark:103472
MTDP0_SX171 /home/sky/kaldi/egs/timit/s5/mfcc/raw_mfcc_train.10.ark:287603
MKLS0_SX267 /home/sky/kaldi/egs/timit/s5/mfcc/raw_mfcc_train.7.ark:724339
FMKF0_SI906 /home/sky/kaldi/egs/timit/s5/mfcc/raw_mfcc_train.2.ark:1472922
MBMA1_SI2207 /home/sky/kaldi/egs/timit/s5/mfcc/raw_mfcc_train.4.ark:506043
MDLR0_SI603 /home/sky/kaldi/egs/timit/s5/mfcc/raw_mfcc_train.5.ark:399215
MWRE0_SI1057 /home/sky/kaldi/egs/timit/s5/mfcc/raw_mfcc_train.10.ark:1349967
MRJM1_SX128 /home/sky/kaldi/egs/timit/s5/mfcc/raw_mfcc_train.9.ark:199765
MHBS0_SX45 /home/sky/kaldi/egs/timit/s5/mfcc/raw_mfcc_train.6.ark:317703
MDLH0_SI574 /home/sky/kaldi/egs/timit/s5/mfcc/raw_mfcc_train.5.ark:333028
MHIT0_SX353 /home/sky/kaldi/egs/timit/s5/mfcc/raw_mfcc_train.6.ark:341901
MWGR0_SI2236 /home/sky/kaldi/egs/timit/s5/mfcc/raw_mfcc_train.10.ark:1322020
MSAS0_SI1376 /home/sky/kaldi/egs/timit/s5/mfcc/raw_mfcc_train.9.ark:969493
FAJW0_SX93 /home/sky/kaldi/egs/timit/s5/mfcc/raw_mfcc_train.1.ark:64116
MGES0_SX131 /home/sky/kaldi/egs/timit/s5/mfcc/raw_mfcc_train.6.ark:63795
MKLR0_SI1689 /home/sky/kaldi/egs/timit/s5/mfcc/raw_mfcc_train.7.ark:682815
MMEB0_SI1357 /home/sky/kaldi/egs/timit/s5/mfcc/raw_mfcc_train.7.ark:1500207
MDPB0_SX236 /home/sky/kaldi/egs/timit/s5/mfcc/raw_mfcc_train.5.ark:579513
MRAI0_SX72 /home/sky/kaldi/egs/timit/s5/mfcc/raw_mfcc_train.8.ark:1026852
MJRA0_SX246 /home/sky/kaldi/egs/timit/s5/mfcc/raw_mfcc_train.6.ark:1456014
FMAH1_SX249 /home/sky/kaldi/egs/timit/s5/mfcc/raw_mfcc_train.2.ark:1245103
FSDJ0_SI1745 /home/sky/kaldi/egs/timit/s5/mfcc/raw_mfcc_train.3.ark:661738
FRLL0_SX254 /home/sky/kaldi/egs/timit/s5/mfcc/raw_mfcc_train.3.ark:433274
MBOM0_SI1644 /home/sky/kaldi/egs/timit/s5/mfcc/raw_mfcc_train.4.ark:574948
MHXL0_SX332 /home/sky/kaldi/egs/timit/s5/mfcc/raw_mfcc_train.6.ark:492934
MSEM1_SX360 /home/sky/kaldi/egs/timit/s5/mfcc/raw_mfcc_train.9.ark:1187351
MSJK0_SI2226 /home/sky/kaldi/egs/timit/s5/mfcc/raw_mfcc_train.9.ark:1311715
MSRR0_SI1131 /home/sky/kaldi/egs/timit/s5/mfcc/raw_mfcc_train.9.ark:1467341
MRRE0_SX164 /home/sky/kaldi/egs/timit/s5/mfcc/raw_mfcc_train.9.ark:651847
FPJF0_SX236 /home/sky/kaldi/egs/timit/s5/mfcc/raw_mfcc_train.3.ark:273143
MAPV0_SX303 /home/sky/kaldi/egs/timit/s5/mfcc/raw_mfcc_train.4.ark:221810
MSFV0_SI1262 /home/sky/kaldi/egs/timit/s5/mfcc/raw_mfcc_train.9.ark:1268906
MPEB0_SX330 /home/sky/kaldi/egs/timit/s5/mfcc/raw_mfcc_train.8.ark:537073
FPAD0_SI716 /home/sky/kaldi/egs/timit/s5/mfcc/raw_mfcc_train.3.ark:162379
MABC0_SX151 /home/sky/kaldi/egs/timit/s5/mfcc/raw_mfcc_train.3.ark:1446033
FNKL0_SX196 /home/sky/kaldi/egs/timit/s5/mfcc/raw_mfcc_train.3.ark:37067
FKDW0_SX397 /home/sky/kaldi/egs/timit/s5/mfcc/raw_mfcc_train.2.ark:560302
FSJW0_SI1963 /home/sky/kaldi/egs/timit/s5/mfcc/raw_mfcc_train.3.ark:831153
FHXS0_SX265 /home/sky/kaldi/egs/timit/s5/mfcc/raw_mfcc_train.2.ark:9790
MCRE0_SI1725 /home/sky/kaldi/egs/timit/s5/mfcc/raw_mfcc_train.4.ark:1060350
MAKR0_SX362 /home/sky/kaldi/egs/timit/s5/mfcc/raw_mfcc_train.4.ark:186562
MMWS0_SI559 /home/sky/kaldi/egs/timit/s5/mfcc/raw_mfcc_train.8.ark:345462
MTWH1_SI882 /home/sky/kaldi/egs/timit/s5/mfcc/raw_mfcc_train.10.ark:980262
MBML0_SX359 /home/sky/kaldi/egs/timit/s5/mfcc/raw_mfcc_train.4.ark:557720
MDEM0_SX68 /home/sky/kaldi/egs/timit/s5/mfcc/raw_mfcc_train.5.ark:64989
MMEB0_SX367 /home/sky/kaldi/egs/timit/s5/mfcc/raw_mfcc_train.8.ark:12
MMAA0_SI845 /home/sky/kaldi/egs/timit/s5/mfcc/raw_mfcc_train.7.ark:1084000
MBBR0_SX65 /home/sky/kaldi/egs/timit/s5/mfcc/raw_mfcc_train.4.ark:351038
FCYL0_SX349 /home/sky/kaldi/egs/timit/s5/mfcc/raw_mfcc_train.1.ark:770464
MJJM0_SI1457 /home/sky/kaldi/egs/timit/s5/mfcc/raw_mfcc_train.6.ark:1104689
FLHD0_SX84 /home/sky/kaldi/egs/timit/s5/mfcc/raw_mfcc_train.2.ark:925036
MGAK0_SI2296 /home/sky/kaldi/egs/timit/s5/mfcc/raw_mfcc_train.5.ark:1433530
FKDW0_SI1891 /home/sky/kaldi/egs/timit/s5/mfcc/raw_mfcc_train.2.ark:538733
FSRH0_SX41 /home/sky/kaldi/egs/timit/s5/mfcc/raw_mfcc_train.3.ark:1147751
MRRE0_SX74 /home/sky/kaldi/egs/timit/s5/mfcc/raw_mfcc_train.9.ark:668020
MRJT0_SI1498 /home/sky/kaldi/egs/timit/s5/mfcc/raw_mfcc_train.9.ark:220002
MAFM0_SX129 /home/sky/kaldi/egs/timit/s5/mfcc/raw_mfcc_train.4.ark:79554
MDEM0_SX338 /home/sky/kaldi/egs/timit/s5/mfcc/raw_mfcc_train.5.ark:54277
MMDM1_SI1650 /home/sky/kaldi/egs/timit/s5/mfcc/raw_mfcc_train.7.ark:1413053
MMDB0_SX87 /home/sky/kaldi/egs/timit/s5/mfcc/raw_mfcc_train.7.ark:1342835
MPGR1_SX239 /home/sky/kaldi/egs/timit/s5/mfcc/raw_mfcc_train.8.ark:658285
MGJC0_SI1335 /home/sky/kaldi/egs/timit/s5/mfcc/raw_mfcc_train.6.ark:86536
MGRL0_SX327 /home/sky/kaldi/egs/timit/s5/mfcc/raw_mfcc_train.6.ark:136022
MJDG0_SX232 /home/sky/kaldi/egs/timit/s5/mfcc/raw_mfcc_train.6.ark:785419
MKRG0_SX31 /home/sky/kaldi/egs/timit/s5/mfcc/raw_mfcc_train.7.ark:827828
MKAH0_SX88 /home/sky/kaldi/egs/timit/s5/mfcc/raw_mfcc_train.7.ark:416572
FMMH0_SI907 /home/sky/kaldi/egs/timit/s5/mfcc/raw_mfcc_train.2.ark:1506387
FAJW0_SX363 /home/sky/kaldi/egs/timit/s5/mfcc/raw_mfcc_train.1.ark:59625
FPMY0_SX343 /home/sky/kaldi/egs/timit/s5/mfcc/raw_mfcc_train.3.ark:347343
FMAH1_SX429 /home/sky/kaldi/egs/timit/s5/mfcc/raw_mfcc_train.2.ark:1251799
FECD0_SI2048 /home/sky/kaldi/egs/timit/s5/mfcc/raw_mfcc_train.1.ark:1194800
MPRB0_SX35 /home/sky/kaldi/egs/timit/s5/mfcc/raw_mfcc_train.8.ark:790497
MRFK0_SX356 /home/sky/kaldi/egs/timit/s5/mfcc/raw_mfcc_train.8.ark:1433028
MMGG0_SX449 /home/sky/kaldi/egs/timit/s5/mfcc/raw_mfcc_train.8.ark:63690
MJPM1_SI761 /home/sky/kaldi/egs/timit/s5/mfcc/raw_mfcc_train.6.ark:1412536
MRLK0_SX33 /home/sky/kaldi/egs/timit/s5/mfcc/raw_mfcc_train.9.ark:405916
MRHL0_SI885 /home/sky/kaldi/egs/timit/s5/mfcc/raw_mfcc_train.9.ark:53877
MRLK0_SI1468 /home/sky/kaldi/egs/timit/s5/mfcc/raw_mfcc_train.9.ark:380121
MARC0_SI558 /home/sky/kaldi/egs/timit/s5/mfcc/raw_mfcc_train.4.ark:236770
MBBR0_SI1055 /home/sky/kaldi/egs/timit/s5/mfcc/raw_mfcc_train.4.ark:323558
MGAF0_SX382 /home/sky/kaldi/egs/timit/s5/mfcc/raw_mfcc_train.5.ark:1390498
MMDS0_SX443 /home/sky/kaldi/egs/timit/s5/mfcc/raw_mfcc_train.7.ark:1465933
MGAR0_SI1694 /home/sky/kaldi/egs/timit/s5/mfcc/raw_mfcc_train.5.ark:1464481
FDFB0_SX148 /home/sky/kaldi/egs/timit/s5/mfcc/raw_mfcc_train.1.ark:862234
FSAK0_SI1300 /home/sky/kaldi/egs/timit/s5/mfcc/raw_mfcc_train.3.ark:519866
MJEB0_SX206 /home/sky/kaldi/egs/timit/s5/mfcc/raw_mfcc_train.6.ark:853601
MPPC0_SX62 /home/sky/kaldi/egs/timit/s5/mfcc/raw_mfcc_train.8.ark:756686
MJRK0_SX250 /home/sky/kaldi/egs/timit/s5/mfcc/raw_mfcc_train.7.ark:96865
MRHL0_SX165 /home/sky/kaldi/egs/timit/s5/mfcc/raw_mfcc_train.9.ark:58096
FALK0_SX96 /home/sky/kaldi/egs/timit/s5/mfcc/raw_mfcc_train.1.ark:97372
FJRB0_SX132 /home/sky/kaldi/egs/timit/s5/mfcc/raw_mfcc_train.2.ark:234670
MTXS0_SI1060 /home/sky/kaldi/egs/timit/s5/mfcc/raw_mfcc_train.10.ark:1001442
MJHI0_SI555 /home/sky/kaldi/egs/timit/s5/mfcc/raw_mfcc_train.6.ark:1002688
FMAH1_SX159 /home/sky/kaldi/egs/timit/s5/mfcc/raw_mfcc_train.2.ark:1240676
MMPM0_SI1061 /home/sky/kaldi/egs/timit/s5/mfcc/raw_mfcc_train.8.ark:158892
MKDT0_SX173 /home/sky/kaldi/egs/timit/s5/mfcc/raw_mfcc_train.7.ark:561350
FLMA0_SX343 /home/sky/kaldi/egs/timit/s5/mfcc/raw_mfcc_train.2.ark:1089394
MMDM0_SI681 /home/sky/kaldi/egs/timit/s5/mfcc/raw_mfcc_train.7.ark:1390066
FJHK0_SI2282 /home/sky/kaldi/egs/timit/s5/mfcc/raw_mfcc_train.2.ark:102510
MBTH0_SI757 /home/sky/kaldi/egs/timit/s5/mfcc/raw_mfcc_train.4.ark:632788
MSFH0_SX316 /home/sky/kaldi/egs/timit/s5/mfcc/raw_mfcc_train.9.ark:1255547
MEJL0_SX62 /home/sky/kaldi/egs/timit/s5/mfcc/raw_mfcc_train.5.ark:1055614
MJWS0_SX63 /home/sky/kaldi/egs/timit/s5/mfcc/raw_mfcc_train.7.ark:250057
FAJW0_SI633 /home/sky/kaldi/egs/timit/s5/mfcc/raw_mfcc_train.1.ark:42998
MTRT0_SI597 /home/sky/kaldi/egs/timit/s5/mfcc/raw_mfcc_train.10.ark:953750
MDLH0_SX160 /home/sky/kaldi/egs/timit/s5/mfcc/raw_mfcc_train.5.ark:340751
MRJB1_SI1413 /home/sky/kaldi/egs/timit/s5/mfcc/raw_mfcc_train.9.ark:81448
MTLC0_SX127 /home/sky/kaldi/egs/timit/s5/mfcc/raw_mfcc_train.10.ark:597034
MRDM0_SX425 /home/sky/kaldi/egs/timit/s5/mfcc/raw_mfcc_train.8.ark:1247533
MJDE0_SI1120 /home/sky/kaldi/egs/timit/s5/mfcc/raw_mfcc_train.6.ark:726066
FSBK0_SI1069 /home/sky/kaldi/egs/timit/s5/mfcc/raw_mfcc_train.3.ark:551552
MCHL0_SX87 /home/sky/kaldi/egs/timit/s5/mfcc/raw_mfcc_train.4.ark:960531
MVRW0_SI2115 /home/sky/kaldi/egs/timit/s5/mfcc/raw_mfcc_train.10.ark:1108274
FTBR0_SX201 /home/sky/kaldi/egs/timit/s5/mfcc/raw_mfcc_train.3.ark:1231479
MMAM0_SX67 /home/sky/kaldi/egs/timit/s5/mfcc/raw_mfcc_train.7.ark:1204183
FKSR0_SX397 /home/sky/kaldi/egs/timit/s5/mfcc/raw_mfcc_train.2.ark:764485
FCJS0_SX347 /home/sky/kaldi/egs/timit/s5/mfcc/raw_mfcc_train.1.ark:578631
FLAG0_SI1464 /home/sky/kaldi/egs/timit/s5/mfcc/raw_mfcc_train.2.ark:798389
MJPG0_SX201 /home/sky/kaldi/egs/timit/s5/mfcc/raw_mfcc_train.6.ark:1362724
MZMB0_SX266 /home/sky/kaldi/egs/timit/s5/mfcc/raw_mfcc_train.10.ark:1499111
MFXV0_SX105 /home/sky/kaldi/egs/timit/s5/mfcc/raw_mfcc_train.5.ark:1348593
MTCS0_SX442 /home/sky/kaldi/egs/timit/s5/mfcc/raw_mfcc_train.10.ark:232480
MLNS0_SX417 /home/sky/kaldi/egs/timit/s5/mfcc/raw_mfcc_train.7.ark:1032694
FDTD0_SX121 /home/sky/kaldi/egs/timit/s5/mfcc/raw_mfcc_train.1.ark:1069668
FPAC0_SX391 /home/sky/kaldi/egs/timit/s5/mfcc/raw_mfcc_train.3.ark:151137
MTAT0_SX30 /home/sky/kaldi/egs/timit/s5/mfcc/raw_mfcc_train.10.ark:130472
MPPC0_SX422 /home/sky/kaldi/egs/timit/s5/mfcc/raw_mfcc_train.8.ark:752338
FSJG0_SX130 /home/sky/kaldi/egs/timit/s5/mfcc/raw_mfcc_train.3.ark:732794
MRGM0_SX262 /home/sky/kaldi/egs/timit/s5/mfcc/raw_mfcc_train.8.ark:1500683
MCLM0_SX196 /home/sky/kaldi/egs/timit/s5/mfcc/raw_mfcc_train.4.ark:1015647
MSMC0_SI1907 /home/sky/kaldi/egs/timit/s5/mfcc/raw_mfcc_train.9.ark:1340013
FKAA0_SX308 /home/sky/kaldi/egs/timit/s5/mfcc/raw_mfcc_train.2.ark:481342
MTAS0_SX125 /home/sky/kaldi/egs/timit/s5/mfcc/raw_mfcc_train.10.ark:92013
MRTJ0_SI2032 /home/sky/kaldi/egs/timit/s5/mfcc/raw_mfcc_train.9.ark:785845
FDMY0_SX297 /home/sky/kaldi/egs/timit/s5/mfcc/raw_mfcc_train.1.ark:1010735
FLTM0_SX440 /home/sky/kaldi/egs/timit/s5/mfcc/raw_mfcc_train.2.ark:1219931
FDAW0_SX326 /home/sky/kaldi/egs/timit/s5/mfcc/raw_mfcc_train.1.ark:840727
FTBW0_SX85 /home/sky/kaldi/egs/timit/s5/mfcc/raw_mfcc_train.3.ark:1273832
MTJU0_SX310 /home/sky/kaldi/egs/timit/s5/mfcc/raw_mfcc_train.10.ark:468211
MDMA0_SX170 /home/sky/kaldi/egs/timit/s5/mfcc/raw_mfcc_train.5.ark:471123
FSJK1_SX125 /home/sky/kaldi/egs/timit/s5/mfcc/raw_mfcc_train.3.ark:772111
MSAS0_SX296 /home/sky/kaldi/egs/timit/s5/mfcc/raw_mfcc_train.9.ark:999305
FSMA0_SX361 /home/sky/kaldi/egs/timit/s5/mfcc/raw_mfcc_train.3.ark:1005043
FSBK0_SX439 /home/sky/kaldi/egs/timit/s5/mfcc/raw_mfcc_train.3.ark:577245
FJHK0_SX122 /home/sky/kaldi/egs/timit/s5/mfcc/raw_mfcc_train.2.ark:108952
MCEW0_SX182 /home/sky/kaldi/egs/timit/s5/mfcc/raw_mfcc_train.4.ark:906977
MGAG0_SI645 /home/sky/kaldi/egs/timit/s5/mfcc/raw_mfcc_train.5.ark:1399067
FLHD0_SX174 /home/sky/kaldi/egs/timit/s5/mfcc/raw_mfcc_train.2.ark:909162
MAEB0_SX450 /home/sky/kaldi/egs/timit/s5/mfcc/raw_mfcc_train.4.ark:32153
MTMN0_SX254 /home/sky/kaldi/egs/timit/s5/mfcc/raw_mfcc_train.10.ark:667473
MREH1_SI1599 /home/sky/kaldi/egs/timit/s5/mfcc/raw_mfcc_train.8.ark:1314352
MDHL0_SI1439 /home/sky/kaldi/egs/timit/s5/mfcc/raw_mfcc_train.5.ark:69300
MCLK0_SX220 /home/sky/kaldi/egs/timit/s5/mfcc/raw_mfcc_train.4.ark:982408
MAFM0_SI1569 /home/sky/kaldi/egs/timit/s5/mfcc/raw_mfcc_train.4.ark:70692
FSSB0_SX92 /home/sky/kaldi/egs/timit/s5/mfcc/raw_mfcc_train.3.ark:1183351
MJHI0_SI1328 /home/sky/kaldi/egs/timit/s5/mfcc/raw_mfcc_train.6.ark:996233
MRJM0_SX238 /home/sky/kaldi/egs/timit/s5/mfcc/raw_mfcc_train.9.ark:169126
FSMA0_SI2251 /home/sky/kaldi/egs/timit/s5/mfcc/raw_mfcc_train.3.ark:986282
MDCD0_SX155 /home/sky/kaldi/egs/timit/s5/mfcc/raw_mfcc_train.4.ark:1357105
MDLB0_SI1936 /home/sky/kaldi/egs/timit/s5/mfcc/raw_mfcc_train.5.ark:202852
MMWB0_SX359 /home/sky/kaldi/egs/timit/s5/mfcc/raw_mfcc_train.8.ark:324803
MKAJ0_SX64 /home/sky/kaldi/egs/timit/s5/mfcc/raw_mfcc_train.7.ark:445970
MBML0_SX89 /home/sky/kaldi/egs/timit/s5/mfcc/raw_mfcc_train.4.ark:566586
MJPM0_SI1998 /home/sky/kaldi/egs/timit/s5/mfcc/raw_mfcc_train.6.ark:1379842
MJAE0_SX264 /home/sky/kaldi/egs/timit/s5/mfcc/raw_mfcc_train.6.ark:584473
FSPM0_SI1241 /home/sky/kaldi/egs/timit/s5/mfcc/raw_mfcc_train.3.ark:1085752
MSES0_SX419 /home/sky/kaldi/egs/timit/s5/mfcc/raw_mfcc_train.9.ark:1223478
FVKB0_SX169 /home/sky/kaldi/egs/timit/s5/mfcc/raw_mfcc_train.3.ark:1382141
FDML0_SX429 /home/sky/kaldi/egs/timit/s5/mfcc/raw_mfcc_train.1.ark:968352
FLJA0_SX358 /home/sky/kaldi/egs/timit/s5/mfcc/raw_mfcc_train.2.ark:952147
FSKL0_SX89 /home/sky/kaldi/egs/timit/s5/mfcc/raw_mfcc_train.3.ark:917316
MWRP0_SI2073 /home/sky/kaldi/egs/timit/s5/mfcc/raw_mfcc_train.10.ark:1391914
MJJM0_SI827 /home/sky/kaldi/egs/timit/s5/mfcc/raw_mfcc_train.6.ark:1109545
MBAR0_SX59 /home/sky/kaldi/egs/timit/s5/mfcc/raw_mfcc_train.4.ark:320976
MRJH0_SX169 /home/sky/kaldi/egs/timit/s5/mfcc/raw_mfcc_train.9.ark:130035
MDPK0_SI1053 /home/sky/kaldi/egs/timit/s5/mfcc/raw_mfcc_train.5.ark:593724
MMAB1_SX324 /home/sky/kaldi/egs/timit/s5/mfcc/raw_mfcc_train.7.ark:1128915
FCMM0_SX420 /home/sky/kaldi/egs/timit/s5/mfcc/raw_mfcc_train.1.ark:711090
MJDM0_SI974 /home/sky/kaldi/egs/timit/s5/mfcc/raw_mfcc_train.6.ark:809408
MTAB0_SI942 /home/sky/kaldi/egs/timit/s5/mfcc/raw_mfcc_train.10.ark:54106
MMGG0_SI1709 /home/sky/kaldi/egs/timit/s5/mfcc/raw_mfcc_train.8.ark:46338
MCEF0_SX55 /home/sky/kaldi/egs/timit/s5/mfcc/raw_mfcc_train.4.ark:886212
FMKC0_SX82 /home/sky/kaldi/egs/timit/s5/mfcc/raw_mfcc_train.2.ark:1458820
MSEM1_SX180 /home/sky/kaldi/egs/timit/s5/mfcc/raw_mfcc_train.9.ark:1178991
MRLR0_SX26 /home/sky/kaldi/egs/timit/s5/mfcc/raw_mfcc_train.9.ark:433461
MDSS1_SX157 /home/sky/kaldi/egs/timit/s5/mfcc/raw_mfcc_train.5.ark:759690
MRJM0_SX58 /home/sky/kaldi/egs/timit/s5/mfcc/raw_mfcc_train.9.ark:181639
FSAK0_SX310 /home/sky/kaldi/egs/timit/s5/mfcc/raw_mfcc_train.3.ark:539623
FSAH0_SI614 /home/sky/kaldi/egs/timit/s5/mfcc/raw_mfcc_train.3.ark:493252
FBMH0_SX56 /home/sky/kaldi/egs/timit/s5/mfcc/raw_mfcc_train.1.ark:370570
FLMA0_SX433 /home/sky/kaldi/egs/timit/s5/mfcc/raw_mfcc_train.2.ark:1092976
MRTC0_SX198 /home/sky/kaldi/egs/timit/s5/mfcc/raw_mfcc_train.9.ark:768590
FGMB0_SX335 /home/sky/kaldi/egs/timit/s5/mfcc/raw_mfcc_train.1.ark:1456450
MMAG0_SX316 /home/sky/kaldi/egs/timit/s5/mfcc/raw_mfcc_train.7.ark:1167595
MKLS1_SI915 /home/sky/kaldi/egs/timit/s5/mfcc/raw_mfcc_train.7.ark:748822
MMXS0_SX426 /home/sky/kaldi/egs/timit/s5/mfcc/raw_mfcc_train.8.ark:421764
MRPC1_SI2026 /home/sky/kaldi/egs/timit/s5/mfcc/raw_mfcc_train.9.ark:610774
FMEM0_SI1377 /home/sky/kaldi/egs/timit/s5/mfcc/raw_mfcc_train.2.ark:1291532
MRDM0_SX65 /home/sky/kaldi/egs/timit/s5/mfcc/raw_mfcc_train.8.ark:1250048
MSAH1_SX329 /home/sky/kaldi/egs/timit/s5/mfcc/raw_mfcc_train.9.ark:959241
MTML0_SX255 /home/sky/kaldi/egs/timit/s5/mfcc/raw_mfcc_train.10.ark:629118
MTCS0_SI712 /home/sky/kaldi/egs/timit/s5/mfcc/raw_mfcc_train.10.ark:213108
FHLM0_SX210 /home/sky/kaldi/egs/timit/s5/mfcc/raw_mfcc_train.1.ark:1523261
MABC0_SI2041 /home/sky/kaldi/egs/timit/s5/mfcc/raw_mfcc_train.3.ark:1437322
MTQC0_SI2071 /home/sky/kaldi/egs/timit/s5/mfcc/raw_mfcc_train.10.ark:848637
MAKR0_SX272 /home/sky/kaldi/egs/timit/s5/mfcc/raw_mfcc_train.4.ark:184319
MRKM0_SX187 /home/sky/kaldi/egs/timit/s5/mfcc/raw_mfcc_train.9.ark:272913
FEME0_SX65 /home/sky/kaldi/egs/timit/s5/mfcc/raw_mfcc_train.1.ark:1291376
MDEM0_SI800 /home/sky/kaldi/egs/timit/s5/mfcc/raw_mfcc_train.5.ark:39085
FLMK0_SX45 /home/sky/kaldi/egs/timit/s5/mfcc/raw_mfcc_train.2.ark:1161048
MAPV0_SX213 /home/sky/kaldi/egs/timit/s5/mfcc/raw_mfcc_train.4.ark:217695
FSDJ0_SI1115 /home/sky/kaldi/egs/timit/s5/mfcc/raw_mfcc_train.3.ark:655932
MJFH0_SI1737 /home/sky/kaldi/egs/timit/s5/mfcc/raw_mfcc_train.6.ark:938160
MJMM0_SI1255 /home/sky/kaldi/egs/timit/s5/mfcc/raw_mfcc_train.6.ark:1316280
MBCG0_SI486 /home/sky/kaldi/egs/timit/s5/mfcc/raw_mfcc_train.4.ark:357566
FLOD0_SX207 /home/sky/kaldi/egs/timit/s5/mfcc/raw_mfcc_train.2.ark:1185220
MMJB1_SX58 /home/sky/kaldi/egs/timit/s5/mfcc/raw_mfcc_train.8.ark:126678
FTLG0_SI840 /home/sky/kaldi/egs/timit/s5/mfcc/raw_mfcc_train.3.ark:1289688
MSDH0_SX260 /home/sky/kaldi/egs/timit/s5/mfcc/raw_mfcc_train.9.ark:1102105
MPSW0_SI1067 /home/sky/kaldi/egs/timit/s5/mfcc/raw_mfcc_train.8.ark:903067
FRLL0_SX434 /home/sky/kaldi/egs/timit/s5/mfcc/raw_mfcc_train.3.ark:439879
MPRD0_SX441 /home/sky/kaldi/egs/timit/s5/mfcc/raw_mfcc_train.8.ark:827618
MJDG0_SX142 /home/sky/kaldi/egs/timit/s5/mfcc/raw_mfcc_train.6.ark:781226
FSMA0_SX91 /home/sky/kaldi/egs/timit/s5/mfcc/raw_mfcc_train.3.ark:1014949
MDCM0_SX220 /home/sky/kaldi/egs/timit/s5/mfcc/raw_mfcc_train.4.ark:1392750
MTER0_SX437 /home/sky/kaldi/egs/timit/s5/mfcc/raw_mfcc_train.10.ark:337223
MRAM0_SX375 /home/sky/kaldi/egs/timit/s5/mfcc/raw_mfcc_train.8.ark:1057239
MMAM0_SI1668 /home/sky/kaldi/egs/timit/s5/mfcc/raw_mfcc_train.7.ark:1185226
MPRB0_SI575 /home/sky/kaldi/egs/timit/s5/mfcc/raw_mfcc_train.8.ark:770580
MPRT0_SX310 /home/sky/kaldi/egs/timit/s5/mfcc/raw_mfcc_train.8.ark:892776
MTAT0_SI811 /home/sky/kaldi/egs/timit/s5/mfcc/raw_mfcc_train.10.ark:117842
MBEF0_SX381 /home/sky/kaldi/egs/timit/s5/mfcc/raw_mfcc_train.4.ark:408065
FTLG0_SI1743 /home/sky/kaldi/egs/timit/s5/mfcc/raw_mfcc_train.3.ark:1277103
FKSR0_SX366 /home/sky/kaldi/egs/timit/s5/mfcc/raw_mfcc_train.2.ark:755606
FSRH0_SI1719 /home/sky/kaldi/egs/timit/s5/mfcc/raw_mfcc_train.3.ark:1121325
MRTC0_SI2088 /home/sky/kaldi/egs/timit/s5/mfcc/raw_mfcc_train.9.ark:751806
FMJF0_SI624 /home/sky/kaldi/egs/timit/s5/mfcc/raw_mfcc_train.2.ark:1366865
FMKC0_SX442 /home/sky/kaldi/egs/timit/s5/mfcc/raw_mfcc_train.2.ark:1454602
MLSH0_SX67 /home/sky/kaldi/egs/timit/s5/mfcc/raw_mfcc_train.7.ark:1069898
FREH0_SI1945 /home/sky/kaldi/egs/timit/s5/mfcc/raw_mfcc_train.3.ark:360937
MNTW0_SX202 /home/sky/kaldi/egs/timit/s5/mfcc/raw_mfcc_train.8.ark:477074
MDCD0_SI2045 /home/sky/kaldi/egs/timit/s5/mfcc/raw_mfcc_train.4.ark:1347887
MTKD0_SI630 /home/sky/kaldi/egs/timit/s5/mfcc/raw_mfcc_train.10.ark:488072
MWAC0_SX251 /home/sky/kaldi/egs/timit/s5/mfcc/raw_mfcc_train.10.ark:1149510
FSPM0_SX431 /home/sky/kaldi/egs/timit/s5/mfcc/raw_mfcc_train.3.ark:1114577
FKAA0_SI1208 /home/sky/kaldi/egs/timit/s5/mfcc/raw_mfcc_train.2.ark:460636
FMKF0_SI1018 /home/sky/kaldi/egs/timit/s5/mfcc/raw_mfcc_train.2.ark:1462637
FSKP0_SI1728 /home/sky/kaldi/egs/timit/s5/mfcc/raw_mfcc_train.3.ark:926835
MJLS0_SX286 /home/sky/kaldi/egs/timit/s5/mfcc/raw_mfcc_train.6.ark:1248433
MCRE0_SI1751 /home/sky/kaldi/egs/timit/s5/mfcc/raw_mfcc_train.4.ark:1062529
MBSB0_SX273 /home/sky/kaldi/egs/timit/s5/mfcc/raw_mfcc_train.4.ark:612403
FJSK0_SX152 /home/sky/kaldi/egs/timit/s5/mfcc/raw_mfcc_train.2.ark:310393
MSTF0_SX316 /home/sky/kaldi/egs/timit/s5/mfcc/raw_mfcc_train.9.ark:1522123
FSMS1_SX154 /home/sky/kaldi/egs/timit/s5/mfcc/raw_mfcc_train.3.ark:1065658
FKDW0_SX127 /home/sky/kaldi/egs/timit/s5/mfcc/raw_mfcc_train.2.ark:549043
MSRG0_SX411 /home/sky/kaldi/egs/timit/s5/mfcc/raw_mfcc_train.9.ark:1460294
MBMA0_SX322 /home/sky/kaldi/egs/timit/s5/mfcc/raw_mfcc_train.4.ark:494621
MDWH0_SI665 /home/sky/kaldi/egs/timit/s5/mfcc/raw_mfcc_train.5.ark:844836
MAEB0_SI990 /home/sky/kaldi/egs/timit/s5/mfcc/raw_mfcc_train.4.ark:16759
MBAR0_SX149 /home/sky/kaldi/egs/timit/s5/mfcc/raw_mfcc_train.4.ark:303425
FCKE0_SI481 /home/sky/kaldi/egs/timit/s5/mfcc/raw_mfcc_train.1.ark:600572
MRJM0_SI1858 /home/sky/kaldi/egs/timit/s5/mfcc/raw_mfcc_train.9.ark:160025
FLEH0_SX151 /home/sky/kaldi/egs/timit/s5/mfcc/raw_mfcc_train.2.ark:847349
MBSB0_SX93 /home/sky/kaldi/egs/timit/s5/mfcc/raw_mfcc_train.4.ark:619727
MJDG0_SX412 /home/sky/kaldi/egs/timit/s5/mfcc/raw_mfcc_train.6.ark:793025
MTMT0_SX38 /home/sky/kaldi/egs/timit/s5/mfcc/raw_mfcc_train.10.ark:704619
MKAJ0_SI2044 /home/sky/kaldi/egs/timit/s5/mfcc/raw_mfcc_train.7.ark:424050
FGMB0_SX425 /home/sky/kaldi/egs/timit/s5/mfcc/raw_mfcc_train.1.ark:1463126
FREH0_SX415 /home/sky/kaldi/egs/timit/s5/mfcc/raw_mfcc_train.3.ark:378574
FHLM0_SI930 /home/sky/kaldi/egs/timit/s5/mfcc/raw_mfcc_train.1.ark:1513796
MJFH0_SX207 /home/sky/kaldi/egs/timit/s5/mfcc/raw_mfcc_train.6.ark:949712
FDML0_SX339 /home/sky/kaldi/egs/timit/s5/mfcc/raw_mfcc_train.1.ark:964913
MCAE0_SI2077 /home/sky/kaldi/egs/timit/s5/mfcc/raw_mfcc_train.4.ark:697947
MTAB0_SX222 /home/sky/kaldi/egs/timit/s5/mfcc/raw_mfcc_train.10.ark:64000
MRKM0_SX97 /home/sky/kaldi/egs/timit/s5/mfcc/raw_mfcc_train.9.ark:290748
MPGH0_SI924 /home/sky/kaldi/egs/timit/s5/mfcc/raw_mfcc_train.8.ark:594456
MDLM0_SI1864 /home/sky/kaldi/egs/timit/s5/mfcc/raw_mfcc_train.5.ark:366612
MMAA0_SI2105 /home/sky/kaldi/egs/timit/s5/mfcc/raw_mfcc_train.7.ark:1080704
FCAJ0_SX219 /home/sky/kaldi/egs/timit/s5/mfcc/raw_mfcc_train.1.ark:452881
MFRM0_SI1155 /home/sky/kaldi/egs/timit/s5/mfcc/raw_mfcc_train.5.ark:1241082
FSJG0_SI1570 /home/sky/kaldi/egs/timit/s5/mfcc/raw_mfcc_train.3.ark:716561
FSCN0_SI705 /home/sky/kaldi/egs/timit/s5/mfcc/raw_mfcc_train.3.ark:595200
FDML0_SI1779 /home/sky/kaldi/egs/timit/s5/mfcc/raw_mfcc_train.1.ark:952768
FPJF0_SX326 /home/sky/kaldi/egs/timit/s5/mfcc/raw_mfcc_train.3.ark:276426
MEJS0_SI1870 /home/sky/kaldi/egs/timit/s5/mfcc/raw_mfcc_train.5.ark:1064925
MCTM0_SX270 /home/sky/kaldi/egs/timit/s5/mfcc/raw_mfcc_train.4.ark:1170313
MDSJ0_SX438 /home/sky/kaldi/egs/timit/s5/mfcc/raw_mfcc_train.5.ark:716560
MDAC0_SX181 /home/sky/kaldi/egs/timit/s5/mfcc/raw_mfcc_train.4.ark:1229557
MRJM0_SX328 /home/sky/kaldi/egs/timit/s5/mfcc/raw_mfcc_train.9.ark:172617
MDEM0_SX428 /home/sky/kaldi/egs/timit/s5/mfcc/raw_mfcc_train.5.ark:59042
MTQC0_SX451 /home/sky/kaldi/egs/timit/s5/mfcc/raw_mfcc_train.10.ark:871097
MTER0_SX77 /home/sky/kaldi/egs/timit/s5/mfcc/raw_mfcc_train.10.ark:342663
FBLV0_SI1688 /home/sky/kaldi/egs/timit/s5/mfcc/raw_mfcc_train.1.ark:311854
MREW1_SX240 /home/sky/kaldi/egs/timit/s5/mfcc/raw_mfcc_train.8.ark:1397109
MFMC0_SI502 /home/sky/kaldi/egs/timit/s5/mfcc/raw_mfcc_train.5.ark:1215521
MGRP0_SI1947 /home/sky/kaldi/egs/timit/s5/mfcc/raw_mfcc_train.6.ark:155668
MRSO0_SI1206 /home/sky/kaldi/egs/timit/s5/mfcc/raw_mfcc_train.9.ark:672240
MWSB0_SI1626 /home/sky/kaldi/egs/timit/s5/mfcc/raw_mfcc_train.10.ark:1414730
MGAW0_SX355 /home/sky/kaldi/egs/timit/s5/mfcc/raw_mfcc_train.6.ark:46696
FEAC0_SX165 /home/sky/kaldi/egs/timit/s5/mfcc/raw_mfcc_train.1.ark:1134068
FBAS0_SX127 /home/sky/kaldi/egs/timit/s5/mfcc/raw_mfcc_train.1.ark:191014
FTBW0_SI715 /home/sky/kaldi/egs/timit/s5/mfcc/raw_mfcc_train.3.ark:1251672
MRLJ0_SX160 /home/sky/kaldi/egs/timit/s5/mfcc/raw_mfcc_train.9.ark:334580
MJDA0_SX131 /home/sky/kaldi/egs/timit/s5/mfcc/raw_mfcc_train.6.ark:677211
MBWP0_SI1531 /home/sky/kaldi/egs/timit/s5/mfcc/raw_mfcc_train.4.ark:656841
FMJF0_SX264 /home/sky/kaldi/egs/timit/s5/mfcc/raw_mfcc_train.2.ark:1378345
MDEF0_SX393 /home/sky/kaldi/egs/timit/s5/mfcc/raw_mfcc_train.5.ark:26934
MESG0_SX432 /home/sky/kaldi/egs/timit/s5/mfcc/raw_mfcc_train.5.ark:1115470
MJJJ0_SI1163 /home/sky/kaldi/egs/timit/s5/mfcc/raw_mfcc_train.6.ark:1061568
MMJB1_SX418 /home/sky/kaldi/egs/timit/s5/mfcc/raw_mfcc_train.8.ark:122187
FLMK0_SI1229 /home/sky/kaldi/egs/timit/s5/mfcc/raw_mfcc_train.2.ark:1136735
MEJS0_SX340 /home/sky/kaldi/egs/timit/s5/mfcc/raw_mfcc_train.5.ark:1080826
MLBC0_SX339 /home/sky/kaldi/egs/timit/s5/mfcc/raw_mfcc_train.7.ark:888393
FNTB0_SX213 /home/sky/kaldi/egs/timit/s5/mfcc/raw_mfcc_train.3.ark:68856
MDLC0_SX45 /home/sky/kaldi/egs/timit/s5/mfcc/raw_mfcc_train.5.ark:264349
MRSO0_SI2289 /home/sky/kaldi/egs/timit/s5/mfcc/raw_mfcc_train.9.ark:684528
MRAB0_SX54 /home/sky/kaldi/egs/timit/s5/mfcc/raw_mfcc_train.8.ark:957266
MDPS0_SI1979 /home/sky/kaldi/egs/timit/s5/mfcc/raw_mfcc_train.5.ark:625470
MTJU0_SX130 /home/sky/kaldi/egs/timit/s5/mfcc/raw_mfcc_train.10.ark:460358
MJSR0_SX344 /home/sky/kaldi/egs/timit/s5/mfcc/raw_mfcc_train.7.ark:167823
MJDE0_SX400 /home/sky/kaldi/egs/timit/s5/mfcc/raw_mfcc_train.6.ark:764399
MKAG0_SX259 /home/sky/kaldi/egs/timit/s5/mfcc/raw_mfcc_train.7.ark:372712
FLTM0_SI2330 /home/sky/kaldi/egs/timit/s5/mfcc/raw_mfcc_train.2.ark:1200676
FMPG0_SI2232 /home/sky/kaldi/egs/timit/s5/mfcc/raw_mfcc_train.2.ark:1533631
MLBC0_SX249 /home/sky/kaldi/egs/timit/s5/mfcc/raw_mfcc_train.7.ark:885175
MHXL0_SX422 /home/sky/kaldi/egs/timit/s5/mfcc/raw_mfcc_train.6.ark:497673
MDLC0_SX405 /home/sky/kaldi/egs/timit/s5/mfcc/raw_mfcc_train.5.ark:260534
MKAG0_SX30 /home/sky/kaldi/egs/timit/s5/mfcc/raw_mfcc_train.7.ark:377021
MDHS0_SX360 /home/sky/kaldi/egs/timit/s5/mfcc/raw_mfcc_train.5.ark:120431
MDDC0_SX159 /home/sky/kaldi/egs/timit/s5/mfcc/raw_mfcc_train.4.ark:1420243
MJDA0_SI1661 /home/sky/kaldi/egs/timit/s5/mfcc/raw_mfcc_train.6.ark:669708
FTBW0_SI1975 /home/sky/kaldi/egs/timit/s5/mfcc/raw_mfcc_train.3.ark:1248129
MAEO0_SX336 /home/sky/kaldi/egs/timit/s5/mfcc/raw_mfcc_train.4.ark:57853
MPRK0_SX107 /home/sky/kaldi/egs/timit/s5/mfcc/raw_mfcc_train.8.ark:852029
MMEA0_SI2018 /home/sky/kaldi/egs/timit/s5/mfcc/raw_mfcc_train.7.ark:1477005
FMJB0_SX277 /home/sky/kaldi/egs/timit/s5/mfcc/raw_mfcc_train.2.ark:1346115
MTPF0_SI605 /home/sky/kaldi/egs/timit/s5/mfcc/raw_mfcc_train.10.ark:720470
FMMH0_SX367 /home/sky/kaldi/egs/timit/s5/mfcc/raw_mfcc_train.2.ark:1513551
FJEN0_SX147 /home/sky/kaldi/egs/timit/s5/mfcc/raw_mfcc_train.2.ark:72247
MRJT0_SI1805 /home/sky/kaldi/egs/timit/s5/mfcc/raw_mfcc_train.9.ark:223741
MDTB0_SX390 /home/sky/kaldi/egs/timit/s5/mfcc/raw_mfcc_train.5.ark:801882
MJRP0_SI585 /home/sky/kaldi/egs/timit/s5/mfcc/raw_mfcc_train.7.ark:118878
MMVP0_SX204 /home/sky/kaldi/egs/timit/s5/mfcc/raw_mfcc_train.8.ark:280889
MKXL0_SX195 /home/sky/kaldi/egs/timit/s5/mfcc/raw_mfcc_train.7.ark:858175
FDML0_SI2075 /home/sky/kaldi/egs/timit/s5/mfcc/raw_mfcc_train.1.ark:956169
MHIT0_SX263 /home/sky/kaldi/egs/timit/s5/mfcc/raw_mfcc_train.6.ark:338735
MJLG1_SX22 /home/sky/kaldi/egs/timit/s5/mfcc/raw_mfcc_train.6.ark:1213061
MJRK0_SI1662 /home/sky/kaldi/egs/timit/s5/mfcc/raw_mfcc_train.7.ark:81561
MJBG0_SI1862 /home/sky/kaldi/egs/timit/s5/mfcc/raw_mfcc_train.6.ark:641786
MGXP0_SX7 /home/sky/kaldi/egs/timit/s5/mfcc/raw_mfcc_train.6.ark:283970
FHXS0_SX85 /home/sky/kaldi/egs/timit/s5/mfcc/raw_mfcc_train.2.ark:20522
MPGR0_SX330 /home/sky/kaldi/egs/timit/s5/mfcc/raw_mfcc_train.8.ark:628646
FMJF0_SI1254 /home/sky/kaldi/egs/timit/s5/mfcc/raw_mfcc_train.2.ark:1360948
MBWP0_SX349 /home/sky/kaldi/egs/timit/s5/mfcc/raw_mfcc_train.4.ark:675792
MCDR0_SI1784 /home/sky/kaldi/egs/timit/s5/mfcc/raw_mfcc_train.4.ark:828563
FLAC0_SX361 /home/sky/kaldi/egs/timit/s5/mfcc/raw_mfcc_train.2.ark:786772
MDLB0_SX406 /home/sky/kaldi/egs/timit/s5/mfcc/raw_mfcc_train.5.ark:224415
FBCH0_SX326 /home/sky/kaldi/egs/timit/s5/mfcc/raw_mfcc_train.1.ark:261393
MRJT0_SX58 /home/sky/kaldi/egs/timit/s5/mfcc/raw_mfcc_train.9.ark:248001
MDAS0_SX96 /home/sky/kaldi/egs/timit/s5/mfcc/raw_mfcc_train.4.ark:1275853
FLAG0_SX294 /home/sky/kaldi/egs/timit/s5/mfcc/raw_mfcc_train.2.ark:826654
FBJL0_SX292 /home/sky/kaldi/egs/timit/s5/mfcc/raw_mfcc_train.1.ark:298402
MDLH0_SI1960 /home/sky/kaldi/egs/timit/s5/mfcc/raw_mfcc_train.5.ark:328211
MARW0_SX106 /home/sky/kaldi/egs/timit/s5/mfcc/raw_mfcc_train.4.ark:267878
MTPR0_SX340 /home/sky/kaldi/egs/timit/s5/mfcc/raw_mfcc_train.10.ark:826638
MSAH1_SI1049 /home/sky/kaldi/egs/timit/s5/mfcc/raw_mfcc_train.9.ark:943019
MSJK0_SI966 /home/sky/kaldi/egs/timit/s5/mfcc/raw_mfcc_train.9.ark:1314621
FBCH0_SI1586 /home/sky/kaldi/egs/timit/s5/mfcc/raw_mfcc_train.1.ark:239050
MSDS0_SX87 /home/sky/kaldi/egs/timit/s5/mfcc/raw_mfcc_train.9.ark:1154443
MPGR1_SI2129 /home/sky/kaldi/egs/timit/s5/mfcc/raw_mfcc_train.8.ark:649847
MJWG0_SX265 /home/sky/kaldi/egs/timit/s5/mfcc/raw_mfcc_train.7.ark:204376
FLJA0_SX268 /home/sky/kaldi/egs/timit/s5/mfcc/raw_mfcc_train.2.ark:947135
FCEG0_SI618 /home/sky/kaldi/egs/timit/s5/mfcc/raw_mfcc_train.1.ark:516395
FGCS0_SX226 /home/sky/kaldi/egs/timit/s5/mfcc/raw_mfcc_train.1.ark:1380422
FSPM0_SX251 /home/sky/kaldi/egs/timit/s5/mfcc/raw_mfcc_train.3.ark:1104436
MLJC0_SI1225 /home/sky/kaldi/egs/timit/s5/mfcc/raw_mfcc_train.7.ark:936272
MDLC0_SI765 /home/sky/kaldi/egs/timit/s5/mfcc/raw_mfcc_train.5.ark:246141
MJJM0_SX107 /home/sky/kaldi/egs/timit/s5/mfcc/raw_mfcc_train.6.ark:1113829
MDEM0_SI1868 /home/sky/kaldi/egs/timit/s5/mfcc/raw_mfcc_train.5.ark:29698
FSJS0_SX451 /home/sky/kaldi/egs/timit/s5/mfcc/raw_mfcc_train.3.ark:814959
MLJC0_SX235 /home/sky/kaldi/egs/timit/s5/mfcc/raw_mfcc_train.7.ark:953838
FGRW0_SX162 /home/sky/kaldi/egs/timit/s5/mfcc/raw_mfcc_train.1.ark:1484925
MJPG0_SX291 /home/sky/kaldi/egs/timit/s5/mfcc/raw_mfcc_train.6.ark:1368457
MAKB0_SX206 /home/sky/kaldi/egs/timit/s5/mfcc/raw_mfcc_train.4.ark:158223
MMPM0_SI2321 /home/sky/kaldi/egs/timit/s5/mfcc/raw_mfcc_train.8.ark:166253
MRWA0_SX433 /home/sky/kaldi/egs/timit/s5/mfcc/raw_mfcc_train.9.ark:873627
MPEB0_SX240 /home/sky/kaldi/egs/timit/s5/mfcc/raw_mfcc_train.8.ark:533530
MTRC0_SI589 /home/sky/kaldi/egs/timit/s5/mfcc/raw_mfcc_train.10.ark:885483
MDSS0_SX441 /home/sky/kaldi/egs/timit/s5/mfcc/raw_mfcc_train.5.ark:741675
MTJM0_SI655 /home/sky/kaldi/egs/timit/s5/mfcc/raw_mfcc_train.10.ark:388256
FSSB0_SI1712 /home/sky/kaldi/egs/timit/s5/mfcc/raw_mfcc_train.3.ark:1157517
FKLH0_SX357 /home/sky/kaldi/egs/timit/s5/mfcc/raw_mfcc_train.2.ark:723855
MGSL0_SI534 /home/sky/kaldi/egs/timit/s5/mfcc/raw_mfcc_train.6.ark:225121
MJDE0_SX310 /home/sky/kaldi/egs/timit/s5/mfcc/raw_mfcc_train.6.ark:754363
MNET0_SX6 /home/sky/kaldi/egs/timit/s5/mfcc/raw_mfcc_train.8.ark:451342
MRLK0_SI843 /home/sky/kaldi/egs/timit/s5/mfcc/raw_mfcc_train.9.ark:391407
FNKL0_SX442 /home/sky/kaldi/egs/timit/s5/mfcc/raw_mfcc_train.3.ark:43061
MMGC0_SX405 /home/sky/kaldi/egs/timit/s5/mfcc/raw_mfcc_train.8.ark:33498
MRBC0_SI599 /home/sky/kaldi/egs/timit/s5/mfcc/raw_mfcc_train.8.ark:1097321
MHMG0_SX15 /home/sky/kaldi/egs/timit/s5/mfcc/raw_mfcc_train.6.ark:395776
MJAI0_SX434 /home/sky/kaldi/egs/timit/s5/mfcc/raw_mfcc_train.6.ark:628769
MDWH0_SX125 /home/sky/kaldi/egs/timit/s5/mfcc/raw_mfcc_train.5.ark:851226
MKDB0_SI2132 /home/sky/kaldi/egs/timit/s5/mfcc/raw_mfcc_train.7.ark:483411
MFXS0_SX414 /home/sky/kaldi/egs/timit/s5/mfcc/raw_mfcc_train.5.ark:1325871
FSJS0_SI1801 /home/sky/kaldi/egs/timit/s5/mfcc/raw_mfcc_train.3.ark:792304
MDWH0_SI1168 /home/sky/kaldi/egs/timit/s5/mfcc/raw_mfcc_train.5.ark:835149
MLJH0_SI694 /home/sky/kaldi/egs/timit/s5/mfcc/raw_mfcc_train.7.ark:981948
MSRG0_SX141 /home/sky/kaldi/egs/timit/s5/mfcc/raw_mfcc_train.9.ark:1449821
MDPK0_SX423 /home/sky/kaldi/egs/timit/s5/mfcc/raw_mfcc_train.5.ark:615633
FJRP1_SX172 /home/sky/kaldi/egs/timit/s5/mfcc/raw_mfcc_train.2.ark:271387
FEAR0_SX262 /home/sky/kaldi/egs/timit/s5/mfcc/raw_mfcc_train.1.ark:1169102
FSDC0_SX142 /home/sky/kaldi/egs/timit/s5/mfcc/raw_mfcc_train.3.ark:637138
MFXS0_SX54 /home/sky/kaldi/egs/timit/s5/mfcc/raw_mfcc_train.5.ark:1329985
MPRD0_SX81 /home/sky/kaldi/egs/timit/s5/mfcc/raw_mfcc_train.8.ark:831446
MRCG0_SX258 /home/sky/kaldi/egs/timit/s5/mfcc/raw_mfcc_train.8.ark:1140292
FSMM0_SX144 /home/sky/kaldi/egs/timit/s5/mfcc/raw_mfcc_train.3.ark:1029890
FVMH0_SX296 /home/sky/kaldi/egs/timit/s5/mfcc/raw_mfcc_train.3.ark:1429564
MSAT0_SI896 /home/sky/kaldi/egs/timit/s5/mfcc/raw_mfcc_train.9.ark:1012868
MJWT0_SX31 /home/sky/kaldi/egs/timit/s5/mfcc/raw_mfcc_train.7.ark:283335
MREM0_SI511 /home/sky/kaldi/egs/timit/s5/mfcc/raw_mfcc_train.8.ark:1355821
MPAR0_SI2206 /home/sky/kaldi/egs/timit/s5/mfcc/raw_mfcc_train.8.ark:494946
MTKP0_SX213 /home/sky/kaldi/egs/timit/s5/mfcc/raw_mfcc_train.10.ark:535385
MTRR0_SI918 /home/sky/kaldi/egs/timit/s5/mfcc/raw_mfcc_train.10.ark:917267
FMMH0_SI2167 /home/sky/kaldi/egs/timit/s5/mfcc/raw_mfcc_train.2.ark:1501869
MNET0_SX276 /home/sky/kaldi/egs/timit/s5/mfcc/raw_mfcc_train.8.ark:443738
MRJM1_SI668 /home/sky/kaldi/egs/timit/s5/mfcc/raw_mfcc_train.9.ark:195897
MAEB0_SX180 /home/sky/kaldi/egs/timit/s5/mfcc/raw_mfcc_train.4.ark:21134
MRAB1_SX218 /home/sky/kaldi/egs/timit/s5/mfcc/raw_mfcc_train.8.ark:977960
MDKS0_SI2326 /home/sky/kaldi/egs/timit/s5/mfcc/raw_mfcc_train.5.ark:167377
MBEF0_SX201 /home/sky/kaldi/egs/timit/s5/mfcc/raw_mfcc_train.4.ark:399777
MDWM0_SX16 /home/sky/kaldi/egs/timit/s5/mfcc/raw_mfcc_train.5.ark:890068
FDFB0_SI2010 /home/sky/kaldi/egs/timit/s5/mfcc/raw_mfcc_train.1.ark:859614
FEME0_SX425 /home/sky/kaldi/egs/timit/s5/mfcc/raw_mfcc_train.1.ark:1287535
MDLC2_SX264 /home/sky/kaldi/egs/timit/s5/mfcc/raw_mfcc_train.5.ark:314078
MJMA0_SI2125 /home/sky/kaldi/egs/timit/s5/mfcc/raw_mfcc_train.6.ark:1261625
FBJL0_SX202 /home/sky/kaldi/egs/timit/s5/mfcc/raw_mfcc_train.1.ark:292266
FDXW0_SX341 /home/sky/kaldi/egs/timit/s5/mfcc/raw_mfcc_train.1.ark:1110729
MTAS0_SX35 /home/sky/kaldi/egs/timit/s5/mfcc/raw_mfcc_train.10.ark:101328
FKDE0_SI1141 /home/sky/kaldi/egs/timit/s5/mfcc/raw_mfcc_train.2.ark:496222
MDLR1_SX399 /home/sky/kaldi/egs/timit/s5/mfcc/raw_mfcc_train.5.ark:455882
FMJF0_SX174 /home/sky/kaldi/egs/timit/s5/mfcc/raw_mfcc_train.2.ark:1372579
