MRXB0_SI955 /home/sky/kaldi/egs/timit/s5/mfcc/raw_mfcc_train.9.ark:919057
MPRK0_SX107 /home/sky/kaldi/egs/timit/s5/mfcc/raw_mfcc_train.8.ark:852029
MJPG0_SX111 /home/sky/kaldi/egs/timit/s5/mfcc/raw_mfcc_train.6.ark:1359922
FLKM0_SX116 /home/sky/kaldi/egs/timit/s5/mfcc/raw_mfcc_train.2.ark:1048932
MCXM0_SI1351 /home/sky/kaldi/egs/timit/s5/mfcc/raw_mfcc_train.4.ark:1184251
MREH1_SI1599 /home/sky/kaldi/egs/timit/s5/mfcc/raw_mfcc_train.8.ark:1314352
MJRH1_SX424 /home/sky/kaldi/egs/timit/s5/mfcc/raw_mfcc_train.7.ark:74475
MTJG0_SX170 /home/sky/kaldi/egs/timit/s5/mfcc/raw_mfcc_train.10.ark:355979
MDCM0_SX130 /home/sky/kaldi/egs/timit/s5/mfcc/raw_mfcc_train.4.ark:1389259
FCDR1_SX376 /home/sky/kaldi/egs/timit/s5/mfcc/raw_mfcc_train.1.ark:505556
MJJM0_SI1251 /home/sky/kaldi/egs/timit/s5/mfcc/raw_mfcc_train.6.ark:1098194
FMKF0_SI1018 /home/sky/kaldi/egs/timit/s5/mfcc/raw_mfcc_train.2.ark:1462637
MTWH1_SX432 /home/sky/kaldi/egs/timit/s5/mfcc/raw_mfcc_train.10.ark:994382
MADC0_SI1997 /home/sky/kaldi/egs/timit/s5/mfcc/raw_mfcc_train.3.ark:1468683
MSAT1_SI1073 /home/sky/kaldi/egs/timit/s5/mfcc/raw_mfcc_train.9.ark:1031955
MHIT0_SI983 /home/sky/kaldi/egs/timit/s5/mfcc/raw_mfcc_train.6.ark:327684
MJPG0_SI561 /home/sky/kaldi/egs/timit/s5/mfcc/raw_mfcc_train.6.ark:1354962
FTBR0_SX381 /home/sky/kaldi/egs/timit/s5/mfcc/raw_mfcc_train.3.ark:1241730
FNTB0_SI573 /home/sky/kaldi/egs/timit/s5/mfcc/raw_mfcc_train.3.ark:54795
FSKC0_SX66 /home/sky/kaldi/egs/timit/s5/mfcc/raw_mfcc_train.3.ark:885201
MDBP0_SX438 /home/sky/kaldi/egs/timit/s5/mfcc/raw_mfcc_train.4.ark:1335203
MFMC0_SX232 /home/sky/kaldi/egs/timit/s5/mfcc/raw_mfcc_train.5.ark:1224336
FJRB0_SI672 /home/sky/kaldi/egs/timit/s5/mfcc/raw_mfcc_train.2.ark:232674
MARW0_SX349 /home/sky/kaldi/egs/timit/s5/mfcc/raw_mfcc_train.4.ark:281158
FDML0_SI1779 /home/sky/kaldi/egs/timit/s5/mfcc/raw_mfcc_train.1.ark:952768
MLBC0_SX339 /home/sky/kaldi/egs/timit/s5/mfcc/raw_mfcc_train.7.ark:888393
MAFM0_SX399 /home/sky/kaldi/egs/timit/s5/mfcc/raw_mfcc_train.4.ark:94362
FVFB0_SX222 /home/sky/kaldi/egs/timit/s5/mfcc/raw_mfcc_train.3.ark:1357755
MTLB0_SI1764 /home/sky/kaldi/egs/timit/s5/mfcc/raw_mfcc_train.10.ark:554661
MTRT0_SX417 /home/sky/kaldi/egs/timit/s5/mfcc/raw_mfcc_train.10.ark:965998
MJRH0_SI1755 /home/sky/kaldi/egs/timit/s5/mfcc/raw_mfcc_train.7.ark:20601
FLAG0_SX384 /home/sky/kaldi/egs/timit/s5/mfcc/raw_mfcc_train.2.ark:831237
MFRM0_SI1717 /home/sky/kaldi/egs/timit/s5/mfcc/raw_mfcc_train.5.ark:1246212
MHBS0_SI945 /home/sky/kaldi/egs/timit/s5/mfcc/raw_mfcc_train.6.ark:299066
FMJB0_SI547 /home/sky/kaldi/egs/timit/s5/mfcc/raw_mfcc_train.2.ark:1339055
MZMB0_SI1796 /home/sky/kaldi/egs/timit/s5/mfcc/raw_mfcc_train.10.ark:1486883
MCAE0_SX367 /home/sky/kaldi/egs/timit/s5/mfcc/raw_mfcc_train.4.ark:718281
MMEA0_SI1388 /home/sky/kaldi/egs/timit/s5/mfcc/raw_mfcc_train.7.ark:1472239
FJSK0_SX332 /home/sky/kaldi/egs/timit/s5/mfcc/raw_mfcc_train.2.ark:318402
FKLC0_SX265 /home/sky/kaldi/egs/timit/s5/mfcc/raw_mfcc_train.2.ark:655912
MMDB0_SI987 /home/sky/kaldi/egs/timit/s5/mfcc/raw_mfcc_train.7.ark:1324055
MDLR0_SI603 /home/sky/kaldi/egs/timit/s5/mfcc/raw_mfcc_train.5.ark:399215
MDKS0_SX166 /home/sky/kaldi/egs/timit/s5/mfcc/raw_mfcc_train.5.ark:171349
FLET0_SX417 /home/sky/kaldi/egs/timit/s5/mfcc/raw_mfcc_train.2.ark:891575
MMWS0_SX348 /home/sky/kaldi/egs/timit/s5/mfcc/raw_mfcc_train.8.ark:359751
MARC0_SI1188 /home/sky/kaldi/egs/timit/s5/mfcc/raw_mfcc_train.4.ark:231841
MJHI0_SI1328 /home/sky/kaldi/egs/timit/s5/mfcc/raw_mfcc_train.6.ark:996233
MVLO0_SX427 /home/sky/kaldi/egs/timit/s5/mfcc/raw_mfcc_train.10.ark:1094901
MMWB0_SX179 /home/sky/kaldi/egs/timit/s5/mfcc/raw_mfcc_train.8.ark:315546
MMSM0_SI476 /home/sky/kaldi/egs/timit/s5/mfcc/raw_mfcc_train.8.ark:235734
MMVP0_SI1284 /home/sky/kaldi/egs/timit/s5/mfcc/raw_mfcc_train.8.ark:260177
MTAT0_SX390 /home/sky/kaldi/egs/timit/s5/mfcc/raw_mfcc_train.10.ark:135959
FSJS0_SI1171 /home/sky/kaldi/egs/timit/s5/mfcc/raw_mfcc_train.3.ark:789293
MLBC0_SI1869 /home/sky/kaldi/egs/timit/s5/mfcc/raw_mfcc_train.7.ark:873454
FSMA0_SI1621 /home/sky/kaldi/egs/timit/s5/mfcc/raw_mfcc_train.3.ark:984116
MTWH1_SX252 /home/sky/kaldi/egs/timit/s5/mfcc/raw_mfcc_train.10.ark:987205
MRJM1_SX38 /home/sky/kaldi/egs/timit/s5/mfcc/raw_mfcc_train.9.ark:211368
MBJV0_SX347 /home/sky/kaldi/egs/timit/s5/mfcc/raw_mfcc_train.4.ark:463130
MKXL0_SX285 /home/sky/kaldi/egs/timit/s5/mfcc/raw_mfcc_train.7.ark:860886
FSDJ0_SX125 /home/sky/kaldi/egs/timit/s5/mfcc/raw_mfcc_train.3.ark:668005
FEAR0_SI622 /home/sky/kaldi/egs/timit/s5/mfcc/raw_mfcc_train.1.ark:1160703
MDPB0_SX146 /home/sky/kaldi/egs/timit/s5/mfcc/raw_mfcc_train.5.ark:575905
MBTH0_SI757 /home/sky/kaldi/egs/timit/s5/mfcc/raw_mfcc_train.4.ark:632788
MMPM0_SX251 /home/sky/kaldi/egs/timit/s5/mfcc/raw_mfcc_train.8.ark:175146
MDSS1_SX427 /home/sky/kaldi/egs/timit/s5/mfcc/raw_mfcc_train.5.ark:770657
MADC0_SX107 /home/sky/kaldi/egs/timit/s5/mfcc/raw_mfcc_train.3.ark:1479266
MWAC0_SX161 /home/sky/kaldi/egs/timit/s5/mfcc/raw_mfcc_train.10.ark:1143614
FDNC0_SX108 /home/sky/kaldi/egs/timit/s5/mfcc/raw_mfcc_train.1.ark:1035941
MDWM0_SI2176 /home/sky/kaldi/egs/timit/s5/mfcc/raw_mfcc_train.5.ark:877308
MFMC0_SX412 /home/sky/kaldi/egs/timit/s5/mfcc/raw_mfcc_train.5.ark:1232826
FLMC0_SX382 /home/sky/kaldi/egs/timit/s5/mfcc/raw_mfcc_train.2.ark:1128997
MSMR0_SI1405 /home/sky/kaldi/egs/timit/s5/mfcc/raw_mfcc_train.9.ark:1379870
MMGK0_SX242 /home/sky/kaldi/egs/timit/s5/mfcc/raw_mfcc_train.8.ark:84286
MFXS0_SX414 /home/sky/kaldi/egs/timit/s5/mfcc/raw_mfcc_train.5.ark:1325871
FJWB1_SI748 /home/sky/kaldi/egs/timit/s5/mfcc/raw_mfcc_train.2.ark:366691
MWSH0_SX256 /home/sky/kaldi/egs/timit/s5/mfcc/raw_mfcc_train.10.ark:1464240
MCHL0_SI1977 /home/sky/kaldi/egs/timit/s5/mfcc/raw_mfcc_train.4.ark:943103
MPMB0_SX421 /home/sky/kaldi/egs/timit/s5/mfcc/raw_mfcc_train.8.ark:713931
MKDD0_SI1567 /home/sky/kaldi/egs/timit/s5/mfcc/raw_mfcc_train.7.ark:515993
MRLR0_SI566 /home/sky/kaldi/egs/timit/s5/mfcc/raw_mfcc_train.9.ark:421793
MTLC0_SI1313 /home/sky/kaldi/egs/timit/s5/mfcc/raw_mfcc_train.10.ark:581685
FJHK0_SI2282 /home/sky/kaldi/egs/timit/s5/mfcc/raw_mfcc_train.2.ark:102510
MDEM0_SX248 /home/sky/kaldi/egs/timit/s5/mfcc/raw_mfcc_train.5.ark:49603
MJPG0_SI1821 /home/sky/kaldi/egs/timit/s5/mfcc/raw_mfcc_train.6.ark:1349560
MKAH0_SI1528 /home/sky/kaldi/egs/timit/s5/mfcc/raw_mfcc_train.7.ark:388456
MMWS0_SX168 /home/sky/kaldi/egs/timit/s5/mfcc/raw_mfcc_train.8.ark:352574
MNET0_SX6 /home/sky/kaldi/egs/timit/s5/mfcc/raw_mfcc_train.8.ark:451342
MEGJ0_SX437 /home/sky/kaldi/egs/timit/s5/mfcc/raw_mfcc_train.5.ark:1021127
FMPG0_SX252 /home/sky/kaldi/egs/timit/s5/mfcc/raw_mfcc_train.3.ark:12
MJXL0_SX92 /home/sky/kaldi/egs/timit/s5/mfcc/raw_mfcc_train.7.ark:349964
MMAM0_SX67 /home/sky/kaldi/egs/timit/s5/mfcc/raw_mfcc_train.7.ark:1204183
FBMH0_SI1136 /home/sky/kaldi/egs/timit/s5/mfcc/raw_mfcc_train.1.ark:342519
MJDG0_SX142 /home/sky/kaldi/egs/timit/s5/mfcc/raw_mfcc_train.6.ark:781226
FJXP0_SX402 /home/sky/kaldi/egs/timit/s5/mfcc/raw_mfcc_train.2.ark:453719
MRAB1_SI2108 /home/sky/kaldi/egs/timit/s5/mfcc/raw_mfcc_train.8.ark:965459
MJAE0_SX84 /home/sky/kaldi/egs/timit/s5/mfcc/raw_mfcc_train.6.ark:597272
MBGT0_SX351 /home/sky/kaldi/egs/timit/s5/mfcc/raw_mfcc_train.4.ark:432679
FKLC1_SX328 /home/sky/kaldi/egs/timit/s5/mfcc/raw_mfcc_train.2.ark:689751
MBOM0_SX114 /home/sky/kaldi/egs/timit/s5/mfcc/raw_mfcc_train.4.ark:580943
MTDP0_SX261 /home/sky/kaldi/egs/timit/s5/mfcc/raw_mfcc_train.10.ark:293668
FLMK0_SI2295 /home/sky/kaldi/egs/timit/s5/mfcc/raw_mfcc_train.2.ark:1142346
FRLL0_SX74 /home/sky/kaldi/egs/timit/s5/mfcc/raw_mfcc_train.3.ark:443057
MTMN0_SX344 /home/sky/kaldi/egs/timit/s5/mfcc/raw_mfcc_train.10.ark:670470
MJEE0_SX247 /home/sky/kaldi/egs/timit/s5/mfcc/raw_mfcc_train.6.ark:916882
FLHD0_SI1974 /home/sky/kaldi/egs/timit/s5/mfcc/raw_mfcc_train.2.ark:905138
MDLC1_SI2144 /home/sky/kaldi/egs/timit/s5/mfcc/raw_mfcc_train.5.ark:279817
MKDT0_SX173 /home/sky/kaldi/egs/timit/s5/mfcc/raw_mfcc_train.7.ark:561350
FHLM0_SI2190 /home/sky/kaldi/egs/timit/s5/mfcc/raw_mfcc_train.1.ark:1509889
MNET0_SX186 /home/sky/kaldi/egs/timit/s5/mfcc/raw_mfcc_train.8.ark:440715
FDAS1_SX381 /home/sky/kaldi/egs/timit/s5/mfcc/raw_mfcc_train.1.ark:814396
FLTM0_SX260 /home/sky/kaldi/egs/timit/s5/mfcc/raw_mfcc_train.2.ark:1209218
FKKH0_SX210 /home/sky/kaldi/egs/timit/s5/mfcc/raw_mfcc_train.2.ark:623459
MGRP0_SX57 /home/sky/kaldi/egs/timit/s5/mfcc/raw_mfcc_train.6.ark:181670
FMJF0_SI1884 /home/sky/kaldi/egs/timit/s5/mfcc/raw_mfcc_train.2.ark:1364128
MDPS0_SX179 /home/sky/kaldi/egs/timit/s5/mfcc/raw_mfcc_train.5.ark:633544
FHLM0_SX210 /home/sky/kaldi/egs/timit/s5/mfcc/raw_mfcc_train.1.ark:1523261
MCXM0_SX181 /home/sky/kaldi/egs/timit/s5/mfcc/raw_mfcc_train.4.ark:1196168
MMDS0_SX263 /home/sky/kaldi/egs/timit/s5/mfcc/raw_mfcc_train.7.ark:1459835
MJMD0_SX218 /home/sky/kaldi/egs/timit/s5/mfcc/raw_mfcc_train.6.ark:1301614
MLJH0_SI1324 /home/sky/kaldi/egs/timit/s5/mfcc/raw_mfcc_train.7.ark:968647
MMWS1_SX81 /home/sky/kaldi/egs/timit/s5/mfcc/raw_mfcc_train.8.ark:395285
MRTJ0_SX52 /home/sky/kaldi/egs/timit/s5/mfcc/raw_mfcc_train.9.ark:816683
MCDR0_SI1154 /home/sky/kaldi/egs/timit/s5/mfcc/raw_mfcc_train.4.ark:823290
MJEB0_SX206 /home/sky/kaldi/egs/timit/s5/mfcc/raw_mfcc_train.6.ark:853601
MDJM0_SI1455 /home/sky/kaldi/egs/timit/s5/mfcc/raw_mfcc_train.5.ark:130709
MDLB0_SX316 /home/sky/kaldi/egs/timit/s5/mfcc/raw_mfcc_train.5.ark:220105
MRGS0_SI1986 /home/sky/kaldi/egs/timit/s5/mfcc/raw_mfcc_train.9.ark:17038
MTJG0_SX260 /home/sky/kaldi/egs/timit/s5/mfcc/raw_mfcc_train.10.ark:361784
MMWB0_SX359 /home/sky/kaldi/egs/timit/s5/mfcc/raw_mfcc_train.8.ark:324803
MSRG0_SI1221 /home/sky/kaldi/egs/timit/s5/mfcc/raw_mfcc_train.9.ark:1437228
MMDM0_SX231 /home/sky/kaldi/egs/timit/s5/mfcc/raw_mfcc_train.7.ark:1397646
MPFU0_SX268 /home/sky/kaldi/egs/timit/s5/mfcc/raw_mfcc_train.8.ark:566555
FAEM0_SX222 /home/sky/kaldi/egs/timit/s5/mfcc/raw_mfcc_train.1.ark:16916
MSTF0_SI1396 /home/sky/kaldi/egs/timit/s5/mfcc/raw_mfcc_train.9.ark:1499936
MWAC0_SX431 /home/sky/kaldi/egs/timit/s5/mfcc/raw_mfcc_train.10.ark:1159898
FRLL0_SX164 /home/sky/kaldi/egs/timit/s5/mfcc/raw_mfcc_train.3.ark:429094
FJLG0_SX359 /home/sky/kaldi/egs/timit/s5/mfcc/raw_mfcc_train.2.ark:178254
FJXM0_SI1971 /home/sky/kaldi/egs/timit/s5/mfcc/raw_mfcc_train.2.ark:398078
MTLC0_SX397 /home/sky/kaldi/egs/timit/s5/mfcc/raw_mfcc_train.10.ark:607461
MSDH0_SX350 /home/sky/kaldi/egs/timit/s5/mfcc/raw_mfcc_train.9.ark:1106103
MTAB0_SX42 /home/sky/kaldi/egs/timit/s5/mfcc/raw_mfcc_train.10.ark:78762
MRJT0_SX328 /home/sky/kaldi/egs/timit/s5/mfcc/raw_mfcc_train.9.ark:238810
MJKR0_SX211 /home/sky/kaldi/egs/timit/s5/mfcc/raw_mfcc_train.6.ark:1149864
MTXS0_SX160 /home/sky/kaldi/egs/timit/s5/mfcc/raw_mfcc_train.10.ark:1016051
FBMH0_SX56 /home/sky/kaldi/egs/timit/s5/mfcc/raw_mfcc_train.1.ark:370570
FKSR0_SX161 /home/sky/kaldi/egs/timit/s5/mfcc/raw_mfcc_train.2.ark:747428
MDBP0_SX348 /home/sky/kaldi/egs/timit/s5/mfcc/raw_mfcc_train.4.ark:1330373
FTBW0_SI715 /home/sky/kaldi/egs/timit/s5/mfcc/raw_mfcc_train.3.ark:1251672
MREW1_SX150 /home/sky/kaldi/egs/timit/s5/mfcc/raw_mfcc_train.8.ark:1394034
MTPF0_SX155 /home/sky/kaldi/egs/timit/s5/mfcc/raw_mfcc_train.10.ark:725066
FSJK1_SI696 /home/sky/kaldi/egs/timit/s5/mfcc/raw_mfcc_train.3.ark:767411
MDWH0_SI1925 /home/sky/kaldi/egs/timit/s5/mfcc/raw_mfcc_train.5.ark:841787
MPGH0_SX24 /home/sky/kaldi/egs/timit/s5/mfcc/raw_mfcc_train.8.ark:603706
FCJF0_SI648 /home/sky/kaldi/egs/timit/s5/mfcc/raw_mfcc_train.1.ark:545117
MJDA0_SX41 /home/sky/kaldi/egs/timit/s5/mfcc/raw_mfcc_train.6.ark:691980
MAEO0_SI1655 /home/sky/kaldi/egs/timit/s5/mfcc/raw_mfcc_train.4.ark:44460
MPGR0_SX240 /home/sky/kaldi/egs/timit/s5/mfcc/raw_mfcc_train.8.ark:625103
MWAR0_SI1675 /home/sky/kaldi/egs/timit/s5/mfcc/raw_mfcc_train.10.ark:1200044
MRLJ1_SI2301 /home/sky/kaldi/egs/timit/s5/mfcc/raw_mfcc_train.9.ark:355566
MMLM0_SI897 /home/sky/kaldi/egs/timit/s5/mfcc/raw_mfcc_train.8.ark:138934
MHIT0_SX443 /home/sky/kaldi/egs/timit/s5/mfcc/raw_mfcc_train.6.ark:346042
MRFK0_SX86 /home/sky/kaldi/egs/timit/s5/mfcc/raw_mfcc_train.8.ark:1440269
MJPM1_SX41 /home/sky/kaldi/egs/timit/s5/mfcc/raw_mfcc_train.6.ark:1435151
FHXS0_SX175 /home/sky/kaldi/egs/timit/s5/mfcc/raw_mfcc_train.2.ark:3556
MDWH0_SX305 /home/sky/kaldi/egs/timit/s5/mfcc/raw_mfcc_train.5.ark:860028
FLMK0_SX315 /home/sky/kaldi/egs/timit/s5/mfcc/raw_mfcc_train.2.ark:1153599
MRDM0_SI1044 /home/sky/kaldi/egs/timit/s5/mfcc/raw_mfcc_train.8.ark:1221061
MWAR0_SI1045 /home/sky/kaldi/egs/timit/s5/mfcc/raw_mfcc_train.10.ark:1193731
MKXL0_SX105 /home/sky/kaldi/egs/timit/s5/mfcc/raw_mfcc_train.7.ark:851493
FCJS0_SI1607 /home/sky/kaldi/egs/timit/s5/mfcc/raw_mfcc_train.1.ark:562761
MRDM0_SX155 /home/sky/kaldi/egs/timit/s5/mfcc/raw_mfcc_train.8.ark:1233706
MZMB0_SI536 /home/sky/kaldi/egs/timit/s5/mfcc/raw_mfcc_train.10.ark:1489477
MCLK0_SI650 /home/sky/kaldi/egs/timit/s5/mfcc/raw_mfcc_train.4.ark:971500
MSES0_SI2216 /home/sky/kaldi/egs/timit/s5/mfcc/raw_mfcc_train.9.ark:1205580
FPAD0_SI1976 /home/sky/kaldi/egs/timit/s5/mfcc/raw_mfcc_train.3.ark:158979
MJJM0_SX287 /home/sky/kaldi/egs/timit/s5/mfcc/raw_mfcc_train.6.ark:1123040
MRDM0_SI965 /home/sky/kaldi/egs/timit/s5/mfcc/raw_mfcc_train.8.ark:1230020
MCDR0_SI524 /home/sky/kaldi/egs/timit/s5/mfcc/raw_mfcc_train.4.ark:835018
MKDT0_SX443 /home/sky/kaldi/egs/timit/s5/mfcc/raw_mfcc_train.7.ark:574280
FALR0_SI695 /home/sky/kaldi/egs/timit/s5/mfcc/raw_mfcc_train.1.ark:109381
FDTD0_SI1561 /home/sky/kaldi/egs/timit/s5/mfcc/raw_mfcc_train.1.ark:1057309
FBCG1_SX262 /home/sky/kaldi/egs/timit/s5/mfcc/raw_mfcc_train.1.ark:221576
MMEA0_SX38 /home/sky/kaldi/egs/timit/s5/mfcc/raw_mfcc_train.7.ark:1492951
MESG0_SX342 /home/sky/kaldi/egs/timit/s5/mfcc/raw_mfcc_train.5.ark:1110952
MBCG0_SX57 /home/sky/kaldi/egs/timit/s5/mfcc/raw_mfcc_train.4.ark:380825
MKLW0_SX131 /home/sky/kaldi/egs/timit/s5/mfcc/raw_mfcc_train.7.ark:783974
MKLS0_SI1437 /home/sky/kaldi/egs/timit/s5/mfcc/raw_mfcc_train.7.ark:705862
MMJB1_SI1408 /home/sky/kaldi/egs/timit/s5/mfcc/raw_mfcc_train.8.ark:97587
FLJD0_SX346 /home/sky/kaldi/egs/timit/s5/mfcc/raw_mfcc_train.2.ark:985848
FLJD0_SI886 /home/sky/kaldi/egs/timit/s5/mfcc/raw_mfcc_train.2.ark:974465
FTBW0_SI1975 /home/sky/kaldi/egs/timit/s5/mfcc/raw_mfcc_train.3.ark:1248129
FSAK0_SI670 /home/sky/kaldi/egs/timit/s5/mfcc/raw_mfcc_train.3.ark:528305
MDTB0_SX210 /home/sky/kaldi/egs/timit/s5/mfcc/raw_mfcc_train.5.ark:791643
MMAB1_SX324 /home/sky/kaldi/egs/timit/s5/mfcc/raw_mfcc_train.7.ark:1128915
FVFB0_SI1510 /home/sky/kaldi/egs/timit/s5/mfcc/raw_mfcc_train.3.ark:1346657
MJSR0_SX164 /home/sky/kaldi/egs/timit/s5/mfcc/raw_mfcc_train.7.ark:159112
FJSK0_SX62 /home/sky/kaldi/egs/timit/s5/mfcc/raw_mfcc_train.2.ark:327710
MRLK0_SX303 /home/sky/kaldi/egs/timit/s5/mfcc/raw_mfcc_train.9.ark:402985
MJMA0_SX145 /home/sky/kaldi/egs/timit/s5/mfcc/raw_mfcc_train.6.ark:1272104
FSAG0_SX63 /home/sky/kaldi/egs/timit/s5/mfcc/raw_mfcc_train.3.ark:480320
MLSH0_SX67 /home/sky/kaldi/egs/timit/s5/mfcc/raw_mfcc_train.7.ark:1069898
MGSH0_SI546 /home/sky/kaldi/egs/timit/s5/mfcc/raw_mfcc_train.6.ark:196331
MGXP0_SX7 /home/sky/kaldi/egs/timit/s5/mfcc/raw_mfcc_train.6.ark:283970
FLMA0_SX253 /home/sky/kaldi/egs/timit/s5/mfcc/raw_mfcc_train.2.ark:1086774
MRMS0_SX30 /home/sky/kaldi/egs/timit/s5/mfcc/raw_mfcc_train.9.ark:597731
FSCN0_SI705 /home/sky/kaldi/egs/timit/s5/mfcc/raw_mfcc_train.3.ark:595200
FPAD0_SX266 /home/sky/kaldi/egs/timit/s5/mfcc/raw_mfcc_train.3.ark:173963
MMDB0_SI1617 /home/sky/kaldi/egs/timit/s5/mfcc/raw_mfcc_train.7.ark:1321864
FLMC0_SX22 /home/sky/kaldi/egs/timit/s5/mfcc/raw_mfcc_train.2.ark:1115911
FSJK1_SX35 /home/sky/kaldi/egs/timit/s5/mfcc/raw_mfcc_train.3.ark:782518
MGSL0_SI1164 /home/sky/kaldi/egs/timit/s5/mfcc/raw_mfcc_train.6.ark:221227
FAEM0_SI1392 /home/sky/kaldi/egs/timit/s5/mfcc/raw_mfcc_train.1.ark:13
MTRC0_SI589 /home/sky/kaldi/egs/timit/s5/mfcc/raw_mfcc_train.10.ark:885483
MRMG0_SX450 /home/sky/kaldi/egs/timit/s5/mfcc/raw_mfcc_train.9.ark:497674
MBBR0_SI2315 /home/sky/kaldi/egs/timit/s5/mfcc/raw_mfcc_train.4.ark:332895
MDHL0_SI1439 /home/sky/kaldi/egs/timit/s5/mfcc/raw_mfcc_train.5.ark:69300
MILB0_SI807 /home/sky/kaldi/egs/timit/s5/mfcc/raw_mfcc_train.6.ark:510031
MTPR0_SX250 /home/sky/kaldi/egs/timit/s5/mfcc/raw_mfcc_train.10.ark:821873
MKES0_SX353 /home/sky/kaldi/egs/timit/s5/mfcc/raw_mfcc_train.7.ark:605166
MEJS0_SI610 /home/sky/kaldi/egs/timit/s5/mfcc/raw_mfcc_train.5.ark:1068039
FDFB0_SX418 /home/sky/kaldi/egs/timit/s5/mfcc/raw_mfcc_train.1.ark:871979
MJDG0_SI1042 /home/sky/kaldi/egs/timit/s5/mfcc/raw_mfcc_train.6.ark:769321
FJDM2_SI1582 /home/sky/kaldi/egs/timit/s5/mfcc/raw_mfcc_train.2.ark:24365
MCDC0_SX302 /home/sky/kaldi/egs/timit/s5/mfcc/raw_mfcc_train.4.ark:783068
MRSP0_SI2059 /home/sky/kaldi/egs/timit/s5/mfcc/raw_mfcc_train.9.ark:718040
MBBR0_SI1685 /home/sky/kaldi/egs/timit/s5/mfcc/raw_mfcc_train.4.ark:329494
MRJH0_SI1519 /home/sky/kaldi/egs/timit/s5/mfcc/raw_mfcc_train.9.ark:114570
MADD0_SX358 /home/sky/kaldi/egs/timit/s5/mfcc/raw_mfcc_train.3.ark:1517817
FCJF0_SX307 /home/sky/kaldi/egs/timit/s5/mfcc/raw_mfcc_train.1.ark:554407
MWDK0_SI1436 /home/sky/kaldi/egs/timit/s5/mfcc/raw_mfcc_train.10.ark:1252373
MGRL0_SI1497 /home/sky/kaldi/egs/timit/s5/mfcc/raw_mfcc_train.6.ark:118865
FSJW0_SX433 /home/sky/kaldi/egs/timit/s5/mfcc/raw_mfcc_train.3.ark:850064
MNTW0_SI1068 /home/sky/kaldi/egs/timit/s5/mfcc/raw_mfcc_train.8.ark:457830
FPAF0_SI2314 /home/sky/kaldi/egs/timit/s5/mfcc/raw_mfcc_train.3.ark:201008
MJAI0_SI682 /home/sky/kaldi/egs/timit/s5/mfcc/raw_mfcc_train.6.ark:606764
MCHL0_SX87 /home/sky/kaldi/egs/timit/s5/mfcc/raw_mfcc_train.4.ark:960531
FEAR0_SI1252 /home/sky/kaldi/egs/timit/s5/mfcc/raw_mfcc_train.1.ark:1154448
MBOM0_SX204 /home/sky/kaldi/egs/timit/s5/mfcc/raw_mfcc_train.4.ark:584161
MRAB0_SX414 /home/sky/kaldi/egs/timit/s5/mfcc/raw_mfcc_train.8.ark:953035
MMAR0_SX436 /home/sky/kaldi/egs/timit/s5/mfcc/raw_mfcc_train.7.ark:1240517
MTDB0_SX141 /home/sky/kaldi/egs/timit/s5/mfcc/raw_mfcc_train.10.ark:255188
FAEM0_SI762 /home/sky/kaldi/egs/timit/s5/mfcc/raw_mfcc_train.1.ark:9349
MJPM0_SX378 /home/sky/kaldi/egs/timit/s5/mfcc/raw_mfcc_train.6.ark:1403881
MRBC0_SX59 /home/sky/kaldi/egs/timit/s5/mfcc/raw_mfcc_train.8.ark:1119013
MSRR0_SX30 /home/sky/kaldi/egs/timit/s5/mfcc/raw_mfcc_train.9.ark:1489346
MCAL0_SX58 /home/sky/kaldi/egs/timit/s5/mfcc/raw_mfcc_train.4.ark:758805
FTLG0_SX213 /home/sky/kaldi/egs/timit/s5/mfcc/raw_mfcc_train.3.ark:1297658
MDLR0_SX333 /home/sky/kaldi/egs/timit/s5/mfcc/raw_mfcc_train.5.ark:411248
MAEB0_SX270 /home/sky/kaldi/egs/timit/s5/mfcc/raw_mfcc_train.4.ark:24833
MKXL0_SI1185 /home/sky/kaldi/egs/timit/s5/mfcc/raw_mfcc_train.7.ark:836832
FSJW0_SI1333 /home/sky/kaldi/egs/timit/s5/mfcc/raw_mfcc_train.3.ark:824281
FEEH0_SX32 /home/sky/kaldi/egs/timit/s5/mfcc/raw_mfcc_train.1.ark:1251129
MJWG0_SX175 /home/sky/kaldi/egs/timit/s5/mfcc/raw_mfcc_train.7.ark:198701
FKSR0_SI487 /home/sky/kaldi/egs/timit/s5/mfcc/raw_mfcc_train.2.ark:743898
MRWA0_SX343 /home/sky/kaldi/egs/timit/s5/mfcc/raw_mfcc_train.9.ark:868810
MJJJ0_SX443 /home/sky/kaldi/egs/timit/s5/mfcc/raw_mfcc_train.6.ark:1091082
MPGR0_SI2040 /home/sky/kaldi/egs/timit/s5/mfcc/raw_mfcc_train.8.ark:617334
MMJB1_SI2038 /home/sky/kaldi/egs/timit/s5/mfcc/raw_mfcc_train.8.ark:101638
MTAB0_SX312 /home/sky/kaldi/egs/timit/s5/mfcc/raw_mfcc_train.10.ark:68258
FPAF0_SX244 /home/sky/kaldi/egs/timit/s5/mfcc/raw_mfcc_train.3.ark:207223
MKAM0_SI1316 /home/sky/kaldi/egs/timit/s5/mfcc/raw_mfcc_train.7.ark:454670
MJDG0_SX52 /home/sky/kaldi/egs/timit/s5/mfcc/raw_mfcc_train.6.ark:796619
MKAJ0_SI1414 /home/sky/kaldi/egs/timit/s5/mfcc/raw_mfcc_train.7.ark:421390
MBML0_SX179 /home/sky/kaldi/egs/timit/s5/mfcc/raw_mfcc_train.4.ark:550764
FMJU0_SI759 /home/sky/kaldi/egs/timit/s5/mfcc/raw_mfcc_train.2.ark:1404570
MMGG0_SI1079 /home/sky/kaldi/egs/timit/s5/mfcc/raw_mfcc_train.8.ark:40207
MKXL0_SX15 /home/sky/kaldi/egs/timit/s5/mfcc/raw_mfcc_train.7.ark:854632
MKLN0_SI1598 /home/sky/kaldi/egs/timit/s5/mfcc/raw_mfcc_train.7.ark:646454
FJLR0_SX151 /home/sky/kaldi/egs/timit/s5/mfcc/raw_mfcc_train.2.ark:203660
FJXM0_SX401 /home/sky/kaldi/egs/timit/s5/mfcc/raw_mfcc_train.2.ark:419316
MWSH0_SX436 /home/sky/kaldi/egs/timit/s5/mfcc/raw_mfcc_train.10.ark:1473445
FEXM0_SX366 /home/sky/kaldi/egs/timit/s5/mfcc/raw_mfcc_train.1.ark:1355015
MREH1_SX339 /home/sky/kaldi/egs/timit/s5/mfcc/raw_mfcc_train.8.ark:1338919
FKLC1_SX238 /home/sky/kaldi/egs/timit/s5/mfcc/raw_mfcc_train.2.ark:686104
FSBK0_SI1699 /home/sky/kaldi/egs/timit/s5/mfcc/raw_mfcc_train.3.ark:556669
FLHD0_SX84 /home/sky/kaldi/egs/timit/s5/mfcc/raw_mfcc_train.2.ark:925036
FLEH0_SX151 /home/sky/kaldi/egs/timit/s5/mfcc/raw_mfcc_train.2.ark:847349
FSMA0_SX271 /home/sky/kaldi/egs/timit/s5/mfcc/raw_mfcc_train.3.ark:1001292
MREE0_SI1734 /home/sky/kaldi/egs/timit/s5/mfcc/raw_mfcc_train.8.ark:1287769
MEJL0_SX242 /home/sky/kaldi/egs/timit/s5/mfcc/raw_mfcc_train.5.ark:1043933
MRAV0_SX198 /home/sky/kaldi/egs/timit/s5/mfcc/raw_mfcc_train.8.ark:1079916
FREH0_SX415 /home/sky/kaldi/egs/timit/s5/mfcc/raw_mfcc_train.3.ark:378574
MRCG0_SI1428 /home/sky/kaldi/egs/timit/s5/mfcc/raw_mfcc_train.8.ark:1121803
MARW0_SX16 /home/sky/kaldi/egs/timit/s5/mfcc/raw_mfcc_train.4.ark:271810
MSTF0_SX136 /home/sky/kaldi/egs/timit/s5/mfcc/raw_mfcc_train.9.ark:1513477
MDWD0_SI1260 /home/sky/kaldi/egs/timit/s5/mfcc/raw_mfcc_train.5.ark:805166
MKAJ0_SI784 /home/sky/kaldi/egs/timit/s5/mfcc/raw_mfcc_train.7.ark:429283
MMDS0_SX83 /home/sky/kaldi/egs/timit/s5/mfcc/raw_mfcc_train.7.ark:1469124
MCSS0_SX210 /home/sky/kaldi/egs/timit/s5/mfcc/raw_mfcc_train.4.ark:1107825
MSAT1_SX173 /home/sky/kaldi/egs/timit/s5/mfcc/raw_mfcc_train.9.ark:1043418
MTQC0_SI480 /home/sky/kaldi/egs/timit/s5/mfcc/raw_mfcc_train.10.ark:852414
MRAV0_SI2268 /home/sky/kaldi/egs/timit/s5/mfcc/raw_mfcc_train.8.ark:1068313
FJEN0_SI2307 /home/sky/kaldi/egs/timit/s5/mfcc/raw_mfcc_train.2.ark:67560
MRAM0_SX195 /home/sky/kaldi/egs/timit/s5/mfcc/raw_mfcc_train.8.ark:1050699
MMEB0_SI1987 /home/sky/kaldi/egs/timit/s5/mfcc/raw_mfcc_train.7.ark:1505376
FLMC0_SX336 /home/sky/kaldi/egs/timit/s5/mfcc/raw_mfcc_train.2.ark:1123686
FPAC0_SI661 /home/sky/kaldi/egs/timit/s5/mfcc/raw_mfcc_train.3.ark:129029
MRBC0_SX239 /home/sky/kaldi/egs/timit/s5/mfcc/raw_mfcc_train.8.ark:1105850
MDRD0_SX212 /home/sky/kaldi/egs/timit/s5/mfcc/raw_mfcc_train.5.ark:671789
FSAH0_SX327 /home/sky/kaldi/egs/timit/s5/mfcc/raw_mfcc_train.3.ark:503367
FETB0_SI1778 /home/sky/kaldi/egs/timit/s5/mfcc/raw_mfcc_train.1.ark:1298191
FGRW0_SX252 /home/sky/kaldi/egs/timit/s5/mfcc/raw_mfcc_train.1.ark:1490782
MDPS0_SI1979 /home/sky/kaldi/egs/timit/s5/mfcc/raw_mfcc_train.5.ark:625470
FLMC0_SI1372 /home/sky/kaldi/egs/timit/s5/mfcc/raw_mfcc_train.2.ark:1100504
MESG0_SX72 /home/sky/kaldi/egs/timit/s5/mfcc/raw_mfcc_train.5.ark:1120767
MRJM1_SI1298 /home/sky/kaldi/egs/timit/s5/mfcc/raw_mfcc_train.9.ark:186821
FSLS0_SX426 /home/sky/kaldi/egs/timit/s5/mfcc/raw_mfcc_train.3.ark:975886
FDAW0_SX326 /home/sky/kaldi/egs/timit/s5/mfcc/raw_mfcc_train.1.ark:840727
MHXL0_SI612 /home/sky/kaldi/egs/timit/s5/mfcc/raw_mfcc_train.6.ark:480836
FSCN0_SX266 /home/sky/kaldi/egs/timit/s5/mfcc/raw_mfcc_train.3.ark:608773
MPRB0_SI1215 /home/sky/kaldi/egs/timit/s5/mfcc/raw_mfcc_train.8.ark:763735
MPEB0_SI600 /home/sky/kaldi/egs/timit/s5/mfcc/raw_mfcc_train.8.ark:524897
FSAG0_SX153 /home/sky/kaldi/egs/timit/s5/mfcc/raw_mfcc_train.3.ark:457361
FKLC0_SX175 /home/sky/kaldi/egs/timit/s5/mfcc/raw_mfcc_train.2.ark:649275
MMDS0_SI713 /home/sky/kaldi/egs/timit/s5/mfcc/raw_mfcc_train.7.ark:1453139
FLJG0_SX261 /home/sky/kaldi/egs/timit/s5/mfcc/raw_mfcc_train.2.ark:1017449
FLAC0_SI2161 /home/sky/kaldi/egs/timit/s5/mfcc/raw_mfcc_train.2.ark:774823
FDJH0_SX35 /home/sky/kaldi/egs/timit/s5/mfcc/raw_mfcc_train.1.ark:903508
MMDS0_SX353 /home/sky/kaldi/egs/timit/s5/mfcc/raw_mfcc_train.7.ark:1462494
MABC0_SI2041 /home/sky/kaldi/egs/timit/s5/mfcc/raw_mfcc_train.3.ark:1437322
MADC0_SX17 /home/sky/kaldi/egs/timit/s5/mfcc/raw_mfcc_train.3.ark:1483107
MKLR0_SX339 /home/sky/kaldi/egs/timit/s5/mfcc/raw_mfcc_train.7.ark:695506
MKDB0_SX422 /home/sky/kaldi/egs/timit/s5/mfcc/raw_mfcc_train.7.ark:507321
MWGR0_SI976 /home/sky/kaldi/egs/timit/s5/mfcc/raw_mfcc_train.10.ark:1325511
MAPV0_SX213 /home/sky/kaldi/egs/timit/s5/mfcc/raw_mfcc_train.4.ark:217695
MJHI0_SX248 /home/sky/kaldi/egs/timit/s5/mfcc/raw_mfcc_train.6.ark:1013096
MDKS0_SI1696 /home/sky/kaldi/egs/timit/s5/mfcc/raw_mfcc_train.5.ark:164444
MJDM0_SX80 /home/sky/kaldi/egs/timit/s5/mfcc/raw_mfcc_train.6.ark:832920
MBMA0_SI1222 /home/sky/kaldi/egs/timit/s5/mfcc/raw_mfcc_train.4.ark:475085
MPPC0_SX422 /home/sky/kaldi/egs/timit/s5/mfcc/raw_mfcc_train.8.ark:752338
FSBK0_SX349 /home/sky/kaldi/egs/timit/s5/mfcc/raw_mfcc_train.3.ark:570595
FCYL0_SI1297 /home/sky/kaldi/egs/timit/s5/mfcc/raw_mfcc_train.1.ark:750083
FLJA0_SX268 /home/sky/kaldi/egs/timit/s5/mfcc/raw_mfcc_train.2.ark:947135
MTKD0_SX287 /home/sky/kaldi/egs/timit/s5/mfcc/raw_mfcc_train.10.ark:505311
MRDD0_SI1050 /home/sky/kaldi/egs/timit/s5/mfcc/raw_mfcc_train.8.ark:1190401
FCAG0_SI1641 /home/sky/kaldi/egs/timit/s5/mfcc/raw_mfcc_train.1.ark:413802
FLOD0_SX171 /home/sky/kaldi/egs/timit/s5/mfcc/raw_mfcc_train.2.ark:1180156
MSJK0_SI2226 /home/sky/kaldi/egs/timit/s5/mfcc/raw_mfcc_train.9.ark:1311715
MFXV0_SI1635 /home/sky/kaldi/egs/timit/s5/mfcc/raw_mfcc_train.5.ark:1345791
MSFV0_SI632 /home/sky/kaldi/egs/timit/s5/mfcc/raw_mfcc_train.9.ark:1277228
FSAK0_SI1930 /home/sky/kaldi/egs/timit/s5/mfcc/raw_mfcc_train.3.ark:526010
MPRD0_SI801 /home/sky/kaldi/egs/timit/s5/mfcc/raw_mfcc_train.8.ark:806088
MMXS0_SX426 /home/sky/kaldi/egs/timit/s5/mfcc/raw_mfcc_train.8.ark:421764
FNKL0_SX196 /home/sky/kaldi/egs/timit/s5/mfcc/raw_mfcc_train.3.ark:37067
MJFR0_SI975 /home/sky/kaldi/egs/timit/s5/mfcc/raw_mfcc_train.6.ark:968631
FCAJ0_SX399 /home/sky/kaldi/egs/timit/s5/mfcc/raw_mfcc_train.1.ark:464887
MPRB0_SX215 /home/sky/kaldi/egs/timit/s5/mfcc/raw_mfcc_train.8.ark:780799
MDLC1_SX445 /home/sky/kaldi/egs/timit/s5/mfcc/raw_mfcc_train.5.ark:294223
MJEE0_SX427 /home/sky/kaldi/egs/timit/s5/mfcc/raw_mfcc_train.6.ark:925970
FSCN0_SI1886 /home/sky/kaldi/egs/timit/s5/mfcc/raw_mfcc_train.3.ark:587438
MCLK0_SX400 /home/sky/kaldi/egs/timit/s5/mfcc/raw_mfcc_train.4.ark:993907
MTJG0_SI890 /home/sky/kaldi/egs/timit/s5/mfcc/raw_mfcc_train.10.ark:351032
FKLC0_SX85 /home/sky/kaldi/egs/timit/s5/mfcc/raw_mfcc_train.2.ark:667619
FKAA0_SX38 /home/sky/kaldi/egs/timit/s5/mfcc/raw_mfcc_train.2.ark:486067
MDMT0_SI2341 /home/sky/kaldi/egs/timit/s5/mfcc/raw_mfcc_train.5.ark:499714
FCJS0_SX257 /home/sky/kaldi/egs/timit/s5/mfcc/raw_mfcc_train.1.ark:576206
MCAL0_SX328 /home/sky/kaldi/egs/timit/s5/mfcc/raw_mfcc_train.4.ark:749120
FLEH0_SX331 /home/sky/kaldi/egs/timit/s5/mfcc/raw_mfcc_train.2.ark:855618
FJXM0_SX221 /home/sky/kaldi/egs/timit/s5/mfcc/raw_mfcc_train.2.ark:409032
MCTM0_SI1350 /home/sky/kaldi/egs/timit/s5/mfcc/raw_mfcc_train.4.ark:1152500
FLET0_SI1137 /home/sky/kaldi/egs/timit/s5/mfcc/raw_mfcc_train.2.ark:868106
MDBP0_SI1158 /home/sky/kaldi/egs/timit/s5/mfcc/raw_mfcc_train.4.ark:1309433
MSAS0_SI2006 /home/sky/kaldi/egs/timit/s5/mfcc/raw_mfcc_train.9.ark:976573
FSGF0_SX297 /home/sky/kaldi/egs/timit/s5/mfcc/raw_mfcc_train.3.ark:709682
MKLS1_SX105 /home/sky/kaldi/egs/timit/s5/mfcc/raw_mfcc_train.7.ark:754718
FJHK0_SX32 /home/sky/kaldi/egs/timit/s5/mfcc/raw_mfcc_train.2.ark:121673
MVRW0_SI855 /home/sky/kaldi/egs/timit/s5/mfcc/raw_mfcc_train.10.ark:1109971
FLJA0_SI1078 /home/sky/kaldi/egs/timit/s5/mfcc/raw_mfcc_train.2.ark:929464
MDMA0_SX440 /home/sky/kaldi/egs/timit/s5/mfcc/raw_mfcc_train.5.ark:488460
MWSB0_SI1626 /home/sky/kaldi/egs/timit/s5/mfcc/raw_mfcc_train.10.ark:1414730
MDSS0_SX81 /home/sky/kaldi/egs/timit/s5/mfcc/raw_mfcc_train.5.ark:745321
MDLC1_SI1435 /home/sky/kaldi/egs/timit/s5/mfcc/raw_mfcc_train.5.ark:268283
FSJS0_SX271 /home/sky/kaldi/egs/timit/s5/mfcc/raw_mfcc_train.3.ark:807613
MRVG0_SX330 /home/sky/kaldi/egs/timit/s5/mfcc/raw_mfcc_train.9.ark:838424
MSTF0_SX46 /home/sky/kaldi/egs/timit/s5/mfcc/raw_mfcc_train.10.ark:11
FDNC0_SI1908 /home/sky/kaldi/egs/timit/s5/mfcc/raw_mfcc_train.1.ark:1027307
MBCG0_SX327 /home/sky/kaldi/egs/timit/s5/mfcc/raw_mfcc_train.4.ark:371374
MSRG0_SI591 /home/sky/kaldi/egs/timit/s5/mfcc/raw_mfcc_train.9.ark:1444523
MJLB0_SI1616 /home/sky/kaldi/egs/timit/s5/mfcc/raw_mfcc_train.6.ark:1164361
MTJS0_SI1192 /home/sky/kaldi/egs/timit/s5/mfcc/raw_mfcc_train.10.ark:410528
MMEB0_SX327 /home/sky/kaldi/egs/timit/s5/mfcc/raw_mfcc_train.7.ark:1513587
MFMC0_SI502 /home/sky/kaldi/egs/timit/s5/mfcc/raw_mfcc_train.5.ark:1215521
MTCS0_SX442 /home/sky/kaldi/egs/timit/s5/mfcc/raw_mfcc_train.10.ark:232480
FVFB0_SX402 /home/sky/kaldi/egs/timit/s5/mfcc/raw_mfcc_train.3.ark:1366206
MMGG0_SI1709 /home/sky/kaldi/egs/timit/s5/mfcc/raw_mfcc_train.8.ark:46338
MRDD0_SX330 /home/sky/kaldi/egs/timit/s5/mfcc/raw_mfcc_train.8.ark:1212402
MWAR0_SX145 /home/sky/kaldi/egs/timit/s5/mfcc/raw_mfcc_train.10.ark:1206845
FBLV0_SI2318 /home/sky/kaldi/egs/timit/s5/mfcc/raw_mfcc_train.1.ark:318726
MARC0_SX108 /home/sky/kaldi/egs/timit/s5/mfcc/raw_mfcc_train.4.ark:241327
MJWS0_SX243 /home/sky/kaldi/egs/timit/s5/mfcc/raw_mfcc_train.7.ark:234866
MMAA0_SI1588 /home/sky/kaldi/egs/timit/s5/mfcc/raw_mfcc_train.7.ark:1074469
MCTM0_SI1980 /home/sky/kaldi/egs/timit/s5/mfcc/raw_mfcc_train.4.ark:1158059
FTMG0_SI902 /home/sky/kaldi/egs/timit/s5/mfcc/raw_mfcc_train.3.ark:1317084
MAEB0_SX360 /home/sky/kaldi/egs/timit/s5/mfcc/raw_mfcc_train.4.ark:28272
MMBS0_SX251 /home/sky/kaldi/egs/timit/s5/mfcc/raw_mfcc_train.7.ark:1266677
MMVP0_SX114 /home/sky/kaldi/egs/timit/s5/mfcc/raw_mfcc_train.8.ark:276722
FJKL0_SX302 /home/sky/kaldi/egs/timit/s5/mfcc/raw_mfcc_train.2.ark:148790
MWAR0_SX55 /home/sky/kaldi/egs/timit/s5/mfcc/raw_mfcc_train.10.ark:1220496
FVFB0_SX132 /home/sky/kaldi/egs/timit/s5/mfcc/raw_mfcc_train.3.ark:1354407
MTKP0_SX393 /home/sky/kaldi/egs/timit/s5/mfcc/raw_mfcc_train.10.ark:545532
MDLC2_SI984 /home/sky/kaldi/egs/timit/s5/mfcc/raw_mfcc_train.5.ark:304236
MMJB1_SX148 /home/sky/kaldi/egs/timit/s5/mfcc/raw_mfcc_train.8.ark:109660
FAJW0_SX93 /home/sky/kaldi/egs/timit/s5/mfcc/raw_mfcc_train.1.ark:64116
MMJB1_SI778 /home/sky/kaldi/egs/timit/s5/mfcc/raw_mfcc_train.8.ark:106208
FJWB1_SX435 /home/sky/kaldi/egs/timit/s5/mfcc/raw_mfcc_train.2.ark:386304
MRML0_SI791 /home/sky/kaldi/egs/timit/s5/mfcc/raw_mfcc_train.9.ark:546082
MCDC0_SX32 /home/sky/kaldi/egs/timit/s5/mfcc/raw_mfcc_train.4.ark:786662
MMAB1_SI2124 /home/sky/kaldi/egs/timit/s5/mfcc/raw_mfcc_train.7.ark:1111246
FLJG0_SX171 /home/sky/kaldi/egs/timit/s5/mfcc/raw_mfcc_train.2.ark:1010825
MAKR0_SI722 /home/sky/kaldi/egs/timit/s5/mfcc/raw_mfcc_train.4.ark:179144
FSKP0_SX18 /home/sky/kaldi/egs/timit/s5/mfcc/raw_mfcc_train.3.ark:937255
MMSM0_SX386 /home/sky/kaldi/egs/timit/s5/mfcc/raw_mfcc_train.8.ark:256282
FLJG0_SX81 /home/sky/kaldi/egs/timit/s5/mfcc/raw_mfcc_train.2.ark:1031379
MKRG0_SX411 /home/sky/kaldi/egs/timit/s5/mfcc/raw_mfcc_train.7.ark:830201
MHRM0_SI1475 /home/sky/kaldi/egs/timit/s5/mfcc/raw_mfcc_train.6.ark:442558
MBAR0_SI1319 /home/sky/kaldi/egs/timit/s5/mfcc/raw_mfcc_train.4.ark:291872
MDAC0_SX361 /home/sky/kaldi/egs/timit/s5/mfcc/raw_mfcc_train.4.ark:1238086
MJSR0_SI1424 /home/sky/kaldi/egs/timit/s5/mfcc/raw_mfcc_train.7.ark:140643
MBGT0_SX261 /home/sky/kaldi/egs/timit/s5/mfcc/raw_mfcc_train.4.ark:429526
MVJH0_SX386 /home/sky/kaldi/egs/timit/s5/mfcc/raw_mfcc_train.10.ark:1067017
MMDM0_SX321 /home/sky/kaldi/egs/timit/s5/mfcc/raw_mfcc_train.7.ark:1399863
MDMA0_SI1430 /home/sky/kaldi/egs/timit/s5/mfcc/raw_mfcc_train.5.ark:462437
FCMG0_SI1242 /home/sky/kaldi/egs/timit/s5/mfcc/raw_mfcc_train.1.ark:660219
FSRH0_SI671 /home/sky/kaldi/egs/timit/s5/mfcc/raw_mfcc_train.3.ark:1126709
FKFB0_SI2238 /home/sky/kaldi/egs/timit/s5/mfcc/raw_mfcc_train.2.ark:570432
FLET0_SX237 /home/sky/kaldi/egs/timit/s5/mfcc/raw_mfcc_train.2.ark:886387
FDKN0_SX181 /home/sky/kaldi/egs/timit/s5/mfcc/raw_mfcc_train.1.ark:924216
MRAB0_SX324 /home/sky/kaldi/egs/timit/s5/mfcc/raw_mfcc_train.8.ark:947854
FMKF0_SI1536 /home/sky/kaldi/egs/timit/s5/mfcc/raw_mfcc_train.2.ark:1468560
FSBK0_SX259 /home/sky/kaldi/egs/timit/s5/mfcc/raw_mfcc_train.3.ark:566051
MLEL0_SX76 /home/sky/kaldi/egs/timit/s5/mfcc/raw_mfcc_train.7.ark:931779
MRVG0_SX240 /home/sky/kaldi/egs/timit/s5/mfcc/raw_mfcc_train.9.ark:834881
MMSM0_SX26 /home/sky/kaldi/egs/timit/s5/mfcc/raw_mfcc_train.8.ark:248910
MKRG0_SX231 /home/sky/kaldi/egs/timit/s5/mfcc/raw_mfcc_train.7.ark:826301
MMRP0_SI774 /home/sky/kaldi/egs/timit/s5/mfcc/raw_mfcc_train.8.ark:197158
MLBC0_SX249 /home/sky/kaldi/egs/timit/s5/mfcc/raw_mfcc_train.7.ark:885175
FREH0_SX235 /home/sky/kaldi/egs/timit/s5/mfcc/raw_mfcc_train.3.ark:372762
MRGM0_SX416 /home/sky/kaldi/egs/timit/s5/mfcc/raw_mfcc_train.8.ark:1504655
MRAB0_SI1224 /home/sky/kaldi/egs/timit/s5/mfcc/raw_mfcc_train.8.ark:928968
MRDM0_SX335 /home/sky/kaldi/egs/timit/s5/mfcc/raw_mfcc_train.8.ark:1241546
FPAD0_SI1346 /home/sky/kaldi/egs/timit/s5/mfcc/raw_mfcc_train.3.ark:154369
MDLC0_SI1395 /home/sky/kaldi/egs/timit/s5/mfcc/raw_mfcc_train.5.ark:233620
FEXM0_SX111 /home/sky/kaldi/egs/timit/s5/mfcc/raw_mfcc_train.1.ark:1341058
FNKL0_SX442 /home/sky/kaldi/egs/timit/s5/mfcc/raw_mfcc_train.3.ark:43061
MSVS0_SX38 /home/sky/kaldi/egs/timit/s5/mfcc/raw_mfcc_train.10.ark:33419
MSMC0_SX107 /home/sky/kaldi/egs/timit/s5/mfcc/raw_mfcc_train.9.ark:1353593
FSDJ0_SX395 /home/sky/kaldi/egs/timit/s5/mfcc/raw_mfcc_train.3.ark:680746
MCXM0_SX271 /home/sky/kaldi/egs/timit/s5/mfcc/raw_mfcc_train.4.ark:1201297
MCLM0_SX196 /home/sky/kaldi/egs/timit/s5/mfcc/raw_mfcc_train.4.ark:1015647
FHXS0_SI1075 /home/sky/kaldi/egs/timit/s5/mfcc/raw_mfcc_train.1.ark:1541321
MRWS0_SX382 /home/sky/kaldi/egs/timit/s5/mfcc/raw_mfcc_train.9.ark:906112
MCRE0_SI1751 /home/sky/kaldi/egs/timit/s5/mfcc/raw_mfcc_train.4.ark:1062529
FPAZ0_SX423 /home/sky/kaldi/egs/timit/s5/mfcc/raw_mfcc_train.3.ark:248698
FSJS0_SX451 /home/sky/kaldi/egs/timit/s5/mfcc/raw_mfcc_train.3.ark:814959
MJDG0_SX232 /home/sky/kaldi/egs/timit/s5/mfcc/raw_mfcc_train.6.ark:785419
MJFH0_SI477 /home/sky/kaldi/egs/timit/s5/mfcc/raw_mfcc_train.6.ark:941729
MRXB0_SX55 /home/sky/kaldi/egs/timit/s5/mfcc/raw_mfcc_train.9.ark:938877
MGAW0_SI535 /home/sky/kaldi/egs/timit/s5/mfcc/raw_mfcc_train.6.ark:35404
FAJW0_SX183 /home/sky/kaldi/egs/timit/s5/mfcc/raw_mfcc_train.1.ark:49518
FBJL0_SI2182 /home/sky/kaldi/egs/timit/s5/mfcc/raw_mfcc_train.1.ark:278959
MJPM0_SI738 /home/sky/kaldi/egs/timit/s5/mfcc/raw_mfcc_train.6.ark:1384789
MRTC0_SX108 /home/sky/kaldi/egs/timit/s5/mfcc/raw_mfcc_train.9.ark:760647
MDWM0_SX16 /home/sky/kaldi/egs/timit/s5/mfcc/raw_mfcc_train.5.ark:890068
MTPG0_SX213 /home/sky/kaldi/egs/timit/s5/mfcc/raw_mfcc_train.10.ark:759372
MNET0_SI1446 /home/sky/kaldi/egs/timit/s5/mfcc/raw_mfcc_train.8.ark:429474
MMWB0_SI989 /home/sky/kaldi/egs/timit/s5/mfcc/raw_mfcc_train.8.ark:310989
MJFH0_SX207 /home/sky/kaldi/egs/timit/s5/mfcc/raw_mfcc_train.6.ark:949712
MTAT1_SX329 /home/sky/kaldi/egs/timit/s5/mfcc/raw_mfcc_train.10.ark:162900
MLNS0_SX237 /home/sky/kaldi/egs/timit/s5/mfcc/raw_mfcc_train.7.ark:1025582
MRGM0_SX172 /home/sky/kaldi/egs/timit/s5/mfcc/raw_mfcc_train.8.ark:1495268
FGMB0_SX65 /home/sky/kaldi/egs/timit/s5/mfcc/raw_mfcc_train.1.ark:1466304
MMRP0_SX54 /home/sky/kaldi/egs/timit/s5/mfcc/raw_mfcc_train.8.ark:221372
MKAJ0_SX334 /home/sky/kaldi/egs/timit/s5/mfcc/raw_mfcc_train.7.ark:439938
FRJB0_SX437 /home/sky/kaldi/egs/timit/s5/mfcc/raw_mfcc_train.3.ark:405906
FLET0_SI507 /home/sky/kaldi/egs/timit/s5/mfcc/raw_mfcc_train.2.ark:876675
MTPP0_SI878 /home/sky/kaldi/egs/timit/s5/mfcc/raw_mfcc_train.10.ark:780852
FKKH0_SX120 /home/sky/kaldi/egs/timit/s5/mfcc/raw_mfcc_train.2.ark:618980
FBLV0_SX338 /home/sky/kaldi/egs/timit/s5/mfcc/raw_mfcc_train.1.ark:329771
FMAH1_SX159 /home/sky/kaldi/egs/timit/s5/mfcc/raw_mfcc_train.2.ark:1240676
FCLT0_SX448 /home/sky/kaldi/egs/timit/s5/mfcc/raw_mfcc_train.1.ark:645715
MKLW0_SX41 /home/sky/kaldi/egs/timit/s5/mfcc/raw_mfcc_train.7.ark:801668
MSMR0_SX325 /home/sky/kaldi/egs/timit/s5/mfcc/raw_mfcc_train.9.ark:1394744
FDAS1_SX201 /home/sky/kaldi/egs/timit/s5/mfcc/raw_mfcc_train.1.ark:803469
MEWM0_SI1348 /home/sky/kaldi/egs/timit/s5/mfcc/raw_mfcc_train.5.ark:1151406
FCKE0_SX211 /home/sky/kaldi/egs/timit/s5/mfcc/raw_mfcc_train.1.ark:610232
FLJA0_SX358 /home/sky/kaldi/egs/timit/s5/mfcc/raw_mfcc_train.2.ark:952147
FCAG0_SX153 /home/sky/kaldi/egs/timit/s5/mfcc/raw_mfcc_train.1.ark:418679
MJJJ0_SI533 /home/sky/kaldi/egs/timit/s5/mfcc/raw_mfcc_train.6.ark:1072529
MRCG0_SX438 /home/sky/kaldi/egs/timit/s5/mfcc/raw_mfcc_train.8.ark:1150485
MRSO0_SX309 /home/sky/kaldi/egs/timit/s5/mfcc/raw_mfcc_train.9.ark:697952
FAJW0_SX273 /home/sky/kaldi/egs/timit/s5/mfcc/raw_mfcc_train.1.ark:53477
MTJU0_SI2269 /home/sky/kaldi/egs/timit/s5/mfcc/raw_mfcc_train.10.ark:454052
FDKN0_SX451 /home/sky/kaldi/egs/timit/s5/mfcc/raw_mfcc_train.1.ark:937653
FBMH0_SI970 /home/sky/kaldi/egs/timit/s5/mfcc/raw_mfcc_train.1.ark:351582
FREH0_SI1945 /home/sky/kaldi/egs/timit/s5/mfcc/raw_mfcc_train.3.ark:360937
FNTB0_SI1203 /home/sky/kaldi/egs/timit/s5/mfcc/raw_mfcc_train.3.ark:51525
MAKB0_SI2276 /home/sky/kaldi/egs/timit/s5/mfcc/raw_mfcc_train.4.ark:146002
MKAG0_SI2239 /home/sky/kaldi/egs/timit/s5/mfcc/raw_mfcc_train.7.ark:359249
FSPM0_SX161 /home/sky/kaldi/egs/timit/s5/mfcc/raw_mfcc_train.3.ark:1099541
MDWH0_SI665 /home/sky/kaldi/egs/timit/s5/mfcc/raw_mfcc_train.5.ark:844836
FKDE0_SX331 /home/sky/kaldi/egs/timit/s5/mfcc/raw_mfcc_train.2.ark:519139
MMJB1_SX328 /home/sky/kaldi/egs/timit/s5/mfcc/raw_mfcc_train.8.ark:117422
MRLD0_SX244 /home/sky/kaldi/egs/timit/s5/mfcc/raw_mfcc_train.9.ark:309648
MAPV0_SX303 /home/sky/kaldi/egs/timit/s5/mfcc/raw_mfcc_train.4.ark:221810
FTBW0_SX175 /home/sky/kaldi/egs/timit/s5/mfcc/raw_mfcc_train.3.ark:1257750
MRPC1_SI2026 /home/sky/kaldi/egs/timit/s5/mfcc/raw_mfcc_train.9.ark:610774
MTJG0_SX440 /home/sky/kaldi/egs/timit/s5/mfcc/raw_mfcc_train.10.ark:370755
MDPB0_SX326 /home/sky/kaldi/egs/timit/s5/mfcc/raw_mfcc_train.5.ark:583238
MRAB0_SX144 /home/sky/kaldi/egs/timit/s5/mfcc/raw_mfcc_train.8.ark:940729
MDCD0_SX425 /home/sky/kaldi/egs/timit/s5/mfcc/raw_mfcc_train.4.ark:1370243
MSAH1_SI2309 /home/sky/kaldi/egs/timit/s5/mfcc/raw_mfcc_train.9.ark:948261
FJHK0_SI1652 /home/sky/kaldi/egs/timit/s5/mfcc/raw_mfcc_train.2.ark:100331
MJPG0_SX201 /home/sky/kaldi/egs/timit/s5/mfcc/raw_mfcc_train.6.ark:1362724
MRAB1_SX218 /home/sky/kaldi/egs/timit/s5/mfcc/raw_mfcc_train.8.ark:977960
FGCS0_SI856 /home/sky/kaldi/egs/timit/s5/mfcc/raw_mfcc_train.1.ark:1371841
FSAK0_SX400 /home/sky/kaldi/egs/timit/s5/mfcc/raw_mfcc_train.3.ark:547865
MJRA0_SX246 /home/sky/kaldi/egs/timit/s5/mfcc/raw_mfcc_train.6.ark:1456014
FECD0_SI788 /home/sky/kaldi/egs/timit/s5/mfcc/raw_mfcc_train.1.ark:1198291
FDJH0_SI1565 /home/sky/kaldi/egs/timit/s5/mfcc/raw_mfcc_train.1.ark:880027
FCMM0_SI453 /home/sky/kaldi/egs/timit/s5/mfcc/raw_mfcc_train.1.ark:697841
MDSS1_SI1713 /home/sky/kaldi/egs/timit/s5/mfcc/raw_mfcc_train.5.ark:752864
MRML0_SI1421 /home/sky/kaldi/egs/timit/s5/mfcc/raw_mfcc_train.9.ark:535797
MRGM0_SX262 /home/sky/kaldi/egs/timit/s5/mfcc/raw_mfcc_train.8.ark:1500683
MDAS0_SX96 /home/sky/kaldi/egs/timit/s5/mfcc/raw_mfcc_train.4.ark:1275853
MAFM0_SX309 /home/sky/kaldi/egs/timit/s5/mfcc/raw_mfcc_train.4.ark:87108
MAEO0_SI1326 /home/sky/kaldi/egs/timit/s5/mfcc/raw_mfcc_train.4.ark:38940
MKDB0_SI588 /home/sky/kaldi/egs/timit/s5/mfcc/raw_mfcc_train.7.ark:487773
MJRP0_SX315 /home/sky/kaldi/egs/timit/s5/mfcc/raw_mfcc_train.7.ark:130157
MSFV0_SX272 /home/sky/kaldi/egs/timit/s5/mfcc/raw_mfcc_train.9.ark:1287109
FMJF0_SI624 /home/sky/kaldi/egs/timit/s5/mfcc/raw_mfcc_train.2.ark:1366865
MTDP0_SI2151 /home/sky/kaldi/egs/timit/s5/mfcc/raw_mfcc_train.10.ark:282552
MGSL0_SI797 /home/sky/kaldi/egs/timit/s5/mfcc/raw_mfcc_train.6.ark:228248
MBAR0_SX149 /home/sky/kaldi/egs/timit/s5/mfcc/raw_mfcc_train.4.ark:303425
MAKR0_SX362 /home/sky/kaldi/egs/timit/s5/mfcc/raw_mfcc_train.4.ark:186562
MRJT0_SX58 /home/sky/kaldi/egs/timit/s5/mfcc/raw_mfcc_train.9.ark:248001
FKDE0_SI1771 /home/sky/kaldi/egs/timit/s5/mfcc/raw_mfcc_train.2.ark:502470
MRLR0_SX386 /home/sky/kaldi/egs/timit/s5/mfcc/raw_mfcc_train.9.ark:440092
MBWP0_SI1969 /home/sky/kaldi/egs/timit/s5/mfcc/raw_mfcc_train.4.ark:659007
MKLW0_SX221 /home/sky/kaldi/egs/timit/s5/mfcc/raw_mfcc_train.7.ark:787426
MSAH1_SX239 /home/sky/kaldi/egs/timit/s5/mfcc/raw_mfcc_train.9.ark:955815
MGES0_SI2111 /home/sky/kaldi/egs/timit/s5/mfcc/raw_mfcc_train.6.ark:57151
MRJB1_SX30 /home/sky/kaldi/egs/timit/s5/mfcc/raw_mfcc_train.9.ark:103472
MDLR1_SX399 /home/sky/kaldi/egs/timit/s5/mfcc/raw_mfcc_train.5.ark:455882
FEAC0_SI1245 /home/sky/kaldi/egs/timit/s5/mfcc/raw_mfcc_train.1.ark:1120838
MJWT0_SX121 /home/sky/kaldi/egs/timit/s5/mfcc/raw_mfcc_train.7.ark:270172
MSRR0_SX51 /home/sky/kaldi/egs/timit/s5/mfcc/raw_mfcc_train.9.ark:1496054
MREW1_SI2130 /home/sky/kaldi/egs/timit/s5/mfcc/raw_mfcc_train.8.ark:1387663
MDHS0_SX180 /home/sky/kaldi/egs/timit/s5/mfcc/raw_mfcc_train.5.ark:113813
MEAL0_SI1547 /home/sky/kaldi/egs/timit/s5/mfcc/raw_mfcc_train.5.ark:905619
MTBC0_SI1803 /home/sky/kaldi/egs/timit/s5/mfcc/raw_mfcc_train.10.ark:178802
FBAS0_SI1472 /home/sky/kaldi/egs/timit/s5/mfcc/raw_mfcc_train.1.ark:177011
FKDE0_SI1141 /home/sky/kaldi/egs/timit/s5/mfcc/raw_mfcc_train.2.ark:496222
MRLK0_SI2140 /home/sky/kaldi/egs/timit/s5/mfcc/raw_mfcc_train.9.ark:386226
MDAS0_SX21 /home/sky/kaldi/egs/timit/s5/mfcc/raw_mfcc_train.4.ark:1266878
MBMA1_SX414 /home/sky/kaldi/egs/timit/s5/mfcc/raw_mfcc_train.4.ark:531709
FMEM0_SX387 /home/sky/kaldi/egs/timit/s5/mfcc/raw_mfcc_train.2.ark:1322964
FCDR1_SX196 /home/sky/kaldi/egs/timit/s5/mfcc/raw_mfcc_train.1.ark:496559
MTWH1_SI2142 /home/sky/kaldi/egs/timit/s5/mfcc/raw_mfcc_train.10.ark:978084
FSSB0_SI2342 /home/sky/kaldi/egs/timit/s5/mfcc/raw_mfcc_train.3.ark:1163193
MMLM0_SX87 /home/sky/kaldi/egs/timit/s5/mfcc/raw_mfcc_train.8.ark:155738
MJJB0_SX329 /home/sky/kaldi/egs/timit/s5/mfcc/raw_mfcc_train.6.ark:1049496
MRRE0_SX254 /home/sky/kaldi/egs/timit/s5/mfcc/raw_mfcc_train.9.ark:657028
MAEB0_SX90 /home/sky/kaldi/egs/timit/s5/mfcc/raw_mfcc_train.4.ark:36293
FJEN0_SI1677 /home/sky/kaldi/egs/timit/s5/mfcc/raw_mfcc_train.2.ark:63223
MAKB0_SX296 /home/sky/kaldi/egs/timit/s5/mfcc/raw_mfcc_train.4.ark:165399
MJMA0_SI2125 /home/sky/kaldi/egs/timit/s5/mfcc/raw_mfcc_train.6.ark:1261625
MSAT0_SI1526 /home/sky/kaldi/egs/timit/s5/mfcc/raw_mfcc_train.9.ark:1006743
MTLC0_SX127 /home/sky/kaldi/egs/timit/s5/mfcc/raw_mfcc_train.10.ark:597034
MDBB1_SI1636 /home/sky/kaldi/egs/timit/s5/mfcc/raw_mfcc_train.4.ark:1284514
FKLC1_SI2308 /home/sky/kaldi/egs/timit/s5/mfcc/raw_mfcc_train.2.ark:679889
MJJM0_SX17 /home/sky/kaldi/egs/timit/s5/mfcc/raw_mfcc_train.6.ark:1116721
MDCD0_SI2045 /home/sky/kaldi/egs/timit/s5/mfcc/raw_mfcc_train.4.ark:1347887
MTLB0_SX54 /home/sky/kaldi/egs/timit/s5/mfcc/raw_mfcc_train.10.ark:577166
MRPC1_SI2112 /home/sky/kaldi/egs/timit/s5/mfcc/raw_mfcc_train.9.ark:613122
MSDB0_SI1007 /home/sky/kaldi/egs/timit/s5/mfcc/raw_mfcc_train.9.ark:1063070
MPFU0_SX178 /home/sky/kaldi/egs/timit/s5/mfcc/raw_mfcc_train.8.ark:561894
MJDM0_SI974 /home/sky/kaldi/egs/timit/s5/mfcc/raw_mfcc_train.6.ark:809408
FDJH0_SX305 /home/sky/kaldi/egs/timit/s5/mfcc/raw_mfcc_train.1.ark:900018
MRMG0_SX360 /home/sky/kaldi/egs/timit/s5/mfcc/raw_mfcc_train.9.ark:493585
FBAS0_SX217 /home/sky/kaldi/egs/timit/s5/mfcc/raw_mfcc_train.1.ark:193725
FMJU0_SX129 /home/sky/kaldi/egs/timit/s5/mfcc/raw_mfcc_train.2.ark:1408945
MJDM0_SX260 /home/sky/kaldi/egs/timit/s5/mfcc/raw_mfcc_train.6.ark:818145
FSBK0_SI1069 /home/sky/kaldi/egs/timit/s5/mfcc/raw_mfcc_train.3.ark:551552
MDLC2_SX174 /home/sky/kaldi/egs/timit/s5/mfcc/raw_mfcc_train.5.ark:309404
MAJP0_SX174 /home/sky/kaldi/egs/timit/s5/mfcc/raw_mfcc_train.4.ark:110617
MWAR0_SX235 /home/sky/kaldi/egs/timit/s5/mfcc/raw_mfcc_train.10.ark:1210531
MSJK0_SI1596 /home/sky/kaldi/egs/timit/s5/mfcc/raw_mfcc_train.9.ark:1305402
FKSR0_SX397 /home/sky/kaldi/egs/timit/s5/mfcc/raw_mfcc_train.2.ark:764485
MBSB0_SX3 /home/sky/kaldi/egs/timit/s5/mfcc/raw_mfcc_train.4.ark:614826
MTPR0_SX70 /home/sky/kaldi/egs/timit/s5/mfcc/raw_mfcc_train.10.ark:836908
MMWS0_SI888 /home/sky/kaldi/egs/timit/s5/mfcc/raw_mfcc_train.8.ark:348186
MJWT0_SX31 /home/sky/kaldi/egs/timit/s5/mfcc/raw_mfcc_train.7.ark:283335
MDWD0_SX270 /home/sky/kaldi/egs/timit/s5/mfcc/raw_mfcc_train.5.ark:821380
MFXV0_SI1005 /home/sky/kaldi/egs/timit/s5/mfcc/raw_mfcc_train.5.ark:1334582
FPAZ0_SI2223 /home/sky/kaldi/egs/timit/s5/mfcc/raw_mfcc_train.3.ark:225745
FCJS0_SX347 /home/sky/kaldi/egs/timit/s5/mfcc/raw_mfcc_train.1.ark:578631
MPGH0_SX294 /home/sky/kaldi/egs/timit/s5/mfcc/raw_mfcc_train.8.ark:606313
MDLC0_SX135 /home/sky/kaldi/egs/timit/s5/mfcc/raw_mfcc_train.5.ark:249190
MTPP0_SX428 /home/sky/kaldi/egs/timit/s5/mfcc/raw_mfcc_train.10.ark:795115
FMBG0_SX80 /home/sky/kaldi/egs/timit/s5/mfcc/raw_mfcc_train.2.ark:1288677
MMWS1_SX27 /home/sky/kaldi/egs/timit/s5/mfcc/raw_mfcc_train.8.ark:385840
FTBR0_SI2181 /home/sky/kaldi/egs/timit/s5/mfcc/raw_mfcc_train.3.ark:1219277
MLEL0_SI1876 /home/sky/kaldi/egs/timit/s5/mfcc/raw_mfcc_train.7.ark:903710
MVJH0_SI926 /home/sky/kaldi/egs/timit/s5/mfcc/raw_mfcc_train.10.ark:1050096
MRJM0_SI1858 /home/sky/kaldi/egs/timit/s5/mfcc/raw_mfcc_train.9.ark:160025
MTER0_SI1787 /home/sky/kaldi/egs/timit/s5/mfcc/raw_mfcc_train.10.ark:318560
MTAT1_SX419 /home/sky/kaldi/egs/timit/s5/mfcc/raw_mfcc_train.10.ark:168757
MJDM0_SI1340 /home/sky/kaldi/egs/timit/s5/mfcc/raw_mfcc_train.6.ark:800410
MRBC0_SX149 /home/sky/kaldi/egs/timit/s5/mfcc/raw_mfcc_train.8.ark:1101293
MPFU0_SI1888 /home/sky/kaldi/egs/timit/s5/mfcc/raw_mfcc_train.8.ark:556511
FJXP0_SX222 /home/sky/kaldi/egs/timit/s5/mfcc/raw_mfcc_train.2.ark:445593
FMAH1_SI2139 /home/sky/kaldi/egs/timit/s5/mfcc/raw_mfcc_train.2.ark:1232017
MBEF0_SI1911 /home/sky/kaldi/egs/timit/s5/mfcc/raw_mfcc_train.4.ark:388615
MJAI0_SX254 /home/sky/kaldi/egs/timit/s5/mfcc/raw_mfcc_train.6.ark:623048
FLAG0_SI1464 /home/sky/kaldi/egs/timit/s5/mfcc/raw_mfcc_train.2.ark:798389
MZMB0_SX86 /home/sky/kaldi/egs/timit/s5/mfcc/raw_mfcc_train.10.ark:1510662
MSAT0_SX266 /home/sky/kaldi/egs/timit/s5/mfcc/raw_mfcc_train.9.ark:1019733
MDLC1_SX175 /home/sky/kaldi/egs/timit/s5/mfcc/raw_mfcc_train.5.ark:281904
MSDB0_SX377 /home/sky/kaldi/egs/timit/s5/mfcc/raw_mfcc_train.9.ark:1083504
FRJB0_SI1470 /home/sky/kaldi/egs/timit/s5/mfcc/raw_mfcc_train.3.ark:388762
MMAR0_SI1966 /home/sky/kaldi/egs/timit/s5/mfcc/raw_mfcc_train.7.ark:1213143
MHMG0_SX375 /home/sky/kaldi/egs/timit/s5/mfcc/raw_mfcc_train.6.ark:405157
FSDC0_SI1312 /home/sky/kaldi/egs/timit/s5/mfcc/raw_mfcc_train.3.ark:626156
MJXL0_SI1795 /home/sky/kaldi/egs/timit/s5/mfcc/raw_mfcc_train.7.ark:326601
MKLR0_SX159 /home/sky/kaldi/egs/timit/s5/mfcc/raw_mfcc_train.7.ark:688030
FGCS0_SX136 /home/sky/kaldi/egs/timit/s5/mfcc/raw_mfcc_train.1.ark:1375163
FSJK1_SI1025 /home/sky/kaldi/egs/timit/s5/mfcc/raw_mfcc_train.3.ark:760545
MMWB0_SX269 /home/sky/kaldi/egs/timit/s5/mfcc/raw_mfcc_train.8.ark:320701
FJXM0_SX41 /home/sky/kaldi/egs/timit/s5/mfcc/raw_mfcc_train.2.ark:424041
MTML0_SX255 /home/sky/kaldi/egs/timit/s5/mfcc/raw_mfcc_train.10.ark:629118
MKLW0_SX401 /home/sky/kaldi/egs/timit/s5/mfcc/raw_mfcc_train.7.ark:797671
MDAC0_SI1261 /home/sky/kaldi/egs/timit/s5/mfcc/raw_mfcc_train.4.ark:1216093
MGRP0_SX237 /home/sky/kaldi/egs/timit/s5/mfcc/raw_mfcc_train.6.ark:168234
MRJH0_SX307 /home/sky/kaldi/egs/timit/s5/mfcc/raw_mfcc_train.9.ark:140696
FEME0_SX335 /home/sky/kaldi/egs/timit/s5/mfcc/raw_mfcc_train.1.ark:1281197
MCTM0_SX360 /home/sky/kaldi/egs/timit/s5/mfcc/raw_mfcc_train.4.ark:1173362
FTMG0_SX272 /home/sky/kaldi/egs/timit/s5/mfcc/raw_mfcc_train.3.ark:1327017
MJPG0_SX291 /home/sky/kaldi/egs/timit/s5/mfcc/raw_mfcc_train.6.ark:1368457
FLJD0_SI1516 /home/sky/kaldi/egs/timit/s5/mfcc/raw_mfcc_train.2.ark:964609
MEJL0_SX152 /home/sky/kaldi/egs/timit/s5/mfcc/raw_mfcc_train.5.ark:1040546
MTLC0_SX37 /home/sky/kaldi/egs/timit/s5/mfcc/raw_mfcc_train.10.ark:604061
MKAM0_SI1250 /home/sky/kaldi/egs/timit/s5/mfcc/raw_mfcc_train.7.ark:448825
MDCD0_SX155 /home/sky/kaldi/egs/timit/s5/mfcc/raw_mfcc_train.4.ark:1357105
MAJP0_SX444 /home/sky/kaldi/egs/timit/s5/mfcc/raw_mfcc_train.4.ark:124704
MKAH0_SX448 /home/sky/kaldi/egs/timit/s5/mfcc/raw_mfcc_train.7.ark:412848
MRML0_SX431 /home/sky/kaldi/egs/timit/s5/mfcc/raw_mfcc_train.9.ark:567937
MDPK0_SX423 /home/sky/kaldi/egs/timit/s5/mfcc/raw_mfcc_train.5.ark:615633
MDRD0_SI2012 /home/sky/kaldi/egs/timit/s5/mfcc/raw_mfcc_train.5.ark:656051
MDWD0_SX180 /home/sky/kaldi/egs/timit/s5/mfcc/raw_mfcc_train.5.ark:817928
MEJS0_SX160 /home/sky/kaldi/egs/timit/s5/mfcc/raw_mfcc_train.5.ark:1071920
FLET0_SX57 /home/sky/kaldi/egs/timit/s5/mfcc/raw_mfcc_train.2.ark:895585
FMKC0_SI1702 /home/sky/kaldi/egs/timit/s5/mfcc/raw_mfcc_train.2.ark:1438350
MBOM0_SI2274 /home/sky/kaldi/egs/timit/s5/mfcc/raw_mfcc_train.4.ark:577556
FSAG0_SX423 /home/sky/kaldi/egs/timit/s5/mfcc/raw_mfcc_train.3.ark:474529
FBMH0_SX416 /home/sky/kaldi/egs/timit/s5/mfcc/raw_mfcc_train.1.ark:367197
MJKR0_SX391 /home/sky/kaldi/egs/timit/s5/mfcc/raw_mfcc_train.6.ark:1161142
MGES0_SX311 /home/sky/kaldi/egs/timit/s5/mfcc/raw_mfcc_train.6.ark:69451
MDHS0_SX270 /home/sky/kaldi/egs/timit/s5/mfcc/raw_mfcc_train.5.ark:117408
FMKF0_SX276 /home/sky/kaldi/egs/timit/s5/mfcc/raw_mfcc_train.2.ark:1480567
MMGG0_SX179 /home/sky/kaldi/egs/timit/s5/mfcc/raw_mfcc_train.8.ark:52268
MCDC0_SI1922 /home/sky/kaldi/egs/timit/s5/mfcc/raw_mfcc_train.4.ark:767570
MRHL0_SX435 /home/sky/kaldi/egs/timit/s5/mfcc/raw_mfcc_train.9.ark:68985
FVKB0_SX439 /home/sky/kaldi/egs/timit/s5/mfcc/raw_mfcc_train.3.ark:1396891
MJJB0_SX149 /home/sky/kaldi/egs/timit/s5/mfcc/raw_mfcc_train.6.ark:1040291
FCDR1_SI1186 /home/sky/kaldi/egs/timit/s5/mfcc/raw_mfcc_train.1.ark:468314
MDMA0_SX170 /home/sky/kaldi/egs/timit/s5/mfcc/raw_mfcc_train.5.ark:471123
MSFV0_SX362 /home/sky/kaldi/egs/timit/s5/mfcc/raw_mfcc_train.9.ark:1290769
MDWM0_SI1546 /home/sky/kaldi/egs/timit/s5/mfcc/raw_mfcc_train.5.ark:873686
MJFH0_SX387 /home/sky/kaldi/egs/timit/s5/mfcc/raw_mfcc_train.6.ark:957220
FALK0_SX6 /home/sky/kaldi/egs/timit/s5/mfcc/raw_mfcc_train.1.ark:94090
MHIT0_SI2243 /home/sky/kaldi/egs/timit/s5/mfcc/raw_mfcc_train.6.ark:324882
MNTW0_SX168 /home/sky/kaldi/egs/timit/s5/mfcc/raw_mfcc_train.8.ark:473908
MREW1_SI1500 /home/sky/kaldi/egs/timit/s5/mfcc/raw_mfcc_train.8.ark:1384249
FTBW0_SX355 /home/sky/kaldi/egs/timit/s5/mfcc/raw_mfcc_train.3.ark:1267163
FLAC0_SX451 /home/sky/kaldi/egs/timit/s5/mfcc/raw_mfcc_train.2.ark:790224
MRTC0_SX198 /home/sky/kaldi/egs/timit/s5/mfcc/raw_mfcc_train.9.ark:768590
MCEW0_SX92 /home/sky/kaldi/egs/timit/s5/mfcc/raw_mfcc_train.4.ark:926517
MKES0_SI1883 /home/sky/kaldi/egs/timit/s5/mfcc/raw_mfcc_train.7.ark:586301
FKSR0_SI1117 /home/sky/kaldi/egs/timit/s5/mfcc/raw_mfcc_train.2.ark:735992
MAKB0_SX26 /home/sky/kaldi/egs/timit/s5/mfcc/raw_mfcc_train.4.ark:162025
MCDD0_SI2143 /home/sky/kaldi/egs/timit/s5/mfcc/raw_mfcc_train.4.ark:797254
MDAS0_SX186 /home/sky/kaldi/egs/timit/s5/mfcc/raw_mfcc_train.4.ark:1263986
MTKD0_SI1817 /home/sky/kaldi/egs/timit/s5/mfcc/raw_mfcc_train.10.ark:482865
MDLR1_SI669 /home/sky/kaldi/egs/timit/s5/mfcc/raw_mfcc_train.5.ark:433046
MLBC0_SI1239 /home/sky/kaldi/egs/timit/s5/mfcc/raw_mfcc_train.7.ark:868038
FKDW0_SX397 /home/sky/kaldi/egs/timit/s5/mfcc/raw_mfcc_train.2.ark:560302
MGAK0_SX406 /home/sky/kaldi/egs/timit/s5/mfcc/raw_mfcc_train.5.ark:1451329
FCAJ0_SX129 /home/sky/kaldi/egs/timit/s5/mfcc/raw_mfcc_train.1.ark:449013
FDXW0_SI2141 /home/sky/kaldi/egs/timit/s5/mfcc/raw_mfcc_train.1.ark:1095413
MSRG0_SX321 /home/sky/kaldi/egs/timit/s5/mfcc/raw_mfcc_train.9.ark:1455750
MSVS0_SX218 /home/sky/kaldi/egs/timit/s5/mfcc/raw_mfcc_train.10.ark:24306
MTJU0_SX40 /home/sky/kaldi/egs/timit/s5/mfcc/raw_mfcc_train.10.ark:471779
MFXV0_SX375 /home/sky/kaldi/egs/timit/s5/mfcc/raw_mfcc_train.5.ark:1361191
FKFB0_SX168 /home/sky/kaldi/egs/timit/s5/mfcc/raw_mfcc_train.2.ark:578142
MJFR0_SX255 /home/sky/kaldi/egs/timit/s5/mfcc/raw_mfcc_train.6.ark:977563
MRJB1_SI1020 /home/sky/kaldi/egs/timit/s5/mfcc/raw_mfcc_train.9.ark:76643
MRSO0_SX39 /home/sky/kaldi/egs/timit/s5/mfcc/raw_mfcc_train.9.ark:703158
FEAC0_SI615 /home/sky/kaldi/egs/timit/s5/mfcc/raw_mfcc_train.1.ark:1128380
FCRZ0_SX343 /home/sky/kaldi/egs/timit/s5/mfcc/raw_mfcc_train.1.ark:738362
MKLS0_SX87 /home/sky/kaldi/egs/timit/s5/mfcc/raw_mfcc_train.7.ark:737853
FEME0_SI875 /home/sky/kaldi/egs/timit/s5/mfcc/raw_mfcc_train.1.ark:1266590
FDMY0_SI567 /home/sky/kaldi/egs/timit/s5/mfcc/raw_mfcc_train.1.ark:980801
MSMR0_SI1150 /home/sky/kaldi/egs/timit/s5/mfcc/raw_mfcc_train.9.ark:1372959
MDEM0_SI1868 /home/sky/kaldi/egs/timit/s5/mfcc/raw_mfcc_train.5.ark:29698
MABC0_SI1620 /home/sky/kaldi/egs/timit/s5/mfcc/raw_mfcc_train.3.ark:1435390
MFWK0_SX439 /home/sky/kaldi/egs/timit/s5/mfcc/raw_mfcc_train.5.ark:1295237
MSMR0_SX145 /home/sky/kaldi/egs/timit/s5/mfcc/raw_mfcc_train.9.ark:1386904
MWRE0_SI1687 /home/sky/kaldi/egs/timit/s5/mfcc/raw_mfcc_train.10.ark:1355383
MMAG0_SX226 /home/sky/kaldi/egs/timit/s5/mfcc/raw_mfcc_train.7.ark:1163402
MCDD0_SX163 /home/sky/kaldi/egs/timit/s5/mfcc/raw_mfcc_train.4.ark:805107
FEXM0_SX201 /home/sky/kaldi/egs/timit/s5/mfcc/raw_mfcc_train.1.ark:1345173
MPAR0_SI946 /home/sky/kaldi/egs/timit/s5/mfcc/raw_mfcc_train.8.ark:499867
MREM0_SI511 /home/sky/kaldi/egs/timit/s5/mfcc/raw_mfcc_train.8.ark:1355821
MDLM0_SI1864 /home/sky/kaldi/egs/timit/s5/mfcc/raw_mfcc_train.5.ark:366612
MRAV0_SX18 /home/sky/kaldi/egs/timit/s5/mfcc/raw_mfcc_train.8.ark:1076841
FJHK0_SX302 /home/sky/kaldi/egs/timit/s5/mfcc/raw_mfcc_train.2.ark:118365
MWAC0_SX71 /home/sky/kaldi/egs/timit/s5/mfcc/raw_mfcc_train.10.ark:1165234
MPRT0_SI1210 /home/sky/kaldi/egs/timit/s5/mfcc/raw_mfcc_train.8.ark:874008
MCEF0_SX415 /home/sky/kaldi/egs/timit/s5/mfcc/raw_mfcc_train.4.ark:882787
MHIT0_SX353 /home/sky/kaldi/egs/timit/s5/mfcc/raw_mfcc_train.6.ark:341901
MCTH0_SI579 /home/sky/kaldi/egs/timit/s5/mfcc/raw_mfcc_train.4.ark:1128447
FDJH0_SX215 /home/sky/kaldi/egs/timit/s5/mfcc/raw_mfcc_train.1.ark:896215
FLMK0_SI1035 /home/sky/kaldi/egs/timit/s5/mfcc/raw_mfcc_train.2.ark:1132827
FBJL0_SX22 /home/sky/kaldi/egs/timit/s5/mfcc/raw_mfcc_train.1.ark:294469
MRSP0_SX169 /home/sky/kaldi/egs/timit/s5/mfcc/raw_mfcc_train.9.ark:726400
MJEB0_SX26 /home/sky/kaldi/egs/timit/s5/mfcc/raw_mfcc_train.6.ark:858079
MSRG0_SI1851 /home/sky/kaldi/egs/timit/s5/mfcc/raw_mfcc_train.9.ark:1442410
MSAS0_SI746 /home/sky/kaldi/egs/timit/s5/mfcc/raw_mfcc_train.9.ark:981390
MJRG0_SI736 /home/sky/kaldi/egs/timit/s5/mfcc/raw_mfcc_train.6.ark:1478599
MJLS0_SX196 /home/sky/kaldi/egs/timit/s5/mfcc/raw_mfcc_train.6.ark:1245930
MRAV0_SX288 /home/sky/kaldi/egs/timit/s5/mfcc/raw_mfcc_train.8.ark:1082978
MWSH0_SX346 /home/sky/kaldi/egs/timit/s5/mfcc/raw_mfcc_train.10.ark:1468433
FPAB1_SI1471 /home/sky/kaldi/egs/timit/s5/mfcc/raw_mfcc_train.3.ark:82053
MWSH0_SI1426 /home/sky/kaldi/egs/timit/s5/mfcc/raw_mfcc_train.10.ark:1443229
MAJP0_SX84 /home/sky/kaldi/egs/timit/s5/mfcc/raw_mfcc_train.4.ark:129000
MMDM1_SX423 /home/sky/kaldi/egs/timit/s5/mfcc/raw_mfcc_train.7.ark:1437523
FLJG0_SI1611 /home/sky/kaldi/egs/timit/s5/mfcc/raw_mfcc_train.2.ark:996841
FMBG0_SX350 /home/sky/kaldi/egs/timit/s5/mfcc/raw_mfcc_train.2.ark:1278810
MRMB0_SX411 /home/sky/kaldi/egs/timit/s5/mfcc/raw_mfcc_train.9.ark:466377
MJAC0_SX431 /home/sky/kaldi/egs/timit/s5/mfcc/raw_mfcc_train.6.ark:560938
