MRLD0_SX244 /home/sky/kaldi/egs/timit/s5/mfcc/raw_mfcc_train.9.ark:309648
MAFM0_SX219 /home/sky/kaldi/egs/timit/s5/mfcc/raw_mfcc_train.4.ark:83279
MRJH0_SX259 /home/sky/kaldi/egs/timit/s5/mfcc/raw_mfcc_train.9.ark:136165
MSAH1_SX329 /home/sky/kaldi/egs/timit/s5/mfcc/raw_mfcc_train.9.ark:959241
MFXV0_SX195 /home/sky/kaldi/egs/timit/s5/mfcc/raw_mfcc_train.5.ark:1354937
MCLK0_SX130 /home/sky/kaldi/egs/timit/s5/mfcc/raw_mfcc_train.4.ark:979047
MMWB0_SX269 /home/sky/kaldi/egs/timit/s5/mfcc/raw_mfcc_train.8.ark:320701
MJFR0_SI2235 /home/sky/kaldi/egs/timit/s5/mfcc/raw_mfcc_train.6.ark:965179
MMEA0_SI2018 /home/sky/kaldi/egs/timit/s5/mfcc/raw_mfcc_train.7.ark:1477005
MFWK0_SI619 /home/sky/kaldi/egs/timit/s5/mfcc/raw_mfcc_train.5.ark:1278634
MSAT0_SX446 /home/sky/kaldi/egs/timit/s5/mfcc/raw_mfcc_train.9.ark:1025493
MMGK0_SX332 /home/sky/kaldi/egs/timit/s5/mfcc/raw_mfcc_train.8.ark:87296
FSJK1_SX125 /home/sky/kaldi/egs/timit/s5/mfcc/raw_mfcc_train.3.ark:772111
MDLM0_SI1234 /home/sky/kaldi/egs/timit/s5/mfcc/raw_mfcc_train.5.ark:362093
FKLH0_SX87 /home/sky/kaldi/egs/timit/s5/mfcc/raw_mfcc_train.2.ark:732409
MEFG0_SX375 /home/sky/kaldi/egs/timit/s5/mfcc/raw_mfcc_train.5.ark:989657
MTWH1_SX252 /home/sky/kaldi/egs/timit/s5/mfcc/raw_mfcc_train.10.ark:987205
MDHS0_SI900 /home/sky/kaldi/egs/timit/s5/mfcc/raw_mfcc_train.5.ark:108086
FLTM0_SX260 /home/sky/kaldi/egs/timit/s5/mfcc/raw_mfcc_train.2.ark:1209218
MRXB0_SI1585 /home/sky/kaldi/egs/timit/s5/mfcc/raw_mfcc_train.9.ark:909929
FGMB0_SI1145 /home/sky/kaldi/egs/timit/s5/mfcc/raw_mfcc_train.1.ark:1432507
FDAS1_SI831 /home/sky/kaldi/egs/timit/s5/mfcc/raw_mfcc_train.1.ark:793705
FLTM0_SX170 /home/sky/kaldi/egs/timit/s5/mfcc/raw_mfcc_train.2.ark:1203361
MBMA0_SI1852 /home/sky/kaldi/egs/timit/s5/mfcc/raw_mfcc_train.4.ark:481424
MDLH0_SX70 /home/sky/kaldi/egs/timit/s5/mfcc/raw_mfcc_train.5.ark:360564
MBEF0_SI651 /home/sky/kaldi/egs/timit/s5/mfcc/raw_mfcc_train.4.ark:391781
FLEH0_SI1681 /home/sky/kaldi/egs/timit/s5/mfcc/raw_mfcc_train.2.ark:841185
FJLG0_SI1506 /home/sky/kaldi/egs/timit/s5/mfcc/raw_mfcc_train.2.ark:159822
MTDP0_SX81 /home/sky/kaldi/egs/timit/s5/mfcc/raw_mfcc_train.10.ark:308690
MWRP0_SX363 /home/sky/kaldi/egs/timit/s5/mfcc/raw_mfcc_train.10.ark:1407111
MTQC0_SX91 /home/sky/kaldi/egs/timit/s5/mfcc/raw_mfcc_train.10.ark:877889
MTRC0_SI589 /home/sky/kaldi/egs/timit/s5/mfcc/raw_mfcc_train.10.ark:885483
FCMM0_SX93 /home/sky/kaldi/egs/timit/s5/mfcc/raw_mfcc_train.1.ark:716595
MCDD0_SX73 /home/sky/kaldi/egs/timit/s5/mfcc/raw_mfcc_train.4.ark:819655
FCDR1_SI1186 /home/sky/kaldi/egs/timit/s5/mfcc/raw_mfcc_train.1.ark:468314
MDAC0_SX271 /home/sky/kaldi/egs/timit/s5/mfcc/raw_mfcc_train.4.ark:1234829
FJSP0_SX174 /home/sky/kaldi/egs/timit/s5/mfcc/raw_mfcc_train.2.ark:342261
MTJS0_SX112 /home/sky/kaldi/egs/timit/s5/mfcc/raw_mfcc_train.10.ark:427827
FSMM0_SX144 /home/sky/kaldi/egs/timit/s5/mfcc/raw_mfcc_train.3.ark:1029890
MGAF0_SX22 /home/sky/kaldi/egs/timit/s5/mfcc/raw_mfcc_train.5.ark:1383932
MKDT0_SI814 /home/sky/kaldi/egs/timit/s5/mfcc/raw_mfcc_train.7.ark:551521
FHLM0_SI930 /home/sky/kaldi/egs/timit/s5/mfcc/raw_mfcc_train.1.ark:1513796
MLBC0_SI1239 /home/sky/kaldi/egs/timit/s5/mfcc/raw_mfcc_train.7.ark:868038
MCAL0_SX148 /home/sky/kaldi/egs/timit/s5/mfcc/raw_mfcc_train.4.ark:742294
FDMY0_SX387 /home/sky/kaldi/egs/timit/s5/mfcc/raw_mfcc_train.1.ark:1014759
MKDB0_SI588 /home/sky/kaldi/egs/timit/s5/mfcc/raw_mfcc_train.7.ark:487773
MBCG0_SX327 /home/sky/kaldi/egs/timit/s5/mfcc/raw_mfcc_train.4.ark:371374
MWEM0_SI1950 /home/sky/kaldi/egs/timit/s5/mfcc/raw_mfcc_train.10.ark:1292044
MRAV0_SI1638 /home/sky/kaldi/egs/timit/s5/mfcc/raw_mfcc_train.8.ark:1063937
MRKM0_SX97 /home/sky/kaldi/egs/timit/s5/mfcc/raw_mfcc_train.9.ark:290748
MILB0_SX183 /home/sky/kaldi/egs/timit/s5/mfcc/raw_mfcc_train.6.ark:520575
MLSH0_SI1417 /home/sky/kaldi/egs/timit/s5/mfcc/raw_mfcc_train.7.ark:1040313
MRRE0_SI1334 /home/sky/kaldi/egs/timit/s5/mfcc/raw_mfcc_train.9.ark:633938
MDLR1_SX219 /home/sky/kaldi/egs/timit/s5/mfcc/raw_mfcc_train.5.ark:442810
MRRE0_SX74 /home/sky/kaldi/egs/timit/s5/mfcc/raw_mfcc_train.9.ark:668020
MCTH0_SX309 /home/sky/kaldi/egs/timit/s5/mfcc/raw_mfcc_train.4.ark:1141000
MADD0_SX358 /home/sky/kaldi/egs/timit/s5/mfcc/raw_mfcc_train.3.ark:1517817
FAJW0_SX273 /home/sky/kaldi/egs/timit/s5/mfcc/raw_mfcc_train.1.ark:53477
FLEH0_SX421 /home/sky/kaldi/egs/timit/s5/mfcc/raw_mfcc_train.2.ark:859460
MTPP0_SX158 /home/sky/kaldi/egs/timit/s5/mfcc/raw_mfcc_train.10.ark:784252
MDSJ0_SI2092 /home/sky/kaldi/egs/timit/s5/mfcc/raw_mfcc_train.5.ark:694965
MTDB0_SI771 /home/sky/kaldi/egs/timit/s5/mfcc/raw_mfcc_train.10.ark:249149
FREH0_SX145 /home/sky/kaldi/egs/timit/s5/mfcc/raw_mfcc_train.3.ark:369752
MDSJ0_SX22 /home/sky/kaldi/egs/timit/s5/mfcc/raw_mfcc_train.5.ark:705255
FGCS0_SI856 /home/sky/kaldi/egs/timit/s5/mfcc/raw_mfcc_train.1.ark:1371841
MMVP0_SX204 /home/sky/kaldi/egs/timit/s5/mfcc/raw_mfcc_train.8.ark:280889
FTLG0_SI1743 /home/sky/kaldi/egs/timit/s5/mfcc/raw_mfcc_train.3.ark:1277103
MCLM0_SX376 /home/sky/kaldi/egs/timit/s5/mfcc/raw_mfcc_train.4.ark:1022395
MMBS0_SI1781 /home/sky/kaldi/egs/timit/s5/mfcc/raw_mfcc_train.7.ark:1251940
MGAW0_SI1165 /home/sky/kaldi/egs/timit/s5/mfcc/raw_mfcc_train.6.ark:24547
MKAJ0_SX154 /home/sky/kaldi/egs/timit/s5/mfcc/raw_mfcc_train.7.ark:432943
MJAE0_SX84 /home/sky/kaldi/egs/timit/s5/mfcc/raw_mfcc_train.6.ark:597272
FEME0_SX155 /home/sky/kaldi/egs/timit/s5/mfcc/raw_mfcc_train.1.ark:1272837
FLMA0_SI613 /home/sky/kaldi/egs/timit/s5/mfcc/raw_mfcc_train.2.ark:1079194
FETB0_SI1778 /home/sky/kaldi/egs/timit/s5/mfcc/raw_mfcc_train.1.ark:1298191
MMDM1_SX153 /home/sky/kaldi/egs/timit/s5/mfcc/raw_mfcc_train.7.ark:1422019
FEAR0_SX262 /home/sky/kaldi/egs/timit/s5/mfcc/raw_mfcc_train.1.ark:1169102
MJRH0_SX315 /home/sky/kaldi/egs/timit/s5/mfcc/raw_mfcc_train.7.ark:38154
MJLG1_SI1642 /home/sky/kaldi/egs/timit/s5/mfcc/raw_mfcc_train.6.ark:1197810
MCSS0_SI750 /home/sky/kaldi/egs/timit/s5/mfcc/raw_mfcc_train.4.ark:1099283
FLJG0_SX81 /home/sky/kaldi/egs/timit/s5/mfcc/raw_mfcc_train.2.ark:1031379
MMAG0_SX226 /home/sky/kaldi/egs/timit/s5/mfcc/raw_mfcc_train.7.ark:1163402
FSGF0_SX387 /home/sky/kaldi/egs/timit/s5/mfcc/raw_mfcc_train.3.ark:712731
MSDH0_SX350 /home/sky/kaldi/egs/timit/s5/mfcc/raw_mfcc_train.9.ark:1106103
MRLR0_SX386 /home/sky/kaldi/egs/timit/s5/mfcc/raw_mfcc_train.9.ark:440092
MJEB1_SX207 /home/sky/kaldi/egs/timit/s5/mfcc/raw_mfcc_train.6.ark:888511
MCHL0_SX267 /home/sky/kaldi/egs/timit/s5/mfcc/raw_mfcc_train.4.ark:948317
MMGK0_SI1322 /home/sky/kaldi/egs/timit/s5/mfcc/raw_mfcc_train.8.ark:72544
FSAK0_SI1300 /home/sky/kaldi/egs/timit/s5/mfcc/raw_mfcc_train.3.ark:519866
MJRH1_SX244 /home/sky/kaldi/egs/timit/s5/mfcc/raw_mfcc_train.7.ark:67090
MJXA0_SX337 /home/sky/kaldi/egs/timit/s5/mfcc/raw_mfcc_train.7.ark:309607
MDPB0_SI1760 /home/sky/kaldi/egs/timit/s5/mfcc/raw_mfcc_train.5.ark:559646
MRAI0_SX162 /home/sky/kaldi/egs/timit/s5/mfcc/raw_mfcc_train.8.ark:1009002
FJWB1_SX435 /home/sky/kaldi/egs/timit/s5/mfcc/raw_mfcc_train.2.ark:386304
MAKR0_SX452 /home/sky/kaldi/egs/timit/s5/mfcc/raw_mfcc_train.4.ark:190235
MWRE0_SX337 /home/sky/kaldi/egs/timit/s5/mfcc/raw_mfcc_train.10.ark:1369894
MEJL0_SX242 /home/sky/kaldi/egs/timit/s5/mfcc/raw_mfcc_train.5.ark:1043933
MTDB0_SX51 /home/sky/kaldi/egs/timit/s5/mfcc/raw_mfcc_train.10.ark:270178
FCMM0_SX273 /home/sky/kaldi/egs/timit/s5/mfcc/raw_mfcc_train.1.ark:703835
MREE0_SI1104 /home/sky/kaldi/egs/timit/s5/mfcc/raw_mfcc_train.8.ark:1281703
MRGS0_SI1986 /home/sky/kaldi/egs/timit/s5/mfcc/raw_mfcc_train.9.ark:17038
MTRT0_SI1857 /home/sky/kaldi/egs/timit/s5/mfcc/raw_mfcc_train.10.ark:949336
FRJB0_SX437 /home/sky/kaldi/egs/timit/s5/mfcc/raw_mfcc_train.3.ark:405906
MTML0_SX345 /home/sky/kaldi/egs/timit/s5/mfcc/raw_mfcc_train.10.ark:632180
MRDM0_SI1595 /home/sky/kaldi/egs/timit/s5/mfcc/raw_mfcc_train.8.ark:1226633
MDPS0_SI719 /home/sky/kaldi/egs/timit/s5/mfcc/raw_mfcc_train.5.ark:629858
MPEB0_SX330 /home/sky/kaldi/egs/timit/s5/mfcc/raw_mfcc_train.8.ark:537073
MTCS0_SI2265 /home/sky/kaldi/egs/timit/s5/mfcc/raw_mfcc_train.10.ark:210956
FPAB1_SI841 /home/sky/kaldi/egs/timit/s5/mfcc/raw_mfcc_train.3.ark:92975
FJKL0_SI2192 /home/sky/kaldi/egs/timit/s5/mfcc/raw_mfcc_train.2.ark:130718
MBGT0_SI1341 /home/sky/kaldi/egs/timit/s5/mfcc/raw_mfcc_train.4.ark:410660
FSAG0_SI1323 /home/sky/kaldi/egs/timit/s5/mfcc/raw_mfcc_train.3.ark:446575
MBTH0_SX32 /home/sky/kaldi/egs/timit/s5/mfcc/raw_mfcc_train.4.ark:648779
MCEF0_SX325 /home/sky/kaldi/egs/timit/s5/mfcc/raw_mfcc_train.4.ark:879569
FSLS0_SX66 /home/sky/kaldi/egs/timit/s5/mfcc/raw_mfcc_train.3.ark:980455
MPMB0_SI2131 /home/sky/kaldi/egs/timit/s5/mfcc/raw_mfcc_train.8.ark:682475
MRAM0_SI1951 /home/sky/kaldi/egs/timit/s5/mfcc/raw_mfcc_train.8.ark:1037393
FNKL0_SX262 /home/sky/kaldi/egs/timit/s5/mfcc/raw_mfcc_train.3.ark:39544
MEFG0_SI491 /home/sky/kaldi/egs/timit/s5/mfcc/raw_mfcc_train.5.ark:963811
FMKF0_SX366 /home/sky/kaldi/egs/timit/s5/mfcc/raw_mfcc_train.2.ark:1483954
FBMH0_SX146 /home/sky/kaldi/egs/timit/s5/mfcc/raw_mfcc_train.1.ark:357491
MMAA0_SI1588 /home/sky/kaldi/egs/timit/s5/mfcc/raw_mfcc_train.7.ark:1074469
MRSO0_SI1206 /home/sky/kaldi/egs/timit/s5/mfcc/raw_mfcc_train.9.ark:672240
MDWD0_SI557 /home/sky/kaldi/egs/timit/s5/mfcc/raw_mfcc_train.5.ark:815893
MEDR0_SX114 /home/sky/kaldi/egs/timit/s5/mfcc/raw_mfcc_train.5.ark:945206
MTQC0_SX181 /home/sky/kaldi/egs/timit/s5/mfcc/raw_mfcc_train.10.ark:855671
MGRL0_SX417 /home/sky/kaldi/egs/timit/s5/mfcc/raw_mfcc_train.6.ark:143257
MWAD0_SI1749 /home/sky/kaldi/egs/timit/s5/mfcc/raw_mfcc_train.10.ark:1173206
MTKD0_SX107 /home/sky/kaldi/egs/timit/s5/mfcc/raw_mfcc_train.10.ark:494553
MMAR0_SX346 /home/sky/kaldi/egs/timit/s5/mfcc/raw_mfcc_train.7.ark:1234504
FLAG0_SX24 /home/sky/kaldi/egs/timit/s5/mfcc/raw_mfcc_train.2.ark:822786
MSAT1_SX263 /home/sky/kaldi/egs/timit/s5/mfcc/raw_mfcc_train.9.ark:1048521
MNTW0_SI1068 /home/sky/kaldi/egs/timit/s5/mfcc/raw_mfcc_train.8.ark:457830
MKJO0_SX77 /home/sky/kaldi/egs/timit/s5/mfcc/raw_mfcc_train.7.ark:643274
MMAG0_SX316 /home/sky/kaldi/egs/timit/s5/mfcc/raw_mfcc_train.7.ark:1167595
FMAH1_SX339 /home/sky/kaldi/egs/timit/s5/mfcc/raw_mfcc_train.2.ark:1248308
MEJS0_SX340 /home/sky/kaldi/egs/timit/s5/mfcc/raw_mfcc_train.5.ark:1080826
MKJO0_SX167 /home/sky/kaldi/egs/timit/s5/mfcc/raw_mfcc_train.7.ark:627868
MJXA0_SI1507 /home/sky/kaldi/egs/timit/s5/mfcc/raw_mfcc_train.7.ark:289603
MRLK0_SX33 /home/sky/kaldi/egs/timit/s5/mfcc/raw_mfcc_train.9.ark:405916
MRDS0_SX87 /home/sky/kaldi/egs/timit/s5/mfcc/raw_mfcc_train.8.ark:1278770
MRCW0_SI1371 /home/sky/kaldi/egs/timit/s5/mfcc/raw_mfcc_train.8.ark:1161198
MSEM1_SX180 /home/sky/kaldi/egs/timit/s5/mfcc/raw_mfcc_train.9.ark:1178991
MBOM0_SX384 /home/sky/kaldi/egs/timit/s5/mfcc/raw_mfcc_train.4.ark:595414
MJMD0_SI1658 /home/sky/kaldi/egs/timit/s5/mfcc/raw_mfcc_train.6.ark:1291192
MJRP0_SI585 /home/sky/kaldi/egs/timit/s5/mfcc/raw_mfcc_train.7.ark:118878
MCPM0_SX204 /home/sky/kaldi/egs/timit/s5/mfcc/raw_mfcc_train.4.ark:1043713
MAKB0_SX26 /home/sky/kaldi/egs/timit/s5/mfcc/raw_mfcc_train.4.ark:162025
FDKN0_SX181 /home/sky/kaldi/egs/timit/s5/mfcc/raw_mfcc_train.1.ark:924216
MDAS0_SX96 /home/sky/kaldi/egs/timit/s5/mfcc/raw_mfcc_train.4.ark:1275853
MDPK0_SX63 /home/sky/kaldi/egs/timit/s5/mfcc/raw_mfcc_train.5.ark:619825
MLJH0_SI1422 /home/sky/kaldi/egs/timit/s5/mfcc/raw_mfcc_train.7.ark:973192
MREE0_SI1959 /home/sky/kaldi/egs/timit/s5/mfcc/raw_mfcc_train.8.ark:1292119
FDML0_SX429 /home/sky/kaldi/egs/timit/s5/mfcc/raw_mfcc_train.1.ark:968352
MJEB0_SI1916 /home/sky/kaldi/egs/timit/s5/mfcc/raw_mfcc_train.6.ark:840554
MTER0_SX167 /home/sky/kaldi/egs/timit/s5/mfcc/raw_mfcc_train.10.ark:326205
MKLN0_SX338 /home/sky/kaldi/egs/timit/s5/mfcc/raw_mfcc_train.7.ark:665067
MTJS0_SI562 /home/sky/kaldi/egs/timit/s5/mfcc/raw_mfcc_train.10.ark:421372
MTDB0_SX231 /home/sky/kaldi/egs/timit/s5/mfcc/raw_mfcc_train.10.ark:259641
MCAE0_SX7 /home/sky/kaldi/egs/timit/s5/mfcc/raw_mfcc_train.4.ark:723239
MMLM0_SX267 /home/sky/kaldi/egs/timit/s5/mfcc/raw_mfcc_train.8.ark:144707
FSAK0_SX130 /home/sky/kaldi/egs/timit/s5/mfcc/raw_mfcc_train.3.ark:532303
MRLJ1_SX51 /home/sky/kaldi/egs/timit/s5/mfcc/raw_mfcc_train.9.ark:376902
FBCG1_SX442 /home/sky/kaldi/egs/timit/s5/mfcc/raw_mfcc_train.1.ark:230807
MHMR0_SI1692 /home/sky/kaldi/egs/timit/s5/mfcc/raw_mfcc_train.6.ark:412388
MSAH1_SX59 /home/sky/kaldi/egs/timit/s5/mfcc/raw_mfcc_train.9.ark:967405
MEJS0_SX430 /home/sky/kaldi/egs/timit/s5/mfcc/raw_mfcc_train.5.ark:1084382
FLEH0_SI1051 /home/sky/kaldi/egs/timit/s5/mfcc/raw_mfcc_train.2.ark:835496
MRRE0_SX254 /home/sky/kaldi/egs/timit/s5/mfcc/raw_mfcc_train.9.ark:657028
MDEF0_SI1123 /home/sky/kaldi/egs/timit/s5/mfcc/raw_mfcc_train.5.ark:13
MKLR0_SX69 /home/sky/kaldi/egs/timit/s5/mfcc/raw_mfcc_train.7.ark:702383
FSKL0_SX89 /home/sky/kaldi/egs/timit/s5/mfcc/raw_mfcc_train.3.ark:917316
MRTC0_SI1458 /home/sky/kaldi/egs/timit/s5/mfcc/raw_mfcc_train.9.ark:745610
MRFL0_SX256 /home/sky/kaldi/egs/timit/s5/mfcc/raw_mfcc_train.8.ark:1463433
FEAC0_SX345 /home/sky/kaldi/egs/timit/s5/mfcc/raw_mfcc_train.1.ark:1142246
MDLB0_SI1306 /home/sky/kaldi/egs/timit/s5/mfcc/raw_mfcc_train.5.ark:194953
MTKD0_SX197 /home/sky/kaldi/egs/timit/s5/mfcc/raw_mfcc_train.10.ark:501755
MDMT0_SX32 /home/sky/kaldi/egs/timit/s5/mfcc/raw_mfcc_train.5.ark:519950
MTQC0_SI2071 /home/sky/kaldi/egs/timit/s5/mfcc/raw_mfcc_train.10.ark:848637
MDKS0_SX76 /home/sky/kaldi/egs/timit/s5/mfcc/raw_mfcc_train.5.ark:189797
MMEA0_SX38 /home/sky/kaldi/egs/timit/s5/mfcc/raw_mfcc_train.7.ark:1492951
MSFV0_SX452 /home/sky/kaldi/egs/timit/s5/mfcc/raw_mfcc_train.9.ark:1295560
FMMH0_SX187 /home/sky/kaldi/egs/timit/s5/mfcc/raw_mfcc_train.2.ark:1510697
MSMS0_SX173 /home/sky/kaldi/egs/timit/s5/mfcc/raw_mfcc_train.9.ark:1418447
MAEB0_SX360 /home/sky/kaldi/egs/timit/s5/mfcc/raw_mfcc_train.4.ark:28272
MFRM0_SI1155 /home/sky/kaldi/egs/timit/s5/mfcc/raw_mfcc_train.5.ark:1241082
FCAG0_SX243 /home/sky/kaldi/egs/timit/s5/mfcc/raw_mfcc_train.1.ark:423002
MWAD0_SX432 /home/sky/kaldi/egs/timit/s5/mfcc/raw_mfcc_train.10.ark:1187256
FJRB0_SX222 /home/sky/kaldi/egs/timit/s5/mfcc/raw_mfcc_train.2.ark:238005
MGES0_SX131 /home/sky/kaldi/egs/timit/s5/mfcc/raw_mfcc_train.6.ark:63795
MAJP0_SX174 /home/sky/kaldi/egs/timit/s5/mfcc/raw_mfcc_train.4.ark:110617
FJRB0_SX312 /home/sky/kaldi/egs/timit/s5/mfcc/raw_mfcc_train.2.ark:242081
FTBR0_SI2181 /home/sky/kaldi/egs/timit/s5/mfcc/raw_mfcc_train.3.ark:1219277
MJPM1_SX401 /home/sky/kaldi/egs/timit/s5/mfcc/raw_mfcc_train.6.ark:1431219
MJLB0_SX86 /home/sky/kaldi/egs/timit/s5/mfcc/raw_mfcc_train.6.ark:1191138
MAPV0_SX303 /home/sky/kaldi/egs/timit/s5/mfcc/raw_mfcc_train.4.ark:221810
MLEL0_SI616 /home/sky/kaldi/egs/timit/s5/mfcc/raw_mfcc_train.7.ark:906811
MMDB0_SI1617 /home/sky/kaldi/egs/timit/s5/mfcc/raw_mfcc_train.7.ark:1321864
MCLM0_SI2086 /home/sky/kaldi/egs/timit/s5/mfcc/raw_mfcc_train.4.ark:1001567
FSDJ0_SX125 /home/sky/kaldi/egs/timit/s5/mfcc/raw_mfcc_train.3.ark:668005
FCRZ0_SX253 /home/sky/kaldi/egs/timit/s5/mfcc/raw_mfcc_train.1.ark:735573
MJRK0_SI1662 /home/sky/kaldi/egs/timit/s5/mfcc/raw_mfcc_train.7.ark:81561
MCXM0_SX271 /home/sky/kaldi/egs/timit/s5/mfcc/raw_mfcc_train.4.ark:1201297
FJXM0_SI1211 /home/sky/kaldi/egs/timit/s5/mfcc/raw_mfcc_train.2.ark:393767
MRFK0_SI1076 /home/sky/kaldi/egs/timit/s5/mfcc/raw_mfcc_train.8.ark:1414596
MDWH0_SI665 /home/sky/kaldi/egs/timit/s5/mfcc/raw_mfcc_train.5.ark:844836
MDNS0_SI873 /home/sky/kaldi/egs/timit/s5/mfcc/raw_mfcc_train.5.ark:536958
FSGF0_SI1557 /home/sky/kaldi/egs/timit/s5/mfcc/raw_mfcc_train.3.ark:684238
MBMA1_SI2214 /home/sky/kaldi/egs/timit/s5/mfcc/raw_mfcc_train.4.ark:508573
FSAH0_SX164 /home/sky/kaldi/egs/timit/s5/mfcc/raw_mfcc_train.3.ark:499447
MPFU0_SX88 /home/sky/kaldi/egs/timit/s5/mfcc/raw_mfcc_train.8.ark:579263
MGAK0_SX136 /home/sky/kaldi/egs/timit/s5/mfcc/raw_mfcc_train.5.ark:1436774
MMSM0_SX26 /home/sky/kaldi/egs/timit/s5/mfcc/raw_mfcc_train.8.ark:248910
MTJM0_SI1226 /home/sky/kaldi/egs/timit/s5/mfcc/raw_mfcc_train.10.ark:378517
MRGS0_SX366 /home/sky/kaldi/egs/timit/s5/mfcc/raw_mfcc_train.9.ark:32406
MRCG0_SX78 /home/sky/kaldi/egs/timit/s5/mfcc/raw_mfcc_train.8.ark:1156575
MWCH0_SI1895 /home/sky/kaldi/egs/timit/s5/mfcc/raw_mfcc_train.10.ark:1228962
FALK0_SX366 /home/sky/kaldi/egs/timit/s5/mfcc/raw_mfcc_train.1.ark:89353
FVFB0_SI2292 /home/sky/kaldi/egs/timit/s5/mfcc/raw_mfcc_train.3.ark:1352021
MMJB1_SX238 /home/sky/kaldi/egs/timit/s5/mfcc/raw_mfcc_train.8.ark:113203
MMAR0_SX166 /home/sky/kaldi/egs/timit/s5/mfcc/raw_mfcc_train.7.ark:1222712
MWRP0_SX93 /home/sky/kaldi/egs/timit/s5/mfcc/raw_mfcc_train.10.ark:1411511
FDTD0_SX301 /home/sky/kaldi/egs/timit/s5/mfcc/raw_mfcc_train.1.ark:1077989
FECD0_SX428 /home/sky/kaldi/egs/timit/s5/mfcc/raw_mfcc_train.1.ark:1217065
MDAC0_SX451 /home/sky/kaldi/egs/timit/s5/mfcc/raw_mfcc_train.4.ark:1241564
FSKP0_SI1098 /home/sky/kaldi/egs/timit/s5/mfcc/raw_mfcc_train.3.ark:921042
MJDE0_SI490 /home/sky/kaldi/egs/timit/s5/mfcc/raw_mfcc_train.6.ark:737130
FPAC0_SX301 /home/sky/kaldi/egs/timit/s5/mfcc/raw_mfcc_train.3.ark:143350
FCEG0_SX168 /home/sky/kaldi/egs/timit/s5/mfcc/raw_mfcc_train.1.ark:519704
MDSS1_SI1713 /home/sky/kaldi/egs/timit/s5/mfcc/raw_mfcc_train.5.ark:752864
MREM0_SX421 /home/sky/kaldi/egs/timit/s5/mfcc/raw_mfcc_train.8.ark:1376318
MMAB1_SI2124 /home/sky/kaldi/egs/timit/s5/mfcc/raw_mfcc_train.7.ark:1111246
FDFB0_SI1318 /home/sky/kaldi/egs/timit/s5/mfcc/raw_mfcc_train.1.ark:852123
FJLR0_SX421 /home/sky/kaldi/egs/timit/s5/mfcc/raw_mfcc_train.2.ark:216083
MRJM0_SI1858 /home/sky/kaldi/egs/timit/s5/mfcc/raw_mfcc_train.9.ark:160025
MDDC0_SI1419 /home/sky/kaldi/egs/timit/s5/mfcc/raw_mfcc_train.4.ark:1408183
MFER0_SX412 /home/sky/kaldi/egs/timit/s5/mfcc/raw_mfcc_train.5.ark:1200217
FSJS0_SI1171 /home/sky/kaldi/egs/timit/s5/mfcc/raw_mfcc_train.3.ark:789293
MGAF0_SI652 /home/sky/kaldi/egs/timit/s5/mfcc/raw_mfcc_train.5.ark:1375917
MBGT0_SI1841 /home/sky/kaldi/egs/timit/s5/mfcc/raw_mfcc_train.4.ark:412982
MMGC0_SX405 /home/sky/kaldi/egs/timit/s5/mfcc/raw_mfcc_train.8.ark:33498
MCEF0_SX415 /home/sky/kaldi/egs/timit/s5/mfcc/raw_mfcc_train.4.ark:882787
MGAW0_SX265 /home/sky/kaldi/egs/timit/s5/mfcc/raw_mfcc_train.6.ark:42971
MKXL0_SX105 /home/sky/kaldi/egs/timit/s5/mfcc/raw_mfcc_train.7.ark:851493
MRRE0_SI704 /home/sky/kaldi/egs/timit/s5/mfcc/raw_mfcc_train.9.ark:640783
MRML0_SX431 /home/sky/kaldi/egs/timit/s5/mfcc/raw_mfcc_train.9.ark:567937
MFXV0_SX15 /home/sky/kaldi/egs/timit/s5/mfcc/raw_mfcc_train.5.ark:1351641
MDLR0_SX333 /home/sky/kaldi/egs/timit/s5/mfcc/raw_mfcc_train.5.ark:411248
FCAG0_SX423 /home/sky/kaldi/egs/timit/s5/mfcc/raw_mfcc_train.1.ark:431921
MDWD0_SX90 /home/sky/kaldi/egs/timit/s5/mfcc/raw_mfcc_train.5.ark:832294
MRLD0_SX154 /home/sky/kaldi/egs/timit/s5/mfcc/raw_mfcc_train.9.ark:306573
MJRK0_SI880 /home/sky/kaldi/egs/timit/s5/mfcc/raw_mfcc_train.7.ark:86139
MADC0_SI1997 /home/sky/kaldi/egs/timit/s5/mfcc/raw_mfcc_train.3.ark:1468683
FSAG0_SX243 /home/sky/kaldi/egs/timit/s5/mfcc/raw_mfcc_train.3.ark:463543
MJMM0_SX445 /home/sky/kaldi/egs/timit/s5/mfcc/raw_mfcc_train.6.ark:1340373
MSJK0_SX336 /home/sky/kaldi/egs/timit/s5/mfcc/raw_mfcc_train.9.ark:1326459
MDSJ0_SX382 /home/sky/kaldi/egs/timit/s5/mfcc/raw_mfcc_train.5.ark:712991
MSAT1_SI2333 /home/sky/kaldi/egs/timit/s5/mfcc/raw_mfcc_train.9.ark:1039875
FJSP0_SX354 /home/sky/kaldi/egs/timit/s5/mfcc/raw_mfcc_train.2.ark:351206
FCEG0_SX348 /home/sky/kaldi/egs/timit/s5/mfcc/raw_mfcc_train.1.ark:525672
FSMM0_SX54 /home/sky/kaldi/egs/timit/s5/mfcc/raw_mfcc_train.3.ark:1048832
FMKF0_SI906 /home/sky/kaldi/egs/timit/s5/mfcc/raw_mfcc_train.2.ark:1472922
MMGK0_SI692 /home/sky/kaldi/egs/timit/s5/mfcc/raw_mfcc_train.8.ark:78786
FKLC1_SI1678 /home/sky/kaldi/egs/timit/s5/mfcc/raw_mfcc_train.2.ark:677346
FKLC0_SI1615 /home/sky/kaldi/egs/timit/s5/mfcc/raw_mfcc_train.2.ark:637254
MLNS0_SX237 /home/sky/kaldi/egs/timit/s5/mfcc/raw_mfcc_train.7.ark:1025582
MMAR0_SX436 /home/sky/kaldi/egs/timit/s5/mfcc/raw_mfcc_train.7.ark:1240517
FMJB0_SX7 /home/sky/kaldi/egs/timit/s5/mfcc/raw_mfcc_train.2.ark:1353745
MJWT0_SX391 /home/sky/kaldi/egs/timit/s5/mfcc/raw_mfcc_train.7.ark:286488
FLEH0_SX331 /home/sky/kaldi/egs/timit/s5/mfcc/raw_mfcc_train.2.ark:855618
MJDE0_SI463 /home/sky/kaldi/egs/timit/s5/mfcc/raw_mfcc_train.6.ark:734302
MWSB0_SX366 /home/sky/kaldi/egs/timit/s5/mfcc/raw_mfcc_train.10.ark:1432641
MFXS0_SX54 /home/sky/kaldi/egs/timit/s5/mfcc/raw_mfcc_train.5.ark:1329985
MTAT0_SX300 /home/sky/kaldi/egs/timit/s5/mfcc/raw_mfcc_train.10.ark:132884
MBTH0_SI505 /home/sky/kaldi/egs/timit/s5/mfcc/raw_mfcc_train.4.ark:628907
FEME0_SX425 /home/sky/kaldi/egs/timit/s5/mfcc/raw_mfcc_train.1.ark:1287535
MMDS0_SI1973 /home/sky/kaldi/egs/timit/s5/mfcc/raw_mfcc_train.7.ark:1451247
FJXP0_SX222 /home/sky/kaldi/egs/timit/s5/mfcc/raw_mfcc_train.2.ark:445593
MRWA0_SI2233 /home/sky/kaldi/egs/timit/s5/mfcc/raw_mfcc_train.9.ark:853728
MPGR1_SX419 /home/sky/kaldi/egs/timit/s5/mfcc/raw_mfcc_train.8.ark:666723
MRWA0_SX343 /home/sky/kaldi/egs/timit/s5/mfcc/raw_mfcc_train.9.ark:868810
MRLK0_SX393 /home/sky/kaldi/egs/timit/s5/mfcc/raw_mfcc_train.9.ark:408744
MHRM0_SX328 /home/sky/kaldi/egs/timit/s5/mfcc/raw_mfcc_train.6.ark:459689
MDAS0_SI1896 /home/sky/kaldi/egs/timit/s5/mfcc/raw_mfcc_train.4.ark:1252987
MBTH0_SX122 /home/sky/kaldi/egs/timit/s5/mfcc/raw_mfcc_train.4.ark:635642
MJFH0_SI1107 /home/sky/kaldi/egs/timit/s5/mfcc/raw_mfcc_train.6.ark:934681
MRTJ0_SI1551 /home/sky/kaldi/egs/timit/s5/mfcc/raw_mfcc_train.9.ark:781001
MWEM0_SI1393 /home/sky/kaldi/egs/timit/s5/mfcc/raw_mfcc_train.10.ark:1288760
MDWM0_SX286 /home/sky/kaldi/egs/timit/s5/mfcc/raw_mfcc_train.5.ark:893026
MMWB0_SX449 /home/sky/kaldi/egs/timit/s5/mfcc/raw_mfcc_train.8.ark:330907
FDMY0_SX27 /home/sky/kaldi/egs/timit/s5/mfcc/raw_mfcc_train.1.ark:1006516
FKFB0_SX438 /home/sky/kaldi/egs/timit/s5/mfcc/raw_mfcc_train.2.ark:590812
MRMH0_SI1021 /home/sky/kaldi/egs/timit/s5/mfcc/raw_mfcc_train.9.ark:505826
MCEF0_SI1135 /home/sky/kaldi/egs/timit/s5/mfcc/raw_mfcc_train.4.ark:859604
MJAE0_SX354 /home/sky/kaldi/egs/timit/s5/mfcc/raw_mfcc_train.6.ark:588315
MCTH0_SI1209 /home/sky/kaldi/egs/timit/s5/mfcc/raw_mfcc_train.4.ark:1120918
MJAC0_SX251 /home/sky/kaldi/egs/timit/s5/mfcc/raw_mfcc_train.6.ark:548411
MTPG0_SX393 /home/sky/kaldi/egs/timit/s5/mfcc/raw_mfcc_train.10.ark:769246
MSDH0_SX440 /home/sky/kaldi/egs/timit/s5/mfcc/raw_mfcc_train.9.ark:1111414
FJLG0_SI2306 /home/sky/kaldi/egs/timit/s5/mfcc/raw_mfcc_train.2.ark:168223
MRGM0_SX262 /home/sky/kaldi/egs/timit/s5/mfcc/raw_mfcc_train.8.ark:1500683
MRJM0_SX148 /home/sky/kaldi/egs/timit/s5/mfcc/raw_mfcc_train.9.ark:165310
MJDC0_SX441 /home/sky/kaldi/egs/timit/s5/mfcc/raw_mfcc_train.6.ark:720306
MGAW0_SX355 /home/sky/kaldi/egs/timit/s5/mfcc/raw_mfcc_train.6.ark:46696
FAJW0_SI1263 /home/sky/kaldi/egs/timit/s5/mfcc/raw_mfcc_train.1.ark:32804
FPMY0_SI1153 /home/sky/kaldi/egs/timit/s5/mfcc/raw_mfcc_train.3.ark:319012
MTRC0_SX273 /home/sky/kaldi/egs/timit/s5/mfcc/raw_mfcc_train.10.ark:901982
MVJH0_SX116 /home/sky/kaldi/egs/timit/s5/mfcc/raw_mfcc_train.10.ark:1053912
MGAR0_SI1212 /home/sky/kaldi/egs/timit/s5/mfcc/raw_mfcc_train.5.ark:1459533
MPRK0_SX377 /home/sky/kaldi/egs/timit/s5/mfcc/raw_mfcc_train.8.ark:869424
MSDS0_SX267 /home/sky/kaldi/egs/timit/s5/mfcc/raw_mfcc_train.9.ark:1139200
MPGR0_SI2040 /home/sky/kaldi/egs/timit/s5/mfcc/raw_mfcc_train.8.ark:617334
FDJH0_SX35 /home/sky/kaldi/egs/timit/s5/mfcc/raw_mfcc_train.1.ark:903508
FSBK0_SI1699 /home/sky/kaldi/egs/timit/s5/mfcc/raw_mfcc_train.3.ark:556669
MEAL0_SX347 /home/sky/kaldi/egs/timit/s5/mfcc/raw_mfcc_train.5.ark:923849
MRAV0_SX198 /home/sky/kaldi/egs/timit/s5/mfcc/raw_mfcc_train.8.ark:1079916
FPAC0_SX391 /home/sky/kaldi/egs/timit/s5/mfcc/raw_mfcc_train.3.ark:151137
FTBW0_SI1345 /home/sky/kaldi/egs/timit/s5/mfcc/raw_mfcc_train.3.ark:1245066
FJLR0_SI1861 /home/sky/kaldi/egs/timit/s5/mfcc/raw_mfcc_train.2.ark:197588
FTMG0_SI902 /home/sky/kaldi/egs/timit/s5/mfcc/raw_mfcc_train.3.ark:1317084
MADC0_SX197 /home/sky/kaldi/egs/timit/s5/mfcc/raw_mfcc_train.3.ark:1485766
MBOM0_SX204 /home/sky/kaldi/egs/timit/s5/mfcc/raw_mfcc_train.4.ark:584161
MESJ0_SI2039 /home/sky/kaldi/egs/timit/s5/mfcc/raw_mfcc_train.5.ark:1123063
MDJM0_SX375 /home/sky/kaldi/egs/timit/s5/mfcc/raw_mfcc_train.5.ark:158097
MPMB0_SX331 /home/sky/kaldi/egs/timit/s5/mfcc/raw_mfcc_train.8.ark:708256
MGRP0_SX327 /home/sky/kaldi/egs/timit/s5/mfcc/raw_mfcc_train.6.ark:171010
MAFM0_SI1569 /home/sky/kaldi/egs/timit/s5/mfcc/raw_mfcc_train.4.ark:70692
MWGR0_SX166 /home/sky/kaldi/egs/timit/s5/mfcc/raw_mfcc_train.10.ark:1330458
FLET0_SI507 /home/sky/kaldi/egs/timit/s5/mfcc/raw_mfcc_train.2.ark:876675
FRLL0_SI1514 /home/sky/kaldi/egs/timit/s5/mfcc/raw_mfcc_train.3.ark:414877
MJRG0_SX376 /home/sky/kaldi/egs/timit/s5/mfcc/raw_mfcc_train.7.ark:13409
MMAM0_SX337 /home/sky/kaldi/egs/timit/s5/mfcc/raw_mfcc_train.7.ark:1198073
MDED0_SI1170 /home/sky/kaldi/egs/timit/s5/mfcc/raw_mfcc_train.4.ark:1437477
FSAK0_SI1930 /home/sky/kaldi/egs/timit/s5/mfcc/raw_mfcc_train.3.ark:526010
MBOM0_SX114 /home/sky/kaldi/egs/timit/s5/mfcc/raw_mfcc_train.4.ark:580943
FCAJ0_SI849 /home/sky/kaldi/egs/timit/s5/mfcc/raw_mfcc_train.1.ark:444365
MNET0_SX186 /home/sky/kaldi/egs/timit/s5/mfcc/raw_mfcc_train.8.ark:440715
FCJS0_SX77 /home/sky/kaldi/egs/timit/s5/mfcc/raw_mfcc_train.1.ark:589083
MTJM0_SI655 /home/sky/kaldi/egs/timit/s5/mfcc/raw_mfcc_train.10.ark:388256
MGAG0_SI1321 /home/sky/kaldi/egs/timit/s5/mfcc/raw_mfcc_train.5.ark:1394094
MJEB1_SX387 /home/sky/kaldi/egs/timit/s5/mfcc/raw_mfcc_train.6.ark:897852
MJRA0_SX66 /home/sky/kaldi/egs/timit/s5/mfcc/raw_mfcc_train.6.ark:1469125
MRGS0_SI726 /home/sky/kaldi/egs/timit/s5/mfcc/raw_mfcc_train.9.ark:19086
MDLR0_SI603 /home/sky/kaldi/egs/timit/s5/mfcc/raw_mfcc_train.5.ark:399215
FDFB0_SI2010 /home/sky/kaldi/egs/timit/s5/mfcc/raw_mfcc_train.1.ark:859614
FLTM0_SI1700 /home/sky/kaldi/egs/timit/s5/mfcc/raw_mfcc_train.2.ark:1197106
FCRZ0_SX433 /home/sky/kaldi/egs/timit/s5/mfcc/raw_mfcc_train.1.ark:742282
MJLG1_SX22 /home/sky/kaldi/egs/timit/s5/mfcc/raw_mfcc_train.6.ark:1213061
MWCH0_SI2252 /home/sky/kaldi/egs/timit/s5/mfcc/raw_mfcc_train.10.ark:1230738
MDAC0_SX181 /home/sky/kaldi/egs/timit/s5/mfcc/raw_mfcc_train.4.ark:1229557
FPLS0_SX150 /home/sky/kaldi/egs/timit/s5/mfcc/raw_mfcc_train.3.ark:301819
FBJL0_SX292 /home/sky/kaldi/egs/timit/s5/mfcc/raw_mfcc_train.1.ark:298402
FMJU0_SX129 /home/sky/kaldi/egs/timit/s5/mfcc/raw_mfcc_train.2.ark:1408945
MJRG0_SX352 /home/sky/kaldi/egs/timit/s5/mfcc/raw_mfcc_train.7.ark:7643
MSDH0_SI2113 /home/sky/kaldi/egs/timit/s5/mfcc/raw_mfcc_train.9.ark:1086580
MFMC0_SX142 /home/sky/kaldi/egs/timit/s5/mfcc/raw_mfcc_train.5.ark:1219402
MGSH0_SX96 /home/sky/kaldi/egs/timit/s5/mfcc/raw_mfcc_train.6.ark:215993
MBMA1_SI954 /home/sky/kaldi/egs/timit/s5/mfcc/raw_mfcc_train.4.ark:512675
MWDK0_SI2017 /home/sky/kaldi/egs/timit/s5/mfcc/raw_mfcc_train.10.ark:1257815
MTAS0_SI2015 /home/sky/kaldi/egs/timit/s5/mfcc/raw_mfcc_train.10.ark:86552
FPMY0_SX253 /home/sky/kaldi/egs/timit/s5/mfcc/raw_mfcc_train.3.ark:343644
MTCS0_SX262 /home/sky/kaldi/egs/timit/s5/mfcc/raw_mfcc_train.10.ark:224003
MCPM0_SX384 /home/sky/kaldi/egs/timit/s5/mfcc/raw_mfcc_train.4.ark:1052794
FTBW0_SI1975 /home/sky/kaldi/egs/timit/s5/mfcc/raw_mfcc_train.3.ark:1248129
FMJF0_SX174 /home/sky/kaldi/egs/timit/s5/mfcc/raw_mfcc_train.2.ark:1372579
MSES0_SI1589 /home/sky/kaldi/egs/timit/s5/mfcc/raw_mfcc_train.9.ark:1200684
FCKE0_SX391 /home/sky/kaldi/egs/timit/s5/mfcc/raw_mfcc_train.1.ark:619508
MWCH0_SX362 /home/sky/kaldi/egs/timit/s5/mfcc/raw_mfcc_train.10.ark:1240353
FCEG0_SX258 /home/sky/kaldi/egs/timit/s5/mfcc/raw_mfcc_train.1.ark:522207
MTRC0_SI1623 /home/sky/kaldi/egs/timit/s5/mfcc/raw_mfcc_train.10.ark:882577
MTCS0_SI712 /home/sky/kaldi/egs/timit/s5/mfcc/raw_mfcc_train.10.ark:213108
MJPG0_SX21 /home/sky/kaldi/egs/timit/s5/mfcc/raw_mfcc_train.6.ark:1365759
MDDC0_SX159 /home/sky/kaldi/egs/timit/s5/mfcc/raw_mfcc_train.4.ark:1420243
MSVS0_SX38 /home/sky/kaldi/egs/timit/s5/mfcc/raw_mfcc_train.10.ark:33419
MMDM0_SI1941 /home/sky/kaldi/egs/timit/s5/mfcc/raw_mfcc_train.7.ark:1387537
FEXM0_SI482 /home/sky/kaldi/egs/timit/s5/mfcc/raw_mfcc_train.1.ark:1335409
MRWS0_SX112 /home/sky/kaldi/egs/timit/s5/mfcc/raw_mfcc_train.9.ark:893449
MCTH0_SX129 /home/sky/kaldi/egs/timit/s5/mfcc/raw_mfcc_train.4.ark:1133160
MJDE0_SX310 /home/sky/kaldi/egs/timit/s5/mfcc/raw_mfcc_train.6.ark:754363
MRJM0_SI1095 /home/sky/kaldi/egs/timit/s5/mfcc/raw_mfcc_train.9.ark:153288
MMDM1_SX333 /home/sky/kaldi/egs/timit/s5/mfcc/raw_mfcc_train.7.ark:1432121
MJRH0_SX45 /home/sky/kaldi/egs/timit/s5/mfcc/raw_mfcc_train.7.ark:45759
MRFK0_SX266 /home/sky/kaldi/egs/timit/s5/mfcc/raw_mfcc_train.8.ark:1430135
FAEM0_SI762 /home/sky/kaldi/egs/timit/s5/mfcc/raw_mfcc_train.1.ark:9349
MLEL0_SI1246 /home/sky/kaldi/egs/timit/s5/mfcc/raw_mfcc_train.7.ark:899295
MDHL0_SX179 /home/sky/kaldi/egs/timit/s5/mfcc/raw_mfcc_train.5.ark:81308
MSAT1_SX173 /home/sky/kaldi/egs/timit/s5/mfcc/raw_mfcc_train.9.ark:1043418
MZMB0_SX176 /home/sky/kaldi/egs/timit/s5/mfcc/raw_mfcc_train.10.ark:1494216
MDDC0_SI789 /home/sky/kaldi/egs/timit/s5/mfcc/raw_mfcc_train.4.ark:1415608
MSRG0_SX411 /home/sky/kaldi/egs/timit/s5/mfcc/raw_mfcc_train.9.ark:1460294
MJBG0_SI1862 /home/sky/kaldi/egs/timit/s5/mfcc/raw_mfcc_train.6.ark:641786
MRMH0_SX391 /home/sky/kaldi/egs/timit/s5/mfcc/raw_mfcc_train.9.ark:533046
MHXL0_SX242 /home/sky/kaldi/egs/timit/s5/mfcc/raw_mfcc_train.6.ark:488858
MKDT0_SX83 /home/sky/kaldi/egs/timit/s5/mfcc/raw_mfcc_train.7.ark:578472
MDSS0_SI2087 /home/sky/kaldi/egs/timit/s5/mfcc/raw_mfcc_train.5.ark:724870
MBMA0_SI1222 /home/sky/kaldi/egs/timit/s5/mfcc/raw_mfcc_train.4.ark:475085
MBOM0_SI2274 /home/sky/kaldi/egs/timit/s5/mfcc/raw_mfcc_train.4.ark:577556
MBAR0_SX59 /home/sky/kaldi/egs/timit/s5/mfcc/raw_mfcc_train.4.ark:320976
MKLN0_SX428 /home/sky/kaldi/egs/timit/s5/mfcc/raw_mfcc_train.7.ark:669546
MDLC1_SI2144 /home/sky/kaldi/egs/timit/s5/mfcc/raw_mfcc_train.5.ark:279817
FMKC0_SX82 /home/sky/kaldi/egs/timit/s5/mfcc/raw_mfcc_train.2.ark:1458820
FJRB0_SX132 /home/sky/kaldi/egs/timit/s5/mfcc/raw_mfcc_train.2.ark:234670
FLHD0_SX444 /home/sky/kaldi/egs/timit/s5/mfcc/raw_mfcc_train.2.ark:921247
MCLM0_SX196 /home/sky/kaldi/egs/timit/s5/mfcc/raw_mfcc_train.4.ark:1015647
FMJU0_SX39 /home/sky/kaldi/egs/timit/s5/mfcc/raw_mfcc_train.2.ark:1421770
MRFL0_SX166 /home/sky/kaldi/egs/timit/s5/mfcc/raw_mfcc_train.8.ark:1457823
MTJS0_SI1192 /home/sky/kaldi/egs/timit/s5/mfcc/raw_mfcc_train.10.ark:410528
MTWH1_SX162 /home/sky/kaldi/egs/timit/s5/mfcc/raw_mfcc_train.10.ark:983779
MSEM1_SI810 /home/sky/kaldi/egs/timit/s5/mfcc/raw_mfcc_train.9.ark:1169949
FLAG0_SX114 /home/sky/kaldi/egs/timit/s5/mfcc/raw_mfcc_train.2.ark:814193
FCEG0_SX78 /home/sky/kaldi/egs/timit/s5/mfcc/raw_mfcc_train.1.ark:534512
MJHI0_SX428 /home/sky/kaldi/egs/timit/s5/mfcc/raw_mfcc_train.6.ark:1020286
FCYL0_SX217 /home/sky/kaldi/egs/timit/s5/mfcc/raw_mfcc_train.1.ark:767636
MRMB0_SX321 /home/sky/kaldi/egs/timit/s5/mfcc/raw_mfcc_train.9.ark:461781
MRGM0_SI532 /home/sky/kaldi/egs/timit/s5/mfcc/raw_mfcc_train.8.ark:1488917
MDED0_SX180 /home/sky/kaldi/egs/timit/s5/mfcc/raw_mfcc_train.4.ark:1452293
MPMB0_SI871 /home/sky/kaldi/egs/timit/s5/mfcc/raw_mfcc_train.8.ark:689957
FCJS0_SI1607 /home/sky/kaldi/egs/timit/s5/mfcc/raw_mfcc_train.1.ark:562761
MDEM0_SI608 /home/sky/kaldi/egs/timit/s5/mfcc/raw_mfcc_train.5.ark:33228
FCAJ0_SI1804 /home/sky/kaldi/egs/timit/s5/mfcc/raw_mfcc_train.1.ark:441914
MJWT0_SI751 /home/sky/kaldi/egs/timit/s5/mfcc/raw_mfcc_train.7.ark:266057
MGXP0_SX97 /home/sky/kaldi/egs/timit/s5/mfcc/raw_mfcc_train.6.ark:287837
MKDD0_SX397 /home/sky/kaldi/egs/timit/s5/mfcc/raw_mfcc_train.7.ark:544031
FLAG0_SX384 /home/sky/kaldi/egs/timit/s5/mfcc/raw_mfcc_train.2.ark:831237
FCJF0_SX37 /home/sky/kaldi/egs/timit/s5/mfcc/raw_mfcc_train.1.ark:556402
MDRD0_SI2012 /home/sky/kaldi/egs/timit/s5/mfcc/raw_mfcc_train.5.ark:656051
MGRP0_SX57 /home/sky/kaldi/egs/timit/s5/mfcc/raw_mfcc_train.6.ark:181670
FMJB0_SI1177 /home/sky/kaldi/egs/timit/s5/mfcc/raw_mfcc_train.2.ark:1328016
FSCN0_SX266 /home/sky/kaldi/egs/timit/s5/mfcc/raw_mfcc_train.3.ark:608773
MTRT0_SX237 /home/sky/kaldi/egs/timit/s5/mfcc/raw_mfcc_train.10.ark:960966
FEAC0_SX255 /home/sky/kaldi/egs/timit/s5/mfcc/raw_mfcc_train.1.ark:1138820
MRAB0_SX54 /home/sky/kaldi/egs/timit/s5/mfcc/raw_mfcc_train.8.ark:957266
MDPK0_SI552 /home/sky/kaldi/egs/timit/s5/mfcc/raw_mfcc_train.5.ark:601175
FGDP0_SI988 /home/sky/kaldi/egs/timit/s5/mfcc/raw_mfcc_train.1.ark:1402058
MTJS0_SX202 /home/sky/kaldi/egs/timit/s5/mfcc/raw_mfcc_train.10.ark:432293
MNET0_SX276 /home/sky/kaldi/egs/timit/s5/mfcc/raw_mfcc_train.8.ark:443738
MDLC1_SI1435 /home/sky/kaldi/egs/timit/s5/mfcc/raw_mfcc_train.5.ark:268283
MDPS0_SX89 /home/sky/kaldi/egs/timit/s5/mfcc/raw_mfcc_train.5.ark:649288
MDRD0_SX392 /home/sky/kaldi/egs/timit/s5/mfcc/raw_mfcc_train.5.ark:684796
MTRR0_SI2178 /home/sky/kaldi/egs/timit/s5/mfcc/raw_mfcc_train.10.ark:913633
MWDK0_SX266 /home/sky/kaldi/egs/timit/s5/mfcc/raw_mfcc_train.10.ark:1270160
MMAM0_SX157 /home/sky/kaldi/egs/timit/s5/mfcc/raw_mfcc_train.7.ark:1190818
MKES0_SX83 /home/sky/kaldi/egs/timit/s5/mfcc/raw_mfcc_train.7.ark:613772
MAEO0_SI1326 /home/sky/kaldi/egs/timit/s5/mfcc/raw_mfcc_train.4.ark:38940
MGSL0_SX174 /home/sky/kaldi/egs/timit/s5/mfcc/raw_mfcc_train.6.ark:234066
FTBW0_SX355 /home/sky/kaldi/egs/timit/s5/mfcc/raw_mfcc_train.3.ark:1267163
FLMK0_SX135 /home/sky/kaldi/egs/timit/s5/mfcc/raw_mfcc_train.2.ark:1145746
MJEB0_SI656 /home/sky/kaldi/egs/timit/s5/mfcc/raw_mfcc_train.6.ark:844292
MMDM1_SI2043 /home/sky/kaldi/egs/timit/s5/mfcc/raw_mfcc_train.7.ark:1415544
MTKD0_SX17 /home/sky/kaldi/egs/timit/s5/mfcc/raw_mfcc_train.10.ark:498693
FSSB0_SX92 /home/sky/kaldi/egs/timit/s5/mfcc/raw_mfcc_train.3.ark:1183351
FSKP0_SI1728 /home/sky/kaldi/egs/timit/s5/mfcc/raw_mfcc_train.3.ark:926835
MRDM0_SX155 /home/sky/kaldi/egs/timit/s5/mfcc/raw_mfcc_train.8.ark:1233706
MRMG0_SX450 /home/sky/kaldi/egs/timit/s5/mfcc/raw_mfcc_train.9.ark:497674
FEXM0_SX366 /home/sky/kaldi/egs/timit/s5/mfcc/raw_mfcc_train.1.ark:1355015
FLJD0_SI886 /home/sky/kaldi/egs/timit/s5/mfcc/raw_mfcc_train.2.ark:974465
MDED0_SX270 /home/sky/kaldi/egs/timit/s5/mfcc/raw_mfcc_train.4.ark:1456317
MSMS0_SI1433 /home/sky/kaldi/egs/timit/s5/mfcc/raw_mfcc_train.9.ark:1404918
FMKF0_SI1018 /home/sky/kaldi/egs/timit/s5/mfcc/raw_mfcc_train.2.ark:1462637
MKDD0_SI937 /home/sky/kaldi/egs/timit/s5/mfcc/raw_mfcc_train.7.ark:527474
FSMS1_SX154 /home/sky/kaldi/egs/timit/s5/mfcc/raw_mfcc_train.3.ark:1065658
MJSR0_SI1424 /home/sky/kaldi/egs/timit/s5/mfcc/raw_mfcc_train.7.ark:140643
MMCC0_SI1338 /home/sky/kaldi/egs/timit/s5/mfcc/raw_mfcc_train.7.ark:1285035
MKLN0_SX158 /home/sky/kaldi/egs/timit/s5/mfcc/raw_mfcc_train.7.ark:659138
MGSH0_SI546 /home/sky/kaldi/egs/timit/s5/mfcc/raw_mfcc_train.6.ark:196331
MCLK0_SI2290 /home/sky/kaldi/egs/timit/s5/mfcc/raw_mfcc_train.4.ark:966033
MILB0_SX93 /home/sky/kaldi/egs/timit/s5/mfcc/raw_mfcc_train.6.ark:533366
MTAS0_SX215 /home/sky/kaldi/egs/timit/s5/mfcc/raw_mfcc_train.10.ark:94672
MDLR0_SX243 /home/sky/kaldi/egs/timit/s5/mfcc/raw_mfcc_train.5.ark:407042
MRLJ0_SI2050 /home/sky/kaldi/egs/timit/s5/mfcc/raw_mfcc_train.9.ark:326506
FSJW0_SX163 /home/sky/kaldi/egs/timit/s5/mfcc/raw_mfcc_train.3.ark:838655
MAEB0_SI990 /home/sky/kaldi/egs/timit/s5/mfcc/raw_mfcc_train.4.ark:16759
MGXP0_SI1087 /home/sky/kaldi/egs/timit/s5/mfcc/raw_mfcc_train.6.ark:256383
MAKB0_SX206 /home/sky/kaldi/egs/timit/s5/mfcc/raw_mfcc_train.4.ark:158223
MVJH0_SI926 /home/sky/kaldi/egs/timit/s5/mfcc/raw_mfcc_train.10.ark:1050096
MCXM0_SI1351 /home/sky/kaldi/egs/timit/s5/mfcc/raw_mfcc_train.4.ark:1184251
FCLT0_SI2068 /home/sky/kaldi/egs/timit/s5/mfcc/raw_mfcc_train.1.ark:625920
MRRE0_SX164 /home/sky/kaldi/egs/timit/s5/mfcc/raw_mfcc_train.9.ark:651847
MKAG0_SI2239 /home/sky/kaldi/egs/timit/s5/mfcc/raw_mfcc_train.7.ark:359249
FBAS0_SX127 /home/sky/kaldi/egs/timit/s5/mfcc/raw_mfcc_train.1.ark:191014
MJDA0_SX311 /home/sky/kaldi/egs/timit/s5/mfcc/raw_mfcc_train.6.ark:683166
MFMC0_SI502 /home/sky/kaldi/egs/timit/s5/mfcc/raw_mfcc_train.5.ark:1215521
MRFL0_SX346 /home/sky/kaldi/egs/timit/s5/mfcc/raw_mfcc_train.8.ark:1467275
MEWM0_SX178 /home/sky/kaldi/egs/timit/s5/mfcc/raw_mfcc_train.5.ark:1160424
FPAB1_SX391 /home/sky/kaldi/egs/timit/s5/mfcc/raw_mfcc_train.3.ark:116266
FLJA0_SX358 /home/sky/kaldi/egs/timit/s5/mfcc/raw_mfcc_train.2.ark:952147
MJRH0_SX405 /home/sky/kaldi/egs/timit/s5/mfcc/raw_mfcc_train.7.ark:42126
MEDR0_SI744 /home/sky/kaldi/egs/timit/s5/mfcc/raw_mfcc_train.5.ark:940181
MTLB0_SI1764 /home/sky/kaldi/egs/timit/s5/mfcc/raw_mfcc_train.10.ark:554661
FSJG0_SI1570 /home/sky/kaldi/egs/timit/s5/mfcc/raw_mfcc_train.3.ark:716561
MCLM0_SX286 /home/sky/kaldi/egs/timit/s5/mfcc/raw_mfcc_train.4.ark:1018020
MCRE0_SI1121 /home/sky/kaldi/egs/timit/s5/mfcc/raw_mfcc_train.4.ark:1055454
MCTM0_SX180 /home/sky/kaldi/egs/timit/s5/mfcc/raw_mfcc_train.4.ark:1166510
MPRT0_SX400 /home/sky/kaldi/egs/timit/s5/mfcc/raw_mfcc_train.8.ark:899822
MCLK0_SX400 /home/sky/kaldi/egs/timit/s5/mfcc/raw_mfcc_train.4.ark:993907
MMXS0_SI629 /home/sky/kaldi/egs/timit/s5/mfcc/raw_mfcc_train.8.ark:401748
MPRT0_SX40 /home/sky/kaldi/egs/timit/s5/mfcc/raw_mfcc_train.8.ark:895954
FSMS1_SI1504 /home/sky/kaldi/egs/timit/s5/mfcc/raw_mfcc_train.3.ark:1053481
MDHL0_SX449 /home/sky/kaldi/egs/timit/s5/mfcc/raw_mfcc_train.5.ark:93029
FSJG0_SX220 /home/sky/kaldi/egs/timit/s5/mfcc/raw_mfcc_train.3.ark:737208
MTMN0_SX164 /home/sky/kaldi/egs/timit/s5/mfcc/raw_mfcc_train.10.ark:662747
MFRM0_SX165 /home/sky/kaldi/egs/timit/s5/mfcc/raw_mfcc_train.5.ark:1253403
MJLS0_SI466 /home/sky/kaldi/egs/timit/s5/mfcc/raw_mfcc_train.6.ark:1235965
MBML0_SX359 /home/sky/kaldi/egs/timit/s5/mfcc/raw_mfcc_train.4.ark:557720
MVRW0_SI855 /home/sky/kaldi/egs/timit/s5/mfcc/raw_mfcc_train.10.ark:1109971
MHBS0_SI2205 /home/sky/kaldi/egs/timit/s5/mfcc/raw_mfcc_train.6.ark:295055
FEAR0_SI1252 /home/sky/kaldi/egs/timit/s5/mfcc/raw_mfcc_train.1.ark:1154448
MJXL0_SX362 /home/sky/kaldi/egs/timit/s5/mfcc/raw_mfcc_train.7.ark:339772
MKAG0_SI979 /home/sky/kaldi/egs/timit/s5/mfcc/raw_mfcc_train.7.ark:362519
FJRP1_SI2062 /home/sky/kaldi/egs/timit/s5/mfcc/raw_mfcc_train.2.ark:265302
MDNS0_SX381 /home/sky/kaldi/egs/timit/s5/mfcc/raw_mfcc_train.5.ark:556583
MILB0_SX363 /home/sky/kaldi/egs/timit/s5/mfcc/raw_mfcc_train.6.ark:529850
FSAK0_SX400 /home/sky/kaldi/egs/timit/s5/mfcc/raw_mfcc_train.3.ark:547865
MADC0_SX17 /home/sky/kaldi/egs/timit/s5/mfcc/raw_mfcc_train.3.ark:1483107
MCDR0_SX344 /home/sky/kaldi/egs/timit/s5/mfcc/raw_mfcc_train.4.ark:849209
FCYL0_SX37 /home/sky/kaldi/egs/timit/s5/mfcc/raw_mfcc_train.1.ark:776138
MPEB0_SX60 /home/sky/kaldi/egs/timit/s5/mfcc/raw_mfcc_train.8.ark:545679
MHRM0_SX148 /home/sky/kaldi/egs/timit/s5/mfcc/raw_mfcc_train.6.ark:452824
MZMB0_SX86 /home/sky/kaldi/egs/timit/s5/mfcc/raw_mfcc_train.10.ark:1510662
MJDE0_SX40 /home/sky/kaldi/egs/timit/s5/mfcc/raw_mfcc_train.6.ark:759426
FSDC0_SI1312 /home/sky/kaldi/egs/timit/s5/mfcc/raw_mfcc_train.3.ark:626156
MJXL0_SX452 /home/sky/kaldi/egs/timit/s5/mfcc/raw_mfcc_train.7.ark:344823
MTMN0_SX74 /home/sky/kaldi/egs/timit/s5/mfcc/raw_mfcc_train.10.ark:676957
MDRD0_SX302 /home/sky/kaldi/egs/timit/s5/mfcc/raw_mfcc_train.5.ark:676671
FDMY0_SI1197 /home/sky/kaldi/egs/timit/s5/mfcc/raw_mfcc_train.1.ark:975503
MDBP0_SI528 /home/sky/kaldi/egs/timit/s5/mfcc/raw_mfcc_train.4.ark:1316325
MHMR0_SX219 /home/sky/kaldi/egs/timit/s5/mfcc/raw_mfcc_train.6.ark:426774
MDPS0_SX359 /home/sky/kaldi/egs/timit/s5/mfcc/raw_mfcc_train.5.ark:640279
FMJB0_SX187 /home/sky/kaldi/egs/timit/s5/mfcc/raw_mfcc_train.2.ark:1343729
FSMM0_SX414 /home/sky/kaldi/egs/timit/s5/mfcc/raw_mfcc_train.3.ark:1044263
MCPM0_SX114 /home/sky/kaldi/egs/timit/s5/mfcc/raw_mfcc_train.4.ark:1040118
FTLG0_SX213 /home/sky/kaldi/egs/timit/s5/mfcc/raw_mfcc_train.3.ark:1297658
FPAZ0_SI963 /home/sky/kaldi/egs/timit/s5/mfcc/raw_mfcc_train.3.ark:232018
MSRG0_SX51 /home/sky/kaldi/egs/timit/s5/mfcc/raw_mfcc_train.9.ark:1464200
MMGC0_SX45 /home/sky/kaldi/egs/timit/s5/mfcc/raw_mfcc_train.8.ark:36689
MDNS0_SX201 /home/sky/kaldi/egs/timit/s5/mfcc/raw_mfcc_train.5.ark:546605
MJMM0_SI625 /home/sky/kaldi/egs/timit/s5/mfcc/raw_mfcc_train.6.ark:1324732
FALK0_SX6 /home/sky/kaldi/egs/timit/s5/mfcc/raw_mfcc_train.1.ark:94090
FVKB0_SX79 /home/sky/kaldi/egs/timit/s5/mfcc/raw_mfcc_train.3.ark:1401330
MSAT0_SI1526 /home/sky/kaldi/egs/timit/s5/mfcc/raw_mfcc_train.9.ark:1006743
MCEF0_SI1765 /home/sky/kaldi/egs/timit/s5/mfcc/raw_mfcc_train.4.ark:863460
MKJO0_SI1517 /home/sky/kaldi/egs/timit/s5/mfcc/raw_mfcc_train.7.ark:617303
MKAJ0_SI1414 /home/sky/kaldi/egs/timit/s5/mfcc/raw_mfcc_train.7.ark:421390
MSFH0_SI586 /home/sky/kaldi/egs/timit/s5/mfcc/raw_mfcc_train.9.ark:1241213
FJXM0_SX41 /home/sky/kaldi/egs/timit/s5/mfcc/raw_mfcc_train.2.ark:424041
MJDM0_SX350 /home/sky/kaldi/egs/timit/s5/mfcc/raw_mfcc_train.6.ark:822182
FLET0_SX237 /home/sky/kaldi/egs/timit/s5/mfcc/raw_mfcc_train.2.ark:886387
MJFR0_SX255 /home/sky/kaldi/egs/timit/s5/mfcc/raw_mfcc_train.6.ark:977563
MRWS0_SI1732 /home/sky/kaldi/egs/timit/s5/mfcc/raw_mfcc_train.9.ark:887299
MKAG0_SI1609 /home/sky/kaldi/egs/timit/s5/mfcc/raw_mfcc_train.7.ark:353924
FBJL0_SI1552 /home/sky/kaldi/egs/timit/s5/mfcc/raw_mfcc_train.1.ark:274856
FLJG0_SI1611 /home/sky/kaldi/egs/timit/s5/mfcc/raw_mfcc_train.2.ark:996841
MJAC0_SX431 /home/sky/kaldi/egs/timit/s5/mfcc/raw_mfcc_train.6.ark:560938
MMAG0_SX136 /home/sky/kaldi/egs/timit/s5/mfcc/raw_mfcc_train.7.ark:1157870
FKAA0_SX128 /home/sky/kaldi/egs/timit/s5/mfcc/raw_mfcc_train.2.ark:473450
MJKR0_SX301 /home/sky/kaldi/egs/timit/s5/mfcc/raw_mfcc_train.6.ark:1153433
FETB0_SI1148 /home/sky/kaldi/egs/timit/s5/mfcc/raw_mfcc_train.1.ark:1294738
MTAT0_SI1110 /home/sky/kaldi/egs/timit/s5/mfcc/raw_mfcc_train.10.ark:107596
MRMS0_SI1113 /home/sky/kaldi/egs/timit/s5/mfcc/raw_mfcc_train.9.ark:576908
MGJC0_SX345 /home/sky/kaldi/egs/timit/s5/mfcc/raw_mfcc_train.6.ark:104232
MSDH0_SX260 /home/sky/kaldi/egs/timit/s5/mfcc/raw_mfcc_train.9.ark:1102105
MBML0_SI1799 /home/sky/kaldi/egs/timit/s5/mfcc/raw_mfcc_train.4.ark:543574
MTAS0_SI755 /home/sky/kaldi/egs/timit/s5/mfcc/raw_mfcc_train.10.ark:88964
MAFM0_SX129 /home/sky/kaldi/egs/timit/s5/mfcc/raw_mfcc_train.4.ark:79554
MMEA0_SX218 /home/sky/kaldi/egs/timit/s5/mfcc/raw_mfcc_train.7.ark:1486477
MPAR0_SI946 /home/sky/kaldi/egs/timit/s5/mfcc/raw_mfcc_train.8.ark:499867
MDSS1_SI1327 /home/sky/kaldi/egs/timit/s5/mfcc/raw_mfcc_train.5.ark:748124
FLKM0_SX260 /home/sky/kaldi/egs/timit/s5/mfcc/raw_mfcc_train.2.ark:1052332
MVJH0_SX26 /home/sky/kaldi/egs/timit/s5/mfcc/raw_mfcc_train.10.ark:1061010
MTKP0_SI1023 /home/sky/kaldi/egs/timit/s5/mfcc/raw_mfcc_train.10.ark:514712
MTJM0_SX146 /home/sky/kaldi/egs/timit/s5/mfcc/raw_mfcc_train.10.ark:393398
FVFB0_SX42 /home/sky/kaldi/egs/timit/s5/mfcc/raw_mfcc_train.3.ark:1369280
MDWH0_SX395 /home/sky/kaldi/egs/timit/s5/mfcc/raw_mfcc_train.5.ark:868361
MBAR0_SI1319 /home/sky/kaldi/egs/timit/s5/mfcc/raw_mfcc_train.4.ark:291872
MKLS0_SX177 /home/sky/kaldi/egs/timit/s5/mfcc/raw_mfcc_train.7.ark:721563
MRKM0_SX367 /home/sky/kaldi/egs/timit/s5/mfcc/raw_mfcc_train.9.ark:280935
FJHK0_SX32 /home/sky/kaldi/egs/timit/s5/mfcc/raw_mfcc_train.2.ark:121673
MMJB1_SI2038 /home/sky/kaldi/egs/timit/s5/mfcc/raw_mfcc_train.8.ark:101638
MMAG0_SI1756 /home/sky/kaldi/egs/timit/s5/mfcc/raw_mfcc_train.7.ark:1148054
FKDE0_SX331 /home/sky/kaldi/egs/timit/s5/mfcc/raw_mfcc_train.2.ark:519139
MRLD0_SX424 /home/sky/kaldi/egs/timit/s5/mfcc/raw_mfcc_train.9.ark:315850
FPMY0_SI523 /home/sky/kaldi/egs/timit/s5/mfcc/raw_mfcc_train.3.ark:328582
MJLG1_SX202 /home/sky/kaldi/egs/timit/s5/mfcc/raw_mfcc_train.6.ark:1210715
FJWB1_SI2055 /home/sky/kaldi/egs/timit/s5/mfcc/raw_mfcc_train.2.ark:363356
MDKS0_SI2326 /home/sky/kaldi/egs/timit/s5/mfcc/raw_mfcc_train.5.ark:167377
FSMM0_SX324 /home/sky/kaldi/egs/timit/s5/mfcc/raw_mfcc_train.3.ark:1038458
MHBS0_SI945 /home/sky/kaldi/egs/timit/s5/mfcc/raw_mfcc_train.6.ark:299066
MKLR0_SX429 /home/sky/kaldi/egs/timit/s5/mfcc/raw_mfcc_train.7.ark:698984
FSDC0_SI1942 /home/sky/kaldi/egs/timit/s5/mfcc/raw_mfcc_train.3.ark:631624
MTRR0_SI918 /home/sky/kaldi/egs/timit/s5/mfcc/raw_mfcc_train.10.ark:917267
MDPK0_SX153 /home/sky/kaldi/egs/timit/s5/mfcc/raw_mfcc_train.5.ark:603444
FPAC0_SX121 /home/sky/kaldi/egs/timit/s5/mfcc/raw_mfcc_train.3.ark:135250
MDMT0_SX212 /home/sky/kaldi/egs/timit/s5/mfcc/raw_mfcc_train.5.ark:511617
MTJG0_SX260 /home/sky/kaldi/egs/timit/s5/mfcc/raw_mfcc_train.10.ark:361784
MKAM0_SX236 /home/sky/kaldi/egs/timit/s5/mfcc/raw_mfcc_train.7.ark:468615
FSSB0_SX452 /home/sky/kaldi/egs/timit/s5/mfcc/raw_mfcc_train.3.ark:1178379
MTJU0_SX400 /home/sky/kaldi/egs/timit/s5/mfcc/raw_mfcc_train.10.ark:475348
FLKM0_SI620 /home/sky/kaldi/egs/timit/s5/mfcc/raw_mfcc_train.2.ark:1039545
MRJB1_SI1020 /home/sky/kaldi/egs/timit/s5/mfcc/raw_mfcc_train.9.ark:76643
MRKM0_SX187 /home/sky/kaldi/egs/timit/s5/mfcc/raw_mfcc_train.9.ark:272913
MJAC0_SX71 /home/sky/kaldi/egs/timit/s5/mfcc/raw_mfcc_train.6.ark:565286
MJRK0_SX340 /home/sky/kaldi/egs/timit/s5/mfcc/raw_mfcc_train.7.ark:100967
MILB0_SI2163 /home/sky/kaldi/egs/timit/s5/mfcc/raw_mfcc_train.6.ark:506696
MRLJ1_SI1671 /home/sky/kaldi/egs/timit/s5/mfcc/raw_mfcc_train.9.ark:351749
MWAC0_SI2231 /home/sky/kaldi/egs/timit/s5/mfcc/raw_mfcc_train.10.ark:1135553
MCTM0_SI1980 /home/sky/kaldi/egs/timit/s5/mfcc/raw_mfcc_train.4.ark:1158059
MJPM0_SX198 /home/sky/kaldi/egs/timit/s5/mfcc/raw_mfcc_train.6.ark:1395144
MRDS0_SX267 /home/sky/kaldi/egs/timit/s5/mfcc/raw_mfcc_train.8.ark:1267297
MWSB0_SX96 /home/sky/kaldi/egs/timit/s5/mfcc/raw_mfcc_train.10.ark:1439867
MJWS0_SX243 /home/sky/kaldi/egs/timit/s5/mfcc/raw_mfcc_train.7.ark:234866
FPAB1_SX211 /home/sky/kaldi/egs/timit/s5/mfcc/raw_mfcc_train.3.ark:104130
MJMD0_SI1028 /home/sky/kaldi/egs/timit/s5/mfcc/raw_mfcc_train.6.ark:1288116
MBTH0_SX392 /home/sky/kaldi/egs/timit/s5/mfcc/raw_mfcc_train.4.ark:652530
MRCW0_SX21 /home/sky/kaldi/egs/timit/s5/mfcc/raw_mfcc_train.8.ark:1181851
FLJA0_SX88 /home/sky/kaldi/egs/timit/s5/mfcc/raw_mfcc_train.2.ark:959908
MPGR0_SI780 /home/sky/kaldi/egs/timit/s5/mfcc/raw_mfcc_train.8.ark:619668
MDAS0_SX21 /home/sky/kaldi/egs/timit/s5/mfcc/raw_mfcc_train.4.ark:1266878
MJJJ0_SI533 /home/sky/kaldi/egs/timit/s5/mfcc/raw_mfcc_train.6.ark:1072529
MHXL0_SX422 /home/sky/kaldi/egs/timit/s5/mfcc/raw_mfcc_train.6.ark:497673
FNKL0_SI1522 /home/sky/kaldi/egs/timit/s5/mfcc/raw_mfcc_train.3.ark:19657
MAKR0_SX272 /home/sky/kaldi/egs/timit/s5/mfcc/raw_mfcc_train.4.ark:184319
MJBG0_SX152 /home/sky/kaldi/egs/timit/s5/mfcc/raw_mfcc_train.6.ark:645290
MKXL0_SX15 /home/sky/kaldi/egs/timit/s5/mfcc/raw_mfcc_train.7.ark:854632
MSRR0_SI1761 /home/sky/kaldi/egs/timit/s5/mfcc/raw_mfcc_train.9.ark:1470950
MHXL0_SI1772 /home/sky/kaldi/egs/timit/s5/mfcc/raw_mfcc_train.6.ark:473347
MPRB0_SX305 /home/sky/kaldi/egs/timit/s5/mfcc/raw_mfcc_train.8.ark:786045
MRFL0_SI1786 /home/sky/kaldi/egs/timit/s5/mfcc/raw_mfcc_train.8.ark:1449476
FMPG0_SX72 /home/sky/kaldi/egs/timit/s5/mfcc/raw_mfcc_train.3.ark:16412
MDWM0_SI2176 /home/sky/kaldi/egs/timit/s5/mfcc/raw_mfcc_train.5.ark:877308
FKLC1_SX328 /home/sky/kaldi/egs/timit/s5/mfcc/raw_mfcc_train.2.ark:689751
MADD0_SX448 /home/sky/kaldi/egs/timit/s5/mfcc/raw_mfcc_train.4.ark:12
MMEB0_SX327 /home/sky/kaldi/egs/timit/s5/mfcc/raw_mfcc_train.7.ark:1513587
FGMB0_SX65 /home/sky/kaldi/egs/timit/s5/mfcc/raw_mfcc_train.1.ark:1466304
MKLW0_SX401 /home/sky/kaldi/egs/timit/s5/mfcc/raw_mfcc_train.7.ark:797671
MPFU0_SI1258 /home/sky/kaldi/egs/timit/s5/mfcc/raw_mfcc_train.8.ark:550016
MDPB0_SX56 /home/sky/kaldi/egs/timit/s5/mfcc/raw_mfcc_train.5.ark:590154
MLSH0_SI2047 /home/sky/kaldi/egs/timit/s5/mfcc/raw_mfcc_train.7.ark:1045989
MRLR0_SX206 /home/sky/kaldi/egs/timit/s5/mfcc/raw_mfcc_train.9.ark:429113
MRDS0_SX177 /home/sky/kaldi/egs/timit/s5/mfcc/raw_mfcc_train.8.ark:1264586
MAEO0_SI1655 /home/sky/kaldi/egs/timit/s5/mfcc/raw_mfcc_train.4.ark:44460
FMEM0_SI747 /home/sky/kaldi/egs/timit/s5/mfcc/raw_mfcc_train.2.ark:1301401
FSAH0_SI1244 /home/sky/kaldi/egs/timit/s5/mfcc/raw_mfcc_train.3.ark:485060
MDSJ0_SX438 /home/sky/kaldi/egs/timit/s5/mfcc/raw_mfcc_train.5.ark:716560
MDCD0_SX65 /home/sky/kaldi/egs/timit/s5/mfcc/raw_mfcc_train.4.ark:1373005
MDED0_SX450 /home/sky/kaldi/egs/timit/s5/mfcc/raw_mfcc_train.4.ark:1463988
FSRH0_SX221 /home/sky/kaldi/egs/timit/s5/mfcc/raw_mfcc_train.3.ark:1133548
FJWB1_SX165 /home/sky/kaldi/egs/timit/s5/mfcc/raw_mfcc_train.2.ark:375831
MBBR0_SX65 /home/sky/kaldi/egs/timit/s5/mfcc/raw_mfcc_train.4.ark:351038
MPFU0_SX448 /home/sky/kaldi/egs/timit/s5/mfcc/raw_mfcc_train.8.ark:574278
MWDK0_SX446 /home/sky/kaldi/egs/timit/s5/mfcc/raw_mfcc_train.10.ark:1277519
MWAD0_SI2322 /home/sky/kaldi/egs/timit/s5/mfcc/raw_mfcc_train.10.ark:1174852
MPPC0_SX152 /home/sky/kaldi/egs/timit/s5/mfcc/raw_mfcc_train.8.ark:741033
MJWG0_SX175 /home/sky/kaldi/egs/timit/s5/mfcc/raw_mfcc_train.7.ark:198701
MGSL0_SX354 /home/sky/kaldi/egs/timit/s5/mfcc/raw_mfcc_train.6.ark:242946
MJBG0_SI1724 /home/sky/kaldi/egs/timit/s5/mfcc/raw_mfcc_train.6.ark:639490
MGSH0_SI1176 /home/sky/kaldi/egs/timit/s5/mfcc/raw_mfcc_train.6.ark:185955
FKDW0_SI1891 /home/sky/kaldi/egs/timit/s5/mfcc/raw_mfcc_train.2.ark:538733
MHJB0_SI1017 /home/sky/kaldi/egs/timit/s5/mfcc/raw_mfcc_train.6.ark:353349
MRAB1_SX398 /home/sky/kaldi/egs/timit/s5/mfcc/raw_mfcc_train.8.ark:990343
MDBB1_SX196 /home/sky/kaldi/egs/timit/s5/mfcc/raw_mfcc_train.4.ark:1297984
MDLR0_SX63 /home/sky/kaldi/egs/timit/s5/mfcc/raw_mfcc_train.5.ark:421544
MMGG0_SX179 /home/sky/kaldi/egs/timit/s5/mfcc/raw_mfcc_train.8.ark:52268
MDBP0_SX78 /home/sky/kaldi/egs/timit/s5/mfcc/raw_mfcc_train.4.ark:1341059
MDSS1_SX247 /home/sky/kaldi/egs/timit/s5/mfcc/raw_mfcc_train.5.ark:762661
MPRT0_SI495 /home/sky/kaldi/egs/timit/s5/mfcc/raw_mfcc_train.8.ark:879241
FKLC1_SX58 /home/sky/kaldi/egs/timit/s5/mfcc/raw_mfcc_train.2.ark:698851
MJWG0_SX85 /home/sky/kaldi/egs/timit/s5/mfcc/raw_mfcc_train.7.ark:215394
FJXM0_SI581 /home/sky/kaldi/egs/timit/s5/mfcc/raw_mfcc_train.2.ark:400529
FMJB0_SI547 /home/sky/kaldi/egs/timit/s5/mfcc/raw_mfcc_train.2.ark:1339055
FNKL0_SX172 /home/sky/kaldi/egs/timit/s5/mfcc/raw_mfcc_train.3.ark:32744
MFRM0_SX345 /home/sky/kaldi/egs/timit/s5/mfcc/raw_mfcc_train.5.ark:1260606
FKLC1_SI1048 /home/sky/kaldi/egs/timit/s5/mfcc/raw_mfcc_train.2.ark:671254
MKLS1_SI2175 /home/sky/kaldi/egs/timit/s5/mfcc/raw_mfcc_train.7.ark:745747
MCTM0_SI1350 /home/sky/kaldi/egs/timit/s5/mfcc/raw_mfcc_train.4.ark:1152500
MDLB0_SX406 /home/sky/kaldi/egs/timit/s5/mfcc/raw_mfcc_train.5.ark:224415
MBWP0_SI709 /home/sky/kaldi/egs/timit/s5/mfcc/raw_mfcc_train.4.ark:662641
MJXL0_SX92 /home/sky/kaldi/egs/timit/s5/mfcc/raw_mfcc_train.7.ark:349964
FLHD0_SX264 /home/sky/kaldi/egs/timit/s5/mfcc/raw_mfcc_train.2.ark:914265
MBTH0_SX212 /home/sky/kaldi/egs/timit/s5/mfcc/raw_mfcc_train.4.ark:640446
MKJO0_SX257 /home/sky/kaldi/egs/timit/s5/mfcc/raw_mfcc_train.7.ark:632061
FPAC0_SI661 /home/sky/kaldi/egs/timit/s5/mfcc/raw_mfcc_train.3.ark:129029
MJPG0_SX201 /home/sky/kaldi/egs/timit/s5/mfcc/raw_mfcc_train.6.ark:1362724
MMCC0_SX258 /home/sky/kaldi/egs/timit/s5/mfcc/raw_mfcc_train.7.ark:1300664
MTJU0_SX130 /home/sky/kaldi/egs/timit/s5/mfcc/raw_mfcc_train.10.ark:460358
MJAE0_SX174 /home/sky/kaldi/egs/timit/s5/mfcc/raw_mfcc_train.6.ark:579435
MVJH0_SX206 /home/sky/kaldi/egs/timit/s5/mfcc/raw_mfcc_train.10.ark:1056883
MJXA0_SX247 /home/sky/kaldi/egs/timit/s5/mfcc/raw_mfcc_train.7.ark:304712
MARW0_SI1276 /home/sky/kaldi/egs/timit/s5/mfcc/raw_mfcc_train.4.ark:257911
MDNS0_SX21 /home/sky/kaldi/egs/timit/s5/mfcc/raw_mfcc_train.5.ark:550485
MGJC0_SX255 /home/sky/kaldi/egs/timit/s5/mfcc/raw_mfcc_train.6.ark:100117
MRDS0_SX447 /home/sky/kaldi/egs/timit/s5/mfcc/raw_mfcc_train.8.ark:1275735
MCRE0_SX401 /home/sky/kaldi/egs/timit/s5/mfcc/raw_mfcc_train.4.ark:1078559
MHJB0_SI1647 /home/sky/kaldi/egs/timit/s5/mfcc/raw_mfcc_train.6.ark:356477
MTKP0_SI2283 /home/sky/kaldi/egs/timit/s5/mfcc/raw_mfcc_train.10.ark:518698
MRKM0_SI637 /home/sky/kaldi/egs/timit/s5/mfcc/raw_mfcc_train.9.ark:266159
MSES0_SI2216 /home/sky/kaldi/egs/timit/s5/mfcc/raw_mfcc_train.9.ark:1205580
FSMM0_SI1314 /home/sky/kaldi/egs/timit/s5/mfcc/raw_mfcc_train.3.ark:1018610
MFXS0_SX234 /home/sky/kaldi/egs/timit/s5/mfcc/raw_mfcc_train.5.ark:1316003
MTLB0_SX144 /home/sky/kaldi/egs/timit/s5/mfcc/raw_mfcc_train.10.ark:560551
MDCM0_SX220 /home/sky/kaldi/egs/timit/s5/mfcc/raw_mfcc_train.4.ark:1392750
FCMG0_SX72 /home/sky/kaldi/egs/timit/s5/mfcc/raw_mfcc_train.1.ark:685572
MRJM0_SX58 /home/sky/kaldi/egs/timit/s5/mfcc/raw_mfcc_train.9.ark:181639
MKAM0_SI1316 /home/sky/kaldi/egs/timit/s5/mfcc/raw_mfcc_train.7.ark:454670
MAKR0_SX92 /home/sky/kaldi/egs/timit/s5/mfcc/raw_mfcc_train.4.ark:193777
MTER0_SI1157 /home/sky/kaldi/egs/timit/s5/mfcc/raw_mfcc_train.10.ark:312754
MJMD0_SX128 /home/sky/kaldi/egs/timit/s5/mfcc/raw_mfcc_train.6.ark:1298487
FBMH0_SX326 /home/sky/kaldi/egs/timit/s5/mfcc/raw_mfcc_train.1.ark:363927
FLTM0_SX80 /home/sky/kaldi/egs/timit/s5/mfcc/raw_mfcc_train.2.ark:1225345
MDAC0_SI1837 /home/sky/kaldi/egs/timit/s5/mfcc/raw_mfcc_train.4.ark:1219754
MKAJ0_SX424 /home/sky/kaldi/egs/timit/s5/mfcc/raw_mfcc_train.7.ark:442649
MRLK0_SX123 /home/sky/kaldi/egs/timit/s5/mfcc/raw_mfcc_train.9.ark:395782
MJRP0_SI1845 /home/sky/kaldi/egs/timit/s5/mfcc/raw_mfcc_train.7.ark:113294
MBCG0_SX57 /home/sky/kaldi/egs/timit/s5/mfcc/raw_mfcc_train.4.ark:380825
MLNS0_SX57 /home/sky/kaldi/egs/timit/s5/mfcc/raw_mfcc_train.7.ark:1037185
MPAR0_SX226 /home/sky/kaldi/egs/timit/s5/mfcc/raw_mfcc_train.8.ark:507642
MSDB0_SX287 /home/sky/kaldi/egs/timit/s5/mfcc/raw_mfcc_train.9.ark:1080676
MTMT0_SX398 /home/sky/kaldi/egs/timit/s5/mfcc/raw_mfcc_train.10.ark:708461
MTJU0_SI760 /home/sky/kaldi/egs/timit/s5/mfcc/raw_mfcc_train.10.ark:456139
MMXS0_SX156 /home/sky/kaldi/egs/timit/s5/mfcc/raw_mfcc_train.8.ark:409510
MJWT0_SX121 /home/sky/kaldi/egs/timit/s5/mfcc/raw_mfcc_train.7.ark:270172
MJRP0_SI1835 /home/sky/kaldi/egs/timit/s5/mfcc/raw_mfcc_train.7.ark:111492
MFXV0_SX105 /home/sky/kaldi/egs/timit/s5/mfcc/raw_mfcc_train.5.ark:1348593
FSJK1_SX35 /home/sky/kaldi/egs/timit/s5/mfcc/raw_mfcc_train.3.ark:782518
MSAH1_SI2309 /home/sky/kaldi/egs/timit/s5/mfcc/raw_mfcc_train.9.ark:948261
MFRM0_SI1717 /home/sky/kaldi/egs/timit/s5/mfcc/raw_mfcc_train.5.ark:1246212
FLMK0_SX405 /home/sky/kaldi/egs/timit/s5/mfcc/raw_mfcc_train.2.ark:1157415
MDSJ0_SX292 /home/sky/kaldi/egs/timit/s5/mfcc/raw_mfcc_train.5.ark:708343
MRMG0_SI1710 /home/sky/kaldi/egs/timit/s5/mfcc/raw_mfcc_train.9.ark:477696
MJRP0_SX45 /home/sky/kaldi/egs/timit/s5/mfcc/raw_mfcc_train.7.ark:137203
MMWS1_SI1071 /home/sky/kaldi/egs/timit/s5/mfcc/raw_mfcc_train.8.ark:372096
FLHD0_SI1974 /home/sky/kaldi/egs/timit/s5/mfcc/raw_mfcc_train.2.ark:905138
MGAK0_SI2296 /home/sky/kaldi/egs/timit/s5/mfcc/raw_mfcc_train.5.ark:1433530
FHXS0_SX355 /home/sky/kaldi/egs/timit/s5/mfcc/raw_mfcc_train.2.ark:13515
FSMS1_SI874 /home/sky/kaldi/egs/timit/s5/mfcc/raw_mfcc_train.3.ark:1061218
MBBR0_SX335 /home/sky/kaldi/egs/timit/s5/mfcc/raw_mfcc_train.4.ark:342731
FCDR1_SX286 /home/sky/kaldi/egs/timit/s5/mfcc/raw_mfcc_train.1.ark:499777
FKLC1_SI2308 /home/sky/kaldi/egs/timit/s5/mfcc/raw_mfcc_train.2.ark:679889
MSRR0_SI501 /home/sky/kaldi/egs/timit/s5/mfcc/raw_mfcc_train.9.ark:1476495
MCLK0_SI1660 /home/sky/kaldi/egs/timit/s5/mfcc/raw_mfcc_train.4.ark:963737
