MGAK0_SI1666 /home/sky/kaldi/egs/timit/s5/mfcc/raw_mfcc_train.5.ark:1429622
FLOD0_SX387 /home/sky/kaldi/egs/timit/s5/mfcc/raw_mfcc_train.2.ark:1190720
FALK0_SX6 /home/sky/kaldi/egs/timit/s5/mfcc/raw_mfcc_train.1.ark:94090
FMKF0_SX276 /home/sky/kaldi/egs/timit/s5/mfcc/raw_mfcc_train.2.ark:1480567
MJRH1_SI514 /home/sky/kaldi/egs/timit/s5/mfcc/raw_mfcc_train.7.ark:59419
FPLS0_SI2220 /home/sky/kaldi/egs/timit/s5/mfcc/raw_mfcc_train.3.ark:291847
MJDA0_SX401 /home/sky/kaldi/egs/timit/s5/mfcc/raw_mfcc_train.6.ark:687814
MSMS0_SX263 /home/sky/kaldi/egs/timit/s5/mfcc/raw_mfcc_train.9.ark:1423056
MBEF0_SI1281 /home/sky/kaldi/egs/timit/s5/mfcc/raw_mfcc_train.4.ark:384252
MRJT0_SX418 /home/sky/kaldi/egs/timit/s5/mfcc/raw_mfcc_train.9.ark:243575
MARW0_SX106 /home/sky/kaldi/egs/timit/s5/mfcc/raw_mfcc_train.4.ark:267878
MWSH0_SI1426 /home/sky/kaldi/egs/timit/s5/mfcc/raw_mfcc_train.10.ark:1443229
FHLM0_SX300 /home/sky/kaldi/egs/timit/s5/mfcc/raw_mfcc_train.1.ark:1527285
FMKF0_SI1536 /home/sky/kaldi/egs/timit/s5/mfcc/raw_mfcc_train.2.ark:1468560
MGRP0_SI1317 /home/sky/kaldi/egs/timit/s5/mfcc/raw_mfcc_train.6.ark:149953
MTRT0_SX417 /home/sky/kaldi/egs/timit/s5/mfcc/raw_mfcc_train.10.ark:965998
FSJW0_SX343 /home/sky/kaldi/egs/timit/s5/mfcc/raw_mfcc_train.3.ark:845312
MRXB0_SX325 /home/sky/kaldi/egs/timit/s5/mfcc/raw_mfcc_train.9.ark:931805
MPRD0_SI1431 /home/sky/kaldi/egs/timit/s5/mfcc/raw_mfcc_train.8.ark:798481
MZMB0_SI1166 /home/sky/kaldi/egs/timit/s5/mfcc/raw_mfcc_train.10.ark:1481727
MMEA0_SX398 /home/sky/kaldi/egs/timit/s5/mfcc/raw_mfcc_train.7.ark:1496468
MZMB0_SX446 /home/sky/kaldi/egs/timit/s5/mfcc/raw_mfcc_train.10.ark:1506977
MRFK0_SX356 /home/sky/kaldi/egs/timit/s5/mfcc/raw_mfcc_train.8.ark:1433028
MADD0_SI1798 /home/sky/kaldi/egs/timit/s5/mfcc/raw_mfcc_train.3.ark:1500044
FRJB0_SX77 /home/sky/kaldi/egs/timit/s5/mfcc/raw_mfcc_train.3.ark:410943
MFXV0_SI1635 /home/sky/kaldi/egs/timit/s5/mfcc/raw_mfcc_train.5.ark:1345791
MTJU0_SX220 /home/sky/kaldi/egs/timit/s5/mfcc/raw_mfcc_train.10.ark:463693
MCRE0_SX401 /home/sky/kaldi/egs/timit/s5/mfcc/raw_mfcc_train.4.ark:1078559
FLAG0_SX204 /home/sky/kaldi/egs/timit/s5/mfcc/raw_mfcc_train.2.ark:818308
MJMM0_SI1255 /home/sky/kaldi/egs/timit/s5/mfcc/raw_mfcc_train.6.ark:1316280
FMJF0_SX354 /home/sky/kaldi/egs/timit/s5/mfcc/raw_mfcc_train.2.ark:1382070
FSDJ0_SX125 /home/sky/kaldi/egs/timit/s5/mfcc/raw_mfcc_train.3.ark:668005
MKAG0_SX439 /home/sky/kaldi/egs/timit/s5/mfcc/raw_mfcc_train.7.ark:379563
MKLW0_SX131 /home/sky/kaldi/egs/timit/s5/mfcc/raw_mfcc_train.7.ark:783974
MCLM0_SX196 /home/sky/kaldi/egs/timit/s5/mfcc/raw_mfcc_train.4.ark:1015647
MHJB0_SX297 /home/sky/kaldi/egs/timit/s5/mfcc/raw_mfcc_train.6.ark:373490
MDRD0_SX32 /home/sky/kaldi/egs/timit/s5/mfcc/raw_mfcc_train.5.ark:680746
FCMG0_SX342 /home/sky/kaldi/egs/timit/s5/mfcc/raw_mfcc_train.1.ark:675276
MDLC1_SX175 /home/sky/kaldi/egs/timit/s5/mfcc/raw_mfcc_train.5.ark:281904
MJRG0_SI736 /home/sky/kaldi/egs/timit/s5/mfcc/raw_mfcc_train.6.ark:1478599
FSAG0_SI1323 /home/sky/kaldi/egs/timit/s5/mfcc/raw_mfcc_train.3.ark:446575
MJPM1_SX131 /home/sky/kaldi/egs/timit/s5/mfcc/raw_mfcc_train.6.ark:1417782
MDJM0_SI1455 /home/sky/kaldi/egs/timit/s5/mfcc/raw_mfcc_train.5.ark:130709
FLMC0_SI742 /home/sky/kaldi/egs/timit/s5/mfcc/raw_mfcc_train.2.ark:1108423
MMAG0_SX136 /home/sky/kaldi/egs/timit/s5/mfcc/raw_mfcc_train.7.ark:1157870
MCPM0_SX24 /home/sky/kaldi/egs/timit/s5/mfcc/raw_mfcc_train.4.ark:1046982
FMPG0_SX162 /home/sky/kaldi/egs/timit/s5/mfcc/raw_mfcc_train.2.ark:1545202
FSLS0_SI1686 /home/sky/kaldi/egs/timit/s5/mfcc/raw_mfcc_train.3.ark:955349
MMLM0_SX177 /home/sky/kaldi/egs/timit/s5/mfcc/raw_mfcc_train.8.ark:142022
MGES0_SX221 /home/sky/kaldi/egs/timit/s5/mfcc/raw_mfcc_train.6.ark:66337
MRAV0_SI2268 /home/sky/kaldi/egs/timit/s5/mfcc/raw_mfcc_train.8.ark:1068313
FLJG0_SX441 /home/sky/kaldi/egs/timit/s5/mfcc/raw_mfcc_train.2.ark:1026823
MBMA1_SI2207 /home/sky/kaldi/egs/timit/s5/mfcc/raw_mfcc_train.4.ark:506043
MDLR0_SI1233 /home/sky/kaldi/egs/timit/s5/mfcc/raw_mfcc_train.5.ark:390776
MRAB0_SX144 /home/sky/kaldi/egs/timit/s5/mfcc/raw_mfcc_train.8.ark:940729
FSAH0_SI614 /home/sky/kaldi/egs/timit/s5/mfcc/raw_mfcc_train.3.ark:493252
FDMY0_SX387 /home/sky/kaldi/egs/timit/s5/mfcc/raw_mfcc_train.1.ark:1014759
FJRP1_SI2062 /home/sky/kaldi/egs/timit/s5/mfcc/raw_mfcc_train.2.ark:265302
MJEE0_SI1237 /home/sky/kaldi/egs/timit/s5/mfcc/raw_mfcc_train.6.ark:902670
FBMH0_SX146 /home/sky/kaldi/egs/timit/s5/mfcc/raw_mfcc_train.1.ark:357491
FPMY0_SX73 /home/sky/kaldi/egs/timit/s5/mfcc/raw_mfcc_train.3.ark:352055
FSMS1_SI2134 /home/sky/kaldi/egs/timit/s5/mfcc/raw_mfcc_train.3.ark:1057337
MKDB0_SX332 /home/sky/kaldi/egs/timit/s5/mfcc/raw_mfcc_train.7.ark:503037
FCKE0_SX31 /home/sky/kaldi/egs/timit/s5/mfcc/raw_mfcc_train.1.ark:617330
MTLB0_SX324 /home/sky/kaldi/egs/timit/s5/mfcc/raw_mfcc_train.10.ark:567715
FDNC0_SX378 /home/sky/kaldi/egs/timit/s5/mfcc/raw_mfcc_train.1.ark:1052699
FSJS0_SX361 /home/sky/kaldi/egs/timit/s5/mfcc/raw_mfcc_train.3.ark:811442
FTLG0_SX123 /home/sky/kaldi/egs/timit/s5/mfcc/raw_mfcc_train.3.ark:1293231
MDMA0_SI1430 /home/sky/kaldi/egs/timit/s5/mfcc/raw_mfcc_train.5.ark:462437
MREE0_SX114 /home/sky/kaldi/egs/timit/s5/mfcc/raw_mfcc_train.8.ark:1297690
MDRD0_SI1382 /home/sky/kaldi/egs/timit/s5/mfcc/raw_mfcc_train.5.ark:652598
MADD0_SX178 /home/sky/kaldi/egs/timit/s5/mfcc/raw_mfcc_train.3.ark:1508534
MSVS0_SX218 /home/sky/kaldi/egs/timit/s5/mfcc/raw_mfcc_train.10.ark:24306
FVMH0_SI836 /home/sky/kaldi/egs/timit/s5/mfcc/raw_mfcc_train.3.ark:1414327
MBJV0_SI617 /home/sky/kaldi/egs/timit/s5/mfcc/raw_mfcc_train.4.ark:452254
FJXP0_SI1122 /home/sky/kaldi/egs/timit/s5/mfcc/raw_mfcc_train.2.ark:430653
FCLT0_SX178 /home/sky/kaldi/egs/timit/s5/mfcc/raw_mfcc_train.1.ark:633617
FECD0_SX248 /home/sky/kaldi/egs/timit/s5/mfcc/raw_mfcc_train.1.ark:1208562
MPRD0_SI2061 /home/sky/kaldi/egs/timit/s5/mfcc/raw_mfcc_train.8.ark:803637
MTPP0_SX248 /home/sky/kaldi/egs/timit/s5/mfcc/raw_mfcc_train.10.ark:787652
MRWS0_SX202 /home/sky/kaldi/egs/timit/s5/mfcc/raw_mfcc_train.9.ark:897018
MGAW0_SX445 /home/sky/kaldi/egs/timit/s5/mfcc/raw_mfcc_train.6.ark:49498
MDNS0_SI1011 /home/sky/kaldi/egs/timit/s5/mfcc/raw_mfcc_train.5.ark:527479
MTWH1_SX342 /home/sky/kaldi/egs/timit/s5/mfcc/raw_mfcc_train.10.ark:990904
MBMA0_SI592 /home/sky/kaldi/egs/timit/s5/mfcc/raw_mfcc_train.4.ark:483719
MJLG1_SI1012 /home/sky/kaldi/egs/timit/s5/mfcc/raw_mfcc_train.6.ark:1194149
MSMS0_SX443 /home/sky/kaldi/egs/timit/s5/mfcc/raw_mfcc_train.9.ark:1430103
MAKB0_SX26 /home/sky/kaldi/egs/timit/s5/mfcc/raw_mfcc_train.4.ark:162025
MTJM0_SI1856 /home/sky/kaldi/egs/timit/s5/mfcc/raw_mfcc_train.10.ark:383608
FSMM0_SX324 /home/sky/kaldi/egs/timit/s5/mfcc/raw_mfcc_train.3.ark:1038458
MDPK0_SX333 /home/sky/kaldi/egs/timit/s5/mfcc/raw_mfcc_train.5.ark:610998
MPRB0_SI1205 /home/sky/kaldi/egs/timit/s5/mfcc/raw_mfcc_train.8.ark:760594
MRGS0_SX96 /home/sky/kaldi/egs/timit/s5/mfcc/raw_mfcc_train.9.ark:43220
FGCS0_SX406 /home/sky/kaldi/egs/timit/s5/mfcc/raw_mfcc_train.1.ark:1387508
FSJW0_SI1333 /home/sky/kaldi/egs/timit/s5/mfcc/raw_mfcc_train.3.ark:824281
MWGR0_SX436 /home/sky/kaldi/egs/timit/s5/mfcc/raw_mfcc_train.10.ark:1343375
MRVG0_SX240 /home/sky/kaldi/egs/timit/s5/mfcc/raw_mfcc_train.9.ark:834881
MESJ0_SX7 /home/sky/kaldi/egs/timit/s5/mfcc/raw_mfcc_train.5.ark:1145906
MBJV0_SX167 /home/sky/kaldi/egs/timit/s5/mfcc/raw_mfcc_train.4.ark:456538
MWSH0_SX436 /home/sky/kaldi/egs/timit/s5/mfcc/raw_mfcc_train.10.ark:1473445
FMKF0_SX6 /home/sky/kaldi/egs/timit/s5/mfcc/raw_mfcc_train.2.ark:1489016
FMBG0_SX260 /home/sky/kaldi/egs/timit/s5/mfcc/raw_mfcc_train.2.ark:1272155
MJEB0_SI1916 /home/sky/kaldi/egs/timit/s5/mfcc/raw_mfcc_train.6.ark:840554
MMRP0_SI774 /home/sky/kaldi/egs/timit/s5/mfcc/raw_mfcc_train.8.ark:197158
MKDT0_SX443 /home/sky/kaldi/egs/timit/s5/mfcc/raw_mfcc_train.7.ark:574280
MTXS0_SI1690 /home/sky/kaldi/egs/timit/s5/mfcc/raw_mfcc_train.10.ark:1007690
FTLG0_SX393 /home/sky/kaldi/egs/timit/s5/mfcc/raw_mfcc_train.3.ark:1307974
FMKF0_SX186 /home/sky/kaldi/egs/timit/s5/mfcc/raw_mfcc_train.2.ark:1477453
MMVP0_SI654 /home/sky/kaldi/egs/timit/s5/mfcc/raw_mfcc_train.8.ark:267888
FLAC0_SI2161 /home/sky/kaldi/egs/timit/s5/mfcc/raw_mfcc_train.2.ark:774823
MWEM0_SI1950 /home/sky/kaldi/egs/timit/s5/mfcc/raw_mfcc_train.10.ark:1292044
MEJS0_SX160 /home/sky/kaldi/egs/timit/s5/mfcc/raw_mfcc_train.5.ark:1071920
MJJJ0_SI533 /home/sky/kaldi/egs/timit/s5/mfcc/raw_mfcc_train.6.ark:1072529
MJMD0_SX398 /home/sky/kaldi/egs/timit/s5/mfcc/raw_mfcc_train.6.ark:1312333
MPAR0_SX136 /home/sky/kaldi/egs/timit/s5/mfcc/raw_mfcc_train.8.ark:503033
MKAJ0_SX424 /home/sky/kaldi/egs/timit/s5/mfcc/raw_mfcc_train.7.ark:442649
MNTW0_SX202 /home/sky/kaldi/egs/timit/s5/mfcc/raw_mfcc_train.8.ark:477074
MDBP0_SI1158 /home/sky/kaldi/egs/timit/s5/mfcc/raw_mfcc_train.4.ark:1309433
FJRP1_SI802 /home/sky/kaldi/egs/timit/s5/mfcc/raw_mfcc_train.2.ark:267948
MJXL0_SX92 /home/sky/kaldi/egs/timit/s5/mfcc/raw_mfcc_train.7.ark:349964
FDMY0_SX207 /home/sky/kaldi/egs/timit/s5/mfcc/raw_mfcc_train.1.ark:1002675
MTLB0_SI504 /home/sky/kaldi/egs/timit/s5/mfcc/raw_mfcc_train.10.ark:557164
FKDW0_SX307 /home/sky/kaldi/egs/timit/s5/mfcc/raw_mfcc_train.2.ark:554244
MTCS0_SI2265 /home/sky/kaldi/egs/timit/s5/mfcc/raw_mfcc_train.10.ark:210956
MWSB0_SI2256 /home/sky/kaldi/egs/timit/s5/mfcc/raw_mfcc_train.10.ark:1418300
MHMG0_SX285 /home/sky/kaldi/egs/timit/s5/mfcc/raw_mfcc_train.6.ark:401679
MSDB0_SX377 /home/sky/kaldi/egs/timit/s5/mfcc/raw_mfcc_train.9.ark:1083504
FKDW0_SX37 /home/sky/kaldi/egs/timit/s5/mfcc/raw_mfcc_train.2.ark:556811
MPSW0_SX77 /home/sky/kaldi/egs/timit/s5/mfcc/raw_mfcc_train.8.ark:925632
MSRR0_SI501 /home/sky/kaldi/egs/timit/s5/mfcc/raw_mfcc_train.9.ark:1476495
MBAR0_SX149 /home/sky/kaldi/egs/timit/s5/mfcc/raw_mfcc_train.4.ark:303425
MDSJ0_SX112 /home/sky/kaldi/egs/timit/s5/mfcc/raw_mfcc_train.5.ark:701479
MCDR0_SX74 /home/sky/kaldi/egs/timit/s5/mfcc/raw_mfcc_train.4.ark:856060
MSDB0_SI2267 /home/sky/kaldi/egs/timit/s5/mfcc/raw_mfcc_train.9.ark:1070730
FSAK0_SI1300 /home/sky/kaldi/egs/timit/s5/mfcc/raw_mfcc_train.3.ark:519866
FLTM0_SX260 /home/sky/kaldi/egs/timit/s5/mfcc/raw_mfcc_train.2.ark:1209218
MJHI0_SX68 /home/sky/kaldi/egs/timit/s5/mfcc/raw_mfcc_train.6.ark:1025245
MTML0_SX165 /home/sky/kaldi/egs/timit/s5/mfcc/raw_mfcc_train.10.ark:624574
MDCM0_SX40 /home/sky/kaldi/egs/timit/s5/mfcc/raw_mfcc_train.4.ark:1400797
MLJH0_SX64 /home/sky/kaldi/egs/timit/s5/mfcc/raw_mfcc_train.7.ark:1006825
MRAI0_SX72 /home/sky/kaldi/egs/timit/s5/mfcc/raw_mfcc_train.8.ark:1026852
FAJW0_SX183 /home/sky/kaldi/egs/timit/s5/mfcc/raw_mfcc_train.1.ark:49518
MDAC0_SI1837 /home/sky/kaldi/egs/timit/s5/mfcc/raw_mfcc_train.4.ark:1219754
MRAI0_SI1954 /home/sky/kaldi/egs/timit/s5/mfcc/raw_mfcc_train.8.ark:994537
FDTD0_SI1561 /home/sky/kaldi/egs/timit/s5/mfcc/raw_mfcc_train.1.ark:1057309
MDNS0_SX201 /home/sky/kaldi/egs/timit/s5/mfcc/raw_mfcc_train.5.ark:546605
FJXM0_SI1211 /home/sky/kaldi/egs/timit/s5/mfcc/raw_mfcc_train.2.ark:393767
MDRD0_SX122 /home/sky/kaldi/egs/timit/s5/mfcc/raw_mfcc_train.5.ark:666985
MJAE0_SX354 /home/sky/kaldi/egs/timit/s5/mfcc/raw_mfcc_train.6.ark:588315
MREW1_SI2130 /home/sky/kaldi/egs/timit/s5/mfcc/raw_mfcc_train.8.ark:1387663
FCEG0_SX78 /home/sky/kaldi/egs/timit/s5/mfcc/raw_mfcc_train.1.ark:534512
FKLH0_SX177 /home/sky/kaldi/egs/timit/s5/mfcc/raw_mfcc_train.2.ark:716639
MVRW0_SX45 /home/sky/kaldi/egs/timit/s5/mfcc/raw_mfcc_train.10.ark:1126281
FSDJ0_SI1115 /home/sky/kaldi/egs/timit/s5/mfcc/raw_mfcc_train.3.ark:655932
MSJK0_SX336 /home/sky/kaldi/egs/timit/s5/mfcc/raw_mfcc_train.9.ark:1326459
FJDM2_SI1582 /home/sky/kaldi/egs/timit/s5/mfcc/raw_mfcc_train.2.ark:24365
MMWS1_SX441 /home/sky/kaldi/egs/timit/s5/mfcc/raw_mfcc_train.8.ark:392276
MCAE0_SX187 /home/sky/kaldi/egs/timit/s5/mfcc/raw_mfcc_train.4.ark:710623
MEAL0_SX377 /home/sky/kaldi/egs/timit/s5/mfcc/raw_mfcc_train.5.ark:928419
FEAC0_SX255 /home/sky/kaldi/egs/timit/s5/mfcc/raw_mfcc_train.1.ark:1138820
MBSB0_SX93 /home/sky/kaldi/egs/timit/s5/mfcc/raw_mfcc_train.4.ark:619727
MRDD0_SX277 /home/sky/kaldi/egs/timit/s5/mfcc/raw_mfcc_train.8.ark:1209340
MJJB0_SX149 /home/sky/kaldi/egs/timit/s5/mfcc/raw_mfcc_train.6.ark:1040291
FCJS0_SX437 /home/sky/kaldi/egs/timit/s5/mfcc/raw_mfcc_train.1.ark:583916
FDML0_SX249 /home/sky/kaldi/egs/timit/s5/mfcc/raw_mfcc_train.1.ark:962202
MARW0_SX376 /home/sky/kaldi/egs/timit/s5/mfcc/raw_mfcc_train.4.ark:287938
FPAB1_SX31 /home/sky/kaldi/egs/timit/s5/mfcc/raw_mfcc_train.3.ark:113295
FSSB0_SX452 /home/sky/kaldi/egs/timit/s5/mfcc/raw_mfcc_train.3.ark:1178379
FPAC0_SX31 /home/sky/kaldi/egs/timit/s5/mfcc/raw_mfcc_train.3.ark:148270
MHMR0_SX399 /home/sky/kaldi/egs/timit/s5/mfcc/raw_mfcc_train.6.ark:439326
FPAD0_SX446 /home/sky/kaldi/egs/timit/s5/mfcc/raw_mfcc_train.3.ark:182726
MJAE0_SX444 /home/sky/kaldi/egs/timit/s5/mfcc/raw_mfcc_train.6.ark:592625
MLEL0_SX346 /home/sky/kaldi/egs/timit/s5/mfcc/raw_mfcc_train.7.ark:923381
MCDR0_SI1154 /home/sky/kaldi/egs/timit/s5/mfcc/raw_mfcc_train.4.ark:823290
MRHL0_SI1515 /home/sky/kaldi/egs/timit/s5/mfcc/raw_mfcc_train.9.ark:47063
MJDA0_SX311 /home/sky/kaldi/egs/timit/s5/mfcc/raw_mfcc_train.6.ark:683166
FTAJ0_SI474 /home/sky/kaldi/egs/timit/s5/mfcc/raw_mfcc_train.3.ark:1190685
MRJH0_SI1519 /home/sky/kaldi/egs/timit/s5/mfcc/raw_mfcc_train.9.ark:114570
FBJL0_SX112 /home/sky/kaldi/egs/timit/s5/mfcc/raw_mfcc_train.1.ark:288190
MPFU0_SX88 /home/sky/kaldi/egs/timit/s5/mfcc/raw_mfcc_train.8.ark:579263
MKDD0_SX397 /home/sky/kaldi/egs/timit/s5/mfcc/raw_mfcc_train.7.ark:544031
FGRW0_SI1782 /home/sky/kaldi/egs/timit/s5/mfcc/raw_mfcc_train.1.ark:1476954
MRCW0_SX21 /home/sky/kaldi/egs/timit/s5/mfcc/raw_mfcc_train.8.ark:1181851
MTRR0_SI1548 /home/sky/kaldi/egs/timit/s5/mfcc/raw_mfcc_train.10.ark:910453
MRHL0_SX255 /home/sky/kaldi/egs/timit/s5/mfcc/raw_mfcc_train.9.ark:62406
MKAM0_SI1250 /home/sky/kaldi/egs/timit/s5/mfcc/raw_mfcc_train.7.ark:448825
MRFK0_SI1706 /home/sky/kaldi/egs/timit/s5/mfcc/raw_mfcc_train.8.ark:1420428
MMPM0_SX251 /home/sky/kaldi/egs/timit/s5/mfcc/raw_mfcc_train.8.ark:175146
MJAI0_SX74 /home/sky/kaldi/egs/timit/s5/mfcc/raw_mfcc_train.6.ark:631804
MJHI0_SI1328 /home/sky/kaldi/egs/timit/s5/mfcc/raw_mfcc_train.6.ark:996233
FCMG0_SX252 /home/sky/kaldi/egs/timit/s5/mfcc/raw_mfcc_train.1.ark:672019
FREH0_SX55 /home/sky/kaldi/egs/timit/s5/mfcc/raw_mfcc_train.3.ark:381388
MSDB0_SI1637 /home/sky/kaldi/egs/timit/s5/mfcc/raw_mfcc_train.9.ark:1068109
MJLS0_SX286 /home/sky/kaldi/egs/timit/s5/mfcc/raw_mfcc_train.6.ark:1248433
FDAW0_SX56 /home/sky/kaldi/egs/timit/s5/mfcc/raw_mfcc_train.1.ark:848072
MDWD0_SX180 /home/sky/kaldi/egs/timit/s5/mfcc/raw_mfcc_train.5.ark:817928
FBMJ0_SX156 /home/sky/kaldi/egs/timit/s5/mfcc/raw_mfcc_train.1.ark:388500
MTRT0_SI1227 /home/sky/kaldi/egs/timit/s5/mfcc/raw_mfcc_train.10.ark:942737
MVJH0_SX116 /home/sky/kaldi/egs/timit/s5/mfcc/raw_mfcc_train.10.ark:1053912
MFXS0_SX144 /home/sky/kaldi/egs/timit/s5/mfcc/raw_mfcc_train.5.ark:1312421
MDWH0_SI1925 /home/sky/kaldi/egs/timit/s5/mfcc/raw_mfcc_train.5.ark:841787
FKFB0_SX78 /home/sky/kaldi/egs/timit/s5/mfcc/raw_mfcc_train.2.ark:599216
MBSB0_SX273 /home/sky/kaldi/egs/timit/s5/mfcc/raw_mfcc_train.4.ark:612403
FDTD0_SX391 /home/sky/kaldi/egs/timit/s5/mfcc/raw_mfcc_train.1.ark:1089170
FKFB0_SI978 /home/sky/kaldi/egs/timit/s5/mfcc/raw_mfcc_train.2.ark:573403
FSJG0_SX40 /home/sky/kaldi/egs/timit/s5/mfcc/raw_mfcc_train.3.ark:749272
MSDH0_SX440 /home/sky/kaldi/egs/timit/s5/mfcc/raw_mfcc_train.9.ark:1111414
MRTJ0_SX322 /home/sky/kaldi/egs/timit/s5/mfcc/raw_mfcc_train.9.ark:808532
MLNS0_SI1407 /home/sky/kaldi/egs/timit/s5/mfcc/raw_mfcc_train.7.ark:1010928
FCLT0_SI1438 /home/sky/kaldi/egs/timit/s5/mfcc/raw_mfcc_train.1.ark:622103
MDWM0_SI1546 /home/sky/kaldi/egs/timit/s5/mfcc/raw_mfcc_train.5.ark:873686
FCAJ0_SX129 /home/sky/kaldi/egs/timit/s5/mfcc/raw_mfcc_train.1.ark:449013
MSDH0_SX80 /home/sky/kaldi/egs/timit/s5/mfcc/raw_mfcc_train.9.ark:1116347
FSMM0_SI1944 /home/sky/kaldi/egs/timit/s5/mfcc/raw_mfcc_train.3.ark:1022245
FJSP0_SX174 /home/sky/kaldi/egs/timit/s5/mfcc/raw_mfcc_train.2.ark:342261
FPAF0_SX244 /home/sky/kaldi/egs/timit/s5/mfcc/raw_mfcc_train.3.ark:207223
MBSB0_SX363 /home/sky/kaldi/egs/timit/s5/mfcc/raw_mfcc_train.4.ark:616614
MRSP0_SI2059 /home/sky/kaldi/egs/timit/s5/mfcc/raw_mfcc_train.9.ark:718040
MILB0_SX273 /home/sky/kaldi/egs/timit/s5/mfcc/raw_mfcc_train.6.ark:524300
FREH0_SX325 /home/sky/kaldi/egs/timit/s5/mfcc/raw_mfcc_train.3.ark:375954
MFMC0_SX412 /home/sky/kaldi/egs/timit/s5/mfcc/raw_mfcc_train.5.ark:1232826
MMEB0_SX367 /home/sky/kaldi/egs/timit/s5/mfcc/raw_mfcc_train.8.ark:12
FKDW0_SI577 /home/sky/kaldi/egs/timit/s5/mfcc/raw_mfcc_train.2.ark:545357
MSFV0_SX272 /home/sky/kaldi/egs/timit/s5/mfcc/raw_mfcc_train.9.ark:1287109
FETB0_SI1148 /home/sky/kaldi/egs/timit/s5/mfcc/raw_mfcc_train.1.ark:1294738
MWRP0_SX183 /home/sky/kaldi/egs/timit/s5/mfcc/raw_mfcc_train.10.ark:1397069
MKDB0_SX152 /home/sky/kaldi/egs/timit/s5/mfcc/raw_mfcc_train.7.ark:494885
MWSH0_SX256 /home/sky/kaldi/egs/timit/s5/mfcc/raw_mfcc_train.10.ark:1464240
MGAW0_SI535 /home/sky/kaldi/egs/timit/s5/mfcc/raw_mfcc_train.6.ark:35404
FLOD0_SX297 /home/sky/kaldi/egs/timit/s5/mfcc/raw_mfcc_train.2.ark:1188048
FTBW0_SX265 /home/sky/kaldi/egs/timit/s5/mfcc/raw_mfcc_train.3.ark:1263438
FMPG0_SI2232 /home/sky/kaldi/egs/timit/s5/mfcc/raw_mfcc_train.2.ark:1533631
MRLD0_SX334 /home/sky/kaldi/egs/timit/s5/mfcc/raw_mfcc_train.9.ark:312996
MDCM0_SX400 /home/sky/kaldi/egs/timit/s5/mfcc/raw_mfcc_train.4.ark:1404522
FCLT0_SX358 /home/sky/kaldi/egs/timit/s5/mfcc/raw_mfcc_train.1.ark:642276
FMAH1_SI1509 /home/sky/kaldi/egs/timit/s5/mfcc/raw_mfcc_train.2.ark:1228148
FSKP0_SX288 /home/sky/kaldi/egs/timit/s5/mfcc/raw_mfcc_train.3.ark:943665
MTJS0_SI562 /home/sky/kaldi/egs/timit/s5/mfcc/raw_mfcc_train.10.ark:421372
MPGR1_SI2129 /home/sky/kaldi/egs/timit/s5/mfcc/raw_mfcc_train.8.ark:649847
MCDD0_SI1513 /home/sky/kaldi/egs/timit/s5/mfcc/raw_mfcc_train.4.ark:794464
FDKN0_SX91 /home/sky/kaldi/egs/timit/s5/mfcc/raw_mfcc_train.1.ark:943808
FPAB1_SX121 /home/sky/kaldi/egs/timit/s5/mfcc/raw_mfcc_train.3.ark:99430
FMJB0_SI1807 /home/sky/kaldi/egs/timit/s5/mfcc/raw_mfcc_train.2.ark:1334004
MNTW0_SX168 /home/sky/kaldi/egs/timit/s5/mfcc/raw_mfcc_train.8.ark:473908
MRJT0_SX58 /home/sky/kaldi/egs/timit/s5/mfcc/raw_mfcc_train.9.ark:248001
MDDC0_SX159 /home/sky/kaldi/egs/timit/s5/mfcc/raw_mfcc_train.4.ark:1420243
FSPM0_SI1871 /home/sky/kaldi/egs/timit/s5/mfcc/raw_mfcc_train.3.ark:1093014
MDHS0_SI900 /home/sky/kaldi/egs/timit/s5/mfcc/raw_mfcc_train.5.ark:108086
MTDP0_SX81 /home/sky/kaldi/egs/timit/s5/mfcc/raw_mfcc_train.10.ark:308690
FJWB1_SI795 /home/sky/kaldi/egs/timit/s5/mfcc/raw_mfcc_train.2.ark:372223
MTPP0_SI2138 /home/sky/kaldi/egs/timit/s5/mfcc/raw_mfcc_train.10.ark:778115
MMAM0_SX337 /home/sky/kaldi/egs/timit/s5/mfcc/raw_mfcc_train.7.ark:1198073
MMJB1_SX58 /home/sky/kaldi/egs/timit/s5/mfcc/raw_mfcc_train.8.ark:126678
MVJH0_SX296 /home/sky/kaldi/egs/timit/s5/mfcc/raw_mfcc_train.10.ark:1063838
MPRK0_SX17 /home/sky/kaldi/egs/timit/s5/mfcc/raw_mfcc_train.8.ark:856078
FPAC0_SI1921 /home/sky/kaldi/egs/timit/s5/mfcc/raw_mfcc_train.3.ark:119459
FDML0_SX339 /home/sky/kaldi/egs/timit/s5/mfcc/raw_mfcc_train.1.ark:964913
MRVG0_SX60 /home/sky/kaldi/egs/timit/s5/mfcc/raw_mfcc_train.9.ark:846471
FJKL0_SI932 /home/sky/kaldi/egs/timit/s5/mfcc/raw_mfcc_train.2.ark:132870
MJRA0_SI1866 /home/sky/kaldi/egs/timit/s5/mfcc/raw_mfcc_train.6.ark:1443877
MWEM0_SX60 /home/sky/kaldi/egs/timit/s5/mfcc/raw_mfcc_train.10.ark:1314074
MGXP0_SX367 /home/sky/kaldi/egs/timit/s5/mfcc/raw_mfcc_train.6.ark:279389
MKLR0_SI2319 /home/sky/kaldi/egs/timit/s5/mfcc/raw_mfcc_train.7.ark:685683
MRJM0_SI1858 /home/sky/kaldi/egs/timit/s5/mfcc/raw_mfcc_train.9.ark:160025
MDMA0_SX440 /home/sky/kaldi/egs/timit/s5/mfcc/raw_mfcc_train.5.ark:488460
MGAW0_SI1165 /home/sky/kaldi/egs/timit/s5/mfcc/raw_mfcc_train.6.ark:24547
MMBS0_SI1781 /home/sky/kaldi/egs/timit/s5/mfcc/raw_mfcc_train.7.ark:1251940
FCDR1_SI556 /home/sky/kaldi/egs/timit/s5/mfcc/raw_mfcc_train.1.ark:482135
MJMM0_SX85 /home/sky/kaldi/egs/timit/s5/mfcc/raw_mfcc_train.6.ark:1343226
MTPF0_SI605 /home/sky/kaldi/egs/timit/s5/mfcc/raw_mfcc_train.10.ark:720470
FMKC0_SX172 /home/sky/kaldi/egs/timit/s5/mfcc/raw_mfcc_train.2.ark:1441048
MSJK0_SX246 /home/sky/kaldi/egs/timit/s5/mfcc/raw_mfcc_train.9.ark:1322838
MRMB0_SI1581 /home/sky/kaldi/egs/timit/s5/mfcc/raw_mfcc_train.9.ark:442986
FTBR0_SX111 /home/sky/kaldi/egs/timit/s5/mfcc/raw_mfcc_train.3.ark:1228118
MJPM1_SI2280 /home/sky/kaldi/egs/timit/s5/mfcc/raw_mfcc_train.6.ark:1409942
MPGH0_SI1554 /home/sky/kaldi/egs/timit/s5/mfcc/raw_mfcc_train.8.ark:583847
FSRH0_SX131 /home/sky/kaldi/egs/timit/s5/mfcc/raw_mfcc_train.3.ark:1130213
MMAG0_SX406 /home/sky/kaldi/egs/timit/s5/mfcc/raw_mfcc_train.7.ark:1171710
FSJK1_SI2285 /home/sky/kaldi/egs/timit/s5/mfcc/raw_mfcc_train.3.ark:764713
MREH1_SX339 /home/sky/kaldi/egs/timit/s5/mfcc/raw_mfcc_train.8.ark:1338919
MHIT0_SX83 /home/sky/kaldi/egs/timit/s5/mfcc/raw_mfcc_train.6.ark:349779
FSMM0_SI684 /home/sky/kaldi/egs/timit/s5/mfcc/raw_mfcc_train.3.ark:1025788
FGMB0_SX155 /home/sky/kaldi/egs/timit/s5/mfcc/raw_mfcc_train.1.ark:1447037
FJRP1_SX172 /home/sky/kaldi/egs/timit/s5/mfcc/raw_mfcc_train.2.ark:271387
FRLL0_SI1514 /home/sky/kaldi/egs/timit/s5/mfcc/raw_mfcc_train.3.ark:414877
MMGG0_SX269 /home/sky/kaldi/egs/timit/s5/mfcc/raw_mfcc_train.8.ark:56305
MGXP0_SI1087 /home/sky/kaldi/egs/timit/s5/mfcc/raw_mfcc_train.6.ark:256383
MDLM0_SI604 /home/sky/kaldi/egs/timit/s5/mfcc/raw_mfcc_train.5.ark:368790
MMWB0_SI1619 /home/sky/kaldi/egs/timit/s5/mfcc/raw_mfcc_train.8.ark:299118
FCDR1_SX286 /home/sky/kaldi/egs/timit/s5/mfcc/raw_mfcc_train.1.ark:499777
FPAB1_SI841 /home/sky/kaldi/egs/timit/s5/mfcc/raw_mfcc_train.3.ark:92975
MMAG0_SX226 /home/sky/kaldi/egs/timit/s5/mfcc/raw_mfcc_train.7.ark:1163402
MKAH0_SI1528 /home/sky/kaldi/egs/timit/s5/mfcc/raw_mfcc_train.7.ark:388456
FPLS0_SX150 /home/sky/kaldi/egs/timit/s5/mfcc/raw_mfcc_train.3.ark:301819
MPSW0_SI1697 /home/sky/kaldi/egs/timit/s5/mfcc/raw_mfcc_train.8.ark:906234
FLKM0_SX440 /home/sky/kaldi/egs/timit/s5/mfcc/raw_mfcc_train.2.ark:1063084
FLET0_SX57 /home/sky/kaldi/egs/timit/s5/mfcc/raw_mfcc_train.2.ark:895585
MSMR0_SX415 /home/sky/kaldi/egs/timit/s5/mfcc/raw_mfcc_train.9.ark:1397871
MPRT0_SX400 /home/sky/kaldi/egs/timit/s5/mfcc/raw_mfcc_train.8.ark:899822
MKAG0_SX259 /home/sky/kaldi/egs/timit/s5/mfcc/raw_mfcc_train.7.ark:372712
FSMM0_SX54 /home/sky/kaldi/egs/timit/s5/mfcc/raw_mfcc_train.3.ark:1048832
FCRZ0_SI793 /home/sky/kaldi/egs/timit/s5/mfcc/raw_mfcc_train.1.ark:728123
MRDM0_SI1044 /home/sky/kaldi/egs/timit/s5/mfcc/raw_mfcc_train.8.ark:1221061
MTAS0_SI755 /home/sky/kaldi/egs/timit/s5/mfcc/raw_mfcc_train.10.ark:88964
MJAE0_SI2154 /home/sky/kaldi/egs/timit/s5/mfcc/raw_mfcc_train.6.ark:576321
MCDD0_SX433 /home/sky/kaldi/egs/timit/s5/mfcc/raw_mfcc_train.4.ark:815580
MDBB1_SI1006 /home/sky/kaldi/egs/timit/s5/mfcc/raw_mfcc_train.4.ark:1279423
MJRH1_SX334 /home/sky/kaldi/egs/timit/s5/mfcc/raw_mfcc_train.7.ark:71439
MDCD0_SX155 /home/sky/kaldi/egs/timit/s5/mfcc/raw_mfcc_train.4.ark:1357105
MAFM0_SX399 /home/sky/kaldi/egs/timit/s5/mfcc/raw_mfcc_train.4.ark:94362
MJMA0_SX325 /home/sky/kaldi/egs/timit/s5/mfcc/raw_mfcc_train.6.ark:1278488
FPAD0_SI1976 /home/sky/kaldi/egs/timit/s5/mfcc/raw_mfcc_train.3.ark:158979
MARC0_SX288 /home/sky/kaldi/egs/timit/s5/mfcc/raw_mfcc_train.4.ark:250551
MJRH0_SX405 /home/sky/kaldi/egs/timit/s5/mfcc/raw_mfcc_train.7.ark:42126
MARW0_SI1276 /home/sky/kaldi/egs/timit/s5/mfcc/raw_mfcc_train.4.ark:257911
MTDB0_SI1401 /home/sky/kaldi/egs/timit/s5/mfcc/raw_mfcc_train.10.ark:240840
FJWB1_SX435 /home/sky/kaldi/egs/timit/s5/mfcc/raw_mfcc_train.2.ark:386304
MCPM0_SI564 /home/sky/kaldi/egs/timit/s5/mfcc/raw_mfcc_train.4.ark:1035028
FEAR0_SX82 /home/sky/kaldi/egs/timit/s5/mfcc/raw_mfcc_train.1.ark:1183526
MCLK0_SX400 /home/sky/kaldi/egs/timit/s5/mfcc/raw_mfcc_train.4.ark:993907
FGCS0_SX46 /home/sky/kaldi/egs/timit/s5/mfcc/raw_mfcc_train.1.ark:1391700
MSES0_SI1589 /home/sky/kaldi/egs/timit/s5/mfcc/raw_mfcc_train.9.ark:1200684
MTWH1_SI2142 /home/sky/kaldi/egs/timit/s5/mfcc/raw_mfcc_train.10.ark:978084
MWSB0_SX366 /home/sky/kaldi/egs/timit/s5/mfcc/raw_mfcc_train.10.ark:1432641
MDWD0_SI1260 /home/sky/kaldi/egs/timit/s5/mfcc/raw_mfcc_train.5.ark:805166
FLJG0_SX351 /home/sky/kaldi/egs/timit/s5/mfcc/raw_mfcc_train.2.ark:1020485
MWSB0_SX96 /home/sky/kaldi/egs/timit/s5/mfcc/raw_mfcc_train.10.ark:1439867
FCKE0_SX391 /home/sky/kaldi/egs/timit/s5/mfcc/raw_mfcc_train.1.ark:619508
MJAI0_SI1604 /home/sky/kaldi/egs/timit/s5/mfcc/raw_mfcc_train.6.ark:603156
MGRL0_SX57 /home/sky/kaldi/egs/timit/s5/mfcc/raw_mfcc_train.6.ark:147215
MKAJ0_SX154 /home/sky/kaldi/egs/timit/s5/mfcc/raw_mfcc_train.7.ark:432943
FEME0_SX335 /home/sky/kaldi/egs/timit/s5/mfcc/raw_mfcc_train.1.ark:1281197
MAEB0_SX270 /home/sky/kaldi/egs/timit/s5/mfcc/raw_mfcc_train.4.ark:24833
MMAB1_SI864 /home/sky/kaldi/egs/timit/s5/mfcc/raw_mfcc_train.7.ark:1114516
FCAJ0_SI849 /home/sky/kaldi/egs/timit/s5/mfcc/raw_mfcc_train.1.ark:444365
FSPM0_SX71 /home/sky/kaldi/egs/timit/s5/mfcc/raw_mfcc_train.3.ark:1118262
MEDR0_SX114 /home/sky/kaldi/egs/timit/s5/mfcc/raw_mfcc_train.5.ark:945206
MHBS0_SI2205 /home/sky/kaldi/egs/timit/s5/mfcc/raw_mfcc_train.6.ark:295055
MMEA0_SI2018 /home/sky/kaldi/egs/timit/s5/mfcc/raw_mfcc_train.7.ark:1477005
FLET0_SX277 /home/sky/kaldi/egs/timit/s5/mfcc/raw_mfcc_train.2.ark:888604
FJKL0_SX122 /home/sky/kaldi/egs/timit/s5/mfcc/raw_mfcc_train.2.ark:139442
MFRM0_SX345 /home/sky/kaldi/egs/timit/s5/mfcc/raw_mfcc_train.5.ark:1260606
FDJH0_SX395 /home/sky/kaldi/egs/timit/s5/mfcc/raw_mfcc_train.1.ark:906895
MGSL0_SX354 /home/sky/kaldi/egs/timit/s5/mfcc/raw_mfcc_train.6.ark:242946
FDFB0_SX328 /home/sky/kaldi/egs/timit/s5/mfcc/raw_mfcc_train.1.ark:868280
FCJF0_SX127 /home/sky/kaldi/egs/timit/s5/mfcc/raw_mfcc_train.1.ark:549934
MDHL0_SX179 /home/sky/kaldi/egs/timit/s5/mfcc/raw_mfcc_train.5.ark:81308
MCTM0_SX270 /home/sky/kaldi/egs/timit/s5/mfcc/raw_mfcc_train.4.ark:1170313
MWRP0_SX93 /home/sky/kaldi/egs/timit/s5/mfcc/raw_mfcc_train.10.ark:1411511
MSFH0_SX406 /home/sky/kaldi/egs/timit/s5/mfcc/raw_mfcc_train.9.ark:1259207
MDSS1_SI1327 /home/sky/kaldi/egs/timit/s5/mfcc/raw_mfcc_train.5.ark:748124
MMAM0_SI1668 /home/sky/kaldi/egs/timit/s5/mfcc/raw_mfcc_train.7.ark:1185226
MEGJ0_SX257 /home/sky/kaldi/egs/timit/s5/mfcc/raw_mfcc_train.5.ark:1016097
MJPG0_SX201 /home/sky/kaldi/egs/timit/s5/mfcc/raw_mfcc_train.6.ark:1362724
MWCH0_SX182 /home/sky/kaldi/egs/timit/s5/mfcc/raw_mfcc_train.10.ark:1234749
MWCH0_SX92 /home/sky/kaldi/egs/timit/s5/mfcc/raw_mfcc_train.10.ark:1248920
MRJM1_SI1928 /home/sky/kaldi/egs/timit/s5/mfcc/raw_mfcc_train.9.ark:192016
MDBP0_SI1788 /home/sky/kaldi/egs/timit/s5/mfcc/raw_mfcc_train.4.ark:1311885
FJKL0_SX392 /home/sky/kaldi/egs/timit/s5/mfcc/raw_mfcc_train.2.ark:155680
MPGH0_SI924 /home/sky/kaldi/egs/timit/s5/mfcc/raw_mfcc_train.8.ark:594456
FLTM0_SI2330 /home/sky/kaldi/egs/timit/s5/mfcc/raw_mfcc_train.2.ark:1200676
MTDB0_SI2031 /home/sky/kaldi/egs/timit/s5/mfcc/raw_mfcc_train.10.ark:246672
MHIT0_SX263 /home/sky/kaldi/egs/timit/s5/mfcc/raw_mfcc_train.6.ark:338735
MAKR0_SX362 /home/sky/kaldi/egs/timit/s5/mfcc/raw_mfcc_train.4.ark:186562
FALK0_SX186 /home/sky/kaldi/egs/timit/s5/mfcc/raw_mfcc_train.1.ark:82540
MCEW0_SI812 /home/sky/kaldi/egs/timit/s5/mfcc/raw_mfcc_train.4.ark:900028
MJEB1_SX387 /home/sky/kaldi/egs/timit/s5/mfcc/raw_mfcc_train.6.ark:897852
MHXL0_SX62 /home/sky/kaldi/egs/timit/s5/mfcc/raw_mfcc_train.6.ark:502788
FTBR0_SX291 /home/sky/kaldi/egs/timit/s5/mfcc/raw_mfcc_train.3.ark:1238421
FCKE0_SI1741 /home/sky/kaldi/egs/timit/s5/mfcc/raw_mfcc_train.1.ark:594650
MSAT1_SX353 /home/sky/kaldi/egs/timit/s5/mfcc/raw_mfcc_train.9.ark:1051804
MLNS0_SI2037 /home/sky/kaldi/egs/timit/s5/mfcc/raw_mfcc_train.7.ark:1013965
MDRD0_SI2012 /home/sky/kaldi/egs/timit/s5/mfcc/raw_mfcc_train.5.ark:656051
FEME0_SX245 /home/sky/kaldi/egs/timit/s5/mfcc/raw_mfcc_train.1.ark:1277511
MDWD0_SI557 /home/sky/kaldi/egs/timit/s5/mfcc/raw_mfcc_train.5.ark:815893
MRGS0_SX366 /home/sky/kaldi/egs/timit/s5/mfcc/raw_mfcc_train.9.ark:32406
MPSW0_SX167 /home/sky/kaldi/egs/timit/s5/mfcc/raw_mfcc_train.8.ark:912346
FSJK1_SI1025 /home/sky/kaldi/egs/timit/s5/mfcc/raw_mfcc_train.3.ark:760545
MPGR1_SI1499 /home/sky/kaldi/egs/timit/s5/mfcc/raw_mfcc_train.8.ark:644158
MMPM0_SI2321 /home/sky/kaldi/egs/timit/s5/mfcc/raw_mfcc_train.8.ark:166253
MTLC0_SX127 /home/sky/kaldi/egs/timit/s5/mfcc/raw_mfcc_train.10.ark:597034
FSDJ0_SX395 /home/sky/kaldi/egs/timit/s5/mfcc/raw_mfcc_train.3.ark:680746
FEXM0_SX201 /home/sky/kaldi/egs/timit/s5/mfcc/raw_mfcc_train.1.ark:1345173
MPGR0_SX240 /home/sky/kaldi/egs/timit/s5/mfcc/raw_mfcc_train.8.ark:625103
MTRT0_SI1857 /home/sky/kaldi/egs/timit/s5/mfcc/raw_mfcc_train.10.ark:949336
MJWS0_SX423 /home/sky/kaldi/egs/timit/s5/mfcc/raw_mfcc_train.7.ark:244903
MMEA0_SI758 /home/sky/kaldi/egs/timit/s5/mfcc/raw_mfcc_train.7.ark:1478429
MMDM0_SI1311 /home/sky/kaldi/egs/timit/s5/mfcc/raw_mfcc_train.7.ark:1380392
MJJB0_SI1769 /home/sky/kaldi/egs/timit/s5/mfcc/raw_mfcc_train.6.ark:1036865
MJAE0_SX264 /home/sky/kaldi/egs/timit/s5/mfcc/raw_mfcc_train.6.ark:584473
FMJF0_SX264 /home/sky/kaldi/egs/timit/s5/mfcc/raw_mfcc_train.2.ark:1378345
FKAA0_SX398 /home/sky/kaldi/egs/timit/s5/mfcc/raw_mfcc_train.2.ark:491040
MKDT0_SX353 /home/sky/kaldi/egs/timit/s5/mfcc/raw_mfcc_train.7.ark:569619
MKLS0_SX267 /home/sky/kaldi/egs/timit/s5/mfcc/raw_mfcc_train.7.ark:724339
FRJB0_SX437 /home/sky/kaldi/egs/timit/s5/mfcc/raw_mfcc_train.3.ark:405906
MEWM0_SI1978 /home/sky/kaldi/egs/timit/s5/mfcc/raw_mfcc_train.5.ark:1154534
MKDD0_SX127 /home/sky/kaldi/egs/timit/s5/mfcc/raw_mfcc_train.7.ark:532967
MTLB0_SI1764 /home/sky/kaldi/egs/timit/s5/mfcc/raw_mfcc_train.10.ark:554661
MTMN0_SX434 /home/sky/kaldi/egs/timit/s5/mfcc/raw_mfcc_train.10.ark:673415
MJDC0_SI2165 /home/sky/kaldi/egs/timit/s5/mfcc/raw_mfcc_train.6.ark:699185
FDKN0_SI1081 /home/sky/kaldi/egs/timit/s5/mfcc/raw_mfcc_train.1.ark:910829
MMRP0_SX324 /home/sky/kaldi/egs/timit/s5/mfcc/raw_mfcc_train.8.ark:210699
MFER0_SX52 /home/sky/kaldi/egs/timit/s5/mfcc/raw_mfcc_train.5.ark:1203590
FTMG0_SX272 /home/sky/kaldi/egs/timit/s5/mfcc/raw_mfcc_train.3.ark:1327017
FMEM0_SX207 /home/sky/kaldi/egs/timit/s5/mfcc/raw_mfcc_train.2.ark:1309761
FLAC0_SI1339 /home/sky/kaldi/egs/timit/s5/mfcc/raw_mfcc_train.2.ark:768172
MTPF0_SX155 /home/sky/kaldi/egs/timit/s5/mfcc/raw_mfcc_train.10.ark:725066
MRAB1_SI1478 /home/sky/kaldi/egs/timit/s5/mfcc/raw_mfcc_train.8.ark:961434
FGRW0_SX252 /home/sky/kaldi/egs/timit/s5/mfcc/raw_mfcc_train.1.ark:1490782
FBAS0_SX307 /home/sky/kaldi/egs/timit/s5/mfcc/raw_mfcc_train.1.ark:196878
MJEB1_SI837 /home/sky/kaldi/egs/timit/s5/mfcc/raw_mfcc_train.6.ark:878565
FDAS1_SI2091 /home/sky/kaldi/egs/timit/s5/mfcc/raw_mfcc_train.1.ark:790422
MJLG1_SX112 /home/sky/kaldi/egs/timit/s5/mfcc/raw_mfcc_train.6.ark:1206912
MCDD0_SI883 /home/sky/kaldi/egs/timit/s5/mfcc/raw_mfcc_train.4.ark:800940
MPRK0_SI1097 /home/sky/kaldi/egs/timit/s5/mfcc/raw_mfcc_train.8.ark:834899
MRWA0_SI973 /home/sky/kaldi/egs/timit/s5/mfcc/raw_mfcc_train.9.ark:858363
FNTB0_SX393 /home/sky/kaldi/egs/timit/s5/mfcc/raw_mfcc_train.3.ark:78795
MRRE0_SI704 /home/sky/kaldi/egs/timit/s5/mfcc/raw_mfcc_train.9.ark:640783
MJPM0_SX288 /home/sky/kaldi/egs/timit/s5/mfcc/raw_mfcc_train.6.ark:1399740
MDEM0_SX158 /home/sky/kaldi/egs/timit/s5/mfcc/raw_mfcc_train.5.ark:46008
MRMG0_SX270 /home/sky/kaldi/egs/timit/s5/mfcc/raw_mfcc_train.9.ark:489977
MRMG0_SX450 /home/sky/kaldi/egs/timit/s5/mfcc/raw_mfcc_train.9.ark:497674
MJLB0_SX86 /home/sky/kaldi/egs/timit/s5/mfcc/raw_mfcc_train.6.ark:1191138
MSAS0_SI746 /home/sky/kaldi/egs/timit/s5/mfcc/raw_mfcc_train.9.ark:981390
MTDP0_SX171 /home/sky/kaldi/egs/timit/s5/mfcc/raw_mfcc_train.10.ark:287603
FSMS1_SX347 /home/sky/kaldi/egs/timit/s5/mfcc/raw_mfcc_train.3.ark:1076833
FSKL0_SX449 /home/sky/kaldi/egs/timit/s5/mfcc/raw_mfcc_train.3.ark:912981
MSAH1_SX419 /home/sky/kaldi/egs/timit/s5/mfcc/raw_mfcc_train.9.ark:963759
MJWG0_SX355 /home/sky/kaldi/egs/timit/s5/mfcc/raw_mfcc_train.7.ark:208530
MRFK0_SX176 /home/sky/kaldi/egs/timit/s5/mfcc/raw_mfcc_train.8.ark:1425370
MBCG0_SX147 /home/sky/kaldi/egs/timit/s5/mfcc/raw_mfcc_train.4.ark:365263
FSAH0_SI1244 /home/sky/kaldi/egs/timit/s5/mfcc/raw_mfcc_train.3.ark:485060
FPMY0_SX196 /home/sky/kaldi/egs/timit/s5/mfcc/raw_mfcc_train.3.ark:340660
MEAL0_SX347 /home/sky/kaldi/egs/timit/s5/mfcc/raw_mfcc_train.5.ark:923849
MJLG1_SX22 /home/sky/kaldi/egs/timit/s5/mfcc/raw_mfcc_train.6.ark:1213061
MHMR0_SI1692 /home/sky/kaldi/egs/timit/s5/mfcc/raw_mfcc_train.6.ark:412388
MJWS0_SX333 /home/sky/kaldi/egs/timit/s5/mfcc/raw_mfcc_train.7.ark:239189
MJLB0_SX266 /home/sky/kaldi/egs/timit/s5/mfcc/raw_mfcc_train.6.ark:1180952
MFRM0_SX75 /home/sky/kaldi/egs/timit/s5/mfcc/raw_mfcc_train.5.ark:1268874
FALR0_SX245 /home/sky/kaldi/egs/timit/s5/mfcc/raw_mfcc_train.1.ark:117234
MMEB0_SX327 /home/sky/kaldi/egs/timit/s5/mfcc/raw_mfcc_train.7.ark:1513587
MPSW0_SX257 /home/sky/kaldi/egs/timit/s5/mfcc/raw_mfcc_train.8.ark:918768
MGAK0_SX226 /home/sky/kaldi/egs/timit/s5/mfcc/raw_mfcc_train.5.ark:1443034
MSDB0_SX197 /home/sky/kaldi/egs/timit/s5/mfcc/raw_mfcc_train.9.ark:1078251
MDEM0_SX428 /home/sky/kaldi/egs/timit/s5/mfcc/raw_mfcc_train.5.ark:59042
MPRK0_SX287 /home/sky/kaldi/egs/timit/s5/mfcc/raw_mfcc_train.8.ark:863970
MRTJ0_SI772 /home/sky/kaldi/egs/timit/s5/mfcc/raw_mfcc_train.9.ark:789193
FKLH0_SI627 /home/sky/kaldi/egs/timit/s5/mfcc/raw_mfcc_train.2.ark:712927
FSJK1_SX215 /home/sky/kaldi/egs/timit/s5/mfcc/raw_mfcc_train.3.ark:775173
MTLC0_SI1313 /home/sky/kaldi/egs/timit/s5/mfcc/raw_mfcc_train.10.ark:581685
MDPS0_SX179 /home/sky/kaldi/egs/timit/s5/mfcc/raw_mfcc_train.5.ark:633544
MRDD0_SI1050 /home/sky/kaldi/egs/timit/s5/mfcc/raw_mfcc_train.8.ark:1190401
FLJA0_SX178 /home/sky/kaldi/egs/timit/s5/mfcc/raw_mfcc_train.2.ark:941772
FMAH1_SI2139 /home/sky/kaldi/egs/timit/s5/mfcc/raw_mfcc_train.2.ark:1232017
MTXS0_SX430 /home/sky/kaldi/egs/timit/s5/mfcc/raw_mfcc_train.10.ark:1030125
MMSM0_SI1106 /home/sky/kaldi/egs/timit/s5/mfcc/raw_mfcc_train.8.ark:226515
MPGR1_SX239 /home/sky/kaldi/egs/timit/s5/mfcc/raw_mfcc_train.8.ark:658285
FLMC0_SI2002 /home/sky/kaldi/egs/timit/s5/mfcc/raw_mfcc_train.2.ark:1105920
FSJW0_SI703 /home/sky/kaldi/egs/timit/s5/mfcc/raw_mfcc_train.3.ark:835177
MCDD0_SX253 /home/sky/kaldi/egs/timit/s5/mfcc/raw_mfcc_train.4.ark:808715
MDPK0_SI1683 /home/sky/kaldi/egs/timit/s5/mfcc/raw_mfcc_train.5.ark:598542
MDEF0_SX303 /home/sky/kaldi/egs/timit/s5/mfcc/raw_mfcc_train.5.ark:20538
MPPC0_SI2042 /home/sky/kaldi/egs/timit/s5/mfcc/raw_mfcc_train.8.ark:734740
MSMC0_SI647 /home/sky/kaldi/egs/timit/s5/mfcc/raw_mfcc_train.9.ark:1348828
MABC0_SI781 /home/sky/kaldi/egs/timit/s5/mfcc/raw_mfcc_train.3.ark:1441125
FDJH0_SI935 /home/sky/kaldi/egs/timit/s5/mfcc/raw_mfcc_train.1.ark:887465
MDWD0_SX360 /home/sky/kaldi/egs/timit/s5/mfcc/raw_mfcc_train.5.ark:824390
MDRD0_SX392 /home/sky/kaldi/egs/timit/s5/mfcc/raw_mfcc_train.5.ark:684796
MWAC0_SI971 /home/sky/kaldi/egs/timit/s5/mfcc/raw_mfcc_train.10.ark:1139954
MJFH0_SX27 /home/sky/kaldi/egs/timit/s5/mfcc/raw_mfcc_train.6.ark:952123
MSMC0_SX17 /home/sky/kaldi/egs/timit/s5/mfcc/raw_mfcc_train.9.ark:1358188
FCRZ0_SX253 /home/sky/kaldi/egs/timit/s5/mfcc/raw_mfcc_train.1.ark:735573
MCXM0_SX271 /home/sky/kaldi/egs/timit/s5/mfcc/raw_mfcc_train.4.ark:1201297
FDMY0_SX117 /home/sky/kaldi/egs/timit/s5/mfcc/raw_mfcc_train.1.ark:997832
MDSS0_SX261 /home/sky/kaldi/egs/timit/s5/mfcc/raw_mfcc_train.5.ark:735486
MBWP0_SX439 /home/sky/kaldi/egs/timit/s5/mfcc/raw_mfcc_train.4.ark:681493
MGAG0_SX241 /home/sky/kaldi/egs/timit/s5/mfcc/raw_mfcc_train.5.ark:1410723
FLMK0_SI1229 /home/sky/kaldi/egs/timit/s5/mfcc/raw_mfcc_train.2.ark:1136735
FLKM0_SX350 /home/sky/kaldi/egs/timit/s5/mfcc/raw_mfcc_train.2.ark:1057097
MESJ0_SI2039 /home/sky/kaldi/egs/timit/s5/mfcc/raw_mfcc_train.5.ark:1123063
FVMH0_SI1466 /home/sky/kaldi/egs/timit/s5/mfcc/raw_mfcc_train.3.ark:1405056
MKDD0_SI1567 /home/sky/kaldi/egs/timit/s5/mfcc/raw_mfcc_train.7.ark:515993
MGAR0_SX132 /home/sky/kaldi/egs/timit/s5/mfcc/raw_mfcc_train.6.ark:3387
FGRW0_SI1152 /home/sky/kaldi/egs/timit/s5/mfcc/raw_mfcc_train.1.ark:1470030
FJDM2_SI1964 /home/sky/kaldi/egs/timit/s5/mfcc/raw_mfcc_train.2.ark:27961
MFRM0_SX435 /home/sky/kaldi/egs/timit/s5/mfcc/raw_mfcc_train.5.ark:1264058
MKAG0_SX79 /home/sky/kaldi/egs/timit/s5/mfcc/raw_mfcc_train.7.ark:384418
MJXA0_SI1507 /home/sky/kaldi/egs/timit/s5/mfcc/raw_mfcc_train.7.ark:289603
MMGC0_SI2184 /home/sky/kaldi/egs/timit/s5/mfcc/raw_mfcc_train.8.ark:20366
FJRB0_SX312 /home/sky/kaldi/egs/timit/s5/mfcc/raw_mfcc_train.2.ark:242081
MJRH0_SX45 /home/sky/kaldi/egs/timit/s5/mfcc/raw_mfcc_train.7.ark:45759
MSTF0_SX136 /home/sky/kaldi/egs/timit/s5/mfcc/raw_mfcc_train.9.ark:1513477
FDJH0_SX305 /home/sky/kaldi/egs/timit/s5/mfcc/raw_mfcc_train.1.ark:900018
FMJF0_SI1254 /home/sky/kaldi/egs/timit/s5/mfcc/raw_mfcc_train.2.ark:1360948
MTRC0_SX93 /home/sky/kaldi/egs/timit/s5/mfcc/raw_mfcc_train.10.ark:907975
MRAB1_SX398 /home/sky/kaldi/egs/timit/s5/mfcc/raw_mfcc_train.8.ark:990343
MRLJ1_SX231 /home/sky/kaldi/egs/timit/s5/mfcc/raw_mfcc_train.9.ark:367106
MKAM0_SI1465 /home/sky/kaldi/egs/timit/s5/mfcc/raw_mfcc_train.7.ark:458539
FKSR0_SI1117 /home/sky/kaldi/egs/timit/s5/mfcc/raw_mfcc_train.2.ark:735992
MKDD0_SX217 /home/sky/kaldi/egs/timit/s5/mfcc/raw_mfcc_train.7.ark:535496
MLJH0_SX424 /home/sky/kaldi/egs/timit/s5/mfcc/raw_mfcc_train.7.ark:1002009
MEJS0_SI1870 /home/sky/kaldi/egs/timit/s5/mfcc/raw_mfcc_train.5.ark:1064925
MKDT0_SX263 /home/sky/kaldi/egs/timit/s5/mfcc/raw_mfcc_train.7.ark:566440
MJJB0_SI1277 /home/sky/kaldi/egs/timit/s5/mfcc/raw_mfcc_train.6.ark:1033763
MPRK0_SI467 /home/sky/kaldi/egs/timit/s5/mfcc/raw_mfcc_train.8.ark:846432
FCYL0_SI1297 /home/sky/kaldi/egs/timit/s5/mfcc/raw_mfcc_train.1.ark:750083
FLMK0_SX45 /home/sky/kaldi/egs/timit/s5/mfcc/raw_mfcc_train.2.ark:1161048
MESJ0_SX97 /home/sky/kaldi/egs/timit/s5/mfcc/raw_mfcc_train.5.ark:1148629
MCTH0_SI579 /home/sky/kaldi/egs/timit/s5/mfcc/raw_mfcc_train.4.ark:1128447
MDSS0_SX171 /home/sky/kaldi/egs/timit/s5/mfcc/raw_mfcc_train.5.ark:731163
FCKE0_SX211 /home/sky/kaldi/egs/timit/s5/mfcc/raw_mfcc_train.1.ark:610232
MRTC0_SI828 /home/sky/kaldi/egs/timit/s5/mfcc/raw_mfcc_train.9.ark:756766
MDNS0_SX291 /home/sky/kaldi/egs/timit/s5/mfcc/raw_mfcc_train.5.ark:553248
MMAB1_SX54 /home/sky/kaldi/egs/timit/s5/mfcc/raw_mfcc_train.7.ark:1138769
FTLG0_SI840 /home/sky/kaldi/egs/timit/s5/mfcc/raw_mfcc_train.3.ark:1289688
MWAD0_SI1749 /home/sky/kaldi/egs/timit/s5/mfcc/raw_mfcc_train.10.ark:1173206
MMAB1_SX414 /home/sky/kaldi/egs/timit/s5/mfcc/raw_mfcc_train.7.ark:1134720
MJKR0_SI1201 /home/sky/kaldi/egs/timit/s5/mfcc/raw_mfcc_train.6.ark:1131037
MTRR0_SX18 /home/sky/kaldi/egs/timit/s5/mfcc/raw_mfcc_train.10.ark:926497
MRDS0_SX267 /home/sky/kaldi/egs/timit/s5/mfcc/raw_mfcc_train.8.ark:1267297
MMDM1_SX243 /home/sky/kaldi/egs/timit/s5/mfcc/raw_mfcc_train.7.ark:1428110
FBCH0_SX146 /home/sky/kaldi/egs/timit/s5/mfcc/raw_mfcc_train.1.ark:254177
MJPG0_SX381 /home/sky/kaldi/egs/timit/s5/mfcc/raw_mfcc_train.6.ark:1371194
MCEF0_SX415 /home/sky/kaldi/egs/timit/s5/mfcc/raw_mfcc_train.4.ark:882787
MCSS0_SI688 /home/sky/kaldi/egs/timit/s5/mfcc/raw_mfcc_train.4.ark:1092932
FSMM0_SX144 /home/sky/kaldi/egs/timit/s5/mfcc/raw_mfcc_train.3.ark:1029890
FSPM0_SX161 /home/sky/kaldi/egs/timit/s5/mfcc/raw_mfcc_train.3.ark:1099541
FVKB0_SX259 /home/sky/kaldi/egs/timit/s5/mfcc/raw_mfcc_train.3.ark:1385957
MRCG0_SI1428 /home/sky/kaldi/egs/timit/s5/mfcc/raw_mfcc_train.8.ark:1121803
FLMA0_SI1873 /home/sky/kaldi/egs/timit/s5/mfcc/raw_mfcc_train.2.ark:1074663
MAFM0_SI1569 /home/sky/kaldi/egs/timit/s5/mfcc/raw_mfcc_train.4.ark:70692
MVRW0_SX405 /home/sky/kaldi/egs/timit/s5/mfcc/raw_mfcc_train.10.ark:1123298
FKFB0_SI2238 /home/sky/kaldi/egs/timit/s5/mfcc/raw_mfcc_train.2.ark:570432
MKLR0_SX69 /home/sky/kaldi/egs/timit/s5/mfcc/raw_mfcc_train.7.ark:702383
MRKM0_SX367 /home/sky/kaldi/egs/timit/s5/mfcc/raw_mfcc_train.9.ark:280935
MKDT0_SX83 /home/sky/kaldi/egs/timit/s5/mfcc/raw_mfcc_train.7.ark:578472
MPPC0_SX62 /home/sky/kaldi/egs/timit/s5/mfcc/raw_mfcc_train.8.ark:756686
FALR0_SI1325 /home/sky/kaldi/egs/timit/s5/mfcc/raw_mfcc_train.1.ark:101592
FBCH0_SX236 /home/sky/kaldi/egs/timit/s5/mfcc/raw_mfcc_train.1.ark:258084
FKLC1_SX238 /home/sky/kaldi/egs/timit/s5/mfcc/raw_mfcc_train.2.ark:686104
MJJJ0_SX443 /home/sky/kaldi/egs/timit/s5/mfcc/raw_mfcc_train.6.ark:1091082
FSAK0_SX310 /home/sky/kaldi/egs/timit/s5/mfcc/raw_mfcc_train.3.ark:539623
MJAI0_SX434 /home/sky/kaldi/egs/timit/s5/mfcc/raw_mfcc_train.6.ark:628769
MSDS0_SX267 /home/sky/kaldi/egs/timit/s5/mfcc/raw_mfcc_train.9.ark:1139200
FCJF0_SX217 /home/sky/kaldi/egs/timit/s5/mfcc/raw_mfcc_train.1.ark:552047
FEAR0_SX172 /home/sky/kaldi/egs/timit/s5/mfcc/raw_mfcc_train.1.ark:1164844
MWRP0_SX273 /home/sky/kaldi/egs/timit/s5/mfcc/raw_mfcc_train.10.ark:1400885
MTMN0_SX254 /home/sky/kaldi/egs/timit/s5/mfcc/raw_mfcc_train.10.ark:667473
MVRW0_SI855 /home/sky/kaldi/egs/timit/s5/mfcc/raw_mfcc_train.10.ark:1109971
FLOD0_SI1917 /home/sky/kaldi/egs/timit/s5/mfcc/raw_mfcc_train.2.ark:1169709
MDLB0_SX136 /home/sky/kaldi/egs/timit/s5/mfcc/raw_mfcc_train.5.ark:209470
FJSP0_SX264 /home/sky/kaldi/egs/timit/s5/mfcc/raw_mfcc_train.2.ark:347338
FLEH0_SX61 /home/sky/kaldi/egs/timit/s5/mfcc/raw_mfcc_train.2.ark:863743
MJDA0_SI1031 /home/sky/kaldi/egs/timit/s5/mfcc/raw_mfcc_train.6.ark:667984
FSMM0_SI1314 /home/sky/kaldi/egs/timit/s5/mfcc/raw_mfcc_train.3.ark:1018610
FCRZ0_SX73 /home/sky/kaldi/egs/timit/s5/mfcc/raw_mfcc_train.1.ark:746513
MAKR0_SI1352 /home/sky/kaldi/egs/timit/s5/mfcc/raw_mfcc_train.4.ark:172239
MGES0_SX131 /home/sky/kaldi/egs/timit/s5/mfcc/raw_mfcc_train.6.ark:63795
MMAB1_SX324 /home/sky/kaldi/egs/timit/s5/mfcc/raw_mfcc_train.7.ark:1128915
FMPG0_SX72 /home/sky/kaldi/egs/timit/s5/mfcc/raw_mfcc_train.3.ark:16412
FSMS1_SX244 /home/sky/kaldi/egs/timit/s5/mfcc/raw_mfcc_train.3.ark:1069201
MRMG0_SI2340 /home/sky/kaldi/egs/timit/s5/mfcc/raw_mfcc_train.9.ark:481383
MTAT1_SI1627 /home/sky/kaldi/egs/timit/s5/mfcc/raw_mfcc_train.10.ark:143541
MSFH0_SX46 /home/sky/kaldi/egs/timit/s5/mfcc/raw_mfcc_train.9.ark:1265089
MEGJ0_SX167 /home/sky/kaldi/egs/timit/s5/mfcc/raw_mfcc_train.5.ark:1009707
MDCM0_SI1480 /home/sky/kaldi/egs/timit/s5/mfcc/raw_mfcc_train.4.ark:1375795
FGMB0_SI1145 /home/sky/kaldi/egs/timit/s5/mfcc/raw_mfcc_train.1.ark:1432507
MSES0_SI2216 /home/sky/kaldi/egs/timit/s5/mfcc/raw_mfcc_train.9.ark:1205580
FDNC0_SI2287 /home/sky/kaldi/egs/timit/s5/mfcc/raw_mfcc_train.1.ark:1033399
MJXA0_SX337 /home/sky/kaldi/egs/timit/s5/mfcc/raw_mfcc_train.7.ark:309607
FLMA0_SX343 /home/sky/kaldi/egs/timit/s5/mfcc/raw_mfcc_train.2.ark:1089394
MDPS0_SI719 /home/sky/kaldi/egs/timit/s5/mfcc/raw_mfcc_train.5.ark:629858
MBOM0_SX204 /home/sky/kaldi/egs/timit/s5/mfcc/raw_mfcc_train.4.ark:584161
MRHL0_SX345 /home/sky/kaldi/egs/timit/s5/mfcc/raw_mfcc_train.9.ark:65546
MJRG0_SX16 /home/sky/kaldi/egs/timit/s5/mfcc/raw_mfcc_train.7.ark:11
MDHL0_SI809 /home/sky/kaldi/egs/timit/s5/mfcc/raw_mfcc_train.5.ark:77167
MMAA0_SX395 /home/sky/kaldi/egs/timit/s5/mfcc/raw_mfcc_train.7.ark:1105133
MGXP0_SX187 /home/sky/kaldi/egs/timit/s5/mfcc/raw_mfcc_train.6.ark:272511
FLKM0_SI686 /home/sky/kaldi/egs/timit/s5/mfcc/raw_mfcc_train.2.ark:1046611
MJBG0_SX422 /home/sky/kaldi/egs/timit/s5/mfcc/raw_mfcc_train.6.ark:659026
FJSK0_SX152 /home/sky/kaldi/egs/timit/s5/mfcc/raw_mfcc_train.2.ark:310393
FLET0_SX237 /home/sky/kaldi/egs/timit/s5/mfcc/raw_mfcc_train.2.ark:886387
MKRG0_SI2121 /home/sky/kaldi/egs/timit/s5/mfcc/raw_mfcc_train.7.ark:811447
MMSM0_SX26 /home/sky/kaldi/egs/timit/s5/mfcc/raw_mfcc_train.8.ark:248910
MDSS0_SI1881 /home/sky/kaldi/egs/timit/s5/mfcc/raw_mfcc_train.5.ark:722210
MRXB0_SI955 /home/sky/kaldi/egs/timit/s5/mfcc/raw_mfcc_train.9.ark:919057
MRJB1_SX300 /home/sky/kaldi/egs/timit/s5/mfcc/raw_mfcc_train.9.ark:106300
MZMB0_SX266 /home/sky/kaldi/egs/timit/s5/mfcc/raw_mfcc_train.10.ark:1499111
FLJA0_SX88 /home/sky/kaldi/egs/timit/s5/mfcc/raw_mfcc_train.2.ark:959908
FEXM0_SX111 /home/sky/kaldi/egs/timit/s5/mfcc/raw_mfcc_train.1.ark:1341058
MNTW0_SI1698 /home/sky/kaldi/egs/timit/s5/mfcc/raw_mfcc_train.8.ark:464871
MDJM0_SX375 /home/sky/kaldi/egs/timit/s5/mfcc/raw_mfcc_train.5.ark:158097
FAJW0_SX3 /home/sky/kaldi/egs/timit/s5/mfcc/raw_mfcc_train.1.ark:57265
FCDR1_SX16 /home/sky/kaldi/egs/timit/s5/mfcc/raw_mfcc_train.1.ark:493055
MDMT0_SI2341 /home/sky/kaldi/egs/timit/s5/mfcc/raw_mfcc_train.5.ark:499714
MDLR1_SI1929 /home/sky/kaldi/egs/timit/s5/mfcc/raw_mfcc_train.5.ark:429178
MRLJ0_SX70 /home/sky/kaldi/egs/timit/s5/mfcc/raw_mfcc_train.9.ark:350090
MGJC0_SI1256 /home/sky/kaldi/egs/timit/s5/mfcc/raw_mfcc_train.6.ark:82732
FGDP0_SX88 /home/sky/kaldi/egs/timit/s5/mfcc/raw_mfcc_train.1.ark:1426376
FJRB0_SX222 /home/sky/kaldi/egs/timit/s5/mfcc/raw_mfcc_train.2.ark:238005
MMDB0_SI1358 /home/sky/kaldi/egs/timit/s5/mfcc/raw_mfcc_train.7.ark:1317085
MTPR0_SI506 /home/sky/kaldi/egs/timit/s5/mfcc/raw_mfcc_train.10.ark:813799
MAFM0_SX219 /home/sky/kaldi/egs/timit/s5/mfcc/raw_mfcc_train.4.ark:83279
FJWB1_SX345 /home/sky/kaldi/egs/timit/s5/mfcc/raw_mfcc_train.2.ark:382618
FJLR0_SI601 /home/sky/kaldi/egs/timit/s5/mfcc/raw_mfcc_train.2.ark:199922
FSCN0_SX356 /home/sky/kaldi/egs/timit/s5/mfcc/raw_mfcc_train.3.ark:613265
MPSW0_SI2327 /home/sky/kaldi/egs/timit/s5/mfcc/raw_mfcc_train.8.ark:909518
MFXS0_SX324 /home/sky/kaldi/egs/timit/s5/mfcc/raw_mfcc_train.5.ark:1320287
MAKB0_SI1646 /home/sky/kaldi/egs/timit/s5/mfcc/raw_mfcc_train.4.ark:141925
FSKC0_SI1416 /home/sky/kaldi/egs/timit/s5/mfcc/raw_mfcc_train.3.ark:858983
MMEA0_SX38 /home/sky/kaldi/egs/timit/s5/mfcc/raw_mfcc_train.7.ark:1492951
MDHL0_SX269 /home/sky/kaldi/egs/timit/s5/mfcc/raw_mfcc_train.5.ark:85371
MKXL0_SX15 /home/sky/kaldi/egs/timit/s5/mfcc/raw_mfcc_train.7.ark:854632
MMDM0_SX411 /home/sky/kaldi/egs/timit/s5/mfcc/raw_mfcc_train.7.ark:1404628
MJRA0_SX156 /home/sky/kaldi/egs/timit/s5/mfcc/raw_mfcc_train.6.ark:1452042
FMJU0_SX309 /home/sky/kaldi/egs/timit/s5/mfcc/raw_mfcc_train.2.ark:1417279
MSRG0_SX321 /home/sky/kaldi/egs/timit/s5/mfcc/raw_mfcc_train.9.ark:1455750
MEGJ0_SX437 /home/sky/kaldi/egs/timit/s5/mfcc/raw_mfcc_train.5.ark:1021127
MLNS0_SI777 /home/sky/kaldi/egs/timit/s5/mfcc/raw_mfcc_train.7.ark:1018730
MRDM0_SX155 /home/sky/kaldi/egs/timit/s5/mfcc/raw_mfcc_train.8.ark:1233706
MBGT0_SX441 /home/sky/kaldi/egs/timit/s5/mfcc/raw_mfcc_train.4.ark:438016
FJXP0_SX402 /home/sky/kaldi/egs/timit/s5/mfcc/raw_mfcc_train.2.ark:453719
MMGC0_SI1935 /home/sky/kaldi/egs/timit/s5/mfcc/raw_mfcc_train.8.ark:15925
MDJM0_SX105 /home/sky/kaldi/egs/timit/s5/mfcc/raw_mfcc_train.5.ark:145161
MWRP0_SX363 /home/sky/kaldi/egs/timit/s5/mfcc/raw_mfcc_train.10.ark:1407111
FMMH0_SI907 /home/sky/kaldi/egs/timit/s5/mfcc/raw_mfcc_train.2.ark:1506387
FGMB0_SX245 /home/sky/kaldi/egs/timit/s5/mfcc/raw_mfcc_train.1.ark:1452283
MEAL0_SX197 /home/sky/kaldi/egs/timit/s5/mfcc/raw_mfcc_train.5.ark:917816
MKES0_SI623 /home/sky/kaldi/egs/timit/s5/mfcc/raw_mfcc_train.7.ark:591391
MDLR1_SI1299 /home/sky/kaldi/egs/timit/s5/mfcc/raw_mfcc_train.5.ark:425140
MTPF0_SI1865 /home/sky/kaldi/egs/timit/s5/mfcc/raw_mfcc_train.10.ark:717317
FMKF0_SI1018 /home/sky/kaldi/egs/timit/s5/mfcc/raw_mfcc_train.2.ark:1462637
MSAH1_SI1679 /home/sky/kaldi/egs/timit/s5/mfcc/raw_mfcc_train.9.ark:946238
MDLC2_SI2244 /home/sky/kaldi/egs/timit/s5/mfcc/raw_mfcc_train.5.ark:302175
FMPG0_SX252 /home/sky/kaldi/egs/timit/s5/mfcc/raw_mfcc_train.3.ark:12
MABC0_SX241 /home/sky/kaldi/egs/timit/s5/mfcc/raw_mfcc_train.3.ark:1450135
MRLK0_SX33 /home/sky/kaldi/egs/timit/s5/mfcc/raw_mfcc_train.9.ark:405916
FEEH0_SX32 /home/sky/kaldi/egs/timit/s5/mfcc/raw_mfcc_train.1.ark:1251129
FDAW0_SX146 /home/sky/kaldi/egs/timit/s5/mfcc/raw_mfcc_train.1.ark:833823
FDNC0_SI1908 /home/sky/kaldi/egs/timit/s5/mfcc/raw_mfcc_train.1.ark:1027307
MKLR0_SX159 /home/sky/kaldi/egs/timit/s5/mfcc/raw_mfcc_train.7.ark:688030
MTRC0_SX363 /home/sky/kaldi/egs/timit/s5/mfcc/raw_mfcc_train.10.ark:904537
MFER0_SI1492 /home/sky/kaldi/egs/timit/s5/mfcc/raw_mfcc_train.5.ark:1179699
MBSB0_SX183 /home/sky/kaldi/egs/timit/s5/mfcc/raw_mfcc_train.4.ark:609965
MJWT0_SX31 /home/sky/kaldi/egs/timit/s5/mfcc/raw_mfcc_train.7.ark:283335
MRWS0_SI1102 /home/sky/kaldi/egs/timit/s5/mfcc/raw_mfcc_train.9.ark:881662
FCMM0_SX273 /home/sky/kaldi/egs/timit/s5/mfcc/raw_mfcc_train.1.ark:703835
MMLM0_SX447 /home/sky/kaldi/egs/timit/s5/mfcc/raw_mfcc_train.8.ark:152820
MTAS0_SX305 /home/sky/kaldi/egs/timit/s5/mfcc/raw_mfcc_train.10.ark:98345
MTBC0_SI1173 /home/sky/kaldi/egs/timit/s5/mfcc/raw_mfcc_train.10.ark:176844
MEAL0_SI1547 /home/sky/kaldi/egs/timit/s5/mfcc/raw_mfcc_train.5.ark:905619
FTAJ0_SI1329 /home/sky/kaldi/egs/timit/s5/mfcc/raw_mfcc_train.3.ark:1187935
MLJH0_SI1422 /home/sky/kaldi/egs/timit/s5/mfcc/raw_mfcc_train.7.ark:973192
MDPS0_SI1651 /home/sky/kaldi/egs/timit/s5/mfcc/raw_mfcc_train.5.ark:623018
MNET0_SI816 /home/sky/kaldi/egs/timit/s5/mfcc/raw_mfcc_train.8.ark:436886
MMLM0_SI2150 /home/sky/kaldi/egs/timit/s5/mfcc/raw_mfcc_train.8.ark:133298
MDTB0_SX390 /home/sky/kaldi/egs/timit/s5/mfcc/raw_mfcc_train.5.ark:801882
MTCS0_SX442 /home/sky/kaldi/egs/timit/s5/mfcc/raw_mfcc_train.10.ark:232480
MDED0_SX90 /home/sky/kaldi/egs/timit/s5/mfcc/raw_mfcc_train.4.ark:1468661
FMBG0_SI1160 /home/sky/kaldi/egs/timit/s5/mfcc/raw_mfcc_train.2.ark:1259249
MRMB0_SX51 /home/sky/kaldi/egs/timit/s5/mfcc/raw_mfcc_train.9.ark:470244
FSBK0_SX79 /home/sky/kaldi/egs/timit/s5/mfcc/raw_mfcc_train.3.ark:582256
MKLW0_SX311 /home/sky/kaldi/egs/timit/s5/mfcc/raw_mfcc_train.7.ark:791554
MMBS0_SI521 /home/sky/kaldi/egs/timit/s5/mfcc/raw_mfcc_train.7.ark:1254690
MRJT0_SI1805 /home/sky/kaldi/egs/timit/s5/mfcc/raw_mfcc_train.9.ark:223741
FBCH0_SX416 /home/sky/kaldi/egs/timit/s5/mfcc/raw_mfcc_train.1.ark:265716
FSAG0_SX63 /home/sky/kaldi/egs/timit/s5/mfcc/raw_mfcc_train.3.ark:480320
MRAI0_SI2052 /home/sky/kaldi/egs/timit/s5/mfcc/raw_mfcc_train.8.ark:996599
MKXL0_SI1958 /home/sky/kaldi/egs/timit/s5/mfcc/raw_mfcc_train.7.ark:846052
MHRM0_SI1475 /home/sky/kaldi/egs/timit/s5/mfcc/raw_mfcc_train.6.ark:442558
MFXV0_SI1005 /home/sky/kaldi/egs/timit/s5/mfcc/raw_mfcc_train.5.ark:1334582
FJEN0_SI2307 /home/sky/kaldi/egs/timit/s5/mfcc/raw_mfcc_train.2.ark:67560
MDWH0_SI665 /home/sky/kaldi/egs/timit/s5/mfcc/raw_mfcc_train.5.ark:844836
FALK0_SX366 /home/sky/kaldi/egs/timit/s5/mfcc/raw_mfcc_train.1.ark:89353
MSRR0_SX30 /home/sky/kaldi/egs/timit/s5/mfcc/raw_mfcc_train.9.ark:1489346
MJPG0_SI1191 /home/sky/kaldi/egs/timit/s5/mfcc/raw_mfcc_train.6.ark:1346315
FJHK0_SI1652 /home/sky/kaldi/egs/timit/s5/mfcc/raw_mfcc_train.2.ark:100331
MKDB0_SI588 /home/sky/kaldi/egs/timit/s5/mfcc/raw_mfcc_train.7.ark:487773
MGAG0_SX421 /home/sky/kaldi/egs/timit/s5/mfcc/raw_mfcc_train.5.ark:1416834
MJMD0_SX38 /home/sky/kaldi/egs/timit/s5/mfcc/raw_mfcc_train.6.ark:1308439
MJPG0_SI561 /home/sky/kaldi/egs/timit/s5/mfcc/raw_mfcc_train.6.ark:1354962
MTWH1_SI1512 /home/sky/kaldi/egs/timit/s5/mfcc/raw_mfcc_train.10.ark:973734
FSCN0_SX266 /home/sky/kaldi/egs/timit/s5/mfcc/raw_mfcc_train.3.ark:608773
MBJV0_SI1877 /home/sky/kaldi/egs/timit/s5/mfcc/raw_mfcc_train.4.ark:449192
MCLM0_SX376 /home/sky/kaldi/egs/timit/s5/mfcc/raw_mfcc_train.4.ark:1022395
FSKC0_SX66 /home/sky/kaldi/egs/timit/s5/mfcc/raw_mfcc_train.3.ark:885201
MHXL0_SI512 /home/sky/kaldi/egs/timit/s5/mfcc/raw_mfcc_train.6.ark:477163
MGRL0_SI867 /home/sky/kaldi/egs/timit/s5/mfcc/raw_mfcc_train.6.ark:125783
MKLW0_SI1844 /home/sky/kaldi/egs/timit/s5/mfcc/raw_mfcc_train.7.ark:779279
MDHL0_SX449 /home/sky/kaldi/egs/timit/s5/mfcc/raw_mfcc_train.5.ark:93029
MILB0_SI807 /home/sky/kaldi/egs/timit/s5/mfcc/raw_mfcc_train.6.ark:510031
MHJB0_SX27 /home/sky/kaldi/egs/timit/s5/mfcc/raw_mfcc_train.6.ark:370805
MJDA0_SX221 /home/sky/kaldi/egs/timit/s5/mfcc/raw_mfcc_train.6.ark:679675
MDEM0_SX338 /home/sky/kaldi/egs/timit/s5/mfcc/raw_mfcc_train.5.ark:54277
MJXA0_SI877 /home/sky/kaldi/egs/timit/s5/mfcc/raw_mfcc_train.7.ark:298341
MHBS0_SX45 /home/sky/kaldi/egs/timit/s5/mfcc/raw_mfcc_train.6.ark:317703
MJMM0_SX265 /home/sky/kaldi/egs/timit/s5/mfcc/raw_mfcc_train.6.ark:1333352
MSDH0_SX350 /home/sky/kaldi/egs/timit/s5/mfcc/raw_mfcc_train.9.ark:1106103
MMAR0_SI1336 /home/sky/kaldi/egs/timit/s5/mfcc/raw_mfcc_train.7.ark:1208286
MRJM1_SX398 /home/sky/kaldi/egs/timit/s5/mfcc/raw_mfcc_train.9.ark:215418
MBCG0_SX237 /home/sky/kaldi/egs/timit/s5/mfcc/raw_mfcc_train.4.ark:369079
MJDG0_SX412 /home/sky/kaldi/egs/timit/s5/mfcc/raw_mfcc_train.6.ark:793025
MKLS0_SX447 /home/sky/kaldi/egs/timit/s5/mfcc/raw_mfcc_train.7.ark:734220
FKDE0_SI1771 /home/sky/kaldi/egs/timit/s5/mfcc/raw_mfcc_train.2.ark:502470
MRKM0_SI1391 /home/sky/kaldi/egs/timit/s5/mfcc/raw_mfcc_train.9.ark:259431
MMVP0_SX204 /home/sky/kaldi/egs/timit/s5/mfcc/raw_mfcc_train.8.ark:280889
MMEB0_SI1987 /home/sky/kaldi/egs/timit/s5/mfcc/raw_mfcc_train.7.ark:1505376
MILB0_SX363 /home/sky/kaldi/egs/timit/s5/mfcc/raw_mfcc_train.6.ark:529850
MWEM0_SX240 /home/sky/kaldi/egs/timit/s5/mfcc/raw_mfcc_train.10.ark:1298753
MDDC0_SI1419 /home/sky/kaldi/egs/timit/s5/mfcc/raw_mfcc_train.4.ark:1408183
MRAB0_SX234 /home/sky/kaldi/egs/timit/s5/mfcc/raw_mfcc_train.8.ark:944142
MCSS0_SX210 /home/sky/kaldi/egs/timit/s5/mfcc/raw_mfcc_train.4.ark:1107825
MRSP0_SX196 /home/sky/kaldi/egs/timit/s5/mfcc/raw_mfcc_train.9.ark:730840
MTJM0_SX416 /home/sky/kaldi/egs/timit/s5/mfcc/raw_mfcc_train.10.ark:403351
MEDR0_SI2004 /home/sky/kaldi/egs/timit/s5/mfcc/raw_mfcc_train.5.ark:934714
FDML0_SI1779 /home/sky/kaldi/egs/timit/s5/mfcc/raw_mfcc_train.1.ark:952768
MRMS0_SI2100 /home/sky/kaldi/egs/timit/s5/mfcc/raw_mfcc_train.9.ark:587779
FGDP0_SX448 /home/sky/kaldi/egs/timit/s5/mfcc/raw_mfcc_train.1.ark:1421989
MRAB0_SX414 /home/sky/kaldi/egs/timit/s5/mfcc/raw_mfcc_train.8.ark:953035
MTPR0_SX250 /home/sky/kaldi/egs/timit/s5/mfcc/raw_mfcc_train.10.ark:821873
FEAR0_SI622 /home/sky/kaldi/egs/timit/s5/mfcc/raw_mfcc_train.1.ark:1160703
MEFG0_SI598 /home/sky/kaldi/egs/timit/s5/mfcc/raw_mfcc_train.5.ark:969837
MMDM1_SX63 /home/sky/kaldi/egs/timit/s5/mfcc/raw_mfcc_train.7.ark:1442521
MREW1_SX420 /home/sky/kaldi/egs/timit/s5/mfcc/raw_mfcc_train.8.ark:1405586
MPRD0_SX351 /home/sky/kaldi/egs/timit/s5/mfcc/raw_mfcc_train.8.ark:822710
FAJW0_SX363 /home/sky/kaldi/egs/timit/s5/mfcc/raw_mfcc_train.1.ark:59625
MDCD0_SI2045 /home/sky/kaldi/egs/timit/s5/mfcc/raw_mfcc_train.4.ark:1347887
MSRR0_SX141 /home/sky/kaldi/egs/timit/s5/mfcc/raw_mfcc_train.9.ark:1482378
MILB0_SI903 /home/sky/kaldi/egs/timit/s5/mfcc/raw_mfcc_train.6.ark:514692
MJRP0_SI585 /home/sky/kaldi/egs/timit/s5/mfcc/raw_mfcc_train.7.ark:118878
MESJ0_SX187 /home/sky/kaldi/egs/timit/s5/mfcc/raw_mfcc_train.5.ark:1137112
MMAA0_SI2105 /home/sky/kaldi/egs/timit/s5/mfcc/raw_mfcc_train.7.ark:1080704
MRJB1_SX210 /home/sky/kaldi/egs/timit/s5/mfcc/raw_mfcc_train.9.ark:99956
MJRH0_SX225 /home/sky/kaldi/egs/timit/s5/mfcc/raw_mfcc_train.7.ark:35391
MJRK0_SI1662 /home/sky/kaldi/egs/timit/s5/mfcc/raw_mfcc_train.7.ark:81561
MRAM0_SI1905 /home/sky/kaldi/egs/timit/s5/mfcc/raw_mfcc_train.8.ark:1034096
FKKH0_SX300 /home/sky/kaldi/egs/timit/s5/mfcc/raw_mfcc_train.2.ark:629790
FBMH0_SX236 /home/sky/kaldi/egs/timit/s5/mfcc/raw_mfcc_train.1.ark:360956
MDLR0_SX423 /home/sky/kaldi/egs/timit/s5/mfcc/raw_mfcc_train.5.ark:416793
