FPAC0_SX391 /home/sky/kaldi/egs/timit/s5/mfcc/raw_mfcc_train.3.ark:151137
MPGR0_SX330 /home/sky/kaldi/egs/timit/s5/mfcc/raw_mfcc_train.8.ark:628646
MDCD0_SX65 /home/sky/kaldi/egs/timit/s5/mfcc/raw_mfcc_train.4.ark:1373005
FLOD0_SX387 /home/sky/kaldi/egs/timit/s5/mfcc/raw_mfcc_train.2.ark:1190720
MSMS0_SX263 /home/sky/kaldi/egs/timit/s5/mfcc/raw_mfcc_train.9.ark:1423056
MJRA0_SI1236 /home/sky/kaldi/egs/timit/s5/mfcc/raw_mfcc_train.6.ark:1440086
FBCG1_SX172 /home/sky/kaldi/egs/timit/s5/mfcc/raw_mfcc_train.1.ark:217292
MNTW0_SI1068 /home/sky/kaldi/egs/timit/s5/mfcc/raw_mfcc_train.8.ark:457830
MKAH0_SX88 /home/sky/kaldi/egs/timit/s5/mfcc/raw_mfcc_train.7.ark:416572
MSFH0_SX406 /home/sky/kaldi/egs/timit/s5/mfcc/raw_mfcc_train.9.ark:1259207
MMAM0_SX427 /home/sky/kaldi/egs/timit/s5/mfcc/raw_mfcc_train.7.ark:1201512
MCXM0_SX451 /home/sky/kaldi/egs/timit/s5/mfcc/raw_mfcc_train.4.ark:1207772
MWDK0_SX356 /home/sky/kaldi/egs/timit/s5/mfcc/raw_mfcc_train.10.ark:1273495
FCMM0_SX273 /home/sky/kaldi/egs/timit/s5/mfcc/raw_mfcc_train.1.ark:703835
MMVP0_SI1914 /home/sky/kaldi/egs/timit/s5/mfcc/raw_mfcc_train.8.ark:264046
MWSB0_SX366 /home/sky/kaldi/egs/timit/s5/mfcc/raw_mfcc_train.10.ark:1432641
MGJC0_SX165 /home/sky/kaldi/egs/timit/s5/mfcc/raw_mfcc_train.6.ark:95118
MRJM0_SI1858 /home/sky/kaldi/egs/timit/s5/mfcc/raw_mfcc_train.9.ark:160025
FCMM0_SX363 /home/sky/kaldi/egs/timit/s5/mfcc/raw_mfcc_train.1.ark:707183
MAJP0_SX174 /home/sky/kaldi/egs/timit/s5/mfcc/raw_mfcc_train.4.ark:110617
FDAW0_SI1406 /home/sky/kaldi/egs/timit/s5/mfcc/raw_mfcc_train.1.ark:824071
MMDS0_SX353 /home/sky/kaldi/egs/timit/s5/mfcc/raw_mfcc_train.7.ark:1462494
FJDM2_SI1964 /home/sky/kaldi/egs/timit/s5/mfcc/raw_mfcc_train.2.ark:27961
MWCH0_SX272 /home/sky/kaldi/egs/timit/s5/mfcc/raw_mfcc_train.10.ark:1237304
FSPM0_SX161 /home/sky/kaldi/egs/timit/s5/mfcc/raw_mfcc_train.3.ark:1099541
FJWB1_SX345 /home/sky/kaldi/egs/timit/s5/mfcc/raw_mfcc_train.2.ark:382618
MPEB0_SI600 /home/sky/kaldi/egs/timit/s5/mfcc/raw_mfcc_train.8.ark:524897
MTRT0_SX254 /home/sky/kaldi/egs/timit/s5/mfcc/raw_mfcc_train.10.ark:963079
MBBR0_SI1685 /home/sky/kaldi/egs/timit/s5/mfcc/raw_mfcc_train.4.ark:329494
MTMT0_SI1748 /home/sky/kaldi/egs/timit/s5/mfcc/raw_mfcc_train.10.ark:684513
MRAB0_SI594 /home/sky/kaldi/egs/timit/s5/mfcc/raw_mfcc_train.8.ark:937953
FLOD0_SX207 /home/sky/kaldi/egs/timit/s5/mfcc/raw_mfcc_train.2.ark:1185220
MABC0_SX241 /home/sky/kaldi/egs/timit/s5/mfcc/raw_mfcc_train.3.ark:1450135
FNKL0_SI1522 /home/sky/kaldi/egs/timit/s5/mfcc/raw_mfcc_train.3.ark:19657
FKLC0_SI985 /home/sky/kaldi/egs/timit/s5/mfcc/raw_mfcc_train.2.ark:642547
MMPM0_SI1691 /home/sky/kaldi/egs/timit/s5/mfcc/raw_mfcc_train.8.ark:162384
MJWT0_SI1381 /home/sky/kaldi/egs/timit/s5/mfcc/raw_mfcc_train.7.ark:259914
MARW0_SI1906 /home/sky/kaldi/egs/timit/s5/mfcc/raw_mfcc_train.4.ark:261780
FSMM0_SI1314 /home/sky/kaldi/egs/timit/s5/mfcc/raw_mfcc_train.3.ark:1018610
MJRA0_SX426 /home/sky/kaldi/egs/timit/s5/mfcc/raw_mfcc_train.6.ark:1464699
FCDR1_SX106 /home/sky/kaldi/egs/timit/s5/mfcc/raw_mfcc_train.1.ark:488850
FSRH0_SI1719 /home/sky/kaldi/egs/timit/s5/mfcc/raw_mfcc_train.3.ark:1121325
MTWH1_SI2142 /home/sky/kaldi/egs/timit/s5/mfcc/raw_mfcc_train.10.ark:978084
MJRP0_SX405 /home/sky/kaldi/egs/timit/s5/mfcc/raw_mfcc_train.7.ark:133752
MBGT0_SX81 /home/sky/kaldi/egs/timit/s5/mfcc/raw_mfcc_train.4.ark:441649
MDCM0_SX400 /home/sky/kaldi/egs/timit/s5/mfcc/raw_mfcc_train.4.ark:1404522
MJFR0_SX435 /home/sky/kaldi/egs/timit/s5/mfcc/raw_mfcc_train.6.ark:986651
MCDC0_SI662 /home/sky/kaldi/egs/timit/s5/mfcc/raw_mfcc_train.4.ark:770788
MTPR0_SI2230 /home/sky/kaldi/egs/timit/s5/mfcc/raw_mfcc_train.10.ark:807071
MJDG0_SI1705 /home/sky/kaldi/egs/timit/s5/mfcc/raw_mfcc_train.6.ark:778203
MDNS0_SX21 /home/sky/kaldi/egs/timit/s5/mfcc/raw_mfcc_train.5.ark:550485
MJJM0_SX17 /home/sky/kaldi/egs/timit/s5/mfcc/raw_mfcc_train.6.ark:1116721
FBJL0_SX22 /home/sky/kaldi/egs/timit/s5/mfcc/raw_mfcc_train.1.ark:294469
MADC0_SI737 /home/sky/kaldi/egs/timit/s5/mfcc/raw_mfcc_train.3.ark:1472915
MMAB1_SX144 /home/sky/kaldi/egs/timit/s5/mfcc/raw_mfcc_train.7.ark:1121153
MJAC0_SI701 /home/sky/kaldi/egs/timit/s5/mfcc/raw_mfcc_train.6.ark:542528
MKAG0_SX259 /home/sky/kaldi/egs/timit/s5/mfcc/raw_mfcc_train.7.ark:372712
MJJM0_SI1457 /home/sky/kaldi/egs/timit/s5/mfcc/raw_mfcc_train.6.ark:1104689
MTAT0_SX30 /home/sky/kaldi/egs/timit/s5/mfcc/raw_mfcc_train.10.ark:130472
MTAB0_SX402 /home/sky/kaldi/egs/timit/s5/mfcc/raw_mfcc_train.10.ark:74479
MBJV0_SX257 /home/sky/kaldi/egs/timit/s5/mfcc/raw_mfcc_train.4.ark:460809
FSJS0_SX181 /home/sky/kaldi/egs/timit/s5/mfcc/raw_mfcc_train.3.ark:802276
MRMS0_SX120 /home/sky/kaldi/egs/timit/s5/mfcc/raw_mfcc_train.9.ark:590932
FSKP0_SX288 /home/sky/kaldi/egs/timit/s5/mfcc/raw_mfcc_train.3.ark:943665
MEGJ0_SX257 /home/sky/kaldi/egs/timit/s5/mfcc/raw_mfcc_train.5.ark:1016097
FBCH0_SX326 /home/sky/kaldi/egs/timit/s5/mfcc/raw_mfcc_train.1.ark:261393
MPRD0_SI1431 /home/sky/kaldi/egs/timit/s5/mfcc/raw_mfcc_train.8.ark:798481
MGAR0_SI1212 /home/sky/kaldi/egs/timit/s5/mfcc/raw_mfcc_train.5.ark:1459533
FKDW0_SX37 /home/sky/kaldi/egs/timit/s5/mfcc/raw_mfcc_train.2.ark:556811
MMDS0_SX83 /home/sky/kaldi/egs/timit/s5/mfcc/raw_mfcc_train.7.ark:1469124
FEAC0_SX165 /home/sky/kaldi/egs/timit/s5/mfcc/raw_mfcc_train.1.ark:1134068
MNTW0_SX258 /home/sky/kaldi/egs/timit/s5/mfcc/raw_mfcc_train.8.ark:479837
FCLT0_SI1438 /home/sky/kaldi/egs/timit/s5/mfcc/raw_mfcc_train.1.ark:622103
FJRB0_SI1302 /home/sky/kaldi/egs/timit/s5/mfcc/raw_mfcc_train.2.ark:224521
MRRE0_SX254 /home/sky/kaldi/egs/timit/s5/mfcc/raw_mfcc_train.9.ark:657028
FSJW0_SX253 /home/sky/kaldi/egs/timit/s5/mfcc/raw_mfcc_train.3.ark:842315
FLJD0_SX436 /home/sky/kaldi/egs/timit/s5/mfcc/raw_mfcc_train.2.ark:990340
MJJM0_SX197 /home/sky/kaldi/egs/timit/s5/mfcc/raw_mfcc_train.6.ark:1119471
MEFG0_SX195 /home/sky/kaldi/egs/timit/s5/mfcc/raw_mfcc_train.5.ark:983000
MFWK0_SI1249 /home/sky/kaldi/egs/timit/s5/mfcc/raw_mfcc_train.5.ark:1272041
FLJD0_SX346 /home/sky/kaldi/egs/timit/s5/mfcc/raw_mfcc_train.2.ark:985848
FNTB0_SI573 /home/sky/kaldi/egs/timit/s5/mfcc/raw_mfcc_train.3.ark:54795
MSAH1_SI2309 /home/sky/kaldi/egs/timit/s5/mfcc/raw_mfcc_train.9.ark:948261
MRDD0_SX240 /home/sky/kaldi/egs/timit/s5/mfcc/raw_mfcc_train.8.ark:1205628
FBJL0_SI2182 /home/sky/kaldi/egs/timit/s5/mfcc/raw_mfcc_train.1.ark:278959
MEGJ0_SI1967 /home/sky/kaldi/egs/timit/s5/mfcc/raw_mfcc_train.5.ark:1002309
FCJF0_SX127 /home/sky/kaldi/egs/timit/s5/mfcc/raw_mfcc_train.1.ark:549934
MCAE0_SI1447 /home/sky/kaldi/egs/timit/s5/mfcc/raw_mfcc_train.4.ark:690464
MPFU0_SX88 /home/sky/kaldi/egs/timit/s5/mfcc/raw_mfcc_train.8.ark:579263
MBEF0_SX21 /home/sky/kaldi/egs/timit/s5/mfcc/raw_mfcc_train.4.ark:402929
MRDS0_SX447 /home/sky/kaldi/egs/timit/s5/mfcc/raw_mfcc_train.8.ark:1275735
MCTH0_SX309 /home/sky/kaldi/egs/timit/s5/mfcc/raw_mfcc_train.4.ark:1141000
MWAD0_SI2322 /home/sky/kaldi/egs/timit/s5/mfcc/raw_mfcc_train.10.ark:1174852
MDTB0_SX300 /home/sky/kaldi/egs/timit/s5/mfcc/raw_mfcc_train.5.ark:794588
MJEB0_SI656 /home/sky/kaldi/egs/timit/s5/mfcc/raw_mfcc_train.6.ark:844292
MMSM0_SI1736 /home/sky/kaldi/egs/timit/s5/mfcc/raw_mfcc_train.8.ark:232152
FJLG0_SX359 /home/sky/kaldi/egs/timit/s5/mfcc/raw_mfcc_train.2.ark:178254
MRAI0_SI2052 /home/sky/kaldi/egs/timit/s5/mfcc/raw_mfcc_train.8.ark:996599
MDLC0_SX405 /home/sky/kaldi/egs/timit/s5/mfcc/raw_mfcc_train.5.ark:260534
FGCS0_SX136 /home/sky/kaldi/egs/timit/s5/mfcc/raw_mfcc_train.1.ark:1375163
MKLS0_SI2067 /home/sky/kaldi/egs/timit/s5/mfcc/raw_mfcc_train.7.ark:715914
FCYL0_SX127 /home/sky/kaldi/egs/timit/s5/mfcc/raw_mfcc_train.1.ark:764847
MDLM0_SX424 /home/sky/kaldi/egs/timit/s5/mfcc/raw_mfcc_train.5.ark:384002
MMCC0_SX168 /home/sky/kaldi/egs/timit/s5/mfcc/raw_mfcc_train.7.ark:1298330
MTPF0_SX65 /home/sky/kaldi/egs/timit/s5/mfcc/raw_mfcc_train.10.ark:740355
MPSW0_SI2327 /home/sky/kaldi/egs/timit/s5/mfcc/raw_mfcc_train.8.ark:909518
MKAH0_SX358 /home/sky/kaldi/egs/timit/s5/mfcc/raw_mfcc_train.7.ark:409279
MJDC0_SX81 /home/sky/kaldi/egs/timit/s5/mfcc/raw_mfcc_train.6.ark:723406
MRDD0_SI1050 /home/sky/kaldi/egs/timit/s5/mfcc/raw_mfcc_train.8.ark:1190401
MDMA0_SX260 /home/sky/kaldi/egs/timit/s5/mfcc/raw_mfcc_train.5.ark:477630
MJAC0_SX307 /home/sky/kaldi/egs/timit/s5/mfcc/raw_mfcc_train.6.ark:554008
MDNS0_SI873 /home/sky/kaldi/egs/timit/s5/mfcc/raw_mfcc_train.5.ark:536958
MPEB0_SI1860 /home/sky/kaldi/egs/timit/s5/mfcc/raw_mfcc_train.8.ark:522628
MWAD0_SI1062 /home/sky/kaldi/egs/timit/s5/mfcc/raw_mfcc_train.10.ark:1168934
FJKL0_SX122 /home/sky/kaldi/egs/timit/s5/mfcc/raw_mfcc_train.2.ark:139442
MKDD0_SX307 /home/sky/kaldi/egs/timit/s5/mfcc/raw_mfcc_train.7.ark:538025
MDLR0_SX63 /home/sky/kaldi/egs/timit/s5/mfcc/raw_mfcc_train.5.ark:421544
FMEM0_SX387 /home/sky/kaldi/egs/timit/s5/mfcc/raw_mfcc_train.2.ark:1322964
MSES0_SI1589 /home/sky/kaldi/egs/timit/s5/mfcc/raw_mfcc_train.9.ark:1200684
MJRG0_SI1996 /home/sky/kaldi/egs/timit/s5/mfcc/raw_mfcc_train.6.ark:1476642
MDWD0_SX360 /home/sky/kaldi/egs/timit/s5/mfcc/raw_mfcc_train.5.ark:824390
MREH1_SX69 /home/sky/kaldi/egs/timit/s5/mfcc/raw_mfcc_train.8.ark:1347278
MKLN0_SI968 /home/sky/kaldi/egs/timit/s5/mfcc/raw_mfcc_train.7.ark:654087
FMPG0_SI1602 /home/sky/kaldi/egs/timit/s5/mfcc/raw_mfcc_train.2.ark:1529359
MHBS0_SX45 /home/sky/kaldi/egs/timit/s5/mfcc/raw_mfcc_train.6.ark:317703
FAEM0_SX42 /home/sky/kaldi/egs/timit/s5/mfcc/raw_mfcc_train.1.ark:29767
MJJJ0_SI1793 /home/sky/kaldi/egs/timit/s5/mfcc/raw_mfcc_train.6.ark:1069337
MJLS0_SI1726 /home/sky/kaldi/egs/timit/s5/mfcc/raw_mfcc_train.6.ark:1228535
FJKL0_SX212 /home/sky/kaldi/egs/timit/s5/mfcc/raw_mfcc_train.2.ark:144116
MRAB0_SI1224 /home/sky/kaldi/egs/timit/s5/mfcc/raw_mfcc_train.8.ark:928968
FSSB0_SX182 /home/sky/kaldi/egs/timit/s5/mfcc/raw_mfcc_train.3.ark:1165280
MMRP0_SI717 /home/sky/kaldi/egs/timit/s5/mfcc/raw_mfcc_train.8.ark:193810
FDML0_SX429 /home/sky/kaldi/egs/timit/s5/mfcc/raw_mfcc_train.1.ark:968352
MJEB1_SX297 /home/sky/kaldi/egs/timit/s5/mfcc/raw_mfcc_train.6.ark:894582
MTJM0_SI1226 /home/sky/kaldi/egs/timit/s5/mfcc/raw_mfcc_train.10.ark:378517
MLSH0_SX337 /home/sky/kaldi/egs/timit/s5/mfcc/raw_mfcc_train.7.ark:1062722
MPMB0_SX241 /home/sky/kaldi/egs/timit/s5/mfcc/raw_mfcc_train.8.ark:703725
MMDM0_SI681 /home/sky/kaldi/egs/timit/s5/mfcc/raw_mfcc_train.7.ark:1390066
FSAG0_SX333 /home/sky/kaldi/egs/timit/s5/mfcc/raw_mfcc_train.3.ark:467918
MBWP0_SX79 /home/sky/kaldi/egs/timit/s5/mfcc/raw_mfcc_train.4.ark:686075
FSJG0_SI1570 /home/sky/kaldi/egs/timit/s5/mfcc/raw_mfcc_train.3.ark:716561
MDBP0_SX438 /home/sky/kaldi/egs/timit/s5/mfcc/raw_mfcc_train.4.ark:1335203
FSBK0_SI1699 /home/sky/kaldi/egs/timit/s5/mfcc/raw_mfcc_train.3.ark:556669
MGAW0_SX85 /home/sky/kaldi/egs/timit/s5/mfcc/raw_mfcc_train.6.ark:52364
MRJM0_SX418 /home/sky/kaldi/egs/timit/s5/mfcc/raw_mfcc_train.9.ark:177252
MJPM0_SX288 /home/sky/kaldi/egs/timit/s5/mfcc/raw_mfcc_train.6.ark:1399740
MHIT0_SI983 /home/sky/kaldi/egs/timit/s5/mfcc/raw_mfcc_train.6.ark:327684
MKAG0_SX169 /home/sky/kaldi/egs/timit/s5/mfcc/raw_mfcc_train.7.ark:368753
MLEL0_SX346 /home/sky/kaldi/egs/timit/s5/mfcc/raw_mfcc_train.7.ark:923381
FBCH0_SI956 /home/sky/kaldi/egs/timit/s5/mfcc/raw_mfcc_train.1.ark:244075
MDSS1_SX427 /home/sky/kaldi/egs/timit/s5/mfcc/raw_mfcc_train.5.ark:770657
FCMG0_SX252 /home/sky/kaldi/egs/timit/s5/mfcc/raw_mfcc_train.1.ark:672019
MRJH0_SX439 /home/sky/kaldi/egs/timit/s5/mfcc/raw_mfcc_train.9.ark:143134
MDBB1_SX16 /home/sky/kaldi/egs/timit/s5/mfcc/raw_mfcc_train.4.ark:1295143
MBML0_SX89 /home/sky/kaldi/egs/timit/s5/mfcc/raw_mfcc_train.4.ark:566586
MKDD0_SX217 /home/sky/kaldi/egs/timit/s5/mfcc/raw_mfcc_train.7.ark:535496
MCDD0_SI883 /home/sky/kaldi/egs/timit/s5/mfcc/raw_mfcc_train.4.ark:800940
FKKH0_SX300 /home/sky/kaldi/egs/timit/s5/mfcc/raw_mfcc_train.2.ark:629790
FSJW0_SX343 /home/sky/kaldi/egs/timit/s5/mfcc/raw_mfcc_train.3.ark:845312
MSFH0_SX226 /home/sky/kaldi/egs/timit/s5/mfcc/raw_mfcc_train.9.ark:1250808
FSMA0_SX361 /home/sky/kaldi/egs/timit/s5/mfcc/raw_mfcc_train.3.ark:1005043
FPAB1_SX391 /home/sky/kaldi/egs/timit/s5/mfcc/raw_mfcc_train.3.ark:116266
FECD0_SX68 /home/sky/kaldi/egs/timit/s5/mfcc/raw_mfcc_train.1.ark:1221946
MTXS0_SX340 /home/sky/kaldi/egs/timit/s5/mfcc/raw_mfcc_train.10.ark:1026023
MRXB0_SX145 /home/sky/kaldi/egs/timit/s5/mfcc/raw_mfcc_train.9.ark:924550
MDJM0_SX105 /home/sky/kaldi/egs/timit/s5/mfcc/raw_mfcc_train.5.ark:145161
MKAM0_SX146 /home/sky/kaldi/egs/timit/s5/mfcc/raw_mfcc_train.7.ark:465254
MRSO0_SX129 /home/sky/kaldi/egs/timit/s5/mfcc/raw_mfcc_train.9.ark:688422
MTDB0_SX411 /home/sky/kaldi/egs/timit/s5/mfcc/raw_mfcc_train.10.ark:265921
MRJM1_SX38 /home/sky/kaldi/egs/timit/s5/mfcc/raw_mfcc_train.9.ark:211368
FHLM0_SX390 /home/sky/kaldi/egs/timit/s5/mfcc/raw_mfcc_train.1.ark:1537062
MWAC0_SX251 /home/sky/kaldi/egs/timit/s5/mfcc/raw_mfcc_train.10.ark:1149510
MHBS0_SX225 /home/sky/kaldi/egs/timit/s5/mfcc/raw_mfcc_train.6.ark:308544
MBMA1_SI954 /home/sky/kaldi/egs/timit/s5/mfcc/raw_mfcc_train.4.ark:512675
MSRG0_SI1851 /home/sky/kaldi/egs/timit/s5/mfcc/raw_mfcc_train.9.ark:1442410
FKAA0_SX128 /home/sky/kaldi/egs/timit/s5/mfcc/raw_mfcc_train.2.ark:473450
MRLD0_SI1594 /home/sky/kaldi/egs/timit/s5/mfcc/raw_mfcc_train.9.ark:294487
MRLD0_SI2224 /home/sky/kaldi/egs/timit/s5/mfcc/raw_mfcc_train.9.ark:298746
MESG0_SX162 /home/sky/kaldi/egs/timit/s5/mfcc/raw_mfcc_train.5.ark:1103203
FSMA0_SX181 /home/sky/kaldi/egs/timit/s5/mfcc/raw_mfcc_train.3.ark:996540
MDAC0_SX91 /home/sky/kaldi/egs/timit/s5/mfcc/raw_mfcc_train.4.ark:1246627
MESJ0_SX187 /home/sky/kaldi/egs/timit/s5/mfcc/raw_mfcc_train.5.ark:1137112
MTAS0_SI1385 /home/sky/kaldi/egs/timit/s5/mfcc/raw_mfcc_train.10.ark:81825
FTMG0_SX362 /home/sky/kaldi/egs/timit/s5/mfcc/raw_mfcc_train.3.ark:1330508
MRJT0_SX238 /home/sky/kaldi/egs/timit/s5/mfcc/raw_mfcc_train.9.ark:235085
MCLM0_SX376 /home/sky/kaldi/egs/timit/s5/mfcc/raw_mfcc_train.4.ark:1022395
MRTJ0_SX142 /home/sky/kaldi/egs/timit/s5/mfcc/raw_mfcc_train.9.ark:796506
MMAA0_SX395 /home/sky/kaldi/egs/timit/s5/mfcc/raw_mfcc_train.7.ark:1105133
MMCC0_SX438 /home/sky/kaldi/egs/timit/s5/mfcc/raw_mfcc_train.7.ark:1308920
MTPP0_SI1508 /home/sky/kaldi/egs/timit/s5/mfcc/raw_mfcc_train.10.ark:772595
MWAC0_SX341 /home/sky/kaldi/egs/timit/s5/mfcc/raw_mfcc_train.10.ark:1155328
FLAG0_SX114 /home/sky/kaldi/egs/timit/s5/mfcc/raw_mfcc_train.2.ark:814193
MJXL0_SI1172 /home/sky/kaldi/egs/timit/s5/mfcc/raw_mfcc_train.7.ark:320210
FSLS0_SI1056 /home/sky/kaldi/egs/timit/s5/mfcc/raw_mfcc_train.3.ark:951272
MGXP0_SI457 /home/sky/kaldi/egs/timit/s5/mfcc/raw_mfcc_train.6.ark:262422
FCAJ0_SI849 /home/sky/kaldi/egs/timit/s5/mfcc/raw_mfcc_train.1.ark:444365
MMWB0_SX89 /home/sky/kaldi/egs/timit/s5/mfcc/raw_mfcc_train.8.ark:337036
FALR0_SI1955 /home/sky/kaldi/egs/timit/s5/mfcc/raw_mfcc_train.1.ark:105942
MREM0_SI961 /home/sky/kaldi/egs/timit/s5/mfcc/raw_mfcc_train.8.ark:1361626
FBCG1_SX262 /home/sky/kaldi/egs/timit/s5/mfcc/raw_mfcc_train.1.ark:221576
MCTM0_SX270 /home/sky/kaldi/egs/timit/s5/mfcc/raw_mfcc_train.4.ark:1170313
FKFB0_SX348 /home/sky/kaldi/egs/timit/s5/mfcc/raw_mfcc_train.2.ark:585878
FDTD0_SI2191 /home/sky/kaldi/egs/timit/s5/mfcc/raw_mfcc_train.1.ark:1061555
MKLW0_SX41 /home/sky/kaldi/egs/timit/s5/mfcc/raw_mfcc_train.7.ark:801668
MTJS0_SX112 /home/sky/kaldi/egs/timit/s5/mfcc/raw_mfcc_train.10.ark:427827
MSFV0_SX92 /home/sky/kaldi/egs/timit/s5/mfcc/raw_mfcc_train.9.ark:1300831
FSDC0_SI2234 /home/sky/kaldi/egs/timit/s5/mfcc/raw_mfcc_train.3.ark:635142
MPGH0_SX114 /home/sky/kaldi/egs/timit/s5/mfcc/raw_mfcc_train.8.ark:597700
MGSH0_SX186 /home/sky/kaldi/egs/timit/s5/mfcc/raw_mfcc_train.6.ark:204756
MRBC0_SX329 /home/sky/kaldi/egs/timit/s5/mfcc/raw_mfcc_train.8.ark:1109848
MKAJ0_SX334 /home/sky/kaldi/egs/timit/s5/mfcc/raw_mfcc_train.7.ark:439938
MSDH0_SX350 /home/sky/kaldi/egs/timit/s5/mfcc/raw_mfcc_train.9.ark:1106103
MWRP0_SX183 /home/sky/kaldi/egs/timit/s5/mfcc/raw_mfcc_train.10.ark:1397069
MWAR0_SX55 /home/sky/kaldi/egs/timit/s5/mfcc/raw_mfcc_train.10.ark:1220496
MMDB0_SI1617 /home/sky/kaldi/egs/timit/s5/mfcc/raw_mfcc_train.7.ark:1321864
MRDS0_SI1797 /home/sky/kaldi/egs/timit/s5/mfcc/raw_mfcc_train.8.ark:1255368
FCDR1_SX16 /home/sky/kaldi/egs/timit/s5/mfcc/raw_mfcc_train.1.ark:493055
MHMG0_SX15 /home/sky/kaldi/egs/timit/s5/mfcc/raw_mfcc_train.6.ark:395776
MMGK0_SI692 /home/sky/kaldi/egs/timit/s5/mfcc/raw_mfcc_train.8.ark:78786
MTPF0_SX335 /home/sky/kaldi/egs/timit/s5/mfcc/raw_mfcc_train.10.ark:732932
MTAS0_SX215 /home/sky/kaldi/egs/timit/s5/mfcc/raw_mfcc_train.10.ark:94672
MMDB0_SX87 /home/sky/kaldi/egs/timit/s5/mfcc/raw_mfcc_train.7.ark:1342835
FLJG0_SX351 /home/sky/kaldi/egs/timit/s5/mfcc/raw_mfcc_train.2.ark:1020485
MTJU0_SX40 /home/sky/kaldi/egs/timit/s5/mfcc/raw_mfcc_train.10.ark:471779
FKKH0_SX390 /home/sky/kaldi/egs/timit/s5/mfcc/raw_mfcc_train.2.ark:633086
FPAF0_SX244 /home/sky/kaldi/egs/timit/s5/mfcc/raw_mfcc_train.3.ark:207223
MGAF0_SI1912 /home/sky/kaldi/egs/timit/s5/mfcc/raw_mfcc_train.5.ark:1370892
FDKN0_SX271 /home/sky/kaldi/egs/timit/s5/mfcc/raw_mfcc_train.1.ark:929631
MGAF0_SX382 /home/sky/kaldi/egs/timit/s5/mfcc/raw_mfcc_train.5.ark:1390498
FJEN0_SI2307 /home/sky/kaldi/egs/timit/s5/mfcc/raw_mfcc_train.2.ark:67560
MBML0_SX179 /home/sky/kaldi/egs/timit/s5/mfcc/raw_mfcc_train.4.ark:550764
FCRZ0_SX433 /home/sky/kaldi/egs/timit/s5/mfcc/raw_mfcc_train.1.ark:742282
MRLJ1_SX411 /home/sky/kaldi/egs/timit/s5/mfcc/raw_mfcc_train.9.ark:373217
MDLB0_SI1936 /home/sky/kaldi/egs/timit/s5/mfcc/raw_mfcc_train.5.ark:202852
MRWS0_SI1732 /home/sky/kaldi/egs/timit/s5/mfcc/raw_mfcc_train.9.ark:887299
MMRP0_SX54 /home/sky/kaldi/egs/timit/s5/mfcc/raw_mfcc_train.8.ark:221372
MJPM1_SX311 /home/sky/kaldi/egs/timit/s5/mfcc/raw_mfcc_train.6.ark:1424855
MMVP0_SI654 /home/sky/kaldi/egs/timit/s5/mfcc/raw_mfcc_train.8.ark:267888
MBWP0_SI709 /home/sky/kaldi/egs/timit/s5/mfcc/raw_mfcc_train.4.ark:662641
MDJM0_SI1455 /home/sky/kaldi/egs/timit/s5/mfcc/raw_mfcc_train.5.ark:130709
FTAJ0_SX339 /home/sky/kaldi/egs/timit/s5/mfcc/raw_mfcc_train.3.ark:1204233
FALR0_SX155 /home/sky/kaldi/egs/timit/s5/mfcc/raw_mfcc_train.1.ark:113197
MBOM0_SX114 /home/sky/kaldi/egs/timit/s5/mfcc/raw_mfcc_train.4.ark:580943
MTMT0_SI1118 /home/sky/kaldi/egs/timit/s5/mfcc/raw_mfcc_train.10.ark:680644
FCJS0_SX167 /home/sky/kaldi/egs/timit/s5/mfcc/raw_mfcc_train.1.ark:571233
MDLH0_SX160 /home/sky/kaldi/egs/timit/s5/mfcc/raw_mfcc_train.5.ark:340751
FSAG0_SX153 /home/sky/kaldi/egs/timit/s5/mfcc/raw_mfcc_train.3.ark:457361
FTMG0_SI2162 /home/sky/kaldi/egs/timit/s5/mfcc/raw_mfcc_train.3.ark:1313892
MTRT0_SX147 /home/sky/kaldi/egs/timit/s5/mfcc/raw_mfcc_train.10.ark:957072
MCEF0_SI842 /home/sky/kaldi/egs/timit/s5/mfcc/raw_mfcc_train.4.ark:867016
MGES0_SX221 /home/sky/kaldi/egs/timit/s5/mfcc/raw_mfcc_train.6.ark:66337
MJJM0_SI827 /home/sky/kaldi/egs/timit/s5/mfcc/raw_mfcc_train.6.ark:1109545
MDLH0_SI1960 /home/sky/kaldi/egs/timit/s5/mfcc/raw_mfcc_train.5.ark:328211
FPAF0_SX154 /home/sky/kaldi/egs/timit/s5/mfcc/raw_mfcc_train.3.ark:203563
FBMH0_SX326 /home/sky/kaldi/egs/timit/s5/mfcc/raw_mfcc_train.1.ark:363927
MSMS0_SI1433 /home/sky/kaldi/egs/timit/s5/mfcc/raw_mfcc_train.9.ark:1404918
MJMD0_SX38 /home/sky/kaldi/egs/timit/s5/mfcc/raw_mfcc_train.6.ark:1308439
FJWB1_SX75 /home/sky/kaldi/egs/timit/s5/mfcc/raw_mfcc_train.2.ark:390834
MRBC0_SI1859 /home/sky/kaldi/egs/timit/s5/mfcc/raw_mfcc_train.8.ark:1093739
MRRE0_SX74 /home/sky/kaldi/egs/timit/s5/mfcc/raw_mfcc_train.9.ark:668020
MRSP0_SX169 /home/sky/kaldi/egs/timit/s5/mfcc/raw_mfcc_train.9.ark:726400
MNET0_SX6 /home/sky/kaldi/egs/timit/s5/mfcc/raw_mfcc_train.8.ark:451342
FJRP1_SX442 /home/sky/kaldi/egs/timit/s5/mfcc/raw_mfcc_train.2.ark:288906
FBJL0_SX292 /home/sky/kaldi/egs/timit/s5/mfcc/raw_mfcc_train.1.ark:298402
MMSM0_SX116 /home/sky/kaldi/egs/timit/s5/mfcc/raw_mfcc_train.8.ark:241539
MRMG0_SI1080 /home/sky/kaldi/egs/timit/s5/mfcc/raw_mfcc_train.9.ark:473723
MDDC0_SX159 /home/sky/kaldi/egs/timit/s5/mfcc/raw_mfcc_train.4.ark:1420243
MDTB0_SX321 /home/sky/kaldi/egs/timit/s5/mfcc/raw_mfcc_train.5.ark:797364
FDTD0_SI1561 /home/sky/kaldi/egs/timit/s5/mfcc/raw_mfcc_train.1.ark:1057309
MMDM1_SX423 /home/sky/kaldi/egs/timit/s5/mfcc/raw_mfcc_train.7.ark:1437523
MMXS0_SX426 /home/sky/kaldi/egs/timit/s5/mfcc/raw_mfcc_train.8.ark:421764
MRSP0_SX259 /home/sky/kaldi/egs/timit/s5/mfcc/raw_mfcc_train.9.ark:733291
MJKR0_SI1831 /home/sky/kaldi/egs/timit/s5/mfcc/raw_mfcc_train.6.ark:1136310
MAKB0_SX296 /home/sky/kaldi/egs/timit/s5/mfcc/raw_mfcc_train.4.ark:165399
MSTF0_SI766 /home/sky/kaldi/egs/timit/s5/mfcc/raw_mfcc_train.9.ark:1504402
MJEB1_SI837 /home/sky/kaldi/egs/timit/s5/mfcc/raw_mfcc_train.6.ark:878565
MREW1_SI1500 /home/sky/kaldi/egs/timit/s5/mfcc/raw_mfcc_train.8.ark:1384249
FRJB0_SI1427 /home/sky/kaldi/egs/timit/s5/mfcc/raw_mfcc_train.3.ark:385140
FJWB1_SI795 /home/sky/kaldi/egs/timit/s5/mfcc/raw_mfcc_train.2.ark:372223
MTDP0_SX261 /home/sky/kaldi/egs/timit/s5/mfcc/raw_mfcc_train.10.ark:293668
FDFB0_SI1948 /home/sky/kaldi/egs/timit/s5/mfcc/raw_mfcc_train.1.ark:857422
MRKM0_SX7 /home/sky/kaldi/egs/timit/s5/mfcc/raw_mfcc_train.9.ark:286244
MMSM0_SI1106 /home/sky/kaldi/egs/timit/s5/mfcc/raw_mfcc_train.8.ark:226515
MJEE0_SI1867 /home/sky/kaldi/egs/timit/s5/mfcc/raw_mfcc_train.6.ark:906981
MKLW0_SI1571 /home/sky/kaldi/egs/timit/s5/mfcc/raw_mfcc_train.7.ark:772472
MRGM0_SX416 /home/sky/kaldi/egs/timit/s5/mfcc/raw_mfcc_train.8.ark:1504655
MNET0_SI2076 /home/sky/kaldi/egs/timit/s5/mfcc/raw_mfcc_train.8.ark:434617
FCRZ0_SX253 /home/sky/kaldi/egs/timit/s5/mfcc/raw_mfcc_train.1.ark:735573
MCRE0_SX221 /home/sky/kaldi/egs/timit/s5/mfcc/raw_mfcc_train.4.ark:1071071
FCMG0_SX432 /home/sky/kaldi/egs/timit/s5/mfcc/raw_mfcc_train.1.ark:679482
MJWG0_SX85 /home/sky/kaldi/egs/timit/s5/mfcc/raw_mfcc_train.7.ark:215394
MMEA0_SX128 /home/sky/kaldi/egs/timit/s5/mfcc/raw_mfcc_train.7.ark:1483519
MREM0_SX421 /home/sky/kaldi/egs/timit/s5/mfcc/raw_mfcc_train.8.ark:1376318
MEJL0_SX242 /home/sky/kaldi/egs/timit/s5/mfcc/raw_mfcc_train.5.ark:1043933
FSKC0_SI1416 /home/sky/kaldi/egs/timit/s5/mfcc/raw_mfcc_train.3.ark:858983
FKKH0_SX120 /home/sky/kaldi/egs/timit/s5/mfcc/raw_mfcc_train.2.ark:618980
MTKD0_SX17 /home/sky/kaldi/egs/timit/s5/mfcc/raw_mfcc_train.10.ark:498693
MEAL0_SX377 /home/sky/kaldi/egs/timit/s5/mfcc/raw_mfcc_train.5.ark:928419
MCLK0_SX400 /home/sky/kaldi/egs/timit/s5/mfcc/raw_mfcc_train.4.ark:993907
MRAB0_SX144 /home/sky/kaldi/egs/timit/s5/mfcc/raw_mfcc_train.8.ark:940729
FJRB0_SX222 /home/sky/kaldi/egs/timit/s5/mfcc/raw_mfcc_train.2.ark:238005
MAFM0_SX309 /home/sky/kaldi/egs/timit/s5/mfcc/raw_mfcc_train.4.ark:87108
FHLM0_SX210 /home/sky/kaldi/egs/timit/s5/mfcc/raw_mfcc_train.1.ark:1523261
FDAW0_SX146 /home/sky/kaldi/egs/timit/s5/mfcc/raw_mfcc_train.1.ark:833823
MPSW0_SX24 /home/sky/kaldi/egs/timit/s5/mfcc/raw_mfcc_train.8.ark:916239
MMEB0_SI1987 /home/sky/kaldi/egs/timit/s5/mfcc/raw_mfcc_train.7.ark:1505376
MLBC0_SX429 /home/sky/kaldi/egs/timit/s5/mfcc/raw_mfcc_train.7.ark:891715
MCLK0_SI2290 /home/sky/kaldi/egs/timit/s5/mfcc/raw_mfcc_train.4.ark:966033
MHJB0_SX207 /home/sky/kaldi/egs/timit/s5/mfcc/raw_mfcc_train.6.ark:368602
MPRK0_SX17 /home/sky/kaldi/egs/timit/s5/mfcc/raw_mfcc_train.8.ark:856078
FBMJ0_SI815 /home/sky/kaldi/egs/timit/s5/mfcc/raw_mfcc_train.1.ark:385620
MDED0_SX270 /home/sky/kaldi/egs/timit/s5/mfcc/raw_mfcc_train.4.ark:1456317
MJBG0_SI1232 /home/sky/kaldi/egs/timit/s5/mfcc/raw_mfcc_train.6.ark:634932
MRJB1_SI2021 /home/sky/kaldi/egs/timit/s5/mfcc/raw_mfcc_train.9.ark:88268
MRCW0_SX21 /home/sky/kaldi/egs/timit/s5/mfcc/raw_mfcc_train.8.ark:1181851
FDNC0_SX378 /home/sky/kaldi/egs/timit/s5/mfcc/raw_mfcc_train.1.ark:1052699
FLEH0_SI1051 /home/sky/kaldi/egs/timit/s5/mfcc/raw_mfcc_train.2.ark:835496
MADD0_SI1798 /home/sky/kaldi/egs/timit/s5/mfcc/raw_mfcc_train.3.ark:1500044
FJHK0_SX32 /home/sky/kaldi/egs/timit/s5/mfcc/raw_mfcc_train.2.ark:121673
MTLB0_SX144 /home/sky/kaldi/egs/timit/s5/mfcc/raw_mfcc_train.10.ark:560551
FKDW0_SX217 /home/sky/kaldi/egs/timit/s5/mfcc/raw_mfcc_train.2.ark:551728
MGAW0_SI1165 /home/sky/kaldi/egs/timit/s5/mfcc/raw_mfcc_train.6.ark:24547
MTML0_SX435 /home/sky/kaldi/egs/timit/s5/mfcc/raw_mfcc_train.10.ark:635957
FPJF0_SI1676 /home/sky/kaldi/egs/timit/s5/mfcc/raw_mfcc_train.3.ark:266213
MDCM0_SI850 /home/sky/kaldi/egs/timit/s5/mfcc/raw_mfcc_train.4.ark:1385625
FLAG0_SI1464 /home/sky/kaldi/egs/timit/s5/mfcc/raw_mfcc_train.2.ark:798389
MRDS0_SI1167 /home/sky/kaldi/egs/timit/s5/mfcc/raw_mfcc_train.8.ark:1252864
MEDR0_SX384 /home/sky/kaldi/egs/timit/s5/mfcc/raw_mfcc_train.5.ark:957440
MKES0_SX263 /home/sky/kaldi/egs/timit/s5/mfcc/raw_mfcc_train.7.ark:601857
FGRW0_SX342 /home/sky/kaldi/egs/timit/s5/mfcc/raw_mfcc_train.1.ark:1494377
FTBW0_SI715 /home/sky/kaldi/egs/timit/s5/mfcc/raw_mfcc_train.3.ark:1251672
FMEM0_SI2007 /home/sky/kaldi/egs/timit/s5/mfcc/raw_mfcc_train.2.ark:1296675
FDFB0_SX418 /home/sky/kaldi/egs/timit/s5/mfcc/raw_mfcc_train.1.ark:871979
MDLB0_SI1306 /home/sky/kaldi/egs/timit/s5/mfcc/raw_mfcc_train.5.ark:194953
FSDC0_SX412 /home/sky/kaldi/egs/timit/s5/mfcc/raw_mfcc_train.3.ark:648742
MWAC0_SX431 /home/sky/kaldi/egs/timit/s5/mfcc/raw_mfcc_train.10.ark:1159898
MARW0_SX16 /home/sky/kaldi/egs/timit/s5/mfcc/raw_mfcc_train.4.ark:271810
MEFG0_SX285 /home/sky/kaldi/egs/timit/s5/mfcc/raw_mfcc_train.5.ark:985841
FEAR0_SX262 /home/sky/kaldi/egs/timit/s5/mfcc/raw_mfcc_train.1.ark:1169102
MAFM0_SX399 /home/sky/kaldi/egs/timit/s5/mfcc/raw_mfcc_train.4.ark:94362
MWAR0_SI1675 /home/sky/kaldi/egs/timit/s5/mfcc/raw_mfcc_train.10.ark:1200044
MARC0_SX378 /home/sky/kaldi/egs/timit/s5/mfcc/raw_mfcc_train.4.ark:254393
FCYL0_SI1927 /home/sky/kaldi/egs/timit/s5/mfcc/raw_mfcc_train.1.ark:754199
MTJG0_SX260 /home/sky/kaldi/egs/timit/s5/mfcc/raw_mfcc_train.10.ark:361784
FSJG0_SX220 /home/sky/kaldi/egs/timit/s5/mfcc/raw_mfcc_train.3.ark:737208
FBMH0_SX146 /home/sky/kaldi/egs/timit/s5/mfcc/raw_mfcc_train.1.ark:357491
MJXA0_SX67 /home/sky/kaldi/egs/timit/s5/mfcc/raw_mfcc_train.7.ark:316107
MADD0_SX178 /home/sky/kaldi/egs/timit/s5/mfcc/raw_mfcc_train.3.ark:1508534
MHMG0_SX285 /home/sky/kaldi/egs/timit/s5/mfcc/raw_mfcc_train.6.ark:401679
MTLB0_SI504 /home/sky/kaldi/egs/timit/s5/mfcc/raw_mfcc_train.10.ark:557164
MJRH0_SI1840 /home/sky/kaldi/egs/timit/s5/mfcc/raw_mfcc_train.7.ark:24678
MDEM0_SX158 /home/sky/kaldi/egs/timit/s5/mfcc/raw_mfcc_train.5.ark:46008
FPLS0_SX150 /home/sky/kaldi/egs/timit/s5/mfcc/raw_mfcc_train.3.ark:301819
MRJH0_SX307 /home/sky/kaldi/egs/timit/s5/mfcc/raw_mfcc_train.9.ark:140696
MAKB0_SX116 /home/sky/kaldi/egs/timit/s5/mfcc/raw_mfcc_train.4.ark:152782
MTMN0_SI1064 /home/sky/kaldi/egs/timit/s5/mfcc/raw_mfcc_train.10.ark:645825
MMDM0_SI1311 /home/sky/kaldi/egs/timit/s5/mfcc/raw_mfcc_train.7.ark:1380392
MRLJ1_SX231 /home/sky/kaldi/egs/timit/s5/mfcc/raw_mfcc_train.9.ark:367106
MSES0_SX419 /home/sky/kaldi/egs/timit/s5/mfcc/raw_mfcc_train.9.ark:1223478
MPAR0_SI946 /home/sky/kaldi/egs/timit/s5/mfcc/raw_mfcc_train.8.ark:499867
MRJB1_SI1413 /home/sky/kaldi/egs/timit/s5/mfcc/raw_mfcc_train.9.ark:81448
MDCD0_SX335 /home/sky/kaldi/egs/timit/s5/mfcc/raw_mfcc_train.4.ark:1364438
MRBC0_SI1665 /home/sky/kaldi/egs/timit/s5/mfcc/raw_mfcc_train.8.ark:1090455
MMXS0_SI876 /home/sky/kaldi/egs/timit/s5/mfcc/raw_mfcc_train.8.ark:406630
FTBR0_SX201 /home/sky/kaldi/egs/timit/s5/mfcc/raw_mfcc_train.3.ark:1231479
FJXP0_SX222 /home/sky/kaldi/egs/timit/s5/mfcc/raw_mfcc_train.2.ark:445593
MKLS0_SI1533 /home/sky/kaldi/egs/timit/s5/mfcc/raw_mfcc_train.7.ark:713293
MMGC0_SX315 /home/sky/kaldi/egs/timit/s5/mfcc/raw_mfcc_train.8.ark:29617
MJJJ0_SX263 /home/sky/kaldi/egs/timit/s5/mfcc/raw_mfcc_train.6.ark:1081825
MRWA0_SX163 /home/sky/kaldi/egs/timit/s5/mfcc/raw_mfcc_train.9.ark:862231
MRVG0_SI1770 /home/sky/kaldi/egs/timit/s5/mfcc/raw_mfcc_train.9.ark:825513
MDRD0_SX302 /home/sky/kaldi/egs/timit/s5/mfcc/raw_mfcc_train.5.ark:676671
MMGC0_SI1305 /home/sky/kaldi/egs/timit/s5/mfcc/raw_mfcc_train.8.ark:10301
MRJH0_SX259 /home/sky/kaldi/egs/timit/s5/mfcc/raw_mfcc_train.9.ark:136165
MLSH0_SI787 /home/sky/kaldi/egs/timit/s5/mfcc/raw_mfcc_train.7.ark:1049727
MRTC0_SX18 /home/sky/kaldi/egs/timit/s5/mfcc/raw_mfcc_train.9.ark:764592
MARW0_SX106 /home/sky/kaldi/egs/timit/s5/mfcc/raw_mfcc_train.4.ark:267878
MDPS0_SX359 /home/sky/kaldi/egs/timit/s5/mfcc/raw_mfcc_train.5.ark:640279
MVJH0_SI1556 /home/sky/kaldi/egs/timit/s5/mfcc/raw_mfcc_train.10.ark:1039421
FSJG0_SX310 /home/sky/kaldi/egs/timit/s5/mfcc/raw_mfcc_train.3.ark:744196
FDKN0_SX361 /home/sky/kaldi/egs/timit/s5/mfcc/raw_mfcc_train.1.ark:933785
MJJM0_SX377 /home/sky/kaldi/egs/timit/s5/mfcc/raw_mfcc_train.6.ark:1126986
MLJH0_SX154 /home/sky/kaldi/egs/timit/s5/mfcc/raw_mfcc_train.7.ark:987961
MAKR0_SI1352 /home/sky/kaldi/egs/timit/s5/mfcc/raw_mfcc_train.4.ark:172239
MCAE0_SI2077 /home/sky/kaldi/egs/timit/s5/mfcc/raw_mfcc_train.4.ark:697947
MJXL0_SX182 /home/sky/kaldi/egs/timit/s5/mfcc/raw_mfcc_train.7.ark:332790
MRGM0_SI1162 /home/sky/kaldi/egs/timit/s5/mfcc/raw_mfcc_train.8.ark:1479646
FEME0_SX65 /home/sky/kaldi/egs/timit/s5/mfcc/raw_mfcc_train.1.ark:1291376
MLBC0_SX69 /home/sky/kaldi/egs/timit/s5/mfcc/raw_mfcc_train.7.ark:895673
FEXM0_SI482 /home/sky/kaldi/egs/timit/s5/mfcc/raw_mfcc_train.1.ark:1335409
FMAH1_SX69 /home/sky/kaldi/egs/timit/s5/mfcc/raw_mfcc_train.2.ark:1255354
MRML0_SX431 /home/sky/kaldi/egs/timit/s5/mfcc/raw_mfcc_train.9.ark:567937
MMAR0_SI706 /home/sky/kaldi/egs/timit/s5/mfcc/raw_mfcc_train.7.ark:1219650
MTRR0_SI918 /home/sky/kaldi/egs/timit/s5/mfcc/raw_mfcc_train.10.ark:917267
MAJP0_SX264 /home/sky/kaldi/egs/timit/s5/mfcc/raw_mfcc_train.4.ark:116292
MDPB0_SX146 /home/sky/kaldi/egs/timit/s5/mfcc/raw_mfcc_train.5.ark:575905
FMBG0_SX3 /home/sky/kaldi/egs/timit/s5/mfcc/raw_mfcc_train.2.ark:1276268
FEME0_SI1505 /home/sky/kaldi/egs/timit/s5/mfcc/raw_mfcc_train.1.ark:1259191
MWEM0_SI1393 /home/sky/kaldi/egs/timit/s5/mfcc/raw_mfcc_train.10.ark:1288760
FCAJ0_SI1479 /home/sky/kaldi/egs/timit/s5/mfcc/raw_mfcc_train.1.ark:440021
MMDM0_SX411 /home/sky/kaldi/egs/timit/s5/mfcc/raw_mfcc_train.7.ark:1404628
FMJF0_SX84 /home/sky/kaldi/egs/timit/s5/mfcc/raw_mfcc_train.2.ark:1390078
MBCG0_SI486 /home/sky/kaldi/egs/timit/s5/mfcc/raw_mfcc_train.4.ark:357566
MGSH0_SI1176 /home/sky/kaldi/egs/timit/s5/mfcc/raw_mfcc_train.6.ark:185955
MCSS0_SX210 /home/sky/kaldi/egs/timit/s5/mfcc/raw_mfcc_train.4.ark:1107825
MRAI0_SX252 /home/sky/kaldi/egs/timit/s5/mfcc/raw_mfcc_train.8.ark:1013195
FBCH0_SX236 /home/sky/kaldi/egs/timit/s5/mfcc/raw_mfcc_train.1.ark:258084
FLKM0_SI1880 /home/sky/kaldi/egs/timit/s5/mfcc/raw_mfcc_train.2.ark:1035287
FETB0_SX428 /home/sky/kaldi/egs/timit/s5/mfcc/raw_mfcc_train.1.ark:1318350
FDJH0_SI2195 /home/sky/kaldi/egs/timit/s5/mfcc/raw_mfcc_train.1.ark:883298
FJXM0_SX131 /home/sky/kaldi/egs/timit/s5/mfcc/raw_mfcc_train.2.ark:405463
MGJC0_SX255 /home/sky/kaldi/egs/timit/s5/mfcc/raw_mfcc_train.6.ark:100117
MTXS0_SX70 /home/sky/kaldi/egs/timit/s5/mfcc/raw_mfcc_train.10.ark:1037008
FCJS0_SI2237 /home/sky/kaldi/egs/timit/s5/mfcc/raw_mfcc_train.1.ark:565161
FCMM0_SX183 /home/sky/kaldi/egs/timit/s5/mfcc/raw_mfcc_train.1.ark:701033
FEEH0_SI471 /home/sky/kaldi/egs/timit/s5/mfcc/raw_mfcc_train.1.ark:1235086
MBAR0_SI1319 /home/sky/kaldi/egs/timit/s5/mfcc/raw_mfcc_train.4.ark:291872
MRVG0_SX240 /home/sky/kaldi/egs/timit/s5/mfcc/raw_mfcc_train.9.ark:834881
MRXB0_SI955 /home/sky/kaldi/egs/timit/s5/mfcc/raw_mfcc_train.9.ark:919057
FMJF0_SX354 /home/sky/kaldi/egs/timit/s5/mfcc/raw_mfcc_train.2.ark:1382070
FGMB0_SX425 /home/sky/kaldi/egs/timit/s5/mfcc/raw_mfcc_train.1.ark:1463126
MGJC0_SX435 /home/sky/kaldi/egs/timit/s5/mfcc/raw_mfcc_train.6.ark:108880
MDLC1_SX175 /home/sky/kaldi/egs/timit/s5/mfcc/raw_mfcc_train.5.ark:281904
FKLC1_SX58 /home/sky/kaldi/egs/timit/s5/mfcc/raw_mfcc_train.2.ark:698851
MRMG0_SX450 /home/sky/kaldi/egs/timit/s5/mfcc/raw_mfcc_train.9.ark:497674
MPFU0_SI628 /home/sky/kaldi/egs/timit/s5/mfcc/raw_mfcc_train.8.ark:558624
MCTM0_SX180 /home/sky/kaldi/egs/timit/s5/mfcc/raw_mfcc_train.4.ark:1166510
MTMN0_SX74 /home/sky/kaldi/egs/timit/s5/mfcc/raw_mfcc_train.10.ark:676957
FBLV0_SI1058 /home/sky/kaldi/egs/timit/s5/mfcc/raw_mfcc_train.1.ark:307452
FAPB0_SX253 /home/sky/kaldi/egs/timit/s5/mfcc/raw_mfcc_train.1.ark:152587
MTRR0_SX288 /home/sky/kaldi/egs/timit/s5/mfcc/raw_mfcc_train.10.ark:933674
MJWT0_SI751 /home/sky/kaldi/egs/timit/s5/mfcc/raw_mfcc_train.7.ark:266057
MLSH0_SI2047 /home/sky/kaldi/egs/timit/s5/mfcc/raw_mfcc_train.7.ark:1045989
MRWS0_SX382 /home/sky/kaldi/egs/timit/s5/mfcc/raw_mfcc_train.9.ark:906112
MTKP0_SX303 /home/sky/kaldi/egs/timit/s5/mfcc/raw_mfcc_train.10.ark:538915
FSGF0_SI927 /home/sky/kaldi/egs/timit/s5/mfcc/raw_mfcc_train.3.ark:693431
MBMA1_SI2214 /home/sky/kaldi/egs/timit/s5/mfcc/raw_mfcc_train.4.ark:508573
FSPM0_SX341 /home/sky/kaldi/egs/timit/s5/mfcc/raw_mfcc_train.3.ark:1110462
MRAM0_SX375 /home/sky/kaldi/egs/timit/s5/mfcc/raw_mfcc_train.8.ark:1057239
FSKC0_SX246 /home/sky/kaldi/egs/timit/s5/mfcc/raw_mfcc_train.3.ark:872792
MAFM0_SX129 /home/sky/kaldi/egs/timit/s5/mfcc/raw_mfcc_train.4.ark:79554
MBOM0_SI2274 /home/sky/kaldi/egs/timit/s5/mfcc/raw_mfcc_train.4.ark:577556
FGMB0_SX65 /home/sky/kaldi/egs/timit/s5/mfcc/raw_mfcc_train.1.ark:1466304
MSJK0_SI2226 /home/sky/kaldi/egs/timit/s5/mfcc/raw_mfcc_train.9.ark:1311715
MTJM0_SI1856 /home/sky/kaldi/egs/timit/s5/mfcc/raw_mfcc_train.10.ark:383608
MJAE0_SI1524 /home/sky/kaldi/egs/timit/s5/mfcc/raw_mfcc_train.6.ark:568882
FPAZ0_SX63 /home/sky/kaldi/egs/timit/s5/mfcc/raw_mfcc_train.3.ark:253254
MTPR0_SX340 /home/sky/kaldi/egs/timit/s5/mfcc/raw_mfcc_train.10.ark:826638
MFWK0_SX169 /home/sky/kaldi/egs/timit/s5/mfcc/raw_mfcc_train.5.ark:1282151
MJDG0_SX232 /home/sky/kaldi/egs/timit/s5/mfcc/raw_mfcc_train.6.ark:785419
FSRH0_SX401 /home/sky/kaldi/egs/timit/s5/mfcc/raw_mfcc_train.3.ark:1143988
MMGK0_SX422 /home/sky/kaldi/egs/timit/s5/mfcc/raw_mfcc_train.8.ark:90514
MTCS0_SI1972 /home/sky/kaldi/egs/timit/s5/mfcc/raw_mfcc_train.10.ark:208751
MVJH0_SX116 /home/sky/kaldi/egs/timit/s5/mfcc/raw_mfcc_train.10.ark:1053912
MKLR0_SX339 /home/sky/kaldi/egs/timit/s5/mfcc/raw_mfcc_train.7.ark:695506
MDMA0_SI1430 /home/sky/kaldi/egs/timit/s5/mfcc/raw_mfcc_train.5.ark:462437
FMJU0_SI1389 /home/sky/kaldi/egs/timit/s5/mfcc/raw_mfcc_train.2.ark:1395559
FGCS0_SX316 /home/sky/kaldi/egs/timit/s5/mfcc/raw_mfcc_train.1.ark:1384316
FECD0_SI2048 /home/sky/kaldi/egs/timit/s5/mfcc/raw_mfcc_train.1.ark:1194800
FDFB0_SI2010 /home/sky/kaldi/egs/timit/s5/mfcc/raw_mfcc_train.1.ark:859614
MRGM0_SX262 /home/sky/kaldi/egs/timit/s5/mfcc/raw_mfcc_train.8.ark:1500683
FSSB0_SX362 /home/sky/kaldi/egs/timit/s5/mfcc/raw_mfcc_train.3.ark:1172431
FCMM0_SX420 /home/sky/kaldi/egs/timit/s5/mfcc/raw_mfcc_train.1.ark:711090
MDLC0_SX135 /home/sky/kaldi/egs/timit/s5/mfcc/raw_mfcc_train.5.ark:249190
MKDT0_SX173 /home/sky/kaldi/egs/timit/s5/mfcc/raw_mfcc_train.7.ark:561350
FJLG0_SX89 /home/sky/kaldi/egs/timit/s5/mfcc/raw_mfcc_train.2.ark:188082
MGRP0_SI1317 /home/sky/kaldi/egs/timit/s5/mfcc/raw_mfcc_train.6.ark:149953
MMEA0_SX398 /home/sky/kaldi/egs/timit/s5/mfcc/raw_mfcc_train.7.ark:1496468
MEWM0_SX268 /home/sky/kaldi/egs/timit/s5/mfcc/raw_mfcc_train.5.ark:1165371
FTBR0_SI921 /home/sky/kaldi/egs/timit/s5/mfcc/raw_mfcc_train.3.ark:1222586
MSDH0_SI2113 /home/sky/kaldi/egs/timit/s5/mfcc/raw_mfcc_train.9.ark:1086580
FLEH0_SX331 /home/sky/kaldi/egs/timit/s5/mfcc/raw_mfcc_train.2.ark:855618
MJMA0_SX55 /home/sky/kaldi/egs/timit/s5/mfcc/raw_mfcc_train.6.ark:1284299
FHXS0_SI2335 /home/sky/kaldi/egs/timit/s5/mfcc/raw_mfcc_train.2.ark:13
MDNS0_SX291 /home/sky/kaldi/egs/timit/s5/mfcc/raw_mfcc_train.5.ark:553248
MJAI0_SX74 /home/sky/kaldi/egs/timit/s5/mfcc/raw_mfcc_train.6.ark:631804
FCAJ0_SX129 /home/sky/kaldi/egs/timit/s5/mfcc/raw_mfcc_train.1.ark:449013
FLHD0_SI1974 /home/sky/kaldi/egs/timit/s5/mfcc/raw_mfcc_train.2.ark:905138
MRJT0_SI868 /home/sky/kaldi/egs/timit/s5/mfcc/raw_mfcc_train.9.ark:225984
MDBP0_SI528 /home/sky/kaldi/egs/timit/s5/mfcc/raw_mfcc_train.4.ark:1316325
MDEF0_SI2193 /home/sky/kaldi/egs/timit/s5/mfcc/raw_mfcc_train.5.ark:10208
MAEB0_SX360 /home/sky/kaldi/egs/timit/s5/mfcc/raw_mfcc_train.4.ark:28272
MTJG0_SX350 /home/sky/kaldi/egs/timit/s5/mfcc/raw_mfcc_train.10.ark:365639
FKLC1_SX418 /home/sky/kaldi/egs/timit/s5/mfcc/raw_mfcc_train.2.ark:694152
MLJH0_SX244 /home/sky/kaldi/egs/timit/s5/mfcc/raw_mfcc_train.7.ark:992401
MWAR0_SX415 /home/sky/kaldi/egs/timit/s5/mfcc/raw_mfcc_train.10.ark:1217227
FCRZ0_SX343 /home/sky/kaldi/egs/timit/s5/mfcc/raw_mfcc_train.1.ark:738362
FSSB0_SI2342 /home/sky/kaldi/egs/timit/s5/mfcc/raw_mfcc_train.3.ark:1163193
MRBC0_SI599 /home/sky/kaldi/egs/timit/s5/mfcc/raw_mfcc_train.8.ark:1097321
MESG0_SX72 /home/sky/kaldi/egs/timit/s5/mfcc/raw_mfcc_train.5.ark:1120767
MTDP0_SX171 /home/sky/kaldi/egs/timit/s5/mfcc/raw_mfcc_train.10.ark:287603
MHXL0_SX62 /home/sky/kaldi/egs/timit/s5/mfcc/raw_mfcc_train.6.ark:502788
MBMA0_SX52 /home/sky/kaldi/egs/timit/s5/mfcc/raw_mfcc_train.4.ark:502070
MRMB0_SX51 /home/sky/kaldi/egs/timit/s5/mfcc/raw_mfcc_train.9.ark:470244
FGDP0_SI988 /home/sky/kaldi/egs/timit/s5/mfcc/raw_mfcc_train.1.ark:1402058
MTPP0_SI878 /home/sky/kaldi/egs/timit/s5/mfcc/raw_mfcc_train.10.ark:780852
MSMS0_SX353 /home/sky/kaldi/egs/timit/s5/mfcc/raw_mfcc_train.9.ark:1426209
FTMG0_SX272 /home/sky/kaldi/egs/timit/s5/mfcc/raw_mfcc_train.3.ark:1327017
MDLM0_SI1234 /home/sky/kaldi/egs/timit/s5/mfcc/raw_mfcc_train.5.ark:362093
FDAS1_SX381 /home/sky/kaldi/egs/timit/s5/mfcc/raw_mfcc_train.1.ark:814396
MDLH0_SX340 /home/sky/kaldi/egs/timit/s5/mfcc/raw_mfcc_train.5.ark:350853
MRCW0_SX381 /home/sky/kaldi/egs/timit/s5/mfcc/raw_mfcc_train.8.ark:1187416
MDHS0_SX360 /home/sky/kaldi/egs/timit/s5/mfcc/raw_mfcc_train.5.ark:120431
MPMB0_SX331 /home/sky/kaldi/egs/timit/s5/mfcc/raw_mfcc_train.8.ark:708256
MJRH1_SX244 /home/sky/kaldi/egs/timit/s5/mfcc/raw_mfcc_train.7.ark:67090
MGRL0_SX57 /home/sky/kaldi/egs/timit/s5/mfcc/raw_mfcc_train.6.ark:147215
FDNC0_SX108 /home/sky/kaldi/egs/timit/s5/mfcc/raw_mfcc_train.1.ark:1035941
MRKM0_SI1267 /home/sky/kaldi/egs/timit/s5/mfcc/raw_mfcc_train.9.ark:253391
MKAG0_SI1609 /home/sky/kaldi/egs/timit/s5/mfcc/raw_mfcc_train.7.ark:353924
MHIT0_SX443 /home/sky/kaldi/egs/timit/s5/mfcc/raw_mfcc_train.6.ark:346042
MJMA0_SX235 /home/sky/kaldi/egs/timit/s5/mfcc/raw_mfcc_train.6.ark:1275283
MDDC0_SI789 /home/sky/kaldi/egs/timit/s5/mfcc/raw_mfcc_train.4.ark:1415608
MRLD0_SX64 /home/sky/kaldi/egs/timit/s5/mfcc/raw_mfcc_train.9.ark:319392
MESG0_SI1332 /home/sky/kaldi/egs/timit/s5/mfcc/raw_mfcc_train.5.ark:1090753
FCMG0_SX72 /home/sky/kaldi/egs/timit/s5/mfcc/raw_mfcc_train.1.ark:685572
FLJD0_SI2146 /home/sky/kaldi/egs/timit/s5/mfcc/raw_mfcc_train.2.ark:971208
MGAK0_SI1666 /home/sky/kaldi/egs/timit/s5/mfcc/raw_mfcc_train.5.ark:1429622
MEWM0_SX358 /home/sky/kaldi/egs/timit/s5/mfcc/raw_mfcc_train.5.ark:1169187
MFMC0_SI1762 /home/sky/kaldi/egs/timit/s5/mfcc/raw_mfcc_train.5.ark:1211523
FTLG0_SI840 /home/sky/kaldi/egs/timit/s5/mfcc/raw_mfcc_train.3.ark:1289688
MAEB0_SX450 /home/sky/kaldi/egs/timit/s5/mfcc/raw_mfcc_train.4.ark:32153
MRJB1_SI1020 /home/sky/kaldi/egs/timit/s5/mfcc/raw_mfcc_train.9.ark:76643
MPFU0_SX178 /home/sky/kaldi/egs/timit/s5/mfcc/raw_mfcc_train.8.ark:561894
MPRT0_SI495 /home/sky/kaldi/egs/timit/s5/mfcc/raw_mfcc_train.8.ark:879241
FDAS1_SX201 /home/sky/kaldi/egs/timit/s5/mfcc/raw_mfcc_train.1.ark:803469
MRML0_SI2051 /home/sky/kaldi/egs/timit/s5/mfcc/raw_mfcc_train.9.ark:543527
MDLR1_SX309 /home/sky/kaldi/egs/timit/s5/mfcc/raw_mfcc_train.5.ark:447367
FVFB0_SX402 /home/sky/kaldi/egs/timit/s5/mfcc/raw_mfcc_train.3.ark:1366206
MKDB0_SI588 /home/sky/kaldi/egs/timit/s5/mfcc/raw_mfcc_train.7.ark:487773
MTWH1_SX342 /home/sky/kaldi/egs/timit/s5/mfcc/raw_mfcc_train.10.ark:990904
MJLG1_SI2272 /home/sky/kaldi/egs/timit/s5/mfcc/raw_mfcc_train.6.ark:1201588
FJEN0_SX417 /home/sky/kaldi/egs/timit/s5/mfcc/raw_mfcc_train.2.ark:86958
MKAM0_SI1316 /home/sky/kaldi/egs/timit/s5/mfcc/raw_mfcc_train.7.ark:454670
MRGS0_SI1356 /home/sky/kaldi/egs/timit/s5/mfcc/raw_mfcc_train.9.ark:10803
MKAJ0_SX244 /home/sky/kaldi/egs/timit/s5/mfcc/raw_mfcc_train.7.ark:435836
MJLS0_SX376 /home/sky/kaldi/egs/timit/s5/mfcc/raw_mfcc_train.6.ark:1253614
FHLM0_SX349 /home/sky/kaldi/egs/timit/s5/mfcc/raw_mfcc_train.1.ark:1531023
FSMS1_SX154 /home/sky/kaldi/egs/timit/s5/mfcc/raw_mfcc_train.3.ark:1065658
FDTD0_SX321 /home/sky/kaldi/egs/timit/s5/mfcc/raw_mfcc_train.1.ark:1083053
FDMY0_SI567 /home/sky/kaldi/egs/timit/s5/mfcc/raw_mfcc_train.1.ark:980801
MZMB0_SX446 /home/sky/kaldi/egs/timit/s5/mfcc/raw_mfcc_train.10.ark:1506977
MTJM0_SX56 /home/sky/kaldi/egs/timit/s5/mfcc/raw_mfcc_train.10.ark:406828
MBML0_SX269 /home/sky/kaldi/egs/timit/s5/mfcc/raw_mfcc_train.4.ark:554541
MKDT0_SI2153 /home/sky/kaldi/egs/timit/s5/mfcc/raw_mfcc_train.7.ark:548134
MTRC0_SX363 /home/sky/kaldi/egs/timit/s5/mfcc/raw_mfcc_train.10.ark:904537
MDTB0_SI1200 /home/sky/kaldi/egs/timit/s5/mfcc/raw_mfcc_train.5.ark:777561
MDCM0_SX130 /home/sky/kaldi/egs/timit/s5/mfcc/raw_mfcc_train.4.ark:1389259
MWDK0_SI2017 /home/sky/kaldi/egs/timit/s5/mfcc/raw_mfcc_train.10.ark:1257815
MTBC0_SX347 /home/sky/kaldi/egs/timit/s5/mfcc/raw_mfcc_train.10.ark:195795
FPAF0_SI1054 /home/sky/kaldi/egs/timit/s5/mfcc/raw_mfcc_train.3.ark:189669
MPRD0_SI801 /home/sky/kaldi/egs/timit/s5/mfcc/raw_mfcc_train.8.ark:806088
FSCN0_SI705 /home/sky/kaldi/egs/timit/s5/mfcc/raw_mfcc_train.3.ark:595200
MKAG0_SI979 /home/sky/kaldi/egs/timit/s5/mfcc/raw_mfcc_train.7.ark:362519
MJJB0_SX329 /home/sky/kaldi/egs/timit/s5/mfcc/raw_mfcc_train.6.ark:1049496
FSKP0_SI468 /home/sky/kaldi/egs/timit/s5/mfcc/raw_mfcc_train.3.ark:930209
MJDG0_SX322 /home/sky/kaldi/egs/timit/s5/mfcc/raw_mfcc_train.6.ark:789950
MKAJ0_SX154 /home/sky/kaldi/egs/timit/s5/mfcc/raw_mfcc_train.7.ark:432943
MCDR0_SX254 /home/sky/kaldi/egs/timit/s5/mfcc/raw_mfcc_train.4.ark:846420
FDKN0_SI1202 /home/sky/kaldi/egs/timit/s5/mfcc/raw_mfcc_train.1.ark:914854
MBSB0_SX363 /home/sky/kaldi/egs/timit/s5/mfcc/raw_mfcc_train.4.ark:616614
MDEM0_SX68 /home/sky/kaldi/egs/timit/s5/mfcc/raw_mfcc_train.5.ark:64989
FEAR0_SI1252 /home/sky/kaldi/egs/timit/s5/mfcc/raw_mfcc_train.1.ark:1154448
FCJF0_SX397 /home/sky/kaldi/egs/timit/s5/mfcc/raw_mfcc_train.1.ark:559464
MMEB0_SX7 /home/sky/kaldi/egs/timit/s5/mfcc/raw_mfcc_train.8.ark:3514
MREE0_SI1959 /home/sky/kaldi/egs/timit/s5/mfcc/raw_mfcc_train.8.ark:1292119
MWCH0_SI1895 /home/sky/kaldi/egs/timit/s5/mfcc/raw_mfcc_train.10.ark:1228962
FCAJ0_SX219 /home/sky/kaldi/egs/timit/s5/mfcc/raw_mfcc_train.1.ark:452881
MDSS0_SX351 /home/sky/kaldi/egs/timit/s5/mfcc/raw_mfcc_train.5.ark:737690
FDKN0_SX451 /home/sky/kaldi/egs/timit/s5/mfcc/raw_mfcc_train.1.ark:937653
MMGK0_SX332 /home/sky/kaldi/egs/timit/s5/mfcc/raw_mfcc_train.8.ark:87296
MMGG0_SI1079 /home/sky/kaldi/egs/timit/s5/mfcc/raw_mfcc_train.8.ark:40207
MGRL0_SX237 /home/sky/kaldi/egs/timit/s5/mfcc/raw_mfcc_train.6.ark:134273
FSBK0_SI2329 /home/sky/kaldi/egs/timit/s5/mfcc/raw_mfcc_train.3.ark:558926
FEEH0_SX32 /home/sky/kaldi/egs/timit/s5/mfcc/raw_mfcc_train.1.ark:1251129
MRML0_SI791 /home/sky/kaldi/egs/timit/s5/mfcc/raw_mfcc_train.9.ark:546082
MDTB0_SX390 /home/sky/kaldi/egs/timit/s5/mfcc/raw_mfcc_train.5.ark:801882
MTPF0_SX425 /home/sky/kaldi/egs/timit/s5/mfcc/raw_mfcc_train.10.ark:738061
FCAG0_SX423 /home/sky/kaldi/egs/timit/s5/mfcc/raw_mfcc_train.1.ark:431921
MAKB0_SX26 /home/sky/kaldi/egs/timit/s5/mfcc/raw_mfcc_train.4.ark:162025
MDLB0_SX226 /home/sky/kaldi/egs/timit/s5/mfcc/raw_mfcc_train.5.ark:215262
MMAB1_SX54 /home/sky/kaldi/egs/timit/s5/mfcc/raw_mfcc_train.7.ark:1138769
MMLM0_SX177 /home/sky/kaldi/egs/timit/s5/mfcc/raw_mfcc_train.8.ark:142022
MRFL0_SX256 /home/sky/kaldi/egs/timit/s5/mfcc/raw_mfcc_train.8.ark:1463433
MJXL0_SX362 /home/sky/kaldi/egs/timit/s5/mfcc/raw_mfcc_train.7.ark:339772
FMPG0_SI972 /home/sky/kaldi/egs/timit/s5/mfcc/raw_mfcc_train.2.ark:1538149
MTML0_SX345 /home/sky/kaldi/egs/timit/s5/mfcc/raw_mfcc_train.10.ark:632180
MJHI0_SX68 /home/sky/kaldi/egs/timit/s5/mfcc/raw_mfcc_train.6.ark:1025245
FPAC0_SX211 /home/sky/kaldi/egs/timit/s5/mfcc/raw_mfcc_train.3.ark:139482
MRXB0_SX415 /home/sky/kaldi/egs/timit/s5/mfcc/raw_mfcc_train.9.ark:935296
MDRD0_SX122 /home/sky/kaldi/egs/timit/s5/mfcc/raw_mfcc_train.5.ark:666985
MLJC0_SX55 /home/sky/kaldi/egs/timit/s5/mfcc/raw_mfcc_train.7.ark:964999
MTMN0_SI2324 /home/sky/kaldi/egs/timit/s5/mfcc/raw_mfcc_train.10.ark:650396
MPRD0_SX261 /home/sky/kaldi/egs/timit/s5/mfcc/raw_mfcc_train.8.ark:819349
MDPK0_SI552 /home/sky/kaldi/egs/timit/s5/mfcc/raw_mfcc_train.5.ark:601175
MADC0_SX107 /home/sky/kaldi/egs/timit/s5/mfcc/raw_mfcc_train.3.ark:1479266
MDEM0_SX428 /home/sky/kaldi/egs/timit/s5/mfcc/raw_mfcc_train.5.ark:59042
FDXW0_SI881 /home/sky/kaldi/egs/timit/s5/mfcc/raw_mfcc_train.1.ark:1097305
MMLM0_SX447 /home/sky/kaldi/egs/timit/s5/mfcc/raw_mfcc_train.8.ark:152820
MKDD0_SI937 /home/sky/kaldi/egs/timit/s5/mfcc/raw_mfcc_train.7.ark:527474
FLOD0_SI1287 /home/sky/kaldi/egs/timit/s5/mfcc/raw_mfcc_train.2.ark:1164735
MMAM0_SI1597 /home/sky/kaldi/egs/timit/s5/mfcc/raw_mfcc_train.7.ark:1180278
FCKE0_SX31 /home/sky/kaldi/egs/timit/s5/mfcc/raw_mfcc_train.1.ark:617330
MTJM0_SI655 /home/sky/kaldi/egs/timit/s5/mfcc/raw_mfcc_train.10.ark:388256
MDPS0_SX89 /home/sky/kaldi/egs/timit/s5/mfcc/raw_mfcc_train.5.ark:649288
MPPC0_SX62 /home/sky/kaldi/egs/timit/s5/mfcc/raw_mfcc_train.8.ark:756686
FLKM0_SX260 /home/sky/kaldi/egs/timit/s5/mfcc/raw_mfcc_train.2.ark:1052332
MRCW0_SX201 /home/sky/kaldi/egs/timit/s5/mfcc/raw_mfcc_train.8.ark:1178153
FSDJ0_SX125 /home/sky/kaldi/egs/timit/s5/mfcc/raw_mfcc_train.3.ark:668005
FKKH0_SX30 /home/sky/kaldi/egs/timit/s5/mfcc/raw_mfcc_train.2.ark:626910
MCDC0_SX122 /home/sky/kaldi/egs/timit/s5/mfcc/raw_mfcc_train.4.ark:774305
FAJW0_SX183 /home/sky/kaldi/egs/timit/s5/mfcc/raw_mfcc_train.1.ark:49518
MTMN0_SI582 /home/sky/kaldi/egs/timit/s5/mfcc/raw_mfcc_train.10.ark:655733
MCHL0_SX177 /home/sky/kaldi/egs/timit/s5/mfcc/raw_mfcc_train.4.ark:945697
FSGF0_SX297 /home/sky/kaldi/egs/timit/s5/mfcc/raw_mfcc_train.3.ark:709682
FJKL0_SI932 /home/sky/kaldi/egs/timit/s5/mfcc/raw_mfcc_train.2.ark:132870
MWAC0_SX161 /home/sky/kaldi/egs/timit/s5/mfcc/raw_mfcc_train.10.ark:1143614
FAPB0_SI1063 /home/sky/kaldi/egs/timit/s5/mfcc/raw_mfcc_train.1.ark:131783
MTAT0_SX390 /home/sky/kaldi/egs/timit/s5/mfcc/raw_mfcc_train.10.ark:135959
MKDT0_SI814 /home/sky/kaldi/egs/timit/s5/mfcc/raw_mfcc_train.7.ark:551521
MABC0_SX421 /home/sky/kaldi/egs/timit/s5/mfcc/raw_mfcc_train.3.ark:1456155
MGRP0_SX417 /home/sky/kaldi/egs/timit/s5/mfcc/raw_mfcc_train.6.ark:177257
MWAC0_SX71 /home/sky/kaldi/egs/timit/s5/mfcc/raw_mfcc_train.10.ark:1165234
MPGR1_SI1269 /home/sky/kaldi/egs/timit/s5/mfcc/raw_mfcc_train.8.ark:641797
MBGT0_SX351 /home/sky/kaldi/egs/timit/s5/mfcc/raw_mfcc_train.4.ark:432679
FDNC0_SI1908 /home/sky/kaldi/egs/timit/s5/mfcc/raw_mfcc_train.1.ark:1027307
MSFV0_SX272 /home/sky/kaldi/egs/timit/s5/mfcc/raw_mfcc_train.9.ark:1287109
FLMK0_SX45 /home/sky/kaldi/egs/timit/s5/mfcc/raw_mfcc_train.2.ark:1161048
MWRE0_SI1057 /home/sky/kaldi/egs/timit/s5/mfcc/raw_mfcc_train.10.ark:1349967
MJDM0_SI1340 /home/sky/kaldi/egs/timit/s5/mfcc/raw_mfcc_train.6.ark:800410
FSCN0_SX446 /home/sky/kaldi/egs/timit/s5/mfcc/raw_mfcc_train.3.ark:617536
MJFR0_SI1605 /home/sky/kaldi/egs/timit/s5/mfcc/raw_mfcc_train.6.ark:960712
MRDM0_SX155 /home/sky/kaldi/egs/timit/s5/mfcc/raw_mfcc_train.8.ark:1233706
FDAS1_SX291 /home/sky/kaldi/egs/timit/s5/mfcc/raw_mfcc_train.1.ark:810710
MSAH1_SI1679 /home/sky/kaldi/egs/timit/s5/mfcc/raw_mfcc_train.9.ark:946238
MCEF0_SI1765 /home/sky/kaldi/egs/timit/s5/mfcc/raw_mfcc_train.4.ark:863460
MMAA0_SX215 /home/sky/kaldi/egs/timit/s5/mfcc/raw_mfcc_train.7.ark:1093790
MMXS0_SI2136 /home/sky/kaldi/egs/timit/s5/mfcc/raw_mfcc_train.8.ark:398049
FREH0_SI1315 /home/sky/kaldi/egs/timit/s5/mfcc/raw_mfcc_train.3.ark:356171
MPGR0_SI1410 /home/sky/kaldi/egs/timit/s5/mfcc/raw_mfcc_train.8.ark:611892
MTRC0_SI993 /home/sky/kaldi/egs/timit/s5/mfcc/raw_mfcc_train.10.ark:890924
FJSK0_SX62 /home/sky/kaldi/egs/timit/s5/mfcc/raw_mfcc_train.2.ark:327710
FCDR1_SI1816 /home/sky/kaldi/egs/timit/s5/mfcc/raw_mfcc_train.1.ark:475758
MRMH0_SX391 /home/sky/kaldi/egs/timit/s5/mfcc/raw_mfcc_train.9.ark:533046
FDAS1_SX21 /home/sky/kaldi/egs/timit/s5/mfcc/raw_mfcc_train.1.ark:807934
MPSW0_SX77 /home/sky/kaldi/egs/timit/s5/mfcc/raw_mfcc_train.8.ark:925632
MRAB1_SX218 /home/sky/kaldi/egs/timit/s5/mfcc/raw_mfcc_train.8.ark:977960
MJRH0_SI1755 /home/sky/kaldi/egs/timit/s5/mfcc/raw_mfcc_train.7.ark:20601
FJDM2_SX142 /home/sky/kaldi/egs/timit/s5/mfcc/raw_mfcc_train.2.ark:36426
MREH1_SX249 /home/sky/kaldi/egs/timit/s5/mfcc/raw_mfcc_train.8.ark:1335337
MBCG0_SX57 /home/sky/kaldi/egs/timit/s5/mfcc/raw_mfcc_train.4.ark:380825
MSDH0_SI2240 /home/sky/kaldi/egs/timit/s5/mfcc/raw_mfcc_train.9.ark:1088343
MJEE0_SI607 /home/sky/kaldi/egs/timit/s5/mfcc/raw_mfcc_train.6.ark:910771
MTER0_SX17 /home/sky/kaldi/egs/timit/s5/mfcc/raw_mfcc_train.10.ark:331294
MSAH1_SX419 /home/sky/kaldi/egs/timit/s5/mfcc/raw_mfcc_train.9.ark:963759
MDLR1_SX39 /home/sky/kaldi/egs/timit/s5/mfcc/raw_mfcc_train.5.ark:451897
MMDG0_SX250 /home/sky/kaldi/egs/timit/s5/mfcc/raw_mfcc_train.7.ark:1364426
MRDS0_SX357 /home/sky/kaldi/egs/timit/s5/mfcc/raw_mfcc_train.8.ark:1271412
MJMD0_SX308 /home/sky/kaldi/egs/timit/s5/mfcc/raw_mfcc_train.6.ark:1305040
FJLG0_SX449 /home/sky/kaldi/egs/timit/s5/mfcc/raw_mfcc_train.2.ark:183058
MJDC0_SI1161 /home/sky/kaldi/egs/timit/s5/mfcc/raw_mfcc_train.6.ark:696096
MJJM0_SI1251 /home/sky/kaldi/egs/timit/s5/mfcc/raw_mfcc_train.6.ark:1098194
MDLR1_SI1929 /home/sky/kaldi/egs/timit/s5/mfcc/raw_mfcc_train.5.ark:429178
FSBK0_SX169 /home/sky/kaldi/egs/timit/s5/mfcc/raw_mfcc_train.3.ark:561871
MFRM0_SI1785 /home/sky/kaldi/egs/timit/s5/mfcc/raw_mfcc_train.5.ark:1249665
MSFH0_SX136 /home/sky/kaldi/egs/timit/s5/mfcc/raw_mfcc_train.9.ark:1245406
MJBG0_SX152 /home/sky/kaldi/egs/timit/s5/mfcc/raw_mfcc_train.6.ark:645290
FBJL0_SX382 /home/sky/kaldi/egs/timit/s5/mfcc/raw_mfcc_train.1.ark:303245
FCYL0_SX397 /home/sky/kaldi/egs/timit/s5/mfcc/raw_mfcc_train.1.ark:779681
MJAE0_SX444 /home/sky/kaldi/egs/timit/s5/mfcc/raw_mfcc_train.6.ark:592625
FVMH0_SX116 /home/sky/kaldi/egs/timit/s5/mfcc/raw_mfcc_train.3.ark:1420028
MJPM1_SI1897 /home/sky/kaldi/egs/timit/s5/mfcc/raw_mfcc_train.6.ark:1407984
MWSH0_SX256 /home/sky/kaldi/egs/timit/s5/mfcc/raw_mfcc_train.10.ark:1464240
FSCN0_SX176 /home/sky/kaldi/egs/timit/s5/mfcc/raw_mfcc_train.3.ark:602344
MDHL0_SX449 /home/sky/kaldi/egs/timit/s5/mfcc/raw_mfcc_train.5.ark:93029
FCLT0_SX178 /home/sky/kaldi/egs/timit/s5/mfcc/raw_mfcc_train.1.ark:633617
MMLM0_SI1527 /home/sky/kaldi/egs/timit/s5/mfcc/raw_mfcc_train.8.ark:131600
MJMA0_SX415 /home/sky/kaldi/egs/timit/s5/mfcc/raw_mfcc_train.6.ark:1281316
MTLB0_SI1134 /home/sky/kaldi/egs/timit/s5/mfcc/raw_mfcc_train.10.ark:548803
FHLM0_SI930 /home/sky/kaldi/egs/timit/s5/mfcc/raw_mfcc_train.1.ark:1513796
FJLG0_SI1506 /home/sky/kaldi/egs/timit/s5/mfcc/raw_mfcc_train.2.ark:159822
FMMH0_SX367 /home/sky/kaldi/egs/timit/s5/mfcc/raw_mfcc_train.2.ark:1513551
MRAB0_SI1854 /home/sky/kaldi/egs/timit/s5/mfcc/raw_mfcc_train.8.ark:932252
MPRK0_SI467 /home/sky/kaldi/egs/timit/s5/mfcc/raw_mfcc_train.8.ark:846432
MRJM1_SI1928 /home/sky/kaldi/egs/timit/s5/mfcc/raw_mfcc_train.9.ark:192016
MJMD0_SI2288 /home/sky/kaldi/egs/timit/s5/mfcc/raw_mfcc_train.6.ark:1292591
MESJ0_SX277 /home/sky/kaldi/egs/timit/s5/mfcc/raw_mfcc_train.5.ark:1139329
MDSS1_SI1327 /home/sky/kaldi/egs/timit/s5/mfcc/raw_mfcc_train.5.ark:748124
MGRP0_SX147 /home/sky/kaldi/egs/timit/s5/mfcc/raw_mfcc_train.6.ark:163430
MJRP0_SX45 /home/sky/kaldi/egs/timit/s5/mfcc/raw_mfcc_train.7.ark:137203
MDSS1_SX67 /home/sky/kaldi/egs/timit/s5/mfcc/raw_mfcc_train.5.ark:773510
MTAT1_SX329 /home/sky/kaldi/egs/timit/s5/mfcc/raw_mfcc_train.10.ark:162900
MDMA0_SX350 /home/sky/kaldi/egs/timit/s5/mfcc/raw_mfcc_train.5.ark:482395
MCEF0_SI1135 /home/sky/kaldi/egs/timit/s5/mfcc/raw_mfcc_train.4.ark:859604
MCLM0_SX286 /home/sky/kaldi/egs/timit/s5/mfcc/raw_mfcc_train.4.ark:1018020
FSJG0_SI2200 /home/sky/kaldi/egs/timit/s5/mfcc/raw_mfcc_train.3.ark:721327
FPMY0_SX343 /home/sky/kaldi/egs/timit/s5/mfcc/raw_mfcc_train.3.ark:347343
MHJB0_SI1017 /home/sky/kaldi/egs/timit/s5/mfcc/raw_mfcc_train.6.ark:353349
FMJB0_SI1177 /home/sky/kaldi/egs/timit/s5/mfcc/raw_mfcc_train.2.ark:1328016
MRJM1_SX128 /home/sky/kaldi/egs/timit/s5/mfcc/raw_mfcc_train.9.ark:199765
MCTH0_SI1209 /home/sky/kaldi/egs/timit/s5/mfcc/raw_mfcc_train.4.ark:1120918
MDSJ0_SI832 /home/sky/kaldi/egs/timit/s5/mfcc/raw_mfcc_train.5.ark:697832
MCRE0_SX131 /home/sky/kaldi/egs/timit/s5/mfcc/raw_mfcc_train.4.ark:1067671
FCJF0_SX217 /home/sky/kaldi/egs/timit/s5/mfcc/raw_mfcc_train.1.ark:552047
MBMA0_SX142 /home/sky/kaldi/egs/timit/s5/mfcc/raw_mfcc_train.4.ark:485754
MMGK0_SX242 /home/sky/kaldi/egs/timit/s5/mfcc/raw_mfcc_train.8.ark:84286
MSAS0_SI746 /home/sky/kaldi/egs/timit/s5/mfcc/raw_mfcc_train.9.ark:981390
MJAE0_SI2154 /home/sky/kaldi/egs/timit/s5/mfcc/raw_mfcc_train.6.ark:576321
FBAS0_SI1387 /home/sky/kaldi/egs/timit/s5/mfcc/raw_mfcc_train.1.ark:172245
MJWS0_SX423 /home/sky/kaldi/egs/timit/s5/mfcc/raw_mfcc_train.7.ark:244903
FEXM0_SI1101 /home/sky/kaldi/egs/timit/s5/mfcc/raw_mfcc_train.1.ark:1326515
MTDB0_SX51 /home/sky/kaldi/egs/timit/s5/mfcc/raw_mfcc_train.10.ark:270178
MJEE0_SX427 /home/sky/kaldi/egs/timit/s5/mfcc/raw_mfcc_train.6.ark:925970
MRLK0_SI2140 /home/sky/kaldi/egs/timit/s5/mfcc/raw_mfcc_train.9.ark:386226
MMAG0_SX406 /home/sky/kaldi/egs/timit/s5/mfcc/raw_mfcc_train.7.ark:1171710
MWAD0_SI1749 /home/sky/kaldi/egs/timit/s5/mfcc/raw_mfcc_train.10.ark:1173206
FAPB0_SX163 /home/sky/kaldi/egs/timit/s5/mfcc/raw_mfcc_train.1.ark:148368
MCTM0_SI1980 /home/sky/kaldi/egs/timit/s5/mfcc/raw_mfcc_train.4.ark:1158059
MDMA0_SX440 /home/sky/kaldi/egs/timit/s5/mfcc/raw_mfcc_train.5.ark:488460
MPSW0_SX167 /home/sky/kaldi/egs/timit/s5/mfcc/raw_mfcc_train.8.ark:912346
MRFL0_SX166 /home/sky/kaldi/egs/timit/s5/mfcc/raw_mfcc_train.8.ark:1457823
MCDR0_SI1784 /home/sky/kaldi/egs/timit/s5/mfcc/raw_mfcc_train.4.ark:828563
MMEA0_SI758 /home/sky/kaldi/egs/timit/s5/mfcc/raw_mfcc_train.7.ark:1478429
FMKF0_SX276 /home/sky/kaldi/egs/timit/s5/mfcc/raw_mfcc_train.2.ark:1480567
FCDR1_SX286 /home/sky/kaldi/egs/timit/s5/mfcc/raw_mfcc_train.1.ark:499777
MRHL0_SI885 /home/sky/kaldi/egs/timit/s5/mfcc/raw_mfcc_train.9.ark:53877
FDML0_SI2075 /home/sky/kaldi/egs/timit/s5/mfcc/raw_mfcc_train.1.ark:956169
MMAR0_SX346 /home/sky/kaldi/egs/timit/s5/mfcc/raw_mfcc_train.7.ark:1234504
FLET0_SI1767 /home/sky/kaldi/egs/timit/s5/mfcc/raw_mfcc_train.2.ark:872248
FBAS0_SX307 /home/sky/kaldi/egs/timit/s5/mfcc/raw_mfcc_train.1.ark:196878
MSAS0_SX296 /home/sky/kaldi/egs/timit/s5/mfcc/raw_mfcc_train.9.ark:999305
FBMH0_SX56 /home/sky/kaldi/egs/timit/s5/mfcc/raw_mfcc_train.1.ark:370570
MDLR0_SX243 /home/sky/kaldi/egs/timit/s5/mfcc/raw_mfcc_train.5.ark:407042
FSSB0_SX452 /home/sky/kaldi/egs/timit/s5/mfcc/raw_mfcc_train.3.ark:1178379
FEAC0_SX255 /home/sky/kaldi/egs/timit/s5/mfcc/raw_mfcc_train.1.ark:1138820
MWEM0_SI1950 /home/sky/kaldi/egs/timit/s5/mfcc/raw_mfcc_train.10.ark:1292044
MRLD0_SX424 /home/sky/kaldi/egs/timit/s5/mfcc/raw_mfcc_train.9.ark:315850
MGES0_SI1481 /home/sky/kaldi/egs/timit/s5/mfcc/raw_mfcc_train.6.ark:55323
FVMH0_SX26 /home/sky/kaldi/egs/timit/s5/mfcc/raw_mfcc_train.3.ark:1426762
MCDC0_SX32 /home/sky/kaldi/egs/timit/s5/mfcc/raw_mfcc_train.4.ark:786662
