MREH1_SX69 /home/sky/kaldi/egs/timit/s5/mfcc/raw_mfcc_train.8.ark:1347278
FPAZ0_SX153 /home/sky/kaldi/egs/timit/s5/mfcc/raw_mfcc_train.3.ark:237485
MMXS0_SI629 /home/sky/kaldi/egs/timit/s5/mfcc/raw_mfcc_train.8.ark:401748
FCLT0_SI2068 /home/sky/kaldi/egs/timit/s5/mfcc/raw_mfcc_train.1.ark:625920
FLMK0_SI1035 /home/sky/kaldi/egs/timit/s5/mfcc/raw_mfcc_train.2.ark:1132827
FDAS1_SI1461 /home/sky/kaldi/egs/timit/s5/mfcc/raw_mfcc_train.1.ark:783914
FDTD0_SI1561 /home/sky/kaldi/egs/timit/s5/mfcc/raw_mfcc_train.1.ark:1057309
FMAH1_SX69 /home/sky/kaldi/egs/timit/s5/mfcc/raw_mfcc_train.2.ark:1255354
MRML0_SX161 /home/sky/kaldi/egs/timit/s5/mfcc/raw_mfcc_train.9.ark:550938
MDEF0_SI1563 /home/sky/kaldi/egs/timit/s5/mfcc/raw_mfcc_train.5.ark:6547
MMDG0_SX430 /home/sky/kaldi/egs/timit/s5/mfcc/raw_mfcc_train.7.ark:1373644
FKAA0_SX398 /home/sky/kaldi/egs/timit/s5/mfcc/raw_mfcc_train.2.ark:491040
MHMG0_SX375 /home/sky/kaldi/egs/timit/s5/mfcc/raw_mfcc_train.6.ark:405157
MCAL0_SX58 /home/sky/kaldi/egs/timit/s5/mfcc/raw_mfcc_train.4.ark:758805
MRFK0_SX176 /home/sky/kaldi/egs/timit/s5/mfcc/raw_mfcc_train.8.ark:1425370
MMRP0_SI774 /home/sky/kaldi/egs/timit/s5/mfcc/raw_mfcc_train.8.ark:197158
MCTM0_SX450 /home/sky/kaldi/egs/timit/s5/mfcc/raw_mfcc_train.4.ark:1177334
FMJF0_SI1254 /home/sky/kaldi/egs/timit/s5/mfcc/raw_mfcc_train.2.ark:1360948
FSAH0_SX344 /home/sky/kaldi/egs/timit/s5/mfcc/raw_mfcc_train.3.ark:509978
MDNS0_SX381 /home/sky/kaldi/egs/timit/s5/mfcc/raw_mfcc_train.5.ark:556583
MPEB0_SI1860 /home/sky/kaldi/egs/timit/s5/mfcc/raw_mfcc_train.8.ark:522628
MPGR0_SX60 /home/sky/kaldi/egs/timit/s5/mfcc/raw_mfcc_train.8.ark:637655
FSJG0_SX310 /home/sky/kaldi/egs/timit/s5/mfcc/raw_mfcc_train.3.ark:744196
MKAH0_SX268 /home/sky/kaldi/egs/timit/s5/mfcc/raw_mfcc_train.7.ark:404956
FBMH0_SI1136 /home/sky/kaldi/egs/timit/s5/mfcc/raw_mfcc_train.1.ark:342519
MRLD0_SI964 /home/sky/kaldi/egs/timit/s5/mfcc/raw_mfcc_train.9.ark:301756
MRDD0_SX60 /home/sky/kaldi/egs/timit/s5/mfcc/raw_mfcc_train.8.ark:1216620
FJRB0_SI672 /home/sky/kaldi/egs/timit/s5/mfcc/raw_mfcc_train.2.ark:232674
MCEF0_SX415 /home/sky/kaldi/egs/timit/s5/mfcc/raw_mfcc_train.4.ark:882787
MDMT0_SI572 /home/sky/kaldi/egs/timit/s5/mfcc/raw_mfcc_train.5.ark:501801
MDHS0_SI2160 /home/sky/kaldi/egs/timit/s5/mfcc/raw_mfcc_train.5.ark:104842
MKDB0_SI872 /home/sky/kaldi/egs/timit/s5/mfcc/raw_mfcc_train.7.ark:490874
MBGT0_SX351 /home/sky/kaldi/egs/timit/s5/mfcc/raw_mfcc_train.4.ark:432679
MMDM1_SX423 /home/sky/kaldi/egs/timit/s5/mfcc/raw_mfcc_train.7.ark:1437523
MGXP0_SI1087 /home/sky/kaldi/egs/timit/s5/mfcc/raw_mfcc_train.6.ark:256383
FCLT0_SX178 /home/sky/kaldi/egs/timit/s5/mfcc/raw_mfcc_train.1.ark:633617
FTBR0_SI921 /home/sky/kaldi/egs/timit/s5/mfcc/raw_mfcc_train.3.ark:1222586
MRAI0_SX162 /home/sky/kaldi/egs/timit/s5/mfcc/raw_mfcc_train.8.ark:1009002
MFXS0_SI1674 /home/sky/kaldi/egs/timit/s5/mfcc/raw_mfcc_train.5.ark:1303415
FSKL0_SX449 /home/sky/kaldi/egs/timit/s5/mfcc/raw_mfcc_train.3.ark:912981
FLMC0_SI742 /home/sky/kaldi/egs/timit/s5/mfcc/raw_mfcc_train.2.ark:1108423
FKLC0_SX85 /home/sky/kaldi/egs/timit/s5/mfcc/raw_mfcc_train.2.ark:667619
MFMC0_SX142 /home/sky/kaldi/egs/timit/s5/mfcc/raw_mfcc_train.5.ark:1219402
MDRD0_SX122 /home/sky/kaldi/egs/timit/s5/mfcc/raw_mfcc_train.5.ark:666985
MJDM0_SI974 /home/sky/kaldi/egs/timit/s5/mfcc/raw_mfcc_train.6.ark:809408
FBAS0_SX127 /home/sky/kaldi/egs/timit/s5/mfcc/raw_mfcc_train.1.ark:191014
MRJM1_SX128 /home/sky/kaldi/egs/timit/s5/mfcc/raw_mfcc_train.9.ark:199765
MJRK0_SX430 /home/sky/kaldi/egs/timit/s5/mfcc/raw_mfcc_train.7.ark:104757
FBCG1_SX82 /home/sky/kaldi/egs/timit/s5/mfcc/raw_mfcc_train.1.ark:235597
FRLL0_SI805 /home/sky/kaldi/egs/timit/s5/mfcc/raw_mfcc_train.3.ark:418147
MDCM0_SX310 /home/sky/kaldi/egs/timit/s5/mfcc/raw_mfcc_train.4.ark:1397437
MJFR0_SI975 /home/sky/kaldi/egs/timit/s5/mfcc/raw_mfcc_train.6.ark:968631
FMJB0_SX277 /home/sky/kaldi/egs/timit/s5/mfcc/raw_mfcc_train.2.ark:1346115
MMDS0_SI1973 /home/sky/kaldi/egs/timit/s5/mfcc/raw_mfcc_train.7.ark:1451247
MRLK0_SI2140 /home/sky/kaldi/egs/timit/s5/mfcc/raw_mfcc_train.9.ark:386226
MTAS0_SX125 /home/sky/kaldi/egs/timit/s5/mfcc/raw_mfcc_train.10.ark:92013
MRLD0_SI1594 /home/sky/kaldi/egs/timit/s5/mfcc/raw_mfcc_train.9.ark:294487
FCMG0_SX342 /home/sky/kaldi/egs/timit/s5/mfcc/raw_mfcc_train.1.ark:675276
FJRB0_SX42 /home/sky/kaldi/egs/timit/s5/mfcc/raw_mfcc_train.2.ark:253404
MJJB0_SX419 /home/sky/kaldi/egs/timit/s5/mfcc/raw_mfcc_train.6.ark:1054560
MHJB0_SX297 /home/sky/kaldi/egs/timit/s5/mfcc/raw_mfcc_train.6.ark:373490
MMGC0_SX405 /home/sky/kaldi/egs/timit/s5/mfcc/raw_mfcc_train.8.ark:33498
MVRW0_SX405 /home/sky/kaldi/egs/timit/s5/mfcc/raw_mfcc_train.10.ark:1123298
MMAM0_SX427 /home/sky/kaldi/egs/timit/s5/mfcc/raw_mfcc_train.7.ark:1201512
FMJF0_SI1884 /home/sky/kaldi/egs/timit/s5/mfcc/raw_mfcc_train.2.ark:1364128
MRJM0_SX418 /home/sky/kaldi/egs/timit/s5/mfcc/raw_mfcc_train.9.ark:177252
MSDB0_SI1637 /home/sky/kaldi/egs/timit/s5/mfcc/raw_mfcc_train.9.ark:1068109
FEAC0_SI615 /home/sky/kaldi/egs/timit/s5/mfcc/raw_mfcc_train.1.ark:1128380
FSJS0_SI1801 /home/sky/kaldi/egs/timit/s5/mfcc/raw_mfcc_train.3.ark:792304
MJMA0_SX145 /home/sky/kaldi/egs/timit/s5/mfcc/raw_mfcc_train.6.ark:1272104
MREH1_SX429 /home/sky/kaldi/egs/timit/s5/mfcc/raw_mfcc_train.8.ark:1342943
MPFU0_SI1258 /home/sky/kaldi/egs/timit/s5/mfcc/raw_mfcc_train.8.ark:550016
MHBS0_SX315 /home/sky/kaldi/egs/timit/s5/mfcc/raw_mfcc_train.6.ark:311099
FCDR1_SI1186 /home/sky/kaldi/egs/timit/s5/mfcc/raw_mfcc_train.1.ark:468314
MADC0_SX197 /home/sky/kaldi/egs/timit/s5/mfcc/raw_mfcc_train.3.ark:1485766
FLMA0_SX433 /home/sky/kaldi/egs/timit/s5/mfcc/raw_mfcc_train.2.ark:1092976
MVRW0_SX135 /home/sky/kaldi/egs/timit/s5/mfcc/raw_mfcc_train.10.ark:1114190
MSAH1_SX149 /home/sky/kaldi/egs/timit/s5/mfcc/raw_mfcc_train.9.ark:951596
MSFV0_SX362 /home/sky/kaldi/egs/timit/s5/mfcc/raw_mfcc_train.9.ark:1290769
MDLR1_SI669 /home/sky/kaldi/egs/timit/s5/mfcc/raw_mfcc_train.5.ark:433046
FDAW0_SX146 /home/sky/kaldi/egs/timit/s5/mfcc/raw_mfcc_train.1.ark:833823
MRDS0_SX177 /home/sky/kaldi/egs/timit/s5/mfcc/raw_mfcc_train.8.ark:1264586
FHXS0_SX85 /home/sky/kaldi/egs/timit/s5/mfcc/raw_mfcc_train.2.ark:20522
MDWD0_SI557 /home/sky/kaldi/egs/timit/s5/mfcc/raw_mfcc_train.5.ark:815893
MRMH0_SI1021 /home/sky/kaldi/egs/timit/s5/mfcc/raw_mfcc_train.9.ark:505826
MCAE0_SX367 /home/sky/kaldi/egs/timit/s5/mfcc/raw_mfcc_train.4.ark:718281
FJXP0_SX312 /home/sky/kaldi/egs/timit/s5/mfcc/raw_mfcc_train.2.ark:448980
MHBS0_SX135 /home/sky/kaldi/egs/timit/s5/mfcc/raw_mfcc_train.6.ark:304689
MDBB1_SI1006 /home/sky/kaldi/egs/timit/s5/mfcc/raw_mfcc_train.4.ark:1279423
MRXB0_SX145 /home/sky/kaldi/egs/timit/s5/mfcc/raw_mfcc_train.9.ark:924550
MJWS0_SX63 /home/sky/kaldi/egs/timit/s5/mfcc/raw_mfcc_train.7.ark:250057
MHMG0_SI1995 /home/sky/kaldi/egs/timit/s5/mfcc/raw_mfcc_train.6.ark:383003
FSJS0_SX451 /home/sky/kaldi/egs/timit/s5/mfcc/raw_mfcc_train.3.ark:814959
FLMA0_SI613 /home/sky/kaldi/egs/timit/s5/mfcc/raw_mfcc_train.2.ark:1079194
MTML0_SX165 /home/sky/kaldi/egs/timit/s5/mfcc/raw_mfcc_train.10.ark:624574
FSBK0_SX439 /home/sky/kaldi/egs/timit/s5/mfcc/raw_mfcc_train.3.ark:577245
MCRE0_SX401 /home/sky/kaldi/egs/timit/s5/mfcc/raw_mfcc_train.4.ark:1078559
FPMY0_SX253 /home/sky/kaldi/egs/timit/s5/mfcc/raw_mfcc_train.3.ark:343644
MSFH0_SX406 /home/sky/kaldi/egs/timit/s5/mfcc/raw_mfcc_train.9.ark:1259207
FHXS0_SX175 /home/sky/kaldi/egs/timit/s5/mfcc/raw_mfcc_train.2.ark:3556
FSMM0_SI684 /home/sky/kaldi/egs/timit/s5/mfcc/raw_mfcc_train.3.ark:1025788
MSAS0_SX296 /home/sky/kaldi/egs/timit/s5/mfcc/raw_mfcc_train.9.ark:999305
MJHI0_SX158 /home/sky/kaldi/egs/timit/s5/mfcc/raw_mfcc_train.6.ark:1010307
FLJG0_SX171 /home/sky/kaldi/egs/timit/s5/mfcc/raw_mfcc_train.2.ark:1010825
FEAR0_SX442 /home/sky/kaldi/egs/timit/s5/mfcc/raw_mfcc_train.1.ark:1179139
MDAS0_SX276 /home/sky/kaldi/egs/timit/s5/mfcc/raw_mfcc_train.4.ark:1269329
MCAL0_SI1138 /home/sky/kaldi/egs/timit/s5/mfcc/raw_mfcc_train.4.ark:732249
MTKP0_SI1023 /home/sky/kaldi/egs/timit/s5/mfcc/raw_mfcc_train.10.ark:514712
MCDR0_SX344 /home/sky/kaldi/egs/timit/s5/mfcc/raw_mfcc_train.4.ark:849209
MDEF0_SX123 /home/sky/kaldi/egs/timit/s5/mfcc/raw_mfcc_train.5.ark:13439
MTPR0_SI1600 /home/sky/kaldi/egs/timit/s5/mfcc/raw_mfcc_train.10.ark:802721
MRBC0_SX419 /home/sky/kaldi/egs/timit/s5/mfcc/raw_mfcc_train.8.ark:1114821
MJWS0_SI1143 /home/sky/kaldi/egs/timit/s5/mfcc/raw_mfcc_train.7.ark:218964
MCRE0_SX41 /home/sky/kaldi/egs/timit/s5/mfcc/raw_mfcc_train.4.ark:1082608
MJDM0_SX80 /home/sky/kaldi/egs/timit/s5/mfcc/raw_mfcc_train.6.ark:832920
FCEG0_SX168 /home/sky/kaldi/egs/timit/s5/mfcc/raw_mfcc_train.1.ark:519704
MMSM0_SX26 /home/sky/kaldi/egs/timit/s5/mfcc/raw_mfcc_train.8.ark:248910
MRJM0_SI1228 /home/sky/kaldi/egs/timit/s5/mfcc/raw_mfcc_train.9.ark:156208
MMRP0_SI717 /home/sky/kaldi/egs/timit/s5/mfcc/raw_mfcc_train.8.ark:193810
FJXP0_SX222 /home/sky/kaldi/egs/timit/s5/mfcc/raw_mfcc_train.2.ark:445593
MTRT0_SX254 /home/sky/kaldi/egs/timit/s5/mfcc/raw_mfcc_train.10.ark:963079
FGCS0_SX46 /home/sky/kaldi/egs/timit/s5/mfcc/raw_mfcc_train.1.ark:1391700
MHXL0_SI1772 /home/sky/kaldi/egs/timit/s5/mfcc/raw_mfcc_train.6.ark:473347
MMGC0_SI1935 /home/sky/kaldi/egs/timit/s5/mfcc/raw_mfcc_train.8.ark:15925
FDXW0_SX431 /home/sky/kaldi/egs/timit/s5/mfcc/raw_mfcc_train.1.ark:1114285
FEAC0_SX435 /home/sky/kaldi/egs/timit/s5/mfcc/raw_mfcc_train.1.ark:1145945
FKDE0_SI1141 /home/sky/kaldi/egs/timit/s5/mfcc/raw_mfcc_train.2.ark:496222
MPFU0_SI1888 /home/sky/kaldi/egs/timit/s5/mfcc/raw_mfcc_train.8.ark:556511
FKKH0_SI1920 /home/sky/kaldi/egs/timit/s5/mfcc/raw_mfcc_train.2.ark:608553
MDLM0_SI1234 /home/sky/kaldi/egs/timit/s5/mfcc/raw_mfcc_train.5.ark:362093
FTBW0_SX265 /home/sky/kaldi/egs/timit/s5/mfcc/raw_mfcc_train.3.ark:1263438
FEAC0_SI1875 /home/sky/kaldi/egs/timit/s5/mfcc/raw_mfcc_train.1.ark:1124031
FPAZ0_SI2223 /home/sky/kaldi/egs/timit/s5/mfcc/raw_mfcc_train.3.ark:225745
MKJO0_SX424 /home/sky/kaldi/egs/timit/s5/mfcc/raw_mfcc_train.7.ark:634434
MRJM0_SX58 /home/sky/kaldi/egs/timit/s5/mfcc/raw_mfcc_train.9.ark:181639
FCDR1_SX376 /home/sky/kaldi/egs/timit/s5/mfcc/raw_mfcc_train.1.ark:505556
FMKF0_SX276 /home/sky/kaldi/egs/timit/s5/mfcc/raw_mfcc_train.2.ark:1480567
MJBG0_SX422 /home/sky/kaldi/egs/timit/s5/mfcc/raw_mfcc_train.6.ark:659026
MMDM0_SX411 /home/sky/kaldi/egs/timit/s5/mfcc/raw_mfcc_train.7.ark:1404628
FKLH0_SI1887 /home/sky/kaldi/egs/timit/s5/mfcc/raw_mfcc_train.2.ark:710970
MHIT0_SI2243 /home/sky/kaldi/egs/timit/s5/mfcc/raw_mfcc_train.6.ark:324882
MJRH1_SX244 /home/sky/kaldi/egs/timit/s5/mfcc/raw_mfcc_train.7.ark:67090
MJLS0_SX106 /home/sky/kaldi/egs/timit/s5/mfcc/raw_mfcc_train.6.ark:1239170
MDMT0_SX212 /home/sky/kaldi/egs/timit/s5/mfcc/raw_mfcc_train.5.ark:511617
FSMS1_SI2134 /home/sky/kaldi/egs/timit/s5/mfcc/raw_mfcc_train.3.ark:1057337
MDSJ0_SX382 /home/sky/kaldi/egs/timit/s5/mfcc/raw_mfcc_train.5.ark:712991
MDCM0_SX130 /home/sky/kaldi/egs/timit/s5/mfcc/raw_mfcc_train.4.ark:1389259
FNTB0_SX303 /home/sky/kaldi/egs/timit/s5/mfcc/raw_mfcc_train.3.ark:72282
MMGK0_SX62 /home/sky/kaldi/egs/timit/s5/mfcc/raw_mfcc_train.8.ark:94511
FDAS1_SX111 /home/sky/kaldi/egs/timit/s5/mfcc/raw_mfcc_train.1.ark:800069
MJEB0_SX206 /home/sky/kaldi/egs/timit/s5/mfcc/raw_mfcc_train.6.ark:853601
MWAD0_SX342 /home/sky/kaldi/egs/timit/s5/mfcc/raw_mfcc_train.10.ark:1183999
MTAS0_SX305 /home/sky/kaldi/egs/timit/s5/mfcc/raw_mfcc_train.10.ark:98345
FCAG0_SI1503 /home/sky/kaldi/egs/timit/s5/mfcc/raw_mfcc_train.1.ark:410713
FDXW0_SI881 /home/sky/kaldi/egs/timit/s5/mfcc/raw_mfcc_train.1.ark:1097305
MDSJ0_SX438 /home/sky/kaldi/egs/timit/s5/mfcc/raw_mfcc_train.5.ark:716560
MSDH0_SI2240 /home/sky/kaldi/egs/timit/s5/mfcc/raw_mfcc_train.9.ark:1088343
FSMS1_SX347 /home/sky/kaldi/egs/timit/s5/mfcc/raw_mfcc_train.3.ark:1076833
MBSB0_SI1983 /home/sky/kaldi/egs/timit/s5/mfcc/raw_mfcc_train.4.ark:603022
MRGM0_SX262 /home/sky/kaldi/egs/timit/s5/mfcc/raw_mfcc_train.8.ark:1500683
MHJB0_SI2277 /home/sky/kaldi/egs/timit/s5/mfcc/raw_mfcc_train.6.ark:360372
MJWT0_SX391 /home/sky/kaldi/egs/timit/s5/mfcc/raw_mfcc_train.7.ark:286488
MRKM0_SX97 /home/sky/kaldi/egs/timit/s5/mfcc/raw_mfcc_train.9.ark:290748
FMAH1_SI1509 /home/sky/kaldi/egs/timit/s5/mfcc/raw_mfcc_train.2.ark:1228148
MFWK0_SI1879 /home/sky/kaldi/egs/timit/s5/mfcc/raw_mfcc_train.5.ark:1275325
MGAF0_SI1912 /home/sky/kaldi/egs/timit/s5/mfcc/raw_mfcc_train.5.ark:1370892
MCPM0_SI1824 /home/sky/kaldi/egs/timit/s5/mfcc/raw_mfcc_train.4.ark:1029457
MDHS0_SX450 /home/sky/kaldi/egs/timit/s5/mfcc/raw_mfcc_train.5.ark:123883
FBMH0_SX236 /home/sky/kaldi/egs/timit/s5/mfcc/raw_mfcc_train.1.ark:360956
MRMB0_SI1581 /home/sky/kaldi/egs/timit/s5/mfcc/raw_mfcc_train.9.ark:442986
MGRL0_SX327 /home/sky/kaldi/egs/timit/s5/mfcc/raw_mfcc_train.6.ark:136022
MADD0_SX88 /home/sky/kaldi/egs/timit/s5/mfcc/raw_mfcc_train.4.ark:3489
MJPG0_SI1191 /home/sky/kaldi/egs/timit/s5/mfcc/raw_mfcc_train.6.ark:1346315
MEDR0_SX384 /home/sky/kaldi/egs/timit/s5/mfcc/raw_mfcc_train.5.ark:957440
FSJG0_SI2200 /home/sky/kaldi/egs/timit/s5/mfcc/raw_mfcc_train.3.ark:721327
MWAD0_SI1062 /home/sky/kaldi/egs/timit/s5/mfcc/raw_mfcc_train.10.ark:1168934
MAFM0_SX309 /home/sky/kaldi/egs/timit/s5/mfcc/raw_mfcc_train.4.ark:87108
MRXB0_SX325 /home/sky/kaldi/egs/timit/s5/mfcc/raw_mfcc_train.9.ark:931805
FSMM0_SX234 /home/sky/kaldi/egs/timit/s5/mfcc/raw_mfcc_train.3.ark:1033394
FEME0_SI2135 /home/sky/kaldi/egs/timit/s5/mfcc/raw_mfcc_train.1.ark:1263398
MNTW0_SX202 /home/sky/kaldi/egs/timit/s5/mfcc/raw_mfcc_train.8.ark:477074
MMVP0_SX347 /home/sky/kaldi/egs/timit/s5/mfcc/raw_mfcc_train.8.ark:288651
FJLG0_SI1506 /home/sky/kaldi/egs/timit/s5/mfcc/raw_mfcc_train.2.ark:159822
MWSB0_SX276 /home/sky/kaldi/egs/timit/s5/mfcc/raw_mfcc_train.10.ark:1429904
MBML0_SX359 /home/sky/kaldi/egs/timit/s5/mfcc/raw_mfcc_train.4.ark:557720
MEDR0_SX294 /home/sky/kaldi/egs/timit/s5/mfcc/raw_mfcc_train.5.ark:954729
MKAJ0_SX154 /home/sky/kaldi/egs/timit/s5/mfcc/raw_mfcc_train.7.ark:432943
MMGK0_SX152 /home/sky/kaldi/egs/timit/s5/mfcc/raw_mfcc_train.8.ark:81432
MRJT0_SI868 /home/sky/kaldi/egs/timit/s5/mfcc/raw_mfcc_train.9.ark:225984
FMEM0_SX297 /home/sky/kaldi/egs/timit/s5/mfcc/raw_mfcc_train.2.ark:1312563
MDRD0_SI1382 /home/sky/kaldi/egs/timit/s5/mfcc/raw_mfcc_train.5.ark:652598
MWGR0_SX346 /home/sky/kaldi/egs/timit/s5/mfcc/raw_mfcc_train.10.ark:1338792
FMKC0_SX262 /home/sky/kaldi/egs/timit/s5/mfcc/raw_mfcc_train.2.ark:1445618
FKAA0_SX128 /home/sky/kaldi/egs/timit/s5/mfcc/raw_mfcc_train.2.ark:473450
MMVP0_SX204 /home/sky/kaldi/egs/timit/s5/mfcc/raw_mfcc_train.8.ark:280889
FMBG0_SX350 /home/sky/kaldi/egs/timit/s5/mfcc/raw_mfcc_train.2.ark:1278810
FLMC0_SX292 /home/sky/kaldi/egs/timit/s5/mfcc/raw_mfcc_train.2.ark:1119155
FSKC0_SX66 /home/sky/kaldi/egs/timit/s5/mfcc/raw_mfcc_train.3.ark:885201
MMAR0_SX76 /home/sky/kaldi/egs/timit/s5/mfcc/raw_mfcc_train.7.ark:1244007
MARW0_SX286 /home/sky/kaldi/egs/timit/s5/mfcc/raw_mfcc_train.4.ark:275392
FBMJ0_SX336 /home/sky/kaldi/egs/timit/s5/mfcc/raw_mfcc_train.1.ark:396366
MRJB1_SI2021 /home/sky/kaldi/egs/timit/s5/mfcc/raw_mfcc_train.9.ark:88268
MPEB0_SI1034 /home/sky/kaldi/egs/timit/s5/mfcc/raw_mfcc_train.8.ark:520618
FSDJ0_SX35 /home/sky/kaldi/egs/timit/s5/mfcc/raw_mfcc_train.3.ark:677788
FJXM0_SX41 /home/sky/kaldi/egs/timit/s5/mfcc/raw_mfcc_train.2.ark:424041
MJMD0_SX218 /home/sky/kaldi/egs/timit/s5/mfcc/raw_mfcc_train.6.ark:1301614
MCTH0_SI1209 /home/sky/kaldi/egs/timit/s5/mfcc/raw_mfcc_train.4.ark:1120918
FBAS0_SI1387 /home/sky/kaldi/egs/timit/s5/mfcc/raw_mfcc_train.1.ark:172245
MTMN0_SX344 /home/sky/kaldi/egs/timit/s5/mfcc/raw_mfcc_train.10.ark:670470
MSJK0_SI966 /home/sky/kaldi/egs/timit/s5/mfcc/raw_mfcc_train.9.ark:1314621
FLJD0_SX346 /home/sky/kaldi/egs/timit/s5/mfcc/raw_mfcc_train.2.ark:985848
FSJW0_SI1333 /home/sky/kaldi/egs/timit/s5/mfcc/raw_mfcc_train.3.ark:824281
MTLC0_SX217 /home/sky/kaldi/egs/timit/s5/mfcc/raw_mfcc_train.10.ark:599238
MRWS0_SI472 /home/sky/kaldi/egs/timit/s5/mfcc/raw_mfcc_train.9.ark:889646
MRSP0_SX196 /home/sky/kaldi/egs/timit/s5/mfcc/raw_mfcc_train.9.ark:730840
MPFU0_SX448 /home/sky/kaldi/egs/timit/s5/mfcc/raw_mfcc_train.8.ark:574278
MRLJ1_SX321 /home/sky/kaldi/egs/timit/s5/mfcc/raw_mfcc_train.9.ark:368712
MDLC1_SX85 /home/sky/kaldi/egs/timit/s5/mfcc/raw_mfcc_train.5.ark:297050
FDAS1_SI831 /home/sky/kaldi/egs/timit/s5/mfcc/raw_mfcc_train.1.ark:793705
MBOM0_SI1014 /home/sky/kaldi/egs/timit/s5/mfcc/raw_mfcc_train.4.ark:570065
FTAJ0_SX339 /home/sky/kaldi/egs/timit/s5/mfcc/raw_mfcc_train.3.ark:1204233
MDLR1_SX219 /home/sky/kaldi/egs/timit/s5/mfcc/raw_mfcc_train.5.ark:442810
MSAS0_SI2006 /home/sky/kaldi/egs/timit/s5/mfcc/raw_mfcc_train.9.ark:976573
MRMH0_SX211 /home/sky/kaldi/egs/timit/s5/mfcc/raw_mfcc_train.9.ark:523614
MJAI0_SX344 /home/sky/kaldi/egs/timit/s5/mfcc/raw_mfcc_train.6.ark:625629
MWAC0_SX71 /home/sky/kaldi/egs/timit/s5/mfcc/raw_mfcc_train.10.ark:1165234
MRMB0_SI951 /home/sky/kaldi/egs/timit/s5/mfcc/raw_mfcc_train.9.ark:450255
MGJC0_SX435 /home/sky/kaldi/egs/timit/s5/mfcc/raw_mfcc_train.6.ark:108880
FDJH0_SI1565 /home/sky/kaldi/egs/timit/s5/mfcc/raw_mfcc_train.1.ark:880027
FMKC0_SI1041 /home/sky/kaldi/egs/timit/s5/mfcc/raw_mfcc_train.2.ark:1429312
MSTF0_SX316 /home/sky/kaldi/egs/timit/s5/mfcc/raw_mfcc_train.9.ark:1522123
MJRH1_SX334 /home/sky/kaldi/egs/timit/s5/mfcc/raw_mfcc_train.7.ark:71439
MJEB1_SX27 /home/sky/kaldi/egs/timit/s5/mfcc/raw_mfcc_train.6.ark:891637
MDMT0_SX122 /home/sky/kaldi/egs/timit/s5/mfcc/raw_mfcc_train.5.ark:507060
MTJG0_SX170 /home/sky/kaldi/egs/timit/s5/mfcc/raw_mfcc_train.10.ark:355979
FSKP0_SI468 /home/sky/kaldi/egs/timit/s5/mfcc/raw_mfcc_train.3.ark:930209
FPMY0_SX343 /home/sky/kaldi/egs/timit/s5/mfcc/raw_mfcc_train.3.ark:347343
MRAM0_SX15 /home/sky/kaldi/egs/timit/s5/mfcc/raw_mfcc_train.8.ark:1046402
FLKM0_SX260 /home/sky/kaldi/egs/timit/s5/mfcc/raw_mfcc_train.2.ark:1052332
MRJM1_SX398 /home/sky/kaldi/egs/timit/s5/mfcc/raw_mfcc_train.9.ark:215418
FBMJ0_SX246 /home/sky/kaldi/egs/timit/s5/mfcc/raw_mfcc_train.1.ark:392940
MSMC0_SI1907 /home/sky/kaldi/egs/timit/s5/mfcc/raw_mfcc_train.9.ark:1340013
MRWS0_SX22 /home/sky/kaldi/egs/timit/s5/mfcc/raw_mfcc_train.9.ark:898961
FMJB0_SI1177 /home/sky/kaldi/egs/timit/s5/mfcc/raw_mfcc_train.2.ark:1328016
MHRM0_SI2218 /home/sky/kaldi/egs/timit/s5/mfcc/raw_mfcc_train.6.ark:444906
MDLM0_SX64 /home/sky/kaldi/egs/timit/s5/mfcc/raw_mfcc_train.5.ark:387908
MPEB0_SX60 /home/sky/kaldi/egs/timit/s5/mfcc/raw_mfcc_train.8.ark:545679
MRTC0_SX378 /home/sky/kaldi/egs/timit/s5/mfcc/raw_mfcc_train.9.ark:776781
MGRL0_SX237 /home/sky/kaldi/egs/timit/s5/mfcc/raw_mfcc_train.6.ark:134273
FSCN0_SI705 /home/sky/kaldi/egs/timit/s5/mfcc/raw_mfcc_train.3.ark:595200
MBMA1_SX234 /home/sky/kaldi/egs/timit/s5/mfcc/raw_mfcc_train.4.ark:522062
MRML0_SX251 /home/sky/kaldi/egs/timit/s5/mfcc/raw_mfcc_train.9.ark:557133
MPEB0_SX240 /home/sky/kaldi/egs/timit/s5/mfcc/raw_mfcc_train.8.ark:533530
MDPK0_SI1683 /home/sky/kaldi/egs/timit/s5/mfcc/raw_mfcc_train.5.ark:598542
FJKL0_SX212 /home/sky/kaldi/egs/timit/s5/mfcc/raw_mfcc_train.2.ark:144116
FKLH0_SI627 /home/sky/kaldi/egs/timit/s5/mfcc/raw_mfcc_train.2.ark:712927
MMWB0_SX269 /home/sky/kaldi/egs/timit/s5/mfcc/raw_mfcc_train.8.ark:320701
MEWM0_SI1978 /home/sky/kaldi/egs/timit/s5/mfcc/raw_mfcc_train.5.ark:1154534
MTAT0_SX300 /home/sky/kaldi/egs/timit/s5/mfcc/raw_mfcc_train.10.ark:132884
MLSH0_SI787 /home/sky/kaldi/egs/timit/s5/mfcc/raw_mfcc_train.7.ark:1049727
FAPB0_SX253 /home/sky/kaldi/egs/timit/s5/mfcc/raw_mfcc_train.1.ark:152587
MBWP0_SI1531 /home/sky/kaldi/egs/timit/s5/mfcc/raw_mfcc_train.4.ark:656841
MDTB0_SI1200 /home/sky/kaldi/egs/timit/s5/mfcc/raw_mfcc_train.5.ark:777561
MARW0_SX106 /home/sky/kaldi/egs/timit/s5/mfcc/raw_mfcc_train.4.ark:267878
MCHL0_SI1977 /home/sky/kaldi/egs/timit/s5/mfcc/raw_mfcc_train.4.ark:943103
MRBC0_SI1859 /home/sky/kaldi/egs/timit/s5/mfcc/raw_mfcc_train.8.ark:1093739
MJLB0_SX176 /home/sky/kaldi/egs/timit/s5/mfcc/raw_mfcc_train.6.ark:1176213
FSJG0_SI940 /home/sky/kaldi/egs/timit/s5/mfcc/raw_mfcc_train.3.ark:725767
MMDG0_SI1780 /home/sky/kaldi/egs/timit/s5/mfcc/raw_mfcc_train.7.ark:1345547
FSJS0_SI541 /home/sky/kaldi/egs/timit/s5/mfcc/raw_mfcc_train.3.ark:797277
MTRC0_SX273 /home/sky/kaldi/egs/timit/s5/mfcc/raw_mfcc_train.10.ark:901982
FLAC0_SI1339 /home/sky/kaldi/egs/timit/s5/mfcc/raw_mfcc_train.2.ark:768172
FSJS0_SX361 /home/sky/kaldi/egs/timit/s5/mfcc/raw_mfcc_train.3.ark:811442
MJLS0_SX376 /home/sky/kaldi/egs/timit/s5/mfcc/raw_mfcc_train.6.ark:1253614
MHXL0_SX422 /home/sky/kaldi/egs/timit/s5/mfcc/raw_mfcc_train.6.ark:497673
MSEM1_SI2070 /home/sky/kaldi/egs/timit/s5/mfcc/raw_mfcc_train.9.ark:1162727
FJKL0_SI2192 /home/sky/kaldi/egs/timit/s5/mfcc/raw_mfcc_train.2.ark:130718
MDPK0_SX243 /home/sky/kaldi/egs/timit/s5/mfcc/raw_mfcc_train.5.ark:607377
MBMA0_SI592 /home/sky/kaldi/egs/timit/s5/mfcc/raw_mfcc_train.4.ark:483719
MTCS0_SX82 /home/sky/kaldi/egs/timit/s5/mfcc/raw_mfcc_train.10.ark:237205
MSFH0_SX46 /home/sky/kaldi/egs/timit/s5/mfcc/raw_mfcc_train.9.ark:1265089
MMDS0_SX173 /home/sky/kaldi/egs/timit/s5/mfcc/raw_mfcc_train.7.ark:1455811
MHIT0_SX443 /home/sky/kaldi/egs/timit/s5/mfcc/raw_mfcc_train.6.ark:346042
FMJB0_SX7 /home/sky/kaldi/egs/timit/s5/mfcc/raw_mfcc_train.2.ark:1353745
FSDC0_SX322 /home/sky/kaldi/egs/timit/s5/mfcc/raw_mfcc_train.3.ark:645407
MZMB0_SX176 /home/sky/kaldi/egs/timit/s5/mfcc/raw_mfcc_train.10.ark:1494216
FLOD0_SI657 /home/sky/kaldi/egs/timit/s5/mfcc/raw_mfcc_train.2.ark:1173070
MDPS0_SX269 /home/sky/kaldi/egs/timit/s5/mfcc/raw_mfcc_train.5.ark:637451
MMAR0_SI1966 /home/sky/kaldi/egs/timit/s5/mfcc/raw_mfcc_train.7.ark:1213143
MMAR0_SX166 /home/sky/kaldi/egs/timit/s5/mfcc/raw_mfcc_train.7.ark:1222712
MDJM0_SX15 /home/sky/kaldi/egs/timit/s5/mfcc/raw_mfcc_train.5.ark:148183
FALK0_SX6 /home/sky/kaldi/egs/timit/s5/mfcc/raw_mfcc_train.1.ark:94090
MDEM0_SI608 /home/sky/kaldi/egs/timit/s5/mfcc/raw_mfcc_train.5.ark:33228
MAKR0_SI1352 /home/sky/kaldi/egs/timit/s5/mfcc/raw_mfcc_train.4.ark:172239
MDBB1_SX376 /home/sky/kaldi/egs/timit/s5/mfcc/raw_mfcc_train.4.ark:1305590
MTJS0_SX382 /home/sky/kaldi/egs/timit/s5/mfcc/raw_mfcc_train.10.ark:443129
MCDC0_SX212 /home/sky/kaldi/egs/timit/s5/mfcc/raw_mfcc_train.4.ark:778667
MJEB1_SI837 /home/sky/kaldi/egs/timit/s5/mfcc/raw_mfcc_train.6.ark:878565
FKKH0_SX120 /home/sky/kaldi/egs/timit/s5/mfcc/raw_mfcc_train.2.ark:618980
MKDD0_SX307 /home/sky/kaldi/egs/timit/s5/mfcc/raw_mfcc_train.7.ark:538025
MHBS0_SI945 /home/sky/kaldi/egs/timit/s5/mfcc/raw_mfcc_train.6.ark:299066
MARC0_SX288 /home/sky/kaldi/egs/timit/s5/mfcc/raw_mfcc_train.4.ark:250551
FJRB0_SX312 /home/sky/kaldi/egs/timit/s5/mfcc/raw_mfcc_train.2.ark:242081
MPFU0_SX178 /home/sky/kaldi/egs/timit/s5/mfcc/raw_mfcc_train.8.ark:561894
MBWP0_SX349 /home/sky/kaldi/egs/timit/s5/mfcc/raw_mfcc_train.4.ark:675792
FSKC0_SI1416 /home/sky/kaldi/egs/timit/s5/mfcc/raw_mfcc_train.3.ark:858983
FCAJ0_SX39 /home/sky/kaldi/egs/timit/s5/mfcc/raw_mfcc_train.1.ark:461448
MPGH0_SI675 /home/sky/kaldi/egs/timit/s5/mfcc/raw_mfcc_train.8.ark:589002
FVFB0_SI1032 /home/sky/kaldi/egs/timit/s5/mfcc/raw_mfcc_train.3.ark:1342879
FCJF0_SX307 /home/sky/kaldi/egs/timit/s5/mfcc/raw_mfcc_train.1.ark:554407
MMEA0_SX398 /home/sky/kaldi/egs/timit/s5/mfcc/raw_mfcc_train.7.ark:1496468
MRBC0_SI599 /home/sky/kaldi/egs/timit/s5/mfcc/raw_mfcc_train.8.ark:1097321
MTLB0_SX324 /home/sky/kaldi/egs/timit/s5/mfcc/raw_mfcc_train.10.ark:567715
MCEW0_SI2072 /home/sky/kaldi/egs/timit/s5/mfcc/raw_mfcc_train.4.ark:894457
MGES0_SX311 /home/sky/kaldi/egs/timit/s5/mfcc/raw_mfcc_train.6.ark:69451
MCLK0_SX130 /home/sky/kaldi/egs/timit/s5/mfcc/raw_mfcc_train.4.ark:979047
MSEM1_SX180 /home/sky/kaldi/egs/timit/s5/mfcc/raw_mfcc_train.9.ark:1178991
MKDB0_SX242 /home/sky/kaldi/egs/timit/s5/mfcc/raw_mfcc_train.7.ark:498818
FCRZ0_SX253 /home/sky/kaldi/egs/timit/s5/mfcc/raw_mfcc_train.1.ark:735573
MPGR0_SX330 /home/sky/kaldi/egs/timit/s5/mfcc/raw_mfcc_train.8.ark:628646
MRLK0_SX123 /home/sky/kaldi/egs/timit/s5/mfcc/raw_mfcc_train.9.ark:395782
FSAK0_SX310 /home/sky/kaldi/egs/timit/s5/mfcc/raw_mfcc_train.3.ark:539623
MMGG0_SI1079 /home/sky/kaldi/egs/timit/s5/mfcc/raw_mfcc_train.8.ark:40207
MDPB0_SI1760 /home/sky/kaldi/egs/timit/s5/mfcc/raw_mfcc_train.5.ark:559646
FECD0_SX428 /home/sky/kaldi/egs/timit/s5/mfcc/raw_mfcc_train.1.ark:1217065
MMGG0_SX449 /home/sky/kaldi/egs/timit/s5/mfcc/raw_mfcc_train.8.ark:63690
MJMD0_SX398 /home/sky/kaldi/egs/timit/s5/mfcc/raw_mfcc_train.6.ark:1312333
MTPG0_SX213 /home/sky/kaldi/egs/timit/s5/mfcc/raw_mfcc_train.10.ark:759372
MVLO0_SI1777 /home/sky/kaldi/egs/timit/s5/mfcc/raw_mfcc_train.10.ark:1074105
MMAG0_SI1126 /home/sky/kaldi/egs/timit/s5/mfcc/raw_mfcc_train.7.ark:1143652
MJLS0_SI1096 /home/sky/kaldi/egs/timit/s5/mfcc/raw_mfcc_train.6.ark:1223899
FJEN0_SX147 /home/sky/kaldi/egs/timit/s5/mfcc/raw_mfcc_train.2.ark:72247
FMJF0_SX84 /home/sky/kaldi/egs/timit/s5/mfcc/raw_mfcc_train.2.ark:1390078
FJKL0_SX302 /home/sky/kaldi/egs/timit/s5/mfcc/raw_mfcc_train.2.ark:148790
MBTH0_SX122 /home/sky/kaldi/egs/timit/s5/mfcc/raw_mfcc_train.4.ark:635642
FJLR0_SX61 /home/sky/kaldi/egs/timit/s5/mfcc/raw_mfcc_train.2.ark:219833
MCXM0_SX91 /home/sky/kaldi/egs/timit/s5/mfcc/raw_mfcc_train.4.ark:1212640
FDKN0_SI1202 /home/sky/kaldi/egs/timit/s5/mfcc/raw_mfcc_train.1.ark:914854
MRPC1_SX312 /home/sky/kaldi/egs/timit/s5/mfcc/raw_mfcc_train.9.ark:622711
MRMH0_SX301 /home/sky/kaldi/egs/timit/s5/mfcc/raw_mfcc_train.9.ark:526988
FMBG0_SX80 /home/sky/kaldi/egs/timit/s5/mfcc/raw_mfcc_train.2.ark:1288677
MTPP0_SX428 /home/sky/kaldi/egs/timit/s5/mfcc/raw_mfcc_train.10.ark:795115
MKDT0_SX173 /home/sky/kaldi/egs/timit/s5/mfcc/raw_mfcc_train.7.ark:561350
MJLB0_SX356 /home/sky/kaldi/egs/timit/s5/mfcc/raw_mfcc_train.6.ark:1184079
FLKM0_SX116 /home/sky/kaldi/egs/timit/s5/mfcc/raw_mfcc_train.2.ark:1048932
MABC0_SX61 /home/sky/kaldi/egs/timit/s5/mfcc/raw_mfcc_train.3.ark:1459346
MKDB0_SX332 /home/sky/kaldi/egs/timit/s5/mfcc/raw_mfcc_train.7.ark:503037
FDNC0_SI1908 /home/sky/kaldi/egs/timit/s5/mfcc/raw_mfcc_train.1.ark:1027307
MPMB0_SX331 /home/sky/kaldi/egs/timit/s5/mfcc/raw_mfcc_train.8.ark:708256
MSAT0_SI896 /home/sky/kaldi/egs/timit/s5/mfcc/raw_mfcc_train.9.ark:1012868
MMLM0_SX87 /home/sky/kaldi/egs/timit/s5/mfcc/raw_mfcc_train.8.ark:155738
MTJM0_SX146 /home/sky/kaldi/egs/timit/s5/mfcc/raw_mfcc_train.10.ark:393398
MGSL0_SX354 /home/sky/kaldi/egs/timit/s5/mfcc/raw_mfcc_train.6.ark:242946
MHMR0_SI1119 /home/sky/kaldi/egs/timit/s5/mfcc/raw_mfcc_train.6.ark:408974
FKDW0_SX37 /home/sky/kaldi/egs/timit/s5/mfcc/raw_mfcc_train.2.ark:556811
MBEF0_SI1911 /home/sky/kaldi/egs/timit/s5/mfcc/raw_mfcc_train.4.ark:388615
MCLK0_SX310 /home/sky/kaldi/egs/timit/s5/mfcc/raw_mfcc_train.4.ark:987017
FBCG1_SX442 /home/sky/kaldi/egs/timit/s5/mfcc/raw_mfcc_train.1.ark:230807
MEWM0_SX268 /home/sky/kaldi/egs/timit/s5/mfcc/raw_mfcc_train.5.ark:1165371
FPMY0_SI1153 /home/sky/kaldi/egs/timit/s5/mfcc/raw_mfcc_train.3.ark:319012
MDEF0_SX303 /home/sky/kaldi/egs/timit/s5/mfcc/raw_mfcc_train.5.ark:20538
MMPM0_SX71 /home/sky/kaldi/egs/timit/s5/mfcc/raw_mfcc_train.8.ark:188309
MBGT0_SI1341 /home/sky/kaldi/egs/timit/s5/mfcc/raw_mfcc_train.4.ark:410660
MPRK0_SX377 /home/sky/kaldi/egs/timit/s5/mfcc/raw_mfcc_train.8.ark:869424
MSMR0_SX235 /home/sky/kaldi/egs/timit/s5/mfcc/raw_mfcc_train.9.ark:1390785
MGJC0_SX255 /home/sky/kaldi/egs/timit/s5/mfcc/raw_mfcc_train.6.ark:100117
MSES0_SX239 /home/sky/kaldi/egs/timit/s5/mfcc/raw_mfcc_train.9.ark:1215677
FLOD0_SI1287 /home/sky/kaldi/egs/timit/s5/mfcc/raw_mfcc_train.2.ark:1164735
FJLG0_SI2306 /home/sky/kaldi/egs/timit/s5/mfcc/raw_mfcc_train.2.ark:168223
FHLM0_SI2190 /home/sky/kaldi/egs/timit/s5/mfcc/raw_mfcc_train.1.ark:1509889
MJRP0_SX45 /home/sky/kaldi/egs/timit/s5/mfcc/raw_mfcc_train.7.ark:137203
FPAF0_SX64 /home/sky/kaldi/egs/timit/s5/mfcc/raw_mfcc_train.3.ark:219307
FDAW0_SX326 /home/sky/kaldi/egs/timit/s5/mfcc/raw_mfcc_train.1.ark:840727
MDWH0_SX35 /home/sky/kaldi/egs/timit/s5/mfcc/raw_mfcc_train.5.ark:864662
FLHD0_SX264 /home/sky/kaldi/egs/timit/s5/mfcc/raw_mfcc_train.2.ark:914265
MDCD0_SI1415 /home/sky/kaldi/egs/timit/s5/mfcc/raw_mfcc_train.4.ark:1344187
MSVS0_SX218 /home/sky/kaldi/egs/timit/s5/mfcc/raw_mfcc_train.10.ark:24306
FEAR0_SX262 /home/sky/kaldi/egs/timit/s5/mfcc/raw_mfcc_train.1.ark:1169102
FSPM0_SI1241 /home/sky/kaldi/egs/timit/s5/mfcc/raw_mfcc_train.3.ark:1085752
MMWB0_SI989 /home/sky/kaldi/egs/timit/s5/mfcc/raw_mfcc_train.8.ark:310989
MRLD0_SI2224 /home/sky/kaldi/egs/timit/s5/mfcc/raw_mfcc_train.9.ark:298746
MRDM0_SX245 /home/sky/kaldi/egs/timit/s5/mfcc/raw_mfcc_train.8.ark:1238159
FDFB0_SX148 /home/sky/kaldi/egs/timit/s5/mfcc/raw_mfcc_train.1.ark:862234
MMCC0_SI1968 /home/sky/kaldi/egs/timit/s5/mfcc/raw_mfcc_train.7.ark:1290997
MJEB0_SI1916 /home/sky/kaldi/egs/timit/s5/mfcc/raw_mfcc_train.6.ark:840554
MMLM0_SI897 /home/sky/kaldi/egs/timit/s5/mfcc/raw_mfcc_train.8.ark:138934
MWSH0_SX346 /home/sky/kaldi/egs/timit/s5/mfcc/raw_mfcc_train.10.ark:1468433
FBCG1_SI2242 /home/sky/kaldi/egs/timit/s5/mfcc/raw_mfcc_train.1.ark:209179
FSBK0_SX169 /home/sky/kaldi/egs/timit/s5/mfcc/raw_mfcc_train.3.ark:561871
MEAL0_SX107 /home/sky/kaldi/egs/timit/s5/mfcc/raw_mfcc_train.5.ark:915014
MMXS0_SX156 /home/sky/kaldi/egs/timit/s5/mfcc/raw_mfcc_train.8.ark:409510
MESJ0_SX187 /home/sky/kaldi/egs/timit/s5/mfcc/raw_mfcc_train.5.ark:1137112
MJWG0_SX355 /home/sky/kaldi/egs/timit/s5/mfcc/raw_mfcc_train.7.ark:208530
MJEB1_SX207 /home/sky/kaldi/egs/timit/s5/mfcc/raw_mfcc_train.6.ark:888511
FCDR1_SI1816 /home/sky/kaldi/egs/timit/s5/mfcc/raw_mfcc_train.1.ark:475758
FCMG0_SX162 /home/sky/kaldi/egs/timit/s5/mfcc/raw_mfcc_train.1.ark:667488
MHXL0_SI512 /home/sky/kaldi/egs/timit/s5/mfcc/raw_mfcc_train.6.ark:477163
MSAT1_SX173 /home/sky/kaldi/egs/timit/s5/mfcc/raw_mfcc_train.9.ark:1043418
FSDC0_SX232 /home/sky/kaldi/egs/timit/s5/mfcc/raw_mfcc_train.3.ark:641266
FLJA0_SI1708 /home/sky/kaldi/egs/timit/s5/mfcc/raw_mfcc_train.2.ark:937337
MTAT1_SX329 /home/sky/kaldi/egs/timit/s5/mfcc/raw_mfcc_train.10.ark:162900
FMMH0_SX420 /home/sky/kaldi/egs/timit/s5/mfcc/raw_mfcc_train.2.ark:1517406
FDAW0_SI1406 /home/sky/kaldi/egs/timit/s5/mfcc/raw_mfcc_train.1.ark:824071
FDMY0_SI567 /home/sky/kaldi/egs/timit/s5/mfcc/raw_mfcc_train.1.ark:980801
FGDP0_SX358 /home/sky/kaldi/egs/timit/s5/mfcc/raw_mfcc_train.1.ark:1417679
MGAW0_SX355 /home/sky/kaldi/egs/timit/s5/mfcc/raw_mfcc_train.6.ark:46696
MESG0_SI702 /home/sky/kaldi/egs/timit/s5/mfcc/raw_mfcc_train.5.ark:1097411
MRFK0_SI1706 /home/sky/kaldi/egs/timit/s5/mfcc/raw_mfcc_train.8.ark:1420428
MTAT0_SI811 /home/sky/kaldi/egs/timit/s5/mfcc/raw_mfcc_train.10.ark:117842
MJDC0_SI2165 /home/sky/kaldi/egs/timit/s5/mfcc/raw_mfcc_train.6.ark:699185
FLTM0_SI1700 /home/sky/kaldi/egs/timit/s5/mfcc/raw_mfcc_train.2.ark:1197106
FDJH0_SX395 /home/sky/kaldi/egs/timit/s5/mfcc/raw_mfcc_train.1.ark:906895
MHBS0_SX405 /home/sky/kaldi/egs/timit/s5/mfcc/raw_mfcc_train.6.ark:314421
MAPV0_SX213 /home/sky/kaldi/egs/timit/s5/mfcc/raw_mfcc_train.4.ark:217695
MKRG0_SI861 /home/sky/kaldi/egs/timit/s5/mfcc/raw_mfcc_train.7.ark:816355
MRLJ1_SX141 /home/sky/kaldi/egs/timit/s5/mfcc/raw_mfcc_train.9.ark:363056
FVFB0_SI2292 /home/sky/kaldi/egs/timit/s5/mfcc/raw_mfcc_train.3.ark:1352021
MDMA0_SI1238 /home/sky/kaldi/egs/timit/s5/mfcc/raw_mfcc_train.5.ark:459543
MTJM0_SI1856 /home/sky/kaldi/egs/timit/s5/mfcc/raw_mfcc_train.10.ark:383608
MTWH1_SI2142 /home/sky/kaldi/egs/timit/s5/mfcc/raw_mfcc_train.10.ark:978084
FSGF0_SI1557 /home/sky/kaldi/egs/timit/s5/mfcc/raw_mfcc_train.3.ark:684238
FMPG0_SX342 /home/sky/kaldi/egs/timit/s5/mfcc/raw_mfcc_train.3.ark:3828
MMJB1_SI1408 /home/sky/kaldi/egs/timit/s5/mfcc/raw_mfcc_train.8.ark:97587
MJJJ0_SI1793 /home/sky/kaldi/egs/timit/s5/mfcc/raw_mfcc_train.6.ark:1069337
MSFV0_SX92 /home/sky/kaldi/egs/timit/s5/mfcc/raw_mfcc_train.9.ark:1300831
FVFB0_SX312 /home/sky/kaldi/egs/timit/s5/mfcc/raw_mfcc_train.3.ark:1361155
MWAD0_SX72 /home/sky/kaldi/egs/timit/s5/mfcc/raw_mfcc_train.10.ark:1191760
MGRL0_SI2127 /home/sky/kaldi/egs/timit/s5/mfcc/raw_mfcc_train.6.ark:122084
MLBC0_SI1239 /home/sky/kaldi/egs/timit/s5/mfcc/raw_mfcc_train.7.ark:868038
FVMH0_SX26 /home/sky/kaldi/egs/timit/s5/mfcc/raw_mfcc_train.3.ark:1426762
MPAR0_SX406 /home/sky/kaldi/egs/timit/s5/mfcc/raw_mfcc_train.8.ark:513961
MRDD0_SX240 /home/sky/kaldi/egs/timit/s5/mfcc/raw_mfcc_train.8.ark:1205628
FLTM0_SX80 /home/sky/kaldi/egs/timit/s5/mfcc/raw_mfcc_train.2.ark:1225345
FCKE0_SX391 /home/sky/kaldi/egs/timit/s5/mfcc/raw_mfcc_train.1.ark:619508
MCPM0_SI1194 /home/sky/kaldi/egs/timit/s5/mfcc/raw_mfcc_train.4.ark:1025705
MCDR0_SI524 /home/sky/kaldi/egs/timit/s5/mfcc/raw_mfcc_train.4.ark:835018
MBAR0_SI1319 /home/sky/kaldi/egs/timit/s5/mfcc/raw_mfcc_train.4.ark:291872
FJLR0_SI1861 /home/sky/kaldi/egs/timit/s5/mfcc/raw_mfcc_train.2.ark:197588
FREH0_SX145 /home/sky/kaldi/egs/timit/s5/mfcc/raw_mfcc_train.3.ark:369752
FGRW0_SX342 /home/sky/kaldi/egs/timit/s5/mfcc/raw_mfcc_train.1.ark:1494377
MFWK0_SI1249 /home/sky/kaldi/egs/timit/s5/mfcc/raw_mfcc_train.5.ark:1272041
MPSW0_SI2327 /home/sky/kaldi/egs/timit/s5/mfcc/raw_mfcc_train.8.ark:909518
MHMR0_SX309 /home/sky/kaldi/egs/timit/s5/mfcc/raw_mfcc_train.6.ark:431682
MAEO0_SI1655 /home/sky/kaldi/egs/timit/s5/mfcc/raw_mfcc_train.4.ark:44460
MJPG0_SX381 /home/sky/kaldi/egs/timit/s5/mfcc/raw_mfcc_train.6.ark:1371194
MFRM0_SI1785 /home/sky/kaldi/egs/timit/s5/mfcc/raw_mfcc_train.5.ark:1249665
FPJF0_SX352 /home/sky/kaldi/egs/timit/s5/mfcc/raw_mfcc_train.3.ark:279501
FJWB1_SX345 /home/sky/kaldi/egs/timit/s5/mfcc/raw_mfcc_train.2.ark:382618
FCJS0_SI1607 /home/sky/kaldi/egs/timit/s5/mfcc/raw_mfcc_train.1.ark:562761
MKAG0_SI979 /home/sky/kaldi/egs/timit/s5/mfcc/raw_mfcc_train.7.ark:362519
MJMD0_SX128 /home/sky/kaldi/egs/timit/s5/mfcc/raw_mfcc_train.6.ark:1298487
FMJB0_SI1807 /home/sky/kaldi/egs/timit/s5/mfcc/raw_mfcc_train.2.ark:1334004
MDEF0_SX213 /home/sky/kaldi/egs/timit/s5/mfcc/raw_mfcc_train.5.ark:17034
MAKB0_SX206 /home/sky/kaldi/egs/timit/s5/mfcc/raw_mfcc_train.4.ark:158223
MEJS0_SI1870 /home/sky/kaldi/egs/timit/s5/mfcc/raw_mfcc_train.5.ark:1064925
MRGM0_SX416 /home/sky/kaldi/egs/timit/s5/mfcc/raw_mfcc_train.8.ark:1504655
FJDM2_SI1964 /home/sky/kaldi/egs/timit/s5/mfcc/raw_mfcc_train.2.ark:27961
FSCN0_SX356 /home/sky/kaldi/egs/timit/s5/mfcc/raw_mfcc_train.3.ark:613265
MTDB0_SX321 /home/sky/kaldi/egs/timit/s5/mfcc/raw_mfcc_train.10.ark:261364
MDLC2_SX174 /home/sky/kaldi/egs/timit/s5/mfcc/raw_mfcc_train.5.ark:309404
MMCC0_SX258 /home/sky/kaldi/egs/timit/s5/mfcc/raw_mfcc_train.7.ark:1300664
MWAR0_SX145 /home/sky/kaldi/egs/timit/s5/mfcc/raw_mfcc_train.10.ark:1206845
FEAC0_SX345 /home/sky/kaldi/egs/timit/s5/mfcc/raw_mfcc_train.1.ark:1142246
FSPM0_SI1871 /home/sky/kaldi/egs/timit/s5/mfcc/raw_mfcc_train.3.ark:1093014
FPAD0_SI1976 /home/sky/kaldi/egs/timit/s5/mfcc/raw_mfcc_train.3.ark:158979
FEXM0_SI1101 /home/sky/kaldi/egs/timit/s5/mfcc/raw_mfcc_train.1.ark:1326515
MRSO0_SX219 /home/sky/kaldi/egs/timit/s5/mfcc/raw_mfcc_train.9.ark:692771
MTML0_SX345 /home/sky/kaldi/egs/timit/s5/mfcc/raw_mfcc_train.10.ark:632180
FREH0_SX415 /home/sky/kaldi/egs/timit/s5/mfcc/raw_mfcc_train.3.ark:378574
MRLJ0_SX70 /home/sky/kaldi/egs/timit/s5/mfcc/raw_mfcc_train.9.ark:350090
MCTH0_SX39 /home/sky/kaldi/egs/timit/s5/mfcc/raw_mfcc_train.4.ark:1145231
MJEB0_SX386 /home/sky/kaldi/egs/timit/s5/mfcc/raw_mfcc_train.6.ark:864515
MJAC0_SI2148 /home/sky/kaldi/egs/timit/s5/mfcc/raw_mfcc_train.6.ark:540259
FBAS0_SI2066 /home/sky/kaldi/egs/timit/s5/mfcc/raw_mfcc_train.1.ark:182895
MPSW0_SX24 /home/sky/kaldi/egs/timit/s5/mfcc/raw_mfcc_train.8.ark:916239
FJHK0_SX392 /home/sky/kaldi/egs/timit/s5/mfcc/raw_mfcc_train.2.ark:125125
FJDM2_SX232 /home/sky/kaldi/egs/timit/s5/mfcc/raw_mfcc_train.2.ark:41841
MJEB0_SX170 /home/sky/kaldi/egs/timit/s5/mfcc/raw_mfcc_train.6.ark:847536
MMDB0_SX177 /home/sky/kaldi/egs/timit/s5/mfcc/raw_mfcc_train.7.ark:1329730
MTDP0_SX261 /home/sky/kaldi/egs/timit/s5/mfcc/raw_mfcc_train.10.ark:293668
MRSO0_SI1659 /home/sky/kaldi/egs/timit/s5/mfcc/raw_mfcc_train.9.ark:679554
MFER0_SX412 /home/sky/kaldi/egs/timit/s5/mfcc/raw_mfcc_train.5.ark:1200217
MGSH0_SX6 /home/sky/kaldi/egs/timit/s5/mfcc/raw_mfcc_train.6.ark:212334
FSGF0_SX297 /home/sky/kaldi/egs/timit/s5/mfcc/raw_mfcc_train.3.ark:709682
FCJS0_SI977 /home/sky/kaldi/egs/timit/s5/mfcc/raw_mfcc_train.1.ark:567365
FKLC1_SI1048 /home/sky/kaldi/egs/timit/s5/mfcc/raw_mfcc_train.2.ark:671254
MWEM0_SI1393 /home/sky/kaldi/egs/timit/s5/mfcc/raw_mfcc_train.10.ark:1288760
MVRW0_SI855 /home/sky/kaldi/egs/timit/s5/mfcc/raw_mfcc_train.10.ark:1109971
MSMS0_SI2063 /home/sky/kaldi/egs/timit/s5/mfcc/raw_mfcc_train.9.ark:1410607
FALK0_SX186 /home/sky/kaldi/egs/timit/s5/mfcc/raw_mfcc_train.1.ark:82540
FMKC0_SX82 /home/sky/kaldi/egs/timit/s5/mfcc/raw_mfcc_train.2.ark:1458820
MMBS0_SI521 /home/sky/kaldi/egs/timit/s5/mfcc/raw_mfcc_train.7.ark:1254690
FMPG0_SI972 /home/sky/kaldi/egs/timit/s5/mfcc/raw_mfcc_train.2.ark:1538149
MKDD0_SX217 /home/sky/kaldi/egs/timit/s5/mfcc/raw_mfcc_train.7.ark:535496
MHRM0_SI1475 /home/sky/kaldi/egs/timit/s5/mfcc/raw_mfcc_train.6.ark:442558
FCAJ0_SI1804 /home/sky/kaldi/egs/timit/s5/mfcc/raw_mfcc_train.1.ark:441914
MJDG0_SI1705 /home/sky/kaldi/egs/timit/s5/mfcc/raw_mfcc_train.6.ark:778203
MKRG0_SX411 /home/sky/kaldi/egs/timit/s5/mfcc/raw_mfcc_train.7.ark:830201
MBOM0_SX114 /home/sky/kaldi/egs/timit/s5/mfcc/raw_mfcc_train.4.ark:580943
MKLN0_SI2228 /home/sky/kaldi/egs/timit/s5/mfcc/raw_mfcc_train.7.ark:650999
MWEM0_SX60 /home/sky/kaldi/egs/timit/s5/mfcc/raw_mfcc_train.10.ark:1314074
MKLS0_SX177 /home/sky/kaldi/egs/timit/s5/mfcc/raw_mfcc_train.7.ark:721563
FLEH0_SX421 /home/sky/kaldi/egs/timit/s5/mfcc/raw_mfcc_train.2.ark:859460
MKAG0_SX169 /home/sky/kaldi/egs/timit/s5/mfcc/raw_mfcc_train.7.ark:368753
MFER0_SI862 /home/sky/kaldi/egs/timit/s5/mfcc/raw_mfcc_train.5.ark:1183809
MCXM0_SI1981 /home/sky/kaldi/egs/timit/s5/mfcc/raw_mfcc_train.4.ark:1187990
FVMH0_SI2096 /home/sky/kaldi/egs/timit/s5/mfcc/raw_mfcc_train.3.ark:1410641
MRTJ0_SX142 /home/sky/kaldi/egs/timit/s5/mfcc/raw_mfcc_train.9.ark:796506
FSJK1_SX395 /home/sky/kaldi/egs/timit/s5/mfcc/raw_mfcc_train.3.ark:785671
MWCH0_SX182 /home/sky/kaldi/egs/timit/s5/mfcc/raw_mfcc_train.10.ark:1234749
MSRG0_SX141 /home/sky/kaldi/egs/timit/s5/mfcc/raw_mfcc_train.9.ark:1449821
FALK0_SI658 /home/sky/kaldi/egs/timit/s5/mfcc/raw_mfcc_train.1.ark:76033
MLSH0_SX427 /home/sky/kaldi/egs/timit/s5/mfcc/raw_mfcc_train.7.ark:1066616
MTRR0_SI2178 /home/sky/kaldi/egs/timit/s5/mfcc/raw_mfcc_train.10.ark:913633
FLHD0_SI1827 /home/sky/kaldi/egs/timit/s5/mfcc/raw_mfcc_train.2.ark:902699
MNET0_SI816 /home/sky/kaldi/egs/timit/s5/mfcc/raw_mfcc_train.8.ark:436886
FEXM0_SX381 /home/sky/kaldi/egs/timit/s5/mfcc/raw_mfcc_train.1.ark:1360924
MWCH0_SI2252 /home/sky/kaldi/egs/timit/s5/mfcc/raw_mfcc_train.10.ark:1230738
MDAC0_SI631 /home/sky/kaldi/egs/timit/s5/mfcc/raw_mfcc_train.4.ark:1222764
MSFH0_SI1216 /home/sky/kaldi/egs/timit/s5/mfcc/raw_mfcc_train.9.ark:1229134
FGMB0_SX425 /home/sky/kaldi/egs/timit/s5/mfcc/raw_mfcc_train.1.ark:1463126
FJHK0_SX32 /home/sky/kaldi/egs/timit/s5/mfcc/raw_mfcc_train.2.ark:121673
MJEB1_SX297 /home/sky/kaldi/egs/timit/s5/mfcc/raw_mfcc_train.6.ark:894582
FKLC0_SI1615 /home/sky/kaldi/egs/timit/s5/mfcc/raw_mfcc_train.2.ark:637254
MRAM0_SX285 /home/sky/kaldi/egs/timit/s5/mfcc/raw_mfcc_train.8.ark:1053410
MJMM0_SI625 /home/sky/kaldi/egs/timit/s5/mfcc/raw_mfcc_train.6.ark:1324732
MTKP0_SX33 /home/sky/kaldi/egs/timit/s5/mfcc/raw_mfcc_train.10.ark:542119
MTAS0_SX395 /home/sky/kaldi/egs/timit/s5/mfcc/raw_mfcc_train.10.ark:103974
FTBR0_SX381 /home/sky/kaldi/egs/timit/s5/mfcc/raw_mfcc_train.3.ark:1241730
MARW0_SI1276 /home/sky/kaldi/egs/timit/s5/mfcc/raw_mfcc_train.4.ark:257911
MDWD0_SX450 /home/sky/kaldi/egs/timit/s5/mfcc/raw_mfcc_train.5.ark:827985
FPMY0_SI523 /home/sky/kaldi/egs/timit/s5/mfcc/raw_mfcc_train.3.ark:328582
FDAW0_SX416 /home/sky/kaldi/egs/timit/s5/mfcc/raw_mfcc_train.1.ark:844569
MMGC0_SX315 /home/sky/kaldi/egs/timit/s5/mfcc/raw_mfcc_train.8.ark:29617
MDSJ0_SX22 /home/sky/kaldi/egs/timit/s5/mfcc/raw_mfcc_train.5.ark:705255
MRCW0_SX291 /home/sky/kaldi/egs/timit/s5/mfcc/raw_mfcc_train.8.ark:1184185
FJXM0_SX131 /home/sky/kaldi/egs/timit/s5/mfcc/raw_mfcc_train.2.ark:405463
MRAM0_SI1951 /home/sky/kaldi/egs/timit/s5/mfcc/raw_mfcc_train.8.ark:1037393
FSBK0_SX259 /home/sky/kaldi/egs/timit/s5/mfcc/raw_mfcc_train.3.ark:566051
MBEF0_SI1281 /home/sky/kaldi/egs/timit/s5/mfcc/raw_mfcc_train.4.ark:384252
MRLR0_SX26 /home/sky/kaldi/egs/timit/s5/mfcc/raw_mfcc_train.9.ark:433461
FAPB0_SX343 /home/sky/kaldi/egs/timit/s5/mfcc/raw_mfcc_train.1.ark:156585
MAEB0_SI2250 /home/sky/kaldi/egs/timit/s5/mfcc/raw_mfcc_train.4.ark:13333
MSVS0_SX128 /home/sky/kaldi/egs/timit/s5/mfcc/raw_mfcc_train.10.ark:20178
MNET0_SX366 /home/sky/kaldi/egs/timit/s5/mfcc/raw_mfcc_train.8.ark:446787
FBAS0_SX397 /home/sky/kaldi/egs/timit/s5/mfcc/raw_mfcc_train.1.ark:202676
MDPB0_SI866 /home/sky/kaldi/egs/timit/s5/mfcc/raw_mfcc_train.5.ark:569918
FCEG0_SX258 /home/sky/kaldi/egs/timit/s5/mfcc/raw_mfcc_train.1.ark:522207
MTCS0_SI2265 /home/sky/kaldi/egs/timit/s5/mfcc/raw_mfcc_train.10.ark:210956
MJBG0_SI1232 /home/sky/kaldi/egs/timit/s5/mfcc/raw_mfcc_train.6.ark:634932
MMPM0_SI1691 /home/sky/kaldi/egs/timit/s5/mfcc/raw_mfcc_train.8.ark:162384
MTRC0_SI1623 /home/sky/kaldi/egs/timit/s5/mfcc/raw_mfcc_train.10.ark:882577
MRLJ0_SX340 /home/sky/kaldi/egs/timit/s5/mfcc/raw_mfcc_train.9.ark:342238
MGAK0_SX316 /home/sky/kaldi/egs/timit/s5/mfcc/raw_mfcc_train.5.ark:1447500
MDAC0_SX91 /home/sky/kaldi/egs/timit/s5/mfcc/raw_mfcc_train.4.ark:1246627
MJDA0_SX131 /home/sky/kaldi/egs/timit/s5/mfcc/raw_mfcc_train.6.ark:677211
MBMA0_SX412 /home/sky/kaldi/egs/timit/s5/mfcc/raw_mfcc_train.4.ark:498112
MJDG0_SI1042 /home/sky/kaldi/egs/timit/s5/mfcc/raw_mfcc_train.6.ark:769321
MHBS0_SI2205 /home/sky/kaldi/egs/timit/s5/mfcc/raw_mfcc_train.6.ark:295055
MTJU0_SX400 /home/sky/kaldi/egs/timit/s5/mfcc/raw_mfcc_train.10.ark:475348
FPJF0_SI1046 /home/sky/kaldi/egs/timit/s5/mfcc/raw_mfcc_train.3.ark:257279
FPAF0_SX334 /home/sky/kaldi/egs/timit/s5/mfcc/raw_mfcc_train.3.ark:211871
MJRP0_SI1845 /home/sky/kaldi/egs/timit/s5/mfcc/raw_mfcc_train.7.ark:113294
MKAJ0_SI784 /home/sky/kaldi/egs/timit/s5/mfcc/raw_mfcc_train.7.ark:429283
MAJP0_SI1074 /home/sky/kaldi/egs/timit/s5/mfcc/raw_mfcc_train.4.ark:97399
MILB0_SX183 /home/sky/kaldi/egs/timit/s5/mfcc/raw_mfcc_train.6.ark:520575
MRDS0_SI537 /home/sky/kaldi/egs/timit/s5/mfcc/raw_mfcc_train.8.ark:1259730
MRAB1_SI1478 /home/sky/kaldi/egs/timit/s5/mfcc/raw_mfcc_train.8.ark:961434
MHMG0_SX285 /home/sky/kaldi/egs/timit/s5/mfcc/raw_mfcc_train.6.ark:401679
FSDC0_SI2234 /home/sky/kaldi/egs/timit/s5/mfcc/raw_mfcc_train.3.ark:635142
FBJL0_SX112 /home/sky/kaldi/egs/timit/s5/mfcc/raw_mfcc_train.1.ark:288190
MEGJ0_SI1337 /home/sky/kaldi/egs/timit/s5/mfcc/raw_mfcc_train.5.ark:994215
MDJM0_SX375 /home/sky/kaldi/egs/timit/s5/mfcc/raw_mfcc_train.5.ark:158097
MJAI0_SX254 /home/sky/kaldi/egs/timit/s5/mfcc/raw_mfcc_train.6.ark:623048
MDHL0_SX449 /home/sky/kaldi/egs/timit/s5/mfcc/raw_mfcc_train.5.ark:93029
MAEB0_SX90 /home/sky/kaldi/egs/timit/s5/mfcc/raw_mfcc_train.4.ark:36293
MLNS0_SI777 /home/sky/kaldi/egs/timit/s5/mfcc/raw_mfcc_train.7.ark:1018730
MJKR0_SX121 /home/sky/kaldi/egs/timit/s5/mfcc/raw_mfcc_train.6.ark:1145424
MARC0_SI1188 /home/sky/kaldi/egs/timit/s5/mfcc/raw_mfcc_train.4.ark:231841
FALK0_SI1086 /home/sky/kaldi/egs/timit/s5/mfcc/raw_mfcc_train.1.ark:68375
MDLC1_SI1435 /home/sky/kaldi/egs/timit/s5/mfcc/raw_mfcc_train.5.ark:268283
MTER0_SI1787 /home/sky/kaldi/egs/timit/s5/mfcc/raw_mfcc_train.10.ark:318560
FSAG0_SX423 /home/sky/kaldi/egs/timit/s5/mfcc/raw_mfcc_train.3.ark:474529
MDEM0_SX248 /home/sky/kaldi/egs/timit/s5/mfcc/raw_mfcc_train.5.ark:49603
FCJF0_SX127 /home/sky/kaldi/egs/timit/s5/mfcc/raw_mfcc_train.1.ark:549934
MRCW0_SI2001 /home/sky/kaldi/egs/timit/s5/mfcc/raw_mfcc_train.8.ark:1165314
FDNC0_SX288 /home/sky/kaldi/egs/timit/s5/mfcc/raw_mfcc_train.1.ark:1047609
MJLB0_SX266 /home/sky/kaldi/egs/timit/s5/mfcc/raw_mfcc_train.6.ark:1180952
FLEH0_SI2311 /home/sky/kaldi/egs/timit/s5/mfcc/raw_mfcc_train.2.ark:844430
MJLG1_SX112 /home/sky/kaldi/egs/timit/s5/mfcc/raw_mfcc_train.6.ark:1206912
FGRW0_SX252 /home/sky/kaldi/egs/timit/s5/mfcc/raw_mfcc_train.1.ark:1490782
FKDE0_SI2221 /home/sky/kaldi/egs/timit/s5/mfcc/raw_mfcc_train.2.ark:508458
MVJH0_SX116 /home/sky/kaldi/egs/timit/s5/mfcc/raw_mfcc_train.10.ark:1053912
MTJM0_SX236 /home/sky/kaldi/egs/timit/s5/mfcc/raw_mfcc_train.10.ark:396616
MGRL0_SI1497 /home/sky/kaldi/egs/timit/s5/mfcc/raw_mfcc_train.6.ark:118865
MSMC0_SX377 /home/sky/kaldi/egs/timit/s5/mfcc/raw_mfcc_train.9.ark:1368778
MMAB1_SI1494 /home/sky/kaldi/egs/timit/s5/mfcc/raw_mfcc_train.7.ark:1109132
MTMT0_SX308 /home/sky/kaldi/egs/timit/s5/mfcc/raw_mfcc_train.10.ark:701077
MSAS0_SX386 /home/sky/kaldi/egs/timit/s5/mfcc/raw_mfcc_train.9.ark:1003004
MJRK0_SI1662 /home/sky/kaldi/egs/timit/s5/mfcc/raw_mfcc_train.7.ark:81561
FSCN0_SI1886 /home/sky/kaldi/egs/timit/s5/mfcc/raw_mfcc_train.3.ark:587438
MDSJ0_SX292 /home/sky/kaldi/egs/timit/s5/mfcc/raw_mfcc_train.5.ark:708343
MTKD0_SX17 /home/sky/kaldi/egs/timit/s5/mfcc/raw_mfcc_train.10.ark:498693
FLJD0_SX76 /home/sky/kaldi/egs/timit/s5/mfcc/raw_mfcc_train.2.ark:992777
FEAR0_SX352 /home/sky/kaldi/egs/timit/s5/mfcc/raw_mfcc_train.1.ark:1172658
FGRW0_SI1152 /home/sky/kaldi/egs/timit/s5/mfcc/raw_mfcc_train.1.ark:1470030
MJDM0_SX170 /home/sky/kaldi/egs/timit/s5/mfcc/raw_mfcc_train.6.ark:811417
FSKP0_SX18 /home/sky/kaldi/egs/timit/s5/mfcc/raw_mfcc_train.3.ark:937255
FMKC0_SI1702 /home/sky/kaldi/egs/timit/s5/mfcc/raw_mfcc_train.2.ark:1438350
FSCN0_SX176 /home/sky/kaldi/egs/timit/s5/mfcc/raw_mfcc_train.3.ark:602344
MGXP0_SI457 /home/sky/kaldi/egs/timit/s5/mfcc/raw_mfcc_train.6.ark:262422
MMAM0_SI1597 /home/sky/kaldi/egs/timit/s5/mfcc/raw_mfcc_train.7.ark:1180278
MTJS0_SI562 /home/sky/kaldi/egs/timit/s5/mfcc/raw_mfcc_train.10.ark:421372
FSKP0_SX378 /home/sky/kaldi/egs/timit/s5/mfcc/raw_mfcc_train.3.ark:947650
FPLS0_SI2220 /home/sky/kaldi/egs/timit/s5/mfcc/raw_mfcc_train.3.ark:291847
MMEB0_SX187 /home/sky/kaldi/egs/timit/s5/mfcc/raw_mfcc_train.7.ark:1511136
MCHL0_SI1404 /home/sky/kaldi/egs/timit/s5/mfcc/raw_mfcc_train.4.ark:937687
MDPB0_SI2126 /home/sky/kaldi/egs/timit/s5/mfcc/raw_mfcc_train.5.ark:565569
MBML0_SX449 /home/sky/kaldi/egs/timit/s5/mfcc/raw_mfcc_train.4.ark:562394
MTJG0_SX80 /home/sky/kaldi/egs/timit/s5/mfcc/raw_mfcc_train.10.ark:375831
MGAR0_SX42 /home/sky/kaldi/egs/timit/s5/mfcc/raw_mfcc_train.6.ark:21328
MCRE0_SX221 /home/sky/kaldi/egs/timit/s5/mfcc/raw_mfcc_train.4.ark:1071071
FJLR0_SX331 /home/sky/kaldi/egs/timit/s5/mfcc/raw_mfcc_train.2.ark:211825
MJWT0_SX31 /home/sky/kaldi/egs/timit/s5/mfcc/raw_mfcc_train.7.ark:283335
MPGH0_SX114 /home/sky/kaldi/egs/timit/s5/mfcc/raw_mfcc_train.8.ark:597700
FGDP0_SI988 /home/sky/kaldi/egs/timit/s5/mfcc/raw_mfcc_train.1.ark:1402058
FNTB0_SX33 /home/sky/kaldi/egs/timit/s5/mfcc/raw_mfcc_train.3.ark:75187
MKDT0_SI814 /home/sky/kaldi/egs/timit/s5/mfcc/raw_mfcc_train.7.ark:551521
MDED0_SI1170 /home/sky/kaldi/egs/timit/s5/mfcc/raw_mfcc_train.4.ark:1437477
FCAJ0_SX309 /home/sky/kaldi/egs/timit/s5/mfcc/raw_mfcc_train.1.ark:457191
MEFG0_SX195 /home/sky/kaldi/egs/timit/s5/mfcc/raw_mfcc_train.5.ark:983000
FKKH0_SI1290 /home/sky/kaldi/egs/timit/s5/mfcc/raw_mfcc_train.2.ark:602539
MWRP0_SX363 /home/sky/kaldi/egs/timit/s5/mfcc/raw_mfcc_train.10.ark:1407111
MSMS0_SI1433 /home/sky/kaldi/egs/timit/s5/mfcc/raw_mfcc_train.9.ark:1404918
MGJC0_SX165 /home/sky/kaldi/egs/timit/s5/mfcc/raw_mfcc_train.6.ark:95118
FAPB0_SI2323 /home/sky/kaldi/egs/timit/s5/mfcc/raw_mfcc_train.1.ark:141081
FPJF0_SX236 /home/sky/kaldi/egs/timit/s5/mfcc/raw_mfcc_train.3.ark:273143
MRML0_SI1421 /home/sky/kaldi/egs/timit/s5/mfcc/raw_mfcc_train.9.ark:535797
FKLC1_SX418 /home/sky/kaldi/egs/timit/s5/mfcc/raw_mfcc_train.2.ark:694152
MJDE0_SI1120 /home/sky/kaldi/egs/timit/s5/mfcc/raw_mfcc_train.6.ark:726066
MRXB0_SX235 /home/sky/kaldi/egs/timit/s5/mfcc/raw_mfcc_train.9.ark:928119
MMGK0_SX422 /home/sky/kaldi/egs/timit/s5/mfcc/raw_mfcc_train.8.ark:90514
MPPC0_SI2042 /home/sky/kaldi/egs/timit/s5/mfcc/raw_mfcc_train.8.ark:734740
MJLG1_SX292 /home/sky/kaldi/egs/timit/s5/mfcc/raw_mfcc_train.6.ark:1215967
MSFH0_SI1738 /home/sky/kaldi/egs/timit/s5/mfcc/raw_mfcc_train.9.ark:1233575
MRDS0_SX267 /home/sky/kaldi/egs/timit/s5/mfcc/raw_mfcc_train.8.ark:1267297
FCJS0_SX437 /home/sky/kaldi/egs/timit/s5/mfcc/raw_mfcc_train.1.ark:583916
FBCH0_SI959 /home/sky/kaldi/egs/timit/s5/mfcc/raw_mfcc_train.1.ark:247995
MDHS0_SX270 /home/sky/kaldi/egs/timit/s5/mfcc/raw_mfcc_train.5.ark:117408
FDMY0_SI1197 /home/sky/kaldi/egs/timit/s5/mfcc/raw_mfcc_train.1.ark:975503
MDBP0_SX168 /home/sky/kaldi/egs/timit/s5/mfcc/raw_mfcc_train.4.ark:1323313
MRAB1_SX128 /home/sky/kaldi/egs/timit/s5/mfcc/raw_mfcc_train.8.ark:974534
FSAK0_SX400 /home/sky/kaldi/egs/timit/s5/mfcc/raw_mfcc_train.3.ark:547865
MRJM0_SI1858 /home/sky/kaldi/egs/timit/s5/mfcc/raw_mfcc_train.9.ark:160025
MRAB0_SX54 /home/sky/kaldi/egs/timit/s5/mfcc/raw_mfcc_train.8.ark:957266
MMAM0_SI2227 /home/sky/kaldi/egs/timit/s5/mfcc/raw_mfcc_train.7.ark:1188211
FDNC0_SX378 /home/sky/kaldi/egs/timit/s5/mfcc/raw_mfcc_train.1.ark:1052699
FNTB0_SI679 /home/sky/kaldi/egs/timit/s5/mfcc/raw_mfcc_train.3.ark:58273
MDHS0_SI900 /home/sky/kaldi/egs/timit/s5/mfcc/raw_mfcc_train.5.ark:108086
MJAE0_SX264 /home/sky/kaldi/egs/timit/s5/mfcc/raw_mfcc_train.6.ark:584473
FVKB0_SX79 /home/sky/kaldi/egs/timit/s5/mfcc/raw_mfcc_train.3.ark:1401330
FRJB0_SI1794 /home/sky/kaldi/egs/timit/s5/mfcc/raw_mfcc_train.3.ark:390798
FMAH1_SX159 /home/sky/kaldi/egs/timit/s5/mfcc/raw_mfcc_train.2.ark:1240676
MRLJ0_SI2050 /home/sky/kaldi/egs/timit/s5/mfcc/raw_mfcc_train.9.ark:326506
MMDM1_SX153 /home/sky/kaldi/egs/timit/s5/mfcc/raw_mfcc_train.7.ark:1422019
FBLV0_SI1058 /home/sky/kaldi/egs/timit/s5/mfcc/raw_mfcc_train.1.ark:307452
MMDB0_SI1617 /home/sky/kaldi/egs/timit/s5/mfcc/raw_mfcc_train.7.ark:1321864
MMCC0_SX438 /home/sky/kaldi/egs/timit/s5/mfcc/raw_mfcc_train.7.ark:1308920
MPAR0_SI946 /home/sky/kaldi/egs/timit/s5/mfcc/raw_mfcc_train.8.ark:499867
FSGF0_SX207 /home/sky/kaldi/egs/timit/s5/mfcc/raw_mfcc_train.3.ark:703975
MFXS0_SX54 /home/sky/kaldi/egs/timit/s5/mfcc/raw_mfcc_train.5.ark:1329985
MCRE0_SI1751 /home/sky/kaldi/egs/timit/s5/mfcc/raw_mfcc_train.4.ark:1062529
FSAH0_SX164 /home/sky/kaldi/egs/timit/s5/mfcc/raw_mfcc_train.3.ark:499447
MLSH0_SI2047 /home/sky/kaldi/egs/timit/s5/mfcc/raw_mfcc_train.7.ark:1045989
MJRG0_SI1996 /home/sky/kaldi/egs/timit/s5/mfcc/raw_mfcc_train.6.ark:1476642
FDML0_SX159 /home/sky/kaldi/egs/timit/s5/mfcc/raw_mfcc_train.1.ark:958360
MDLB0_SI1306 /home/sky/kaldi/egs/timit/s5/mfcc/raw_mfcc_train.5.ark:194953
FPAB1_SX391 /home/sky/kaldi/egs/timit/s5/mfcc/raw_mfcc_train.3.ark:116266
MSDH0_SX350 /home/sky/kaldi/egs/timit/s5/mfcc/raw_mfcc_train.9.ark:1106103
MDED0_SX360 /home/sky/kaldi/egs/timit/s5/mfcc/raw_mfcc_train.4.ark:1459808
FDML0_SX429 /home/sky/kaldi/egs/timit/s5/mfcc/raw_mfcc_train.1.ark:968352
MWRP0_SI1525 /home/sky/kaldi/egs/timit/s5/mfcc/raw_mfcc_train.10.ark:1388578
FGCS0_SI1486 /home/sky/kaldi/egs/timit/s5/mfcc/raw_mfcc_train.1.ark:1364520
MRHL0_SX165 /home/sky/kaldi/egs/timit/s5/mfcc/raw_mfcc_train.9.ark:58096
FLJA0_SX448 /home/sky/kaldi/egs/timit/s5/mfcc/raw_mfcc_train.2.ark:956106
MRRE0_SX164 /home/sky/kaldi/egs/timit/s5/mfcc/raw_mfcc_train.9.ark:651847
MMCC0_SX78 /home/sky/kaldi/egs/timit/s5/mfcc/raw_mfcc_train.7.ark:1314113
FLJA0_SX88 /home/sky/kaldi/egs/timit/s5/mfcc/raw_mfcc_train.2.ark:959908
MJDC0_SX351 /home/sky/kaldi/egs/timit/s5/mfcc/raw_mfcc_train.6.ark:716204
MCDC0_SX392 /home/sky/kaldi/egs/timit/s5/mfcc/raw_mfcc_train.4.ark:790348
FSKL0_SX359 /home/sky/kaldi/egs/timit/s5/mfcc/raw_mfcc_train.3.ark:908515
MMCC0_SX348 /home/sky/kaldi/egs/timit/s5/mfcc/raw_mfcc_train.7.ark:1304402
FLAG0_SX204 /home/sky/kaldi/egs/timit/s5/mfcc/raw_mfcc_train.2.ark:818308
MTRR0_SI1548 /home/sky/kaldi/egs/timit/s5/mfcc/raw_mfcc_train.10.ark:910453
MREE0_SX114 /home/sky/kaldi/egs/timit/s5/mfcc/raw_mfcc_train.8.ark:1297690
MWDK0_SI806 /home/sky/kaldi/egs/timit/s5/mfcc/raw_mfcc_train.10.ark:1260890
FSSB0_SX452 /home/sky/kaldi/egs/timit/s5/mfcc/raw_mfcc_train.3.ark:1178379
MDPB0_SX56 /home/sky/kaldi/egs/timit/s5/mfcc/raw_mfcc_train.5.ark:590154
FPAB1_SI841 /home/sky/kaldi/egs/timit/s5/mfcc/raw_mfcc_train.3.ark:92975
MDLC0_SX315 /home/sky/kaldi/egs/timit/s5/mfcc/raw_mfcc_train.5.ark:256679
MMWB0_SX179 /home/sky/kaldi/egs/timit/s5/mfcc/raw_mfcc_train.8.ark:315546
MRJB1_SI1413 /home/sky/kaldi/egs/timit/s5/mfcc/raw_mfcc_train.9.ark:81448
MDHL0_SI2069 /home/sky/kaldi/egs/timit/s5/mfcc/raw_mfcc_train.5.ark:73637
FLAG0_SI1464 /home/sky/kaldi/egs/timit/s5/mfcc/raw_mfcc_train.2.ark:798389
FLKM0_SX80 /home/sky/kaldi/egs/timit/s5/mfcc/raw_mfcc_train.2.ark:1068797
MHBS0_SI1575 /home/sky/kaldi/egs/timit/s5/mfcc/raw_mfcc_train.6.ark:291550
FGDP0_SI1618 /home/sky/kaldi/egs/timit/s5/mfcc/raw_mfcc_train.1.ark:1394464
MDCD0_SX245 /home/sky/kaldi/egs/timit/s5/mfcc/raw_mfcc_train.4.ark:1361116
FSJK1_SI2285 /home/sky/kaldi/egs/timit/s5/mfcc/raw_mfcc_train.3.ark:764713
MTML0_SI1695 /home/sky/kaldi/egs/timit/s5/mfcc/raw_mfcc_train.10.ark:614978
FSGF0_SX27 /home/sky/kaldi/egs/timit/s5/mfcc/raw_mfcc_train.3.ark:706893
FNKL0_SI1522 /home/sky/kaldi/egs/timit/s5/mfcc/raw_mfcc_train.3.ark:19657
MJPG0_SI1821 /home/sky/kaldi/egs/timit/s5/mfcc/raw_mfcc_train.6.ark:1349560
FSLS0_SI2316 /home/sky/kaldi/egs/timit/s5/mfcc/raw_mfcc_train.3.ark:959985
MRCW0_SX381 /home/sky/kaldi/egs/timit/s5/mfcc/raw_mfcc_train.8.ark:1187416
MCHL0_SX267 /home/sky/kaldi/egs/timit/s5/mfcc/raw_mfcc_train.4.ark:948317
MGAG0_SX421 /home/sky/kaldi/egs/timit/s5/mfcc/raw_mfcc_train.5.ark:1416834
MCAE0_SX277 /home/sky/kaldi/egs/timit/s5/mfcc/raw_mfcc_train.4.ark:713698
MMDM0_SI1941 /home/sky/kaldi/egs/timit/s5/mfcc/raw_mfcc_train.7.ark:1387537
MKDD0_SX397 /home/sky/kaldi/egs/timit/s5/mfcc/raw_mfcc_train.7.ark:544031
MGSL0_SX84 /home/sky/kaldi/egs/timit/s5/mfcc/raw_mfcc_train.6.ark:251695
FLMC0_SX112 /home/sky/kaldi/egs/timit/s5/mfcc/raw_mfcc_train.2.ark:1112278
MBGT0_SX261 /home/sky/kaldi/egs/timit/s5/mfcc/raw_mfcc_train.4.ark:429526
MTMN0_SX74 /home/sky/kaldi/egs/timit/s5/mfcc/raw_mfcc_train.10.ark:676957
MTPR0_SI2230 /home/sky/kaldi/egs/timit/s5/mfcc/raw_mfcc_train.10.ark:807071
FDML0_SX69 /home/sky/kaldi/egs/timit/s5/mfcc/raw_mfcc_train.1.ark:972050
MKLW0_SX221 /home/sky/kaldi/egs/timit/s5/mfcc/raw_mfcc_train.7.ark:787426
MSAT1_SI2333 /home/sky/kaldi/egs/timit/s5/mfcc/raw_mfcc_train.9.ark:1039875
MJMD0_SX308 /home/sky/kaldi/egs/timit/s5/mfcc/raw_mfcc_train.6.ark:1305040
FMAH1_SX429 /home/sky/kaldi/egs/timit/s5/mfcc/raw_mfcc_train.2.ark:1251799
MKJO0_SI1517 /home/sky/kaldi/egs/timit/s5/mfcc/raw_mfcc_train.7.ark:617303
MJFR0_SI1605 /home/sky/kaldi/egs/timit/s5/mfcc/raw_mfcc_train.6.ark:960712
MWSB0_SX96 /home/sky/kaldi/egs/timit/s5/mfcc/raw_mfcc_train.10.ark:1439867
FLET0_SI1137 /home/sky/kaldi/egs/timit/s5/mfcc/raw_mfcc_train.2.ark:868106
FMKF0_SI906 /home/sky/kaldi/egs/timit/s5/mfcc/raw_mfcc_train.2.ark:1472922
MJWS0_SX333 /home/sky/kaldi/egs/timit/s5/mfcc/raw_mfcc_train.7.ark:239189
MJXA0_SX337 /home/sky/kaldi/egs/timit/s5/mfcc/raw_mfcc_train.7.ark:309607
MTMN0_SX254 /home/sky/kaldi/egs/timit/s5/mfcc/raw_mfcc_train.10.ark:667473
MDLB0_SX316 /home/sky/kaldi/egs/timit/s5/mfcc/raw_mfcc_train.5.ark:220105
