MJPM1_SX131 /home/sky/kaldi/egs/timit/s5/mfcc/raw_mfcc_train.6.ark:1417782
MRMB0_SI951 /home/sky/kaldi/egs/timit/s5/mfcc/raw_mfcc_train.9.ark:450255
MSAS0_SI2006 /home/sky/kaldi/egs/timit/s5/mfcc/raw_mfcc_train.9.ark:976573
FSKC0_SI2046 /home/sky/kaldi/egs/timit/s5/mfcc/raw_mfcc_train.3.ark:862527
MARC0_SI1188 /home/sky/kaldi/egs/timit/s5/mfcc/raw_mfcc_train.4.ark:231841
FTMG0_SX452 /home/sky/kaldi/egs/timit/s5/mfcc/raw_mfcc_train.3.ark:1334831
MMGC0_SI2184 /home/sky/kaldi/egs/timit/s5/mfcc/raw_mfcc_train.8.ark:20366
MBWP0_SX439 /home/sky/kaldi/egs/timit/s5/mfcc/raw_mfcc_train.4.ark:681493
MEFG0_SX15 /home/sky/kaldi/egs/timit/s5/mfcc/raw_mfcc_train.5.ark:979210
MAEO0_SI1956 /home/sky/kaldi/egs/timit/s5/mfcc/raw_mfcc_train.4.ark:48160
MTLB0_SX324 /home/sky/kaldi/egs/timit/s5/mfcc/raw_mfcc_train.10.ark:567715
MSJK0_SX66 /home/sky/kaldi/egs/timit/s5/mfcc/raw_mfcc_train.9.ark:1336547
MAPV0_SX33 /home/sky/kaldi/egs/timit/s5/mfcc/raw_mfcc_train.4.ark:225027
FLMK0_SX315 /home/sky/kaldi/egs/timit/s5/mfcc/raw_mfcc_train.2.ark:1153599
MHJB0_SX297 /home/sky/kaldi/egs/timit/s5/mfcc/raw_mfcc_train.6.ark:373490
FBLV0_SI1688 /home/sky/kaldi/egs/timit/s5/mfcc/raw_mfcc_train.1.ark:311854
FJHK0_SX392 /home/sky/kaldi/egs/timit/s5/mfcc/raw_mfcc_train.2.ark:125125
MSTF0_SX46 /home/sky/kaldi/egs/timit/s5/mfcc/raw_mfcc_train.10.ark:11
MMBS0_SI1781 /home/sky/kaldi/egs/timit/s5/mfcc/raw_mfcc_train.7.ark:1251940
MHMG0_SI735 /home/sky/kaldi/egs/timit/s5/mfcc/raw_mfcc_train.6.ark:386585
MGAK0_SX406 /home/sky/kaldi/egs/timit/s5/mfcc/raw_mfcc_train.5.ark:1451329
FCKE0_SX121 /home/sky/kaldi/egs/timit/s5/mfcc/raw_mfcc_train.1.ark:606832
FVFB0_SX132 /home/sky/kaldi/egs/timit/s5/mfcc/raw_mfcc_train.3.ark:1354407
FMKC0_SX262 /home/sky/kaldi/egs/timit/s5/mfcc/raw_mfcc_train.2.ark:1445618
MJMM0_SX85 /home/sky/kaldi/egs/timit/s5/mfcc/raw_mfcc_train.6.ark:1343226
MWGR0_SI976 /home/sky/kaldi/egs/timit/s5/mfcc/raw_mfcc_train.10.ark:1325511
MTAT0_SI1740 /home/sky/kaldi/egs/timit/s5/mfcc/raw_mfcc_train.10.ark:113649
MDHL0_SX269 /home/sky/kaldi/egs/timit/s5/mfcc/raw_mfcc_train.5.ark:85371
MCTM0_SX450 /home/sky/kaldi/egs/timit/s5/mfcc/raw_mfcc_train.4.ark:1177334
MWRE0_SX157 /home/sky/kaldi/egs/timit/s5/mfcc/raw_mfcc_train.10.ark:1361612
FPAZ0_SI2223 /home/sky/kaldi/egs/timit/s5/mfcc/raw_mfcc_train.3.ark:225745
MRDD0_SX330 /home/sky/kaldi/egs/timit/s5/mfcc/raw_mfcc_train.8.ark:1212402
MSRR0_SX141 /home/sky/kaldi/egs/timit/s5/mfcc/raw_mfcc_train.9.ark:1482378
MGSL0_SX84 /home/sky/kaldi/egs/timit/s5/mfcc/raw_mfcc_train.6.ark:251695
MJLB0_SI1616 /home/sky/kaldi/egs/timit/s5/mfcc/raw_mfcc_train.6.ark:1164361
MSEM1_SI810 /home/sky/kaldi/egs/timit/s5/mfcc/raw_mfcc_train.9.ark:1169949
MTKP0_SX123 /home/sky/kaldi/egs/timit/s5/mfcc/raw_mfcc_train.10.ark:531452
MHMG0_SI1995 /home/sky/kaldi/egs/timit/s5/mfcc/raw_mfcc_train.6.ark:383003
FSAH0_SX434 /home/sky/kaldi/egs/timit/s5/mfcc/raw_mfcc_train.3.ark:512754
FMKC0_SX442 /home/sky/kaldi/egs/timit/s5/mfcc/raw_mfcc_train.2.ark:1454602
MGAG0_SX61 /home/sky/kaldi/egs/timit/s5/mfcc/raw_mfcc_train.5.ark:1419921
MREE0_SI1734 /home/sky/kaldi/egs/timit/s5/mfcc/raw_mfcc_train.8.ark:1287769
FCKE0_SX391 /home/sky/kaldi/egs/timit/s5/mfcc/raw_mfcc_train.1.ark:619508
MSAT1_SX83 /home/sky/kaldi/egs/timit/s5/mfcc/raw_mfcc_train.9.ark:1059422
MFMC0_SI1132 /home/sky/kaldi/egs/timit/s5/mfcc/raw_mfcc_train.5.ark:1206731
MBOM0_SX384 /home/sky/kaldi/egs/timit/s5/mfcc/raw_mfcc_train.4.ark:595414
MDEM0_SX248 /home/sky/kaldi/egs/timit/s5/mfcc/raw_mfcc_train.5.ark:49603
MEDR0_SI744 /home/sky/kaldi/egs/timit/s5/mfcc/raw_mfcc_train.5.ark:940181
MDLR0_SX153 /home/sky/kaldi/egs/timit/s5/mfcc/raw_mfcc_train.5.ark:402394
FALK0_SX366 /home/sky/kaldi/egs/timit/s5/mfcc/raw_mfcc_train.1.ark:89353
FLMA0_SX163 /home/sky/kaldi/egs/timit/s5/mfcc/raw_mfcc_train.2.ark:1083686
FJWB1_SX255 /home/sky/kaldi/egs/timit/s5/mfcc/raw_mfcc_train.2.ark:379673
MTDB0_SX141 /home/sky/kaldi/egs/timit/s5/mfcc/raw_mfcc_train.10.ark:255188
FETB0_SX158 /home/sky/kaldi/egs/timit/s5/mfcc/raw_mfcc_train.1.ark:1307526
FKLC1_SI1678 /home/sky/kaldi/egs/timit/s5/mfcc/raw_mfcc_train.2.ark:677346
MJSR0_SI1424 /home/sky/kaldi/egs/timit/s5/mfcc/raw_mfcc_train.7.ark:140643
MMSM0_SI476 /home/sky/kaldi/egs/timit/s5/mfcc/raw_mfcc_train.8.ark:235734
MKDB0_SI2132 /home/sky/kaldi/egs/timit/s5/mfcc/raw_mfcc_train.7.ark:483411
MJJB0_SI1277 /home/sky/kaldi/egs/timit/s5/mfcc/raw_mfcc_train.6.ark:1033763
FSDC0_SI1312 /home/sky/kaldi/egs/timit/s5/mfcc/raw_mfcc_train.3.ark:626156
FSDJ0_SX215 /home/sky/kaldi/egs/timit/s5/mfcc/raw_mfcc_train.3.ark:670833
FPMY0_SI523 /home/sky/kaldi/egs/timit/s5/mfcc/raw_mfcc_train.3.ark:328582
MKLW0_SX221 /home/sky/kaldi/egs/timit/s5/mfcc/raw_mfcc_train.7.ark:787426
MDCM0_SX40 /home/sky/kaldi/egs/timit/s5/mfcc/raw_mfcc_train.4.ark:1400797
MDPS0_SX269 /home/sky/kaldi/egs/timit/s5/mfcc/raw_mfcc_train.5.ark:637451
FLMK0_SI1229 /home/sky/kaldi/egs/timit/s5/mfcc/raw_mfcc_train.2.ark:1136735
MTER0_SX77 /home/sky/kaldi/egs/timit/s5/mfcc/raw_mfcc_train.10.ark:342663
MEWM0_SX448 /home/sky/kaldi/egs/timit/s5/mfcc/raw_mfcc_train.5.ark:1172457
FEXM0_SX111 /home/sky/kaldi/egs/timit/s5/mfcc/raw_mfcc_train.1.ark:1341058
MBAR0_SX59 /home/sky/kaldi/egs/timit/s5/mfcc/raw_mfcc_train.4.ark:320976
FSBK0_SI1069 /home/sky/kaldi/egs/timit/s5/mfcc/raw_mfcc_train.3.ark:551552
MTMN0_SX254 /home/sky/kaldi/egs/timit/s5/mfcc/raw_mfcc_train.10.ark:667473
MRGS0_SI726 /home/sky/kaldi/egs/timit/s5/mfcc/raw_mfcc_train.9.ark:19086
FCLT0_SX448 /home/sky/kaldi/egs/timit/s5/mfcc/raw_mfcc_train.1.ark:645715
FLMK0_SI1035 /home/sky/kaldi/egs/timit/s5/mfcc/raw_mfcc_train.2.ark:1132827
MNTW0_SI1698 /home/sky/kaldi/egs/timit/s5/mfcc/raw_mfcc_train.8.ark:464871
MRFK0_SX176 /home/sky/kaldi/egs/timit/s5/mfcc/raw_mfcc_train.8.ark:1425370
MRTC0_SX288 /home/sky/kaldi/egs/timit/s5/mfcc/raw_mfcc_train.9.ark:772172
MWSH0_SI1426 /home/sky/kaldi/egs/timit/s5/mfcc/raw_mfcc_train.10.ark:1443229
FJSP0_SI1763 /home/sky/kaldi/egs/timit/s5/mfcc/raw_mfcc_train.2.ark:337177
MTLC0_SX37 /home/sky/kaldi/egs/timit/s5/mfcc/raw_mfcc_train.10.ark:604061
MGAR0_SI1842 /home/sky/kaldi/egs/timit/s5/mfcc/raw_mfcc_train.6.ark:13
MCTH0_SX399 /home/sky/kaldi/egs/timit/s5/mfcc/raw_mfcc_train.4.ark:1149255
MDPK0_SX63 /home/sky/kaldi/egs/timit/s5/mfcc/raw_mfcc_train.5.ark:619825
MFRM0_SX75 /home/sky/kaldi/egs/timit/s5/mfcc/raw_mfcc_train.5.ark:1268874
MKRG0_SX51 /home/sky/kaldi/egs/timit/s5/mfcc/raw_mfcc_train.7.ark:833639
MREE0_SX204 /home/sky/kaldi/egs/timit/s5/mfcc/raw_mfcc_train.8.ark:1301259
FLEH0_SX421 /home/sky/kaldi/egs/timit/s5/mfcc/raw_mfcc_train.2.ark:859460
MGAK0_SX46 /home/sky/kaldi/egs/timit/s5/mfcc/raw_mfcc_train.5.ark:1456639
FSMM0_SI684 /home/sky/kaldi/egs/timit/s5/mfcc/raw_mfcc_train.3.ark:1025788
FMKF0_SI1018 /home/sky/kaldi/egs/timit/s5/mfcc/raw_mfcc_train.2.ark:1462637
FMJB0_SI547 /home/sky/kaldi/egs/timit/s5/mfcc/raw_mfcc_train.2.ark:1339055
MTLB0_SI1764 /home/sky/kaldi/egs/timit/s5/mfcc/raw_mfcc_train.10.ark:554661
FJLG0_SI1889 /home/sky/kaldi/egs/timit/s5/mfcc/raw_mfcc_train.2.ark:161975
FSKC0_SX156 /home/sky/kaldi/egs/timit/s5/mfcc/raw_mfcc_train.3.ark:869340
FBJL0_SX202 /home/sky/kaldi/egs/timit/s5/mfcc/raw_mfcc_train.1.ark:292266
FLMK0_SX135 /home/sky/kaldi/egs/timit/s5/mfcc/raw_mfcc_train.2.ark:1145746
MSFV0_SI1262 /home/sky/kaldi/egs/timit/s5/mfcc/raw_mfcc_train.9.ark:1268906
FSBK0_SX439 /home/sky/kaldi/egs/timit/s5/mfcc/raw_mfcc_train.3.ark:577245
FDAW0_SX236 /home/sky/kaldi/egs/timit/s5/mfcc/raw_mfcc_train.1.ark:837353
MJRG0_SI736 /home/sky/kaldi/egs/timit/s5/mfcc/raw_mfcc_train.6.ark:1478599
MCXM0_SI721 /home/sky/kaldi/egs/timit/s5/mfcc/raw_mfcc_train.4.ark:1193210
MDAS0_SI1266 /home/sky/kaldi/egs/timit/s5/mfcc/raw_mfcc_train.4.ark:1249742
MNTW0_SX168 /home/sky/kaldi/egs/timit/s5/mfcc/raw_mfcc_train.8.ark:473908
FSSB0_SI1712 /home/sky/kaldi/egs/timit/s5/mfcc/raw_mfcc_train.3.ark:1157517
FPJF0_SI1046 /home/sky/kaldi/egs/timit/s5/mfcc/raw_mfcc_train.3.ark:257279
MVLO0_SX427 /home/sky/kaldi/egs/timit/s5/mfcc/raw_mfcc_train.10.ark:1094901
MPMB0_SI2131 /home/sky/kaldi/egs/timit/s5/mfcc/raw_mfcc_train.8.ark:682475
MREW1_SX150 /home/sky/kaldi/egs/timit/s5/mfcc/raw_mfcc_train.8.ark:1394034
MMJB1_SX418 /home/sky/kaldi/egs/timit/s5/mfcc/raw_mfcc_train.8.ark:122187
MLNS0_SX57 /home/sky/kaldi/egs/timit/s5/mfcc/raw_mfcc_train.7.ark:1037185
MRLJ1_SI1671 /home/sky/kaldi/egs/timit/s5/mfcc/raw_mfcc_train.9.ark:351749
FSBK0_SX79 /home/sky/kaldi/egs/timit/s5/mfcc/raw_mfcc_train.3.ark:582256
MRLJ0_SX340 /home/sky/kaldi/egs/timit/s5/mfcc/raw_mfcc_train.9.ark:342238
MRML0_SX161 /home/sky/kaldi/egs/timit/s5/mfcc/raw_mfcc_train.9.ark:550938
MJRP0_SI1845 /home/sky/kaldi/egs/timit/s5/mfcc/raw_mfcc_train.7.ark:113294
MBWP0_SX259 /home/sky/kaldi/egs/timit/s5/mfcc/raw_mfcc_train.4.ark:670858
MJPM1_SX401 /home/sky/kaldi/egs/timit/s5/mfcc/raw_mfcc_train.6.ark:1431219
MSMR0_SX145 /home/sky/kaldi/egs/timit/s5/mfcc/raw_mfcc_train.9.ark:1386904
MTKD0_SI1817 /home/sky/kaldi/egs/timit/s5/mfcc/raw_mfcc_train.10.ark:482865
MCEW0_SX92 /home/sky/kaldi/egs/timit/s5/mfcc/raw_mfcc_train.4.ark:926517
MLEL0_SX256 /home/sky/kaldi/egs/timit/s5/mfcc/raw_mfcc_train.7.ark:918733
FRLL0_SI805 /home/sky/kaldi/egs/timit/s5/mfcc/raw_mfcc_train.3.ark:418147
MDPB0_SX236 /home/sky/kaldi/egs/timit/s5/mfcc/raw_mfcc_train.5.ark:579513
FPAB1_SI2101 /home/sky/kaldi/egs/timit/s5/mfcc/raw_mfcc_train.3.ark:86546
FBCH0_SI1586 /home/sky/kaldi/egs/timit/s5/mfcc/raw_mfcc_train.1.ark:239050
MPRB0_SI1205 /home/sky/kaldi/egs/timit/s5/mfcc/raw_mfcc_train.8.ark:760594
MDEM0_SI608 /home/sky/kaldi/egs/timit/s5/mfcc/raw_mfcc_train.5.ark:33228
MDRD0_SX32 /home/sky/kaldi/egs/timit/s5/mfcc/raw_mfcc_train.5.ark:680746
MGSL0_SX264 /home/sky/kaldi/egs/timit/s5/mfcc/raw_mfcc_train.6.ark:239117
FCJS0_SI977 /home/sky/kaldi/egs/timit/s5/mfcc/raw_mfcc_train.1.ark:567365
FSKP0_SX198 /home/sky/kaldi/egs/timit/s5/mfcc/raw_mfcc_train.3.ark:940512
FTLG0_SI1743 /home/sky/kaldi/egs/timit/s5/mfcc/raw_mfcc_train.3.ark:1277103
MTLB0_SX414 /home/sky/kaldi/egs/timit/s5/mfcc/raw_mfcc_train.10.ark:573325
MLNS0_SX147 /home/sky/kaldi/egs/timit/s5/mfcc/raw_mfcc_train.7.ark:1022221
MJJB0_SX419 /home/sky/kaldi/egs/timit/s5/mfcc/raw_mfcc_train.6.ark:1054560
MJAC0_SI1331 /home/sky/kaldi/egs/timit/s5/mfcc/raw_mfcc_train.6.ark:536026
MVLO0_SI517 /home/sky/kaldi/egs/timit/s5/mfcc/raw_mfcc_train.10.ark:1077180
MDCD0_SI785 /home/sky/kaldi/egs/timit/s5/mfcc/raw_mfcc_train.4.ark:1351014
FPLS0_SI2220 /home/sky/kaldi/egs/timit/s5/mfcc/raw_mfcc_train.3.ark:291847
MTDB0_SI2031 /home/sky/kaldi/egs/timit/s5/mfcc/raw_mfcc_train.10.ark:246672
MMDG0_SX70 /home/sky/kaldi/egs/timit/s5/mfcc/raw_mfcc_train.7.ark:1378915
MDWD0_SX270 /home/sky/kaldi/egs/timit/s5/mfcc/raw_mfcc_train.5.ark:821380
MJPM0_SX18 /home/sky/kaldi/egs/timit/s5/mfcc/raw_mfcc_train.6.ark:1391887
MRMH0_SX31 /home/sky/kaldi/egs/timit/s5/mfcc/raw_mfcc_train.9.ark:530803
MRMS0_SX390 /home/sky/kaldi/egs/timit/s5/mfcc/raw_mfcc_train.9.ark:602867
MRLJ0_SX70 /home/sky/kaldi/egs/timit/s5/mfcc/raw_mfcc_train.9.ark:350090
MTJG0_SX440 /home/sky/kaldi/egs/timit/s5/mfcc/raw_mfcc_train.10.ark:370755
FSJS0_SX451 /home/sky/kaldi/egs/timit/s5/mfcc/raw_mfcc_train.3.ark:814959
FSSB0_SI1082 /home/sky/kaldi/egs/timit/s5/mfcc/raw_mfcc_train.3.ark:1152595
MCAL0_SX418 /home/sky/kaldi/egs/timit/s5/mfcc/raw_mfcc_train.4.ark:753755
FSAH0_SX344 /home/sky/kaldi/egs/timit/s5/mfcc/raw_mfcc_train.3.ark:509978
MRMG0_SX90 /home/sky/kaldi/egs/timit/s5/mfcc/raw_mfcc_train.9.ark:502724
MDLR1_SI669 /home/sky/kaldi/egs/timit/s5/mfcc/raw_mfcc_train.5.ark:433046
MPPC0_SX242 /home/sky/kaldi/egs/timit/s5/mfcc/raw_mfcc_train.8.ark:744433
FCJF0_SI648 /home/sky/kaldi/egs/timit/s5/mfcc/raw_mfcc_train.1.ark:545117
MAEO0_SX156 /home/sky/kaldi/egs/timit/s5/mfcc/raw_mfcc_train.4.ark:51456
MJRP0_SI585 /home/sky/kaldi/egs/timit/s5/mfcc/raw_mfcc_train.7.ark:118878
MJAC0_SX71 /home/sky/kaldi/egs/timit/s5/mfcc/raw_mfcc_train.6.ark:565286
MSMC0_SI647 /home/sky/kaldi/egs/timit/s5/mfcc/raw_mfcc_train.9.ark:1348828
FJXM0_SX311 /home/sky/kaldi/egs/timit/s5/mfcc/raw_mfcc_train.2.ark:412978
MLEL0_SX76 /home/sky/kaldi/egs/timit/s5/mfcc/raw_mfcc_train.7.ark:931779
MMGG0_SX359 /home/sky/kaldi/egs/timit/s5/mfcc/raw_mfcc_train.8.ark:59172
MJXL0_SX452 /home/sky/kaldi/egs/timit/s5/mfcc/raw_mfcc_train.7.ark:344823
MMDB0_SX267 /home/sky/kaldi/egs/timit/s5/mfcc/raw_mfcc_train.7.ark:1331947
MKJO0_SX77 /home/sky/kaldi/egs/timit/s5/mfcc/raw_mfcc_train.7.ark:643274
FETB0_SI1148 /home/sky/kaldi/egs/timit/s5/mfcc/raw_mfcc_train.1.ark:1294738
MEFG0_SI598 /home/sky/kaldi/egs/timit/s5/mfcc/raw_mfcc_train.5.ark:969837
FMAH1_SX159 /home/sky/kaldi/egs/timit/s5/mfcc/raw_mfcc_train.2.ark:1240676
MSFH0_SI586 /home/sky/kaldi/egs/timit/s5/mfcc/raw_mfcc_train.9.ark:1241213
MDLC1_SI2065 /home/sky/kaldi/egs/timit/s5/mfcc/raw_mfcc_train.5.ark:274518
MFER0_SX412 /home/sky/kaldi/egs/timit/s5/mfcc/raw_mfcc_train.5.ark:1200217
MGXP0_SX97 /home/sky/kaldi/egs/timit/s5/mfcc/raw_mfcc_train.6.ark:287837
FCAG0_SX63 /home/sky/kaldi/egs/timit/s5/mfcc/raw_mfcc_train.1.ark:436542
FCKE0_SI1741 /home/sky/kaldi/egs/timit/s5/mfcc/raw_mfcc_train.1.ark:594650
FJXP0_SX42 /home/sky/kaldi/egs/timit/s5/mfcc/raw_mfcc_train.2.ark:457703
MMDM1_SX333 /home/sky/kaldi/egs/timit/s5/mfcc/raw_mfcc_train.7.ark:1432121
MRVG0_SI1140 /home/sky/kaldi/egs/timit/s5/mfcc/raw_mfcc_train.9.ark:822047
MJHI0_SX158 /home/sky/kaldi/egs/timit/s5/mfcc/raw_mfcc_train.6.ark:1010307
MWSB0_SX186 /home/sky/kaldi/egs/timit/s5/mfcc/raw_mfcc_train.10.ark:1427128
MJLB0_SX266 /home/sky/kaldi/egs/timit/s5/mfcc/raw_mfcc_train.6.ark:1180952
FLMA0_SI613 /home/sky/kaldi/egs/timit/s5/mfcc/raw_mfcc_train.2.ark:1079194
MTKP0_SI2283 /home/sky/kaldi/egs/timit/s5/mfcc/raw_mfcc_train.10.ark:518698
MEAL0_SI2177 /home/sky/kaldi/egs/timit/s5/mfcc/raw_mfcc_train.5.ark:908773
FJEN0_SI1677 /home/sky/kaldi/egs/timit/s5/mfcc/raw_mfcc_train.2.ark:63223
MTJU0_SI760 /home/sky/kaldi/egs/timit/s5/mfcc/raw_mfcc_train.10.ark:456139
MABC0_SI1620 /home/sky/kaldi/egs/timit/s5/mfcc/raw_mfcc_train.3.ark:1435390
MRAV0_SI2268 /home/sky/kaldi/egs/timit/s5/mfcc/raw_mfcc_train.8.ark:1068313
MWDK0_SX176 /home/sky/kaldi/egs/timit/s5/mfcc/raw_mfcc_train.10.ark:1265187
MWGR0_SX76 /home/sky/kaldi/egs/timit/s5/mfcc/raw_mfcc_train.10.ark:1346189
FALR0_SI1325 /home/sky/kaldi/egs/timit/s5/mfcc/raw_mfcc_train.1.ark:101592
MFWK0_SX259 /home/sky/kaldi/egs/timit/s5/mfcc/raw_mfcc_train.5.ark:1285954
MMVP0_SI1284 /home/sky/kaldi/egs/timit/s5/mfcc/raw_mfcc_train.8.ark:260177
MMPM0_SX71 /home/sky/kaldi/egs/timit/s5/mfcc/raw_mfcc_train.8.ark:188309
FKFB0_SI978 /home/sky/kaldi/egs/timit/s5/mfcc/raw_mfcc_train.2.ark:573403
FLMA0_SX343 /home/sky/kaldi/egs/timit/s5/mfcc/raw_mfcc_train.2.ark:1089394
MRRE0_SX164 /home/sky/kaldi/egs/timit/s5/mfcc/raw_mfcc_train.9.ark:651847
FSJK1_SI2285 /home/sky/kaldi/egs/timit/s5/mfcc/raw_mfcc_train.3.ark:764713
MREM0_SX241 /home/sky/kaldi/egs/timit/s5/mfcc/raw_mfcc_train.8.ark:1368881
MRAI0_SX162 /home/sky/kaldi/egs/timit/s5/mfcc/raw_mfcc_train.8.ark:1009002
MTPG0_SX213 /home/sky/kaldi/egs/timit/s5/mfcc/raw_mfcc_train.10.ark:759372
MRGM0_SX172 /home/sky/kaldi/egs/timit/s5/mfcc/raw_mfcc_train.8.ark:1495268
MDBB1_SI1006 /home/sky/kaldi/egs/timit/s5/mfcc/raw_mfcc_train.4.ark:1279423
MCXM0_SI1351 /home/sky/kaldi/egs/timit/s5/mfcc/raw_mfcc_train.4.ark:1184251
FJRP1_SX82 /home/sky/kaldi/egs/timit/s5/mfcc/raw_mfcc_train.2.ark:293501
FALR0_SX425 /home/sky/kaldi/egs/timit/s5/mfcc/raw_mfcc_train.1.ark:125958
FBAS0_SX217 /home/sky/kaldi/egs/timit/s5/mfcc/raw_mfcc_train.1.ark:193725
MRJB1_SX120 /home/sky/kaldi/egs/timit/s5/mfcc/raw_mfcc_train.9.ark:94541
MDPK0_SX333 /home/sky/kaldi/egs/timit/s5/mfcc/raw_mfcc_train.5.ark:610998
MGES0_SX41 /home/sky/kaldi/egs/timit/s5/mfcc/raw_mfcc_train.6.ark:78486
MMDM1_SI2043 /home/sky/kaldi/egs/timit/s5/mfcc/raw_mfcc_train.7.ark:1415544
MSRG0_SX141 /home/sky/kaldi/egs/timit/s5/mfcc/raw_mfcc_train.9.ark:1449821
MJEE0_SX157 /home/sky/kaldi/egs/timit/s5/mfcc/raw_mfcc_train.6.ark:913599
FPAB1_SX301 /home/sky/kaldi/egs/timit/s5/mfcc/raw_mfcc_train.3.ark:108557
FEME0_SX245 /home/sky/kaldi/egs/timit/s5/mfcc/raw_mfcc_train.1.ark:1277511
MFXV0_SX15 /home/sky/kaldi/egs/timit/s5/mfcc/raw_mfcc_train.5.ark:1351641
MMGG0_SX269 /home/sky/kaldi/egs/timit/s5/mfcc/raw_mfcc_train.8.ark:56305
MDLC1_SI1435 /home/sky/kaldi/egs/timit/s5/mfcc/raw_mfcc_train.5.ark:268283
FRLL0_SX254 /home/sky/kaldi/egs/timit/s5/mfcc/raw_mfcc_train.3.ark:433274
MRMB0_SX141 /home/sky/kaldi/egs/timit/s5/mfcc/raw_mfcc_train.9.ark:455046
MJFR0_SI2235 /home/sky/kaldi/egs/timit/s5/mfcc/raw_mfcc_train.6.ark:965179
MMAG0_SX136 /home/sky/kaldi/egs/timit/s5/mfcc/raw_mfcc_train.7.ark:1157870
MKXL0_SX195 /home/sky/kaldi/egs/timit/s5/mfcc/raw_mfcc_train.7.ark:858175
FNKL0_SX82 /home/sky/kaldi/egs/timit/s5/mfcc/raw_mfcc_train.3.ark:47292
MRXB0_SI1585 /home/sky/kaldi/egs/timit/s5/mfcc/raw_mfcc_train.9.ark:909929
MMAB1_SI1494 /home/sky/kaldi/egs/timit/s5/mfcc/raw_mfcc_train.7.ark:1109132
FJRB0_SX132 /home/sky/kaldi/egs/timit/s5/mfcc/raw_mfcc_train.2.ark:234670
MABC0_SI781 /home/sky/kaldi/egs/timit/s5/mfcc/raw_mfcc_train.3.ark:1441125
MRLD0_SI964 /home/sky/kaldi/egs/timit/s5/mfcc/raw_mfcc_train.9.ark:301756
MJEB1_SI2097 /home/sky/kaldi/egs/timit/s5/mfcc/raw_mfcc_train.6.ark:873878
MJRG0_SX352 /home/sky/kaldi/egs/timit/s5/mfcc/raw_mfcc_train.7.ark:7643
MTJS0_SI1192 /home/sky/kaldi/egs/timit/s5/mfcc/raw_mfcc_train.10.ark:410528
MFWK0_SI1879 /home/sky/kaldi/egs/timit/s5/mfcc/raw_mfcc_train.5.ark:1275325
MGAW0_SX175 /home/sky/kaldi/egs/timit/s5/mfcc/raw_mfcc_train.6.ark:38271
FTAJ0_SI699 /home/sky/kaldi/egs/timit/s5/mfcc/raw_mfcc_train.3.ark:1193604
MRWA0_SI1603 /home/sky/kaldi/egs/timit/s5/mfcc/raw_mfcc_train.9.ark:850496
FAJW0_SI633 /home/sky/kaldi/egs/timit/s5/mfcc/raw_mfcc_train.1.ark:42998
MVLO0_SX157 /home/sky/kaldi/egs/timit/s5/mfcc/raw_mfcc_train.10.ark:1083024
MDPB0_SX416 /home/sky/kaldi/egs/timit/s5/mfcc/raw_mfcc_train.5.ark:586729
MTPG0_SI2013 /home/sky/kaldi/egs/timit/s5/mfcc/raw_mfcc_train.10.ark:747976
MJEB0_SI1916 /home/sky/kaldi/egs/timit/s5/mfcc/raw_mfcc_train.6.ark:840554
MDLC0_SI1395 /home/sky/kaldi/egs/timit/s5/mfcc/raw_mfcc_train.5.ark:233620
FRJB0_SX77 /home/sky/kaldi/egs/timit/s5/mfcc/raw_mfcc_train.3.ark:410943
FCKE0_SI1111 /home/sky/kaldi/egs/timit/s5/mfcc/raw_mfcc_train.1.ark:593043
MLSH0_SX427 /home/sky/kaldi/egs/timit/s5/mfcc/raw_mfcc_train.7.ark:1066616
MJDA0_SX221 /home/sky/kaldi/egs/timit/s5/mfcc/raw_mfcc_train.6.ark:679675
FMMH0_SX7 /home/sky/kaldi/egs/timit/s5/mfcc/raw_mfcc_train.2.ark:1522520
MSVS0_SX308 /home/sky/kaldi/egs/timit/s5/mfcc/raw_mfcc_train.10.ark:28980
MTAS0_SX125 /home/sky/kaldi/egs/timit/s5/mfcc/raw_mfcc_train.10.ark:92013
MPGR0_SX240 /home/sky/kaldi/egs/timit/s5/mfcc/raw_mfcc_train.8.ark:625103
FSJS0_SX91 /home/sky/kaldi/egs/timit/s5/mfcc/raw_mfcc_train.3.ark:820360
MRPC1_SX132 /home/sky/kaldi/egs/timit/s5/mfcc/raw_mfcc_train.9.ark:616015
MZMB0_SX266 /home/sky/kaldi/egs/timit/s5/mfcc/raw_mfcc_train.10.ark:1499111
FBMJ0_SI516 /home/sky/kaldi/egs/timit/s5/mfcc/raw_mfcc_train.1.ark:379841
FMKC0_SI1072 /home/sky/kaldi/egs/timit/s5/mfcc/raw_mfcc_train.2.ark:1435287
MDED0_SI1170 /home/sky/kaldi/egs/timit/s5/mfcc/raw_mfcc_train.4.ark:1437477
FKDW0_SI577 /home/sky/kaldi/egs/timit/s5/mfcc/raw_mfcc_train.2.ark:545357
MFRM0_SX345 /home/sky/kaldi/egs/timit/s5/mfcc/raw_mfcc_train.5.ark:1260606
FRLL0_SX434 /home/sky/kaldi/egs/timit/s5/mfcc/raw_mfcc_train.3.ark:439879
MCAL0_SX148 /home/sky/kaldi/egs/timit/s5/mfcc/raw_mfcc_train.4.ark:742294
MRMS0_SX210 /home/sky/kaldi/egs/timit/s5/mfcc/raw_mfcc_train.9.ark:595034
FMAH1_SX249 /home/sky/kaldi/egs/timit/s5/mfcc/raw_mfcc_train.2.ark:1245103
MJFH0_SI1737 /home/sky/kaldi/egs/timit/s5/mfcc/raw_mfcc_train.6.ark:938160
MGES0_SI2111 /home/sky/kaldi/egs/timit/s5/mfcc/raw_mfcc_train.6.ark:57151
MJHI0_SX338 /home/sky/kaldi/egs/timit/s5/mfcc/raw_mfcc_train.6.ark:1016080
FEXM0_SX381 /home/sky/kaldi/egs/timit/s5/mfcc/raw_mfcc_train.1.ark:1360924
FLTM0_SX440 /home/sky/kaldi/egs/timit/s5/mfcc/raw_mfcc_train.2.ark:1219931
MCTH0_SI579 /home/sky/kaldi/egs/timit/s5/mfcc/raw_mfcc_train.4.ark:1128447
FJLR0_SI601 /home/sky/kaldi/egs/timit/s5/mfcc/raw_mfcc_train.2.ark:199922
MMJB1_SX328 /home/sky/kaldi/egs/timit/s5/mfcc/raw_mfcc_train.8.ark:117422
MJRK0_SX250 /home/sky/kaldi/egs/timit/s5/mfcc/raw_mfcc_train.7.ark:96865
MRML0_SX341 /home/sky/kaldi/egs/timit/s5/mfcc/raw_mfcc_train.9.ark:563198
FPJF0_SX326 /home/sky/kaldi/egs/timit/s5/mfcc/raw_mfcc_train.3.ark:276426
MRGS0_SX96 /home/sky/kaldi/egs/timit/s5/mfcc/raw_mfcc_train.9.ark:43220
MJKR0_SX391 /home/sky/kaldi/egs/timit/s5/mfcc/raw_mfcc_train.6.ark:1161142
MSJK0_SI1596 /home/sky/kaldi/egs/timit/s5/mfcc/raw_mfcc_train.9.ark:1305402
FECD0_SX248 /home/sky/kaldi/egs/timit/s5/mfcc/raw_mfcc_train.1.ark:1208562
MKLR0_SX429 /home/sky/kaldi/egs/timit/s5/mfcc/raw_mfcc_train.7.ark:698984
MREH1_SX339 /home/sky/kaldi/egs/timit/s5/mfcc/raw_mfcc_train.8.ark:1338919
FDNC0_SX198 /home/sky/kaldi/egs/timit/s5/mfcc/raw_mfcc_train.1.ark:1044157
MJDM0_SX80 /home/sky/kaldi/egs/timit/s5/mfcc/raw_mfcc_train.6.ark:832920
MWAD0_SX162 /home/sky/kaldi/egs/timit/s5/mfcc/raw_mfcc_train.10.ark:1177992
FCDR1_SX196 /home/sky/kaldi/egs/timit/s5/mfcc/raw_mfcc_train.1.ark:496559
MKLS0_SX87 /home/sky/kaldi/egs/timit/s5/mfcc/raw_mfcc_train.7.ark:737853
MDNS0_SI2271 /home/sky/kaldi/egs/timit/s5/mfcc/raw_mfcc_train.5.ark:534234
MSDH0_SX260 /home/sky/kaldi/egs/timit/s5/mfcc/raw_mfcc_train.9.ark:1102105
MBGT0_SX171 /home/sky/kaldi/egs/timit/s5/mfcc/raw_mfcc_train.4.ark:423500
FDFB0_SX58 /home/sky/kaldi/egs/timit/s5/mfcc/raw_mfcc_train.1.ark:875820
MAKR0_SI1982 /home/sky/kaldi/egs/timit/s5/mfcc/raw_mfcc_train.4.ark:175159
MWAC0_SI2231 /home/sky/kaldi/egs/timit/s5/mfcc/raw_mfcc_train.10.ark:1135553
MDKS0_SX256 /home/sky/kaldi/egs/timit/s5/mfcc/raw_mfcc_train.5.ark:177440
MMAG0_SX316 /home/sky/kaldi/egs/timit/s5/mfcc/raw_mfcc_train.7.ark:1167595
FJRP1_SX262 /home/sky/kaldi/egs/timit/s5/mfcc/raw_mfcc_train.2.ark:276269
MPEB0_SX60 /home/sky/kaldi/egs/timit/s5/mfcc/raw_mfcc_train.8.ark:545679
MMDM0_SX321 /home/sky/kaldi/egs/timit/s5/mfcc/raw_mfcc_train.7.ark:1399863
FMJB0_SI1807 /home/sky/kaldi/egs/timit/s5/mfcc/raw_mfcc_train.2.ark:1334004
MJMA0_SI865 /home/sky/kaldi/egs/timit/s5/mfcc/raw_mfcc_train.6.ark:1267521
FAJW0_SX93 /home/sky/kaldi/egs/timit/s5/mfcc/raw_mfcc_train.1.ark:64116
MBOM0_SX311 /home/sky/kaldi/egs/timit/s5/mfcc/raw_mfcc_train.4.ark:590649
FJEN0_SX327 /home/sky/kaldi/egs/timit/s5/mfcc/raw_mfcc_train.2.ark:80087
MMWB0_SX179 /home/sky/kaldi/egs/timit/s5/mfcc/raw_mfcc_train.8.ark:315546
MTPP0_SX338 /home/sky/kaldi/egs/timit/s5/mfcc/raw_mfcc_train.10.ark:791104
MDMT0_SX122 /home/sky/kaldi/egs/timit/s5/mfcc/raw_mfcc_train.5.ark:507060
MDBP0_SX78 /home/sky/kaldi/egs/timit/s5/mfcc/raw_mfcc_train.4.ark:1341059
FCLT0_SI808 /home/sky/kaldi/egs/timit/s5/mfcc/raw_mfcc_train.1.ark:627747
FGRW0_SI1782 /home/sky/kaldi/egs/timit/s5/mfcc/raw_mfcc_train.1.ark:1476954
FCKE0_SI481 /home/sky/kaldi/egs/timit/s5/mfcc/raw_mfcc_train.1.ark:600572
FSAH0_SX74 /home/sky/kaldi/egs/timit/s5/mfcc/raw_mfcc_train.3.ark:516296
MFMC0_SX232 /home/sky/kaldi/egs/timit/s5/mfcc/raw_mfcc_train.5.ark:1224336
MRSP0_SI799 /home/sky/kaldi/egs/timit/s5/mfcc/raw_mfcc_train.9.ark:722350
MPRT0_SI580 /home/sky/kaldi/egs/timit/s5/mfcc/raw_mfcc_train.8.ark:881614
MCXM0_SX361 /home/sky/kaldi/egs/timit/s5/mfcc/raw_mfcc_train.4.ark:1204658
MFXS0_SX414 /home/sky/kaldi/egs/timit/s5/mfcc/raw_mfcc_train.5.ark:1325871
MFXS0_SX54 /home/sky/kaldi/egs/timit/s5/mfcc/raw_mfcc_train.5.ark:1329985
MLNS0_SX417 /home/sky/kaldi/egs/timit/s5/mfcc/raw_mfcc_train.7.ark:1032694
FCJF0_SX307 /home/sky/kaldi/egs/timit/s5/mfcc/raw_mfcc_train.1.ark:554407
MCSS0_SI750 /home/sky/kaldi/egs/timit/s5/mfcc/raw_mfcc_train.4.ark:1099283
MMPM0_SI2321 /home/sky/kaldi/egs/timit/s5/mfcc/raw_mfcc_train.8.ark:166253
FMKF0_SX6 /home/sky/kaldi/egs/timit/s5/mfcc/raw_mfcc_train.2.ark:1489016
MHIT0_SI1613 /home/sky/kaldi/egs/timit/s5/mfcc/raw_mfcc_train.6.ark:320974
MGRL0_SX417 /home/sky/kaldi/egs/timit/s5/mfcc/raw_mfcc_train.6.ark:143257
MTLB0_SX54 /home/sky/kaldi/egs/timit/s5/mfcc/raw_mfcc_train.10.ark:577166
FGCS0_SI1486 /home/sky/kaldi/egs/timit/s5/mfcc/raw_mfcc_train.1.ark:1364520
MSDB0_SI2267 /home/sky/kaldi/egs/timit/s5/mfcc/raw_mfcc_train.9.ark:1070730
MMVP0_SX384 /home/sky/kaldi/egs/timit/s5/mfcc/raw_mfcc_train.8.ark:294989
MRPC1_SI1482 /home/sky/kaldi/egs/timit/s5/mfcc/raw_mfcc_train.9.ark:606411
FLHD0_SX174 /home/sky/kaldi/egs/timit/s5/mfcc/raw_mfcc_train.2.ark:909162
MRCG0_SX438 /home/sky/kaldi/egs/timit/s5/mfcc/raw_mfcc_train.8.ark:1150485
MTMT0_SX38 /home/sky/kaldi/egs/timit/s5/mfcc/raw_mfcc_train.10.ark:704619
FTBW0_SX175 /home/sky/kaldi/egs/timit/s5/mfcc/raw_mfcc_train.3.ark:1257750
FSMA0_SX91 /home/sky/kaldi/egs/timit/s5/mfcc/raw_mfcc_train.3.ark:1014949
FSMS1_SI874 /home/sky/kaldi/egs/timit/s5/mfcc/raw_mfcc_train.3.ark:1061218
MJRP0_SX135 /home/sky/kaldi/egs/timit/s5/mfcc/raw_mfcc_train.7.ark:122824
MRXB0_SX325 /home/sky/kaldi/egs/timit/s5/mfcc/raw_mfcc_train.9.ark:931805
MRWA0_SI973 /home/sky/kaldi/egs/timit/s5/mfcc/raw_mfcc_train.9.ark:858363
MKJO0_SX257 /home/sky/kaldi/egs/timit/s5/mfcc/raw_mfcc_train.7.ark:632061
MRLJ0_SX160 /home/sky/kaldi/egs/timit/s5/mfcc/raw_mfcc_train.9.ark:334580
MJDE0_SI490 /home/sky/kaldi/egs/timit/s5/mfcc/raw_mfcc_train.6.ark:737130
MCAE0_SX367 /home/sky/kaldi/egs/timit/s5/mfcc/raw_mfcc_train.4.ark:718281
MJSR0_SI794 /home/sky/kaldi/egs/timit/s5/mfcc/raw_mfcc_train.7.ark:152267
MDHL0_SX179 /home/sky/kaldi/egs/timit/s5/mfcc/raw_mfcc_train.5.ark:81308
FKAA0_SX398 /home/sky/kaldi/egs/timit/s5/mfcc/raw_mfcc_train.2.ark:491040
MBTH0_SX122 /home/sky/kaldi/egs/timit/s5/mfcc/raw_mfcc_train.4.ark:635642
MTAT1_SI779 /home/sky/kaldi/egs/timit/s5/mfcc/raw_mfcc_train.10.ark:146317
MRFK0_SX86 /home/sky/kaldi/egs/timit/s5/mfcc/raw_mfcc_train.8.ark:1440269
FEXM0_SX366 /home/sky/kaldi/egs/timit/s5/mfcc/raw_mfcc_train.1.ark:1355015
MTPG0_SX393 /home/sky/kaldi/egs/timit/s5/mfcc/raw_mfcc_train.10.ark:769246
FSCN0_SI626 /home/sky/kaldi/egs/timit/s5/mfcc/raw_mfcc_train.3.ark:591124
MRDM0_SX65 /home/sky/kaldi/egs/timit/s5/mfcc/raw_mfcc_train.8.ark:1250048
FHLM0_SI2190 /home/sky/kaldi/egs/timit/s5/mfcc/raw_mfcc_train.1.ark:1509889
FKLC1_SX148 /home/sky/kaldi/egs/timit/s5/mfcc/raw_mfcc_train.2.ark:682366
MBMA1_SX414 /home/sky/kaldi/egs/timit/s5/mfcc/raw_mfcc_train.4.ark:531709
MJRK0_SI1662 /home/sky/kaldi/egs/timit/s5/mfcc/raw_mfcc_train.7.ark:81561
MRDD0_SX277 /home/sky/kaldi/egs/timit/s5/mfcc/raw_mfcc_train.8.ark:1209340
MTAS0_SI755 /home/sky/kaldi/egs/timit/s5/mfcc/raw_mfcc_train.10.ark:88964
MDSS0_SI2087 /home/sky/kaldi/egs/timit/s5/mfcc/raw_mfcc_train.5.ark:724870
FREH0_SX235 /home/sky/kaldi/egs/timit/s5/mfcc/raw_mfcc_train.3.ark:372762
MTMT0_SX218 /home/sky/kaldi/egs/timit/s5/mfcc/raw_mfcc_train.10.ark:697170
FKDE0_SI2221 /home/sky/kaldi/egs/timit/s5/mfcc/raw_mfcc_train.2.ark:508458
FPMY0_SX196 /home/sky/kaldi/egs/timit/s5/mfcc/raw_mfcc_train.3.ark:340660
MTRT0_SX237 /home/sky/kaldi/egs/timit/s5/mfcc/raw_mfcc_train.10.ark:960966
MCPM0_SI564 /home/sky/kaldi/egs/timit/s5/mfcc/raw_mfcc_train.4.ark:1035028
MKLR0_SX159 /home/sky/kaldi/egs/timit/s5/mfcc/raw_mfcc_train.7.ark:688030
MMDB0_SI1358 /home/sky/kaldi/egs/timit/s5/mfcc/raw_mfcc_train.7.ark:1317085
MMWS0_SI888 /home/sky/kaldi/egs/timit/s5/mfcc/raw_mfcc_train.8.ark:348186
MDBB1_SX196 /home/sky/kaldi/egs/timit/s5/mfcc/raw_mfcc_train.4.ark:1297984
FLJA0_SX448 /home/sky/kaldi/egs/timit/s5/mfcc/raw_mfcc_train.2.ark:956106
MRPC1_SX222 /home/sky/kaldi/egs/timit/s5/mfcc/raw_mfcc_train.9.ark:618986
FSMA0_SI991 /home/sky/kaldi/egs/timit/s5/mfcc/raw_mfcc_train.3.ark:990592
FAJW0_SX273 /home/sky/kaldi/egs/timit/s5/mfcc/raw_mfcc_train.1.ark:53477
MSMC0_SX197 /home/sky/kaldi/egs/timit/s5/mfcc/raw_mfcc_train.9.ark:1361016
MJJJ0_SX353 /home/sky/kaldi/egs/timit/s5/mfcc/raw_mfcc_train.6.ark:1086863
MRKM0_SI1391 /home/sky/kaldi/egs/timit/s5/mfcc/raw_mfcc_train.9.ark:259431
MJRH1_SI1558 /home/sky/kaldi/egs/timit/s5/mfcc/raw_mfcc_train.7.ark:49550
MVLO0_SI1777 /home/sky/kaldi/egs/timit/s5/mfcc/raw_mfcc_train.10.ark:1074105
MRJH0_SX79 /home/sky/kaldi/egs/timit/s5/mfcc/raw_mfcc_train.9.ark:148405
FLMA0_SX433 /home/sky/kaldi/egs/timit/s5/mfcc/raw_mfcc_train.2.ark:1092976
MTQC0_SX451 /home/sky/kaldi/egs/timit/s5/mfcc/raw_mfcc_train.10.ark:871097
FMKC0_SX172 /home/sky/kaldi/egs/timit/s5/mfcc/raw_mfcc_train.2.ark:1441048
FCYL0_SX217 /home/sky/kaldi/egs/timit/s5/mfcc/raw_mfcc_train.1.ark:767636
FSGF0_SX207 /home/sky/kaldi/egs/timit/s5/mfcc/raw_mfcc_train.3.ark:703975
MKXL0_SI1815 /home/sky/kaldi/egs/timit/s5/mfcc/raw_mfcc_train.7.ark:840168
MAEB0_SI990 /home/sky/kaldi/egs/timit/s5/mfcc/raw_mfcc_train.4.ark:16759
MMDS0_SX173 /home/sky/kaldi/egs/timit/s5/mfcc/raw_mfcc_train.7.ark:1455811
MDRD0_SX392 /home/sky/kaldi/egs/timit/s5/mfcc/raw_mfcc_train.5.ark:684796
MKLS1_SX15 /home/sky/kaldi/egs/timit/s5/mfcc/raw_mfcc_train.7.ark:758260
MTPF0_SX245 /home/sky/kaldi/egs/timit/s5/mfcc/raw_mfcc_train.10.ark:728414
MMCC0_SI1968 /home/sky/kaldi/egs/timit/s5/mfcc/raw_mfcc_train.7.ark:1290997
MAEO0_SX336 /home/sky/kaldi/egs/timit/s5/mfcc/raw_mfcc_train.4.ark:57853
FVKB0_SX79 /home/sky/kaldi/egs/timit/s5/mfcc/raw_mfcc_train.3.ark:1401330
FSPM0_SI611 /home/sky/kaldi/egs/timit/s5/mfcc/raw_mfcc_train.3.ark:1096349
MFMC0_SX52 /home/sky/kaldi/egs/timit/s5/mfcc/raw_mfcc_train.5.ark:1236732
MJKR0_SX31 /home/sky/kaldi/egs/timit/s5/mfcc/raw_mfcc_train.6.ark:1158171
FKSR0_SI487 /home/sky/kaldi/egs/timit/s5/mfcc/raw_mfcc_train.2.ark:743898
MPSW0_SI1067 /home/sky/kaldi/egs/timit/s5/mfcc/raw_mfcc_train.8.ark:903067
MSTF0_SX316 /home/sky/kaldi/egs/timit/s5/mfcc/raw_mfcc_train.9.ark:1522123
MCEW0_SX182 /home/sky/kaldi/egs/timit/s5/mfcc/raw_mfcc_train.4.ark:906977
FGDP0_SX448 /home/sky/kaldi/egs/timit/s5/mfcc/raw_mfcc_train.1.ark:1421989
MMGG0_SI2339 /home/sky/kaldi/egs/timit/s5/mfcc/raw_mfcc_train.8.ark:49141
MDNS0_SX381 /home/sky/kaldi/egs/timit/s5/mfcc/raw_mfcc_train.5.ark:556583
MGSL0_SX174 /home/sky/kaldi/egs/timit/s5/mfcc/raw_mfcc_train.6.ark:234066
MMEB0_SX367 /home/sky/kaldi/egs/timit/s5/mfcc/raw_mfcc_train.8.ark:12
MDLB0_SX46 /home/sky/kaldi/egs/timit/s5/mfcc/raw_mfcc_train.5.ark:230219
FKAA0_SI578 /home/sky/kaldi/egs/timit/s5/mfcc/raw_mfcc_train.2.ark:468685
MPGH0_SI1554 /home/sky/kaldi/egs/timit/s5/mfcc/raw_mfcc_train.8.ark:583847
FGRW0_SI1152 /home/sky/kaldi/egs/timit/s5/mfcc/raw_mfcc_train.1.ark:1470030
MADD0_SX268 /home/sky/kaldi/egs/timit/s5/mfcc/raw_mfcc_train.3.ark:1513429
MTAS0_SX395 /home/sky/kaldi/egs/timit/s5/mfcc/raw_mfcc_train.10.ark:103974
FTLG0_SX123 /home/sky/kaldi/egs/timit/s5/mfcc/raw_mfcc_train.3.ark:1293231
MSDS0_SI1707 /home/sky/kaldi/egs/timit/s5/mfcc/raw_mfcc_train.9.ark:1126841
MCAL0_SX238 /home/sky/kaldi/egs/timit/s5/mfcc/raw_mfcc_train.4.ark:745785
FPAD0_SI716 /home/sky/kaldi/egs/timit/s5/mfcc/raw_mfcc_train.3.ark:162379
FMBG0_SX260 /home/sky/kaldi/egs/timit/s5/mfcc/raw_mfcc_train.2.ark:1272155
MWSH0_SI2266 /home/sky/kaldi/egs/timit/s5/mfcc/raw_mfcc_train.10.ark:1449568
MESJ0_SX97 /home/sky/kaldi/egs/timit/s5/mfcc/raw_mfcc_train.5.ark:1148629
MGAR0_SX312 /home/sky/kaldi/egs/timit/s5/mfcc/raw_mfcc_train.6.ark:11877
MSTF0_SI852 /home/sky/kaldi/egs/timit/s5/mfcc/raw_mfcc_train.9.ark:1507061
FDNC0_SI1278 /home/sky/kaldi/egs/timit/s5/mfcc/raw_mfcc_train.1.ark:1020396
MMLM0_SX357 /home/sky/kaldi/egs/timit/s5/mfcc/raw_mfcc_train.8.ark:148822
MESJ0_SI2039 /home/sky/kaldi/egs/timit/s5/mfcc/raw_mfcc_train.5.ark:1123063
FLJG0_SI2241 /home/sky/kaldi/egs/timit/s5/mfcc/raw_mfcc_train.2.ark:1001399
MDLC1_SX85 /home/sky/kaldi/egs/timit/s5/mfcc/raw_mfcc_train.5.ark:297050
MJDG0_SI1672 /home/sky/kaldi/egs/timit/s5/mfcc/raw_mfcc_train.6.ark:773047
FMBG0_SI2264 /home/sky/kaldi/egs/timit/s5/mfcc/raw_mfcc_train.2.ark:1269366
MDPB0_SI866 /home/sky/kaldi/egs/timit/s5/mfcc/raw_mfcc_train.5.ark:569918
FJSK0_SX242 /home/sky/kaldi/egs/timit/s5/mfcc/raw_mfcc_train.2.ark:314521
MRLR0_SI1196 /home/sky/kaldi/egs/timit/s5/mfcc/raw_mfcc_train.9.ark:412418
MHMR0_SX219 /home/sky/kaldi/egs/timit/s5/mfcc/raw_mfcc_train.6.ark:426774
MRKM0_SX97 /home/sky/kaldi/egs/timit/s5/mfcc/raw_mfcc_train.9.ark:290748
FSJG0_SI940 /home/sky/kaldi/egs/timit/s5/mfcc/raw_mfcc_train.3.ark:725767
MTBC0_SX183 /home/sky/kaldi/egs/timit/s5/mfcc/raw_mfcc_train.10.ark:189086
FALR0_SI695 /home/sky/kaldi/egs/timit/s5/mfcc/raw_mfcc_train.1.ark:109381
FLMA0_SI1243 /home/sky/kaldi/egs/timit/s5/mfcc/raw_mfcc_train.2.ark:1071977
MSES0_SX59 /home/sky/kaldi/egs/timit/s5/mfcc/raw_mfcc_train.9.ark:1226747
MJDM0_SX350 /home/sky/kaldi/egs/timit/s5/mfcc/raw_mfcc_train.6.ark:822182
MPRK0_SI1727 /home/sky/kaldi/egs/timit/s5/mfcc/raw_mfcc_train.8.ark:842837
MJPM1_SX221 /home/sky/kaldi/egs/timit/s5/mfcc/raw_mfcc_train.6.ark:1420766
MMDM1_SI783 /home/sky/kaldi/egs/timit/s5/mfcc/raw_mfcc_train.7.ark:1418502
FSJG0_SX130 /home/sky/kaldi/egs/timit/s5/mfcc/raw_mfcc_train.3.ark:732794
MILB0_SX3 /home/sky/kaldi/egs/timit/s5/mfcc/raw_mfcc_train.6.ark:527204
MDWH0_SI1168 /home/sky/kaldi/egs/timit/s5/mfcc/raw_mfcc_train.5.ark:835149
MCLM0_SX16 /home/sky/kaldi/egs/timit/s5/mfcc/raw_mfcc_train.4.ark:1013027
FLTM0_SX80 /home/sky/kaldi/egs/timit/s5/mfcc/raw_mfcc_train.2.ark:1225345
FDJH0_SX305 /home/sky/kaldi/egs/timit/s5/mfcc/raw_mfcc_train.1.ark:900018
MTPR0_SX70 /home/sky/kaldi/egs/timit/s5/mfcc/raw_mfcc_train.10.ark:836908
FGMB0_SI1775 /home/sky/kaldi/egs/timit/s5/mfcc/raw_mfcc_train.1.ark:1438963
MRAI0_SI1954 /home/sky/kaldi/egs/timit/s5/mfcc/raw_mfcc_train.8.ark:994537
MRWS0_SX202 /home/sky/kaldi/egs/timit/s5/mfcc/raw_mfcc_train.9.ark:897018
MSFV0_SI1892 /home/sky/kaldi/egs/timit/s5/mfcc/raw_mfcc_train.9.ark:1271995
MJPM0_SI1998 /home/sky/kaldi/egs/timit/s5/mfcc/raw_mfcc_train.6.ark:1379842
MRCW0_SI2001 /home/sky/kaldi/egs/timit/s5/mfcc/raw_mfcc_train.8.ark:1165314
MMWB0_SX359 /home/sky/kaldi/egs/timit/s5/mfcc/raw_mfcc_train.8.ark:324803
FKLH0_SX267 /home/sky/kaldi/egs/timit/s5/mfcc/raw_mfcc_train.2.ark:719324
MRJM1_SI668 /home/sky/kaldi/egs/timit/s5/mfcc/raw_mfcc_train.9.ark:195897
FAEM0_SI1392 /home/sky/kaldi/egs/timit/s5/mfcc/raw_mfcc_train.1.ark:13
FVFB0_SX222 /home/sky/kaldi/egs/timit/s5/mfcc/raw_mfcc_train.3.ark:1357755
FSAG0_SX243 /home/sky/kaldi/egs/timit/s5/mfcc/raw_mfcc_train.3.ark:463543
FLTM0_SI1700 /home/sky/kaldi/egs/timit/s5/mfcc/raw_mfcc_train.2.ark:1197106
MJDC0_SI2165 /home/sky/kaldi/egs/timit/s5/mfcc/raw_mfcc_train.6.ark:699185
MJJJ0_SI1163 /home/sky/kaldi/egs/timit/s5/mfcc/raw_mfcc_train.6.ark:1061568
MJMD0_SI1028 /home/sky/kaldi/egs/timit/s5/mfcc/raw_mfcc_train.6.ark:1288116
MDLM0_SX334 /home/sky/kaldi/egs/timit/s5/mfcc/raw_mfcc_train.5.ark:381616
MKAM0_SI1465 /home/sky/kaldi/egs/timit/s5/mfcc/raw_mfcc_train.7.ark:458539
FECD0_SI788 /home/sky/kaldi/egs/timit/s5/mfcc/raw_mfcc_train.1.ark:1198291
MGAF0_SX292 /home/sky/kaldi/egs/timit/s5/mfcc/raw_mfcc_train.5.ark:1386422
MJFR0_SI975 /home/sky/kaldi/egs/timit/s5/mfcc/raw_mfcc_train.6.ark:968631
MRAM0_SI1951 /home/sky/kaldi/egs/timit/s5/mfcc/raw_mfcc_train.8.ark:1037393
MGSL0_SX354 /home/sky/kaldi/egs/timit/s5/mfcc/raw_mfcc_train.6.ark:242946
MGXP0_SX7 /home/sky/kaldi/egs/timit/s5/mfcc/raw_mfcc_train.6.ark:283970
FVMH0_SI1466 /home/sky/kaldi/egs/timit/s5/mfcc/raw_mfcc_train.3.ark:1405056
MRRE0_SI704 /home/sky/kaldi/egs/timit/s5/mfcc/raw_mfcc_train.9.ark:640783
MKLN0_SI1598 /home/sky/kaldi/egs/timit/s5/mfcc/raw_mfcc_train.7.ark:646454
MKXL0_SI1185 /home/sky/kaldi/egs/timit/s5/mfcc/raw_mfcc_train.7.ark:836832
MRMS0_SI1113 /home/sky/kaldi/egs/timit/s5/mfcc/raw_mfcc_train.9.ark:576908
FPAB1_SX31 /home/sky/kaldi/egs/timit/s5/mfcc/raw_mfcc_train.3.ark:113295
MREH1_SX429 /home/sky/kaldi/egs/timit/s5/mfcc/raw_mfcc_train.8.ark:1342943
MDCD0_SX425 /home/sky/kaldi/egs/timit/s5/mfcc/raw_mfcc_train.4.ark:1370243
MJEB1_SX207 /home/sky/kaldi/egs/timit/s5/mfcc/raw_mfcc_train.6.ark:888511
FEME0_SX155 /home/sky/kaldi/egs/timit/s5/mfcc/raw_mfcc_train.1.ark:1272837
MJDG0_SX412 /home/sky/kaldi/egs/timit/s5/mfcc/raw_mfcc_train.6.ark:793025
MTLC0_SX127 /home/sky/kaldi/egs/timit/s5/mfcc/raw_mfcc_train.10.ark:597034
FSMM0_SX234 /home/sky/kaldi/egs/timit/s5/mfcc/raw_mfcc_train.3.ark:1033394
MSAS0_SX26 /home/sky/kaldi/egs/timit/s5/mfcc/raw_mfcc_train.9.ark:995606
FLHD0_SI1344 /home/sky/kaldi/egs/timit/s5/mfcc/raw_mfcc_train.2.ark:899129
MSRG0_SX51 /home/sky/kaldi/egs/timit/s5/mfcc/raw_mfcc_train.9.ark:1464200
MRAI0_SX342 /home/sky/kaldi/egs/timit/s5/mfcc/raw_mfcc_train.8.ark:1016595
FMJU0_SX399 /home/sky/kaldi/egs/timit/s5/mfcc/raw_mfcc_train.2.ark:1425872
FVFB0_SI2292 /home/sky/kaldi/egs/timit/s5/mfcc/raw_mfcc_train.3.ark:1352021
MBBR0_SX65 /home/sky/kaldi/egs/timit/s5/mfcc/raw_mfcc_train.4.ark:351038
MRTJ0_SX232 /home/sky/kaldi/egs/timit/s5/mfcc/raw_mfcc_train.9.ark:802350
MBAR0_SX149 /home/sky/kaldi/egs/timit/s5/mfcc/raw_mfcc_train.4.ark:303425
MSES0_SX149 /home/sky/kaldi/egs/timit/s5/mfcc/raw_mfcc_train.9.ark:1211952
FSMM0_SX54 /home/sky/kaldi/egs/timit/s5/mfcc/raw_mfcc_train.3.ark:1048832
MGXP0_SI1087 /home/sky/kaldi/egs/timit/s5/mfcc/raw_mfcc_train.6.ark:256383
MRDM0_SI965 /home/sky/kaldi/egs/timit/s5/mfcc/raw_mfcc_train.8.ark:1230020
FCKE0_SX211 /home/sky/kaldi/egs/timit/s5/mfcc/raw_mfcc_train.1.ark:610232
MJFH0_SX27 /home/sky/kaldi/egs/timit/s5/mfcc/raw_mfcc_train.6.ark:952123
MMAB1_SI864 /home/sky/kaldi/egs/timit/s5/mfcc/raw_mfcc_train.7.ark:1114516
MMRP0_SI774 /home/sky/kaldi/egs/timit/s5/mfcc/raw_mfcc_train.8.ark:197158
MWGR0_SI1606 /home/sky/kaldi/egs/timit/s5/mfcc/raw_mfcc_train.10.ark:1318723
MTAT0_SX210 /home/sky/kaldi/egs/timit/s5/mfcc/raw_mfcc_train.10.ark:127541
MTDP0_SX441 /home/sky/kaldi/egs/timit/s5/mfcc/raw_mfcc_train.10.ark:303549
MCHL0_SX447 /home/sky/kaldi/egs/timit/s5/mfcc/raw_mfcc_train.4.ark:957288
FKFB0_SI1608 /home/sky/kaldi/egs/timit/s5/mfcc/raw_mfcc_train.2.ark:564119
MRTJ0_SX52 /home/sky/kaldi/egs/timit/s5/mfcc/raw_mfcc_train.9.ark:816683
MFRM0_SI1155 /home/sky/kaldi/egs/timit/s5/mfcc/raw_mfcc_train.5.ark:1241082
FEEH0_SX212 /home/sky/kaldi/egs/timit/s5/mfcc/raw_mfcc_train.1.ark:1242835
FBCH0_SI959 /home/sky/kaldi/egs/timit/s5/mfcc/raw_mfcc_train.1.ark:247995
MRSP0_SX439 /home/sky/kaldi/egs/timit/s5/mfcc/raw_mfcc_train.9.ark:737211
MRMH0_SX301 /home/sky/kaldi/egs/timit/s5/mfcc/raw_mfcc_train.9.ark:526988
MRMH0_SI2281 /home/sky/kaldi/egs/timit/s5/mfcc/raw_mfcc_train.9.ark:515852
FLOD0_SX297 /home/sky/kaldi/egs/timit/s5/mfcc/raw_mfcc_train.2.ark:1188048
FDAW0_SX326 /home/sky/kaldi/egs/timit/s5/mfcc/raw_mfcc_train.1.ark:840727
MPGR1_SX59 /home/sky/kaldi/egs/timit/s5/mfcc/raw_mfcc_train.8.ark:670824
MJDM0_SI1937 /home/sky/kaldi/egs/timit/s5/mfcc/raw_mfcc_train.6.ark:807568
FPAZ0_SX423 /home/sky/kaldi/egs/timit/s5/mfcc/raw_mfcc_train.3.ark:248698
MJDA0_SI1031 /home/sky/kaldi/egs/timit/s5/mfcc/raw_mfcc_train.6.ark:667984
FGMB0_SI1145 /home/sky/kaldi/egs/timit/s5/mfcc/raw_mfcc_train.1.ark:1432507
FTBW0_SI1975 /home/sky/kaldi/egs/timit/s5/mfcc/raw_mfcc_train.3.ark:1248129
MRFL0_SX436 /home/sky/kaldi/egs/timit/s5/mfcc/raw_mfcc_train.8.ark:1472300
FLOD0_SX171 /home/sky/kaldi/egs/timit/s5/mfcc/raw_mfcc_train.2.ark:1180156
MDEF0_SX33 /home/sky/kaldi/egs/timit/s5/mfcc/raw_mfcc_train.5.ark:23105
MEJS0_SX250 /home/sky/kaldi/egs/timit/s5/mfcc/raw_mfcc_train.5.ark:1077075
MSMC0_SI509 /home/sky/kaldi/egs/timit/s5/mfcc/raw_mfcc_train.9.ark:1343426
FGRW0_SX72 /home/sky/kaldi/egs/timit/s5/mfcc/raw_mfcc_train.1.ark:1504569
MSAT1_SI2333 /home/sky/kaldi/egs/timit/s5/mfcc/raw_mfcc_train.9.ark:1039875
MJLS0_SI466 /home/sky/kaldi/egs/timit/s5/mfcc/raw_mfcc_train.6.ark:1235965
MJEB1_SI1467 /home/sky/kaldi/egs/timit/s5/mfcc/raw_mfcc_train.6.ark:867578
FLET0_SX417 /home/sky/kaldi/egs/timit/s5/mfcc/raw_mfcc_train.2.ark:891575
MZMB0_SX176 /home/sky/kaldi/egs/timit/s5/mfcc/raw_mfcc_train.10.ark:1494216
FPAZ0_SX243 /home/sky/kaldi/egs/timit/s5/mfcc/raw_mfcc_train.3.ark:242211
FGRW0_SX432 /home/sky/kaldi/egs/timit/s5/mfcc/raw_mfcc_train.1.ark:1498674
FEAC0_SX75 /home/sky/kaldi/egs/timit/s5/mfcc/raw_mfcc_train.1.ark:1151086
MLSH0_SI1417 /home/sky/kaldi/egs/timit/s5/mfcc/raw_mfcc_train.7.ark:1040313
MVRW0_SX135 /home/sky/kaldi/egs/timit/s5/mfcc/raw_mfcc_train.10.ark:1114190
FKLH0_SX357 /home/sky/kaldi/egs/timit/s5/mfcc/raw_mfcc_train.2.ark:723855
FNTB0_SX123 /home/sky/kaldi/egs/timit/s5/mfcc/raw_mfcc_train.3.ark:64858
MMDM1_SX243 /home/sky/kaldi/egs/timit/s5/mfcc/raw_mfcc_train.7.ark:1428110
FNKL0_SX442 /home/sky/kaldi/egs/timit/s5/mfcc/raw_mfcc_train.3.ark:43061
MCDD0_SI1513 /home/sky/kaldi/egs/timit/s5/mfcc/raw_mfcc_train.4.ark:794464
MJRH0_SI1125 /home/sky/kaldi/egs/timit/s5/mfcc/raw_mfcc_train.7.ark:17174
FSLS0_SI2316 /home/sky/kaldi/egs/timit/s5/mfcc/raw_mfcc_train.3.ark:959985
MMAG0_SX46 /home/sky/kaldi/egs/timit/s5/mfcc/raw_mfcc_train.7.ark:1176890
MDRD0_SI752 /home/sky/kaldi/egs/timit/s5/mfcc/raw_mfcc_train.5.ark:659620
MDBP0_SX258 /home/sky/kaldi/egs/timit/s5/mfcc/raw_mfcc_train.4.ark:1326258
MTJG0_SI1520 /home/sky/kaldi/egs/timit/s5/mfcc/raw_mfcc_train.10.ark:346532
MJMM0_SX445 /home/sky/kaldi/egs/timit/s5/mfcc/raw_mfcc_train.6.ark:1340373
MKAH0_SI1528 /home/sky/kaldi/egs/timit/s5/mfcc/raw_mfcc_train.7.ark:388456
FJEN0_SX57 /home/sky/kaldi/egs/timit/s5/mfcc/raw_mfcc_train.2.ark:92437
MMBS0_SX71 /home/sky/kaldi/egs/timit/s5/mfcc/raw_mfcc_train.7.ark:1281049
MRAV0_SX378 /home/sky/kaldi/egs/timit/s5/mfcc/raw_mfcc_train.8.ark:1086755
MJRG0_SX286 /home/sky/kaldi/egs/timit/s5/mfcc/raw_mfcc_train.7.ark:2644
FLMK0_SI2295 /home/sky/kaldi/egs/timit/s5/mfcc/raw_mfcc_train.2.ark:1142346
FMAH1_SX339 /home/sky/kaldi/egs/timit/s5/mfcc/raw_mfcc_train.2.ark:1248308
FDFB0_SI1318 /home/sky/kaldi/egs/timit/s5/mfcc/raw_mfcc_train.1.ark:852123
MADD0_SI1295 /home/sky/kaldi/egs/timit/s5/mfcc/raw_mfcc_train.3.ark:1497527
MJRH0_SX135 /home/sky/kaldi/egs/timit/s5/mfcc/raw_mfcc_train.7.ark:30964
MWAR0_SX145 /home/sky/kaldi/egs/timit/s5/mfcc/raw_mfcc_train.10.ark:1206845
MRHL0_SX345 /home/sky/kaldi/egs/timit/s5/mfcc/raw_mfcc_train.9.ark:65546
MCEW0_SX362 /home/sky/kaldi/egs/timit/s5/mfcc/raw_mfcc_train.4.ark:915038
MRMB0_SI1581 /home/sky/kaldi/egs/timit/s5/mfcc/raw_mfcc_train.9.ark:442986
MCLK0_SI1660 /home/sky/kaldi/egs/timit/s5/mfcc/raw_mfcc_train.4.ark:963737
FJLR0_SX241 /home/sky/kaldi/egs/timit/s5/mfcc/raw_mfcc_train.2.ark:208074
MDAS0_SX96 /home/sky/kaldi/egs/timit/s5/mfcc/raw_mfcc_train.4.ark:1275853
MJAC0_SI2148 /home/sky/kaldi/egs/timit/s5/mfcc/raw_mfcc_train.6.ark:540259
MBML0_SI1169 /home/sky/kaldi/egs/timit/s5/mfcc/raw_mfcc_train.4.ark:540732
MDNS0_SI1011 /home/sky/kaldi/egs/timit/s5/mfcc/raw_mfcc_train.5.ark:527479
FDMY0_SX207 /home/sky/kaldi/egs/timit/s5/mfcc/raw_mfcc_train.1.ark:1002675
FECD0_SX338 /home/sky/kaldi/egs/timit/s5/mfcc/raw_mfcc_train.1.ark:1212638
MRTJ0_SI772 /home/sky/kaldi/egs/timit/s5/mfcc/raw_mfcc_train.9.ark:789193
MTKP0_SX33 /home/sky/kaldi/egs/timit/s5/mfcc/raw_mfcc_train.10.ark:542119
FSLS0_SX426 /home/sky/kaldi/egs/timit/s5/mfcc/raw_mfcc_train.3.ark:975886
FPLS0_SI960 /home/sky/kaldi/egs/timit/s5/mfcc/raw_mfcc_train.3.ark:295754
MKAM0_SX416 /home/sky/kaldi/egs/timit/s5/mfcc/raw_mfcc_train.7.ark:476143
MBBR0_SI2315 /home/sky/kaldi/egs/timit/s5/mfcc/raw_mfcc_train.4.ark:332895
MDHS0_SI900 /home/sky/kaldi/egs/timit/s5/mfcc/raw_mfcc_train.5.ark:108086
FKFB0_SX258 /home/sky/kaldi/egs/timit/s5/mfcc/raw_mfcc_train.2.ark:581308
MHBS0_SI2205 /home/sky/kaldi/egs/timit/s5/mfcc/raw_mfcc_train.6.ark:295055
MPRT0_SX400 /home/sky/kaldi/egs/timit/s5/mfcc/raw_mfcc_train.8.ark:899822
MMEB0_SX97 /home/sky/kaldi/egs/timit/s5/mfcc/raw_mfcc_train.8.ark:6640
MMAG0_SX226 /home/sky/kaldi/egs/timit/s5/mfcc/raw_mfcc_train.7.ark:1163402
MKLS0_SX357 /home/sky/kaldi/egs/timit/s5/mfcc/raw_mfcc_train.7.ark:729338
FVMH0_SI2096 /home/sky/kaldi/egs/timit/s5/mfcc/raw_mfcc_train.3.ark:1410641
MDWH0_SX215 /home/sky/kaldi/egs/timit/s5/mfcc/raw_mfcc_train.5.ark:854860
MCLK0_SI650 /home/sky/kaldi/egs/timit/s5/mfcc/raw_mfcc_train.4.ark:971500
MJAI0_SX344 /home/sky/kaldi/egs/timit/s5/mfcc/raw_mfcc_train.6.ark:625629
FMJF0_SI1254 /home/sky/kaldi/egs/timit/s5/mfcc/raw_mfcc_train.2.ark:1360948
MAPV0_SX303 /home/sky/kaldi/egs/timit/s5/mfcc/raw_mfcc_train.4.ark:221810
MEJL0_SX152 /home/sky/kaldi/egs/timit/s5/mfcc/raw_mfcc_train.5.ark:1040546
FSJW0_SX433 /home/sky/kaldi/egs/timit/s5/mfcc/raw_mfcc_train.3.ark:850064
MJAE0_SX84 /home/sky/kaldi/egs/timit/s5/mfcc/raw_mfcc_train.6.ark:597272
FKKH0_SI1290 /home/sky/kaldi/egs/timit/s5/mfcc/raw_mfcc_train.2.ark:602539
MPRB0_SX125 /home/sky/kaldi/egs/timit/s5/mfcc/raw_mfcc_train.8.ark:777100
FGDP0_SX358 /home/sky/kaldi/egs/timit/s5/mfcc/raw_mfcc_train.1.ark:1417679
FDXW0_SI2141 /home/sky/kaldi/egs/timit/s5/mfcc/raw_mfcc_train.1.ark:1095413
FLJD0_SX166 /home/sky/kaldi/egs/timit/s5/mfcc/raw_mfcc_train.2.ark:977046
MCEF0_SX325 /home/sky/kaldi/egs/timit/s5/mfcc/raw_mfcc_train.4.ark:879569
FJSP0_SX354 /home/sky/kaldi/egs/timit/s5/mfcc/raw_mfcc_train.2.ark:351206
FSBK0_SX259 /home/sky/kaldi/egs/timit/s5/mfcc/raw_mfcc_train.3.ark:566051
MPPC0_SX332 /home/sky/kaldi/egs/timit/s5/mfcc/raw_mfcc_train.8.ark:748392
FKLC0_SX355 /home/sky/kaldi/egs/timit/s5/mfcc/raw_mfcc_train.2.ark:660209
FMEM0_SX207 /home/sky/kaldi/egs/timit/s5/mfcc/raw_mfcc_train.2.ark:1309761
FLHD0_SX264 /home/sky/kaldi/egs/timit/s5/mfcc/raw_mfcc_train.2.ark:914265
FAPB0_SX433 /home/sky/kaldi/egs/timit/s5/mfcc/raw_mfcc_train.1.ark:161818
MEWM0_SI1978 /home/sky/kaldi/egs/timit/s5/mfcc/raw_mfcc_train.5.ark:1154534
MSDH0_SX80 /home/sky/kaldi/egs/timit/s5/mfcc/raw_mfcc_train.9.ark:1116347
FJRB0_SI1932 /home/sky/kaldi/egs/timit/s5/mfcc/raw_mfcc_train.2.ark:229495
MEGJ0_SX77 /home/sky/kaldi/egs/timit/s5/mfcc/raw_mfcc_train.5.ark:1026281
FPAC0_SX301 /home/sky/kaldi/egs/timit/s5/mfcc/raw_mfcc_train.3.ark:143350
MRCW0_SI1371 /home/sky/kaldi/egs/timit/s5/mfcc/raw_mfcc_train.8.ark:1161198
FRLL0_SX344 /home/sky/kaldi/egs/timit/s5/mfcc/raw_mfcc_train.3.ark:436661
MTCS0_SX442 /home/sky/kaldi/egs/timit/s5/mfcc/raw_mfcc_train.10.ark:232480
FMJU0_SX39 /home/sky/kaldi/egs/timit/s5/mfcc/raw_mfcc_train.2.ark:1421770
MMSM0_SX26 /home/sky/kaldi/egs/timit/s5/mfcc/raw_mfcc_train.8.ark:248910
MSRG0_SX321 /home/sky/kaldi/egs/timit/s5/mfcc/raw_mfcc_train.9.ark:1455750
MDLR0_SI603 /home/sky/kaldi/egs/timit/s5/mfcc/raw_mfcc_train.5.ark:399215
MJDC0_SX441 /home/sky/kaldi/egs/timit/s5/mfcc/raw_mfcc_train.6.ark:720306
MMBS0_SI521 /home/sky/kaldi/egs/timit/s5/mfcc/raw_mfcc_train.7.ark:1254690
FKAA0_SI1208 /home/sky/kaldi/egs/timit/s5/mfcc/raw_mfcc_train.2.ark:460636
MHMG0_SX105 /home/sky/kaldi/egs/timit/s5/mfcc/raw_mfcc_train.6.ark:392728
MRAM0_SX15 /home/sky/kaldi/egs/timit/s5/mfcc/raw_mfcc_train.8.ark:1046402
MRBC0_SX149 /home/sky/kaldi/egs/timit/s5/mfcc/raw_mfcc_train.8.ark:1101293
FSJS0_SI1171 /home/sky/kaldi/egs/timit/s5/mfcc/raw_mfcc_train.3.ark:789293
MWAR0_SI2305 /home/sky/kaldi/egs/timit/s5/mfcc/raw_mfcc_train.10.ark:1203731
MAEO0_SI1655 /home/sky/kaldi/egs/timit/s5/mfcc/raw_mfcc_train.4.ark:44460
MMWB0_SI2249 /home/sky/kaldi/egs/timit/s5/mfcc/raw_mfcc_train.8.ark:303221
FBCG1_SI2242 /home/sky/kaldi/egs/timit/s5/mfcc/raw_mfcc_train.1.ark:209179
MRLJ0_SI1420 /home/sky/kaldi/egs/timit/s5/mfcc/raw_mfcc_train.9.ark:322286
MGAR0_SI1694 /home/sky/kaldi/egs/timit/s5/mfcc/raw_mfcc_train.5.ark:1464481
MRLK0_SX393 /home/sky/kaldi/egs/timit/s5/mfcc/raw_mfcc_train.9.ark:408744
MCSS0_SI688 /home/sky/kaldi/egs/timit/s5/mfcc/raw_mfcc_train.4.ark:1092932
FDNC0_SI2287 /home/sky/kaldi/egs/timit/s5/mfcc/raw_mfcc_train.1.ark:1033399
MJRK0_SX430 /home/sky/kaldi/egs/timit/s5/mfcc/raw_mfcc_train.7.ark:104757
MTKP0_SX213 /home/sky/kaldi/egs/timit/s5/mfcc/raw_mfcc_train.10.ark:535385
MDSS1_SX247 /home/sky/kaldi/egs/timit/s5/mfcc/raw_mfcc_train.5.ark:762661
MJXL0_SX92 /home/sky/kaldi/egs/timit/s5/mfcc/raw_mfcc_train.7.ark:349964
MWEM0_SX60 /home/sky/kaldi/egs/timit/s5/mfcc/raw_mfcc_train.10.ark:1314074
MJLB0_SI986 /home/sky/kaldi/egs/timit/s5/mfcc/raw_mfcc_train.6.ark:1172930
MEAL0_SX347 /home/sky/kaldi/egs/timit/s5/mfcc/raw_mfcc_train.5.ark:923849
MRAB1_SX398 /home/sky/kaldi/egs/timit/s5/mfcc/raw_mfcc_train.8.ark:990343
MFXV0_SI1342 /home/sky/kaldi/egs/timit/s5/mfcc/raw_mfcc_train.5.ark:1340024
MJPM1_SI2280 /home/sky/kaldi/egs/timit/s5/mfcc/raw_mfcc_train.6.ark:1409942
MDLC0_SI2025 /home/sky/kaldi/egs/timit/s5/mfcc/raw_mfcc_train.5.ark:240544
MKDD0_SX37 /home/sky/kaldi/egs/timit/s5/mfcc/raw_mfcc_train.7.ark:540384
MDLC0_SX225 /home/sky/kaldi/egs/timit/s5/mfcc/raw_mfcc_train.5.ark:253500
MDJM0_SX15 /home/sky/kaldi/egs/timit/s5/mfcc/raw_mfcc_train.5.ark:148183
MDPB0_SX56 /home/sky/kaldi/egs/timit/s5/mfcc/raw_mfcc_train.5.ark:590154
FEAR0_SX172 /home/sky/kaldi/egs/timit/s5/mfcc/raw_mfcc_train.1.ark:1164844
MTJS0_SX292 /home/sky/kaldi/egs/timit/s5/mfcc/raw_mfcc_train.10.ark:438130
MMDM1_SI1650 /home/sky/kaldi/egs/timit/s5/mfcc/raw_mfcc_train.7.ark:1413053
MRAV0_SI1638 /home/sky/kaldi/egs/timit/s5/mfcc/raw_mfcc_train.8.ark:1063937
FEME0_SX425 /home/sky/kaldi/egs/timit/s5/mfcc/raw_mfcc_train.1.ark:1287535
MRDM0_SX335 /home/sky/kaldi/egs/timit/s5/mfcc/raw_mfcc_train.8.ark:1241546
MBGT0_SI711 /home/sky/kaldi/egs/timit/s5/mfcc/raw_mfcc_train.4.ark:419281
FHXS0_SI1075 /home/sky/kaldi/egs/timit/s5/mfcc/raw_mfcc_train.1.ark:1541321
MHMR0_SI489 /home/sky/kaldi/egs/timit/s5/mfcc/raw_mfcc_train.6.ark:418401
MCEW0_SX272 /home/sky/kaldi/egs/timit/s5/mfcc/raw_mfcc_train.4.ark:910806
MDSS0_SX171 /home/sky/kaldi/egs/timit/s5/mfcc/raw_mfcc_train.5.ark:731163
MBML0_SX449 /home/sky/kaldi/egs/timit/s5/mfcc/raw_mfcc_train.4.ark:562394
MDLC2_SI984 /home/sky/kaldi/egs/timit/s5/mfcc/raw_mfcc_train.5.ark:304236
MDWD0_SI1890 /home/sky/kaldi/egs/timit/s5/mfcc/raw_mfcc_train.5.ark:810998
MDLB0_SX406 /home/sky/kaldi/egs/timit/s5/mfcc/raw_mfcc_train.5.ark:224415
MKRG0_SI2121 /home/sky/kaldi/egs/timit/s5/mfcc/raw_mfcc_train.7.ark:811447
MKDT0_SX353 /home/sky/kaldi/egs/timit/s5/mfcc/raw_mfcc_train.7.ark:569619
MSFH0_SX46 /home/sky/kaldi/egs/timit/s5/mfcc/raw_mfcc_train.9.ark:1265089
MESJ0_SI2257 /home/sky/kaldi/egs/timit/s5/mfcc/raw_mfcc_train.5.ark:1129220
MFXV0_SX375 /home/sky/kaldi/egs/timit/s5/mfcc/raw_mfcc_train.5.ark:1361191
MBML0_SX359 /home/sky/kaldi/egs/timit/s5/mfcc/raw_mfcc_train.4.ark:557720
MJKR0_SX301 /home/sky/kaldi/egs/timit/s5/mfcc/raw_mfcc_train.6.ark:1153433
MGAG0_SX421 /home/sky/kaldi/egs/timit/s5/mfcc/raw_mfcc_train.5.ark:1416834
MRLK0_SX123 /home/sky/kaldi/egs/timit/s5/mfcc/raw_mfcc_train.9.ark:395782
MRJH0_SI1519 /home/sky/kaldi/egs/timit/s5/mfcc/raw_mfcc_train.9.ark:114570
FSMS1_SI2134 /home/sky/kaldi/egs/timit/s5/mfcc/raw_mfcc_train.3.ark:1057337
MKAM0_SX236 /home/sky/kaldi/egs/timit/s5/mfcc/raw_mfcc_train.7.ark:468615
MDLB0_SX136 /home/sky/kaldi/egs/timit/s5/mfcc/raw_mfcc_train.5.ark:209470
MRWS0_SX22 /home/sky/kaldi/egs/timit/s5/mfcc/raw_mfcc_train.9.ark:898961
MAKR0_SX452 /home/sky/kaldi/egs/timit/s5/mfcc/raw_mfcc_train.4.ark:190235
MCLM0_SI2086 /home/sky/kaldi/egs/timit/s5/mfcc/raw_mfcc_train.4.ark:1001567
MMPM0_SX251 /home/sky/kaldi/egs/timit/s5/mfcc/raw_mfcc_train.8.ark:175146
MRAI0_SI792 /home/sky/kaldi/egs/timit/s5/mfcc/raw_mfcc_train.8.ark:1002521
MRHL0_SI1515 /home/sky/kaldi/egs/timit/s5/mfcc/raw_mfcc_train.9.ark:47063
MDLC1_SI2144 /home/sky/kaldi/egs/timit/s5/mfcc/raw_mfcc_train.5.ark:279817
FKSR0_SX161 /home/sky/kaldi/egs/timit/s5/mfcc/raw_mfcc_train.2.ark:747428
MEDR0_SI2004 /home/sky/kaldi/egs/timit/s5/mfcc/raw_mfcc_train.5.ark:934714
MMWB0_SI1619 /home/sky/kaldi/egs/timit/s5/mfcc/raw_mfcc_train.8.ark:299118
MRRE0_SI1334 /home/sky/kaldi/egs/timit/s5/mfcc/raw_mfcc_train.9.ark:633938
MJJB0_SX59 /home/sky/kaldi/egs/timit/s5/mfcc/raw_mfcc_train.6.ark:1058674
MRJH0_SI914 /home/sky/kaldi/egs/timit/s5/mfcc/raw_mfcc_train.9.ark:127181
FAEM0_SI762 /home/sky/kaldi/egs/timit/s5/mfcc/raw_mfcc_train.1.ark:9349
MABC0_SX331 /home/sky/kaldi/egs/timit/s5/mfcc/raw_mfcc_train.3.ark:1452846
MCDD0_SX343 /home/sky/kaldi/egs/timit/s5/mfcc/raw_mfcc_train.4.ark:811543
FALR0_SX245 /home/sky/kaldi/egs/timit/s5/mfcc/raw_mfcc_train.1.ark:117234
FRJB0_SX257 /home/sky/kaldi/egs/timit/s5/mfcc/raw_mfcc_train.3.ark:398066
MMWS0_SX258 /home/sky/kaldi/egs/timit/s5/mfcc/raw_mfcc_train.8.ark:355649
MDLC2_SX354 /home/sky/kaldi/egs/timit/s5/mfcc/raw_mfcc_train.5.ark:317686
FLJA0_SX358 /home/sky/kaldi/egs/timit/s5/mfcc/raw_mfcc_train.2.ark:952147
MMAR0_SX76 /home/sky/kaldi/egs/timit/s5/mfcc/raw_mfcc_train.7.ark:1244007
FMPG0_SX72 /home/sky/kaldi/egs/timit/s5/mfcc/raw_mfcc_train.3.ark:16412
MMDM0_SX231 /home/sky/kaldi/egs/timit/s5/mfcc/raw_mfcc_train.7.ark:1397646
MEAL0_SX197 /home/sky/kaldi/egs/timit/s5/mfcc/raw_mfcc_train.5.ark:917816
MBTH0_SI2102 /home/sky/kaldi/egs/timit/s5/mfcc/raw_mfcc_train.4.ark:622075
FKLH0_SI627 /home/sky/kaldi/egs/timit/s5/mfcc/raw_mfcc_train.2.ark:712927
MPRD0_SX441 /home/sky/kaldi/egs/timit/s5/mfcc/raw_mfcc_train.8.ark:827618
MBOM0_SX294 /home/sky/kaldi/egs/timit/s5/mfcc/raw_mfcc_train.4.ark:587028
MRLJ0_SX250 /home/sky/kaldi/egs/timit/s5/mfcc/raw_mfcc_train.9.ark:338929
FJLR0_SX331 /home/sky/kaldi/egs/timit/s5/mfcc/raw_mfcc_train.2.ark:211825
MKDD0_SX397 /home/sky/kaldi/egs/timit/s5/mfcc/raw_mfcc_train.7.ark:544031
MHXL0_SX152 /home/sky/kaldi/egs/timit/s5/mfcc/raw_mfcc_train.6.ark:484340
MMBS0_SX161 /home/sky/kaldi/egs/timit/s5/mfcc/raw_mfcc_train.7.ark:1261002
MRAB1_SI2108 /home/sky/kaldi/egs/timit/s5/mfcc/raw_mfcc_train.8.ark:965459
MZMB0_SI1796 /home/sky/kaldi/egs/timit/s5/mfcc/raw_mfcc_train.10.ark:1486883
MTMT0_SX128 /home/sky/kaldi/egs/timit/s5/mfcc/raw_mfcc_train.10.ark:694017
MCDD0_SX433 /home/sky/kaldi/egs/timit/s5/mfcc/raw_mfcc_train.4.ark:815580
MTAT1_SX239 /home/sky/kaldi/egs/timit/s5/mfcc/raw_mfcc_train.10.ark:157875
MGRL0_SX147 /home/sky/kaldi/egs/timit/s5/mfcc/raw_mfcc_train.6.ark:130899
MKLN0_SX248 /home/sky/kaldi/egs/timit/s5/mfcc/raw_mfcc_train.7.ark:662005
MKDB0_SX62 /home/sky/kaldi/egs/timit/s5/mfcc/raw_mfcc_train.7.ark:512306
MAPV0_SI1293 /home/sky/kaldi/egs/timit/s5/mfcc/raw_mfcc_train.4.ark:196658
FVMH0_SX386 /home/sky/kaldi/egs/timit/s5/mfcc/raw_mfcc_train.3.ark:1432626
MJLS0_SX286 /home/sky/kaldi/egs/timit/s5/mfcc/raw_mfcc_train.6.ark:1248433
MESJ0_SX367 /home/sky/kaldi/egs/timit/s5/mfcc/raw_mfcc_train.5.ark:1142378
MWSB0_SX96 /home/sky/kaldi/egs/timit/s5/mfcc/raw_mfcc_train.10.ark:1439867
FJHK0_SI2282 /home/sky/kaldi/egs/timit/s5/mfcc/raw_mfcc_train.2.ark:102510
MJHI0_SI1328 /home/sky/kaldi/egs/timit/s5/mfcc/raw_mfcc_train.6.ark:996233
MCLM0_SX106 /home/sky/kaldi/egs/timit/s5/mfcc/raw_mfcc_train.4.ark:1010044
MTQC0_SX361 /home/sky/kaldi/egs/timit/s5/mfcc/raw_mfcc_train.10.ark:866150
FJSP0_SI804 /home/sky/kaldi/egs/timit/s5/mfcc/raw_mfcc_train.2.ark:338900
MDCD0_SI1415 /home/sky/kaldi/egs/timit/s5/mfcc/raw_mfcc_train.4.ark:1344187
MTPG0_SX303 /home/sky/kaldi/egs/timit/s5/mfcc/raw_mfcc_train.10.ark:762707
MDLB0_SI676 /home/sky/kaldi/egs/timit/s5/mfcc/raw_mfcc_train.5.ark:206785
MCAE0_SX7 /home/sky/kaldi/egs/timit/s5/mfcc/raw_mfcc_train.4.ark:723239
MRMG0_SX270 /home/sky/kaldi/egs/timit/s5/mfcc/raw_mfcc_train.9.ark:489977
MSAT0_SX356 /home/sky/kaldi/egs/timit/s5/mfcc/raw_mfcc_train.9.ark:1022379
MRLR0_SX206 /home/sky/kaldi/egs/timit/s5/mfcc/raw_mfcc_train.9.ark:429113
MJLB0_SX86 /home/sky/kaldi/egs/timit/s5/mfcc/raw_mfcc_train.6.ark:1191138
MRGS0_SX186 /home/sky/kaldi/egs/timit/s5/mfcc/raw_mfcc_train.9.ark:24917
MFMC0_SI502 /home/sky/kaldi/egs/timit/s5/mfcc/raw_mfcc_train.5.ark:1215521
MJJB0_SX149 /home/sky/kaldi/egs/timit/s5/mfcc/raw_mfcc_train.6.ark:1040291
FLAC0_SX451 /home/sky/kaldi/egs/timit/s5/mfcc/raw_mfcc_train.2.ark:790224
