MKXL0_SI1815 /home/sky/kaldi/egs/timit/s5/mfcc/raw_mfcc_train.7.ark:840168
MHXL0_SI512 /home/sky/kaldi/egs/timit/s5/mfcc/raw_mfcc_train.6.ark:477163
FDKN0_SX361 /home/sky/kaldi/egs/timit/s5/mfcc/raw_mfcc_train.1.ark:933785
MJDG0_SI1705 /home/sky/kaldi/egs/timit/s5/mfcc/raw_mfcc_train.6.ark:778203
FSKL0_SI2159 /home/sky/kaldi/egs/timit/s5/mfcc/raw_mfcc_train.3.ark:892523
FSKL0_SX359 /home/sky/kaldi/egs/timit/s5/mfcc/raw_mfcc_train.3.ark:908515
MTWH1_SI1512 /home/sky/kaldi/egs/timit/s5/mfcc/raw_mfcc_train.10.ark:973734
FMJF0_SI624 /home/sky/kaldi/egs/timit/s5/mfcc/raw_mfcc_train.2.ark:1366865
FSAG0_SX423 /home/sky/kaldi/egs/timit/s5/mfcc/raw_mfcc_train.3.ark:474529
MMEB0_SX7 /home/sky/kaldi/egs/timit/s5/mfcc/raw_mfcc_train.8.ark:3514
MVLO0_SI517 /home/sky/kaldi/egs/timit/s5/mfcc/raw_mfcc_train.10.ark:1077180
MPAR0_SI2206 /home/sky/kaldi/egs/timit/s5/mfcc/raw_mfcc_train.8.ark:494946
FCJS0_SX437 /home/sky/kaldi/egs/timit/s5/mfcc/raw_mfcc_train.1.ark:583916
MSAS0_SX296 /home/sky/kaldi/egs/timit/s5/mfcc/raw_mfcc_train.9.ark:999305
FTMG0_SI2162 /home/sky/kaldi/egs/timit/s5/mfcc/raw_mfcc_train.3.ark:1313892
MDCD0_SX245 /home/sky/kaldi/egs/timit/s5/mfcc/raw_mfcc_train.4.ark:1361116
FBAS0_SX217 /home/sky/kaldi/egs/timit/s5/mfcc/raw_mfcc_train.1.ark:193725
MDJM0_SX15 /home/sky/kaldi/egs/timit/s5/mfcc/raw_mfcc_train.5.ark:148183
MRVG0_SX330 /home/sky/kaldi/egs/timit/s5/mfcc/raw_mfcc_train.9.ark:838424
MRMH0_SX301 /home/sky/kaldi/egs/timit/s5/mfcc/raw_mfcc_train.9.ark:526988
MARC0_SI1188 /home/sky/kaldi/egs/timit/s5/mfcc/raw_mfcc_train.4.ark:231841
FSKP0_SX108 /home/sky/kaldi/egs/timit/s5/mfcc/raw_mfcc_train.3.ark:933830
MMDB0_SX177 /home/sky/kaldi/egs/timit/s5/mfcc/raw_mfcc_train.7.ark:1329730
FCRZ0_SI1913 /home/sky/kaldi/egs/timit/s5/mfcc/raw_mfcc_train.1.ark:719541
FDAS1_SX291 /home/sky/kaldi/egs/timit/s5/mfcc/raw_mfcc_train.1.ark:810710
FLOD0_SX297 /home/sky/kaldi/egs/timit/s5/mfcc/raw_mfcc_train.2.ark:1188048
FMMH0_SX97 /home/sky/kaldi/egs/timit/s5/mfcc/raw_mfcc_train.2.ark:1526322
MPPC0_SI782 /home/sky/kaldi/egs/timit/s5/mfcc/raw_mfcc_train.8.ark:737009
MGJC0_SX435 /home/sky/kaldi/egs/timit/s5/mfcc/raw_mfcc_train.6.ark:108880
FEAC0_SX165 /home/sky/kaldi/egs/timit/s5/mfcc/raw_mfcc_train.1.ark:1134068
MJLG1_SX112 /home/sky/kaldi/egs/timit/s5/mfcc/raw_mfcc_train.6.ark:1206912
MPFU0_SX178 /home/sky/kaldi/egs/timit/s5/mfcc/raw_mfcc_train.8.ark:561894
MFXS0_SI2304 /home/sky/kaldi/egs/timit/s5/mfcc/raw_mfcc_train.5.ark:1308995
MHMR0_SX129 /home/sky/kaldi/egs/timit/s5/mfcc/raw_mfcc_train.6.ark:422802
FEAC0_SX435 /home/sky/kaldi/egs/timit/s5/mfcc/raw_mfcc_train.1.ark:1145945
MHIT0_SX443 /home/sky/kaldi/egs/timit/s5/mfcc/raw_mfcc_train.6.ark:346042
MBWP0_SX439 /home/sky/kaldi/egs/timit/s5/mfcc/raw_mfcc_train.4.ark:681493
MCTH0_SI1839 /home/sky/kaldi/egs/timit/s5/mfcc/raw_mfcc_train.4.ark:1125593
MAJP0_SX264 /home/sky/kaldi/egs/timit/s5/mfcc/raw_mfcc_train.4.ark:116292
MKAG0_SX439 /home/sky/kaldi/egs/timit/s5/mfcc/raw_mfcc_train.7.ark:379563
MGRL0_SX147 /home/sky/kaldi/egs/timit/s5/mfcc/raw_mfcc_train.6.ark:130899
MSDB0_SX197 /home/sky/kaldi/egs/timit/s5/mfcc/raw_mfcc_train.9.ark:1078251
MTRC0_SX170 /home/sky/kaldi/egs/timit/s5/mfcc/raw_mfcc_train.10.ark:893609
MJPM0_SX108 /home/sky/kaldi/egs/timit/s5/mfcc/raw_mfcc_train.6.ark:1388527
MDSS0_SI1881 /home/sky/kaldi/egs/timit/s5/mfcc/raw_mfcc_train.5.ark:722210
MMJB1_SX418 /home/sky/kaldi/egs/timit/s5/mfcc/raw_mfcc_train.8.ark:122187
MSFV0_SX92 /home/sky/kaldi/egs/timit/s5/mfcc/raw_mfcc_train.9.ark:1300831
MRAB0_SX144 /home/sky/kaldi/egs/timit/s5/mfcc/raw_mfcc_train.8.ark:940729
MGAK0_SI1036 /home/sky/kaldi/egs/timit/s5/mfcc/raw_mfcc_train.5.ark:1423582
MRAB0_SI594 /home/sky/kaldi/egs/timit/s5/mfcc/raw_mfcc_train.8.ark:937953
MESG0_SX252 /home/sky/kaldi/egs/timit/s5/mfcc/raw_mfcc_train.5.ark:1107526
MVLO0_SX157 /home/sky/kaldi/egs/timit/s5/mfcc/raw_mfcc_train.10.ark:1083024
MJDM0_SX440 /home/sky/kaldi/egs/timit/s5/mfcc/raw_mfcc_train.6.ark:827779
MAKR0_SI1352 /home/sky/kaldi/egs/timit/s5/mfcc/raw_mfcc_train.4.ark:172239
MDDC0_SX69 /home/sky/kaldi/egs/timit/s5/mfcc/raw_mfcc_train.4.ark:1434050
MRLR0_SI566 /home/sky/kaldi/egs/timit/s5/mfcc/raw_mfcc_train.9.ark:421793
FSAH0_SX327 /home/sky/kaldi/egs/timit/s5/mfcc/raw_mfcc_train.3.ark:503367
MWSB0_SI996 /home/sky/kaldi/egs/timit/s5/mfcc/raw_mfcc_train.10.ark:1421336
MTMN0_SI1064 /home/sky/kaldi/egs/timit/s5/mfcc/raw_mfcc_train.10.ark:645825
MFER0_SI1492 /home/sky/kaldi/egs/timit/s5/mfcc/raw_mfcc_train.5.ark:1179699
MTML0_SI2325 /home/sky/kaldi/egs/timit/s5/mfcc/raw_mfcc_train.10.ark:619887
MGAF0_SX112 /home/sky/kaldi/egs/timit/s5/mfcc/raw_mfcc_train.5.ark:1378771
MDPK0_SI1053 /home/sky/kaldi/egs/timit/s5/mfcc/raw_mfcc_train.5.ark:593724
MDLR0_SI1233 /home/sky/kaldi/egs/timit/s5/mfcc/raw_mfcc_train.5.ark:390776
MRGS0_SX96 /home/sky/kaldi/egs/timit/s5/mfcc/raw_mfcc_train.9.ark:43220
MAFM0_SI939 /home/sky/kaldi/egs/timit/s5/mfcc/raw_mfcc_train.4.ark:74308
MRJT0_SI1498 /home/sky/kaldi/egs/timit/s5/mfcc/raw_mfcc_train.9.ark:220002
FJWB1_SI748 /home/sky/kaldi/egs/timit/s5/mfcc/raw_mfcc_train.2.ark:366691
MKES0_SI623 /home/sky/kaldi/egs/timit/s5/mfcc/raw_mfcc_train.7.ark:591391
MRSP0_SX169 /home/sky/kaldi/egs/timit/s5/mfcc/raw_mfcc_train.9.ark:726400
MSRG0_SI1851 /home/sky/kaldi/egs/timit/s5/mfcc/raw_mfcc_train.9.ark:1442410
FTBR0_SX201 /home/sky/kaldi/egs/timit/s5/mfcc/raw_mfcc_train.3.ark:1231479
FLEH0_SI2311 /home/sky/kaldi/egs/timit/s5/mfcc/raw_mfcc_train.2.ark:844430
FDAW0_SI1406 /home/sky/kaldi/egs/timit/s5/mfcc/raw_mfcc_train.1.ark:824071
MDHS0_SI1530 /home/sky/kaldi/egs/timit/s5/mfcc/raw_mfcc_train.5.ark:101389
FSMA0_SI2251 /home/sky/kaldi/egs/timit/s5/mfcc/raw_mfcc_train.3.ark:986282
MPRB0_SI1205 /home/sky/kaldi/egs/timit/s5/mfcc/raw_mfcc_train.8.ark:760594
FBCG1_SX352 /home/sky/kaldi/egs/timit/s5/mfcc/raw_mfcc_train.1.ark:225067
MSVS0_SX308 /home/sky/kaldi/egs/timit/s5/mfcc/raw_mfcc_train.10.ark:28980
MRJT0_SX58 /home/sky/kaldi/egs/timit/s5/mfcc/raw_mfcc_train.9.ark:248001
MSJK0_SX66 /home/sky/kaldi/egs/timit/s5/mfcc/raw_mfcc_train.9.ark:1336547
FJLG0_SX179 /home/sky/kaldi/egs/timit/s5/mfcc/raw_mfcc_train.2.ark:170687
MMWB0_SI2249 /home/sky/kaldi/egs/timit/s5/mfcc/raw_mfcc_train.8.ark:303221
MDCD0_SX425 /home/sky/kaldi/egs/timit/s5/mfcc/raw_mfcc_train.4.ark:1370243
FJSK0_SX62 /home/sky/kaldi/egs/timit/s5/mfcc/raw_mfcc_train.2.ark:327710
MKLS1_SX15 /home/sky/kaldi/egs/timit/s5/mfcc/raw_mfcc_train.7.ark:758260
FVKB0_SI529 /home/sky/kaldi/egs/timit/s5/mfcc/raw_mfcc_train.3.ark:1377597
FBAS0_SX307 /home/sky/kaldi/egs/timit/s5/mfcc/raw_mfcc_train.1.ark:196878
FJRB0_SI672 /home/sky/kaldi/egs/timit/s5/mfcc/raw_mfcc_train.2.ark:232674
MJRA0_SI606 /home/sky/kaldi/egs/timit/s5/mfcc/raw_mfcc_train.6.ark:1448421
MRDM0_SX335 /home/sky/kaldi/egs/timit/s5/mfcc/raw_mfcc_train.8.ark:1241546
MRAB1_SX308 /home/sky/kaldi/egs/timit/s5/mfcc/raw_mfcc_train.8.ark:981997
FLMC0_SI742 /home/sky/kaldi/egs/timit/s5/mfcc/raw_mfcc_train.2.ark:1108423
MTDP0_SI2151 /home/sky/kaldi/egs/timit/s5/mfcc/raw_mfcc_train.10.ark:282552
MSVS0_SX128 /home/sky/kaldi/egs/timit/s5/mfcc/raw_mfcc_train.10.ark:20178
MDLR1_SI1929 /home/sky/kaldi/egs/timit/s5/mfcc/raw_mfcc_train.5.ark:429178
MKRG0_SX231 /home/sky/kaldi/egs/timit/s5/mfcc/raw_mfcc_train.7.ark:826301
FHLM0_SX349 /home/sky/kaldi/egs/timit/s5/mfcc/raw_mfcc_train.1.ark:1531023
MPRT0_SI580 /home/sky/kaldi/egs/timit/s5/mfcc/raw_mfcc_train.8.ark:881614
FMKC0_SI1041 /home/sky/kaldi/egs/timit/s5/mfcc/raw_mfcc_train.2.ark:1429312
FLMK0_SI2295 /home/sky/kaldi/egs/timit/s5/mfcc/raw_mfcc_train.2.ark:1142346
MRLJ0_SX70 /home/sky/kaldi/egs/timit/s5/mfcc/raw_mfcc_train.9.ark:350090
MKDB0_SX152 /home/sky/kaldi/egs/timit/s5/mfcc/raw_mfcc_train.7.ark:494885
MSVS0_SX398 /home/sky/kaldi/egs/timit/s5/mfcc/raw_mfcc_train.10.ark:38106
FALR0_SI1325 /home/sky/kaldi/egs/timit/s5/mfcc/raw_mfcc_train.1.ark:101592
MTDB0_SX321 /home/sky/kaldi/egs/timit/s5/mfcc/raw_mfcc_train.10.ark:261364
FKLC0_SX265 /home/sky/kaldi/egs/timit/s5/mfcc/raw_mfcc_train.2.ark:655912
MKLS1_SX375 /home/sky/kaldi/egs/timit/s5/mfcc/raw_mfcc_train.7.ark:768187
MPRK0_SX197 /home/sky/kaldi/egs/timit/s5/mfcc/raw_mfcc_train.8.ark:860453
MFRM0_SX435 /home/sky/kaldi/egs/timit/s5/mfcc/raw_mfcc_train.5.ark:1264058
FJKL0_SX302 /home/sky/kaldi/egs/timit/s5/mfcc/raw_mfcc_train.2.ark:148790
MBWP0_SI1969 /home/sky/kaldi/egs/timit/s5/mfcc/raw_mfcc_train.4.ark:659007
MABC0_SI1620 /home/sky/kaldi/egs/timit/s5/mfcc/raw_mfcc_train.3.ark:1435390
FMBG0_SI1790 /home/sky/kaldi/egs/timit/s5/mfcc/raw_mfcc_train.2.ark:1266225
MRFK0_SX446 /home/sky/kaldi/egs/timit/s5/mfcc/raw_mfcc_train.8.ark:1436870
FDKN0_SI1081 /home/sky/kaldi/egs/timit/s5/mfcc/raw_mfcc_train.1.ark:910829
FCKE0_SI481 /home/sky/kaldi/egs/timit/s5/mfcc/raw_mfcc_train.1.ark:600572
MPAR0_SX46 /home/sky/kaldi/egs/timit/s5/mfcc/raw_mfcc_train.8.ark:518036
MDHS0_SX90 /home/sky/kaldi/egs/timit/s5/mfcc/raw_mfcc_train.5.ark:128023
MSAT1_SX353 /home/sky/kaldi/egs/timit/s5/mfcc/raw_mfcc_train.9.ark:1051804
MJRA0_SX246 /home/sky/kaldi/egs/timit/s5/mfcc/raw_mfcc_train.6.ark:1456014
FCLT0_SI1438 /home/sky/kaldi/egs/timit/s5/mfcc/raw_mfcc_train.1.ark:622103
MHJB0_SX297 /home/sky/kaldi/egs/timit/s5/mfcc/raw_mfcc_train.6.ark:373490
MBEF0_SI1911 /home/sky/kaldi/egs/timit/s5/mfcc/raw_mfcc_train.4.ark:388615
MBBR0_SX155 /home/sky/kaldi/egs/timit/s5/mfcc/raw_mfcc_train.4.ark:335515
MDTB0_SI570 /home/sky/kaldi/egs/timit/s5/mfcc/raw_mfcc_train.5.ark:783036
FAEM0_SX42 /home/sky/kaldi/egs/timit/s5/mfcc/raw_mfcc_train.1.ark:29767
MCDD0_SI883 /home/sky/kaldi/egs/timit/s5/mfcc/raw_mfcc_train.4.ark:800940
MPRB0_SX35 /home/sky/kaldi/egs/timit/s5/mfcc/raw_mfcc_train.8.ark:790497
FCEG0_SI618 /home/sky/kaldi/egs/timit/s5/mfcc/raw_mfcc_train.1.ark:516395
MNET0_SX96 /home/sky/kaldi/egs/timit/s5/mfcc/raw_mfcc_train.8.ark:454169
MRJB1_SX210 /home/sky/kaldi/egs/timit/s5/mfcc/raw_mfcc_train.9.ark:99956
MDSJ0_SX112 /home/sky/kaldi/egs/timit/s5/mfcc/raw_mfcc_train.5.ark:701479
MNTW0_SX168 /home/sky/kaldi/egs/timit/s5/mfcc/raw_mfcc_train.8.ark:473908
MLSH0_SX337 /home/sky/kaldi/egs/timit/s5/mfcc/raw_mfcc_train.7.ark:1062722
MTJU0_SI2020 /home/sky/kaldi/egs/timit/s5/mfcc/raw_mfcc_train.10.ark:448519
FJSP0_SI1434 /home/sky/kaldi/egs/timit/s5/mfcc/raw_mfcc_train.2.ark:331371
MJAE0_SI1524 /home/sky/kaldi/egs/timit/s5/mfcc/raw_mfcc_train.6.ark:568882
MPEB0_SX240 /home/sky/kaldi/egs/timit/s5/mfcc/raw_mfcc_train.8.ark:533530
FPAD0_SX266 /home/sky/kaldi/egs/timit/s5/mfcc/raw_mfcc_train.3.ark:173963
FEXM0_SX381 /home/sky/kaldi/egs/timit/s5/mfcc/raw_mfcc_train.1.ark:1360924
MRAI0_SX342 /home/sky/kaldi/egs/timit/s5/mfcc/raw_mfcc_train.8.ark:1016595
MDEM0_SX428 /home/sky/kaldi/egs/timit/s5/mfcc/raw_mfcc_train.5.ark:59042
MCDR0_SI1784 /home/sky/kaldi/egs/timit/s5/mfcc/raw_mfcc_train.4.ark:828563
MHIT0_SI983 /home/sky/kaldi/egs/timit/s5/mfcc/raw_mfcc_train.6.ark:327684
FSKC0_SX156 /home/sky/kaldi/egs/timit/s5/mfcc/raw_mfcc_train.3.ark:869340
MRSO0_SI1659 /home/sky/kaldi/egs/timit/s5/mfcc/raw_mfcc_train.9.ark:679554
MMDM1_SI1650 /home/sky/kaldi/egs/timit/s5/mfcc/raw_mfcc_train.7.ark:1413053
FLTM0_SX440 /home/sky/kaldi/egs/timit/s5/mfcc/raw_mfcc_train.2.ark:1219931
MTRC0_SX93 /home/sky/kaldi/egs/timit/s5/mfcc/raw_mfcc_train.10.ark:907975
FSJS0_SX271 /home/sky/kaldi/egs/timit/s5/mfcc/raw_mfcc_train.3.ark:807613
FAPB0_SI1693 /home/sky/kaldi/egs/timit/s5/mfcc/raw_mfcc_train.1.ark:137498
MRAB0_SI1854 /home/sky/kaldi/egs/timit/s5/mfcc/raw_mfcc_train.8.ark:932252
FSMA0_SX361 /home/sky/kaldi/egs/timit/s5/mfcc/raw_mfcc_train.3.ark:1005043
MPRD0_SX81 /home/sky/kaldi/egs/timit/s5/mfcc/raw_mfcc_train.8.ark:831446
MJDM0_SI1340 /home/sky/kaldi/egs/timit/s5/mfcc/raw_mfcc_train.6.ark:800410
FEAR0_SX442 /home/sky/kaldi/egs/timit/s5/mfcc/raw_mfcc_train.1.ark:1179139
MVRW0_SI1485 /home/sky/kaldi/egs/timit/s5/mfcc/raw_mfcc_train.10.ark:1103131
FJXP0_SI492 /home/sky/kaldi/egs/timit/s5/mfcc/raw_mfcc_train.2.ark:439885
MKAM0_SX416 /home/sky/kaldi/egs/timit/s5/mfcc/raw_mfcc_train.7.ark:476143
MTBC0_SI1803 /home/sky/kaldi/egs/timit/s5/mfcc/raw_mfcc_train.10.ark:178802
MMSM0_SI1106 /home/sky/kaldi/egs/timit/s5/mfcc/raw_mfcc_train.8.ark:226515
MJKR0_SI1831 /home/sky/kaldi/egs/timit/s5/mfcc/raw_mfcc_train.6.ark:1136310
MJMM0_SX85 /home/sky/kaldi/egs/timit/s5/mfcc/raw_mfcc_train.6.ark:1343226
MSAS0_SI2006 /home/sky/kaldi/egs/timit/s5/mfcc/raw_mfcc_train.9.ark:976573
MWAC0_SX161 /home/sky/kaldi/egs/timit/s5/mfcc/raw_mfcc_train.10.ark:1143614
MKLR0_SI1059 /home/sky/kaldi/egs/timit/s5/mfcc/raw_mfcc_train.7.ark:677568
MJWG0_SI895 /home/sky/kaldi/egs/timit/s5/mfcc/raw_mfcc_train.7.ark:190972
FRLL0_SX164 /home/sky/kaldi/egs/timit/s5/mfcc/raw_mfcc_train.3.ark:429094
FTAJ0_SX339 /home/sky/kaldi/egs/timit/s5/mfcc/raw_mfcc_train.3.ark:1204233
MMAM0_SX427 /home/sky/kaldi/egs/timit/s5/mfcc/raw_mfcc_train.7.ark:1201512
MTXS0_SI2320 /home/sky/kaldi/egs/timit/s5/mfcc/raw_mfcc_train.10.ark:1010038
FVMH0_SI836 /home/sky/kaldi/egs/timit/s5/mfcc/raw_mfcc_train.3.ark:1414327
FNTB0_SX33 /home/sky/kaldi/egs/timit/s5/mfcc/raw_mfcc_train.3.ark:75187
FLHD0_SI1827 /home/sky/kaldi/egs/timit/s5/mfcc/raw_mfcc_train.2.ark:902699
MPGR0_SX150 /home/sky/kaldi/egs/timit/s5/mfcc/raw_mfcc_train.8.ark:622769
MADD0_SX268 /home/sky/kaldi/egs/timit/s5/mfcc/raw_mfcc_train.3.ark:1513429
MGAG0_SI691 /home/sky/kaldi/egs/timit/s5/mfcc/raw_mfcc_train.5.ark:1401661
FTAJ0_SX69 /home/sky/kaldi/egs/timit/s5/mfcc/raw_mfcc_train.3.ark:1210096
FPAD0_SX86 /home/sky/kaldi/egs/timit/s5/mfcc/raw_mfcc_train.3.ark:186502
FCAJ0_SI1479 /home/sky/kaldi/egs/timit/s5/mfcc/raw_mfcc_train.1.ark:440021
FMKF0_SX276 /home/sky/kaldi/egs/timit/s5/mfcc/raw_mfcc_train.2.ark:1480567
MKAG0_SX30 /home/sky/kaldi/egs/timit/s5/mfcc/raw_mfcc_train.7.ark:377021
MRMB0_SI2211 /home/sky/kaldi/egs/timit/s5/mfcc/raw_mfcc_train.9.ark:446556
MMGG0_SX89 /home/sky/kaldi/egs/timit/s5/mfcc/raw_mfcc_train.8.ark:69364
FMEM0_SI2007 /home/sky/kaldi/egs/timit/s5/mfcc/raw_mfcc_train.2.ark:1296675
MDBP0_SX168 /home/sky/kaldi/egs/timit/s5/mfcc/raw_mfcc_train.4.ark:1323313
MMEA0_SX128 /home/sky/kaldi/egs/timit/s5/mfcc/raw_mfcc_train.7.ark:1483519
FDTD0_SX321 /home/sky/kaldi/egs/timit/s5/mfcc/raw_mfcc_train.1.ark:1083053
FSDJ0_SX305 /home/sky/kaldi/egs/timit/s5/mfcc/raw_mfcc_train.3.ark:674610
MDLB0_SX136 /home/sky/kaldi/egs/timit/s5/mfcc/raw_mfcc_train.5.ark:209470
FBLV0_SI2318 /home/sky/kaldi/egs/timit/s5/mfcc/raw_mfcc_train.1.ark:318726
MHBS0_SX315 /home/sky/kaldi/egs/timit/s5/mfcc/raw_mfcc_train.6.ark:311099
MMAG0_SX46 /home/sky/kaldi/egs/timit/s5/mfcc/raw_mfcc_train.7.ark:1176890
FDNC0_SI1278 /home/sky/kaldi/egs/timit/s5/mfcc/raw_mfcc_train.1.ark:1020396
MDWH0_SI1925 /home/sky/kaldi/egs/timit/s5/mfcc/raw_mfcc_train.5.ark:841787
MPAR0_SI1576 /home/sky/kaldi/egs/timit/s5/mfcc/raw_mfcc_train.8.ark:492949
MPRK0_SI467 /home/sky/kaldi/egs/timit/s5/mfcc/raw_mfcc_train.8.ark:846432
MWSH0_SX76 /home/sky/kaldi/egs/timit/s5/mfcc/raw_mfcc_train.10.ark:1476844
MCDD0_SI2143 /home/sky/kaldi/egs/timit/s5/mfcc/raw_mfcc_train.4.ark:797254
FDNC0_SX378 /home/sky/kaldi/egs/timit/s5/mfcc/raw_mfcc_train.1.ark:1052699
MGSH0_SX276 /home/sky/kaldi/egs/timit/s5/mfcc/raw_mfcc_train.6.ark:208611
MRXB0_SX55 /home/sky/kaldi/egs/timit/s5/mfcc/raw_mfcc_train.9.ark:938877
MCAE0_SX367 /home/sky/kaldi/egs/timit/s5/mfcc/raw_mfcc_train.4.ark:718281
FJDM2_SI2212 /home/sky/kaldi/egs/timit/s5/mfcc/raw_mfcc_train.2.ark:32480
FKDE0_SX241 /home/sky/kaldi/egs/timit/s5/mfcc/raw_mfcc_train.2.ark:515440
FLJD0_SI2146 /home/sky/kaldi/egs/timit/s5/mfcc/raw_mfcc_train.2.ark:971208
MJFR0_SX345 /home/sky/kaldi/egs/timit/s5/mfcc/raw_mfcc_train.6.ark:981717
MGJC0_SI1256 /home/sky/kaldi/egs/timit/s5/mfcc/raw_mfcc_train.6.ark:82732
MLJH0_SX154 /home/sky/kaldi/egs/timit/s5/mfcc/raw_mfcc_train.7.ark:987961
FAJW0_SX93 /home/sky/kaldi/egs/timit/s5/mfcc/raw_mfcc_train.1.ark:64116
MWEM0_SX150 /home/sky/kaldi/egs/timit/s5/mfcc/raw_mfcc_train.10.ark:1295002
MJEB0_SX206 /home/sky/kaldi/egs/timit/s5/mfcc/raw_mfcc_train.6.ark:853601
MBSB0_SI1983 /home/sky/kaldi/egs/timit/s5/mfcc/raw_mfcc_train.4.ark:603022
FTLG0_SX393 /home/sky/kaldi/egs/timit/s5/mfcc/raw_mfcc_train.3.ark:1307974
MWAD0_SI1062 /home/sky/kaldi/egs/timit/s5/mfcc/raw_mfcc_train.10.ark:1168934
FLJD0_SI1516 /home/sky/kaldi/egs/timit/s5/mfcc/raw_mfcc_train.2.ark:964609
FPJF0_SX146 /home/sky/kaldi/egs/timit/s5/mfcc/raw_mfcc_train.3.ark:270016
MTPR0_SX340 /home/sky/kaldi/egs/timit/s5/mfcc/raw_mfcc_train.10.ark:826638
MNTW0_SX348 /home/sky/kaldi/egs/timit/s5/mfcc/raw_mfcc_train.8.ark:484498
MSFH0_SX136 /home/sky/kaldi/egs/timit/s5/mfcc/raw_mfcc_train.9.ark:1245406
FREH0_SI1315 /home/sky/kaldi/egs/timit/s5/mfcc/raw_mfcc_train.3.ark:356171
MJRP0_SX135 /home/sky/kaldi/egs/timit/s5/mfcc/raw_mfcc_train.7.ark:122824
MTKP0_SI454 /home/sky/kaldi/egs/timit/s5/mfcc/raw_mfcc_train.10.ark:525634
MHJB0_SX27 /home/sky/kaldi/egs/timit/s5/mfcc/raw_mfcc_train.6.ark:370805
MDMT0_SX392 /home/sky/kaldi/egs/timit/s5/mfcc/raw_mfcc_train.5.ark:523428
FSMA0_SX271 /home/sky/kaldi/egs/timit/s5/mfcc/raw_mfcc_train.3.ark:1001292
MRDS0_SI537 /home/sky/kaldi/egs/timit/s5/mfcc/raw_mfcc_train.8.ark:1259730
MBJV0_SX347 /home/sky/kaldi/egs/timit/s5/mfcc/raw_mfcc_train.4.ark:463130
MRFL0_SI1156 /home/sky/kaldi/egs/timit/s5/mfcc/raw_mfcc_train.8.ark:1443293
FSJS0_SX451 /home/sky/kaldi/egs/timit/s5/mfcc/raw_mfcc_train.3.ark:814959
MGES0_SI2111 /home/sky/kaldi/egs/timit/s5/mfcc/raw_mfcc_train.6.ark:57151
FJDM2_SI1582 /home/sky/kaldi/egs/timit/s5/mfcc/raw_mfcc_train.2.ark:24365
MRCG0_SI1428 /home/sky/kaldi/egs/timit/s5/mfcc/raw_mfcc_train.8.ark:1121803
MTDP0_SX441 /home/sky/kaldi/egs/timit/s5/mfcc/raw_mfcc_train.10.ark:303549
MLNS0_SI1407 /home/sky/kaldi/egs/timit/s5/mfcc/raw_mfcc_train.7.ark:1010928
FBCH0_SX146 /home/sky/kaldi/egs/timit/s5/mfcc/raw_mfcc_train.1.ark:254177
MPMB0_SX151 /home/sky/kaldi/egs/timit/s5/mfcc/raw_mfcc_train.8.ark:698024
MJAC0_SX307 /home/sky/kaldi/egs/timit/s5/mfcc/raw_mfcc_train.6.ark:554008
MWDK0_SX176 /home/sky/kaldi/egs/timit/s5/mfcc/raw_mfcc_train.10.ark:1265187
FTLG0_SI483 /home/sky/kaldi/egs/timit/s5/mfcc/raw_mfcc_train.3.ark:1283324
MGAR0_SI1694 /home/sky/kaldi/egs/timit/s5/mfcc/raw_mfcc_train.5.ark:1464481
MFXV0_SI1342 /home/sky/kaldi/egs/timit/s5/mfcc/raw_mfcc_train.5.ark:1340024
MTLC0_SI1313 /home/sky/kaldi/egs/timit/s5/mfcc/raw_mfcc_train.10.ark:581685
MBBR0_SI1685 /home/sky/kaldi/egs/timit/s5/mfcc/raw_mfcc_train.4.ark:329494
MADC0_SX287 /home/sky/kaldi/egs/timit/s5/mfcc/raw_mfcc_train.3.ark:1489192
MCLM0_SX106 /home/sky/kaldi/egs/timit/s5/mfcc/raw_mfcc_train.4.ark:1010044
FKLH0_SI1257 /home/sky/kaldi/egs/timit/s5/mfcc/raw_mfcc_train.2.ark:704124
MRAM0_SX285 /home/sky/kaldi/egs/timit/s5/mfcc/raw_mfcc_train.8.ark:1053410
MKLN0_SI1598 /home/sky/kaldi/egs/timit/s5/mfcc/raw_mfcc_train.7.ark:646454
MPPC0_SX62 /home/sky/kaldi/egs/timit/s5/mfcc/raw_mfcc_train.8.ark:756686
MDWD0_SX450 /home/sky/kaldi/egs/timit/s5/mfcc/raw_mfcc_train.5.ark:827985
MTDB0_SI1401 /home/sky/kaldi/egs/timit/s5/mfcc/raw_mfcc_train.10.ark:240840
MMDG0_SX430 /home/sky/kaldi/egs/timit/s5/mfcc/raw_mfcc_train.7.ark:1373644
MAEB0_SX180 /home/sky/kaldi/egs/timit/s5/mfcc/raw_mfcc_train.4.ark:21134
MEWM0_SX358 /home/sky/kaldi/egs/timit/s5/mfcc/raw_mfcc_train.5.ark:1169187
FDNC0_SI1908 /home/sky/kaldi/egs/timit/s5/mfcc/raw_mfcc_train.1.ark:1027307
MSAT0_SI2156 /home/sky/kaldi/egs/timit/s5/mfcc/raw_mfcc_train.9.ark:1009741
MRRE0_SI952 /home/sky/kaldi/egs/timit/s5/mfcc/raw_mfcc_train.9.ark:645275
MTPR0_SI1600 /home/sky/kaldi/egs/timit/s5/mfcc/raw_mfcc_train.10.ark:802721
MMJB1_SX328 /home/sky/kaldi/egs/timit/s5/mfcc/raw_mfcc_train.8.ark:117422
FDML0_SX159 /home/sky/kaldi/egs/timit/s5/mfcc/raw_mfcc_train.1.ark:958360
MLJC0_SX415 /home/sky/kaldi/egs/timit/s5/mfcc/raw_mfcc_train.7.ark:961353
MEJL0_SX152 /home/sky/kaldi/egs/timit/s5/mfcc/raw_mfcc_train.5.ark:1040546
MAEB0_SX270 /home/sky/kaldi/egs/timit/s5/mfcc/raw_mfcc_train.4.ark:24833
FMPG0_SI1602 /home/sky/kaldi/egs/timit/s5/mfcc/raw_mfcc_train.2.ark:1529359
MTCS0_SX442 /home/sky/kaldi/egs/timit/s5/mfcc/raw_mfcc_train.10.ark:232480
MRJB1_SX120 /home/sky/kaldi/egs/timit/s5/mfcc/raw_mfcc_train.9.ark:94541
MKXL0_SX195 /home/sky/kaldi/egs/timit/s5/mfcc/raw_mfcc_train.7.ark:858175
MTPF0_SI605 /home/sky/kaldi/egs/timit/s5/mfcc/raw_mfcc_train.10.ark:720470
MPEB0_SI600 /home/sky/kaldi/egs/timit/s5/mfcc/raw_mfcc_train.8.ark:524897
MKRG0_SX51 /home/sky/kaldi/egs/timit/s5/mfcc/raw_mfcc_train.7.ark:833639
MPGH0_SX24 /home/sky/kaldi/egs/timit/s5/mfcc/raw_mfcc_train.8.ark:603706
MKJO0_SI887 /home/sky/kaldi/egs/timit/s5/mfcc/raw_mfcc_train.7.ark:624312
MJAI0_SI1604 /home/sky/kaldi/egs/timit/s5/mfcc/raw_mfcc_train.6.ark:603156
MESG0_SX432 /home/sky/kaldi/egs/timit/s5/mfcc/raw_mfcc_train.5.ark:1115470
FAJW0_SI1893 /home/sky/kaldi/egs/timit/s5/mfcc/raw_mfcc_train.1.ark:39403
FKLC0_SI2245 /home/sky/kaldi/egs/timit/s5/mfcc/raw_mfcc_train.2.ark:639849
FGMB0_SI515 /home/sky/kaldi/egs/timit/s5/mfcc/raw_mfcc_train.1.ark:1443065
FMJF0_SX264 /home/sky/kaldi/egs/timit/s5/mfcc/raw_mfcc_train.2.ark:1378345
MDAC0_SI1261 /home/sky/kaldi/egs/timit/s5/mfcc/raw_mfcc_train.4.ark:1216093
FSJG0_SX40 /home/sky/kaldi/egs/timit/s5/mfcc/raw_mfcc_train.3.ark:749272
MDSS0_SX351 /home/sky/kaldi/egs/timit/s5/mfcc/raw_mfcc_train.5.ark:737690
MJXL0_SI542 /home/sky/kaldi/egs/timit/s5/mfcc/raw_mfcc_train.7.ark:328961
MMWS0_SX438 /home/sky/kaldi/egs/timit/s5/mfcc/raw_mfcc_train.8.ark:363866
MWSB0_SX276 /home/sky/kaldi/egs/timit/s5/mfcc/raw_mfcc_train.10.ark:1429904
MTAT1_SX59 /home/sky/kaldi/egs/timit/s5/mfcc/raw_mfcc_train.10.ark:173716
MRAI0_SX432 /home/sky/kaldi/egs/timit/s5/mfcc/raw_mfcc_train.8.ark:1021035
MCDR0_SX434 /home/sky/kaldi/egs/timit/s5/mfcc/raw_mfcc_train.4.ark:852609
FSLS0_SX202 /home/sky/kaldi/egs/timit/s5/mfcc/raw_mfcc_train.3.ark:969905
MGSH0_SX127 /home/sky/kaldi/egs/timit/s5/mfcc/raw_mfcc_train.6.ark:201889
MEFG0_SI465 /home/sky/kaldi/egs/timit/s5/mfcc/raw_mfcc_train.5.ark:960086
MRCW0_SX111 /home/sky/kaldi/egs/timit/s5/mfcc/raw_mfcc_train.8.ark:1175169
MREH1_SX249 /home/sky/kaldi/egs/timit/s5/mfcc/raw_mfcc_train.8.ark:1335337
FVFB0_SX402 /home/sky/kaldi/egs/timit/s5/mfcc/raw_mfcc_train.3.ark:1366206
MKLS0_SX357 /home/sky/kaldi/egs/timit/s5/mfcc/raw_mfcc_train.7.ark:729338
MEFG0_SI598 /home/sky/kaldi/egs/timit/s5/mfcc/raw_mfcc_train.5.ark:969837
FTMG0_SX92 /home/sky/kaldi/egs/timit/s5/mfcc/raw_mfcc_train.3.ark:1339257
MSDS0_SX177 /home/sky/kaldi/egs/timit/s5/mfcc/raw_mfcc_train.9.ark:1136372
MTXS0_SX250 /home/sky/kaldi/egs/timit/s5/mfcc/raw_mfcc_train.10.ark:1021622
MEJS0_SX250 /home/sky/kaldi/egs/timit/s5/mfcc/raw_mfcc_train.5.ark:1077075
MGES0_SX401 /home/sky/kaldi/egs/timit/s5/mfcc/raw_mfcc_train.6.ark:75282
MRMG0_SX180 /home/sky/kaldi/egs/timit/s5/mfcc/raw_mfcc_train.9.ark:486109
FLMA0_SX163 /home/sky/kaldi/egs/timit/s5/mfcc/raw_mfcc_train.2.ark:1083686
MMDM0_SX411 /home/sky/kaldi/egs/timit/s5/mfcc/raw_mfcc_train.7.ark:1404628
MJEB1_SX27 /home/sky/kaldi/egs/timit/s5/mfcc/raw_mfcc_train.6.ark:891637
FPMY0_SX343 /home/sky/kaldi/egs/timit/s5/mfcc/raw_mfcc_train.3.ark:347343
MKLR0_SX159 /home/sky/kaldi/egs/timit/s5/mfcc/raw_mfcc_train.7.ark:688030
MMAB1_SX324 /home/sky/kaldi/egs/timit/s5/mfcc/raw_mfcc_train.7.ark:1128915
FMBG0_SI2264 /home/sky/kaldi/egs/timit/s5/mfcc/raw_mfcc_train.2.ark:1269366
MJJJ0_SX173 /home/sky/kaldi/egs/timit/s5/mfcc/raw_mfcc_train.6.ark:1077320
MRMH0_SX121 /home/sky/kaldi/egs/timit/s5/mfcc/raw_mfcc_train.9.ark:519889
FCMG0_SX252 /home/sky/kaldi/egs/timit/s5/mfcc/raw_mfcc_train.1.ark:672019
MDWH0_SI1168 /home/sky/kaldi/egs/timit/s5/mfcc/raw_mfcc_train.5.ark:835149
FGDP0_SX448 /home/sky/kaldi/egs/timit/s5/mfcc/raw_mfcc_train.1.ark:1421989
MRDD0_SX150 /home/sky/kaldi/egs/timit/s5/mfcc/raw_mfcc_train.8.ark:1202891
MWGR0_SI2236 /home/sky/kaldi/egs/timit/s5/mfcc/raw_mfcc_train.10.ark:1322020
MJWG0_SX265 /home/sky/kaldi/egs/timit/s5/mfcc/raw_mfcc_train.7.ark:204376
MEGJ0_SI1967 /home/sky/kaldi/egs/timit/s5/mfcc/raw_mfcc_train.5.ark:1002309
MLEL0_SX346 /home/sky/kaldi/egs/timit/s5/mfcc/raw_mfcc_train.7.ark:923381
MMAM0_SX247 /home/sky/kaldi/egs/timit/s5/mfcc/raw_mfcc_train.7.ark:1193503
MTRC0_SX183 /home/sky/kaldi/egs/timit/s5/mfcc/raw_mfcc_train.10.ark:898829
MTRR0_SX18 /home/sky/kaldi/egs/timit/s5/mfcc/raw_mfcc_train.10.ark:926497
FNTB0_SI679 /home/sky/kaldi/egs/timit/s5/mfcc/raw_mfcc_train.3.ark:58273
MTRC0_SI993 /home/sky/kaldi/egs/timit/s5/mfcc/raw_mfcc_train.10.ark:890924
MDWM0_SI916 /home/sky/kaldi/egs/timit/s5/mfcc/raw_mfcc_train.5.ark:880877
MKRG0_SX31 /home/sky/kaldi/egs/timit/s5/mfcc/raw_mfcc_train.7.ark:827828
MMGG0_SI1709 /home/sky/kaldi/egs/timit/s5/mfcc/raw_mfcc_train.8.ark:46338
MHRM0_SX58 /home/sky/kaldi/egs/timit/s5/mfcc/raw_mfcc_train.6.ark:468867
MJWS0_SI1143 /home/sky/kaldi/egs/timit/s5/mfcc/raw_mfcc_train.7.ark:218964
MMGG0_SX449 /home/sky/kaldi/egs/timit/s5/mfcc/raw_mfcc_train.8.ark:63690
MVRW0_SX135 /home/sky/kaldi/egs/timit/s5/mfcc/raw_mfcc_train.10.ark:1114190
MDBB1_SX376 /home/sky/kaldi/egs/timit/s5/mfcc/raw_mfcc_train.4.ark:1305590
FDXW0_SI881 /home/sky/kaldi/egs/timit/s5/mfcc/raw_mfcc_train.1.ark:1097305
MKJO0_SI2147 /home/sky/kaldi/egs/timit/s5/mfcc/raw_mfcc_train.7.ark:621445
MMDM0_SX231 /home/sky/kaldi/egs/timit/s5/mfcc/raw_mfcc_train.7.ark:1397646
FSAH0_SI1874 /home/sky/kaldi/egs/timit/s5/mfcc/raw_mfcc_train.3.ark:489774
MSJK0_SX426 /home/sky/kaldi/egs/timit/s5/mfcc/raw_mfcc_train.9.ark:1332004
MEGJ0_SI707 /home/sky/kaldi/egs/timit/s5/mfcc/raw_mfcc_train.5.ark:1004175
MJBG0_SX332 /home/sky/kaldi/egs/timit/s5/mfcc/raw_mfcc_train.6.ark:654001
MRJH0_SX169 /home/sky/kaldi/egs/timit/s5/mfcc/raw_mfcc_train.9.ark:130035
MTCS0_SX172 /home/sky/kaldi/egs/timit/s5/mfcc/raw_mfcc_train.10.ark:220239
MKDT0_SI2153 /home/sky/kaldi/egs/timit/s5/mfcc/raw_mfcc_train.7.ark:548134
MTPG0_SX123 /home/sky/kaldi/egs/timit/s5/mfcc/raw_mfcc_train.10.ark:755894
FGRW0_SX342 /home/sky/kaldi/egs/timit/s5/mfcc/raw_mfcc_train.1.ark:1494377
FPAB1_SX121 /home/sky/kaldi/egs/timit/s5/mfcc/raw_mfcc_train.3.ark:99430
FEME0_SX65 /home/sky/kaldi/egs/timit/s5/mfcc/raw_mfcc_train.1.ark:1291376
FCJS0_SX347 /home/sky/kaldi/egs/timit/s5/mfcc/raw_mfcc_train.1.ark:578631
MRMB0_SX231 /home/sky/kaldi/egs/timit/s5/mfcc/raw_mfcc_train.9.ark:459486
FVFB0_SX222 /home/sky/kaldi/egs/timit/s5/mfcc/raw_mfcc_train.3.ark:1357755
MTML0_SX75 /home/sky/kaldi/egs/timit/s5/mfcc/raw_mfcc_train.10.ark:641631
MMRP0_SX144 /home/sky/kaldi/egs/timit/s5/mfcc/raw_mfcc_train.8.ark:201832
MPRB0_SI1215 /home/sky/kaldi/egs/timit/s5/mfcc/raw_mfcc_train.8.ark:763735
MDLR1_SI669 /home/sky/kaldi/egs/timit/s5/mfcc/raw_mfcc_train.5.ark:433046
MWRP0_SI1443 /home/sky/kaldi/egs/timit/s5/mfcc/raw_mfcc_train.10.ark:1382928
MPGR1_SI1499 /home/sky/kaldi/egs/timit/s5/mfcc/raw_mfcc_train.8.ark:644158
MRLJ1_SI2332 /home/sky/kaldi/egs/timit/s5/mfcc/raw_mfcc_train.9.ark:360917
MVJH0_SI2186 /home/sky/kaldi/egs/timit/s5/mfcc/raw_mfcc_train.10.ark:1045383
MDHS0_SX270 /home/sky/kaldi/egs/timit/s5/mfcc/raw_mfcc_train.5.ark:117408
FMEM0_SI1377 /home/sky/kaldi/egs/timit/s5/mfcc/raw_mfcc_train.2.ark:1291532
FDNC0_SX18 /home/sky/kaldi/egs/timit/s5/mfcc/raw_mfcc_train.1.ark:1039873
FMKF0_SX96 /home/sky/kaldi/egs/timit/s5/mfcc/raw_mfcc_train.2.ark:1492285
FNTB0_SX393 /home/sky/kaldi/egs/timit/s5/mfcc/raw_mfcc_train.3.ark:78795
MAFM0_SX39 /home/sky/kaldi/egs/timit/s5/mfcc/raw_mfcc_train.4.ark:91144
MJRG0_SI736 /home/sky/kaldi/egs/timit/s5/mfcc/raw_mfcc_train.6.ark:1478599
MHMR0_SX39 /home/sky/kaldi/egs/timit/s5/mfcc/raw_mfcc_train.6.ark:435783
MAPV0_SI663 /home/sky/kaldi/egs/timit/s5/mfcc/raw_mfcc_train.4.ark:206774
MMDM0_SX141 /home/sky/kaldi/egs/timit/s5/mfcc/raw_mfcc_train.7.ark:1393427
MESJ0_SX367 /home/sky/kaldi/egs/timit/s5/mfcc/raw_mfcc_train.5.ark:1142378
FBCH0_SX236 /home/sky/kaldi/egs/timit/s5/mfcc/raw_mfcc_train.1.ark:258084
MSDS0_SX87 /home/sky/kaldi/egs/timit/s5/mfcc/raw_mfcc_train.9.ark:1154443
FPJF0_SI1046 /home/sky/kaldi/egs/timit/s5/mfcc/raw_mfcc_train.3.ark:257279
MJMM0_SI1255 /home/sky/kaldi/egs/timit/s5/mfcc/raw_mfcc_train.6.ark:1316280
MSMR0_SX325 /home/sky/kaldi/egs/timit/s5/mfcc/raw_mfcc_train.9.ark:1394744
MCAL0_SX58 /home/sky/kaldi/egs/timit/s5/mfcc/raw_mfcc_train.4.ark:758805
MJMD0_SX398 /home/sky/kaldi/egs/timit/s5/mfcc/raw_mfcc_train.6.ark:1312333
MJBG0_SX422 /home/sky/kaldi/egs/timit/s5/mfcc/raw_mfcc_train.6.ark:659026
FJHK0_SX122 /home/sky/kaldi/egs/timit/s5/mfcc/raw_mfcc_train.2.ark:108952
MRTC0_SI2088 /home/sky/kaldi/egs/timit/s5/mfcc/raw_mfcc_train.9.ark:751806
MRJM1_SI668 /home/sky/kaldi/egs/timit/s5/mfcc/raw_mfcc_train.9.ark:195897
MFXS0_SX144 /home/sky/kaldi/egs/timit/s5/mfcc/raw_mfcc_train.5.ark:1312421
MEWM0_SI1348 /home/sky/kaldi/egs/timit/s5/mfcc/raw_mfcc_train.5.ark:1151406
FCYL0_SI1927 /home/sky/kaldi/egs/timit/s5/mfcc/raw_mfcc_train.1.ark:754199
MEAL0_SX377 /home/sky/kaldi/egs/timit/s5/mfcc/raw_mfcc_train.5.ark:928419
FSKP0_SX198 /home/sky/kaldi/egs/timit/s5/mfcc/raw_mfcc_train.3.ark:940512
MJRA0_SX156 /home/sky/kaldi/egs/timit/s5/mfcc/raw_mfcc_train.6.ark:1452042
MJAI0_SX164 /home/sky/kaldi/egs/timit/s5/mfcc/raw_mfcc_train.6.ark:618660
MDMA0_SX170 /home/sky/kaldi/egs/timit/s5/mfcc/raw_mfcc_train.5.ark:471123
MRFK0_SI1706 /home/sky/kaldi/egs/timit/s5/mfcc/raw_mfcc_train.8.ark:1420428
MDCM0_SX400 /home/sky/kaldi/egs/timit/s5/mfcc/raw_mfcc_train.4.ark:1404522
MDSS0_SX171 /home/sky/kaldi/egs/timit/s5/mfcc/raw_mfcc_train.5.ark:731163
MJRK0_SX430 /home/sky/kaldi/egs/timit/s5/mfcc/raw_mfcc_train.7.ark:104757
FKAA0_SX308 /home/sky/kaldi/egs/timit/s5/mfcc/raw_mfcc_train.2.ark:481342
MTAB0_SX222 /home/sky/kaldi/egs/timit/s5/mfcc/raw_mfcc_train.10.ark:64000
FLOD0_SI1287 /home/sky/kaldi/egs/timit/s5/mfcc/raw_mfcc_train.2.ark:1164735
MJDE0_SI1120 /home/sky/kaldi/egs/timit/s5/mfcc/raw_mfcc_train.6.ark:726066
MDHS0_SX180 /home/sky/kaldi/egs/timit/s5/mfcc/raw_mfcc_train.5.ark:113813
MGAK0_SX226 /home/sky/kaldi/egs/timit/s5/mfcc/raw_mfcc_train.5.ark:1443034
FCDR1_SX16 /home/sky/kaldi/egs/timit/s5/mfcc/raw_mfcc_train.1.ark:493055
MPRD0_SI801 /home/sky/kaldi/egs/timit/s5/mfcc/raw_mfcc_train.8.ark:806088
MSRR0_SX51 /home/sky/kaldi/egs/timit/s5/mfcc/raw_mfcc_train.9.ark:1496054
MRPC1_SI1482 /home/sky/kaldi/egs/timit/s5/mfcc/raw_mfcc_train.9.ark:606411
FCMM0_SI1083 /home/sky/kaldi/egs/timit/s5/mfcc/raw_mfcc_train.1.ark:688583
MLBC0_SX339 /home/sky/kaldi/egs/timit/s5/mfcc/raw_mfcc_train.7.ark:888393
MREM0_SI511 /home/sky/kaldi/egs/timit/s5/mfcc/raw_mfcc_train.8.ark:1355821
FAJW0_SX363 /home/sky/kaldi/egs/timit/s5/mfcc/raw_mfcc_train.1.ark:59625
MGRP0_SX147 /home/sky/kaldi/egs/timit/s5/mfcc/raw_mfcc_train.6.ark:163430
MHBS0_SI1575 /home/sky/kaldi/egs/timit/s5/mfcc/raw_mfcc_train.6.ark:291550
MGSH0_SX6 /home/sky/kaldi/egs/timit/s5/mfcc/raw_mfcc_train.6.ark:212334
MCLK0_SX310 /home/sky/kaldi/egs/timit/s5/mfcc/raw_mfcc_train.4.ark:987017
FJKL0_SX32 /home/sky/kaldi/egs/timit/s5/mfcc/raw_mfcc_train.2.ark:152189
MTJM0_SX56 /home/sky/kaldi/egs/timit/s5/mfcc/raw_mfcc_train.10.ark:406828
MJJM0_SX17 /home/sky/kaldi/egs/timit/s5/mfcc/raw_mfcc_train.6.ark:1116721
MDMA0_SX350 /home/sky/kaldi/egs/timit/s5/mfcc/raw_mfcc_train.5.ark:482395
MRDS0_SX357 /home/sky/kaldi/egs/timit/s5/mfcc/raw_mfcc_train.8.ark:1271412
MSDB0_SI2267 /home/sky/kaldi/egs/timit/s5/mfcc/raw_mfcc_train.9.ark:1070730
MBJV0_SX167 /home/sky/kaldi/egs/timit/s5/mfcc/raw_mfcc_train.4.ark:456538
MJMM0_SX265 /home/sky/kaldi/egs/timit/s5/mfcc/raw_mfcc_train.6.ark:1333352
MJMA0_SX55 /home/sky/kaldi/egs/timit/s5/mfcc/raw_mfcc_train.6.ark:1284299
FTLG0_SX33 /home/sky/kaldi/egs/timit/s5/mfcc/raw_mfcc_train.3.ark:1304574
FDXW0_SI2141 /home/sky/kaldi/egs/timit/s5/mfcc/raw_mfcc_train.1.ark:1095413
MMAB1_SX54 /home/sky/kaldi/egs/timit/s5/mfcc/raw_mfcc_train.7.ark:1138769
FSJK1_SI1025 /home/sky/kaldi/egs/timit/s5/mfcc/raw_mfcc_train.3.ark:760545
FJWB1_SX75 /home/sky/kaldi/egs/timit/s5/mfcc/raw_mfcc_train.2.ark:390834
MEJS0_SI1870 /home/sky/kaldi/egs/timit/s5/mfcc/raw_mfcc_train.5.ark:1064925
MFXS0_SI2225 /home/sky/kaldi/egs/timit/s5/mfcc/raw_mfcc_train.5.ark:1306777
FSMM0_SX234 /home/sky/kaldi/egs/timit/s5/mfcc/raw_mfcc_train.3.ark:1033394
FLMC0_SX292 /home/sky/kaldi/egs/timit/s5/mfcc/raw_mfcc_train.2.ark:1119155
MRLJ0_SI790 /home/sky/kaldi/egs/timit/s5/mfcc/raw_mfcc_train.9.ark:329100
MREH1_SX159 /home/sky/kaldi/egs/timit/s5/mfcc/raw_mfcc_train.8.ark:1330611
MGES0_SI851 /home/sky/kaldi/egs/timit/s5/mfcc/raw_mfcc_train.6.ark:59173
MGRP0_SI1947 /home/sky/kaldi/egs/timit/s5/mfcc/raw_mfcc_train.6.ark:155668
MWRP0_SX183 /home/sky/kaldi/egs/timit/s5/mfcc/raw_mfcc_train.10.ark:1397069
MDAS0_SX6 /home/sky/kaldi/egs/timit/s5/mfcc/raw_mfcc_train.4.ark:1272324
FLJD0_SX166 /home/sky/kaldi/egs/timit/s5/mfcc/raw_mfcc_train.2.ark:977046
FSJG0_SX310 /home/sky/kaldi/egs/timit/s5/mfcc/raw_mfcc_train.3.ark:744196
FMJB0_SX367 /home/sky/kaldi/egs/timit/s5/mfcc/raw_mfcc_train.2.ark:1349164
FDAW0_SX146 /home/sky/kaldi/egs/timit/s5/mfcc/raw_mfcc_train.1.ark:833823
FJRB0_SX402 /home/sky/kaldi/egs/timit/s5/mfcc/raw_mfcc_train.2.ark:247418
FLJA0_SI1078 /home/sky/kaldi/egs/timit/s5/mfcc/raw_mfcc_train.2.ark:929464
FEAR0_SI622 /home/sky/kaldi/egs/timit/s5/mfcc/raw_mfcc_train.1.ark:1160703
MBEF0_SX381 /home/sky/kaldi/egs/timit/s5/mfcc/raw_mfcc_train.4.ark:408065
FEME0_SI875 /home/sky/kaldi/egs/timit/s5/mfcc/raw_mfcc_train.1.ark:1266590
MHRM0_SI1475 /home/sky/kaldi/egs/timit/s5/mfcc/raw_mfcc_train.6.ark:442558
MRMH0_SI1349 /home/sky/kaldi/egs/timit/s5/mfcc/raw_mfcc_train.9.ark:510852
FPAF0_SX154 /home/sky/kaldi/egs/timit/s5/mfcc/raw_mfcc_train.3.ark:203563
FLMK0_SX45 /home/sky/kaldi/egs/timit/s5/mfcc/raw_mfcc_train.2.ark:1161048
MDLC1_SI2065 /home/sky/kaldi/egs/timit/s5/mfcc/raw_mfcc_train.5.ark:274518
MTPG0_SX33 /home/sky/kaldi/egs/timit/s5/mfcc/raw_mfcc_train.10.ark:766002
MJRH1_SX154 /home/sky/kaldi/egs/timit/s5/mfcc/raw_mfcc_train.7.ark:63170
MTAS0_SX125 /home/sky/kaldi/egs/timit/s5/mfcc/raw_mfcc_train.10.ark:92013
MMCC0_SX348 /home/sky/kaldi/egs/timit/s5/mfcc/raw_mfcc_train.7.ark:1304402
MGAF0_SI1282 /home/sky/kaldi/egs/timit/s5/mfcc/raw_mfcc_train.5.ark:1365424
MRAV0_SX108 /home/sky/kaldi/egs/timit/s5/mfcc/raw_mfcc_train.8.ark:1073390
MBEF0_SX111 /home/sky/kaldi/egs/timit/s5/mfcc/raw_mfcc_train.4.ark:396923
MTLB0_SX414 /home/sky/kaldi/egs/timit/s5/mfcc/raw_mfcc_train.10.ark:573325
FKDW0_SX217 /home/sky/kaldi/egs/timit/s5/mfcc/raw_mfcc_train.2.ark:551728
FHXS0_SX175 /home/sky/kaldi/egs/timit/s5/mfcc/raw_mfcc_train.2.ark:3556
MTQC0_SI480 /home/sky/kaldi/egs/timit/s5/mfcc/raw_mfcc_train.10.ark:852414
MJJM0_SX287 /home/sky/kaldi/egs/timit/s5/mfcc/raw_mfcc_train.6.ark:1123040
FSDC0_SX232 /home/sky/kaldi/egs/timit/s5/mfcc/raw_mfcc_train.3.ark:641266
MEAL0_SI1547 /home/sky/kaldi/egs/timit/s5/mfcc/raw_mfcc_train.5.ark:905619
MMDM0_SI1311 /home/sky/kaldi/egs/timit/s5/mfcc/raw_mfcc_train.7.ark:1380392
MDSS0_SX261 /home/sky/kaldi/egs/timit/s5/mfcc/raw_mfcc_train.5.ark:735486
MLJC0_SX235 /home/sky/kaldi/egs/timit/s5/mfcc/raw_mfcc_train.7.ark:953838
MJFR0_SX75 /home/sky/kaldi/egs/timit/s5/mfcc/raw_mfcc_train.6.ark:992546
MREM0_SX61 /home/sky/kaldi/egs/timit/s5/mfcc/raw_mfcc_train.8.ark:1380172
MSMR0_SI1150 /home/sky/kaldi/egs/timit/s5/mfcc/raw_mfcc_train.9.ark:1372959
FSRH0_SX401 /home/sky/kaldi/egs/timit/s5/mfcc/raw_mfcc_train.3.ark:1143988
MPGR0_SX330 /home/sky/kaldi/egs/timit/s5/mfcc/raw_mfcc_train.8.ark:628646
MLJH0_SI1324 /home/sky/kaldi/egs/timit/s5/mfcc/raw_mfcc_train.7.ark:968647
MKDB0_SI2132 /home/sky/kaldi/egs/timit/s5/mfcc/raw_mfcc_train.7.ark:483411
MJJJ0_SX353 /home/sky/kaldi/egs/timit/s5/mfcc/raw_mfcc_train.6.ark:1086863
MJDA0_SX401 /home/sky/kaldi/egs/timit/s5/mfcc/raw_mfcc_train.6.ark:687814
MGSH0_SX186 /home/sky/kaldi/egs/timit/s5/mfcc/raw_mfcc_train.6.ark:204756
FCKE0_SI1741 /home/sky/kaldi/egs/timit/s5/mfcc/raw_mfcc_train.1.ark:594650
MDBB1_SI2056 /home/sky/kaldi/egs/timit/s5/mfcc/raw_mfcc_train.4.ark:1286992
MRTC0_SI828 /home/sky/kaldi/egs/timit/s5/mfcc/raw_mfcc_train.9.ark:756766
MDLH0_SX430 /home/sky/kaldi/egs/timit/s5/mfcc/raw_mfcc_train.5.ark:355189
MPPC0_SX242 /home/sky/kaldi/egs/timit/s5/mfcc/raw_mfcc_train.8.ark:744433
MRDD0_SI1680 /home/sky/kaldi/egs/timit/s5/mfcc/raw_mfcc_train.8.ark:1195648
MMAG0_SX406 /home/sky/kaldi/egs/timit/s5/mfcc/raw_mfcc_train.7.ark:1171710
FCAG0_SI1503 /home/sky/kaldi/egs/timit/s5/mfcc/raw_mfcc_train.1.ark:410713
MDSS1_SX157 /home/sky/kaldi/egs/timit/s5/mfcc/raw_mfcc_train.5.ark:759690
FSSB0_SX272 /home/sky/kaldi/egs/timit/s5/mfcc/raw_mfcc_train.3.ark:1169070
FLOD0_SX117 /home/sky/kaldi/egs/timit/s5/mfcc/raw_mfcc_train.2.ark:1177029
MTJU0_SX310 /home/sky/kaldi/egs/timit/s5/mfcc/raw_mfcc_train.10.ark:468211
MMSM0_SI1736 /home/sky/kaldi/egs/timit/s5/mfcc/raw_mfcc_train.8.ark:232152
MWSB0_SX186 /home/sky/kaldi/egs/timit/s5/mfcc/raw_mfcc_train.10.ark:1427128
MPRD0_SI2061 /home/sky/kaldi/egs/timit/s5/mfcc/raw_mfcc_train.8.ark:803637
MRLR0_SI1826 /home/sky/kaldi/egs/timit/s5/mfcc/raw_mfcc_train.9.ark:418224
FALR0_SX65 /home/sky/kaldi/egs/timit/s5/mfcc/raw_mfcc_train.1.ark:128603
FTBR0_SX381 /home/sky/kaldi/egs/timit/s5/mfcc/raw_mfcc_train.3.ark:1241730
MJSR0_SX344 /home/sky/kaldi/egs/timit/s5/mfcc/raw_mfcc_train.7.ark:167823
FALR0_SX155 /home/sky/kaldi/egs/timit/s5/mfcc/raw_mfcc_train.1.ark:113197
FSBK0_SX259 /home/sky/kaldi/egs/timit/s5/mfcc/raw_mfcc_train.3.ark:566051
MDMA0_SX440 /home/sky/kaldi/egs/timit/s5/mfcc/raw_mfcc_train.5.ark:488460
FJDM2_SX412 /home/sky/kaldi/egs/timit/s5/mfcc/raw_mfcc_train.2.ark:51007
FDTD0_SI1561 /home/sky/kaldi/egs/timit/s5/mfcc/raw_mfcc_train.1.ark:1057309
FSMA0_SX451 /home/sky/kaldi/egs/timit/s5/mfcc/raw_mfcc_train.3.ark:1008586
MLNS0_SI2037 /home/sky/kaldi/egs/timit/s5/mfcc/raw_mfcc_train.7.ark:1013965
MSRG0_SI591 /home/sky/kaldi/egs/timit/s5/mfcc/raw_mfcc_train.9.ark:1444523
MREH1_SX339 /home/sky/kaldi/egs/timit/s5/mfcc/raw_mfcc_train.8.ark:1338919
MDBB1_SI1006 /home/sky/kaldi/egs/timit/s5/mfcc/raw_mfcc_train.4.ark:1279423
MLEL0_SI1876 /home/sky/kaldi/egs/timit/s5/mfcc/raw_mfcc_train.7.ark:903710
MJBG0_SI1232 /home/sky/kaldi/egs/timit/s5/mfcc/raw_mfcc_train.6.ark:634932
MRBC0_SX329 /home/sky/kaldi/egs/timit/s5/mfcc/raw_mfcc_train.8.ark:1109848
MCPM0_SI1824 /home/sky/kaldi/egs/timit/s5/mfcc/raw_mfcc_train.4.ark:1029457
MRJH0_SI889 /home/sky/kaldi/egs/timit/s5/mfcc/raw_mfcc_train.9.ark:120843
MSAH1_SX419 /home/sky/kaldi/egs/timit/s5/mfcc/raw_mfcc_train.9.ark:963759
MBML0_SX89 /home/sky/kaldi/egs/timit/s5/mfcc/raw_mfcc_train.4.ark:566586
FAPB0_SX433 /home/sky/kaldi/egs/timit/s5/mfcc/raw_mfcc_train.1.ark:161818
MSVS0_SI938 /home/sky/kaldi/egs/timit/s5/mfcc/raw_mfcc_train.10.ark:13840
MRTJ0_SX412 /home/sky/kaldi/egs/timit/s5/mfcc/raw_mfcc_train.9.ark:812374
FJKL0_SX122 /home/sky/kaldi/egs/timit/s5/mfcc/raw_mfcc_train.2.ark:139442
FDJH0_SX215 /home/sky/kaldi/egs/timit/s5/mfcc/raw_mfcc_train.1.ark:896215
FKDE0_SX151 /home/sky/kaldi/egs/timit/s5/mfcc/raw_mfcc_train.2.ark:511286
MESG0_SX162 /home/sky/kaldi/egs/timit/s5/mfcc/raw_mfcc_train.5.ark:1103203
MPGH0_SX294 /home/sky/kaldi/egs/timit/s5/mfcc/raw_mfcc_train.8.ark:606313
MLSH0_SI787 /home/sky/kaldi/egs/timit/s5/mfcc/raw_mfcc_train.7.ark:1049727
MWEM0_SX240 /home/sky/kaldi/egs/timit/s5/mfcc/raw_mfcc_train.10.ark:1298753
MREE0_SX294 /home/sky/kaldi/egs/timit/s5/mfcc/raw_mfcc_train.8.ark:1307863
MCRE0_SI1751 /home/sky/kaldi/egs/timit/s5/mfcc/raw_mfcc_train.4.ark:1062529
MGRL0_SX327 /home/sky/kaldi/egs/timit/s5/mfcc/raw_mfcc_train.6.ark:136022
MMLM0_SI1527 /home/sky/kaldi/egs/timit/s5/mfcc/raw_mfcc_train.8.ark:131600
MBML0_SX179 /home/sky/kaldi/egs/timit/s5/mfcc/raw_mfcc_train.4.ark:550764
FPJF0_SI1676 /home/sky/kaldi/egs/timit/s5/mfcc/raw_mfcc_train.3.ark:266213
MPGR1_SX59 /home/sky/kaldi/egs/timit/s5/mfcc/raw_mfcc_train.8.ark:670824
MWAR0_SX145 /home/sky/kaldi/egs/timit/s5/mfcc/raw_mfcc_train.10.ark:1206845
MCAL0_SX418 /home/sky/kaldi/egs/timit/s5/mfcc/raw_mfcc_train.4.ark:753755
MAPV0_SI1923 /home/sky/kaldi/egs/timit/s5/mfcc/raw_mfcc_train.4.ark:203101
MBAR0_SI689 /home/sky/kaldi/egs/timit/s5/mfcc/raw_mfcc_train.4.ark:298660
MDEF0_SI2193 /home/sky/kaldi/egs/timit/s5/mfcc/raw_mfcc_train.5.ark:10208
MDNS0_SI1011 /home/sky/kaldi/egs/timit/s5/mfcc/raw_mfcc_train.5.ark:527479
MJRP0_SX315 /home/sky/kaldi/egs/timit/s5/mfcc/raw_mfcc_train.7.ark:130157
FKSR0_SX397 /home/sky/kaldi/egs/timit/s5/mfcc/raw_mfcc_train.2.ark:764485
FJRB0_SX42 /home/sky/kaldi/egs/timit/s5/mfcc/raw_mfcc_train.2.ark:253404
MJEE0_SI1237 /home/sky/kaldi/egs/timit/s5/mfcc/raw_mfcc_train.6.ark:902670
MKLW0_SI2201 /home/sky/kaldi/egs/timit/s5/mfcc/raw_mfcc_train.7.ark:781393
MKDD0_SI1567 /home/sky/kaldi/egs/timit/s5/mfcc/raw_mfcc_train.7.ark:515993
MCXM0_SX361 /home/sky/kaldi/egs/timit/s5/mfcc/raw_mfcc_train.4.ark:1204658
FJEN0_SX147 /home/sky/kaldi/egs/timit/s5/mfcc/raw_mfcc_train.2.ark:72247
MAKB0_SI1646 /home/sky/kaldi/egs/timit/s5/mfcc/raw_mfcc_train.4.ark:141925
FTBW0_SX85 /home/sky/kaldi/egs/timit/s5/mfcc/raw_mfcc_train.3.ark:1273832
MCRE0_SX221 /home/sky/kaldi/egs/timit/s5/mfcc/raw_mfcc_train.4.ark:1071071
MGJC0_SI1965 /home/sky/kaldi/egs/timit/s5/mfcc/raw_mfcc_train.6.ark:90769
MSJK0_SI966 /home/sky/kaldi/egs/timit/s5/mfcc/raw_mfcc_train.9.ark:1314621
FLKM0_SX80 /home/sky/kaldi/egs/timit/s5/mfcc/raw_mfcc_train.2.ark:1068797
MJHI0_SX158 /home/sky/kaldi/egs/timit/s5/mfcc/raw_mfcc_train.6.ark:1010307
MTAT1_SX149 /home/sky/kaldi/egs/timit/s5/mfcc/raw_mfcc_train.10.ark:152213
MVLO0_SI1777 /home/sky/kaldi/egs/timit/s5/mfcc/raw_mfcc_train.10.ark:1074105
FBJL0_SI922 /home/sky/kaldi/egs/timit/s5/mfcc/raw_mfcc_train.1.ark:282294
MREH1_SI1599 /home/sky/kaldi/egs/timit/s5/mfcc/raw_mfcc_train.8.ark:1314352
FVMH0_SX386 /home/sky/kaldi/egs/timit/s5/mfcc/raw_mfcc_train.3.ark:1432626
MSRG0_SI1221 /home/sky/kaldi/egs/timit/s5/mfcc/raw_mfcc_train.9.ark:1437228
MRTJ0_SI2032 /home/sky/kaldi/egs/timit/s5/mfcc/raw_mfcc_train.9.ark:785845
MSAH1_SI1679 /home/sky/kaldi/egs/timit/s5/mfcc/raw_mfcc_train.9.ark:946238
FALR0_SX245 /home/sky/kaldi/egs/timit/s5/mfcc/raw_mfcc_train.1.ark:117234
MJJB0_SI1769 /home/sky/kaldi/egs/timit/s5/mfcc/raw_mfcc_train.6.ark:1036865
MDLR1_SX39 /home/sky/kaldi/egs/timit/s5/mfcc/raw_mfcc_train.5.ark:451897
FJSP0_SX84 /home/sky/kaldi/egs/timit/s5/mfcc/raw_mfcc_train.2.ark:358746
FSJK1_SX305 /home/sky/kaldi/egs/timit/s5/mfcc/raw_mfcc_train.3.ark:779184
MDLM0_SX424 /home/sky/kaldi/egs/timit/s5/mfcc/raw_mfcc_train.5.ark:384002
MAJP0_SX444 /home/sky/kaldi/egs/timit/s5/mfcc/raw_mfcc_train.4.ark:124704
FKLC0_SX445 /home/sky/kaldi/egs/timit/s5/mfcc/raw_mfcc_train.2.ark:663804
MMXS0_SX246 /home/sky/kaldi/egs/timit/s5/mfcc/raw_mfcc_train.8.ark:413287
FEAC0_SI1875 /home/sky/kaldi/egs/timit/s5/mfcc/raw_mfcc_train.1.ark:1124031
MJDA0_SX221 /home/sky/kaldi/egs/timit/s5/mfcc/raw_mfcc_train.6.ark:679675
MTJM0_SI1856 /home/sky/kaldi/egs/timit/s5/mfcc/raw_mfcc_train.10.ark:383608
MRKM0_SX7 /home/sky/kaldi/egs/timit/s5/mfcc/raw_mfcc_train.9.ark:286244
MSAS0_SX386 /home/sky/kaldi/egs/timit/s5/mfcc/raw_mfcc_train.9.ark:1003004
MMAA0_SI2105 /home/sky/kaldi/egs/timit/s5/mfcc/raw_mfcc_train.7.ark:1080704
MBJV0_SX257 /home/sky/kaldi/egs/timit/s5/mfcc/raw_mfcc_train.4.ark:460809
FNKL0_SI892 /home/sky/kaldi/egs/timit/s5/mfcc/raw_mfcc_train.3.ark:26536
MTJU0_SX40 /home/sky/kaldi/egs/timit/s5/mfcc/raw_mfcc_train.10.ark:471779
FRJB0_SI1794 /home/sky/kaldi/egs/timit/s5/mfcc/raw_mfcc_train.3.ark:390798
MSES0_SI2219 /home/sky/kaldi/egs/timit/s5/mfcc/raw_mfcc_train.9.ark:1207993
MPRB0_SX125 /home/sky/kaldi/egs/timit/s5/mfcc/raw_mfcc_train.8.ark:777100
MJHI0_SX68 /home/sky/kaldi/egs/timit/s5/mfcc/raw_mfcc_train.6.ark:1025245
MRMB0_SI951 /home/sky/kaldi/egs/timit/s5/mfcc/raw_mfcc_train.9.ark:450255
MDLB0_SX46 /home/sky/kaldi/egs/timit/s5/mfcc/raw_mfcc_train.5.ark:230219
MMWS0_SX78 /home/sky/kaldi/egs/timit/s5/mfcc/raw_mfcc_train.8.ark:369124
MBWP0_SX169 /home/sky/kaldi/egs/timit/s5/mfcc/raw_mfcc_train.4.ark:666990
MSMR0_SX55 /home/sky/kaldi/egs/timit/s5/mfcc/raw_mfcc_train.9.ark:1401140
MRWS0_SI472 /home/sky/kaldi/egs/timit/s5/mfcc/raw_mfcc_train.9.ark:889646
MGJC0_SX165 /home/sky/kaldi/egs/timit/s5/mfcc/raw_mfcc_train.6.ark:95118
FJRP1_SX262 /home/sky/kaldi/egs/timit/s5/mfcc/raw_mfcc_train.2.ark:276269
MKRG0_SX411 /home/sky/kaldi/egs/timit/s5/mfcc/raw_mfcc_train.7.ark:830201
MRML0_SX71 /home/sky/kaldi/egs/timit/s5/mfcc/raw_mfcc_train.9.ark:572779
MWAC0_SX431 /home/sky/kaldi/egs/timit/s5/mfcc/raw_mfcc_train.10.ark:1159898
MMDS0_SI1343 /home/sky/kaldi/egs/timit/s5/mfcc/raw_mfcc_train.7.ark:1446221
MAJP0_SI1704 /home/sky/kaldi/egs/timit/s5/mfcc/raw_mfcc_train.4.ark:100527
FSCN0_SX86 /home/sky/kaldi/egs/timit/s5/mfcc/raw_mfcc_train.3.ark:622495
FEXM0_SI1731 /home/sky/kaldi/egs/timit/s5/mfcc/raw_mfcc_train.1.ark:1330683
MCDR0_SI524 /home/sky/kaldi/egs/timit/s5/mfcc/raw_mfcc_train.4.ark:835018
FREH0_SI685 /home/sky/kaldi/egs/timit/s5/mfcc/raw_mfcc_train.3.ark:366300
FJRP1_SI1432 /home/sky/kaldi/egs/timit/s5/mfcc/raw_mfcc_train.2.ark:256610
MCHL0_SX177 /home/sky/kaldi/egs/timit/s5/mfcc/raw_mfcc_train.4.ark:945697
MRDD0_SI2310 /home/sky/kaldi/egs/timit/s5/mfcc/raw_mfcc_train.8.ark:1199530
MJMM0_SX355 /home/sky/kaldi/egs/timit/s5/mfcc/raw_mfcc_train.6.ark:1337207
MCAL0_SX238 /home/sky/kaldi/egs/timit/s5/mfcc/raw_mfcc_train.4.ark:745785
FDFB0_SX238 /home/sky/kaldi/egs/timit/s5/mfcc/raw_mfcc_train.1.ark:865387
MPRK0_SX287 /home/sky/kaldi/egs/timit/s5/mfcc/raw_mfcc_train.8.ark:863970
FMJB0_SX97 /home/sky/kaldi/egs/timit/s5/mfcc/raw_mfcc_train.2.ark:1357768
MSAT0_SI896 /home/sky/kaldi/egs/timit/s5/mfcc/raw_mfcc_train.9.ark:1012868
MRFL0_SX436 /home/sky/kaldi/egs/timit/s5/mfcc/raw_mfcc_train.8.ark:1472300
MTKD0_SI1817 /home/sky/kaldi/egs/timit/s5/mfcc/raw_mfcc_train.10.ark:482865
MJXL0_SI1172 /home/sky/kaldi/egs/timit/s5/mfcc/raw_mfcc_train.7.ark:320210
MJDG0_SX52 /home/sky/kaldi/egs/timit/s5/mfcc/raw_mfcc_train.6.ark:796619
MTML0_SX435 /home/sky/kaldi/egs/timit/s5/mfcc/raw_mfcc_train.10.ark:635957
MADC0_SI1367 /home/sky/kaldi/egs/timit/s5/mfcc/raw_mfcc_train.3.ark:1462708
MTRR0_SX378 /home/sky/kaldi/egs/timit/s5/mfcc/raw_mfcc_train.10.ark:938114
FSDJ0_SX395 /home/sky/kaldi/egs/timit/s5/mfcc/raw_mfcc_train.3.ark:680746
MRXB0_SI2215 /home/sky/kaldi/egs/timit/s5/mfcc/raw_mfcc_train.9.ark:912966
MJRH0_SX135 /home/sky/kaldi/egs/timit/s5/mfcc/raw_mfcc_train.7.ark:30964
MTER0_SI1787 /home/sky/kaldi/egs/timit/s5/mfcc/raw_mfcc_train.10.ark:318560
MJDC0_SX81 /home/sky/kaldi/egs/timit/s5/mfcc/raw_mfcc_train.6.ark:723406
MJRG0_SX286 /home/sky/kaldi/egs/timit/s5/mfcc/raw_mfcc_train.7.ark:2644
MTJG0_SX80 /home/sky/kaldi/egs/timit/s5/mfcc/raw_mfcc_train.10.ark:375831
FEEH0_SX212 /home/sky/kaldi/egs/timit/s5/mfcc/raw_mfcc_train.1.ark:1242835
FSSB0_SI1082 /home/sky/kaldi/egs/timit/s5/mfcc/raw_mfcc_train.3.ark:1152595
FLET0_SI1137 /home/sky/kaldi/egs/timit/s5/mfcc/raw_mfcc_train.2.ark:868106
MAKB0_SI2276 /home/sky/kaldi/egs/timit/s5/mfcc/raw_mfcc_train.4.ark:146002
MDLC2_SI1614 /home/sky/kaldi/egs/timit/s5/mfcc/raw_mfcc_train.5.ark:300022
MKLR0_SI2319 /home/sky/kaldi/egs/timit/s5/mfcc/raw_mfcc_train.7.ark:685683
FJKL0_SX212 /home/sky/kaldi/egs/timit/s5/mfcc/raw_mfcc_train.2.ark:144116
MSES0_SX149 /home/sky/kaldi/egs/timit/s5/mfcc/raw_mfcc_train.9.ark:1211952
MMRP0_SX324 /home/sky/kaldi/egs/timit/s5/mfcc/raw_mfcc_train.8.ark:210699
MSFH0_SI1738 /home/sky/kaldi/egs/timit/s5/mfcc/raw_mfcc_train.9.ark:1233575
MRGM0_SX416 /home/sky/kaldi/egs/timit/s5/mfcc/raw_mfcc_train.8.ark:1504655
MGAW0_SX175 /home/sky/kaldi/egs/timit/s5/mfcc/raw_mfcc_train.6.ark:38271
MTPG0_SI753 /home/sky/kaldi/egs/timit/s5/mfcc/raw_mfcc_train.10.ark:750674
MDPB0_SI2126 /home/sky/kaldi/egs/timit/s5/mfcc/raw_mfcc_train.5.ark:565569
MPSW0_SI2327 /home/sky/kaldi/egs/timit/s5/mfcc/raw_mfcc_train.8.ark:909518
MRMS0_SI2057 /home/sky/kaldi/egs/timit/s5/mfcc/raw_mfcc_train.9.ark:582012
MJXA0_SI2137 /home/sky/kaldi/egs/timit/s5/mfcc/raw_mfcc_train.7.ark:294850
MMWS1_SX441 /home/sky/kaldi/egs/timit/s5/mfcc/raw_mfcc_train.8.ark:392276
MMSM0_SX386 /home/sky/kaldi/egs/timit/s5/mfcc/raw_mfcc_train.8.ark:256282
MHIT0_SI2243 /home/sky/kaldi/egs/timit/s5/mfcc/raw_mfcc_train.6.ark:324882
MRJT0_SI1805 /home/sky/kaldi/egs/timit/s5/mfcc/raw_mfcc_train.9.ark:223741
MJRH1_SI1558 /home/sky/kaldi/egs/timit/s5/mfcc/raw_mfcc_train.7.ark:49550
FDML0_SI1779 /home/sky/kaldi/egs/timit/s5/mfcc/raw_mfcc_train.1.ark:952768
MGAK0_SX46 /home/sky/kaldi/egs/timit/s5/mfcc/raw_mfcc_train.5.ark:1456639
MTPF0_SI1865 /home/sky/kaldi/egs/timit/s5/mfcc/raw_mfcc_train.10.ark:717317
FJDM2_SI1964 /home/sky/kaldi/egs/timit/s5/mfcc/raw_mfcc_train.2.ark:27961
FJHK0_SX302 /home/sky/kaldi/egs/timit/s5/mfcc/raw_mfcc_train.2.ark:118365
FPJF0_SI1259 /home/sky/kaldi/egs/timit/s5/mfcc/raw_mfcc_train.3.ark:260797
MRXB0_SI955 /home/sky/kaldi/egs/timit/s5/mfcc/raw_mfcc_train.9.ark:919057
FPAD0_SX356 /home/sky/kaldi/egs/timit/s5/mfcc/raw_mfcc_train.3.ark:177922
FNTB0_SI573 /home/sky/kaldi/egs/timit/s5/mfcc/raw_mfcc_train.3.ark:54795
FBCG1_SI2242 /home/sky/kaldi/egs/timit/s5/mfcc/raw_mfcc_train.1.ark:209179
MDKS0_SX166 /home/sky/kaldi/egs/timit/s5/mfcc/raw_mfcc_train.5.ark:171349
MDEF0_SX393 /home/sky/kaldi/egs/timit/s5/mfcc/raw_mfcc_train.5.ark:26934
FLMC0_SX22 /home/sky/kaldi/egs/timit/s5/mfcc/raw_mfcc_train.2.ark:1115911
MPRD0_SX261 /home/sky/kaldi/egs/timit/s5/mfcc/raw_mfcc_train.8.ark:819349
FCDR1_SX376 /home/sky/kaldi/egs/timit/s5/mfcc/raw_mfcc_train.1.ark:505556
MMBS0_SI1151 /home/sky/kaldi/egs/timit/s5/mfcc/raw_mfcc_train.7.ark:1248799
FGCS0_SX46 /home/sky/kaldi/egs/timit/s5/mfcc/raw_mfcc_train.1.ark:1391700
MMSM0_SI476 /home/sky/kaldi/egs/timit/s5/mfcc/raw_mfcc_train.8.ark:235734
MPPC0_SX422 /home/sky/kaldi/egs/timit/s5/mfcc/raw_mfcc_train.8.ark:752338
FJXP0_SX42 /home/sky/kaldi/egs/timit/s5/mfcc/raw_mfcc_train.2.ark:457703
MKAG0_SX259 /home/sky/kaldi/egs/timit/s5/mfcc/raw_mfcc_train.7.ark:372712
FBLV0_SX248 /home/sky/kaldi/egs/timit/s5/mfcc/raw_mfcc_train.1.ark:326566
MJLB0_SX356 /home/sky/kaldi/egs/timit/s5/mfcc/raw_mfcc_train.6.ark:1184079
MDHL0_SI2069 /home/sky/kaldi/egs/timit/s5/mfcc/raw_mfcc_train.5.ark:73637
MFER0_SX322 /home/sky/kaldi/egs/timit/s5/mfcc/raw_mfcc_train.5.ark:1197337
MCRE0_SX24 /home/sky/kaldi/egs/timit/s5/mfcc/raw_mfcc_train.4.ark:1075484
MMEA0_SX308 /home/sky/kaldi/egs/timit/s5/mfcc/raw_mfcc_train.7.ark:1489669
MDED0_SX90 /home/sky/kaldi/egs/timit/s5/mfcc/raw_mfcc_train.4.ark:1468661
MMLM0_SX357 /home/sky/kaldi/egs/timit/s5/mfcc/raw_mfcc_train.8.ark:148822
FJEN0_SI1677 /home/sky/kaldi/egs/timit/s5/mfcc/raw_mfcc_train.2.ark:63223
FEEH0_SX122 /home/sky/kaldi/egs/timit/s5/mfcc/raw_mfcc_train.1.ark:1238447
MEAL0_SX107 /home/sky/kaldi/egs/timit/s5/mfcc/raw_mfcc_train.5.ark:915014
MRJT0_SI868 /home/sky/kaldi/egs/timit/s5/mfcc/raw_mfcc_train.9.ark:225984
MRJM1_SX398 /home/sky/kaldi/egs/timit/s5/mfcc/raw_mfcc_train.9.ark:215418
MRLD0_SI1594 /home/sky/kaldi/egs/timit/s5/mfcc/raw_mfcc_train.9.ark:294487
MTLC0_SX217 /home/sky/kaldi/egs/timit/s5/mfcc/raw_mfcc_train.10.ark:599238
MWRE0_SI1687 /home/sky/kaldi/egs/timit/s5/mfcc/raw_mfcc_train.10.ark:1355383
MTDB0_SX411 /home/sky/kaldi/egs/timit/s5/mfcc/raw_mfcc_train.10.ark:265921
FLKM0_SX440 /home/sky/kaldi/egs/timit/s5/mfcc/raw_mfcc_train.2.ark:1063084
FSGF0_SX27 /home/sky/kaldi/egs/timit/s5/mfcc/raw_mfcc_train.3.ark:706893
MMWB0_SX89 /home/sky/kaldi/egs/timit/s5/mfcc/raw_mfcc_train.8.ark:337036
FSJK1_SI2285 /home/sky/kaldi/egs/timit/s5/mfcc/raw_mfcc_train.3.ark:764713
MVRW0_SX225 /home/sky/kaldi/egs/timit/s5/mfcc/raw_mfcc_train.10.ark:1117967
FEXM0_SX111 /home/sky/kaldi/egs/timit/s5/mfcc/raw_mfcc_train.1.ark:1341058
FCJF0_SX397 /home/sky/kaldi/egs/timit/s5/mfcc/raw_mfcc_train.1.ark:559464
FLMA0_SI1243 /home/sky/kaldi/egs/timit/s5/mfcc/raw_mfcc_train.2.ark:1071977
MDLC0_SX225 /home/sky/kaldi/egs/timit/s5/mfcc/raw_mfcc_train.5.ark:253500
FMKF0_SX6 /home/sky/kaldi/egs/timit/s5/mfcc/raw_mfcc_train.2.ark:1489016
MFMC0_SX322 /home/sky/kaldi/egs/timit/s5/mfcc/raw_mfcc_train.5.ark:1229335
MNTW0_SX258 /home/sky/kaldi/egs/timit/s5/mfcc/raw_mfcc_train.8.ark:479837
MRLJ1_SX321 /home/sky/kaldi/egs/timit/s5/mfcc/raw_mfcc_train.9.ark:368712
FSCN0_SI1886 /home/sky/kaldi/egs/timit/s5/mfcc/raw_mfcc_train.3.ark:587438
MADD0_SI1295 /home/sky/kaldi/egs/timit/s5/mfcc/raw_mfcc_train.3.ark:1497527
FMMH0_SI2167 /home/sky/kaldi/egs/timit/s5/mfcc/raw_mfcc_train.2.ark:1501869
FLHD0_SX354 /home/sky/kaldi/egs/timit/s5/mfcc/raw_mfcc_train.2.ark:918042
MTRR0_SI1548 /home/sky/kaldi/egs/timit/s5/mfcc/raw_mfcc_train.10.ark:910453
FBMH0_SX236 /home/sky/kaldi/egs/timit/s5/mfcc/raw_mfcc_train.1.ark:360956
MSRR0_SX231 /home/sky/kaldi/egs/timit/s5/mfcc/raw_mfcc_train.9.ark:1487351
MDLM0_SX244 /home/sky/kaldi/egs/timit/s5/mfcc/raw_mfcc_train.5.ark:378281
FECD0_SI1418 /home/sky/kaldi/egs/timit/s5/mfcc/raw_mfcc_train.1.ark:1187447
MSVS0_SX218 /home/sky/kaldi/egs/timit/s5/mfcc/raw_mfcc_train.10.ark:24306
MLNS0_SX417 /home/sky/kaldi/egs/timit/s5/mfcc/raw_mfcc_train.7.ark:1032694
MRPC1_SX402 /home/sky/kaldi/egs/timit/s5/mfcc/raw_mfcc_train.9.ark:627879
MBJV0_SI617 /home/sky/kaldi/egs/timit/s5/mfcc/raw_mfcc_train.4.ark:452254
MABC0_SX151 /home/sky/kaldi/egs/timit/s5/mfcc/raw_mfcc_train.3.ark:1446033
FJEN0_SX57 /home/sky/kaldi/egs/timit/s5/mfcc/raw_mfcc_train.2.ark:92437
FPAB1_SI1471 /home/sky/kaldi/egs/timit/s5/mfcc/raw_mfcc_train.3.ark:82053
MDNS0_SX291 /home/sky/kaldi/egs/timit/s5/mfcc/raw_mfcc_train.5.ark:553248
MJFH0_SI477 /home/sky/kaldi/egs/timit/s5/mfcc/raw_mfcc_train.6.ark:941729
MMWS0_SI888 /home/sky/kaldi/egs/timit/s5/mfcc/raw_mfcc_train.8.ark:348186
MJXA0_SX67 /home/sky/kaldi/egs/timit/s5/mfcc/raw_mfcc_train.7.ark:316107
FHXS0_SX265 /home/sky/kaldi/egs/timit/s5/mfcc/raw_mfcc_train.2.ark:9790
MGXP0_SI457 /home/sky/kaldi/egs/timit/s5/mfcc/raw_mfcc_train.6.ark:262422
MJJB0_SX59 /home/sky/kaldi/egs/timit/s5/mfcc/raw_mfcc_train.6.ark:1058674
MTPP0_SI2138 /home/sky/kaldi/egs/timit/s5/mfcc/raw_mfcc_train.10.ark:778115
MJPG0_SI561 /home/sky/kaldi/egs/timit/s5/mfcc/raw_mfcc_train.6.ark:1354962
FMAH1_SI879 /home/sky/kaldi/egs/timit/s5/mfcc/raw_mfcc_train.2.ark:1234403
MMDS0_SI713 /home/sky/kaldi/egs/timit/s5/mfcc/raw_mfcc_train.7.ark:1453139
MWDK0_SI806 /home/sky/kaldi/egs/timit/s5/mfcc/raw_mfcc_train.10.ark:1260890
MNTW0_SI2328 /home/sky/kaldi/egs/timit/s5/mfcc/raw_mfcc_train.8.ark:471522
FCMG0_SX162 /home/sky/kaldi/egs/timit/s5/mfcc/raw_mfcc_train.1.ark:667488
FECD0_SI788 /home/sky/kaldi/egs/timit/s5/mfcc/raw_mfcc_train.1.ark:1198291
FDML0_SI1149 /home/sky/kaldi/egs/timit/s5/mfcc/raw_mfcc_train.1.ark:947950
FAJW0_SX3 /home/sky/kaldi/egs/timit/s5/mfcc/raw_mfcc_train.1.ark:57265
MKLS0_SX267 /home/sky/kaldi/egs/timit/s5/mfcc/raw_mfcc_train.7.ark:724339
MAJP0_SI1074 /home/sky/kaldi/egs/timit/s5/mfcc/raw_mfcc_train.4.ark:97399
FLMA0_SX253 /home/sky/kaldi/egs/timit/s5/mfcc/raw_mfcc_train.2.ark:1086774
FLMC0_SX112 /home/sky/kaldi/egs/timit/s5/mfcc/raw_mfcc_train.2.ark:1112278
MTJG0_SI890 /home/sky/kaldi/egs/timit/s5/mfcc/raw_mfcc_train.10.ark:351032
MREE0_SI1734 /home/sky/kaldi/egs/timit/s5/mfcc/raw_mfcc_train.8.ark:1287769
MRTC0_SX378 /home/sky/kaldi/egs/timit/s5/mfcc/raw_mfcc_train.9.ark:776781
FCLT0_SX358 /home/sky/kaldi/egs/timit/s5/mfcc/raw_mfcc_train.1.ark:642276
FJRP1_SX82 /home/sky/kaldi/egs/timit/s5/mfcc/raw_mfcc_train.2.ark:293501
MTJM0_SX236 /home/sky/kaldi/egs/timit/s5/mfcc/raw_mfcc_train.10.ark:396616
MDJM0_SI1455 /home/sky/kaldi/egs/timit/s5/mfcc/raw_mfcc_train.5.ark:130709
FBMH0_SX56 /home/sky/kaldi/egs/timit/s5/mfcc/raw_mfcc_train.1.ark:370570
MRDS0_SI1167 /home/sky/kaldi/egs/timit/s5/mfcc/raw_mfcc_train.8.ark:1252864
MBMA0_SI592 /home/sky/kaldi/egs/timit/s5/mfcc/raw_mfcc_train.4.ark:483719
