FDAW0_SX326 /home/sky/kaldi/egs/timit/s5/mfcc/raw_mfcc_train.1.ark:840727
MTRR0_SI2178 /home/sky/kaldi/egs/timit/s5/mfcc/raw_mfcc_train.10.ark:913633
MMAM0_SX337 /home/sky/kaldi/egs/timit/s5/mfcc/raw_mfcc_train.7.ark:1198073
FDJH0_SI1565 /home/sky/kaldi/egs/timit/s5/mfcc/raw_mfcc_train.1.ark:880027
MCDC0_SI662 /home/sky/kaldi/egs/timit/s5/mfcc/raw_mfcc_train.4.ark:770788
MGXP0_SI525 /home/sky/kaldi/egs/timit/s5/mfcc/raw_mfcc_train.6.ark:266407
MMVP0_SX384 /home/sky/kaldi/egs/timit/s5/mfcc/raw_mfcc_train.8.ark:294989
MRLR0_SX116 /home/sky/kaldi/egs/timit/s5/mfcc/raw_mfcc_train.9.ark:426155
MMDM1_SI783 /home/sky/kaldi/egs/timit/s5/mfcc/raw_mfcc_train.7.ark:1418502
MHRM0_SX58 /home/sky/kaldi/egs/timit/s5/mfcc/raw_mfcc_train.6.ark:468867
MTKD0_SX107 /home/sky/kaldi/egs/timit/s5/mfcc/raw_mfcc_train.10.ark:494553
MTBC0_SX273 /home/sky/kaldi/egs/timit/s5/mfcc/raw_mfcc_train.10.ark:192577
FHXS0_SX175 /home/sky/kaldi/egs/timit/s5/mfcc/raw_mfcc_train.2.ark:3556
MTER0_SI1157 /home/sky/kaldi/egs/timit/s5/mfcc/raw_mfcc_train.10.ark:312754
FJKL0_SX212 /home/sky/kaldi/egs/timit/s5/mfcc/raw_mfcc_train.2.ark:144116
FCKE0_SI1111 /home/sky/kaldi/egs/timit/s5/mfcc/raw_mfcc_train.1.ark:593043
FLJG0_SX441 /home/sky/kaldi/egs/timit/s5/mfcc/raw_mfcc_train.2.ark:1026823
MTAT0_SX120 /home/sky/kaldi/egs/timit/s5/mfcc/raw_mfcc_train.10.ark:123283
FPJF0_SI1259 /home/sky/kaldi/egs/timit/s5/mfcc/raw_mfcc_train.3.ark:260797
MRAM0_SX105 /home/sky/kaldi/egs/timit/s5/mfcc/raw_mfcc_train.8.ark:1043133
FTLG0_SI840 /home/sky/kaldi/egs/timit/s5/mfcc/raw_mfcc_train.3.ark:1289688
FJSP0_SX444 /home/sky/kaldi/egs/timit/s5/mfcc/raw_mfcc_train.2.ark:354879
MPSW0_SX437 /home/sky/kaldi/egs/timit/s5/mfcc/raw_mfcc_train.8.ark:921531
MRDM0_SI1044 /home/sky/kaldi/egs/timit/s5/mfcc/raw_mfcc_train.8.ark:1221061
MBOM0_SX311 /home/sky/kaldi/egs/timit/s5/mfcc/raw_mfcc_train.4.ark:590649
MGJC0_SX255 /home/sky/kaldi/egs/timit/s5/mfcc/raw_mfcc_train.6.ark:100117
MJMM0_SI1255 /home/sky/kaldi/egs/timit/s5/mfcc/raw_mfcc_train.6.ark:1316280
MRPC1_SX402 /home/sky/kaldi/egs/timit/s5/mfcc/raw_mfcc_train.9.ark:627879
MJPM1_SI2280 /home/sky/kaldi/egs/timit/s5/mfcc/raw_mfcc_train.6.ark:1409942
MJRA0_SX336 /home/sky/kaldi/egs/timit/s5/mfcc/raw_mfcc_train.6.ark:1459193
MJAI0_SX344 /home/sky/kaldi/egs/timit/s5/mfcc/raw_mfcc_train.6.ark:625629
FJHK0_SI2282 /home/sky/kaldi/egs/timit/s5/mfcc/raw_mfcc_train.2.ark:102510
FLAG0_SX24 /home/sky/kaldi/egs/timit/s5/mfcc/raw_mfcc_train.2.ark:822786
MTPP0_SI2138 /home/sky/kaldi/egs/timit/s5/mfcc/raw_mfcc_train.10.ark:778115
MMWS1_SI1071 /home/sky/kaldi/egs/timit/s5/mfcc/raw_mfcc_train.8.ark:372096
MFXS0_SX414 /home/sky/kaldi/egs/timit/s5/mfcc/raw_mfcc_train.5.ark:1325871
MCLM0_SX376 /home/sky/kaldi/egs/timit/s5/mfcc/raw_mfcc_train.4.ark:1022395
MRAB0_SI1854 /home/sky/kaldi/egs/timit/s5/mfcc/raw_mfcc_train.8.ark:932252
MDSJ0_SI832 /home/sky/kaldi/egs/timit/s5/mfcc/raw_mfcc_train.5.ark:697832
FKLC1_SI2308 /home/sky/kaldi/egs/timit/s5/mfcc/raw_mfcc_train.2.ark:679889
MRAV0_SI2268 /home/sky/kaldi/egs/timit/s5/mfcc/raw_mfcc_train.8.ark:1068313
FPAC0_SX31 /home/sky/kaldi/egs/timit/s5/mfcc/raw_mfcc_train.3.ark:148270
MJRP0_SX225 /home/sky/kaldi/egs/timit/s5/mfcc/raw_mfcc_train.7.ark:127355
MJEB1_SI837 /home/sky/kaldi/egs/timit/s5/mfcc/raw_mfcc_train.6.ark:878565
FDAS1_SX111 /home/sky/kaldi/egs/timit/s5/mfcc/raw_mfcc_train.1.ark:800069
MLJC0_SI595 /home/sky/kaldi/egs/timit/s5/mfcc/raw_mfcc_train.7.ark:946115
MMWS1_SX351 /home/sky/kaldi/egs/timit/s5/mfcc/raw_mfcc_train.8.ark:388122
MEFG0_SX285 /home/sky/kaldi/egs/timit/s5/mfcc/raw_mfcc_train.5.ark:985841
FTAJ0_SX429 /home/sky/kaldi/egs/timit/s5/mfcc/raw_mfcc_train.3.ark:1206944
MTER0_SX17 /home/sky/kaldi/egs/timit/s5/mfcc/raw_mfcc_train.10.ark:331294
FCMM0_SI1083 /home/sky/kaldi/egs/timit/s5/mfcc/raw_mfcc_train.1.ark:688583
MRGM0_SI532 /home/sky/kaldi/egs/timit/s5/mfcc/raw_mfcc_train.8.ark:1488917
MDLB0_SI1306 /home/sky/kaldi/egs/timit/s5/mfcc/raw_mfcc_train.5.ark:194953
MRJB1_SX300 /home/sky/kaldi/egs/timit/s5/mfcc/raw_mfcc_train.9.ark:106300
FLMC0_SX22 /home/sky/kaldi/egs/timit/s5/mfcc/raw_mfcc_train.2.ark:1115911
MMAG0_SX136 /home/sky/kaldi/egs/timit/s5/mfcc/raw_mfcc_train.7.ark:1157870
MTDP0_SX261 /home/sky/kaldi/egs/timit/s5/mfcc/raw_mfcc_train.10.ark:293668
FLOD0_SI1287 /home/sky/kaldi/egs/timit/s5/mfcc/raw_mfcc_train.2.ark:1164735
MPMB0_SX331 /home/sky/kaldi/egs/timit/s5/mfcc/raw_mfcc_train.8.ark:708256
FMKF0_SI906 /home/sky/kaldi/egs/timit/s5/mfcc/raw_mfcc_train.2.ark:1472922
FCAJ0_SI1804 /home/sky/kaldi/egs/timit/s5/mfcc/raw_mfcc_train.1.ark:441914
MJAC0_SI2148 /home/sky/kaldi/egs/timit/s5/mfcc/raw_mfcc_train.6.ark:540259
MKLW0_SX131 /home/sky/kaldi/egs/timit/s5/mfcc/raw_mfcc_train.7.ark:783974
MABC0_SI1620 /home/sky/kaldi/egs/timit/s5/mfcc/raw_mfcc_train.3.ark:1435390
MDHS0_SX90 /home/sky/kaldi/egs/timit/s5/mfcc/raw_mfcc_train.5.ark:128023
MCPM0_SX294 /home/sky/kaldi/egs/timit/s5/mfcc/raw_mfcc_train.4.ark:1049901
FDMY0_SX297 /home/sky/kaldi/egs/timit/s5/mfcc/raw_mfcc_train.1.ark:1010735
MJDC0_SX441 /home/sky/kaldi/egs/timit/s5/mfcc/raw_mfcc_train.6.ark:720306
FSAH0_SX434 /home/sky/kaldi/egs/timit/s5/mfcc/raw_mfcc_train.3.ark:512754
FSJS0_SX361 /home/sky/kaldi/egs/timit/s5/mfcc/raw_mfcc_train.3.ark:811442
MGAK0_SI2296 /home/sky/kaldi/egs/timit/s5/mfcc/raw_mfcc_train.5.ark:1433530
FSAK0_SX40 /home/sky/kaldi/egs/timit/s5/mfcc/raw_mfcc_train.3.ark:544010
FETB0_SI1148 /home/sky/kaldi/egs/timit/s5/mfcc/raw_mfcc_train.1.ark:1294738
FSJS0_SX271 /home/sky/kaldi/egs/timit/s5/mfcc/raw_mfcc_train.3.ark:807613
MFXS0_SI1674 /home/sky/kaldi/egs/timit/s5/mfcc/raw_mfcc_train.5.ark:1303415
MVJH0_SX116 /home/sky/kaldi/egs/timit/s5/mfcc/raw_mfcc_train.10.ark:1053912
MRML0_SX161 /home/sky/kaldi/egs/timit/s5/mfcc/raw_mfcc_train.9.ark:550938
MMAA0_SX305 /home/sky/kaldi/egs/timit/s5/mfcc/raw_mfcc_train.7.ark:1098061
MTRC0_SX183 /home/sky/kaldi/egs/timit/s5/mfcc/raw_mfcc_train.10.ark:898829
MSRG0_SI1851 /home/sky/kaldi/egs/timit/s5/mfcc/raw_mfcc_train.9.ark:1442410
MJHI0_SX68 /home/sky/kaldi/egs/timit/s5/mfcc/raw_mfcc_train.6.ark:1025245
MJDM0_SX350 /home/sky/kaldi/egs/timit/s5/mfcc/raw_mfcc_train.6.ark:822182
MREW1_SX60 /home/sky/kaldi/egs/timit/s5/mfcc/raw_mfcc_train.8.ark:1410103
MMGG0_SX269 /home/sky/kaldi/egs/timit/s5/mfcc/raw_mfcc_train.8.ark:56305
FEEH0_SI1112 /home/sky/kaldi/egs/timit/s5/mfcc/raw_mfcc_train.1.ark:1225893
MWAC0_SI1601 /home/sky/kaldi/egs/timit/s5/mfcc/raw_mfcc_train.10.ark:1129396
FDXW0_SI881 /home/sky/kaldi/egs/timit/s5/mfcc/raw_mfcc_train.1.ark:1097305
MTJU0_SI2020 /home/sky/kaldi/egs/timit/s5/mfcc/raw_mfcc_train.10.ark:448519
FJXM0_SX221 /home/sky/kaldi/egs/timit/s5/mfcc/raw_mfcc_train.2.ark:409032
MSAT0_SI2156 /home/sky/kaldi/egs/timit/s5/mfcc/raw_mfcc_train.9.ark:1009741
MDPB0_SX326 /home/sky/kaldi/egs/timit/s5/mfcc/raw_mfcc_train.5.ark:583238
FSJG0_SI2200 /home/sky/kaldi/egs/timit/s5/mfcc/raw_mfcc_train.3.ark:721327
MTJM0_SI1226 /home/sky/kaldi/egs/timit/s5/mfcc/raw_mfcc_train.10.ark:378517
MMAM0_SI2227 /home/sky/kaldi/egs/timit/s5/mfcc/raw_mfcc_train.7.ark:1188211
FNTB0_SX303 /home/sky/kaldi/egs/timit/s5/mfcc/raw_mfcc_train.3.ark:72282
MDWM0_SI916 /home/sky/kaldi/egs/timit/s5/mfcc/raw_mfcc_train.5.ark:880877
MDEM0_SX428 /home/sky/kaldi/egs/timit/s5/mfcc/raw_mfcc_train.5.ark:59042
MJJB0_SI1769 /home/sky/kaldi/egs/timit/s5/mfcc/raw_mfcc_train.6.ark:1036865
MJJJ0_SX173 /home/sky/kaldi/egs/timit/s5/mfcc/raw_mfcc_train.6.ark:1077320
MMWS1_SI2331 /home/sky/kaldi/egs/timit/s5/mfcc/raw_mfcc_train.8.ark:380237
MMSM0_SI1736 /home/sky/kaldi/egs/timit/s5/mfcc/raw_mfcc_train.8.ark:232152
MDLC2_SX444 /home/sky/kaldi/egs/timit/s5/mfcc/raw_mfcc_train.5.ark:320670
MABC0_SX151 /home/sky/kaldi/egs/timit/s5/mfcc/raw_mfcc_train.3.ark:1446033
FLMC0_SX382 /home/sky/kaldi/egs/timit/s5/mfcc/raw_mfcc_train.2.ark:1128997
FMKC0_SI1041 /home/sky/kaldi/egs/timit/s5/mfcc/raw_mfcc_train.2.ark:1429312
MPGR1_SX419 /home/sky/kaldi/egs/timit/s5/mfcc/raw_mfcc_train.8.ark:666723
MRDD0_SX330 /home/sky/kaldi/egs/timit/s5/mfcc/raw_mfcc_train.8.ark:1212402
MHMG0_SX105 /home/sky/kaldi/egs/timit/s5/mfcc/raw_mfcc_train.6.ark:392728
MRDS0_SI537 /home/sky/kaldi/egs/timit/s5/mfcc/raw_mfcc_train.8.ark:1259730
FJLR0_SX421 /home/sky/kaldi/egs/timit/s5/mfcc/raw_mfcc_train.2.ark:216083
MJXL0_SI1172 /home/sky/kaldi/egs/timit/s5/mfcc/raw_mfcc_train.7.ark:320210
MRDD0_SX150 /home/sky/kaldi/egs/timit/s5/mfcc/raw_mfcc_train.8.ark:1202891
FBMJ0_SX246 /home/sky/kaldi/egs/timit/s5/mfcc/raw_mfcc_train.1.ark:392940
FVKB0_SX169 /home/sky/kaldi/egs/timit/s5/mfcc/raw_mfcc_train.3.ark:1382141
MJPM1_SX131 /home/sky/kaldi/egs/timit/s5/mfcc/raw_mfcc_train.6.ark:1417782
MDPK0_SI552 /home/sky/kaldi/egs/timit/s5/mfcc/raw_mfcc_train.5.ark:601175
MHBS0_SI945 /home/sky/kaldi/egs/timit/s5/mfcc/raw_mfcc_train.6.ark:299066
FJDM2_SI1964 /home/sky/kaldi/egs/timit/s5/mfcc/raw_mfcc_train.2.ark:27961
MMGC0_SX135 /home/sky/kaldi/egs/timit/s5/mfcc/raw_mfcc_train.8.ark:22895
MCDD0_SX433 /home/sky/kaldi/egs/timit/s5/mfcc/raw_mfcc_train.4.ark:815580
MDLC1_SI2065 /home/sky/kaldi/egs/timit/s5/mfcc/raw_mfcc_train.5.ark:274518
MDPS0_SX179 /home/sky/kaldi/egs/timit/s5/mfcc/raw_mfcc_train.5.ark:633544
FCYL0_SI1297 /home/sky/kaldi/egs/timit/s5/mfcc/raw_mfcc_train.1.ark:750083
FJLG0_SI1889 /home/sky/kaldi/egs/timit/s5/mfcc/raw_mfcc_train.2.ark:161975
MRHL0_SI885 /home/sky/kaldi/egs/timit/s5/mfcc/raw_mfcc_train.9.ark:53877
MDSS0_SI1881 /home/sky/kaldi/egs/timit/s5/mfcc/raw_mfcc_train.5.ark:722210
MTRR0_SI1548 /home/sky/kaldi/egs/timit/s5/mfcc/raw_mfcc_train.10.ark:910453
MDPK0_SX423 /home/sky/kaldi/egs/timit/s5/mfcc/raw_mfcc_train.5.ark:615633
MKAJ0_SX424 /home/sky/kaldi/egs/timit/s5/mfcc/raw_mfcc_train.7.ark:442649
MGAG0_SI1321 /home/sky/kaldi/egs/timit/s5/mfcc/raw_mfcc_train.5.ark:1394094
MRSP0_SI799 /home/sky/kaldi/egs/timit/s5/mfcc/raw_mfcc_train.9.ark:722350
FCMG0_SX72 /home/sky/kaldi/egs/timit/s5/mfcc/raw_mfcc_train.1.ark:685572
FDML0_SX159 /home/sky/kaldi/egs/timit/s5/mfcc/raw_mfcc_train.1.ark:958360
FDAW0_SX416 /home/sky/kaldi/egs/timit/s5/mfcc/raw_mfcc_train.1.ark:844569
MGRP0_SX147 /home/sky/kaldi/egs/timit/s5/mfcc/raw_mfcc_train.6.ark:163430
FLJA0_SX88 /home/sky/kaldi/egs/timit/s5/mfcc/raw_mfcc_train.2.ark:959908
MBWP0_SX259 /home/sky/kaldi/egs/timit/s5/mfcc/raw_mfcc_train.4.ark:670858
FMPG0_SX162 /home/sky/kaldi/egs/timit/s5/mfcc/raw_mfcc_train.2.ark:1545202
MWAC0_SX71 /home/sky/kaldi/egs/timit/s5/mfcc/raw_mfcc_train.10.ark:1165234
MRWS0_SX22 /home/sky/kaldi/egs/timit/s5/mfcc/raw_mfcc_train.9.ark:898961
MGJC0_SI1256 /home/sky/kaldi/egs/timit/s5/mfcc/raw_mfcc_train.6.ark:82732
MJRH0_SX225 /home/sky/kaldi/egs/timit/s5/mfcc/raw_mfcc_train.7.ark:35391
MTRR0_SX108 /home/sky/kaldi/egs/timit/s5/mfcc/raw_mfcc_train.10.ark:922747
MMDM0_SI1311 /home/sky/kaldi/egs/timit/s5/mfcc/raw_mfcc_train.7.ark:1380392
MTDP0_SX81 /home/sky/kaldi/egs/timit/s5/mfcc/raw_mfcc_train.10.ark:308690
MRDS0_SX177 /home/sky/kaldi/egs/timit/s5/mfcc/raw_mfcc_train.8.ark:1264586
MPEB0_SX330 /home/sky/kaldi/egs/timit/s5/mfcc/raw_mfcc_train.8.ark:537073
FCAG0_SI1641 /home/sky/kaldi/egs/timit/s5/mfcc/raw_mfcc_train.1.ark:413802
MTCS0_SX442 /home/sky/kaldi/egs/timit/s5/mfcc/raw_mfcc_train.10.ark:232480
FDAW0_SX146 /home/sky/kaldi/egs/timit/s5/mfcc/raw_mfcc_train.1.ark:833823
FGMB0_SI1145 /home/sky/kaldi/egs/timit/s5/mfcc/raw_mfcc_train.1.ark:1432507
MCTM0_SX270 /home/sky/kaldi/egs/timit/s5/mfcc/raw_mfcc_train.4.ark:1170313
MTAB0_SX402 /home/sky/kaldi/egs/timit/s5/mfcc/raw_mfcc_train.10.ark:74479
MMEB0_SI1357 /home/sky/kaldi/egs/timit/s5/mfcc/raw_mfcc_train.7.ark:1500207
MRPC1_SX312 /home/sky/kaldi/egs/timit/s5/mfcc/raw_mfcc_train.9.ark:622711
MSEM1_SX450 /home/sky/kaldi/egs/timit/s5/mfcc/raw_mfcc_train.9.ark:1191466
FSDJ0_SI485 /home/sky/kaldi/egs/timit/s5/mfcc/raw_mfcc_train.3.ark:665229
FSPM0_SI1871 /home/sky/kaldi/egs/timit/s5/mfcc/raw_mfcc_train.3.ark:1093014
MJLG1_SX22 /home/sky/kaldi/egs/timit/s5/mfcc/raw_mfcc_train.6.ark:1213061
FMMH0_SI907 /home/sky/kaldi/egs/timit/s5/mfcc/raw_mfcc_train.2.ark:1506387
MSVS0_SX218 /home/sky/kaldi/egs/timit/s5/mfcc/raw_mfcc_train.10.ark:24306
MCAL0_SI508 /home/sky/kaldi/egs/timit/s5/mfcc/raw_mfcc_train.4.ark:739882
MJRH1_SI1774 /home/sky/kaldi/egs/timit/s5/mfcc/raw_mfcc_train.7.ark:55863
FAEM0_SX312 /home/sky/kaldi/egs/timit/s5/mfcc/raw_mfcc_train.1.ark:20537
FMEM0_SX387 /home/sky/kaldi/egs/timit/s5/mfcc/raw_mfcc_train.2.ark:1322964
MMRP0_SX414 /home/sky/kaldi/egs/timit/s5/mfcc/raw_mfcc_train.8.ark:216816
FPMY0_SX343 /home/sky/kaldi/egs/timit/s5/mfcc/raw_mfcc_train.3.ark:347343
FSPM0_SX161 /home/sky/kaldi/egs/timit/s5/mfcc/raw_mfcc_train.3.ark:1099541
MMAG0_SI496 /home/sky/kaldi/egs/timit/s5/mfcc/raw_mfcc_train.7.ark:1153911
MDAS0_SX276 /home/sky/kaldi/egs/timit/s5/mfcc/raw_mfcc_train.4.ark:1269329
MJWS0_SX153 /home/sky/kaldi/egs/timit/s5/mfcc/raw_mfcc_train.7.ark:229763
MTAT0_SI1740 /home/sky/kaldi/egs/timit/s5/mfcc/raw_mfcc_train.10.ark:113649
MLJC0_SX145 /home/sky/kaldi/egs/timit/s5/mfcc/raw_mfcc_train.7.ark:949879
MPGH0_SX384 /home/sky/kaldi/egs/timit/s5/mfcc/raw_mfcc_train.8.ark:609089
FVKB0_SX259 /home/sky/kaldi/egs/timit/s5/mfcc/raw_mfcc_train.3.ark:1385957
MLJC0_SX55 /home/sky/kaldi/egs/timit/s5/mfcc/raw_mfcc_train.7.ark:964999
MTQC0_SX271 /home/sky/kaldi/egs/timit/s5/mfcc/raw_mfcc_train.10.ark:861983
FPLS0_SX330 /home/sky/kaldi/egs/timit/s5/mfcc/raw_mfcc_train.3.ark:310717
MPAR0_SI2206 /home/sky/kaldi/egs/timit/s5/mfcc/raw_mfcc_train.8.ark:494946
FVFB0_SX402 /home/sky/kaldi/egs/timit/s5/mfcc/raw_mfcc_train.3.ark:1366206
MRLK0_SX33 /home/sky/kaldi/egs/timit/s5/mfcc/raw_mfcc_train.9.ark:405916
FSRH0_SI1719 /home/sky/kaldi/egs/timit/s5/mfcc/raw_mfcc_train.3.ark:1121325
FSKL0_SI899 /home/sky/kaldi/egs/timit/s5/mfcc/raw_mfcc_train.3.ark:897847
MADD0_SX88 /home/sky/kaldi/egs/timit/s5/mfcc/raw_mfcc_train.4.ark:3489
MMRP0_SX324 /home/sky/kaldi/egs/timit/s5/mfcc/raw_mfcc_train.8.ark:210699
FPAZ0_SX153 /home/sky/kaldi/egs/timit/s5/mfcc/raw_mfcc_train.3.ark:237485
MHXL0_SX62 /home/sky/kaldi/egs/timit/s5/mfcc/raw_mfcc_train.6.ark:502788
FSDC0_SI1312 /home/sky/kaldi/egs/timit/s5/mfcc/raw_mfcc_train.3.ark:626156
MRFL0_SI526 /home/sky/kaldi/egs/timit/s5/mfcc/raw_mfcc_train.8.ark:1452356
FETB0_SX338 /home/sky/kaldi/egs/timit/s5/mfcc/raw_mfcc_train.1.ark:1314092
MJBG0_SX242 /home/sky/kaldi/egs/timit/s5/mfcc/raw_mfcc_train.6.ark:649665
MJWG0_SX355 /home/sky/kaldi/egs/timit/s5/mfcc/raw_mfcc_train.7.ark:208530
MRTC0_SI1458 /home/sky/kaldi/egs/timit/s5/mfcc/raw_mfcc_train.9.ark:745610
MDEF0_SI1563 /home/sky/kaldi/egs/timit/s5/mfcc/raw_mfcc_train.5.ark:6547
MMEA0_SI2018 /home/sky/kaldi/egs/timit/s5/mfcc/raw_mfcc_train.7.ark:1477005
MDNS0_SX111 /home/sky/kaldi/egs/timit/s5/mfcc/raw_mfcc_train.5.ark:543088
MWSH0_SX346 /home/sky/kaldi/egs/timit/s5/mfcc/raw_mfcc_train.10.ark:1468433
MBSB0_SI1983 /home/sky/kaldi/egs/timit/s5/mfcc/raw_mfcc_train.4.ark:603022
MHXL0_SI1772 /home/sky/kaldi/egs/timit/s5/mfcc/raw_mfcc_train.6.ark:473347
MDBP0_SI528 /home/sky/kaldi/egs/timit/s5/mfcc/raw_mfcc_train.4.ark:1316325
MBEF0_SX21 /home/sky/kaldi/egs/timit/s5/mfcc/raw_mfcc_train.4.ark:402929
FLAC0_SX181 /home/sky/kaldi/egs/timit/s5/mfcc/raw_mfcc_train.2.ark:779348
FLHD0_SX84 /home/sky/kaldi/egs/timit/s5/mfcc/raw_mfcc_train.2.ark:925036
FGRW0_SI1782 /home/sky/kaldi/egs/timit/s5/mfcc/raw_mfcc_train.1.ark:1476954
MTBC0_SI543 /home/sky/kaldi/egs/timit/s5/mfcc/raw_mfcc_train.10.ark:182839
MHXL0_SX422 /home/sky/kaldi/egs/timit/s5/mfcc/raw_mfcc_train.6.ark:497673
FCDR1_SI556 /home/sky/kaldi/egs/timit/s5/mfcc/raw_mfcc_train.1.ark:482135
FPMY0_SX163 /home/sky/kaldi/egs/timit/s5/mfcc/raw_mfcc_train.3.ark:336610
FMJU0_SI2019 /home/sky/kaldi/egs/timit/s5/mfcc/raw_mfcc_train.2.ark:1401885
MTER0_SI527 /home/sky/kaldi/egs/timit/s5/mfcc/raw_mfcc_train.10.ark:322194
MPRK0_SI467 /home/sky/kaldi/egs/timit/s5/mfcc/raw_mfcc_train.8.ark:846432
MSDH0_SI2113 /home/sky/kaldi/egs/timit/s5/mfcc/raw_mfcc_train.9.ark:1086580
FMEM0_SX117 /home/sky/kaldi/egs/timit/s5/mfcc/raw_mfcc_train.2.ark:1305451
FCMM0_SX420 /home/sky/kaldi/egs/timit/s5/mfcc/raw_mfcc_train.1.ark:711090
MKES0_SX263 /home/sky/kaldi/egs/timit/s5/mfcc/raw_mfcc_train.7.ark:601857
MRSO0_SX129 /home/sky/kaldi/egs/timit/s5/mfcc/raw_mfcc_train.9.ark:688422
FEAR0_SX352 /home/sky/kaldi/egs/timit/s5/mfcc/raw_mfcc_train.1.ark:1172658
MJAC0_SX71 /home/sky/kaldi/egs/timit/s5/mfcc/raw_mfcc_train.6.ark:565286
MJDC0_SX81 /home/sky/kaldi/egs/timit/s5/mfcc/raw_mfcc_train.6.ark:723406
FTLG0_SX213 /home/sky/kaldi/egs/timit/s5/mfcc/raw_mfcc_train.3.ark:1297658
MEDR0_SX384 /home/sky/kaldi/egs/timit/s5/mfcc/raw_mfcc_train.5.ark:957440
MLEL0_SX256 /home/sky/kaldi/egs/timit/s5/mfcc/raw_mfcc_train.7.ark:918733
FJXM0_SX131 /home/sky/kaldi/egs/timit/s5/mfcc/raw_mfcc_train.2.ark:405463
MJDG0_SI1042 /home/sky/kaldi/egs/timit/s5/mfcc/raw_mfcc_train.6.ark:769321
MJDG0_SX52 /home/sky/kaldi/egs/timit/s5/mfcc/raw_mfcc_train.6.ark:796619
FJKL0_SX302 /home/sky/kaldi/egs/timit/s5/mfcc/raw_mfcc_train.2.ark:148790
MGAG0_SI645 /home/sky/kaldi/egs/timit/s5/mfcc/raw_mfcc_train.5.ark:1399067
FLJA0_SI1078 /home/sky/kaldi/egs/timit/s5/mfcc/raw_mfcc_train.2.ark:929464
MEGJ0_SI707 /home/sky/kaldi/egs/timit/s5/mfcc/raw_mfcc_train.5.ark:1004175
MREW1_SI1500 /home/sky/kaldi/egs/timit/s5/mfcc/raw_mfcc_train.8.ark:1384249
MBCG0_SX417 /home/sky/kaldi/egs/timit/s5/mfcc/raw_mfcc_train.4.ark:377166
MREM0_SX241 /home/sky/kaldi/egs/timit/s5/mfcc/raw_mfcc_train.8.ark:1368881
MMGC0_SX225 /home/sky/kaldi/egs/timit/s5/mfcc/raw_mfcc_train.8.ark:26698
MDPS0_SX89 /home/sky/kaldi/egs/timit/s5/mfcc/raw_mfcc_train.5.ark:649288
MAFM0_SX399 /home/sky/kaldi/egs/timit/s5/mfcc/raw_mfcc_train.4.ark:94362
FPAZ0_SI1593 /home/sky/kaldi/egs/timit/s5/mfcc/raw_mfcc_train.3.ark:223332
FSKP0_SX18 /home/sky/kaldi/egs/timit/s5/mfcc/raw_mfcc_train.3.ark:937255
MDHL0_SX269 /home/sky/kaldi/egs/timit/s5/mfcc/raw_mfcc_train.5.ark:85371
MSJK0_SX246 /home/sky/kaldi/egs/timit/s5/mfcc/raw_mfcc_train.9.ark:1322838
FPAB1_SI2101 /home/sky/kaldi/egs/timit/s5/mfcc/raw_mfcc_train.3.ark:86546
MDPB0_SX56 /home/sky/kaldi/egs/timit/s5/mfcc/raw_mfcc_train.5.ark:590154
FJDM2_SI2212 /home/sky/kaldi/egs/timit/s5/mfcc/raw_mfcc_train.2.ark:32480
MREM0_SI511 /home/sky/kaldi/egs/timit/s5/mfcc/raw_mfcc_train.8.ark:1355821
MSAH1_SI2309 /home/sky/kaldi/egs/timit/s5/mfcc/raw_mfcc_train.9.ark:948261
FJDM2_SX142 /home/sky/kaldi/egs/timit/s5/mfcc/raw_mfcc_train.2.ark:36426
MAJP0_SI1704 /home/sky/kaldi/egs/timit/s5/mfcc/raw_mfcc_train.4.ark:100527
MSFV0_SX272 /home/sky/kaldi/egs/timit/s5/mfcc/raw_mfcc_train.9.ark:1287109
MCLK0_SI1660 /home/sky/kaldi/egs/timit/s5/mfcc/raw_mfcc_train.4.ark:963737
MPGH0_SI1554 /home/sky/kaldi/egs/timit/s5/mfcc/raw_mfcc_train.8.ark:583847
MMAB1_SX414 /home/sky/kaldi/egs/timit/s5/mfcc/raw_mfcc_train.7.ark:1134720
FSAK0_SX130 /home/sky/kaldi/egs/timit/s5/mfcc/raw_mfcc_train.3.ark:532303
FLAG0_SX114 /home/sky/kaldi/egs/timit/s5/mfcc/raw_mfcc_train.2.ark:814193
FTMG0_SX452 /home/sky/kaldi/egs/timit/s5/mfcc/raw_mfcc_train.3.ark:1334831
FSMS1_SX64 /home/sky/kaldi/egs/timit/s5/mfcc/raw_mfcc_train.3.ark:1082117
FSJK1_SI2285 /home/sky/kaldi/egs/timit/s5/mfcc/raw_mfcc_train.3.ark:764713
MRJM1_SX128 /home/sky/kaldi/egs/timit/s5/mfcc/raw_mfcc_train.9.ark:199765
FEME0_SX425 /home/sky/kaldi/egs/timit/s5/mfcc/raw_mfcc_train.1.ark:1287535
MGAR0_SI1694 /home/sky/kaldi/egs/timit/s5/mfcc/raw_mfcc_train.5.ark:1464481
FSJS0_SX181 /home/sky/kaldi/egs/timit/s5/mfcc/raw_mfcc_train.3.ark:802276
FCJF0_SX127 /home/sky/kaldi/egs/timit/s5/mfcc/raw_mfcc_train.1.ark:549934
MCTH0_SX309 /home/sky/kaldi/egs/timit/s5/mfcc/raw_mfcc_train.4.ark:1141000
FJXP0_SI492 /home/sky/kaldi/egs/timit/s5/mfcc/raw_mfcc_train.2.ark:439885
MLJC0_SX325 /home/sky/kaldi/egs/timit/s5/mfcc/raw_mfcc_train.7.ark:957810
MMJB1_SX328 /home/sky/kaldi/egs/timit/s5/mfcc/raw_mfcc_train.8.ark:117422
MKDT0_SX443 /home/sky/kaldi/egs/timit/s5/mfcc/raw_mfcc_train.7.ark:574280
FDKN0_SX91 /home/sky/kaldi/egs/timit/s5/mfcc/raw_mfcc_train.1.ark:943808
MAFM0_SI2199 /home/sky/kaldi/egs/timit/s5/mfcc/raw_mfcc_train.4.ark:72754
FCYL0_SX37 /home/sky/kaldi/egs/timit/s5/mfcc/raw_mfcc_train.1.ark:776138
MMDG0_SI520 /home/sky/kaldi/egs/timit/s5/mfcc/raw_mfcc_train.7.ark:1354805
MRTC0_SX198 /home/sky/kaldi/egs/timit/s5/mfcc/raw_mfcc_train.9.ark:768590
MJMM0_SX265 /home/sky/kaldi/egs/timit/s5/mfcc/raw_mfcc_train.6.ark:1333352
FTBR0_SX111 /home/sky/kaldi/egs/timit/s5/mfcc/raw_mfcc_train.3.ark:1228118
FSMM0_SI684 /home/sky/kaldi/egs/timit/s5/mfcc/raw_mfcc_train.3.ark:1025788
MDHL0_SX449 /home/sky/kaldi/egs/timit/s5/mfcc/raw_mfcc_train.5.ark:93029
MZMB0_SX176 /home/sky/kaldi/egs/timit/s5/mfcc/raw_mfcc_train.10.ark:1494216
FLET0_SX57 /home/sky/kaldi/egs/timit/s5/mfcc/raw_mfcc_train.2.ark:895585
MRPC1_SX222 /home/sky/kaldi/egs/timit/s5/mfcc/raw_mfcc_train.9.ark:618986
MSMR0_SX55 /home/sky/kaldi/egs/timit/s5/mfcc/raw_mfcc_train.9.ark:1401140
FVFB0_SX312 /home/sky/kaldi/egs/timit/s5/mfcc/raw_mfcc_train.3.ark:1361155
FPLS0_SI960 /home/sky/kaldi/egs/timit/s5/mfcc/raw_mfcc_train.3.ark:295754
FPJF0_SX326 /home/sky/kaldi/egs/timit/s5/mfcc/raw_mfcc_train.3.ark:276426
MSFH0_SI1216 /home/sky/kaldi/egs/timit/s5/mfcc/raw_mfcc_train.9.ark:1229134
MGRP0_SI1947 /home/sky/kaldi/egs/timit/s5/mfcc/raw_mfcc_train.6.ark:155668
MSJK0_SX156 /home/sky/kaldi/egs/timit/s5/mfcc/raw_mfcc_train.9.ark:1318346
MMDB0_SX447 /home/sky/kaldi/egs/timit/s5/mfcc/raw_mfcc_train.7.ark:1340216
MRJH0_SX307 /home/sky/kaldi/egs/timit/s5/mfcc/raw_mfcc_train.9.ark:140696
FSMA0_SX181 /home/sky/kaldi/egs/timit/s5/mfcc/raw_mfcc_train.3.ark:996540
FSJW0_SX433 /home/sky/kaldi/egs/timit/s5/mfcc/raw_mfcc_train.3.ark:850064
FSLS0_SI1686 /home/sky/kaldi/egs/timit/s5/mfcc/raw_mfcc_train.3.ark:955349
MSAT1_SX83 /home/sky/kaldi/egs/timit/s5/mfcc/raw_mfcc_train.9.ark:1059422
MSMC0_SX377 /home/sky/kaldi/egs/timit/s5/mfcc/raw_mfcc_train.9.ark:1368778
MCTM0_SI720 /home/sky/kaldi/egs/timit/s5/mfcc/raw_mfcc_train.4.ark:1163617
MBAR0_SI1949 /home/sky/kaldi/egs/timit/s5/mfcc/raw_mfcc_train.4.ark:296989
MRDS0_SX87 /home/sky/kaldi/egs/timit/s5/mfcc/raw_mfcc_train.8.ark:1278770
MJWG0_SI813 /home/sky/kaldi/egs/timit/s5/mfcc/raw_mfcc_train.7.ark:184439
MMEA0_SX308 /home/sky/kaldi/egs/timit/s5/mfcc/raw_mfcc_train.7.ark:1489669
MRRE0_SX344 /home/sky/kaldi/egs/timit/s5/mfcc/raw_mfcc_train.9.ark:660389
FSJK1_SI696 /home/sky/kaldi/egs/timit/s5/mfcc/raw_mfcc_train.3.ark:767411
FJXP0_SX132 /home/sky/kaldi/egs/timit/s5/mfcc/raw_mfcc_train.2.ark:442323
FMPG0_SI1602 /home/sky/kaldi/egs/timit/s5/mfcc/raw_mfcc_train.2.ark:1529359
FRLL0_SI1514 /home/sky/kaldi/egs/timit/s5/mfcc/raw_mfcc_train.3.ark:414877
MMAB1_SI2124 /home/sky/kaldi/egs/timit/s5/mfcc/raw_mfcc_train.7.ark:1111246
FJXM0_SX41 /home/sky/kaldi/egs/timit/s5/mfcc/raw_mfcc_train.2.ark:424041
MJBG0_SI1862 /home/sky/kaldi/egs/timit/s5/mfcc/raw_mfcc_train.6.ark:641786
MREH1_SI2229 /home/sky/kaldi/egs/timit/s5/mfcc/raw_mfcc_train.8.ark:1321055
FLTM0_SX440 /home/sky/kaldi/egs/timit/s5/mfcc/raw_mfcc_train.2.ark:1219931
FMKF0_SI1536 /home/sky/kaldi/egs/timit/s5/mfcc/raw_mfcc_train.2.ark:1468560
FSSB0_SI1082 /home/sky/kaldi/egs/timit/s5/mfcc/raw_mfcc_train.3.ark:1152595
FLMA0_SX253 /home/sky/kaldi/egs/timit/s5/mfcc/raw_mfcc_train.2.ark:1086774
MFXV0_SX105 /home/sky/kaldi/egs/timit/s5/mfcc/raw_mfcc_train.5.ark:1348593
FBCH0_SX236 /home/sky/kaldi/egs/timit/s5/mfcc/raw_mfcc_train.1.ark:258084
MCLK0_SX400 /home/sky/kaldi/egs/timit/s5/mfcc/raw_mfcc_train.4.ark:993907
MMRP0_SX144 /home/sky/kaldi/egs/timit/s5/mfcc/raw_mfcc_train.8.ark:201832
MRWA0_SI1603 /home/sky/kaldi/egs/timit/s5/mfcc/raw_mfcc_train.9.ark:850496
FSLS0_SX156 /home/sky/kaldi/egs/timit/s5/mfcc/raw_mfcc_train.3.ark:965257
FMKC0_SX82 /home/sky/kaldi/egs/timit/s5/mfcc/raw_mfcc_train.2.ark:1458820
FPAZ0_SX27 /home/sky/kaldi/egs/timit/s5/mfcc/raw_mfcc_train.3.ark:246169
MTWH1_SX72 /home/sky/kaldi/egs/timit/s5/mfcc/raw_mfcc_train.10.ark:999029
MRWA0_SI2233 /home/sky/kaldi/egs/timit/s5/mfcc/raw_mfcc_train.9.ark:853728
MSDH0_SI980 /home/sky/kaldi/egs/timit/s5/mfcc/raw_mfcc_train.9.ark:1090313
FSMA0_SX91 /home/sky/kaldi/egs/timit/s5/mfcc/raw_mfcc_train.3.ark:1014949
FJRB0_SX132 /home/sky/kaldi/egs/timit/s5/mfcc/raw_mfcc_train.2.ark:234670
FMEM0_SI747 /home/sky/kaldi/egs/timit/s5/mfcc/raw_mfcc_train.2.ark:1301401
MRJM0_SI1095 /home/sky/kaldi/egs/timit/s5/mfcc/raw_mfcc_train.9.ark:153288
FCAJ0_SX129 /home/sky/kaldi/egs/timit/s5/mfcc/raw_mfcc_train.1.ark:449013
MJMA0_SX325 /home/sky/kaldi/egs/timit/s5/mfcc/raw_mfcc_train.6.ark:1278488
MAKB0_SI1016 /home/sky/kaldi/egs/timit/s5/mfcc/raw_mfcc_train.4.ark:133948
MPEB0_SX420 /home/sky/kaldi/egs/timit/s5/mfcc/raw_mfcc_train.8.ark:541071
MMWB0_SI1619 /home/sky/kaldi/egs/timit/s5/mfcc/raw_mfcc_train.8.ark:299118
FECD0_SX338 /home/sky/kaldi/egs/timit/s5/mfcc/raw_mfcc_train.1.ark:1212638
MMGK0_SX422 /home/sky/kaldi/egs/timit/s5/mfcc/raw_mfcc_train.8.ark:90514
FCJS0_SI977 /home/sky/kaldi/egs/timit/s5/mfcc/raw_mfcc_train.1.ark:567365
MCTH0_SI579 /home/sky/kaldi/egs/timit/s5/mfcc/raw_mfcc_train.4.ark:1128447
MNTW0_SX202 /home/sky/kaldi/egs/timit/s5/mfcc/raw_mfcc_train.8.ark:477074
MEAL0_SI2177 /home/sky/kaldi/egs/timit/s5/mfcc/raw_mfcc_train.5.ark:908773
FLTM0_SX260 /home/sky/kaldi/egs/timit/s5/mfcc/raw_mfcc_train.2.ark:1209218
MCAE0_SX97 /home/sky/kaldi/egs/timit/s5/mfcc/raw_mfcc_train.4.ark:728341
MADC0_SX17 /home/sky/kaldi/egs/timit/s5/mfcc/raw_mfcc_train.3.ark:1483107
FDFB0_SI2010 /home/sky/kaldi/egs/timit/s5/mfcc/raw_mfcc_train.1.ark:859614
FMJB0_SI547 /home/sky/kaldi/egs/timit/s5/mfcc/raw_mfcc_train.2.ark:1339055
MRMH0_SX391 /home/sky/kaldi/egs/timit/s5/mfcc/raw_mfcc_train.9.ark:533046
MDLM0_SI604 /home/sky/kaldi/egs/timit/s5/mfcc/raw_mfcc_train.5.ark:368790
FEXM0_SX291 /home/sky/kaldi/egs/timit/s5/mfcc/raw_mfcc_train.1.ark:1350367
FALK0_SX276 /home/sky/kaldi/egs/timit/s5/mfcc/raw_mfcc_train.1.ark:85784
MJEB1_SI1467 /home/sky/kaldi/egs/timit/s5/mfcc/raw_mfcc_train.6.ark:867578
FEAC0_SX345 /home/sky/kaldi/egs/timit/s5/mfcc/raw_mfcc_train.1.ark:1142246
MMJB1_SI778 /home/sky/kaldi/egs/timit/s5/mfcc/raw_mfcc_train.8.ark:106208
MDLC1_SX445 /home/sky/kaldi/egs/timit/s5/mfcc/raw_mfcc_train.5.ark:294223
MRAM0_SX285 /home/sky/kaldi/egs/timit/s5/mfcc/raw_mfcc_train.8.ark:1053410
MWSH0_SI796 /home/sky/kaldi/egs/timit/s5/mfcc/raw_mfcc_train.10.ark:1452435
MREE0_SI1104 /home/sky/kaldi/egs/timit/s5/mfcc/raw_mfcc_train.8.ark:1281703
MTXS0_SX250 /home/sky/kaldi/egs/timit/s5/mfcc/raw_mfcc_train.10.ark:1021622
MDDC0_SX339 /home/sky/kaldi/egs/timit/s5/mfcc/raw_mfcc_train.4.ark:1427498
MMAR0_SX436 /home/sky/kaldi/egs/timit/s5/mfcc/raw_mfcc_train.7.ark:1240517
MRAB0_SX234 /home/sky/kaldi/egs/timit/s5/mfcc/raw_mfcc_train.8.ark:944142
MAEO0_SI1956 /home/sky/kaldi/egs/timit/s5/mfcc/raw_mfcc_train.4.ark:48160
MCSS0_SX120 /home/sky/kaldi/egs/timit/s5/mfcc/raw_mfcc_train.4.ark:1102982
FLMA0_SI1873 /home/sky/kaldi/egs/timit/s5/mfcc/raw_mfcc_train.2.ark:1074663
MRBC0_SX239 /home/sky/kaldi/egs/timit/s5/mfcc/raw_mfcc_train.8.ark:1105850
MRLK0_SX393 /home/sky/kaldi/egs/timit/s5/mfcc/raw_mfcc_train.9.ark:408744
MTCS0_SI712 /home/sky/kaldi/egs/timit/s5/mfcc/raw_mfcc_train.10.ark:213108
MZMB0_SX356 /home/sky/kaldi/egs/timit/s5/mfcc/raw_mfcc_train.10.ark:1502693
MRWA0_SI973 /home/sky/kaldi/egs/timit/s5/mfcc/raw_mfcc_train.9.ark:858363
FSAG0_SI693 /home/sky/kaldi/egs/timit/s5/mfcc/raw_mfcc_train.3.ark:453480
MJRH1_SX154 /home/sky/kaldi/egs/timit/s5/mfcc/raw_mfcc_train.7.ark:63170
FKLC0_SX175 /home/sky/kaldi/egs/timit/s5/mfcc/raw_mfcc_train.2.ark:649275
FBMJ0_SX336 /home/sky/kaldi/egs/timit/s5/mfcc/raw_mfcc_train.1.ark:396366
FJDM2_SX322 /home/sky/kaldi/egs/timit/s5/mfcc/raw_mfcc_train.2.ark:47113
FAJW0_SX93 /home/sky/kaldi/egs/timit/s5/mfcc/raw_mfcc_train.1.ark:64116
MLSH0_SI2047 /home/sky/kaldi/egs/timit/s5/mfcc/raw_mfcc_train.7.ark:1045989
MTXS0_SX160 /home/sky/kaldi/egs/timit/s5/mfcc/raw_mfcc_train.10.ark:1016051
FCDR1_SI1186 /home/sky/kaldi/egs/timit/s5/mfcc/raw_mfcc_train.1.ark:468314
FJSK0_SX152 /home/sky/kaldi/egs/timit/s5/mfcc/raw_mfcc_train.2.ark:310393
MHIT0_SI2243 /home/sky/kaldi/egs/timit/s5/mfcc/raw_mfcc_train.6.ark:324882
MRLJ0_SX70 /home/sky/kaldi/egs/timit/s5/mfcc/raw_mfcc_train.9.ark:350090
FAPB0_SX73 /home/sky/kaldi/egs/timit/s5/mfcc/raw_mfcc_train.1.ark:167544
MMAG0_SX226 /home/sky/kaldi/egs/timit/s5/mfcc/raw_mfcc_train.7.ark:1163402
MHBS0_SI1575 /home/sky/kaldi/egs/timit/s5/mfcc/raw_mfcc_train.6.ark:291550
FPAZ0_SX243 /home/sky/kaldi/egs/timit/s5/mfcc/raw_mfcc_train.3.ark:242211
FAPB0_SI2323 /home/sky/kaldi/egs/timit/s5/mfcc/raw_mfcc_train.1.ark:141081
MWRP0_SX273 /home/sky/kaldi/egs/timit/s5/mfcc/raw_mfcc_train.10.ark:1400885
MSFH0_SX46 /home/sky/kaldi/egs/timit/s5/mfcc/raw_mfcc_train.9.ark:1265089
MTML0_SI1695 /home/sky/kaldi/egs/timit/s5/mfcc/raw_mfcc_train.10.ark:614978
FNKL0_SX82 /home/sky/kaldi/egs/timit/s5/mfcc/raw_mfcc_train.3.ark:47292
FTAJ0_SI1329 /home/sky/kaldi/egs/timit/s5/mfcc/raw_mfcc_train.3.ark:1187935
FBCG1_SI2242 /home/sky/kaldi/egs/timit/s5/mfcc/raw_mfcc_train.1.ark:209179
MRXB0_SX325 /home/sky/kaldi/egs/timit/s5/mfcc/raw_mfcc_train.9.ark:931805
MREH1_SI969 /home/sky/kaldi/egs/timit/s5/mfcc/raw_mfcc_train.8.ark:1323623
MDLB0_SI1936 /home/sky/kaldi/egs/timit/s5/mfcc/raw_mfcc_train.5.ark:202852
FPAF0_SI1684 /home/sky/kaldi/egs/timit/s5/mfcc/raw_mfcc_train.3.ark:197165
MTKD0_SX377 /home/sky/kaldi/egs/timit/s5/mfcc/raw_mfcc_train.10.ark:510570
FTBW0_SI1975 /home/sky/kaldi/egs/timit/s5/mfcc/raw_mfcc_train.3.ark:1248129
MMGK0_SX242 /home/sky/kaldi/egs/timit/s5/mfcc/raw_mfcc_train.8.ark:84286
MDTB0_SX300 /home/sky/kaldi/egs/timit/s5/mfcc/raw_mfcc_train.5.ark:794588
MADC0_SX287 /home/sky/kaldi/egs/timit/s5/mfcc/raw_mfcc_train.3.ark:1489192
MDBP0_SI1158 /home/sky/kaldi/egs/timit/s5/mfcc/raw_mfcc_train.4.ark:1309433
MLSH0_SI1417 /home/sky/kaldi/egs/timit/s5/mfcc/raw_mfcc_train.7.ark:1040313
MDNS0_SX201 /home/sky/kaldi/egs/timit/s5/mfcc/raw_mfcc_train.5.ark:546605
MTAT0_SX300 /home/sky/kaldi/egs/timit/s5/mfcc/raw_mfcc_train.10.ark:132884
MDLC0_SX405 /home/sky/kaldi/egs/timit/s5/mfcc/raw_mfcc_train.5.ark:260534
MRCG0_SX348 /home/sky/kaldi/egs/timit/s5/mfcc/raw_mfcc_train.8.ark:1145070
MSAT0_SX86 /home/sky/kaldi/egs/timit/s5/mfcc/raw_mfcc_train.9.ark:1029399
MTRR0_SX288 /home/sky/kaldi/egs/timit/s5/mfcc/raw_mfcc_train.10.ark:933674
MMGC0_SX405 /home/sky/kaldi/egs/timit/s5/mfcc/raw_mfcc_train.8.ark:33498
FSAH0_SI1244 /home/sky/kaldi/egs/timit/s5/mfcc/raw_mfcc_train.3.ark:485060
FTMG0_SI2162 /home/sky/kaldi/egs/timit/s5/mfcc/raw_mfcc_train.3.ark:1313892
MNET0_SX276 /home/sky/kaldi/egs/timit/s5/mfcc/raw_mfcc_train.8.ark:443738
FPLS0_SX150 /home/sky/kaldi/egs/timit/s5/mfcc/raw_mfcc_train.3.ark:301819
MESJ0_SX97 /home/sky/kaldi/egs/timit/s5/mfcc/raw_mfcc_train.5.ark:1148629
MCPM0_SI564 /home/sky/kaldi/egs/timit/s5/mfcc/raw_mfcc_train.4.ark:1035028
MTJM0_SI1856 /home/sky/kaldi/egs/timit/s5/mfcc/raw_mfcc_train.10.ark:383608
MMVP0_SX114 /home/sky/kaldi/egs/timit/s5/mfcc/raw_mfcc_train.8.ark:276722
MJDE0_SX130 /home/sky/kaldi/egs/timit/s5/mfcc/raw_mfcc_train.6.ark:743910
MJSR0_SX74 /home/sky/kaldi/egs/timit/s5/mfcc/raw_mfcc_train.7.ark:176273
MDSJ0_SX292 /home/sky/kaldi/egs/timit/s5/mfcc/raw_mfcc_train.5.ark:708343
MLBC0_SI1869 /home/sky/kaldi/egs/timit/s5/mfcc/raw_mfcc_train.7.ark:873454
MMWB0_SX179 /home/sky/kaldi/egs/timit/s5/mfcc/raw_mfcc_train.8.ark:315546
MRWA0_SX253 /home/sky/kaldi/egs/timit/s5/mfcc/raw_mfcc_train.9.ark:865943
MMRP0_SX234 /home/sky/kaldi/egs/timit/s5/mfcc/raw_mfcc_train.8.ark:206064
MTAB0_SX42 /home/sky/kaldi/egs/timit/s5/mfcc/raw_mfcc_train.10.ark:78762
MRDS0_SI1797 /home/sky/kaldi/egs/timit/s5/mfcc/raw_mfcc_train.8.ark:1255368
FGCS0_SX226 /home/sky/kaldi/egs/timit/s5/mfcc/raw_mfcc_train.1.ark:1380422
MTDB0_SX231 /home/sky/kaldi/egs/timit/s5/mfcc/raw_mfcc_train.10.ark:259641
MREE0_SI1734 /home/sky/kaldi/egs/timit/s5/mfcc/raw_mfcc_train.8.ark:1287769
MDCM0_SI850 /home/sky/kaldi/egs/timit/s5/mfcc/raw_mfcc_train.4.ark:1385625
FALR0_SI695 /home/sky/kaldi/egs/timit/s5/mfcc/raw_mfcc_train.1.ark:109381
MPRK0_SI1097 /home/sky/kaldi/egs/timit/s5/mfcc/raw_mfcc_train.8.ark:834899
MPFU0_SX88 /home/sky/kaldi/egs/timit/s5/mfcc/raw_mfcc_train.8.ark:579263
MGAW0_SX85 /home/sky/kaldi/egs/timit/s5/mfcc/raw_mfcc_train.6.ark:52364
MTPG0_SX123 /home/sky/kaldi/egs/timit/s5/mfcc/raw_mfcc_train.10.ark:755894
FDTD0_SX301 /home/sky/kaldi/egs/timit/s5/mfcc/raw_mfcc_train.1.ark:1077989
MJLS0_SI466 /home/sky/kaldi/egs/timit/s5/mfcc/raw_mfcc_train.6.ark:1235965
MJJJ0_SI1793 /home/sky/kaldi/egs/timit/s5/mfcc/raw_mfcc_train.6.ark:1069337
MADC0_SI737 /home/sky/kaldi/egs/timit/s5/mfcc/raw_mfcc_train.3.ark:1472915
MTWH1_SI1512 /home/sky/kaldi/egs/timit/s5/mfcc/raw_mfcc_train.10.ark:973734
FRJB0_SI1794 /home/sky/kaldi/egs/timit/s5/mfcc/raw_mfcc_train.3.ark:390798
FVFB0_SX42 /home/sky/kaldi/egs/timit/s5/mfcc/raw_mfcc_train.3.ark:1369280
MTRC0_SX273 /home/sky/kaldi/egs/timit/s5/mfcc/raw_mfcc_train.10.ark:901982
MTXS0_SX70 /home/sky/kaldi/egs/timit/s5/mfcc/raw_mfcc_train.10.ark:1037008
FLMC0_SX292 /home/sky/kaldi/egs/timit/s5/mfcc/raw_mfcc_train.2.ark:1119155
MPRT0_SX130 /home/sky/kaldi/egs/timit/s5/mfcc/raw_mfcc_train.8.ark:885365
MHMG0_SI1995 /home/sky/kaldi/egs/timit/s5/mfcc/raw_mfcc_train.6.ark:383003
MLJH0_SI1324 /home/sky/kaldi/egs/timit/s5/mfcc/raw_mfcc_train.7.ark:968647
FCAJ0_SX219 /home/sky/kaldi/egs/timit/s5/mfcc/raw_mfcc_train.1.ark:452881
FJDM2_SX52 /home/sky/kaldi/egs/timit/s5/mfcc/raw_mfcc_train.2.ark:55056
MKAG0_SX30 /home/sky/kaldi/egs/timit/s5/mfcc/raw_mfcc_train.7.ark:377021
FBMH0_SX146 /home/sky/kaldi/egs/timit/s5/mfcc/raw_mfcc_train.1.ark:357491
MTWH1_SX432 /home/sky/kaldi/egs/timit/s5/mfcc/raw_mfcc_train.10.ark:994382
FCJF0_SI1027 /home/sky/kaldi/egs/timit/s5/mfcc/raw_mfcc_train.1.ark:537185
FMJF0_SX264 /home/sky/kaldi/egs/timit/s5/mfcc/raw_mfcc_train.2.ark:1378345
MTRT0_SX417 /home/sky/kaldi/egs/timit/s5/mfcc/raw_mfcc_train.10.ark:965998
MEJS0_SX250 /home/sky/kaldi/egs/timit/s5/mfcc/raw_mfcc_train.5.ark:1077075
MEJL0_SX242 /home/sky/kaldi/egs/timit/s5/mfcc/raw_mfcc_train.5.ark:1043933
MSDH0_SI2240 /home/sky/kaldi/egs/timit/s5/mfcc/raw_mfcc_train.9.ark:1088343
FEXM0_SX366 /home/sky/kaldi/egs/timit/s5/mfcc/raw_mfcc_train.1.ark:1355015
MMGG0_SX449 /home/sky/kaldi/egs/timit/s5/mfcc/raw_mfcc_train.8.ark:63690
MPRD0_SX171 /home/sky/kaldi/egs/timit/s5/mfcc/raw_mfcc_train.8.ark:813375
FMKF0_SX366 /home/sky/kaldi/egs/timit/s5/mfcc/raw_mfcc_train.2.ark:1483954
MTJS0_SX382 /home/sky/kaldi/egs/timit/s5/mfcc/raw_mfcc_train.10.ark:443129
MDLC2_SX84 /home/sky/kaldi/egs/timit/s5/mfcc/raw_mfcc_train.5.ark:324199
MSAH1_SI1679 /home/sky/kaldi/egs/timit/s5/mfcc/raw_mfcc_train.9.ark:946238
MDAS0_SI636 /home/sky/kaldi/egs/timit/s5/mfcc/raw_mfcc_train.4.ark:1258558
MDSS1_SX247 /home/sky/kaldi/egs/timit/s5/mfcc/raw_mfcc_train.5.ark:762661
MSMC0_SX197 /home/sky/kaldi/egs/timit/s5/mfcc/raw_mfcc_train.9.ark:1361016
FSJG0_SX130 /home/sky/kaldi/egs/timit/s5/mfcc/raw_mfcc_train.3.ark:732794
MKXL0_SI1958 /home/sky/kaldi/egs/timit/s5/mfcc/raw_mfcc_train.7.ark:846052
MBTH0_SI2102 /home/sky/kaldi/egs/timit/s5/mfcc/raw_mfcc_train.4.ark:622075
MRDM0_SX425 /home/sky/kaldi/egs/timit/s5/mfcc/raw_mfcc_train.8.ark:1247533
MJJM0_SI1457 /home/sky/kaldi/egs/timit/s5/mfcc/raw_mfcc_train.6.ark:1104689
MRDD0_SX277 /home/sky/kaldi/egs/timit/s5/mfcc/raw_mfcc_train.8.ark:1209340
FJLR0_SX151 /home/sky/kaldi/egs/timit/s5/mfcc/raw_mfcc_train.2.ark:203660
MAEB0_SX90 /home/sky/kaldi/egs/timit/s5/mfcc/raw_mfcc_train.4.ark:36293
MKDT0_SI893 /home/sky/kaldi/egs/timit/s5/mfcc/raw_mfcc_train.7.ark:557430
MCEW0_SI1442 /home/sky/kaldi/egs/timit/s5/mfcc/raw_mfcc_train.4.ark:890081
FSAH0_SI614 /home/sky/kaldi/egs/timit/s5/mfcc/raw_mfcc_train.3.ark:493252
FJRP1_SX82 /home/sky/kaldi/egs/timit/s5/mfcc/raw_mfcc_train.2.ark:293501
FJWB1_SX165 /home/sky/kaldi/egs/timit/s5/mfcc/raw_mfcc_train.2.ark:375831
FAPB0_SX433 /home/sky/kaldi/egs/timit/s5/mfcc/raw_mfcc_train.1.ark:161818
MTWH1_SX162 /home/sky/kaldi/egs/timit/s5/mfcc/raw_mfcc_train.10.ark:983779
FETB0_SX68 /home/sky/kaldi/egs/timit/s5/mfcc/raw_mfcc_train.1.ark:1322919
MHIT0_SI983 /home/sky/kaldi/egs/timit/s5/mfcc/raw_mfcc_train.6.ark:327684
MJFR0_SX165 /home/sky/kaldi/egs/timit/s5/mfcc/raw_mfcc_train.6.ark:972837
MMCC0_SX78 /home/sky/kaldi/egs/timit/s5/mfcc/raw_mfcc_train.7.ark:1314113
MRJT0_SX148 /home/sky/kaldi/egs/timit/s5/mfcc/raw_mfcc_train.9.ark:231815
FSJK1_SX35 /home/sky/kaldi/egs/timit/s5/mfcc/raw_mfcc_train.3.ark:782518
FPAD0_SX266 /home/sky/kaldi/egs/timit/s5/mfcc/raw_mfcc_train.3.ark:173963
FPAD0_SX176 /home/sky/kaldi/egs/timit/s5/mfcc/raw_mfcc_train.3.ark:168613
MMGK0_SX332 /home/sky/kaldi/egs/timit/s5/mfcc/raw_mfcc_train.8.ark:87296
MESJ0_SX7 /home/sky/kaldi/egs/timit/s5/mfcc/raw_mfcc_train.5.ark:1145906
FJEN0_SX147 /home/sky/kaldi/egs/timit/s5/mfcc/raw_mfcc_train.2.ark:72247
MRTJ0_SX412 /home/sky/kaldi/egs/timit/s5/mfcc/raw_mfcc_train.9.ark:812374
MSJK0_SI2226 /home/sky/kaldi/egs/timit/s5/mfcc/raw_mfcc_train.9.ark:1311715
MDNS0_SI873 /home/sky/kaldi/egs/timit/s5/mfcc/raw_mfcc_train.5.ark:536958
FETB0_SX428 /home/sky/kaldi/egs/timit/s5/mfcc/raw_mfcc_train.1.ark:1318350
FEME0_SX335 /home/sky/kaldi/egs/timit/s5/mfcc/raw_mfcc_train.1.ark:1281197
FSJW0_SX253 /home/sky/kaldi/egs/timit/s5/mfcc/raw_mfcc_train.3.ark:842315
MJKR0_SX31 /home/sky/kaldi/egs/timit/s5/mfcc/raw_mfcc_train.6.ark:1158171
FBMH0_SI1766 /home/sky/kaldi/egs/timit/s5/mfcc/raw_mfcc_train.1.ark:348442
MESJ0_SX277 /home/sky/kaldi/egs/timit/s5/mfcc/raw_mfcc_train.5.ark:1139329
MTJG0_SX440 /home/sky/kaldi/egs/timit/s5/mfcc/raw_mfcc_train.10.ark:370755
MJDA0_SI2291 /home/sky/kaldi/egs/timit/s5/mfcc/raw_mfcc_train.6.ark:672875
FMJU0_SX39 /home/sky/kaldi/egs/timit/s5/mfcc/raw_mfcc_train.2.ark:1421770
MDPB0_SX416 /home/sky/kaldi/egs/timit/s5/mfcc/raw_mfcc_train.5.ark:586729
MRTJ0_SX142 /home/sky/kaldi/egs/timit/s5/mfcc/raw_mfcc_train.9.ark:796506
MDED0_SI1170 /home/sky/kaldi/egs/timit/s5/mfcc/raw_mfcc_train.4.ark:1437477
MTQC0_SX181 /home/sky/kaldi/egs/timit/s5/mfcc/raw_mfcc_train.10.ark:855671
MRDM0_SI1595 /home/sky/kaldi/egs/timit/s5/mfcc/raw_mfcc_train.8.ark:1226633
MJEB1_SX297 /home/sky/kaldi/egs/timit/s5/mfcc/raw_mfcc_train.6.ark:894582
MLEL0_SX166 /home/sky/kaldi/egs/timit/s5/mfcc/raw_mfcc_train.7.ark:913071
MADD0_SX178 /home/sky/kaldi/egs/timit/s5/mfcc/raw_mfcc_train.3.ark:1508534
FPAD0_SI1976 /home/sky/kaldi/egs/timit/s5/mfcc/raw_mfcc_train.3.ark:158979
MWAC0_SX341 /home/sky/kaldi/egs/timit/s5/mfcc/raw_mfcc_train.10.ark:1155328
MDWD0_SI1890 /home/sky/kaldi/egs/timit/s5/mfcc/raw_mfcc_train.5.ark:810998
MRLJ0_SI790 /home/sky/kaldi/egs/timit/s5/mfcc/raw_mfcc_train.9.ark:329100
MGSH0_SI1176 /home/sky/kaldi/egs/timit/s5/mfcc/raw_mfcc_train.6.ark:185955
MDTB0_SX321 /home/sky/kaldi/egs/timit/s5/mfcc/raw_mfcc_train.5.ark:797364
MPEB0_SI600 /home/sky/kaldi/egs/timit/s5/mfcc/raw_mfcc_train.8.ark:524897
FCMM0_SX363 /home/sky/kaldi/egs/timit/s5/mfcc/raw_mfcc_train.1.ark:707183
FLAG0_SX294 /home/sky/kaldi/egs/timit/s5/mfcc/raw_mfcc_train.2.ark:826654
MHMR0_SX399 /home/sky/kaldi/egs/timit/s5/mfcc/raw_mfcc_train.6.ark:439326
MPFU0_SI1258 /home/sky/kaldi/egs/timit/s5/mfcc/raw_mfcc_train.8.ark:550016
MCLK0_SI650 /home/sky/kaldi/egs/timit/s5/mfcc/raw_mfcc_train.4.ark:971500
MFXS0_SX324 /home/sky/kaldi/egs/timit/s5/mfcc/raw_mfcc_train.5.ark:1320287
MJDG0_SI1705 /home/sky/kaldi/egs/timit/s5/mfcc/raw_mfcc_train.6.ark:778203
FDAS1_SX21 /home/sky/kaldi/egs/timit/s5/mfcc/raw_mfcc_train.1.ark:807934
MDJM0_SX15 /home/sky/kaldi/egs/timit/s5/mfcc/raw_mfcc_train.5.ark:148183
FDML0_SI1149 /home/sky/kaldi/egs/timit/s5/mfcc/raw_mfcc_train.1.ark:947950
FSLS0_SI1056 /home/sky/kaldi/egs/timit/s5/mfcc/raw_mfcc_train.3.ark:951272
MDBP0_SX168 /home/sky/kaldi/egs/timit/s5/mfcc/raw_mfcc_train.4.ark:1323313
MPGH0_SI924 /home/sky/kaldi/egs/timit/s5/mfcc/raw_mfcc_train.8.ark:594456
MJEB0_SX26 /home/sky/kaldi/egs/timit/s5/mfcc/raw_mfcc_train.6.ark:858079
MPRD0_SX441 /home/sky/kaldi/egs/timit/s5/mfcc/raw_mfcc_train.8.ark:827618
MMXS0_SI629 /home/sky/kaldi/egs/timit/s5/mfcc/raw_mfcc_train.8.ark:401748
MSMS0_SX173 /home/sky/kaldi/egs/timit/s5/mfcc/raw_mfcc_train.9.ark:1418447
MRHL0_SX255 /home/sky/kaldi/egs/timit/s5/mfcc/raw_mfcc_train.9.ark:62406
FLMC0_SX336 /home/sky/kaldi/egs/timit/s5/mfcc/raw_mfcc_train.2.ark:1123686
MTAB0_SI2202 /home/sky/kaldi/egs/timit/s5/mfcc/raw_mfcc_train.10.ark:50836
MTPF0_SI605 /home/sky/kaldi/egs/timit/s5/mfcc/raw_mfcc_train.10.ark:720470
MTJS0_SX292 /home/sky/kaldi/egs/timit/s5/mfcc/raw_mfcc_train.10.ark:438130
FVMH0_SX26 /home/sky/kaldi/egs/timit/s5/mfcc/raw_mfcc_train.3.ark:1426762
MARC0_SX288 /home/sky/kaldi/egs/timit/s5/mfcc/raw_mfcc_train.4.ark:250551
FEAR0_SX442 /home/sky/kaldi/egs/timit/s5/mfcc/raw_mfcc_train.1.ark:1179139
MRFK0_SI1076 /home/sky/kaldi/egs/timit/s5/mfcc/raw_mfcc_train.8.ark:1414596
MDLM0_SX244 /home/sky/kaldi/egs/timit/s5/mfcc/raw_mfcc_train.5.ark:378281
MPPC0_SX62 /home/sky/kaldi/egs/timit/s5/mfcc/raw_mfcc_train.8.ark:756686
MCLK0_SX130 /home/sky/kaldi/egs/timit/s5/mfcc/raw_mfcc_train.4.ark:979047
MBSB0_SX183 /home/sky/kaldi/egs/timit/s5/mfcc/raw_mfcc_train.4.ark:609965
MFRM0_SX345 /home/sky/kaldi/egs/timit/s5/mfcc/raw_mfcc_train.5.ark:1260606
MTAB0_SI1572 /home/sky/kaldi/egs/timit/s5/mfcc/raw_mfcc_train.10.ark:43717
FLEH0_SX331 /home/sky/kaldi/egs/timit/s5/mfcc/raw_mfcc_train.2.ark:855618
MPGR1_SX59 /home/sky/kaldi/egs/timit/s5/mfcc/raw_mfcc_train.8.ark:670824
MWGR0_SX166 /home/sky/kaldi/egs/timit/s5/mfcc/raw_mfcc_train.10.ark:1330458
MBSB0_SI723 /home/sky/kaldi/egs/timit/s5/mfcc/raw_mfcc_train.4.ark:605031
MSDH0_SX440 /home/sky/kaldi/egs/timit/s5/mfcc/raw_mfcc_train.9.ark:1111414
MMGK0_SI1952 /home/sky/kaldi/egs/timit/s5/mfcc/raw_mfcc_train.8.ark:77050
MKLS0_SI2067 /home/sky/kaldi/egs/timit/s5/mfcc/raw_mfcc_train.7.ark:715914
FCEG0_SX78 /home/sky/kaldi/egs/timit/s5/mfcc/raw_mfcc_train.1.ark:534512
MDPK0_SI1053 /home/sky/kaldi/egs/timit/s5/mfcc/raw_mfcc_train.5.ark:593724
MRFL0_SX76 /home/sky/kaldi/egs/timit/s5/mfcc/raw_mfcc_train.8.ark:1475361
MBTH0_SI757 /home/sky/kaldi/egs/timit/s5/mfcc/raw_mfcc_train.4.ark:632788
FPJF0_SX56 /home/sky/kaldi/egs/timit/s5/mfcc/raw_mfcc_train.3.ark:285123
MJWG0_SX265 /home/sky/kaldi/egs/timit/s5/mfcc/raw_mfcc_train.7.ark:204376
MAPV0_SX303 /home/sky/kaldi/egs/timit/s5/mfcc/raw_mfcc_train.4.ark:221810
MSVS0_SX398 /home/sky/kaldi/egs/timit/s5/mfcc/raw_mfcc_train.10.ark:38106
MILB0_SI2163 /home/sky/kaldi/egs/timit/s5/mfcc/raw_mfcc_train.6.ark:506696
MDTB0_SI1830 /home/sky/kaldi/egs/timit/s5/mfcc/raw_mfcc_train.5.ark:780208
MLJH0_SX424 /home/sky/kaldi/egs/timit/s5/mfcc/raw_mfcc_train.7.ark:1002009
MZMB0_SI536 /home/sky/kaldi/egs/timit/s5/mfcc/raw_mfcc_train.10.ark:1489477
MCLK0_SX220 /home/sky/kaldi/egs/timit/s5/mfcc/raw_mfcc_train.4.ark:982408
FJKL0_SX122 /home/sky/kaldi/egs/timit/s5/mfcc/raw_mfcc_train.2.ark:139442
MMEA0_SX398 /home/sky/kaldi/egs/timit/s5/mfcc/raw_mfcc_train.7.ark:1496468
MGSL0_SX264 /home/sky/kaldi/egs/timit/s5/mfcc/raw_mfcc_train.6.ark:239117
MJJB0_SX149 /home/sky/kaldi/egs/timit/s5/mfcc/raw_mfcc_train.6.ark:1040291
MRMB0_SX231 /home/sky/kaldi/egs/timit/s5/mfcc/raw_mfcc_train.9.ark:459486
MNET0_SX6 /home/sky/kaldi/egs/timit/s5/mfcc/raw_mfcc_train.8.ark:451342
MVJH0_SI2186 /home/sky/kaldi/egs/timit/s5/mfcc/raw_mfcc_train.10.ark:1045383
MARC0_SX198 /home/sky/kaldi/egs/timit/s5/mfcc/raw_mfcc_train.4.ark:247606
FSMM0_SX144 /home/sky/kaldi/egs/timit/s5/mfcc/raw_mfcc_train.3.ark:1029890
FPAD0_SI716 /home/sky/kaldi/egs/timit/s5/mfcc/raw_mfcc_train.3.ark:162379
MRAM0_SX195 /home/sky/kaldi/egs/timit/s5/mfcc/raw_mfcc_train.8.ark:1050699
MMBS0_SX251 /home/sky/kaldi/egs/timit/s5/mfcc/raw_mfcc_train.7.ark:1266677
MCTH0_SI1839 /home/sky/kaldi/egs/timit/s5/mfcc/raw_mfcc_train.4.ark:1125593
MFRM0_SI1785 /home/sky/kaldi/egs/timit/s5/mfcc/raw_mfcc_train.5.ark:1249665
FSJK1_SX125 /home/sky/kaldi/egs/timit/s5/mfcc/raw_mfcc_train.3.ark:772111
FPMY0_SX253 /home/sky/kaldi/egs/timit/s5/mfcc/raw_mfcc_train.3.ark:343644
FTBW0_SX445 /home/sky/kaldi/egs/timit/s5/mfcc/raw_mfcc_train.3.ark:1270550
MRTJ0_SI1551 /home/sky/kaldi/egs/timit/s5/mfcc/raw_mfcc_train.9.ark:781001
FCJS0_SX77 /home/sky/kaldi/egs/timit/s5/mfcc/raw_mfcc_train.1.ark:589083
MTAT0_SI1110 /home/sky/kaldi/egs/timit/s5/mfcc/raw_mfcc_train.10.ark:107596
MBWP0_SI1969 /home/sky/kaldi/egs/timit/s5/mfcc/raw_mfcc_train.4.ark:659007
MSEM1_SX270 /home/sky/kaldi/egs/timit/s5/mfcc/raw_mfcc_train.9.ark:1184042
MGAR0_SX222 /home/sky/kaldi/egs/timit/s5/mfcc/raw_mfcc_train.6.ark:7372
MRCW0_SX381 /home/sky/kaldi/egs/timit/s5/mfcc/raw_mfcc_train.8.ark:1187416
MTJM0_SX146 /home/sky/kaldi/egs/timit/s5/mfcc/raw_mfcc_train.10.ark:393398
MEJS0_SI1240 /home/sky/kaldi/egs/timit/s5/mfcc/raw_mfcc_train.5.ark:1059249
FSAG0_SI1323 /home/sky/kaldi/egs/timit/s5/mfcc/raw_mfcc_train.3.ark:446575
MJJM0_SI1251 /home/sky/kaldi/egs/timit/s5/mfcc/raw_mfcc_train.6.ark:1098194
MCEW0_SX362 /home/sky/kaldi/egs/timit/s5/mfcc/raw_mfcc_train.4.ark:915038
FDTD0_SX211 /home/sky/kaldi/egs/timit/s5/mfcc/raw_mfcc_train.1.ark:1074043
MRFK0_SX356 /home/sky/kaldi/egs/timit/s5/mfcc/raw_mfcc_train.8.ark:1433028
MBJV0_SX257 /home/sky/kaldi/egs/timit/s5/mfcc/raw_mfcc_train.4.ark:460809
MMBS0_SX71 /home/sky/kaldi/egs/timit/s5/mfcc/raw_mfcc_train.7.ark:1281049
FSMS1_SX244 /home/sky/kaldi/egs/timit/s5/mfcc/raw_mfcc_train.3.ark:1069201
MRAV0_SX108 /home/sky/kaldi/egs/timit/s5/mfcc/raw_mfcc_train.8.ark:1073390
MRAB1_SI1478 /home/sky/kaldi/egs/timit/s5/mfcc/raw_mfcc_train.8.ark:961434
MREM0_SX151 /home/sky/kaldi/egs/timit/s5/mfcc/raw_mfcc_train.8.ark:1364896
MTJU0_SX130 /home/sky/kaldi/egs/timit/s5/mfcc/raw_mfcc_train.10.ark:460358
MTLB0_SX414 /home/sky/kaldi/egs/timit/s5/mfcc/raw_mfcc_train.10.ark:573325
MAKR0_SI1982 /home/sky/kaldi/egs/timit/s5/mfcc/raw_mfcc_train.4.ark:175159
MKAM0_SX56 /home/sky/kaldi/egs/timit/s5/mfcc/raw_mfcc_train.7.ark:479594
MSAS0_SI746 /home/sky/kaldi/egs/timit/s5/mfcc/raw_mfcc_train.9.ark:981390
FLJD0_SX436 /home/sky/kaldi/egs/timit/s5/mfcc/raw_mfcc_train.2.ark:990340
FTBW0_SI1345 /home/sky/kaldi/egs/timit/s5/mfcc/raw_mfcc_train.3.ark:1245066
MRML0_SX251 /home/sky/kaldi/egs/timit/s5/mfcc/raw_mfcc_train.9.ark:557133
MGSL0_SI797 /home/sky/kaldi/egs/timit/s5/mfcc/raw_mfcc_train.6.ark:228248
MKAH0_SX268 /home/sky/kaldi/egs/timit/s5/mfcc/raw_mfcc_train.7.ark:404956
MJMD0_SX128 /home/sky/kaldi/egs/timit/s5/mfcc/raw_mfcc_train.6.ark:1298487
MDWH0_SI665 /home/sky/kaldi/egs/timit/s5/mfcc/raw_mfcc_train.5.ark:844836
FMAH1_SX159 /home/sky/kaldi/egs/timit/s5/mfcc/raw_mfcc_train.2.ark:1240676
MDHL0_SI2069 /home/sky/kaldi/egs/timit/s5/mfcc/raw_mfcc_train.5.ark:73637
FJWB1_SI2055 /home/sky/kaldi/egs/timit/s5/mfcc/raw_mfcc_train.2.ark:363356
MJMD0_SX398 /home/sky/kaldi/egs/timit/s5/mfcc/raw_mfcc_train.6.ark:1312333
MAKB0_SX116 /home/sky/kaldi/egs/timit/s5/mfcc/raw_mfcc_train.4.ark:152782
MTMN0_SX254 /home/sky/kaldi/egs/timit/s5/mfcc/raw_mfcc_train.10.ark:667473
MWRP0_SI1525 /home/sky/kaldi/egs/timit/s5/mfcc/raw_mfcc_train.10.ark:1388578
MGAG0_SX241 /home/sky/kaldi/egs/timit/s5/mfcc/raw_mfcc_train.5.ark:1410723
MREM0_SI1591 /home/sky/kaldi/egs/timit/s5/mfcc/raw_mfcc_train.8.ark:1351927
MRJH0_SX259 /home/sky/kaldi/egs/timit/s5/mfcc/raw_mfcc_train.9.ark:136165
MDAC0_SI631 /home/sky/kaldi/egs/timit/s5/mfcc/raw_mfcc_train.4.ark:1222764
MRBC0_SI1859 /home/sky/kaldi/egs/timit/s5/mfcc/raw_mfcc_train.8.ark:1093739
MRFK0_SI1706 /home/sky/kaldi/egs/timit/s5/mfcc/raw_mfcc_train.8.ark:1420428
MMWB0_SX449 /home/sky/kaldi/egs/timit/s5/mfcc/raw_mfcc_train.8.ark:330907
MCXM0_SI721 /home/sky/kaldi/egs/timit/s5/mfcc/raw_mfcc_train.4.ark:1193210
MTKD0_SX17 /home/sky/kaldi/egs/timit/s5/mfcc/raw_mfcc_train.10.ark:498693
MRTC0_SX288 /home/sky/kaldi/egs/timit/s5/mfcc/raw_mfcc_train.9.ark:772172
FSGF0_SX387 /home/sky/kaldi/egs/timit/s5/mfcc/raw_mfcc_train.3.ark:712731
FSSB0_SX452 /home/sky/kaldi/egs/timit/s5/mfcc/raw_mfcc_train.3.ark:1178379
MLJH0_SI1422 /home/sky/kaldi/egs/timit/s5/mfcc/raw_mfcc_train.7.ark:973192
MTPP0_SI878 /home/sky/kaldi/egs/timit/s5/mfcc/raw_mfcc_train.10.ark:780852
MRGM0_SI1792 /home/sky/kaldi/egs/timit/s5/mfcc/raw_mfcc_train.8.ark:1483983
MRRE0_SI1334 /home/sky/kaldi/egs/timit/s5/mfcc/raw_mfcc_train.9.ark:633938
MCDR0_SX254 /home/sky/kaldi/egs/timit/s5/mfcc/raw_mfcc_train.4.ark:846420
MMAG0_SX406 /home/sky/kaldi/egs/timit/s5/mfcc/raw_mfcc_train.7.ark:1171710
FEAC0_SI1875 /home/sky/kaldi/egs/timit/s5/mfcc/raw_mfcc_train.1.ark:1124031
MPGR1_SX149 /home/sky/kaldi/egs/timit/s5/mfcc/raw_mfcc_train.8.ark:653585
MTAS0_SX35 /home/sky/kaldi/egs/timit/s5/mfcc/raw_mfcc_train.10.ark:101328
FJWB1_SI748 /home/sky/kaldi/egs/timit/s5/mfcc/raw_mfcc_train.2.ark:366691
FMJB0_SX97 /home/sky/kaldi/egs/timit/s5/mfcc/raw_mfcc_train.2.ark:1357768
FBCG1_SI982 /home/sky/kaldi/egs/timit/s5/mfcc/raw_mfcc_train.1.ark:211994
MSMR0_SX145 /home/sky/kaldi/egs/timit/s5/mfcc/raw_mfcc_train.9.ark:1386904
FPAZ0_SI963 /home/sky/kaldi/egs/timit/s5/mfcc/raw_mfcc_train.3.ark:232018
MTLB0_SX144 /home/sky/kaldi/egs/timit/s5/mfcc/raw_mfcc_train.10.ark:560551
MGSL0_SX354 /home/sky/kaldi/egs/timit/s5/mfcc/raw_mfcc_train.6.ark:242946
MGAW0_SI1165 /home/sky/kaldi/egs/timit/s5/mfcc/raw_mfcc_train.6.ark:24547
MAKB0_SX26 /home/sky/kaldi/egs/timit/s5/mfcc/raw_mfcc_train.4.ark:162025
FVKB0_SI529 /home/sky/kaldi/egs/timit/s5/mfcc/raw_mfcc_train.3.ark:1377597
MDWM0_SX106 /home/sky/kaldi/egs/timit/s5/mfcc/raw_mfcc_train.5.ark:886682
FBCG1_SX442 /home/sky/kaldi/egs/timit/s5/mfcc/raw_mfcc_train.1.ark:230807
FAPB0_SX253 /home/sky/kaldi/egs/timit/s5/mfcc/raw_mfcc_train.1.ark:152587
FJEN0_SI2307 /home/sky/kaldi/egs/timit/s5/mfcc/raw_mfcc_train.2.ark:67560
MCRE0_SX401 /home/sky/kaldi/egs/timit/s5/mfcc/raw_mfcc_train.4.ark:1078559
FSKP0_SX108 /home/sky/kaldi/egs/timit/s5/mfcc/raw_mfcc_train.3.ark:933830
MSMS0_SI2063 /home/sky/kaldi/egs/timit/s5/mfcc/raw_mfcc_train.9.ark:1410607
FLTM0_SI2330 /home/sky/kaldi/egs/timit/s5/mfcc/raw_mfcc_train.2.ark:1200676
MTLC0_SI1313 /home/sky/kaldi/egs/timit/s5/mfcc/raw_mfcc_train.10.ark:581685
FPLS0_SX240 /home/sky/kaldi/egs/timit/s5/mfcc/raw_mfcc_train.3.ark:304621
MTJG0_SI2157 /home/sky/kaldi/egs/timit/s5/mfcc/raw_mfcc_train.10.ark:349140
FCMG0_SI1872 /home/sky/kaldi/egs/timit/s5/mfcc/raw_mfcc_train.1.ark:663906
MWRE0_SI1687 /home/sky/kaldi/egs/timit/s5/mfcc/raw_mfcc_train.10.ark:1355383
MKAJ0_SX154 /home/sky/kaldi/egs/timit/s5/mfcc/raw_mfcc_train.7.ark:432943
FPAC0_SX391 /home/sky/kaldi/egs/timit/s5/mfcc/raw_mfcc_train.3.ark:151137
FVMH0_SI836 /home/sky/kaldi/egs/timit/s5/mfcc/raw_mfcc_train.3.ark:1414327
FSDJ0_SX305 /home/sky/kaldi/egs/timit/s5/mfcc/raw_mfcc_train.3.ark:674610
MSMC0_SX287 /home/sky/kaldi/egs/timit/s5/mfcc/raw_mfcc_train.9.ark:1364845
MDTB0_SX390 /home/sky/kaldi/egs/timit/s5/mfcc/raw_mfcc_train.5.ark:801882
FLAC0_SI1339 /home/sky/kaldi/egs/timit/s5/mfcc/raw_mfcc_train.2.ark:768172
FPAF0_SX64 /home/sky/kaldi/egs/timit/s5/mfcc/raw_mfcc_train.3.ark:219307
MDBB1_SX106 /home/sky/kaldi/egs/timit/s5/mfcc/raw_mfcc_train.4.ark:1292108
MDLC1_SI1435 /home/sky/kaldi/egs/timit/s5/mfcc/raw_mfcc_train.5.ark:268283
FKLC0_SI2245 /home/sky/kaldi/egs/timit/s5/mfcc/raw_mfcc_train.2.ark:639849
FKKH0_SX300 /home/sky/kaldi/egs/timit/s5/mfcc/raw_mfcc_train.2.ark:629790
MCLM0_SX16 /home/sky/kaldi/egs/timit/s5/mfcc/raw_mfcc_train.4.ark:1013027
MMAA0_SX35 /home/sky/kaldi/egs/timit/s5/mfcc/raw_mfcc_train.7.ark:1101850
FNTB0_SI679 /home/sky/kaldi/egs/timit/s5/mfcc/raw_mfcc_train.3.ark:58273
MRMB0_SX321 /home/sky/kaldi/egs/timit/s5/mfcc/raw_mfcc_train.9.ark:461781
MSAS0_SX296 /home/sky/kaldi/egs/timit/s5/mfcc/raw_mfcc_train.9.ark:999305
MSEM1_SX180 /home/sky/kaldi/egs/timit/s5/mfcc/raw_mfcc_train.9.ark:1178991
MTKD0_SX197 /home/sky/kaldi/egs/timit/s5/mfcc/raw_mfcc_train.10.ark:501755
FEME0_SI2135 /home/sky/kaldi/egs/timit/s5/mfcc/raw_mfcc_train.1.ark:1263398
MDMA0_SI1430 /home/sky/kaldi/egs/timit/s5/mfcc/raw_mfcc_train.5.ark:462437
MJFR0_SX345 /home/sky/kaldi/egs/timit/s5/mfcc/raw_mfcc_train.6.ark:981717
MGES0_SI2111 /home/sky/kaldi/egs/timit/s5/mfcc/raw_mfcc_train.6.ark:57151
MAPV0_SI663 /home/sky/kaldi/egs/timit/s5/mfcc/raw_mfcc_train.4.ark:206774
MCXM0_SX271 /home/sky/kaldi/egs/timit/s5/mfcc/raw_mfcc_train.4.ark:1201297
MEWM0_SX268 /home/sky/kaldi/egs/timit/s5/mfcc/raw_mfcc_train.5.ark:1165371
MKLW0_SX401 /home/sky/kaldi/egs/timit/s5/mfcc/raw_mfcc_train.7.ark:797671
MSRR0_SI1131 /home/sky/kaldi/egs/timit/s5/mfcc/raw_mfcc_train.9.ark:1467341
MJHI0_SX338 /home/sky/kaldi/egs/timit/s5/mfcc/raw_mfcc_train.6.ark:1016080
MDDC0_SI1419 /home/sky/kaldi/egs/timit/s5/mfcc/raw_mfcc_train.4.ark:1408183
MDLH0_SX430 /home/sky/kaldi/egs/timit/s5/mfcc/raw_mfcc_train.5.ark:355189
FKLC0_SX85 /home/sky/kaldi/egs/timit/s5/mfcc/raw_mfcc_train.2.ark:667619
MESJ0_SX187 /home/sky/kaldi/egs/timit/s5/mfcc/raw_mfcc_train.5.ark:1137112
MKAG0_SX169 /home/sky/kaldi/egs/timit/s5/mfcc/raw_mfcc_train.7.ark:368753
MJAE0_SX444 /home/sky/kaldi/egs/timit/s5/mfcc/raw_mfcc_train.6.ark:592625
FSSB0_SX92 /home/sky/kaldi/egs/timit/s5/mfcc/raw_mfcc_train.3.ark:1183351
MTLC0_SX397 /home/sky/kaldi/egs/timit/s5/mfcc/raw_mfcc_train.10.ark:607461
MJDE0_SX40 /home/sky/kaldi/egs/timit/s5/mfcc/raw_mfcc_train.6.ark:759426
FCEG0_SI1248 /home/sky/kaldi/egs/timit/s5/mfcc/raw_mfcc_train.1.ark:509841
FCYL0_SX397 /home/sky/kaldi/egs/timit/s5/mfcc/raw_mfcc_train.1.ark:779681
MAJP0_SX444 /home/sky/kaldi/egs/timit/s5/mfcc/raw_mfcc_train.4.ark:124704
FCAG0_SX333 /home/sky/kaldi/egs/timit/s5/mfcc/raw_mfcc_train.1.ark:426753
MKLS0_SI1533 /home/sky/kaldi/egs/timit/s5/mfcc/raw_mfcc_train.7.ark:713293
FTAJ0_SI474 /home/sky/kaldi/egs/timit/s5/mfcc/raw_mfcc_train.3.ark:1190685
MTQC0_SX91 /home/sky/kaldi/egs/timit/s5/mfcc/raw_mfcc_train.10.ark:877889
MDLC0_SI765 /home/sky/kaldi/egs/timit/s5/mfcc/raw_mfcc_train.5.ark:246141
MJDA0_SX131 /home/sky/kaldi/egs/timit/s5/mfcc/raw_mfcc_train.6.ark:677211
MMXS0_SX156 /home/sky/kaldi/egs/timit/s5/mfcc/raw_mfcc_train.8.ark:409510
MRAB1_SX398 /home/sky/kaldi/egs/timit/s5/mfcc/raw_mfcc_train.8.ark:990343
MFXS0_SI2225 /home/sky/kaldi/egs/timit/s5/mfcc/raw_mfcc_train.5.ark:1306777
MDMT0_SI1832 /home/sky/kaldi/egs/timit/s5/mfcc/raw_mfcc_train.5.ark:497938
MRAB0_SX54 /home/sky/kaldi/egs/timit/s5/mfcc/raw_mfcc_train.8.ark:957266
MDWH0_SX35 /home/sky/kaldi/egs/timit/s5/mfcc/raw_mfcc_train.5.ark:864662
MRLJ1_SI1671 /home/sky/kaldi/egs/timit/s5/mfcc/raw_mfcc_train.9.ark:351749
MSTF0_SX136 /home/sky/kaldi/egs/timit/s5/mfcc/raw_mfcc_train.9.ark:1513477
FTAJ0_SX339 /home/sky/kaldi/egs/timit/s5/mfcc/raw_mfcc_train.3.ark:1204233
MDCM0_SI2110 /home/sky/kaldi/egs/timit/s5/mfcc/raw_mfcc_train.4.ark:1381601
MHRM0_SI958 /home/sky/kaldi/egs/timit/s5/mfcc/raw_mfcc_train.6.ark:448670
MJMD0_SX38 /home/sky/kaldi/egs/timit/s5/mfcc/raw_mfcc_train.6.ark:1308439
MSFV0_SI632 /home/sky/kaldi/egs/timit/s5/mfcc/raw_mfcc_train.9.ark:1277228
MGRL0_SX237 /home/sky/kaldi/egs/timit/s5/mfcc/raw_mfcc_train.6.ark:134273
MMDM0_SX141 /home/sky/kaldi/egs/timit/s5/mfcc/raw_mfcc_train.7.ark:1393427
MKLR0_SX339 /home/sky/kaldi/egs/timit/s5/mfcc/raw_mfcc_train.7.ark:695506
MRLD0_SX64 /home/sky/kaldi/egs/timit/s5/mfcc/raw_mfcc_train.9.ark:319392
MGAK0_SX316 /home/sky/kaldi/egs/timit/s5/mfcc/raw_mfcc_train.5.ark:1447500
MBBR0_SI1055 /home/sky/kaldi/egs/timit/s5/mfcc/raw_mfcc_train.4.ark:323558
MJBG0_SI1724 /home/sky/kaldi/egs/timit/s5/mfcc/raw_mfcc_train.6.ark:639490
MREW1_SX330 /home/sky/kaldi/egs/timit/s5/mfcc/raw_mfcc_train.8.ark:1400977
MJMA0_SI865 /home/sky/kaldi/egs/timit/s5/mfcc/raw_mfcc_train.6.ark:1267521
MCDC0_SI1292 /home/sky/kaldi/egs/timit/s5/mfcc/raw_mfcc_train.4.ark:763948
