MRVG0_SX330 /home/sky/kaldi/egs/timit/s5/mfcc/raw_mfcc_train.9.ark:838424
FEEH0_SI1742 /home/sky/kaldi/egs/timit/s5/mfcc/raw_mfcc_train.1.ark:1230607
MDLR0_SI603 /home/sky/kaldi/egs/timit/s5/mfcc/raw_mfcc_train.5.ark:399215
MMWS0_SI1518 /home/sky/kaldi/egs/timit/s5/mfcc/raw_mfcc_train.8.ark:341243
FBMH0_SX236 /home/sky/kaldi/egs/timit/s5/mfcc/raw_mfcc_train.1.ark:360956
FEME0_SX155 /home/sky/kaldi/egs/timit/s5/mfcc/raw_mfcc_train.1.ark:1272837
MTRR0_SX378 /home/sky/kaldi/egs/timit/s5/mfcc/raw_mfcc_train.10.ark:938114
MCDC0_SX212 /home/sky/kaldi/egs/timit/s5/mfcc/raw_mfcc_train.4.ark:778667
FKKH0_SX210 /home/sky/kaldi/egs/timit/s5/mfcc/raw_mfcc_train.2.ark:623459
FEEH0_SX32 /home/sky/kaldi/egs/timit/s5/mfcc/raw_mfcc_train.1.ark:1251129
MGSH0_SI1176 /home/sky/kaldi/egs/timit/s5/mfcc/raw_mfcc_train.6.ark:185955
MDCD0_SI1415 /home/sky/kaldi/egs/timit/s5/mfcc/raw_mfcc_train.4.ark:1344187
FLJG0_SX441 /home/sky/kaldi/egs/timit/s5/mfcc/raw_mfcc_train.2.ark:1026823
FSKC0_SX426 /home/sky/kaldi/egs/timit/s5/mfcc/raw_mfcc_train.3.ark:881139
MFWK0_SX79 /home/sky/kaldi/egs/timit/s5/mfcc/raw_mfcc_train.5.ark:1299754
FJXM0_SI1971 /home/sky/kaldi/egs/timit/s5/mfcc/raw_mfcc_train.2.ark:398078
MABC0_SX151 /home/sky/kaldi/egs/timit/s5/mfcc/raw_mfcc_train.3.ark:1446033
MDEF0_SX393 /home/sky/kaldi/egs/timit/s5/mfcc/raw_mfcc_train.5.ark:26934
MDLC1_SX265 /home/sky/kaldi/egs/timit/s5/mfcc/raw_mfcc_train.5.ark:287150
MSAS0_SI746 /home/sky/kaldi/egs/timit/s5/mfcc/raw_mfcc_train.9.ark:981390
FSJG0_SX400 /home/sky/kaldi/egs/timit/s5/mfcc/raw_mfcc_train.3.ark:754765
MMAA0_SI845 /home/sky/kaldi/egs/timit/s5/mfcc/raw_mfcc_train.7.ark:1084000
MBSB0_SI723 /home/sky/kaldi/egs/timit/s5/mfcc/raw_mfcc_train.4.ark:605031
MJLG1_SI2272 /home/sky/kaldi/egs/timit/s5/mfcc/raw_mfcc_train.6.ark:1201588
MGES0_SX41 /home/sky/kaldi/egs/timit/s5/mfcc/raw_mfcc_train.6.ark:78486
MADD0_SX268 /home/sky/kaldi/egs/timit/s5/mfcc/raw_mfcc_train.3.ark:1513429
MPGR1_SI1499 /home/sky/kaldi/egs/timit/s5/mfcc/raw_mfcc_train.8.ark:644158
FMKC0_SX262 /home/sky/kaldi/egs/timit/s5/mfcc/raw_mfcc_train.2.ark:1445618
MWCH0_SX452 /home/sky/kaldi/egs/timit/s5/mfcc/raw_mfcc_train.10.ark:1244286
MFMC0_SX232 /home/sky/kaldi/egs/timit/s5/mfcc/raw_mfcc_train.5.ark:1224336
FMKC0_SX442 /home/sky/kaldi/egs/timit/s5/mfcc/raw_mfcc_train.2.ark:1454602
MEAL0_SI1547 /home/sky/kaldi/egs/timit/s5/mfcc/raw_mfcc_train.5.ark:905619
FPJF0_SX352 /home/sky/kaldi/egs/timit/s5/mfcc/raw_mfcc_train.3.ark:279501
MGAK0_SX46 /home/sky/kaldi/egs/timit/s5/mfcc/raw_mfcc_train.5.ark:1456639
FKLH0_SX357 /home/sky/kaldi/egs/timit/s5/mfcc/raw_mfcc_train.2.ark:723855
MMDG0_SI1780 /home/sky/kaldi/egs/timit/s5/mfcc/raw_mfcc_train.7.ark:1345547
MJLB0_SX266 /home/sky/kaldi/egs/timit/s5/mfcc/raw_mfcc_train.6.ark:1180952
MSFH0_SI1216 /home/sky/kaldi/egs/timit/s5/mfcc/raw_mfcc_train.9.ark:1229134
FSJW0_SX163 /home/sky/kaldi/egs/timit/s5/mfcc/raw_mfcc_train.3.ark:838655
MHXL0_SX422 /home/sky/kaldi/egs/timit/s5/mfcc/raw_mfcc_train.6.ark:497673
FBAS0_SX37 /home/sky/kaldi/egs/timit/s5/mfcc/raw_mfcc_train.1.ark:199029
MREM0_SI511 /home/sky/kaldi/egs/timit/s5/mfcc/raw_mfcc_train.8.ark:1355821
MMVP0_SX114 /home/sky/kaldi/egs/timit/s5/mfcc/raw_mfcc_train.8.ark:276722
MDLR0_SX243 /home/sky/kaldi/egs/timit/s5/mfcc/raw_mfcc_train.5.ark:407042
MADD0_SX358 /home/sky/kaldi/egs/timit/s5/mfcc/raw_mfcc_train.3.ark:1517817
MDLC2_SX354 /home/sky/kaldi/egs/timit/s5/mfcc/raw_mfcc_train.5.ark:317686
FBMJ0_SX156 /home/sky/kaldi/egs/timit/s5/mfcc/raw_mfcc_train.1.ark:388500
MTPF0_SI1235 /home/sky/kaldi/egs/timit/s5/mfcc/raw_mfcc_train.10.ark:712928
MMDG0_SI2035 /home/sky/kaldi/egs/timit/s5/mfcc/raw_mfcc_train.7.ark:1351977
FCYL0_SX349 /home/sky/kaldi/egs/timit/s5/mfcc/raw_mfcc_train.1.ark:770464
MKLR0_SX69 /home/sky/kaldi/egs/timit/s5/mfcc/raw_mfcc_train.7.ark:702383
MDHL0_SX89 /home/sky/kaldi/egs/timit/s5/mfcc/raw_mfcc_train.5.ark:97793
MRCG0_SI1428 /home/sky/kaldi/egs/timit/s5/mfcc/raw_mfcc_train.8.ark:1121803
FALK0_SX6 /home/sky/kaldi/egs/timit/s5/mfcc/raw_mfcc_train.1.ark:94090
FALR0_SX155 /home/sky/kaldi/egs/timit/s5/mfcc/raw_mfcc_train.1.ark:113197
MDTB0_SI1830 /home/sky/kaldi/egs/timit/s5/mfcc/raw_mfcc_train.5.ark:780208
MCDC0_SI662 /home/sky/kaldi/egs/timit/s5/mfcc/raw_mfcc_train.4.ark:770788
MRCW0_SX201 /home/sky/kaldi/egs/timit/s5/mfcc/raw_mfcc_train.8.ark:1178153
MJJB0_SX149 /home/sky/kaldi/egs/timit/s5/mfcc/raw_mfcc_train.6.ark:1040291
MJFH0_SX297 /home/sky/kaldi/egs/timit/s5/mfcc/raw_mfcc_train.6.ark:954522
MEJS0_SI610 /home/sky/kaldi/egs/timit/s5/mfcc/raw_mfcc_train.5.ark:1068039
FSAH0_SX344 /home/sky/kaldi/egs/timit/s5/mfcc/raw_mfcc_train.3.ark:509978
MTPP0_SX68 /home/sky/kaldi/egs/timit/s5/mfcc/raw_mfcc_train.10.ark:799463
FCRZ0_SX253 /home/sky/kaldi/egs/timit/s5/mfcc/raw_mfcc_train.1.ark:735573
MSAT0_SI1526 /home/sky/kaldi/egs/timit/s5/mfcc/raw_mfcc_train.9.ark:1006743
MTJG0_SX260 /home/sky/kaldi/egs/timit/s5/mfcc/raw_mfcc_train.10.ark:361784
MDSS1_SX247 /home/sky/kaldi/egs/timit/s5/mfcc/raw_mfcc_train.5.ark:762661
MCLK0_SX40 /home/sky/kaldi/egs/timit/s5/mfcc/raw_mfcc_train.4.ark:990130
FMJF0_SX444 /home/sky/kaldi/egs/timit/s5/mfcc/raw_mfcc_train.2.ark:1385912
MJDE0_SX310 /home/sky/kaldi/egs/timit/s5/mfcc/raw_mfcc_train.6.ark:754363
MNTW0_SX78 /home/sky/kaldi/egs/timit/s5/mfcc/raw_mfcc_train.8.ark:489288
MDDC0_SI2049 /home/sky/kaldi/egs/timit/s5/mfcc/raw_mfcc_train.4.ark:1413664
MJFH0_SX387 /home/sky/kaldi/egs/timit/s5/mfcc/raw_mfcc_train.6.ark:957220
MRMS0_SI2100 /home/sky/kaldi/egs/timit/s5/mfcc/raw_mfcc_train.9.ark:587779
MJXA0_SI2137 /home/sky/kaldi/egs/timit/s5/mfcc/raw_mfcc_train.7.ark:294850
MMGK0_SX242 /home/sky/kaldi/egs/timit/s5/mfcc/raw_mfcc_train.8.ark:84286
MPRB0_SX125 /home/sky/kaldi/egs/timit/s5/mfcc/raw_mfcc_train.8.ark:777100
FMEM0_SX387 /home/sky/kaldi/egs/timit/s5/mfcc/raw_mfcc_train.2.ark:1322964
MDNS0_SX291 /home/sky/kaldi/egs/timit/s5/mfcc/raw_mfcc_train.5.ark:553248
FPJF0_SX56 /home/sky/kaldi/egs/timit/s5/mfcc/raw_mfcc_train.3.ark:285123
FLMK0_SI2295 /home/sky/kaldi/egs/timit/s5/mfcc/raw_mfcc_train.2.ark:1142346
MKXL0_SI1815 /home/sky/kaldi/egs/timit/s5/mfcc/raw_mfcc_train.7.ark:840168
FSMA0_SX361 /home/sky/kaldi/egs/timit/s5/mfcc/raw_mfcc_train.3.ark:1005043
FJRP1_SX172 /home/sky/kaldi/egs/timit/s5/mfcc/raw_mfcc_train.2.ark:271387
MTPG0_SX123 /home/sky/kaldi/egs/timit/s5/mfcc/raw_mfcc_train.10.ark:755894
MTMN0_SX344 /home/sky/kaldi/egs/timit/s5/mfcc/raw_mfcc_train.10.ark:670470
MCTM0_SI720 /home/sky/kaldi/egs/timit/s5/mfcc/raw_mfcc_train.4.ark:1163617
MGXP0_SX97 /home/sky/kaldi/egs/timit/s5/mfcc/raw_mfcc_train.6.ark:287837
MPEB0_SI1860 /home/sky/kaldi/egs/timit/s5/mfcc/raw_mfcc_train.8.ark:522628
MJLS0_SI1726 /home/sky/kaldi/egs/timit/s5/mfcc/raw_mfcc_train.6.ark:1228535
MRJT0_SX58 /home/sky/kaldi/egs/timit/s5/mfcc/raw_mfcc_train.9.ark:248001
MGRP0_SI687 /home/sky/kaldi/egs/timit/s5/mfcc/raw_mfcc_train.6.ark:159029
MMWS0_SX78 /home/sky/kaldi/egs/timit/s5/mfcc/raw_mfcc_train.8.ark:369124
MRJM1_SI1928 /home/sky/kaldi/egs/timit/s5/mfcc/raw_mfcc_train.9.ark:192016
MDLC2_SX264 /home/sky/kaldi/egs/timit/s5/mfcc/raw_mfcc_train.5.ark:314078
MPMB0_SX241 /home/sky/kaldi/egs/timit/s5/mfcc/raw_mfcc_train.8.ark:703725
MVRW0_SI855 /home/sky/kaldi/egs/timit/s5/mfcc/raw_mfcc_train.10.ark:1109971
MJRA0_SX156 /home/sky/kaldi/egs/timit/s5/mfcc/raw_mfcc_train.6.ark:1452042
MCEW0_SI2072 /home/sky/kaldi/egs/timit/s5/mfcc/raw_mfcc_train.4.ark:894457
MJPG0_SX381 /home/sky/kaldi/egs/timit/s5/mfcc/raw_mfcc_train.6.ark:1371194
MLJH0_SX334 /home/sky/kaldi/egs/timit/s5/mfcc/raw_mfcc_train.7.ark:997907
MWSH0_SI796 /home/sky/kaldi/egs/timit/s5/mfcc/raw_mfcc_train.10.ark:1452435
MRCG0_SX258 /home/sky/kaldi/egs/timit/s5/mfcc/raw_mfcc_train.8.ark:1140292
MSRR0_SX30 /home/sky/kaldi/egs/timit/s5/mfcc/raw_mfcc_train.9.ark:1489346
FDNC0_SI2287 /home/sky/kaldi/egs/timit/s5/mfcc/raw_mfcc_train.1.ark:1033399
MMDG0_SX70 /home/sky/kaldi/egs/timit/s5/mfcc/raw_mfcc_train.7.ark:1378915
MRLR0_SI1196 /home/sky/kaldi/egs/timit/s5/mfcc/raw_mfcc_train.9.ark:412418
MMAR0_SI1966 /home/sky/kaldi/egs/timit/s5/mfcc/raw_mfcc_train.7.ark:1213143
MBWP0_SX259 /home/sky/kaldi/egs/timit/s5/mfcc/raw_mfcc_train.4.ark:670858
MBSB0_SX183 /home/sky/kaldi/egs/timit/s5/mfcc/raw_mfcc_train.4.ark:609965
MRAI0_SX342 /home/sky/kaldi/egs/timit/s5/mfcc/raw_mfcc_train.8.ark:1016595
FLJD0_SX166 /home/sky/kaldi/egs/timit/s5/mfcc/raw_mfcc_train.2.ark:977046
MWSB0_SI996 /home/sky/kaldi/egs/timit/s5/mfcc/raw_mfcc_train.10.ark:1421336
MWRP0_SI1525 /home/sky/kaldi/egs/timit/s5/mfcc/raw_mfcc_train.10.ark:1388578
FDML0_SX69 /home/sky/kaldi/egs/timit/s5/mfcc/raw_mfcc_train.1.ark:972050
MKLN0_SX68 /home/sky/kaldi/egs/timit/s5/mfcc/raw_mfcc_train.7.ark:674076
FLMK0_SI1229 /home/sky/kaldi/egs/timit/s5/mfcc/raw_mfcc_train.2.ark:1136735
MEFG0_SX375 /home/sky/kaldi/egs/timit/s5/mfcc/raw_mfcc_train.5.ark:989657
FJKL0_SI1562 /home/sky/kaldi/egs/timit/s5/mfcc/raw_mfcc_train.2.ark:128994
MTPG0_SX393 /home/sky/kaldi/egs/timit/s5/mfcc/raw_mfcc_train.10.ark:769246
MMJB1_SX418 /home/sky/kaldi/egs/timit/s5/mfcc/raw_mfcc_train.8.ark:122187
MDBP0_SX348 /home/sky/kaldi/egs/timit/s5/mfcc/raw_mfcc_train.4.ark:1330373
MDLM0_SX244 /home/sky/kaldi/egs/timit/s5/mfcc/raw_mfcc_train.5.ark:378281
MWRE0_SI2317 /home/sky/kaldi/egs/timit/s5/mfcc/raw_mfcc_train.10.ark:1358433
MDSS0_SI621 /home/sky/kaldi/egs/timit/s5/mfcc/raw_mfcc_train.5.ark:727724
MMGC0_SX315 /home/sky/kaldi/egs/timit/s5/mfcc/raw_mfcc_train.8.ark:29617
MTMT0_SX398 /home/sky/kaldi/egs/timit/s5/mfcc/raw_mfcc_train.10.ark:708461
MFMC0_SI1132 /home/sky/kaldi/egs/timit/s5/mfcc/raw_mfcc_train.5.ark:1206731
FSRH0_SI1719 /home/sky/kaldi/egs/timit/s5/mfcc/raw_mfcc_train.3.ark:1121325
MHJB0_SX207 /home/sky/kaldi/egs/timit/s5/mfcc/raw_mfcc_train.6.ark:368602
FSJK1_SI2285 /home/sky/kaldi/egs/timit/s5/mfcc/raw_mfcc_train.3.ark:764713
MGSH0_SX276 /home/sky/kaldi/egs/timit/s5/mfcc/raw_mfcc_train.6.ark:208611
FJHK0_SX212 /home/sky/kaldi/egs/timit/s5/mfcc/raw_mfcc_train.2.ark:113561
MTDB0_SX231 /home/sky/kaldi/egs/timit/s5/mfcc/raw_mfcc_train.10.ark:259641
MDCD0_SX245 /home/sky/kaldi/egs/timit/s5/mfcc/raw_mfcc_train.4.ark:1361116
MRSP0_SX169 /home/sky/kaldi/egs/timit/s5/mfcc/raw_mfcc_train.9.ark:726400
MGRL0_SI2127 /home/sky/kaldi/egs/timit/s5/mfcc/raw_mfcc_train.6.ark:122084
MCRE0_SX401 /home/sky/kaldi/egs/timit/s5/mfcc/raw_mfcc_train.4.ark:1078559
MSDS0_SX357 /home/sky/kaldi/egs/timit/s5/mfcc/raw_mfcc_train.9.ark:1144823
MTAT1_SI1409 /home/sky/kaldi/egs/timit/s5/mfcc/raw_mfcc_train.10.ark:139646
MPAR0_SX226 /home/sky/kaldi/egs/timit/s5/mfcc/raw_mfcc_train.8.ark:507642
MDHL0_SX449 /home/sky/kaldi/egs/timit/s5/mfcc/raw_mfcc_train.5.ark:93029
MWDK0_SX86 /home/sky/kaldi/egs/timit/s5/mfcc/raw_mfcc_train.10.ark:1281295
MBCG0_SX237 /home/sky/kaldi/egs/timit/s5/mfcc/raw_mfcc_train.4.ark:369079
MREW1_SI2130 /home/sky/kaldi/egs/timit/s5/mfcc/raw_mfcc_train.8.ark:1387663
MSJK0_SI966 /home/sky/kaldi/egs/timit/s5/mfcc/raw_mfcc_train.9.ark:1314621
MDRD0_SX212 /home/sky/kaldi/egs/timit/s5/mfcc/raw_mfcc_train.5.ark:671789
MPGR0_SX60 /home/sky/kaldi/egs/timit/s5/mfcc/raw_mfcc_train.8.ark:637655
MMAB1_SX54 /home/sky/kaldi/egs/timit/s5/mfcc/raw_mfcc_train.7.ark:1138769
FLMK0_SX135 /home/sky/kaldi/egs/timit/s5/mfcc/raw_mfcc_train.2.ark:1145746
MMJB1_SX238 /home/sky/kaldi/egs/timit/s5/mfcc/raw_mfcc_train.8.ark:113203
MKLR0_SX429 /home/sky/kaldi/egs/timit/s5/mfcc/raw_mfcc_train.7.ark:698984
MCXM0_SI721 /home/sky/kaldi/egs/timit/s5/mfcc/raw_mfcc_train.4.ark:1193210
FJSK0_SI1052 /home/sky/kaldi/egs/timit/s5/mfcc/raw_mfcc_train.2.ark:298137
MMPM0_SX161 /home/sky/kaldi/egs/timit/s5/mfcc/raw_mfcc_train.8.ark:169666
MRMH0_SI2281 /home/sky/kaldi/egs/timit/s5/mfcc/raw_mfcc_train.9.ark:515852
FSMM0_SX324 /home/sky/kaldi/egs/timit/s5/mfcc/raw_mfcc_train.3.ark:1038458
MWAC0_SI1601 /home/sky/kaldi/egs/timit/s5/mfcc/raw_mfcc_train.10.ark:1129396
MSMC0_SX287 /home/sky/kaldi/egs/timit/s5/mfcc/raw_mfcc_train.9.ark:1364845
MMSM0_SX206 /home/sky/kaldi/egs/timit/s5/mfcc/raw_mfcc_train.8.ark:244614
MDKS0_SI2326 /home/sky/kaldi/egs/timit/s5/mfcc/raw_mfcc_train.5.ark:167377
FSLS0_SX246 /home/sky/kaldi/egs/timit/s5/mfcc/raw_mfcc_train.3.ark:972564
MKLR0_SI1689 /home/sky/kaldi/egs/timit/s5/mfcc/raw_mfcc_train.7.ark:682815
MDLH0_SX160 /home/sky/kaldi/egs/timit/s5/mfcc/raw_mfcc_train.5.ark:340751
MLJC0_SX415 /home/sky/kaldi/egs/timit/s5/mfcc/raw_mfcc_train.7.ark:961353
MKAJ0_SX154 /home/sky/kaldi/egs/timit/s5/mfcc/raw_mfcc_train.7.ark:432943
MRCW0_SX291 /home/sky/kaldi/egs/timit/s5/mfcc/raw_mfcc_train.8.ark:1184185
MRCW0_SI1371 /home/sky/kaldi/egs/timit/s5/mfcc/raw_mfcc_train.8.ark:1161198
FKLC0_SX85 /home/sky/kaldi/egs/timit/s5/mfcc/raw_mfcc_train.2.ark:667619
FSAG0_SI693 /home/sky/kaldi/egs/timit/s5/mfcc/raw_mfcc_train.3.ark:453480
MPMB0_SX61 /home/sky/kaldi/egs/timit/s5/mfcc/raw_mfcc_train.8.ark:721776
FDTD0_SX391 /home/sky/kaldi/egs/timit/s5/mfcc/raw_mfcc_train.1.ark:1089170
FLJG0_SX261 /home/sky/kaldi/egs/timit/s5/mfcc/raw_mfcc_train.2.ark:1017449
MJRH0_SX315 /home/sky/kaldi/egs/timit/s5/mfcc/raw_mfcc_train.7.ark:38154
MSDB0_SI1637 /home/sky/kaldi/egs/timit/s5/mfcc/raw_mfcc_train.9.ark:1068109
MCDD0_SX253 /home/sky/kaldi/egs/timit/s5/mfcc/raw_mfcc_train.4.ark:808715
MSJK0_SX246 /home/sky/kaldi/egs/timit/s5/mfcc/raw_mfcc_train.9.ark:1322838
MZMB0_SX356 /home/sky/kaldi/egs/timit/s5/mfcc/raw_mfcc_train.10.ark:1502693
MVLO0_SX67 /home/sky/kaldi/egs/timit/s5/mfcc/raw_mfcc_train.10.ark:1098001
MLJH0_SX154 /home/sky/kaldi/egs/timit/s5/mfcc/raw_mfcc_train.7.ark:987961
FMPG0_SI2232 /home/sky/kaldi/egs/timit/s5/mfcc/raw_mfcc_train.2.ark:1533631
FEAC0_SI615 /home/sky/kaldi/egs/timit/s5/mfcc/raw_mfcc_train.1.ark:1128380
MKRG0_SI1491 /home/sky/kaldi/egs/timit/s5/mfcc/raw_mfcc_train.7.ark:806291
FJSP0_SI804 /home/sky/kaldi/egs/timit/s5/mfcc/raw_mfcc_train.2.ark:338900
MILB0_SI2163 /home/sky/kaldi/egs/timit/s5/mfcc/raw_mfcc_train.6.ark:506696
FEEH0_SX392 /home/sky/kaldi/egs/timit/s5/mfcc/raw_mfcc_train.1.ark:1254971
MFWK0_SI1249 /home/sky/kaldi/egs/timit/s5/mfcc/raw_mfcc_train.5.ark:1272041
FNTB0_SX213 /home/sky/kaldi/egs/timit/s5/mfcc/raw_mfcc_train.3.ark:68856
FSDJ0_SX395 /home/sky/kaldi/egs/timit/s5/mfcc/raw_mfcc_train.3.ark:680746
FDJH0_SX125 /home/sky/kaldi/egs/timit/s5/mfcc/raw_mfcc_train.1.ark:892997
MSVS0_SI938 /home/sky/kaldi/egs/timit/s5/mfcc/raw_mfcc_train.10.ark:13840
MJWT0_SX211 /home/sky/kaldi/egs/timit/s5/mfcc/raw_mfcc_train.7.ark:274352
FALR0_SX335 /home/sky/kaldi/egs/timit/s5/mfcc/raw_mfcc_train.1.ark:120595
MBEF0_SI1911 /home/sky/kaldi/egs/timit/s5/mfcc/raw_mfcc_train.4.ark:388615
MJBG0_SI1232 /home/sky/kaldi/egs/timit/s5/mfcc/raw_mfcc_train.6.ark:634932
MJDG0_SX52 /home/sky/kaldi/egs/timit/s5/mfcc/raw_mfcc_train.6.ark:796619
MLBC0_SX159 /home/sky/kaldi/egs/timit/s5/mfcc/raw_mfcc_train.7.ark:881450
MPPC0_SX242 /home/sky/kaldi/egs/timit/s5/mfcc/raw_mfcc_train.8.ark:744433
MFRM0_SX345 /home/sky/kaldi/egs/timit/s5/mfcc/raw_mfcc_train.5.ark:1260606
FETB0_SX428 /home/sky/kaldi/egs/timit/s5/mfcc/raw_mfcc_train.1.ark:1318350
FPJF0_SI1676 /home/sky/kaldi/egs/timit/s5/mfcc/raw_mfcc_train.3.ark:266213
MCLM0_SX376 /home/sky/kaldi/egs/timit/s5/mfcc/raw_mfcc_train.4.ark:1022395
MJLB0_SX446 /home/sky/kaldi/egs/timit/s5/mfcc/raw_mfcc_train.6.ark:1187830
MAEB0_SX450 /home/sky/kaldi/egs/timit/s5/mfcc/raw_mfcc_train.4.ark:32153
MBSB0_SX93 /home/sky/kaldi/egs/timit/s5/mfcc/raw_mfcc_train.4.ark:619727
MLNS0_SI777 /home/sky/kaldi/egs/timit/s5/mfcc/raw_mfcc_train.7.ark:1018730
MCAE0_SI817 /home/sky/kaldi/egs/timit/s5/mfcc/raw_mfcc_train.4.ark:705117
MFXV0_SI1342 /home/sky/kaldi/egs/timit/s5/mfcc/raw_mfcc_train.5.ark:1340024
FPAF0_SX154 /home/sky/kaldi/egs/timit/s5/mfcc/raw_mfcc_train.3.ark:203563
MILB0_SX363 /home/sky/kaldi/egs/timit/s5/mfcc/raw_mfcc_train.6.ark:529850
FBCH0_SI959 /home/sky/kaldi/egs/timit/s5/mfcc/raw_mfcc_train.1.ark:247995
FDTD0_SX301 /home/sky/kaldi/egs/timit/s5/mfcc/raw_mfcc_train.1.ark:1077989
MDLC1_SI2065 /home/sky/kaldi/egs/timit/s5/mfcc/raw_mfcc_train.5.ark:274518
MGJC0_SX345 /home/sky/kaldi/egs/timit/s5/mfcc/raw_mfcc_train.6.ark:104232
MLSH0_SI1417 /home/sky/kaldi/egs/timit/s5/mfcc/raw_mfcc_train.7.ark:1040313
FTLG0_SX123 /home/sky/kaldi/egs/timit/s5/mfcc/raw_mfcc_train.3.ark:1293231
FJKL0_SI2192 /home/sky/kaldi/egs/timit/s5/mfcc/raw_mfcc_train.2.ark:130718
FJSK0_SX242 /home/sky/kaldi/egs/timit/s5/mfcc/raw_mfcc_train.2.ark:314521
MTMT0_SI488 /home/sky/kaldi/egs/timit/s5/mfcc/raw_mfcc_train.10.ark:687822
MTMN0_SX74 /home/sky/kaldi/egs/timit/s5/mfcc/raw_mfcc_train.10.ark:676957
FAJW0_SX363 /home/sky/kaldi/egs/timit/s5/mfcc/raw_mfcc_train.1.ark:59625
MSMS0_SX443 /home/sky/kaldi/egs/timit/s5/mfcc/raw_mfcc_train.9.ark:1430103
FAPB0_SX73 /home/sky/kaldi/egs/timit/s5/mfcc/raw_mfcc_train.1.ark:167544
FPAF0_SI1684 /home/sky/kaldi/egs/timit/s5/mfcc/raw_mfcc_train.3.ark:197165
MAKB0_SX386 /home/sky/kaldi/egs/timit/s5/mfcc/raw_mfcc_train.4.ark:168916
FMMH0_SX420 /home/sky/kaldi/egs/timit/s5/mfcc/raw_mfcc_train.2.ark:1517406
MDLC0_SI1395 /home/sky/kaldi/egs/timit/s5/mfcc/raw_mfcc_train.5.ark:233620
FLJG0_SI1611 /home/sky/kaldi/egs/timit/s5/mfcc/raw_mfcc_train.2.ark:996841
MRJM1_SI668 /home/sky/kaldi/egs/timit/s5/mfcc/raw_mfcc_train.9.ark:195897
FSKC0_SX66 /home/sky/kaldi/egs/timit/s5/mfcc/raw_mfcc_train.3.ark:885201
MTBC0_SX347 /home/sky/kaldi/egs/timit/s5/mfcc/raw_mfcc_train.10.ark:195795
FBCH0_SX236 /home/sky/kaldi/egs/timit/s5/mfcc/raw_mfcc_train.1.ark:258084
MJRP0_SX315 /home/sky/kaldi/egs/timit/s5/mfcc/raw_mfcc_train.7.ark:130157
FBLV0_SI1058 /home/sky/kaldi/egs/timit/s5/mfcc/raw_mfcc_train.1.ark:307452
MGAF0_SI1912 /home/sky/kaldi/egs/timit/s5/mfcc/raw_mfcc_train.5.ark:1370892
MRFL0_SX166 /home/sky/kaldi/egs/timit/s5/mfcc/raw_mfcc_train.8.ark:1457823
MPAR0_SI2206 /home/sky/kaldi/egs/timit/s5/mfcc/raw_mfcc_train.8.ark:494946
MMGC0_SI2184 /home/sky/kaldi/egs/timit/s5/mfcc/raw_mfcc_train.8.ark:20366
MKLS0_SI1533 /home/sky/kaldi/egs/timit/s5/mfcc/raw_mfcc_train.7.ark:713293
FLMC0_SX292 /home/sky/kaldi/egs/timit/s5/mfcc/raw_mfcc_train.2.ark:1119155
MDEF0_SX33 /home/sky/kaldi/egs/timit/s5/mfcc/raw_mfcc_train.5.ark:23105
FBAS0_SX127 /home/sky/kaldi/egs/timit/s5/mfcc/raw_mfcc_train.1.ark:191014
MMAA0_SI2105 /home/sky/kaldi/egs/timit/s5/mfcc/raw_mfcc_train.7.ark:1080704
FMPG0_SX72 /home/sky/kaldi/egs/timit/s5/mfcc/raw_mfcc_train.3.ark:16412
FCAG0_SI1641 /home/sky/kaldi/egs/timit/s5/mfcc/raw_mfcc_train.1.ark:413802
MARC0_SI1818 /home/sky/kaldi/egs/timit/s5/mfcc/raw_mfcc_train.4.ark:233812
MSES0_SX329 /home/sky/kaldi/egs/timit/s5/mfcc/raw_mfcc_train.9.ark:1219298
FDKN0_SX91 /home/sky/kaldi/egs/timit/s5/mfcc/raw_mfcc_train.1.ark:943808
MMAG0_SI496 /home/sky/kaldi/egs/timit/s5/mfcc/raw_mfcc_train.7.ark:1153911
FPMY0_SX73 /home/sky/kaldi/egs/timit/s5/mfcc/raw_mfcc_train.3.ark:352055
MJMM0_SX265 /home/sky/kaldi/egs/timit/s5/mfcc/raw_mfcc_train.6.ark:1333352
MJAC0_SX307 /home/sky/kaldi/egs/timit/s5/mfcc/raw_mfcc_train.6.ark:554008
MRWA0_SX433 /home/sky/kaldi/egs/timit/s5/mfcc/raw_mfcc_train.9.ark:873627
FMKF0_SX276 /home/sky/kaldi/egs/timit/s5/mfcc/raw_mfcc_train.2.ark:1480567
MCAL0_SX238 /home/sky/kaldi/egs/timit/s5/mfcc/raw_mfcc_train.4.ark:745785
MRPC1_SX132 /home/sky/kaldi/egs/timit/s5/mfcc/raw_mfcc_train.9.ark:616015
FKLH0_SX177 /home/sky/kaldi/egs/timit/s5/mfcc/raw_mfcc_train.2.ark:716639
MGAG0_SI1321 /home/sky/kaldi/egs/timit/s5/mfcc/raw_mfcc_train.5.ark:1394094
MKLS1_SI915 /home/sky/kaldi/egs/timit/s5/mfcc/raw_mfcc_train.7.ark:748822
MWAR0_SX145 /home/sky/kaldi/egs/timit/s5/mfcc/raw_mfcc_train.10.ark:1206845
FTLG0_SI840 /home/sky/kaldi/egs/timit/s5/mfcc/raw_mfcc_train.3.ark:1289688
MRMH0_SX391 /home/sky/kaldi/egs/timit/s5/mfcc/raw_mfcc_train.9.ark:533046
MREM0_SX421 /home/sky/kaldi/egs/timit/s5/mfcc/raw_mfcc_train.8.ark:1376318
FEAR0_SI1252 /home/sky/kaldi/egs/timit/s5/mfcc/raw_mfcc_train.1.ark:1154448
MSRR0_SX231 /home/sky/kaldi/egs/timit/s5/mfcc/raw_mfcc_train.9.ark:1487351
MJPM1_SX311 /home/sky/kaldi/egs/timit/s5/mfcc/raw_mfcc_train.6.ark:1424855
FMJB0_SI1807 /home/sky/kaldi/egs/timit/s5/mfcc/raw_mfcc_train.2.ark:1334004
FLAC0_SX181 /home/sky/kaldi/egs/timit/s5/mfcc/raw_mfcc_train.2.ark:779348
FCMM0_SX420 /home/sky/kaldi/egs/timit/s5/mfcc/raw_mfcc_train.1.ark:711090
MMAG0_SI1756 /home/sky/kaldi/egs/timit/s5/mfcc/raw_mfcc_train.7.ark:1148054
FJLG0_SX449 /home/sky/kaldi/egs/timit/s5/mfcc/raw_mfcc_train.2.ark:183058
FMJU0_SX39 /home/sky/kaldi/egs/timit/s5/mfcc/raw_mfcc_train.2.ark:1421770
MRLK0_SX123 /home/sky/kaldi/egs/timit/s5/mfcc/raw_mfcc_train.9.ark:395782
MJAC0_SX341 /home/sky/kaldi/egs/timit/s5/mfcc/raw_mfcc_train.6.ark:556745
FMBG0_SX3 /home/sky/kaldi/egs/timit/s5/mfcc/raw_mfcc_train.2.ark:1276268
MMAB1_SI1494 /home/sky/kaldi/egs/timit/s5/mfcc/raw_mfcc_train.7.ark:1109132
MJAI0_SX254 /home/sky/kaldi/egs/timit/s5/mfcc/raw_mfcc_train.6.ark:623048
FKFB0_SX258 /home/sky/kaldi/egs/timit/s5/mfcc/raw_mfcc_train.2.ark:581308
MKLW0_SX221 /home/sky/kaldi/egs/timit/s5/mfcc/raw_mfcc_train.7.ark:787426
MCTM0_SX90 /home/sky/kaldi/egs/timit/s5/mfcc/raw_mfcc_train.4.ark:1181656
FGDP0_SX178 /home/sky/kaldi/egs/timit/s5/mfcc/raw_mfcc_train.1.ark:1407473
MPRB0_SX35 /home/sky/kaldi/egs/timit/s5/mfcc/raw_mfcc_train.8.ark:790497
FMEM0_SX117 /home/sky/kaldi/egs/timit/s5/mfcc/raw_mfcc_train.2.ark:1305451
MDPB0_SX416 /home/sky/kaldi/egs/timit/s5/mfcc/raw_mfcc_train.5.ark:586729
MDSS0_SX81 /home/sky/kaldi/egs/timit/s5/mfcc/raw_mfcc_train.5.ark:745321
MSDS0_SX447 /home/sky/kaldi/egs/timit/s5/mfcc/raw_mfcc_train.9.ark:1150927
MRJH0_SX169 /home/sky/kaldi/egs/timit/s5/mfcc/raw_mfcc_train.9.ark:130035
MJKR0_SI1831 /home/sky/kaldi/egs/timit/s5/mfcc/raw_mfcc_train.6.ark:1136310
MFRM0_SI1717 /home/sky/kaldi/egs/timit/s5/mfcc/raw_mfcc_train.5.ark:1246212
FPJF0_SX236 /home/sky/kaldi/egs/timit/s5/mfcc/raw_mfcc_train.3.ark:273143
MSRG0_SI591 /home/sky/kaldi/egs/timit/s5/mfcc/raw_mfcc_train.9.ark:1444523
MDED0_SX90 /home/sky/kaldi/egs/timit/s5/mfcc/raw_mfcc_train.4.ark:1468661
MTLC0_SI847 /home/sky/kaldi/egs/timit/s5/mfcc/raw_mfcc_train.10.ark:593491
FGDP0_SI1618 /home/sky/kaldi/egs/timit/s5/mfcc/raw_mfcc_train.1.ark:1394464
FPAC0_SX301 /home/sky/kaldi/egs/timit/s5/mfcc/raw_mfcc_train.3.ark:143350
FLJG0_SX351 /home/sky/kaldi/egs/timit/s5/mfcc/raw_mfcc_train.2.ark:1020485
MDWH0_SX215 /home/sky/kaldi/egs/timit/s5/mfcc/raw_mfcc_train.5.ark:854860
MJJB0_SI1139 /home/sky/kaldi/egs/timit/s5/mfcc/raw_mfcc_train.6.ark:1028555
FSAG0_SX243 /home/sky/kaldi/egs/timit/s5/mfcc/raw_mfcc_train.3.ark:463543
FSJW0_SX253 /home/sky/kaldi/egs/timit/s5/mfcc/raw_mfcc_train.3.ark:842315
MMBS0_SX431 /home/sky/kaldi/egs/timit/s5/mfcc/raw_mfcc_train.7.ark:1276324
MMEB0_SX187 /home/sky/kaldi/egs/timit/s5/mfcc/raw_mfcc_train.7.ark:1511136
FSAG0_SI1953 /home/sky/kaldi/egs/timit/s5/mfcc/raw_mfcc_train.3.ark:451991
MKAJ0_SX424 /home/sky/kaldi/egs/timit/s5/mfcc/raw_mfcc_train.7.ark:442649
FMMH0_SI2167 /home/sky/kaldi/egs/timit/s5/mfcc/raw_mfcc_train.2.ark:1501869
MCDC0_SI1292 /home/sky/kaldi/egs/timit/s5/mfcc/raw_mfcc_train.4.ark:763948
MJWS0_SI1773 /home/sky/kaldi/egs/timit/s5/mfcc/raw_mfcc_train.7.ark:222365
MRJM0_SI1228 /home/sky/kaldi/egs/timit/s5/mfcc/raw_mfcc_train.9.ark:156208
MCSS0_SI688 /home/sky/kaldi/egs/timit/s5/mfcc/raw_mfcc_train.4.ark:1092932
FCYL0_SX127 /home/sky/kaldi/egs/timit/s5/mfcc/raw_mfcc_train.1.ark:764847
MRFL0_SX346 /home/sky/kaldi/egs/timit/s5/mfcc/raw_mfcc_train.8.ark:1467275
MPAR0_SX316 /home/sky/kaldi/egs/timit/s5/mfcc/raw_mfcc_train.8.ark:510990
FREH0_SX235 /home/sky/kaldi/egs/timit/s5/mfcc/raw_mfcc_train.3.ark:372762
MCDR0_SI1784 /home/sky/kaldi/egs/timit/s5/mfcc/raw_mfcc_train.4.ark:828563
MDCD0_SX155 /home/sky/kaldi/egs/timit/s5/mfcc/raw_mfcc_train.4.ark:1357105
MJRP0_SI585 /home/sky/kaldi/egs/timit/s5/mfcc/raw_mfcc_train.7.ark:118878
MCDR0_SI524 /home/sky/kaldi/egs/timit/s5/mfcc/raw_mfcc_train.4.ark:835018
MTPR0_SX70 /home/sky/kaldi/egs/timit/s5/mfcc/raw_mfcc_train.10.ark:836908
MWGR0_SI976 /home/sky/kaldi/egs/timit/s5/mfcc/raw_mfcc_train.10.ark:1325511
MJRG0_SI1996 /home/sky/kaldi/egs/timit/s5/mfcc/raw_mfcc_train.6.ark:1476642
MBJV0_SI1877 /home/sky/kaldi/egs/timit/s5/mfcc/raw_mfcc_train.4.ark:449192
FCDR1_SX196 /home/sky/kaldi/egs/timit/s5/mfcc/raw_mfcc_train.1.ark:496559
MWRE0_SX427 /home/sky/kaldi/egs/timit/s5/mfcc/raw_mfcc_train.10.ark:1374256
MSMR0_SI775 /home/sky/kaldi/egs/timit/s5/mfcc/raw_mfcc_train.9.ark:1383465
MDLR1_SX39 /home/sky/kaldi/egs/timit/s5/mfcc/raw_mfcc_train.5.ark:451897
MTJU0_SX130 /home/sky/kaldi/egs/timit/s5/mfcc/raw_mfcc_train.10.ark:460358
FKAA0_SX398 /home/sky/kaldi/egs/timit/s5/mfcc/raw_mfcc_train.2.ark:491040
FSKP0_SI1098 /home/sky/kaldi/egs/timit/s5/mfcc/raw_mfcc_train.3.ark:921042
MJEB1_SX207 /home/sky/kaldi/egs/timit/s5/mfcc/raw_mfcc_train.6.ark:888511
MCDR0_SX344 /home/sky/kaldi/egs/timit/s5/mfcc/raw_mfcc_train.4.ark:849209
MSTF0_SI1396 /home/sky/kaldi/egs/timit/s5/mfcc/raw_mfcc_train.9.ark:1499936
MCSS0_SX390 /home/sky/kaldi/egs/timit/s5/mfcc/raw_mfcc_train.4.ark:1116906
MJMD0_SI1028 /home/sky/kaldi/egs/timit/s5/mfcc/raw_mfcc_train.6.ark:1288116
MCPM0_SX204 /home/sky/kaldi/egs/timit/s5/mfcc/raw_mfcc_train.4.ark:1043713
MWGR0_SX436 /home/sky/kaldi/egs/timit/s5/mfcc/raw_mfcc_train.10.ark:1343375
MGAG0_SX421 /home/sky/kaldi/egs/timit/s5/mfcc/raw_mfcc_train.5.ark:1416834
MDTB0_SX120 /home/sky/kaldi/egs/timit/s5/mfcc/raw_mfcc_train.5.ark:787593
MSAT0_SX446 /home/sky/kaldi/egs/timit/s5/mfcc/raw_mfcc_train.9.ark:1025493
MRMB0_SI2211 /home/sky/kaldi/egs/timit/s5/mfcc/raw_mfcc_train.9.ark:446556
MTER0_SI1787 /home/sky/kaldi/egs/timit/s5/mfcc/raw_mfcc_train.10.ark:318560
MDWD0_SI557 /home/sky/kaldi/egs/timit/s5/mfcc/raw_mfcc_train.5.ark:815893
FMJB0_SX277 /home/sky/kaldi/egs/timit/s5/mfcc/raw_mfcc_train.2.ark:1346115
MWRE0_SX247 /home/sky/kaldi/egs/timit/s5/mfcc/raw_mfcc_train.10.ark:1365103
MCTH0_SI579 /home/sky/kaldi/egs/timit/s5/mfcc/raw_mfcc_train.4.ark:1128447
FJRB0_SX132 /home/sky/kaldi/egs/timit/s5/mfcc/raw_mfcc_train.2.ark:234670
FDXW0_SI2141 /home/sky/kaldi/egs/timit/s5/mfcc/raw_mfcc_train.1.ark:1095413
FLHD0_SX354 /home/sky/kaldi/egs/timit/s5/mfcc/raw_mfcc_train.2.ark:918042
MVJH0_SX26 /home/sky/kaldi/egs/timit/s5/mfcc/raw_mfcc_train.10.ark:1061010
MKDT0_SX353 /home/sky/kaldi/egs/timit/s5/mfcc/raw_mfcc_train.7.ark:569619
MDBP0_SX258 /home/sky/kaldi/egs/timit/s5/mfcc/raw_mfcc_train.4.ark:1326258
MRSP0_SI2059 /home/sky/kaldi/egs/timit/s5/mfcc/raw_mfcc_train.9.ark:718040
FSMM0_SI684 /home/sky/kaldi/egs/timit/s5/mfcc/raw_mfcc_train.3.ark:1025788
MMPM0_SI2321 /home/sky/kaldi/egs/timit/s5/mfcc/raw_mfcc_train.8.ark:166253
MPRK0_SX17 /home/sky/kaldi/egs/timit/s5/mfcc/raw_mfcc_train.8.ark:856078
MPGR0_SI1410 /home/sky/kaldi/egs/timit/s5/mfcc/raw_mfcc_train.8.ark:611892
MRRE0_SX434 /home/sky/kaldi/egs/timit/s5/mfcc/raw_mfcc_train.9.ark:663906
MBMA1_SX324 /home/sky/kaldi/egs/timit/s5/mfcc/raw_mfcc_train.4.ark:525787
MJAE0_SI1524 /home/sky/kaldi/egs/timit/s5/mfcc/raw_mfcc_train.6.ark:568882
FCKE0_SX211 /home/sky/kaldi/egs/timit/s5/mfcc/raw_mfcc_train.1.ark:610232
MJAI0_SX344 /home/sky/kaldi/egs/timit/s5/mfcc/raw_mfcc_train.6.ark:625629
MSAT0_SX356 /home/sky/kaldi/egs/timit/s5/mfcc/raw_mfcc_train.9.ark:1022379
MKDB0_SI2132 /home/sky/kaldi/egs/timit/s5/mfcc/raw_mfcc_train.7.ark:483411
MDCD0_SI2045 /home/sky/kaldi/egs/timit/s5/mfcc/raw_mfcc_train.4.ark:1347887
MADD0_SX448 /home/sky/kaldi/egs/timit/s5/mfcc/raw_mfcc_train.4.ark:12
MJDM0_SX170 /home/sky/kaldi/egs/timit/s5/mfcc/raw_mfcc_train.6.ark:811417
MTAT0_SI1740 /home/sky/kaldi/egs/timit/s5/mfcc/raw_mfcc_train.10.ark:113649
MHMR0_SX399 /home/sky/kaldi/egs/timit/s5/mfcc/raw_mfcc_train.6.ark:439326
MGSH0_SX96 /home/sky/kaldi/egs/timit/s5/mfcc/raw_mfcc_train.6.ark:215993
FDXW0_SX431 /home/sky/kaldi/egs/timit/s5/mfcc/raw_mfcc_train.1.ark:1114285
MGRL0_SX417 /home/sky/kaldi/egs/timit/s5/mfcc/raw_mfcc_train.6.ark:143257
FTBW0_SI1345 /home/sky/kaldi/egs/timit/s5/mfcc/raw_mfcc_train.3.ark:1245066
FSAH0_SX434 /home/sky/kaldi/egs/timit/s5/mfcc/raw_mfcc_train.3.ark:512754
FDMY0_SI714 /home/sky/kaldi/egs/timit/s5/mfcc/raw_mfcc_train.1.ark:989154
MLJC0_SI1855 /home/sky/kaldi/egs/timit/s5/mfcc/raw_mfcc_train.7.ark:943430
MJDC0_SX351 /home/sky/kaldi/egs/timit/s5/mfcc/raw_mfcc_train.6.ark:716204
MADC0_SX377 /home/sky/kaldi/egs/timit/s5/mfcc/raw_mfcc_train.3.ark:1493268
MSDS0_SX267 /home/sky/kaldi/egs/timit/s5/mfcc/raw_mfcc_train.9.ark:1139200
MTBC0_SX183 /home/sky/kaldi/egs/timit/s5/mfcc/raw_mfcc_train.10.ark:189086
MRAM0_SX15 /home/sky/kaldi/egs/timit/s5/mfcc/raw_mfcc_train.8.ark:1046402
MHMG0_SI735 /home/sky/kaldi/egs/timit/s5/mfcc/raw_mfcc_train.6.ark:386585
MRGM0_SX442 /home/sky/kaldi/egs/timit/s5/mfcc/raw_mfcc_train.9.ark:12
MEJL0_SX62 /home/sky/kaldi/egs/timit/s5/mfcc/raw_mfcc_train.5.ark:1055614
FMMH0_SI907 /home/sky/kaldi/egs/timit/s5/mfcc/raw_mfcc_train.2.ark:1506387
FPAF0_SI1054 /home/sky/kaldi/egs/timit/s5/mfcc/raw_mfcc_train.3.ark:189669
FSDJ0_SI1745 /home/sky/kaldi/egs/timit/s5/mfcc/raw_mfcc_train.3.ark:661738
MMWB0_SX179 /home/sky/kaldi/egs/timit/s5/mfcc/raw_mfcc_train.8.ark:315546
MJKR0_SX391 /home/sky/kaldi/egs/timit/s5/mfcc/raw_mfcc_train.6.ark:1161142
MPGR0_SX420 /home/sky/kaldi/egs/timit/s5/mfcc/raw_mfcc_train.8.ark:632722
FSAH0_SI1874 /home/sky/kaldi/egs/timit/s5/mfcc/raw_mfcc_train.3.ark:489774
MKDD0_SX37 /home/sky/kaldi/egs/timit/s5/mfcc/raw_mfcc_train.7.ark:540384
FLAG0_SX294 /home/sky/kaldi/egs/timit/s5/mfcc/raw_mfcc_train.2.ark:826654
MDMT0_SX392 /home/sky/kaldi/egs/timit/s5/mfcc/raw_mfcc_train.5.ark:523428
MMLM0_SI2150 /home/sky/kaldi/egs/timit/s5/mfcc/raw_mfcc_train.8.ark:133298
FTBR0_SX381 /home/sky/kaldi/egs/timit/s5/mfcc/raw_mfcc_train.3.ark:1241730
FMJU0_SX309 /home/sky/kaldi/egs/timit/s5/mfcc/raw_mfcc_train.2.ark:1417279
MDLC2_SX444 /home/sky/kaldi/egs/timit/s5/mfcc/raw_mfcc_train.5.ark:320670
MHBS0_SI2205 /home/sky/kaldi/egs/timit/s5/mfcc/raw_mfcc_train.6.ark:295055
MAKR0_SI1352 /home/sky/kaldi/egs/timit/s5/mfcc/raw_mfcc_train.4.ark:172239
MESJ0_SI2039 /home/sky/kaldi/egs/timit/s5/mfcc/raw_mfcc_train.5.ark:1123063
MTAS0_SX395 /home/sky/kaldi/egs/timit/s5/mfcc/raw_mfcc_train.10.ark:103974
MHRM0_SX418 /home/sky/kaldi/egs/timit/s5/mfcc/raw_mfcc_train.6.ark:463778
MWSH0_SI1426 /home/sky/kaldi/egs/timit/s5/mfcc/raw_mfcc_train.10.ark:1443229
MDEM0_SI800 /home/sky/kaldi/egs/timit/s5/mfcc/raw_mfcc_train.5.ark:39085
FRJB0_SX167 /home/sky/kaldi/egs/timit/s5/mfcc/raw_mfcc_train.3.ark:393249
MJRK0_SX160 /home/sky/kaldi/egs/timit/s5/mfcc/raw_mfcc_train.7.ark:91866
MWCH0_SX92 /home/sky/kaldi/egs/timit/s5/mfcc/raw_mfcc_train.10.ark:1248920
FSSB0_SX362 /home/sky/kaldi/egs/timit/s5/mfcc/raw_mfcc_train.3.ark:1172431
MDKS0_SI1066 /home/sky/kaldi/egs/timit/s5/mfcc/raw_mfcc_train.5.ark:161940
MABC0_SX331 /home/sky/kaldi/egs/timit/s5/mfcc/raw_mfcc_train.3.ark:1452846
MZMB0_SX266 /home/sky/kaldi/egs/timit/s5/mfcc/raw_mfcc_train.10.ark:1499111
MMGC0_SX135 /home/sky/kaldi/egs/timit/s5/mfcc/raw_mfcc_train.8.ark:22895
MDBB1_SX376 /home/sky/kaldi/egs/timit/s5/mfcc/raw_mfcc_train.4.ark:1305590
MJLS0_SX16 /home/sky/kaldi/egs/timit/s5/mfcc/raw_mfcc_train.6.ark:1242738
MLJC0_SX145 /home/sky/kaldi/egs/timit/s5/mfcc/raw_mfcc_train.7.ark:949879
MHMG0_SX195 /home/sky/kaldi/egs/timit/s5/mfcc/raw_mfcc_train.6.ark:399319
FLJD0_SI886 /home/sky/kaldi/egs/timit/s5/mfcc/raw_mfcc_train.2.ark:974465
FDAW0_SX146 /home/sky/kaldi/egs/timit/s5/mfcc/raw_mfcc_train.1.ark:833823
MMBS0_SI1151 /home/sky/kaldi/egs/timit/s5/mfcc/raw_mfcc_train.7.ark:1248799
FGMB0_SX245 /home/sky/kaldi/egs/timit/s5/mfcc/raw_mfcc_train.1.ark:1452283
MCPM0_SI1194 /home/sky/kaldi/egs/timit/s5/mfcc/raw_mfcc_train.4.ark:1025705
MREH1_SX249 /home/sky/kaldi/egs/timit/s5/mfcc/raw_mfcc_train.8.ark:1335337
FSJS0_SX361 /home/sky/kaldi/egs/timit/s5/mfcc/raw_mfcc_train.3.ark:811442
MFRM0_SX165 /home/sky/kaldi/egs/timit/s5/mfcc/raw_mfcc_train.5.ark:1253403
MPMB0_SI871 /home/sky/kaldi/egs/timit/s5/mfcc/raw_mfcc_train.8.ark:689957
MRFL0_SX256 /home/sky/kaldi/egs/timit/s5/mfcc/raw_mfcc_train.8.ark:1463433
MTAS0_SX305 /home/sky/kaldi/egs/timit/s5/mfcc/raw_mfcc_train.10.ark:98345
MRLD0_SX64 /home/sky/kaldi/egs/timit/s5/mfcc/raw_mfcc_train.9.ark:319392
FSKP0_SX18 /home/sky/kaldi/egs/timit/s5/mfcc/raw_mfcc_train.3.ark:937255
FDAS1_SI831 /home/sky/kaldi/egs/timit/s5/mfcc/raw_mfcc_train.1.ark:793705
MAPV0_SX123 /home/sky/kaldi/egs/timit/s5/mfcc/raw_mfcc_train.4.ark:212748
MTWH1_SX162 /home/sky/kaldi/egs/timit/s5/mfcc/raw_mfcc_train.10.ark:983779
MGAF0_SX22 /home/sky/kaldi/egs/timit/s5/mfcc/raw_mfcc_train.5.ark:1383932
FJXM0_SX401 /home/sky/kaldi/egs/timit/s5/mfcc/raw_mfcc_train.2.ark:419316
FJLR0_SX241 /home/sky/kaldi/egs/timit/s5/mfcc/raw_mfcc_train.2.ark:208074
MWEM0_SI1393 /home/sky/kaldi/egs/timit/s5/mfcc/raw_mfcc_train.10.ark:1288760
MDDC0_SI1419 /home/sky/kaldi/egs/timit/s5/mfcc/raw_mfcc_train.4.ark:1408183
MJLS0_SI1096 /home/sky/kaldi/egs/timit/s5/mfcc/raw_mfcc_train.6.ark:1223899
MAPV0_SX33 /home/sky/kaldi/egs/timit/s5/mfcc/raw_mfcc_train.4.ark:225027
MKLR0_SX159 /home/sky/kaldi/egs/timit/s5/mfcc/raw_mfcc_train.7.ark:688030
MDEM0_SI608 /home/sky/kaldi/egs/timit/s5/mfcc/raw_mfcc_train.5.ark:33228
MRLJ1_SI1671 /home/sky/kaldi/egs/timit/s5/mfcc/raw_mfcc_train.9.ark:351749
MILB0_SI903 /home/sky/kaldi/egs/timit/s5/mfcc/raw_mfcc_train.6.ark:514692
FMJU0_SX399 /home/sky/kaldi/egs/timit/s5/mfcc/raw_mfcc_train.2.ark:1425872
FCEG0_SX348 /home/sky/kaldi/egs/timit/s5/mfcc/raw_mfcc_train.1.ark:525672
MTBC0_SI543 /home/sky/kaldi/egs/timit/s5/mfcc/raw_mfcc_train.10.ark:182839
MFMC0_SX52 /home/sky/kaldi/egs/timit/s5/mfcc/raw_mfcc_train.5.ark:1236732
MPPC0_SI2042 /home/sky/kaldi/egs/timit/s5/mfcc/raw_mfcc_train.8.ark:734740
MPMB0_SI1501 /home/sky/kaldi/egs/timit/s5/mfcc/raw_mfcc_train.8.ark:673354
FNKL0_SX262 /home/sky/kaldi/egs/timit/s5/mfcc/raw_mfcc_train.3.ark:39544
MJPM0_SX288 /home/sky/kaldi/egs/timit/s5/mfcc/raw_mfcc_train.6.ark:1399740
MFXV0_SX15 /home/sky/kaldi/egs/timit/s5/mfcc/raw_mfcc_train.5.ark:1351641
MTML0_SX345 /home/sky/kaldi/egs/timit/s5/mfcc/raw_mfcc_train.10.ark:632180
FSKL0_SI2159 /home/sky/kaldi/egs/timit/s5/mfcc/raw_mfcc_train.3.ark:892523
FCRZ0_SI2053 /home/sky/kaldi/egs/timit/s5/mfcc/raw_mfcc_train.1.ark:724723
MRFK0_SX446 /home/sky/kaldi/egs/timit/s5/mfcc/raw_mfcc_train.8.ark:1436870
MMDB0_SX447 /home/sky/kaldi/egs/timit/s5/mfcc/raw_mfcc_train.7.ark:1340216
FJEN0_SI2307 /home/sky/kaldi/egs/timit/s5/mfcc/raw_mfcc_train.2.ark:67560
MDWD0_SX90 /home/sky/kaldi/egs/timit/s5/mfcc/raw_mfcc_train.5.ark:832294
MMGG0_SX179 /home/sky/kaldi/egs/timit/s5/mfcc/raw_mfcc_train.8.ark:52268
MJRG0_SI736 /home/sky/kaldi/egs/timit/s5/mfcc/raw_mfcc_train.6.ark:1478599
MRLD0_SX154 /home/sky/kaldi/egs/timit/s5/mfcc/raw_mfcc_train.9.ark:306573
MJWG0_SX175 /home/sky/kaldi/egs/timit/s5/mfcc/raw_mfcc_train.7.ark:198701
MESJ0_SX7 /home/sky/kaldi/egs/timit/s5/mfcc/raw_mfcc_train.5.ark:1145906
MTKP0_SI2283 /home/sky/kaldi/egs/timit/s5/mfcc/raw_mfcc_train.10.ark:518698
FSPM0_SX161 /home/sky/kaldi/egs/timit/s5/mfcc/raw_mfcc_train.3.ark:1099541
FCKE0_SX301 /home/sky/kaldi/egs/timit/s5/mfcc/raw_mfcc_train.1.ark:613736
MEWM0_SI1978 /home/sky/kaldi/egs/timit/s5/mfcc/raw_mfcc_train.5.ark:1154534
MEGJ0_SI1967 /home/sky/kaldi/egs/timit/s5/mfcc/raw_mfcc_train.5.ark:1002309
MTJM0_SX326 /home/sky/kaldi/egs/timit/s5/mfcc/raw_mfcc_train.10.ark:399600
MRAB1_SX38 /home/sky/kaldi/egs/timit/s5/mfcc/raw_mfcc_train.8.ark:986267
MMGG0_SX359 /home/sky/kaldi/egs/timit/s5/mfcc/raw_mfcc_train.8.ark:59172
MJFH0_SI477 /home/sky/kaldi/egs/timit/s5/mfcc/raw_mfcc_train.6.ark:941729
MSAT1_SI1703 /home/sky/kaldi/egs/timit/s5/mfcc/raw_mfcc_train.9.ark:1036305
MDWD0_SI1890 /home/sky/kaldi/egs/timit/s5/mfcc/raw_mfcc_train.5.ark:810998
MKAG0_SX439 /home/sky/kaldi/egs/timit/s5/mfcc/raw_mfcc_train.7.ark:379563
FSDC0_SX142 /home/sky/kaldi/egs/timit/s5/mfcc/raw_mfcc_train.3.ark:637138
FJSK0_SI1682 /home/sky/kaldi/egs/timit/s5/mfcc/raw_mfcc_train.2.ark:304242
FGCS0_SX136 /home/sky/kaldi/egs/timit/s5/mfcc/raw_mfcc_train.1.ark:1375163
FJWB1_SI795 /home/sky/kaldi/egs/timit/s5/mfcc/raw_mfcc_train.2.ark:372223
FMJF0_SI1884 /home/sky/kaldi/egs/timit/s5/mfcc/raw_mfcc_train.2.ark:1364128
MTLC0_SI1477 /home/sky/kaldi/egs/timit/s5/mfcc/raw_mfcc_train.10.ark:587296
FEEH0_SI1112 /home/sky/kaldi/egs/timit/s5/mfcc/raw_mfcc_train.1.ark:1225893
MRHL0_SX345 /home/sky/kaldi/egs/timit/s5/mfcc/raw_mfcc_train.9.ark:65546
MDJM0_SX375 /home/sky/kaldi/egs/timit/s5/mfcc/raw_mfcc_train.5.ark:158097
FSRH0_SX311 /home/sky/kaldi/egs/timit/s5/mfcc/raw_mfcc_train.3.ark:1138599
MCDD0_SX433 /home/sky/kaldi/egs/timit/s5/mfcc/raw_mfcc_train.4.ark:815580
FKDE0_SX421 /home/sky/kaldi/egs/timit/s5/mfcc/raw_mfcc_train.2.ark:523748
MRLD0_SX424 /home/sky/kaldi/egs/timit/s5/mfcc/raw_mfcc_train.9.ark:315850
MEFG0_SI598 /home/sky/kaldi/egs/timit/s5/mfcc/raw_mfcc_train.5.ark:969837
MMDM1_SX153 /home/sky/kaldi/egs/timit/s5/mfcc/raw_mfcc_train.7.ark:1422019
FSAG0_SX423 /home/sky/kaldi/egs/timit/s5/mfcc/raw_mfcc_train.3.ark:474529
MJDM0_SI1937 /home/sky/kaldi/egs/timit/s5/mfcc/raw_mfcc_train.6.ark:807568
FPAB1_SI2101 /home/sky/kaldi/egs/timit/s5/mfcc/raw_mfcc_train.3.ark:86546
FBJL0_SX112 /home/sky/kaldi/egs/timit/s5/mfcc/raw_mfcc_train.1.ark:288190
FEXM0_SX291 /home/sky/kaldi/egs/timit/s5/mfcc/raw_mfcc_train.1.ark:1350367
FMKF0_SX96 /home/sky/kaldi/egs/timit/s5/mfcc/raw_mfcc_train.2.ark:1492285
MVLO0_SI1777 /home/sky/kaldi/egs/timit/s5/mfcc/raw_mfcc_train.10.ark:1074105
FSJK1_SI696 /home/sky/kaldi/egs/timit/s5/mfcc/raw_mfcc_train.3.ark:767411
MJEE0_SX67 /home/sky/kaldi/egs/timit/s5/mfcc/raw_mfcc_train.6.ark:929473
MRPC1_SI2026 /home/sky/kaldi/egs/timit/s5/mfcc/raw_mfcc_train.9.ark:610774
MDED0_SX180 /home/sky/kaldi/egs/timit/s5/mfcc/raw_mfcc_train.4.ark:1452293
MJPM1_SI761 /home/sky/kaldi/egs/timit/s5/mfcc/raw_mfcc_train.6.ark:1412536
FCMM0_SX273 /home/sky/kaldi/egs/timit/s5/mfcc/raw_mfcc_train.1.ark:703835
MTPP0_SI878 /home/sky/kaldi/egs/timit/s5/mfcc/raw_mfcc_train.10.ark:780852
MGAK0_SI2296 /home/sky/kaldi/egs/timit/s5/mfcc/raw_mfcc_train.5.ark:1433530
MDSS1_SI697 /home/sky/kaldi/egs/timit/s5/mfcc/raw_mfcc_train.5.ark:754938
FCDR1_SX286 /home/sky/kaldi/egs/timit/s5/mfcc/raw_mfcc_train.1.ark:499777
FVKB0_SI1789 /home/sky/kaldi/egs/timit/s5/mfcc/raw_mfcc_train.3.ark:1375029
MHJB0_SI2277 /home/sky/kaldi/egs/timit/s5/mfcc/raw_mfcc_train.6.ark:360372
MARC0_SX18 /home/sky/kaldi/egs/timit/s5/mfcc/raw_mfcc_train.4.ark:244453
MARW0_SX286 /home/sky/kaldi/egs/timit/s5/mfcc/raw_mfcc_train.4.ark:275392
MCTM0_SX270 /home/sky/kaldi/egs/timit/s5/mfcc/raw_mfcc_train.4.ark:1170313
MWAR0_SX325 /home/sky/kaldi/egs/timit/s5/mfcc/raw_mfcc_train.10.ark:1214191
FPAB1_SX211 /home/sky/kaldi/egs/timit/s5/mfcc/raw_mfcc_train.3.ark:104130
MTJG0_SX440 /home/sky/kaldi/egs/timit/s5/mfcc/raw_mfcc_train.10.ark:370755
MHRM0_SX58 /home/sky/kaldi/egs/timit/s5/mfcc/raw_mfcc_train.6.ark:468867
FKDW0_SX217 /home/sky/kaldi/egs/timit/s5/mfcc/raw_mfcc_train.2.ark:551728
MJRP0_SI1845 /home/sky/kaldi/egs/timit/s5/mfcc/raw_mfcc_train.7.ark:113294
FBCH0_SX416 /home/sky/kaldi/egs/timit/s5/mfcc/raw_mfcc_train.1.ark:265716
MJBG0_SX422 /home/sky/kaldi/egs/timit/s5/mfcc/raw_mfcc_train.6.ark:659026
MDBB1_SX286 /home/sky/kaldi/egs/timit/s5/mfcc/raw_mfcc_train.4.ark:1300604
MJLS0_SX286 /home/sky/kaldi/egs/timit/s5/mfcc/raw_mfcc_train.6.ark:1248433
MSVS0_SX398 /home/sky/kaldi/egs/timit/s5/mfcc/raw_mfcc_train.10.ark:38106
MDAC0_SX91 /home/sky/kaldi/egs/timit/s5/mfcc/raw_mfcc_train.4.ark:1246627
MMDM0_SX51 /home/sky/kaldi/egs/timit/s5/mfcc/raw_mfcc_train.7.ark:1409301
MESG0_SX162 /home/sky/kaldi/egs/timit/s5/mfcc/raw_mfcc_train.5.ark:1103203
FSJG0_SI940 /home/sky/kaldi/egs/timit/s5/mfcc/raw_mfcc_train.3.ark:725767
MRMG0_SX180 /home/sky/kaldi/egs/timit/s5/mfcc/raw_mfcc_train.9.ark:486109
MRCW0_SI2001 /home/sky/kaldi/egs/timit/s5/mfcc/raw_mfcc_train.8.ark:1165314
FDXW0_SX161 /home/sky/kaldi/egs/timit/s5/mfcc/raw_mfcc_train.1.ark:1102330
FDAS1_SX381 /home/sky/kaldi/egs/timit/s5/mfcc/raw_mfcc_train.1.ark:814396
MCTH0_SX129 /home/sky/kaldi/egs/timit/s5/mfcc/raw_mfcc_train.4.ark:1133160
MTAT1_SX419 /home/sky/kaldi/egs/timit/s5/mfcc/raw_mfcc_train.10.ark:168757
MRAB0_SI1224 /home/sky/kaldi/egs/timit/s5/mfcc/raw_mfcc_train.8.ark:928968
MPGR0_SI780 /home/sky/kaldi/egs/timit/s5/mfcc/raw_mfcc_train.8.ark:619668
MRRE0_SX344 /home/sky/kaldi/egs/timit/s5/mfcc/raw_mfcc_train.9.ark:660389
MSJK0_SX426 /home/sky/kaldi/egs/timit/s5/mfcc/raw_mfcc_train.9.ark:1332004
MRRE0_SX254 /home/sky/kaldi/egs/timit/s5/mfcc/raw_mfcc_train.9.ark:657028
MRKM0_SX97 /home/sky/kaldi/egs/timit/s5/mfcc/raw_mfcc_train.9.ark:290748
MBGT0_SX81 /home/sky/kaldi/egs/timit/s5/mfcc/raw_mfcc_train.4.ark:441649
MJPM1_SI1897 /home/sky/kaldi/egs/timit/s5/mfcc/raw_mfcc_train.6.ark:1407984
FMKC0_SX172 /home/sky/kaldi/egs/timit/s5/mfcc/raw_mfcc_train.2.ark:1441048
FPAD0_SX86 /home/sky/kaldi/egs/timit/s5/mfcc/raw_mfcc_train.3.ark:186502
MHIT0_SX353 /home/sky/kaldi/egs/timit/s5/mfcc/raw_mfcc_train.6.ark:341901
FPAZ0_SX423 /home/sky/kaldi/egs/timit/s5/mfcc/raw_mfcc_train.3.ark:248698
FLMK0_SX315 /home/sky/kaldi/egs/timit/s5/mfcc/raw_mfcc_train.2.ark:1153599
MJMA0_SX145 /home/sky/kaldi/egs/timit/s5/mfcc/raw_mfcc_train.6.ark:1272104
FKFB0_SI978 /home/sky/kaldi/egs/timit/s5/mfcc/raw_mfcc_train.2.ark:573403
FDML0_SX159 /home/sky/kaldi/egs/timit/s5/mfcc/raw_mfcc_train.1.ark:958360
MGAW0_SX445 /home/sky/kaldi/egs/timit/s5/mfcc/raw_mfcc_train.6.ark:49498
MRVG0_SI1140 /home/sky/kaldi/egs/timit/s5/mfcc/raw_mfcc_train.9.ark:822047
FLMC0_SX112 /home/sky/kaldi/egs/timit/s5/mfcc/raw_mfcc_train.2.ark:1112278
FSGF0_SX207 /home/sky/kaldi/egs/timit/s5/mfcc/raw_mfcc_train.3.ark:703975
FPAD0_SX446 /home/sky/kaldi/egs/timit/s5/mfcc/raw_mfcc_train.3.ark:182726
MTKP0_SX393 /home/sky/kaldi/egs/timit/s5/mfcc/raw_mfcc_train.10.ark:545532
MKES0_SX263 /home/sky/kaldi/egs/timit/s5/mfcc/raw_mfcc_train.7.ark:601857
FSMM0_SI1314 /home/sky/kaldi/egs/timit/s5/mfcc/raw_mfcc_train.3.ark:1018610
MSAT1_SX173 /home/sky/kaldi/egs/timit/s5/mfcc/raw_mfcc_train.9.ark:1043418
MJBG0_SX152 /home/sky/kaldi/egs/timit/s5/mfcc/raw_mfcc_train.6.ark:645290
MDWH0_SX395 /home/sky/kaldi/egs/timit/s5/mfcc/raw_mfcc_train.5.ark:868361
MKDB0_SX152 /home/sky/kaldi/egs/timit/s5/mfcc/raw_mfcc_train.7.ark:494885
FJRP1_SX442 /home/sky/kaldi/egs/timit/s5/mfcc/raw_mfcc_train.2.ark:288906
MTJS0_SI1192 /home/sky/kaldi/egs/timit/s5/mfcc/raw_mfcc_train.10.ark:410528
FHLM0_SI930 /home/sky/kaldi/egs/timit/s5/mfcc/raw_mfcc_train.1.ark:1513796
MBAR0_SI1949 /home/sky/kaldi/egs/timit/s5/mfcc/raw_mfcc_train.4.ark:296989
FSMA0_SI1621 /home/sky/kaldi/egs/timit/s5/mfcc/raw_mfcc_train.3.ark:984116
MAFM0_SX309 /home/sky/kaldi/egs/timit/s5/mfcc/raw_mfcc_train.4.ark:87108
MCSS0_SI1380 /home/sky/kaldi/egs/timit/s5/mfcc/raw_mfcc_train.4.ark:1087244
MRLK0_SI843 /home/sky/kaldi/egs/timit/s5/mfcc/raw_mfcc_train.9.ark:391407
MBWP0_SI1531 /home/sky/kaldi/egs/timit/s5/mfcc/raw_mfcc_train.4.ark:656841
MBGT0_SI1341 /home/sky/kaldi/egs/timit/s5/mfcc/raw_mfcc_train.4.ark:410660
MESG0_SI1962 /home/sky/kaldi/egs/timit/s5/mfcc/raw_mfcc_train.5.ark:1094765
MWGR0_SX256 /home/sky/kaldi/egs/timit/s5/mfcc/raw_mfcc_train.10.ark:1335431
FSSB0_SX272 /home/sky/kaldi/egs/timit/s5/mfcc/raw_mfcc_train.3.ark:1169070
MMEA0_SI1388 /home/sky/kaldi/egs/timit/s5/mfcc/raw_mfcc_train.7.ark:1472239
FAJW0_SI1263 /home/sky/kaldi/egs/timit/s5/mfcc/raw_mfcc_train.1.ark:32804
FDML0_SX429 /home/sky/kaldi/egs/timit/s5/mfcc/raw_mfcc_train.1.ark:968352
MDSS1_SX427 /home/sky/kaldi/egs/timit/s5/mfcc/raw_mfcc_train.5.ark:770657
MJPM1_SX41 /home/sky/kaldi/egs/timit/s5/mfcc/raw_mfcc_train.6.ark:1435151
MDEF0_SI2193 /home/sky/kaldi/egs/timit/s5/mfcc/raw_mfcc_train.5.ark:10208
MHIT0_SX443 /home/sky/kaldi/egs/timit/s5/mfcc/raw_mfcc_train.6.ark:346042
MTAB0_SX312 /home/sky/kaldi/egs/timit/s5/mfcc/raw_mfcc_train.10.ark:68258
FPAC0_SI1921 /home/sky/kaldi/egs/timit/s5/mfcc/raw_mfcc_train.3.ark:119459
MDMA0_SI2060 /home/sky/kaldi/egs/timit/s5/mfcc/raw_mfcc_train.5.ark:466956
MSAS0_SX386 /home/sky/kaldi/egs/timit/s5/mfcc/raw_mfcc_train.9.ark:1003004
FCJS0_SI2237 /home/sky/kaldi/egs/timit/s5/mfcc/raw_mfcc_train.1.ark:565161
MRAM0_SI1275 /home/sky/kaldi/egs/timit/s5/mfcc/raw_mfcc_train.8.ark:1029863
MEGJ0_SX3 /home/sky/kaldi/egs/timit/s5/mfcc/raw_mfcc_train.5.ark:1018741
MARW0_SX16 /home/sky/kaldi/egs/timit/s5/mfcc/raw_mfcc_train.4.ark:271810
MRPC1_SX42 /home/sky/kaldi/egs/timit/s5/mfcc/raw_mfcc_train.9.ark:631213
MWAD0_SX252 /home/sky/kaldi/egs/timit/s5/mfcc/raw_mfcc_train.10.ark:1181171
MRSP0_SX196 /home/sky/kaldi/egs/timit/s5/mfcc/raw_mfcc_train.9.ark:730840
MJXA0_SI877 /home/sky/kaldi/egs/timit/s5/mfcc/raw_mfcc_train.7.ark:298341
MJLG1_SX382 /home/sky/kaldi/egs/timit/s5/mfcc/raw_mfcc_train.6.ark:1220160
MEFG0_SX15 /home/sky/kaldi/egs/timit/s5/mfcc/raw_mfcc_train.5.ark:979210
FKAA0_SI1208 /home/sky/kaldi/egs/timit/s5/mfcc/raw_mfcc_train.2.ark:460636
MCTM0_SX360 /home/sky/kaldi/egs/timit/s5/mfcc/raw_mfcc_train.4.ark:1173362
MPRT0_SI1210 /home/sky/kaldi/egs/timit/s5/mfcc/raw_mfcc_train.8.ark:874008
MZMB0_SI1796 /home/sky/kaldi/egs/timit/s5/mfcc/raw_mfcc_train.10.ark:1486883
MEDR0_SX384 /home/sky/kaldi/egs/timit/s5/mfcc/raw_mfcc_train.5.ark:957440
FEME0_SX335 /home/sky/kaldi/egs/timit/s5/mfcc/raw_mfcc_train.1.ark:1281197
MDEF0_SX303 /home/sky/kaldi/egs/timit/s5/mfcc/raw_mfcc_train.5.ark:20538
MJWG0_SX85 /home/sky/kaldi/egs/timit/s5/mfcc/raw_mfcc_train.7.ark:215394
FSAK0_SI1300 /home/sky/kaldi/egs/timit/s5/mfcc/raw_mfcc_train.3.ark:519866
MJWG0_SX445 /home/sky/kaldi/egs/timit/s5/mfcc/raw_mfcc_train.7.ark:212086
MRHL0_SX435 /home/sky/kaldi/egs/timit/s5/mfcc/raw_mfcc_train.9.ark:68985
FSLS0_SX426 /home/sky/kaldi/egs/timit/s5/mfcc/raw_mfcc_train.3.ark:975886
MDLB0_SI676 /home/sky/kaldi/egs/timit/s5/mfcc/raw_mfcc_train.5.ark:206785
MMLM0_SX267 /home/sky/kaldi/egs/timit/s5/mfcc/raw_mfcc_train.8.ark:144707
FECD0_SX68 /home/sky/kaldi/egs/timit/s5/mfcc/raw_mfcc_train.1.ark:1221946
MEGJ0_SX257 /home/sky/kaldi/egs/timit/s5/mfcc/raw_mfcc_train.5.ark:1016097
FSDJ0_SX125 /home/sky/kaldi/egs/timit/s5/mfcc/raw_mfcc_train.3.ark:668005
MGAW0_SX355 /home/sky/kaldi/egs/timit/s5/mfcc/raw_mfcc_train.6.ark:46696
MJFH0_SI1107 /home/sky/kaldi/egs/timit/s5/mfcc/raw_mfcc_train.6.ark:934681
FLJD0_SX436 /home/sky/kaldi/egs/timit/s5/mfcc/raw_mfcc_train.2.ark:990340
MKES0_SX353 /home/sky/kaldi/egs/timit/s5/mfcc/raw_mfcc_train.7.ark:605166
MJWS0_SX243 /home/sky/kaldi/egs/timit/s5/mfcc/raw_mfcc_train.7.ark:234866
MDHS0_SI1530 /home/sky/kaldi/egs/timit/s5/mfcc/raw_mfcc_train.5.ark:101389
MBGT0_SI1841 /home/sky/kaldi/egs/timit/s5/mfcc/raw_mfcc_train.4.ark:412982
MKRG0_SX31 /home/sky/kaldi/egs/timit/s5/mfcc/raw_mfcc_train.7.ark:827828
FKLC0_SI1615 /home/sky/kaldi/egs/timit/s5/mfcc/raw_mfcc_train.2.ark:637254
FMJF0_SX264 /home/sky/kaldi/egs/timit/s5/mfcc/raw_mfcc_train.2.ark:1378345
FBJL0_SI1552 /home/sky/kaldi/egs/timit/s5/mfcc/raw_mfcc_train.1.ark:274856
MSRG0_SX141 /home/sky/kaldi/egs/timit/s5/mfcc/raw_mfcc_train.9.ark:1449821
MAEB0_SX360 /home/sky/kaldi/egs/timit/s5/mfcc/raw_mfcc_train.4.ark:28272
MHMR0_SI489 /home/sky/kaldi/egs/timit/s5/mfcc/raw_mfcc_train.6.ark:418401
MAKB0_SI2276 /home/sky/kaldi/egs/timit/s5/mfcc/raw_mfcc_train.4.ark:146002
MMWS0_SI888 /home/sky/kaldi/egs/timit/s5/mfcc/raw_mfcc_train.8.ark:348186
MJJM0_SX197 /home/sky/kaldi/egs/timit/s5/mfcc/raw_mfcc_train.6.ark:1119471
MRAB0_SX414 /home/sky/kaldi/egs/timit/s5/mfcc/raw_mfcc_train.8.ark:953035
MMXS0_SX336 /home/sky/kaldi/egs/timit/s5/mfcc/raw_mfcc_train.8.ark:416466
MCAE0_SX187 /home/sky/kaldi/egs/timit/s5/mfcc/raw_mfcc_train.4.ark:710623
FJXM0_SX221 /home/sky/kaldi/egs/timit/s5/mfcc/raw_mfcc_train.2.ark:409032
MDWH0_SI1925 /home/sky/kaldi/egs/timit/s5/mfcc/raw_mfcc_train.5.ark:841787
FJDM2_SI1964 /home/sky/kaldi/egs/timit/s5/mfcc/raw_mfcc_train.2.ark:27961
MJRA0_SI1236 /home/sky/kaldi/egs/timit/s5/mfcc/raw_mfcc_train.6.ark:1440086
FSDJ0_SI1115 /home/sky/kaldi/egs/timit/s5/mfcc/raw_mfcc_train.3.ark:655932
MBEF0_SI1281 /home/sky/kaldi/egs/timit/s5/mfcc/raw_mfcc_train.4.ark:384252
MVLO0_SX337 /home/sky/kaldi/egs/timit/s5/mfcc/raw_mfcc_train.10.ark:1090903
MEFG0_SI465 /home/sky/kaldi/egs/timit/s5/mfcc/raw_mfcc_train.5.ark:960086
MRWS0_SX112 /home/sky/kaldi/egs/timit/s5/mfcc/raw_mfcc_train.9.ark:893449
MFER0_SI862 /home/sky/kaldi/egs/timit/s5/mfcc/raw_mfcc_train.5.ark:1183809
MPGH0_SX24 /home/sky/kaldi/egs/timit/s5/mfcc/raw_mfcc_train.8.ark:603706
MADC0_SX107 /home/sky/kaldi/egs/timit/s5/mfcc/raw_mfcc_train.3.ark:1479266
FTAJ0_SX339 /home/sky/kaldi/egs/timit/s5/mfcc/raw_mfcc_train.3.ark:1204233
MBCG0_SI2217 /home/sky/kaldi/egs/timit/s5/mfcc/raw_mfcc_train.4.ark:353984
MRCG0_SX78 /home/sky/kaldi/egs/timit/s5/mfcc/raw_mfcc_train.8.ark:1156575
FJRB0_SX402 /home/sky/kaldi/egs/timit/s5/mfcc/raw_mfcc_train.2.ark:247418
FKSR0_SX397 /home/sky/kaldi/egs/timit/s5/mfcc/raw_mfcc_train.2.ark:764485
MJXL0_SI1172 /home/sky/kaldi/egs/timit/s5/mfcc/raw_mfcc_train.7.ark:320210
FCAJ0_SX309 /home/sky/kaldi/egs/timit/s5/mfcc/raw_mfcc_train.1.ark:457191
MTDB0_SI2031 /home/sky/kaldi/egs/timit/s5/mfcc/raw_mfcc_train.10.ark:246672
MRWA0_SX163 /home/sky/kaldi/egs/timit/s5/mfcc/raw_mfcc_train.9.ark:862231
FEAR0_SX172 /home/sky/kaldi/egs/timit/s5/mfcc/raw_mfcc_train.1.ark:1164844
MKAG0_SX79 /home/sky/kaldi/egs/timit/s5/mfcc/raw_mfcc_train.7.ark:384418
MWRP0_SX273 /home/sky/kaldi/egs/timit/s5/mfcc/raw_mfcc_train.10.ark:1400885
MJLB0_SX86 /home/sky/kaldi/egs/timit/s5/mfcc/raw_mfcc_train.6.ark:1191138
MCDD0_SI2143 /home/sky/kaldi/egs/timit/s5/mfcc/raw_mfcc_train.4.ark:797254
MMWS0_SX258 /home/sky/kaldi/egs/timit/s5/mfcc/raw_mfcc_train.8.ark:355649
MMEB0_SX367 /home/sky/kaldi/egs/timit/s5/mfcc/raw_mfcc_train.8.ark:12
FDNC0_SX378 /home/sky/kaldi/egs/timit/s5/mfcc/raw_mfcc_train.1.ark:1052699
MBMA0_SX322 /home/sky/kaldi/egs/timit/s5/mfcc/raw_mfcc_train.4.ark:494621
MEWM0_SX448 /home/sky/kaldi/egs/timit/s5/mfcc/raw_mfcc_train.5.ark:1172457
MSTF0_SX46 /home/sky/kaldi/egs/timit/s5/mfcc/raw_mfcc_train.10.ark:11
MFWK0_SX259 /home/sky/kaldi/egs/timit/s5/mfcc/raw_mfcc_train.5.ark:1285954
MKDT0_SI814 /home/sky/kaldi/egs/timit/s5/mfcc/raw_mfcc_train.7.ark:551521
MRWS0_SX292 /home/sky/kaldi/egs/timit/s5/mfcc/raw_mfcc_train.9.ark:901841
MPRT0_SX400 /home/sky/kaldi/egs/timit/s5/mfcc/raw_mfcc_train.8.ark:899822
MMDG0_SX340 /home/sky/kaldi/egs/timit/s5/mfcc/raw_mfcc_train.7.ark:1369087
MMDS0_SI713 /home/sky/kaldi/egs/timit/s5/mfcc/raw_mfcc_train.7.ark:1453139
FCJS0_SI977 /home/sky/kaldi/egs/timit/s5/mfcc/raw_mfcc_train.1.ark:567365
MCRE0_SI1725 /home/sky/kaldi/egs/timit/s5/mfcc/raw_mfcc_train.4.ark:1060350
FGCS0_SI1486 /home/sky/kaldi/egs/timit/s5/mfcc/raw_mfcc_train.1.ark:1364520
FTBW0_SX355 /home/sky/kaldi/egs/timit/s5/mfcc/raw_mfcc_train.3.ark:1267163
MDCD0_SX65 /home/sky/kaldi/egs/timit/s5/mfcc/raw_mfcc_train.4.ark:1373005
MJLB0_SX356 /home/sky/kaldi/egs/timit/s5/mfcc/raw_mfcc_train.6.ark:1184079
MKLR0_SI2319 /home/sky/kaldi/egs/timit/s5/mfcc/raw_mfcc_train.7.ark:685683
FVKB0_SX349 /home/sky/kaldi/egs/timit/s5/mfcc/raw_mfcc_train.3.ark:1390462
MWRP0_SX93 /home/sky/kaldi/egs/timit/s5/mfcc/raw_mfcc_train.10.ark:1411511
FJSP0_SX354 /home/sky/kaldi/egs/timit/s5/mfcc/raw_mfcc_train.2.ark:351206
MMCC0_SX438 /home/sky/kaldi/egs/timit/s5/mfcc/raw_mfcc_train.7.ark:1308920
MJDM0_SI974 /home/sky/kaldi/egs/timit/s5/mfcc/raw_mfcc_train.6.ark:809408
MBCG0_SI957 /home/sky/kaldi/egs/timit/s5/mfcc/raw_mfcc_train.4.ark:359913
MPAR0_SI946 /home/sky/kaldi/egs/timit/s5/mfcc/raw_mfcc_train.8.ark:499867
MBWP0_SX79 /home/sky/kaldi/egs/timit/s5/mfcc/raw_mfcc_train.4.ark:686075
MTKP0_SX33 /home/sky/kaldi/egs/timit/s5/mfcc/raw_mfcc_train.10.ark:542119
FDML0_SI2075 /home/sky/kaldi/egs/timit/s5/mfcc/raw_mfcc_train.1.ark:956169
MJRH0_SI1755 /home/sky/kaldi/egs/timit/s5/mfcc/raw_mfcc_train.7.ark:20601
FDMY0_SI1197 /home/sky/kaldi/egs/timit/s5/mfcc/raw_mfcc_train.1.ark:975503
FCAG0_SX423 /home/sky/kaldi/egs/timit/s5/mfcc/raw_mfcc_train.1.ark:431921
MMAG0_SX406 /home/sky/kaldi/egs/timit/s5/mfcc/raw_mfcc_train.7.ark:1171710
MWGR0_SX76 /home/sky/kaldi/egs/timit/s5/mfcc/raw_mfcc_train.10.ark:1346189
MJJM0_SI1457 /home/sky/kaldi/egs/timit/s5/mfcc/raw_mfcc_train.6.ark:1104689
MWGR0_SI2236 /home/sky/kaldi/egs/timit/s5/mfcc/raw_mfcc_train.10.ark:1322020
FSMS1_SX244 /home/sky/kaldi/egs/timit/s5/mfcc/raw_mfcc_train.3.ark:1069201
MPGH0_SI1554 /home/sky/kaldi/egs/timit/s5/mfcc/raw_mfcc_train.8.ark:583847
FDKN0_SI1202 /home/sky/kaldi/egs/timit/s5/mfcc/raw_mfcc_train.1.ark:914854
MJRA0_SX66 /home/sky/kaldi/egs/timit/s5/mfcc/raw_mfcc_train.6.ark:1469125
MSAH1_SI2309 /home/sky/kaldi/egs/timit/s5/mfcc/raw_mfcc_train.9.ark:948261
MMBS0_SX161 /home/sky/kaldi/egs/timit/s5/mfcc/raw_mfcc_train.7.ark:1261002
MABC0_SX421 /home/sky/kaldi/egs/timit/s5/mfcc/raw_mfcc_train.3.ark:1456155
FSPM0_SI1241 /home/sky/kaldi/egs/timit/s5/mfcc/raw_mfcc_train.3.ark:1085752
MGXP0_SX7 /home/sky/kaldi/egs/timit/s5/mfcc/raw_mfcc_train.6.ark:283970
MRGM0_SX172 /home/sky/kaldi/egs/timit/s5/mfcc/raw_mfcc_train.8.ark:1495268
MRTC0_SI828 /home/sky/kaldi/egs/timit/s5/mfcc/raw_mfcc_train.9.ark:756766
MBTH0_SI757 /home/sky/kaldi/egs/timit/s5/mfcc/raw_mfcc_train.4.ark:632788
MRJM0_SI1095 /home/sky/kaldi/egs/timit/s5/mfcc/raw_mfcc_train.9.ark:153288
MRAB0_SX324 /home/sky/kaldi/egs/timit/s5/mfcc/raw_mfcc_train.8.ark:947854
MMWS1_SI2331 /home/sky/kaldi/egs/timit/s5/mfcc/raw_mfcc_train.8.ark:380237
MRGS0_SI726 /home/sky/kaldi/egs/timit/s5/mfcc/raw_mfcc_train.9.ark:19086
FPAF0_SX64 /home/sky/kaldi/egs/timit/s5/mfcc/raw_mfcc_train.3.ark:219307
MAKR0_SI722 /home/sky/kaldi/egs/timit/s5/mfcc/raw_mfcc_train.4.ark:179144
FJLR0_SX421 /home/sky/kaldi/egs/timit/s5/mfcc/raw_mfcc_train.2.ark:216083
FREH0_SI1315 /home/sky/kaldi/egs/timit/s5/mfcc/raw_mfcc_train.3.ark:356171
FCJF0_SX37 /home/sky/kaldi/egs/timit/s5/mfcc/raw_mfcc_train.1.ark:556402
FKKH0_SX30 /home/sky/kaldi/egs/timit/s5/mfcc/raw_mfcc_train.2.ark:626910
MSDH0_SI980 /home/sky/kaldi/egs/timit/s5/mfcc/raw_mfcc_train.9.ark:1090313
MRTJ0_SX232 /home/sky/kaldi/egs/timit/s5/mfcc/raw_mfcc_train.9.ark:802350
MMLM0_SX447 /home/sky/kaldi/egs/timit/s5/mfcc/raw_mfcc_train.8.ark:152820
MAFM0_SI1569 /home/sky/kaldi/egs/timit/s5/mfcc/raw_mfcc_train.4.ark:70692
MJFH0_SX117 /home/sky/kaldi/egs/timit/s5/mfcc/raw_mfcc_train.6.ark:946676
MFXV0_SI1005 /home/sky/kaldi/egs/timit/s5/mfcc/raw_mfcc_train.5.ark:1334582
MBML0_SX89 /home/sky/kaldi/egs/timit/s5/mfcc/raw_mfcc_train.4.ark:566586
MRRE0_SI952 /home/sky/kaldi/egs/timit/s5/mfcc/raw_mfcc_train.9.ark:645275
MBOM0_SI1644 /home/sky/kaldi/egs/timit/s5/mfcc/raw_mfcc_train.4.ark:574948
MLSH0_SI2047 /home/sky/kaldi/egs/timit/s5/mfcc/raw_mfcc_train.7.ark:1045989
FTLG0_SX33 /home/sky/kaldi/egs/timit/s5/mfcc/raw_mfcc_train.3.ark:1304574
MDAC0_SI1261 /home/sky/kaldi/egs/timit/s5/mfcc/raw_mfcc_train.4.ark:1216093
MDNS0_SI873 /home/sky/kaldi/egs/timit/s5/mfcc/raw_mfcc_train.5.ark:536958
MPRB0_SI575 /home/sky/kaldi/egs/timit/s5/mfcc/raw_mfcc_train.8.ark:770580
MCXM0_SI1981 /home/sky/kaldi/egs/timit/s5/mfcc/raw_mfcc_train.4.ark:1187990
MBJV0_SI617 /home/sky/kaldi/egs/timit/s5/mfcc/raw_mfcc_train.4.ark:452254
MJAE0_SX444 /home/sky/kaldi/egs/timit/s5/mfcc/raw_mfcc_train.6.ark:592625
MSAH1_SX59 /home/sky/kaldi/egs/timit/s5/mfcc/raw_mfcc_train.9.ark:967405
FNTB0_SX393 /home/sky/kaldi/egs/timit/s5/mfcc/raw_mfcc_train.3.ark:78795
MEWM0_SX178 /home/sky/kaldi/egs/timit/s5/mfcc/raw_mfcc_train.5.ark:1160424
MADC0_SI1367 /home/sky/kaldi/egs/timit/s5/mfcc/raw_mfcc_train.3.ark:1462708
MGRL0_SX327 /home/sky/kaldi/egs/timit/s5/mfcc/raw_mfcc_train.6.ark:136022
FMPG0_SX162 /home/sky/kaldi/egs/timit/s5/mfcc/raw_mfcc_train.2.ark:1545202
