MGXP0_SI1087 /home/sky/kaldi/egs/timit/s5/mfcc/raw_mfcc_train.6.ark:256383
MREE0_SX384 /home/sky/kaldi/egs/timit/s5/mfcc/raw_mfcc_train.8.ark:1311432
MRTC0_SI1458 /home/sky/kaldi/egs/timit/s5/mfcc/raw_mfcc_train.9.ark:745610
MMCC0_SX78 /home/sky/kaldi/egs/timit/s5/mfcc/raw_mfcc_train.7.ark:1314113
MTCS0_SI712 /home/sky/kaldi/egs/timit/s5/mfcc/raw_mfcc_train.10.ark:213108
FCMG0_SX72 /home/sky/kaldi/egs/timit/s5/mfcc/raw_mfcc_train.1.ark:685572
FNKL0_SI2152 /home/sky/kaldi/egs/timit/s5/mfcc/raw_mfcc_train.3.ark:23084
FEME0_SI2135 /home/sky/kaldi/egs/timit/s5/mfcc/raw_mfcc_train.1.ark:1263398
MDSS1_SX157 /home/sky/kaldi/egs/timit/s5/mfcc/raw_mfcc_train.5.ark:759690
FMKF0_SX276 /home/sky/kaldi/egs/timit/s5/mfcc/raw_mfcc_train.2.ark:1480567
MRAM0_SX195 /home/sky/kaldi/egs/timit/s5/mfcc/raw_mfcc_train.8.ark:1050699
MSDB0_SI1637 /home/sky/kaldi/egs/timit/s5/mfcc/raw_mfcc_train.9.ark:1068109
MPMB0_SX421 /home/sky/kaldi/egs/timit/s5/mfcc/raw_mfcc_train.8.ark:713931
MJEE0_SI1237 /home/sky/kaldi/egs/timit/s5/mfcc/raw_mfcc_train.6.ark:902670
MJLS0_SI466 /home/sky/kaldi/egs/timit/s5/mfcc/raw_mfcc_train.6.ark:1235965
MBGT0_SX351 /home/sky/kaldi/egs/timit/s5/mfcc/raw_mfcc_train.4.ark:432679
FSBK0_SX349 /home/sky/kaldi/egs/timit/s5/mfcc/raw_mfcc_train.3.ark:570595
FSJW0_SX253 /home/sky/kaldi/egs/timit/s5/mfcc/raw_mfcc_train.3.ark:842315
MDSS1_SX427 /home/sky/kaldi/egs/timit/s5/mfcc/raw_mfcc_train.5.ark:770657
FJDM2_SX142 /home/sky/kaldi/egs/timit/s5/mfcc/raw_mfcc_train.2.ark:36426
FDTD0_SX321 /home/sky/kaldi/egs/timit/s5/mfcc/raw_mfcc_train.1.ark:1083053
MDHL0_SX449 /home/sky/kaldi/egs/timit/s5/mfcc/raw_mfcc_train.5.ark:93029
MDBP0_SX168 /home/sky/kaldi/egs/timit/s5/mfcc/raw_mfcc_train.4.ark:1323313
FCDR1_SI1816 /home/sky/kaldi/egs/timit/s5/mfcc/raw_mfcc_train.1.ark:475758
MBJV0_SX167 /home/sky/kaldi/egs/timit/s5/mfcc/raw_mfcc_train.4.ark:456538
MPEB0_SI1860 /home/sky/kaldi/egs/timit/s5/mfcc/raw_mfcc_train.8.ark:522628
MWRE0_SX337 /home/sky/kaldi/egs/timit/s5/mfcc/raw_mfcc_train.10.ark:1369894
FEAR0_SX352 /home/sky/kaldi/egs/timit/s5/mfcc/raw_mfcc_train.1.ark:1172658
MMVP0_SX114 /home/sky/kaldi/egs/timit/s5/mfcc/raw_mfcc_train.8.ark:276722
MRMG0_SI1080 /home/sky/kaldi/egs/timit/s5/mfcc/raw_mfcc_train.9.ark:473723
MDHS0_SI1530 /home/sky/kaldi/egs/timit/s5/mfcc/raw_mfcc_train.5.ark:101389
MSDS0_SX177 /home/sky/kaldi/egs/timit/s5/mfcc/raw_mfcc_train.9.ark:1136372
FHLM0_SX210 /home/sky/kaldi/egs/timit/s5/mfcc/raw_mfcc_train.1.ark:1523261
MJJB0_SI1139 /home/sky/kaldi/egs/timit/s5/mfcc/raw_mfcc_train.6.ark:1028555
MBSB0_SX3 /home/sky/kaldi/egs/timit/s5/mfcc/raw_mfcc_train.4.ark:614826
FSAH0_SX74 /home/sky/kaldi/egs/timit/s5/mfcc/raw_mfcc_train.3.ark:516296
MREM0_SX61 /home/sky/kaldi/egs/timit/s5/mfcc/raw_mfcc_train.8.ark:1380172
MHJB0_SI2277 /home/sky/kaldi/egs/timit/s5/mfcc/raw_mfcc_train.6.ark:360372
MTAT0_SI1740 /home/sky/kaldi/egs/timit/s5/mfcc/raw_mfcc_train.10.ark:113649
MHBS0_SX225 /home/sky/kaldi/egs/timit/s5/mfcc/raw_mfcc_train.6.ark:308544
MREM0_SX151 /home/sky/kaldi/egs/timit/s5/mfcc/raw_mfcc_train.8.ark:1364896
MLNS0_SX57 /home/sky/kaldi/egs/timit/s5/mfcc/raw_mfcc_train.7.ark:1037185
MCHL0_SI1404 /home/sky/kaldi/egs/timit/s5/mfcc/raw_mfcc_train.4.ark:937687
MRAB1_SI848 /home/sky/kaldi/egs/timit/s5/mfcc/raw_mfcc_train.8.ark:969067
FBMJ0_SX246 /home/sky/kaldi/egs/timit/s5/mfcc/raw_mfcc_train.1.ark:392940
MGSL0_SI797 /home/sky/kaldi/egs/timit/s5/mfcc/raw_mfcc_train.6.ark:228248
FSMS1_SI874 /home/sky/kaldi/egs/timit/s5/mfcc/raw_mfcc_train.3.ark:1061218
MBWP0_SX79 /home/sky/kaldi/egs/timit/s5/mfcc/raw_mfcc_train.4.ark:686075
FKFB0_SX258 /home/sky/kaldi/egs/timit/s5/mfcc/raw_mfcc_train.2.ark:581308
MTER0_SX257 /home/sky/kaldi/egs/timit/s5/mfcc/raw_mfcc_train.10.ark:333953
MEJL0_SX332 /home/sky/kaldi/egs/timit/s5/mfcc/raw_mfcc_train.5.ark:1047593
MREW1_SI2130 /home/sky/kaldi/egs/timit/s5/mfcc/raw_mfcc_train.8.ark:1387663
MEFG0_SI491 /home/sky/kaldi/egs/timit/s5/mfcc/raw_mfcc_train.5.ark:963811
MDLR0_SX423 /home/sky/kaldi/egs/timit/s5/mfcc/raw_mfcc_train.5.ark:416793
MHMG0_SI735 /home/sky/kaldi/egs/timit/s5/mfcc/raw_mfcc_train.6.ark:386585
FLOD0_SX387 /home/sky/kaldi/egs/timit/s5/mfcc/raw_mfcc_train.2.ark:1190720
MJJJ0_SI533 /home/sky/kaldi/egs/timit/s5/mfcc/raw_mfcc_train.6.ark:1072529
MPGH0_SX294 /home/sky/kaldi/egs/timit/s5/mfcc/raw_mfcc_train.8.ark:606313
MGAG0_SX61 /home/sky/kaldi/egs/timit/s5/mfcc/raw_mfcc_train.5.ark:1419921
MREH1_SI2229 /home/sky/kaldi/egs/timit/s5/mfcc/raw_mfcc_train.8.ark:1321055
MRCG0_SX258 /home/sky/kaldi/egs/timit/s5/mfcc/raw_mfcc_train.8.ark:1140292
FSLS0_SX202 /home/sky/kaldi/egs/timit/s5/mfcc/raw_mfcc_train.3.ark:969905
MRWA0_SX253 /home/sky/kaldi/egs/timit/s5/mfcc/raw_mfcc_train.9.ark:865943
MKDT0_SX173 /home/sky/kaldi/egs/timit/s5/mfcc/raw_mfcc_train.7.ark:561350
MDSS1_SI1327 /home/sky/kaldi/egs/timit/s5/mfcc/raw_mfcc_train.5.ark:748124
MMWB0_SX89 /home/sky/kaldi/egs/timit/s5/mfcc/raw_mfcc_train.8.ark:337036
MSRR0_SI501 /home/sky/kaldi/egs/timit/s5/mfcc/raw_mfcc_train.9.ark:1476495
FDML0_SX159 /home/sky/kaldi/egs/timit/s5/mfcc/raw_mfcc_train.1.ark:958360
FSCN0_SX356 /home/sky/kaldi/egs/timit/s5/mfcc/raw_mfcc_train.3.ark:613265
MMBS0_SX251 /home/sky/kaldi/egs/timit/s5/mfcc/raw_mfcc_train.7.ark:1266677
FJSK0_SX152 /home/sky/kaldi/egs/timit/s5/mfcc/raw_mfcc_train.2.ark:310393
MRXB0_SX415 /home/sky/kaldi/egs/timit/s5/mfcc/raw_mfcc_train.9.ark:935296
FSDC0_SI2234 /home/sky/kaldi/egs/timit/s5/mfcc/raw_mfcc_train.3.ark:635142
FSMS1_SI1504 /home/sky/kaldi/egs/timit/s5/mfcc/raw_mfcc_train.3.ark:1053481
MBAR0_SX329 /home/sky/kaldi/egs/timit/s5/mfcc/raw_mfcc_train.4.ark:312409
MSAT1_SX83 /home/sky/kaldi/egs/timit/s5/mfcc/raw_mfcc_train.9.ark:1059422
MHBS0_SI1575 /home/sky/kaldi/egs/timit/s5/mfcc/raw_mfcc_train.6.ark:291550
MKAJ0_SI1414 /home/sky/kaldi/egs/timit/s5/mfcc/raw_mfcc_train.7.ark:421390
FJXP0_SX312 /home/sky/kaldi/egs/timit/s5/mfcc/raw_mfcc_train.2.ark:448980
MRJM0_SI1095 /home/sky/kaldi/egs/timit/s5/mfcc/raw_mfcc_train.9.ark:153288
MDPB0_SX416 /home/sky/kaldi/egs/timit/s5/mfcc/raw_mfcc_train.5.ark:586729
MKES0_SX353 /home/sky/kaldi/egs/timit/s5/mfcc/raw_mfcc_train.7.ark:605166
MTMN0_SX434 /home/sky/kaldi/egs/timit/s5/mfcc/raw_mfcc_train.10.ark:673415
MKAG0_SX30 /home/sky/kaldi/egs/timit/s5/mfcc/raw_mfcc_train.7.ark:377021
FLAC0_SI901 /home/sky/kaldi/egs/timit/s5/mfcc/raw_mfcc_train.2.ark:776936
MGAW0_SX175 /home/sky/kaldi/egs/timit/s5/mfcc/raw_mfcc_train.6.ark:38271
MKXL0_SI1815 /home/sky/kaldi/egs/timit/s5/mfcc/raw_mfcc_train.7.ark:840168
MMCC0_SX258 /home/sky/kaldi/egs/timit/s5/mfcc/raw_mfcc_train.7.ark:1300664
MRGM0_SI532 /home/sky/kaldi/egs/timit/s5/mfcc/raw_mfcc_train.8.ark:1488917
MFWK0_SX79 /home/sky/kaldi/egs/timit/s5/mfcc/raw_mfcc_train.5.ark:1299754
MHJB0_SX297 /home/sky/kaldi/egs/timit/s5/mfcc/raw_mfcc_train.6.ark:373490
MPRT0_SX220 /home/sky/kaldi/egs/timit/s5/mfcc/raw_mfcc_train.8.ark:888310
FLJA0_SI2338 /home/sky/kaldi/egs/timit/s5/mfcc/raw_mfcc_train.2.ark:939438
MRFL0_SX76 /home/sky/kaldi/egs/timit/s5/mfcc/raw_mfcc_train.8.ark:1475361
FMKF0_SX6 /home/sky/kaldi/egs/timit/s5/mfcc/raw_mfcc_train.2.ark:1489016
MCXM0_SX91 /home/sky/kaldi/egs/timit/s5/mfcc/raw_mfcc_train.4.ark:1212640
FBMH0_SI970 /home/sky/kaldi/egs/timit/s5/mfcc/raw_mfcc_train.1.ark:351582
MTAT0_SX390 /home/sky/kaldi/egs/timit/s5/mfcc/raw_mfcc_train.10.ark:135959
MSVS0_SI2198 /home/sky/kaldi/egs/timit/s5/mfcc/raw_mfcc_train.10.ark:6995
MRJB1_SI1020 /home/sky/kaldi/egs/timit/s5/mfcc/raw_mfcc_train.9.ark:76643
MREW1_SI870 /home/sky/kaldi/egs/timit/s5/mfcc/raw_mfcc_train.8.ark:1389503
MRXB0_SI1585 /home/sky/kaldi/egs/timit/s5/mfcc/raw_mfcc_train.9.ark:909929
FJLG0_SI2306 /home/sky/kaldi/egs/timit/s5/mfcc/raw_mfcc_train.2.ark:168223
FEXM0_SX381 /home/sky/kaldi/egs/timit/s5/mfcc/raw_mfcc_train.1.ark:1360924
FDNC0_SX288 /home/sky/kaldi/egs/timit/s5/mfcc/raw_mfcc_train.1.ark:1047609
MBML0_SX449 /home/sky/kaldi/egs/timit/s5/mfcc/raw_mfcc_train.4.ark:562394
MCTM0_SI1980 /home/sky/kaldi/egs/timit/s5/mfcc/raw_mfcc_train.4.ark:1158059
MJXL0_SX362 /home/sky/kaldi/egs/timit/s5/mfcc/raw_mfcc_train.7.ark:339772
FCEG0_SI1878 /home/sky/kaldi/egs/timit/s5/mfcc/raw_mfcc_train.1.ark:514620
FPLS0_SX60 /home/sky/kaldi/egs/timit/s5/mfcc/raw_mfcc_train.3.ark:314584
FKAA0_SX128 /home/sky/kaldi/egs/timit/s5/mfcc/raw_mfcc_train.2.ark:473450
FCJS0_SX167 /home/sky/kaldi/egs/timit/s5/mfcc/raw_mfcc_train.1.ark:571233
MJRK0_SI1662 /home/sky/kaldi/egs/timit/s5/mfcc/raw_mfcc_train.7.ark:81561
MTCS0_SX262 /home/sky/kaldi/egs/timit/s5/mfcc/raw_mfcc_train.10.ark:224003
MJRH0_SI1125 /home/sky/kaldi/egs/timit/s5/mfcc/raw_mfcc_train.7.ark:17174
MGAG0_SI1321 /home/sky/kaldi/egs/timit/s5/mfcc/raw_mfcc_train.5.ark:1394094
MBMA0_SX412 /home/sky/kaldi/egs/timit/s5/mfcc/raw_mfcc_train.4.ark:498112
MMAM0_SI1668 /home/sky/kaldi/egs/timit/s5/mfcc/raw_mfcc_train.7.ark:1185226
FBMH0_SX416 /home/sky/kaldi/egs/timit/s5/mfcc/raw_mfcc_train.1.ark:367197
MKAH0_SX448 /home/sky/kaldi/egs/timit/s5/mfcc/raw_mfcc_train.7.ark:412848
FNTB0_SX123 /home/sky/kaldi/egs/timit/s5/mfcc/raw_mfcc_train.3.ark:64858
MRLJ0_SX160 /home/sky/kaldi/egs/timit/s5/mfcc/raw_mfcc_train.9.ark:334580
MGRP0_SI1947 /home/sky/kaldi/egs/timit/s5/mfcc/raw_mfcc_train.6.ark:155668
MDRD0_SI752 /home/sky/kaldi/egs/timit/s5/mfcc/raw_mfcc_train.5.ark:659620
FNTB0_SI679 /home/sky/kaldi/egs/timit/s5/mfcc/raw_mfcc_train.3.ark:58273
MKAJ0_SX244 /home/sky/kaldi/egs/timit/s5/mfcc/raw_mfcc_train.7.ark:435836
FSRH0_SX401 /home/sky/kaldi/egs/timit/s5/mfcc/raw_mfcc_train.3.ark:1143988
MBCG0_SX237 /home/sky/kaldi/egs/timit/s5/mfcc/raw_mfcc_train.4.ark:369079
MMDS0_SX83 /home/sky/kaldi/egs/timit/s5/mfcc/raw_mfcc_train.7.ark:1469124
MKDD0_SX37 /home/sky/kaldi/egs/timit/s5/mfcc/raw_mfcc_train.7.ark:540384
MWSB0_SX186 /home/sky/kaldi/egs/timit/s5/mfcc/raw_mfcc_train.10.ark:1427128
MTXS0_SX160 /home/sky/kaldi/egs/timit/s5/mfcc/raw_mfcc_train.10.ark:1016051
FSBK0_SX439 /home/sky/kaldi/egs/timit/s5/mfcc/raw_mfcc_train.3.ark:577245
MWAC0_SI2231 /home/sky/kaldi/egs/timit/s5/mfcc/raw_mfcc_train.10.ark:1135553
MTMN0_SI1064 /home/sky/kaldi/egs/timit/s5/mfcc/raw_mfcc_train.10.ark:645825
MRJM0_SX418 /home/sky/kaldi/egs/timit/s5/mfcc/raw_mfcc_train.9.ark:177252
MJEB0_SI1916 /home/sky/kaldi/egs/timit/s5/mfcc/raw_mfcc_train.6.ark:840554
MCSS0_SX390 /home/sky/kaldi/egs/timit/s5/mfcc/raw_mfcc_train.4.ark:1116906
MILB0_SI903 /home/sky/kaldi/egs/timit/s5/mfcc/raw_mfcc_train.6.ark:514692
FPAC0_SX121 /home/sky/kaldi/egs/timit/s5/mfcc/raw_mfcc_train.3.ark:135250
MDLR0_SX333 /home/sky/kaldi/egs/timit/s5/mfcc/raw_mfcc_train.5.ark:411248
MTJG0_SX170 /home/sky/kaldi/egs/timit/s5/mfcc/raw_mfcc_train.10.ark:355979
FJRB0_SX312 /home/sky/kaldi/egs/timit/s5/mfcc/raw_mfcc_train.2.ark:242081
FSKP0_SX18 /home/sky/kaldi/egs/timit/s5/mfcc/raw_mfcc_train.3.ark:937255
MDWM0_SI916 /home/sky/kaldi/egs/timit/s5/mfcc/raw_mfcc_train.5.ark:880877
MDLC1_SI1435 /home/sky/kaldi/egs/timit/s5/mfcc/raw_mfcc_train.5.ark:268283
MMDB0_SX267 /home/sky/kaldi/egs/timit/s5/mfcc/raw_mfcc_train.7.ark:1331947
MRJM0_SI1858 /home/sky/kaldi/egs/timit/s5/mfcc/raw_mfcc_train.9.ark:160025
FJHK0_SX212 /home/sky/kaldi/egs/timit/s5/mfcc/raw_mfcc_train.2.ark:113561
FBLV0_SX248 /home/sky/kaldi/egs/timit/s5/mfcc/raw_mfcc_train.1.ark:326566
MDJM0_SX195 /home/sky/kaldi/egs/timit/s5/mfcc/raw_mfcc_train.5.ark:151960
MGAG0_SI645 /home/sky/kaldi/egs/timit/s5/mfcc/raw_mfcc_train.5.ark:1399067
FKKH0_SI1290 /home/sky/kaldi/egs/timit/s5/mfcc/raw_mfcc_train.2.ark:602539
MBMA0_SI592 /home/sky/kaldi/egs/timit/s5/mfcc/raw_mfcc_train.4.ark:483719
MRFK0_SI1076 /home/sky/kaldi/egs/timit/s5/mfcc/raw_mfcc_train.8.ark:1414596
FDAW0_SX146 /home/sky/kaldi/egs/timit/s5/mfcc/raw_mfcc_train.1.ark:833823
MGAW0_SI1165 /home/sky/kaldi/egs/timit/s5/mfcc/raw_mfcc_train.6.ark:24547
MSTF0_SX46 /home/sky/kaldi/egs/timit/s5/mfcc/raw_mfcc_train.10.ark:11
MJLB0_SI986 /home/sky/kaldi/egs/timit/s5/mfcc/raw_mfcc_train.6.ark:1172930
MTJG0_SX440 /home/sky/kaldi/egs/timit/s5/mfcc/raw_mfcc_train.10.ark:370755
MRDM0_SX245 /home/sky/kaldi/egs/timit/s5/mfcc/raw_mfcc_train.8.ark:1238159
FKLH0_SI1887 /home/sky/kaldi/egs/timit/s5/mfcc/raw_mfcc_train.2.ark:710970
FSGF0_SX27 /home/sky/kaldi/egs/timit/s5/mfcc/raw_mfcc_train.3.ark:706893
FPAC0_SI1921 /home/sky/kaldi/egs/timit/s5/mfcc/raw_mfcc_train.3.ark:119459
FREH0_SX55 /home/sky/kaldi/egs/timit/s5/mfcc/raw_mfcc_train.3.ark:381388
MKJO0_SX167 /home/sky/kaldi/egs/timit/s5/mfcc/raw_mfcc_train.7.ark:627868
MJRH1_SX424 /home/sky/kaldi/egs/timit/s5/mfcc/raw_mfcc_train.7.ark:74475
MLNS0_SI2037 /home/sky/kaldi/egs/timit/s5/mfcc/raw_mfcc_train.7.ark:1013965
MRMB0_SI1581 /home/sky/kaldi/egs/timit/s5/mfcc/raw_mfcc_train.9.ark:442986
MPRK0_SX107 /home/sky/kaldi/egs/timit/s5/mfcc/raw_mfcc_train.8.ark:852029
MGJC0_SX75 /home/sky/kaldi/egs/timit/s5/mfcc/raw_mfcc_train.6.ark:114853
MWAR0_SI1675 /home/sky/kaldi/egs/timit/s5/mfcc/raw_mfcc_train.10.ark:1200044
FLAC0_SX361 /home/sky/kaldi/egs/timit/s5/mfcc/raw_mfcc_train.2.ark:786772
MMSM0_SI1736 /home/sky/kaldi/egs/timit/s5/mfcc/raw_mfcc_train.8.ark:232152
MWAC0_SI971 /home/sky/kaldi/egs/timit/s5/mfcc/raw_mfcc_train.10.ark:1139954
MJWT0_SI751 /home/sky/kaldi/egs/timit/s5/mfcc/raw_mfcc_train.7.ark:266057
MTMN0_SI2324 /home/sky/kaldi/egs/timit/s5/mfcc/raw_mfcc_train.10.ark:650396
MNTW0_SX202 /home/sky/kaldi/egs/timit/s5/mfcc/raw_mfcc_train.8.ark:477074
MRJM1_SX128 /home/sky/kaldi/egs/timit/s5/mfcc/raw_mfcc_train.9.ark:199765
FSMA0_SX271 /home/sky/kaldi/egs/timit/s5/mfcc/raw_mfcc_train.3.ark:1001292
MDJM0_SX285 /home/sky/kaldi/egs/timit/s5/mfcc/raw_mfcc_train.5.ark:154645
MRMG0_SX360 /home/sky/kaldi/egs/timit/s5/mfcc/raw_mfcc_train.9.ark:493585
MGES0_SX401 /home/sky/kaldi/egs/timit/s5/mfcc/raw_mfcc_train.6.ark:75282
MBTH0_SX32 /home/sky/kaldi/egs/timit/s5/mfcc/raw_mfcc_train.4.ark:648779
MCTM0_SX90 /home/sky/kaldi/egs/timit/s5/mfcc/raw_mfcc_train.4.ark:1181656
MJAE0_SX354 /home/sky/kaldi/egs/timit/s5/mfcc/raw_mfcc_train.6.ark:588315
FJSK0_SX332 /home/sky/kaldi/egs/timit/s5/mfcc/raw_mfcc_train.2.ark:318402
MREM0_SI1591 /home/sky/kaldi/egs/timit/s5/mfcc/raw_mfcc_train.8.ark:1351927
FRJB0_SX77 /home/sky/kaldi/egs/timit/s5/mfcc/raw_mfcc_train.3.ark:410943
MREW1_SX330 /home/sky/kaldi/egs/timit/s5/mfcc/raw_mfcc_train.8.ark:1400977
MDPB0_SX56 /home/sky/kaldi/egs/timit/s5/mfcc/raw_mfcc_train.5.ark:590154
MJEB0_SX26 /home/sky/kaldi/egs/timit/s5/mfcc/raw_mfcc_train.6.ark:858079
MJAI0_SI710 /home/sky/kaldi/egs/timit/s5/mfcc/raw_mfcc_train.6.ark:612686
MWSB0_SI996 /home/sky/kaldi/egs/timit/s5/mfcc/raw_mfcc_train.10.ark:1421336
MCLK0_SX40 /home/sky/kaldi/egs/timit/s5/mfcc/raw_mfcc_train.4.ark:990130
FCAG0_SI1641 /home/sky/kaldi/egs/timit/s5/mfcc/raw_mfcc_train.1.ark:413802
FSRH0_SX311 /home/sky/kaldi/egs/timit/s5/mfcc/raw_mfcc_train.3.ark:1138599
MGSH0_SX276 /home/sky/kaldi/egs/timit/s5/mfcc/raw_mfcc_train.6.ark:208611
MAFM0_SX129 /home/sky/kaldi/egs/timit/s5/mfcc/raw_mfcc_train.4.ark:79554
FDMY0_SI567 /home/sky/kaldi/egs/timit/s5/mfcc/raw_mfcc_train.1.ark:980801
MSTF0_SI1396 /home/sky/kaldi/egs/timit/s5/mfcc/raw_mfcc_train.9.ark:1499936
MGXP0_SI457 /home/sky/kaldi/egs/timit/s5/mfcc/raw_mfcc_train.6.ark:262422
MDLR0_SX63 /home/sky/kaldi/egs/timit/s5/mfcc/raw_mfcc_train.5.ark:421544
MBSB0_SX273 /home/sky/kaldi/egs/timit/s5/mfcc/raw_mfcc_train.4.ark:612403
MPPC0_SX332 /home/sky/kaldi/egs/timit/s5/mfcc/raw_mfcc_train.8.ark:748392
MGAK0_SX46 /home/sky/kaldi/egs/timit/s5/mfcc/raw_mfcc_train.5.ark:1456639
MARC0_SX198 /home/sky/kaldi/egs/timit/s5/mfcc/raw_mfcc_train.4.ark:247606
FALR0_SI695 /home/sky/kaldi/egs/timit/s5/mfcc/raw_mfcc_train.1.ark:109381
MPMB0_SI2131 /home/sky/kaldi/egs/timit/s5/mfcc/raw_mfcc_train.8.ark:682475
FSJS0_SX181 /home/sky/kaldi/egs/timit/s5/mfcc/raw_mfcc_train.3.ark:802276
MMAG0_SX406 /home/sky/kaldi/egs/timit/s5/mfcc/raw_mfcc_train.7.ark:1171710
MJDG0_SX52 /home/sky/kaldi/egs/timit/s5/mfcc/raw_mfcc_train.6.ark:796619
MKJO0_SX424 /home/sky/kaldi/egs/timit/s5/mfcc/raw_mfcc_train.7.ark:634434
MDEM0_SX338 /home/sky/kaldi/egs/timit/s5/mfcc/raw_mfcc_train.5.ark:54277
MGAR0_SX132 /home/sky/kaldi/egs/timit/s5/mfcc/raw_mfcc_train.6.ark:3387
FMJB0_SX187 /home/sky/kaldi/egs/timit/s5/mfcc/raw_mfcc_train.2.ark:1343729
MJLG1_SX22 /home/sky/kaldi/egs/timit/s5/mfcc/raw_mfcc_train.6.ark:1213061
MJRG0_SI736 /home/sky/kaldi/egs/timit/s5/mfcc/raw_mfcc_train.6.ark:1478599
MDWM0_SX376 /home/sky/kaldi/egs/timit/s5/mfcc/raw_mfcc_train.5.ark:897882
MWGR0_SX346 /home/sky/kaldi/egs/timit/s5/mfcc/raw_mfcc_train.10.ark:1338792
MMDM1_SI783 /home/sky/kaldi/egs/timit/s5/mfcc/raw_mfcc_train.7.ark:1418502
MMDG0_SX340 /home/sky/kaldi/egs/timit/s5/mfcc/raw_mfcc_train.7.ark:1369087
MJMD0_SX218 /home/sky/kaldi/egs/timit/s5/mfcc/raw_mfcc_train.6.ark:1301614
MLJC0_SI595 /home/sky/kaldi/egs/timit/s5/mfcc/raw_mfcc_train.7.ark:946115
MDBP0_SX348 /home/sky/kaldi/egs/timit/s5/mfcc/raw_mfcc_train.4.ark:1330373
FGDP0_SX448 /home/sky/kaldi/egs/timit/s5/mfcc/raw_mfcc_train.1.ark:1421989
MRCG0_SI2058 /home/sky/kaldi/egs/timit/s5/mfcc/raw_mfcc_train.8.ark:1128181
MRJB1_SX300 /home/sky/kaldi/egs/timit/s5/mfcc/raw_mfcc_train.9.ark:106300
MDEF0_SX213 /home/sky/kaldi/egs/timit/s5/mfcc/raw_mfcc_train.5.ark:17034
MSRG0_SX411 /home/sky/kaldi/egs/timit/s5/mfcc/raw_mfcc_train.9.ark:1460294
FSGF0_SI2187 /home/sky/kaldi/egs/timit/s5/mfcc/raw_mfcc_train.3.ark:688081
FBLV0_SX338 /home/sky/kaldi/egs/timit/s5/mfcc/raw_mfcc_train.1.ark:329771
MADD0_SX448 /home/sky/kaldi/egs/timit/s5/mfcc/raw_mfcc_train.4.ark:12
MTBC0_SX363 /home/sky/kaldi/egs/timit/s5/mfcc/raw_mfcc_train.10.ark:200898
FRJB0_SX167 /home/sky/kaldi/egs/timit/s5/mfcc/raw_mfcc_train.3.ark:393249
FKKH0_SI1920 /home/sky/kaldi/egs/timit/s5/mfcc/raw_mfcc_train.2.ark:608553
MTPP0_SX338 /home/sky/kaldi/egs/timit/s5/mfcc/raw_mfcc_train.10.ark:791104
FALR0_SX155 /home/sky/kaldi/egs/timit/s5/mfcc/raw_mfcc_train.1.ark:113197
MRAM0_SX105 /home/sky/kaldi/egs/timit/s5/mfcc/raw_mfcc_train.8.ark:1043133
FCKE0_SI481 /home/sky/kaldi/egs/timit/s5/mfcc/raw_mfcc_train.1.ark:600572
MMXS0_SX66 /home/sky/kaldi/egs/timit/s5/mfcc/raw_mfcc_train.8.ark:426255
MFRM0_SX75 /home/sky/kaldi/egs/timit/s5/mfcc/raw_mfcc_train.5.ark:1268874
MJHI0_SX428 /home/sky/kaldi/egs/timit/s5/mfcc/raw_mfcc_train.6.ark:1020286
MSFV0_SI1262 /home/sky/kaldi/egs/timit/s5/mfcc/raw_mfcc_train.9.ark:1268906
MARW0_SI646 /home/sky/kaldi/egs/timit/s5/mfcc/raw_mfcc_train.4.ark:264634
MMAG0_SI496 /home/sky/kaldi/egs/timit/s5/mfcc/raw_mfcc_train.7.ark:1153911
FBAS0_SX37 /home/sky/kaldi/egs/timit/s5/mfcc/raw_mfcc_train.1.ark:199029
FSLS0_SX66 /home/sky/kaldi/egs/timit/s5/mfcc/raw_mfcc_train.3.ark:980455
MCDR0_SI1154 /home/sky/kaldi/egs/timit/s5/mfcc/raw_mfcc_train.4.ark:823290
FNKL0_SX442 /home/sky/kaldi/egs/timit/s5/mfcc/raw_mfcc_train.3.ark:43061
MDPK0_SX63 /home/sky/kaldi/egs/timit/s5/mfcc/raw_mfcc_train.5.ark:619825
MABC0_SX421 /home/sky/kaldi/egs/timit/s5/mfcc/raw_mfcc_train.3.ark:1456155
MTQC0_SX181 /home/sky/kaldi/egs/timit/s5/mfcc/raw_mfcc_train.10.ark:855671
MKDT0_SX353 /home/sky/kaldi/egs/timit/s5/mfcc/raw_mfcc_train.7.ark:569619
FCAG0_SI2133 /home/sky/kaldi/egs/timit/s5/mfcc/raw_mfcc_train.1.ark:415851
FNKL0_SX172 /home/sky/kaldi/egs/timit/s5/mfcc/raw_mfcc_train.3.ark:32744
MARC0_SX378 /home/sky/kaldi/egs/timit/s5/mfcc/raw_mfcc_train.4.ark:254393
MRHL0_SX345 /home/sky/kaldi/egs/timit/s5/mfcc/raw_mfcc_train.9.ark:65546
MGSH0_SI1806 /home/sky/kaldi/egs/timit/s5/mfcc/raw_mfcc_train.6.ark:192112
FSLS0_SI2316 /home/sky/kaldi/egs/timit/s5/mfcc/raw_mfcc_train.3.ark:959985
FSDJ0_SI1745 /home/sky/kaldi/egs/timit/s5/mfcc/raw_mfcc_train.3.ark:661738
FMMH0_SX97 /home/sky/kaldi/egs/timit/s5/mfcc/raw_mfcc_train.2.ark:1526322
FBMJ0_SI815 /home/sky/kaldi/egs/timit/s5/mfcc/raw_mfcc_train.1.ark:385620
MJWS0_SX243 /home/sky/kaldi/egs/timit/s5/mfcc/raw_mfcc_train.7.ark:234866
MRGM0_SI1162 /home/sky/kaldi/egs/timit/s5/mfcc/raw_mfcc_train.8.ark:1479646
MWAR0_SX235 /home/sky/kaldi/egs/timit/s5/mfcc/raw_mfcc_train.10.ark:1210531
MTPP0_SI2138 /home/sky/kaldi/egs/timit/s5/mfcc/raw_mfcc_train.10.ark:778115
MGAF0_SX22 /home/sky/kaldi/egs/timit/s5/mfcc/raw_mfcc_train.5.ark:1383932
MMWS1_SX351 /home/sky/kaldi/egs/timit/s5/mfcc/raw_mfcc_train.8.ark:388122
MBJV0_SX437 /home/sky/kaldi/egs/timit/s5/mfcc/raw_mfcc_train.4.ark:467947
FJRP1_SX352 /home/sky/kaldi/egs/timit/s5/mfcc/raw_mfcc_train.2.ark:281645
FEAC0_SX75 /home/sky/kaldi/egs/timit/s5/mfcc/raw_mfcc_train.1.ark:1151086
MBCG0_SI486 /home/sky/kaldi/egs/timit/s5/mfcc/raw_mfcc_train.4.ark:357566
FGMB0_SX245 /home/sky/kaldi/egs/timit/s5/mfcc/raw_mfcc_train.1.ark:1452283
FLAC0_SX181 /home/sky/kaldi/egs/timit/s5/mfcc/raw_mfcc_train.2.ark:779348
MPEB0_SX150 /home/sky/kaldi/egs/timit/s5/mfcc/raw_mfcc_train.8.ark:530468
MCXM0_SI1981 /home/sky/kaldi/egs/timit/s5/mfcc/raw_mfcc_train.4.ark:1187990
MZMB0_SX176 /home/sky/kaldi/egs/timit/s5/mfcc/raw_mfcc_train.10.ark:1494216
MSMS0_SX173 /home/sky/kaldi/egs/timit/s5/mfcc/raw_mfcc_train.9.ark:1418447
FVKB0_SX439 /home/sky/kaldi/egs/timit/s5/mfcc/raw_mfcc_train.3.ark:1396891
FAEM0_SI1392 /home/sky/kaldi/egs/timit/s5/mfcc/raw_mfcc_train.1.ark:13
FTBR0_SX381 /home/sky/kaldi/egs/timit/s5/mfcc/raw_mfcc_train.3.ark:1241730
FJXP0_SX402 /home/sky/kaldi/egs/timit/s5/mfcc/raw_mfcc_train.2.ark:453719
MJDM0_SX440 /home/sky/kaldi/egs/timit/s5/mfcc/raw_mfcc_train.6.ark:827779
MJEB1_SI2097 /home/sky/kaldi/egs/timit/s5/mfcc/raw_mfcc_train.6.ark:873878
MSAS0_SX206 /home/sky/kaldi/egs/timit/s5/mfcc/raw_mfcc_train.9.ark:990647
MSDH0_SX170 /home/sky/kaldi/egs/timit/s5/mfcc/raw_mfcc_train.9.ark:1096274
FRLL0_SI805 /home/sky/kaldi/egs/timit/s5/mfcc/raw_mfcc_train.3.ark:418147
MGSH0_SX127 /home/sky/kaldi/egs/timit/s5/mfcc/raw_mfcc_train.6.ark:201889
MKDD0_SX127 /home/sky/kaldi/egs/timit/s5/mfcc/raw_mfcc_train.7.ark:532967
MDLC0_SX405 /home/sky/kaldi/egs/timit/s5/mfcc/raw_mfcc_train.5.ark:260534
FCYL0_SX217 /home/sky/kaldi/egs/timit/s5/mfcc/raw_mfcc_train.1.ark:767636
MBWP0_SX349 /home/sky/kaldi/egs/timit/s5/mfcc/raw_mfcc_train.4.ark:675792
MJFH0_SX117 /home/sky/kaldi/egs/timit/s5/mfcc/raw_mfcc_train.6.ark:946676
FCAJ0_SI849 /home/sky/kaldi/egs/timit/s5/mfcc/raw_mfcc_train.1.ark:444365
MTXS0_SX340 /home/sky/kaldi/egs/timit/s5/mfcc/raw_mfcc_train.10.ark:1026023
MTLB0_SI1134 /home/sky/kaldi/egs/timit/s5/mfcc/raw_mfcc_train.10.ark:548803
MESG0_SI1962 /home/sky/kaldi/egs/timit/s5/mfcc/raw_mfcc_train.5.ark:1094765
MPRD0_SX81 /home/sky/kaldi/egs/timit/s5/mfcc/raw_mfcc_train.8.ark:831446
MPAR0_SX136 /home/sky/kaldi/egs/timit/s5/mfcc/raw_mfcc_train.8.ark:503033
MJWG0_SX355 /home/sky/kaldi/egs/timit/s5/mfcc/raw_mfcc_train.7.ark:208530
MJRA0_SX156 /home/sky/kaldi/egs/timit/s5/mfcc/raw_mfcc_train.6.ark:1452042
MGAF0_SX112 /home/sky/kaldi/egs/timit/s5/mfcc/raw_mfcc_train.5.ark:1378771
MESJ0_SX97 /home/sky/kaldi/egs/timit/s5/mfcc/raw_mfcc_train.5.ark:1148629
MRBC0_SI1665 /home/sky/kaldi/egs/timit/s5/mfcc/raw_mfcc_train.8.ark:1090455
MDSJ0_SX382 /home/sky/kaldi/egs/timit/s5/mfcc/raw_mfcc_train.5.ark:712991
FHLM0_SX300 /home/sky/kaldi/egs/timit/s5/mfcc/raw_mfcc_train.1.ark:1527285
MTAS0_SX215 /home/sky/kaldi/egs/timit/s5/mfcc/raw_mfcc_train.10.ark:94672
MKDT0_SI893 /home/sky/kaldi/egs/timit/s5/mfcc/raw_mfcc_train.7.ark:557430
FCJF0_SX307 /home/sky/kaldi/egs/timit/s5/mfcc/raw_mfcc_train.1.ark:554407
FKLH0_SX267 /home/sky/kaldi/egs/timit/s5/mfcc/raw_mfcc_train.2.ark:719324
MWEM0_SI1320 /home/sky/kaldi/egs/timit/s5/mfcc/raw_mfcc_train.10.ark:1284501
MSMS0_SX443 /home/sky/kaldi/egs/timit/s5/mfcc/raw_mfcc_train.9.ark:1430103
MKDB0_SI872 /home/sky/kaldi/egs/timit/s5/mfcc/raw_mfcc_train.7.ark:490874
MAEO0_SX246 /home/sky/kaldi/egs/timit/s5/mfcc/raw_mfcc_train.4.ark:55103
MARW0_SX286 /home/sky/kaldi/egs/timit/s5/mfcc/raw_mfcc_train.4.ark:275392
FJWB1_SI795 /home/sky/kaldi/egs/timit/s5/mfcc/raw_mfcc_train.2.ark:372223
MABC0_SX61 /home/sky/kaldi/egs/timit/s5/mfcc/raw_mfcc_train.3.ark:1459346
FSPM0_SI1871 /home/sky/kaldi/egs/timit/s5/mfcc/raw_mfcc_train.3.ark:1093014
FMJB0_SI1807 /home/sky/kaldi/egs/timit/s5/mfcc/raw_mfcc_train.2.ark:1334004
MFWK0_SX169 /home/sky/kaldi/egs/timit/s5/mfcc/raw_mfcc_train.5.ark:1282151
MRHL0_SX435 /home/sky/kaldi/egs/timit/s5/mfcc/raw_mfcc_train.9.ark:68985
FPAZ0_SX63 /home/sky/kaldi/egs/timit/s5/mfcc/raw_mfcc_train.3.ark:253254
FTBW0_SX175 /home/sky/kaldi/egs/timit/s5/mfcc/raw_mfcc_train.3.ark:1257750
MBGT0_SX261 /home/sky/kaldi/egs/timit/s5/mfcc/raw_mfcc_train.4.ark:429526
MBTH0_SX122 /home/sky/kaldi/egs/timit/s5/mfcc/raw_mfcc_train.4.ark:635642
MHMG0_SX285 /home/sky/kaldi/egs/timit/s5/mfcc/raw_mfcc_train.6.ark:401679
FBCH0_SI959 /home/sky/kaldi/egs/timit/s5/mfcc/raw_mfcc_train.1.ark:247995
MDSS0_SI621 /home/sky/kaldi/egs/timit/s5/mfcc/raw_mfcc_train.5.ark:727724
MRAB1_SX218 /home/sky/kaldi/egs/timit/s5/mfcc/raw_mfcc_train.8.ark:977960
MEAL0_SX197 /home/sky/kaldi/egs/timit/s5/mfcc/raw_mfcc_train.5.ark:917816
MJHI0_SX338 /home/sky/kaldi/egs/timit/s5/mfcc/raw_mfcc_train.6.ark:1016080
FJRB0_SX402 /home/sky/kaldi/egs/timit/s5/mfcc/raw_mfcc_train.2.ark:247418
MPSW0_SX24 /home/sky/kaldi/egs/timit/s5/mfcc/raw_mfcc_train.8.ark:916239
FCJS0_SI1607 /home/sky/kaldi/egs/timit/s5/mfcc/raw_mfcc_train.1.ark:562761
FRLL0_SI884 /home/sky/kaldi/egs/timit/s5/mfcc/raw_mfcc_train.3.ark:424342
MJLS0_SI1726 /home/sky/kaldi/egs/timit/s5/mfcc/raw_mfcc_train.6.ark:1228535
MMGK0_SX242 /home/sky/kaldi/egs/timit/s5/mfcc/raw_mfcc_train.8.ark:84286
MKAH0_SX358 /home/sky/kaldi/egs/timit/s5/mfcc/raw_mfcc_train.7.ark:409279
FLJA0_SX358 /home/sky/kaldi/egs/timit/s5/mfcc/raw_mfcc_train.2.ark:952147
FMEM0_SX297 /home/sky/kaldi/egs/timit/s5/mfcc/raw_mfcc_train.2.ark:1312563
MTRC0_SX363 /home/sky/kaldi/egs/timit/s5/mfcc/raw_mfcc_train.10.ark:904537
MDED0_SX180 /home/sky/kaldi/egs/timit/s5/mfcc/raw_mfcc_train.4.ark:1452293
FMJF0_SX444 /home/sky/kaldi/egs/timit/s5/mfcc/raw_mfcc_train.2.ark:1385912
MADD0_SX268 /home/sky/kaldi/egs/timit/s5/mfcc/raw_mfcc_train.3.ark:1513429
MLBC0_SX69 /home/sky/kaldi/egs/timit/s5/mfcc/raw_mfcc_train.7.ark:895673
MDWD0_SI1260 /home/sky/kaldi/egs/timit/s5/mfcc/raw_mfcc_train.5.ark:805166
MTAB0_SI942 /home/sky/kaldi/egs/timit/s5/mfcc/raw_mfcc_train.10.ark:54106
MAEB0_SX270 /home/sky/kaldi/egs/timit/s5/mfcc/raw_mfcc_train.4.ark:24833
MJDA0_SX221 /home/sky/kaldi/egs/timit/s5/mfcc/raw_mfcc_train.6.ark:679675
FMBG0_SX350 /home/sky/kaldi/egs/timit/s5/mfcc/raw_mfcc_train.2.ark:1278810
FLTM0_SX170 /home/sky/kaldi/egs/timit/s5/mfcc/raw_mfcc_train.2.ark:1203361
MMAR0_SX346 /home/sky/kaldi/egs/timit/s5/mfcc/raw_mfcc_train.7.ark:1234504
MDJM0_SI2085 /home/sky/kaldi/egs/timit/s5/mfcc/raw_mfcc_train.5.ark:136853
MRJB1_SI1413 /home/sky/kaldi/egs/timit/s5/mfcc/raw_mfcc_train.9.ark:81448
MJRP0_SI585 /home/sky/kaldi/egs/timit/s5/mfcc/raw_mfcc_train.7.ark:118878
MPRB0_SI1205 /home/sky/kaldi/egs/timit/s5/mfcc/raw_mfcc_train.8.ark:760594
FBJL0_SI2182 /home/sky/kaldi/egs/timit/s5/mfcc/raw_mfcc_train.1.ark:278959
MLEL0_SI1246 /home/sky/kaldi/egs/timit/s5/mfcc/raw_mfcc_train.7.ark:899295
MPRK0_SI1097 /home/sky/kaldi/egs/timit/s5/mfcc/raw_mfcc_train.8.ark:834899
MTER0_SX167 /home/sky/kaldi/egs/timit/s5/mfcc/raw_mfcc_train.10.ark:326205
FJSP0_SI1763 /home/sky/kaldi/egs/timit/s5/mfcc/raw_mfcc_train.2.ark:337177
FGRW0_SX252 /home/sky/kaldi/egs/timit/s5/mfcc/raw_mfcc_train.1.ark:1490782
MTLB0_SX324 /home/sky/kaldi/egs/timit/s5/mfcc/raw_mfcc_train.10.ark:567715
MDLR1_SI1299 /home/sky/kaldi/egs/timit/s5/mfcc/raw_mfcc_train.5.ark:425140
MTLC0_SX127 /home/sky/kaldi/egs/timit/s5/mfcc/raw_mfcc_train.10.ark:597034
MGAF0_SX292 /home/sky/kaldi/egs/timit/s5/mfcc/raw_mfcc_train.5.ark:1386422
FSJK1_SX125 /home/sky/kaldi/egs/timit/s5/mfcc/raw_mfcc_train.3.ark:772111
MSEM1_SX360 /home/sky/kaldi/egs/timit/s5/mfcc/raw_mfcc_train.9.ark:1187351
MVRW0_SX135 /home/sky/kaldi/egs/timit/s5/mfcc/raw_mfcc_train.10.ark:1114190
FMPG0_SX72 /home/sky/kaldi/egs/timit/s5/mfcc/raw_mfcc_train.3.ark:16412
FMPG0_SX252 /home/sky/kaldi/egs/timit/s5/mfcc/raw_mfcc_train.3.ark:12
MDKS0_SX76 /home/sky/kaldi/egs/timit/s5/mfcc/raw_mfcc_train.5.ark:189797
MNTW0_SI1068 /home/sky/kaldi/egs/timit/s5/mfcc/raw_mfcc_train.8.ark:457830
MCTM0_SX180 /home/sky/kaldi/egs/timit/s5/mfcc/raw_mfcc_train.4.ark:1166510
FGRW0_SI1782 /home/sky/kaldi/egs/timit/s5/mfcc/raw_mfcc_train.1.ark:1476954
FLAG0_SX294 /home/sky/kaldi/egs/timit/s5/mfcc/raw_mfcc_train.2.ark:826654
MMDB0_SX177 /home/sky/kaldi/egs/timit/s5/mfcc/raw_mfcc_train.7.ark:1329730
MJBG0_SI1862 /home/sky/kaldi/egs/timit/s5/mfcc/raw_mfcc_train.6.ark:641786
MMWS0_SX258 /home/sky/kaldi/egs/timit/s5/mfcc/raw_mfcc_train.8.ark:355649
MJEB0_SX296 /home/sky/kaldi/egs/timit/s5/mfcc/raw_mfcc_train.6.ark:861011
MTKD0_SX377 /home/sky/kaldi/egs/timit/s5/mfcc/raw_mfcc_train.10.ark:510570
MHIT0_SI1613 /home/sky/kaldi/egs/timit/s5/mfcc/raw_mfcc_train.6.ark:320974
MJFR0_SX255 /home/sky/kaldi/egs/timit/s5/mfcc/raw_mfcc_train.6.ark:977563
MDBP0_SI1158 /home/sky/kaldi/egs/timit/s5/mfcc/raw_mfcc_train.4.ark:1309433
FMPG0_SX342 /home/sky/kaldi/egs/timit/s5/mfcc/raw_mfcc_train.3.ark:3828
MDMA0_SX260 /home/sky/kaldi/egs/timit/s5/mfcc/raw_mfcc_train.5.ark:477630
FLMC0_SX112 /home/sky/kaldi/egs/timit/s5/mfcc/raw_mfcc_train.2.ark:1112278
FPAD0_SX266 /home/sky/kaldi/egs/timit/s5/mfcc/raw_mfcc_train.3.ark:173963
MRDM0_SI965 /home/sky/kaldi/egs/timit/s5/mfcc/raw_mfcc_train.8.ark:1230020
FCMG0_SX342 /home/sky/kaldi/egs/timit/s5/mfcc/raw_mfcc_train.1.ark:675276
MJPG0_SX111 /home/sky/kaldi/egs/timit/s5/mfcc/raw_mfcc_train.6.ark:1359922
MTML0_SX75 /home/sky/kaldi/egs/timit/s5/mfcc/raw_mfcc_train.10.ark:641631
MJPM0_SX378 /home/sky/kaldi/egs/timit/s5/mfcc/raw_mfcc_train.6.ark:1403881
MDMA0_SX170 /home/sky/kaldi/egs/timit/s5/mfcc/raw_mfcc_train.5.ark:471123
FEAR0_SI1882 /home/sky/kaldi/egs/timit/s5/mfcc/raw_mfcc_train.1.ark:1157940
MRML0_SX341 /home/sky/kaldi/egs/timit/s5/mfcc/raw_mfcc_train.9.ark:563198
MJJM0_SX287 /home/sky/kaldi/egs/timit/s5/mfcc/raw_mfcc_train.6.ark:1123040
MKAM0_SI1316 /home/sky/kaldi/egs/timit/s5/mfcc/raw_mfcc_train.7.ark:454670
MSMC0_SX17 /home/sky/kaldi/egs/timit/s5/mfcc/raw_mfcc_train.9.ark:1358188
MMJB1_SI2038 /home/sky/kaldi/egs/timit/s5/mfcc/raw_mfcc_train.8.ark:101638
FBAS0_SI2066 /home/sky/kaldi/egs/timit/s5/mfcc/raw_mfcc_train.1.ark:182895
MMEA0_SI758 /home/sky/kaldi/egs/timit/s5/mfcc/raw_mfcc_train.7.ark:1478429
FSJG0_SX400 /home/sky/kaldi/egs/timit/s5/mfcc/raw_mfcc_train.3.ark:754765
MCLK0_SX310 /home/sky/kaldi/egs/timit/s5/mfcc/raw_mfcc_train.4.ark:987017
MREW1_SX420 /home/sky/kaldi/egs/timit/s5/mfcc/raw_mfcc_train.8.ark:1405586
FTBW0_SX265 /home/sky/kaldi/egs/timit/s5/mfcc/raw_mfcc_train.3.ark:1263438
FJLR0_SX421 /home/sky/kaldi/egs/timit/s5/mfcc/raw_mfcc_train.2.ark:216083
FLJD0_SX166 /home/sky/kaldi/egs/timit/s5/mfcc/raw_mfcc_train.2.ark:977046
MAEB0_SX90 /home/sky/kaldi/egs/timit/s5/mfcc/raw_mfcc_train.4.ark:36293
MPRB0_SX125 /home/sky/kaldi/egs/timit/s5/mfcc/raw_mfcc_train.8.ark:777100
MPPC0_SI1412 /home/sky/kaldi/egs/timit/s5/mfcc/raw_mfcc_train.8.ark:728206
MLJH0_SI1422 /home/sky/kaldi/egs/timit/s5/mfcc/raw_mfcc_train.7.ark:973192
MMDM0_SX411 /home/sky/kaldi/egs/timit/s5/mfcc/raw_mfcc_train.7.ark:1404628
MJRA0_SI1866 /home/sky/kaldi/egs/timit/s5/mfcc/raw_mfcc_train.6.ark:1443877
FTAJ0_SX69 /home/sky/kaldi/egs/timit/s5/mfcc/raw_mfcc_train.3.ark:1210096
MEWM0_SX178 /home/sky/kaldi/egs/timit/s5/mfcc/raw_mfcc_train.5.ark:1160424
MARW0_SX106 /home/sky/kaldi/egs/timit/s5/mfcc/raw_mfcc_train.4.ark:267878
MGRL0_SI2127 /home/sky/kaldi/egs/timit/s5/mfcc/raw_mfcc_train.6.ark:122084
FJRB0_SI1932 /home/sky/kaldi/egs/timit/s5/mfcc/raw_mfcc_train.2.ark:229495
FNTB0_SI1203 /home/sky/kaldi/egs/timit/s5/mfcc/raw_mfcc_train.3.ark:51525
MJPM1_SI2280 /home/sky/kaldi/egs/timit/s5/mfcc/raw_mfcc_train.6.ark:1409942
MMDM1_SI2043 /home/sky/kaldi/egs/timit/s5/mfcc/raw_mfcc_train.7.ark:1415544
MRLJ1_SX411 /home/sky/kaldi/egs/timit/s5/mfcc/raw_mfcc_train.9.ark:373217
FGRW0_SX342 /home/sky/kaldi/egs/timit/s5/mfcc/raw_mfcc_train.1.ark:1494377
MSMR0_SX325 /home/sky/kaldi/egs/timit/s5/mfcc/raw_mfcc_train.9.ark:1394744
MPAR0_SI1576 /home/sky/kaldi/egs/timit/s5/mfcc/raw_mfcc_train.8.ark:492949
MJRP0_SI1845 /home/sky/kaldi/egs/timit/s5/mfcc/raw_mfcc_train.7.ark:113294
MDCD0_SX425 /home/sky/kaldi/egs/timit/s5/mfcc/raw_mfcc_train.4.ark:1370243
FCLT0_SX358 /home/sky/kaldi/egs/timit/s5/mfcc/raw_mfcc_train.1.ark:642276
FJEN0_SI1047 /home/sky/kaldi/egs/timit/s5/mfcc/raw_mfcc_train.2.ark:59328
FMAH1_SX339 /home/sky/kaldi/egs/timit/s5/mfcc/raw_mfcc_train.2.ark:1248308
MEWM0_SX358 /home/sky/kaldi/egs/timit/s5/mfcc/raw_mfcc_train.5.ark:1169187
MAFM0_SX39 /home/sky/kaldi/egs/timit/s5/mfcc/raw_mfcc_train.4.ark:91144
MJDA0_SX311 /home/sky/kaldi/egs/timit/s5/mfcc/raw_mfcc_train.6.ark:683166
MGRP0_SX417 /home/sky/kaldi/egs/timit/s5/mfcc/raw_mfcc_train.6.ark:177257
MGAF0_SI1912 /home/sky/kaldi/egs/timit/s5/mfcc/raw_mfcc_train.5.ark:1370892
MMEB0_SI727 /home/sky/kaldi/egs/timit/s5/mfcc/raw_mfcc_train.7.ark:1508230
MTPR0_SX160 /home/sky/kaldi/egs/timit/s5/mfcc/raw_mfcc_train.10.ark:816276
MABC0_SI1620 /home/sky/kaldi/egs/timit/s5/mfcc/raw_mfcc_train.3.ark:1435390
FGRW0_SX72 /home/sky/kaldi/egs/timit/s5/mfcc/raw_mfcc_train.1.ark:1504569
MLJH0_SX154 /home/sky/kaldi/egs/timit/s5/mfcc/raw_mfcc_train.7.ark:987961
MLBC0_SI609 /home/sky/kaldi/egs/timit/s5/mfcc/raw_mfcc_train.7.ark:876295
MJPM1_SI761 /home/sky/kaldi/egs/timit/s5/mfcc/raw_mfcc_train.6.ark:1412536
FKKH0_SX30 /home/sky/kaldi/egs/timit/s5/mfcc/raw_mfcc_train.2.ark:626910
FLET0_SI1137 /home/sky/kaldi/egs/timit/s5/mfcc/raw_mfcc_train.2.ark:868106
MMBS0_SI1151 /home/sky/kaldi/egs/timit/s5/mfcc/raw_mfcc_train.7.ark:1248799
MTJU0_SX310 /home/sky/kaldi/egs/timit/s5/mfcc/raw_mfcc_train.10.ark:468211
MTAB0_SI1572 /home/sky/kaldi/egs/timit/s5/mfcc/raw_mfcc_train.10.ark:43717
MDWH0_SX125 /home/sky/kaldi/egs/timit/s5/mfcc/raw_mfcc_train.5.ark:851226
FDJH0_SX215 /home/sky/kaldi/egs/timit/s5/mfcc/raw_mfcc_train.1.ark:896215
FSPM0_SX251 /home/sky/kaldi/egs/timit/s5/mfcc/raw_mfcc_train.3.ark:1104436
MREM0_SX241 /home/sky/kaldi/egs/timit/s5/mfcc/raw_mfcc_train.8.ark:1368881
MADC0_SX107 /home/sky/kaldi/egs/timit/s5/mfcc/raw_mfcc_train.3.ark:1479266
MGAG0_SX331 /home/sky/kaldi/egs/timit/s5/mfcc/raw_mfcc_train.5.ark:1413642
MTKP0_SX213 /home/sky/kaldi/egs/timit/s5/mfcc/raw_mfcc_train.10.ark:535385
MDPK0_SX243 /home/sky/kaldi/egs/timit/s5/mfcc/raw_mfcc_train.5.ark:607377
MMEB0_SX327 /home/sky/kaldi/egs/timit/s5/mfcc/raw_mfcc_train.7.ark:1513587
FVMH0_SX206 /home/sky/kaldi/egs/timit/s5/mfcc/raw_mfcc_train.3.ark:1422752
MMEB0_SI1357 /home/sky/kaldi/egs/timit/s5/mfcc/raw_mfcc_train.7.ark:1500207
MKLW0_SI1844 /home/sky/kaldi/egs/timit/s5/mfcc/raw_mfcc_train.7.ark:779279
MCLM0_SX196 /home/sky/kaldi/egs/timit/s5/mfcc/raw_mfcc_train.4.ark:1015647
FSJS0_SI1801 /home/sky/kaldi/egs/timit/s5/mfcc/raw_mfcc_train.3.ark:792304
MJDC0_SX351 /home/sky/kaldi/egs/timit/s5/mfcc/raw_mfcc_train.6.ark:716204
MBBR0_SI1685 /home/sky/kaldi/egs/timit/s5/mfcc/raw_mfcc_train.4.ark:329494
MTXS0_SX250 /home/sky/kaldi/egs/timit/s5/mfcc/raw_mfcc_train.10.ark:1021622
MVJH0_SI2186 /home/sky/kaldi/egs/timit/s5/mfcc/raw_mfcc_train.10.ark:1045383
MRMB0_SX231 /home/sky/kaldi/egs/timit/s5/mfcc/raw_mfcc_train.9.ark:459486
MRJB1_SX120 /home/sky/kaldi/egs/timit/s5/mfcc/raw_mfcc_train.9.ark:94541
FKLC1_SI1048 /home/sky/kaldi/egs/timit/s5/mfcc/raw_mfcc_train.2.ark:671254
MRMB0_SX51 /home/sky/kaldi/egs/timit/s5/mfcc/raw_mfcc_train.9.ark:470244
FLAG0_SI1464 /home/sky/kaldi/egs/timit/s5/mfcc/raw_mfcc_train.2.ark:798389
FAJW0_SI633 /home/sky/kaldi/egs/timit/s5/mfcc/raw_mfcc_train.1.ark:42998
MKJO0_SX437 /home/sky/kaldi/egs/timit/s5/mfcc/raw_mfcc_train.7.ark:638666
MTRR0_SX378 /home/sky/kaldi/egs/timit/s5/mfcc/raw_mfcc_train.10.ark:938114
FLTM0_SI1070 /home/sky/kaldi/egs/timit/s5/mfcc/raw_mfcc_train.2.ark:1194251
MMGG0_SX179 /home/sky/kaldi/egs/timit/s5/mfcc/raw_mfcc_train.8.ark:52268
MDDC0_SX249 /home/sky/kaldi/egs/timit/s5/mfcc/raw_mfcc_train.4.ark:1424202
FCJS0_SI977 /home/sky/kaldi/egs/timit/s5/mfcc/raw_mfcc_train.1.ark:567365
FCJF0_SX37 /home/sky/kaldi/egs/timit/s5/mfcc/raw_mfcc_train.1.ark:556402
MCPM0_SI1824 /home/sky/kaldi/egs/timit/s5/mfcc/raw_mfcc_train.4.ark:1029457
MBCG0_SX417 /home/sky/kaldi/egs/timit/s5/mfcc/raw_mfcc_train.4.ark:377166
FHXS0_SI2335 /home/sky/kaldi/egs/timit/s5/mfcc/raw_mfcc_train.2.ark:13
FNTB0_SX213 /home/sky/kaldi/egs/timit/s5/mfcc/raw_mfcc_train.3.ark:68856
MDKS0_SX436 /home/sky/kaldi/egs/timit/s5/mfcc/raw_mfcc_train.5.ark:186801
MSAT0_SI896 /home/sky/kaldi/egs/timit/s5/mfcc/raw_mfcc_train.9.ark:1012868
MABC0_SX241 /home/sky/kaldi/egs/timit/s5/mfcc/raw_mfcc_train.3.ark:1450135
MPEB0_SX240 /home/sky/kaldi/egs/timit/s5/mfcc/raw_mfcc_train.8.ark:533530
MTJS0_SI562 /home/sky/kaldi/egs/timit/s5/mfcc/raw_mfcc_train.10.ark:421372
MFER0_SX322 /home/sky/kaldi/egs/timit/s5/mfcc/raw_mfcc_train.5.ark:1197337
MTQC0_SI480 /home/sky/kaldi/egs/timit/s5/mfcc/raw_mfcc_train.10.ark:852414
MDLC0_SI1395 /home/sky/kaldi/egs/timit/s5/mfcc/raw_mfcc_train.5.ark:233620
MBMA1_SI954 /home/sky/kaldi/egs/timit/s5/mfcc/raw_mfcc_train.4.ark:512675
FMKC0_SX262 /home/sky/kaldi/egs/timit/s5/mfcc/raw_mfcc_train.2.ark:1445618
MPPC0_SI2042 /home/sky/kaldi/egs/timit/s5/mfcc/raw_mfcc_train.8.ark:734740
MDWM0_SX433 /home/sky/kaldi/egs/timit/s5/mfcc/raw_mfcc_train.5.ark:901568
MJRH1_SI514 /home/sky/kaldi/egs/timit/s5/mfcc/raw_mfcc_train.7.ark:59419
FBAS0_SI1387 /home/sky/kaldi/egs/timit/s5/mfcc/raw_mfcc_train.1.ark:172245
MKRG0_SX231 /home/sky/kaldi/egs/timit/s5/mfcc/raw_mfcc_train.7.ark:826301
MRMH0_SX301 /home/sky/kaldi/egs/timit/s5/mfcc/raw_mfcc_train.9.ark:526988
FLJG0_SX441 /home/sky/kaldi/egs/timit/s5/mfcc/raw_mfcc_train.2.ark:1026823
MTRT0_SX417 /home/sky/kaldi/egs/timit/s5/mfcc/raw_mfcc_train.10.ark:965998
MREH1_SX159 /home/sky/kaldi/egs/timit/s5/mfcc/raw_mfcc_train.8.ark:1330611
MBOM0_SI1014 /home/sky/kaldi/egs/timit/s5/mfcc/raw_mfcc_train.4.ark:570065
MRTJ0_SI2032 /home/sky/kaldi/egs/timit/s5/mfcc/raw_mfcc_train.9.ark:785845
MJPM1_SI1897 /home/sky/kaldi/egs/timit/s5/mfcc/raw_mfcc_train.6.ark:1407984
MTLC0_SI1477 /home/sky/kaldi/egs/timit/s5/mfcc/raw_mfcc_train.10.ark:587296
MWSH0_SX346 /home/sky/kaldi/egs/timit/s5/mfcc/raw_mfcc_train.10.ark:1468433
MAPV0_SX123 /home/sky/kaldi/egs/timit/s5/mfcc/raw_mfcc_train.4.ark:212748
MKAJ0_SX334 /home/sky/kaldi/egs/timit/s5/mfcc/raw_mfcc_train.7.ark:439938
MJWG0_SI895 /home/sky/kaldi/egs/timit/s5/mfcc/raw_mfcc_train.7.ark:190972
MJMD0_SX398 /home/sky/kaldi/egs/timit/s5/mfcc/raw_mfcc_train.6.ark:1312333
FBAS0_SX217 /home/sky/kaldi/egs/timit/s5/mfcc/raw_mfcc_train.1.ark:193725
MTJM0_SX416 /home/sky/kaldi/egs/timit/s5/mfcc/raw_mfcc_train.10.ark:403351
MHMG0_SI1365 /home/sky/kaldi/egs/timit/s5/mfcc/raw_mfcc_train.6.ark:379342
MRFL0_SI1156 /home/sky/kaldi/egs/timit/s5/mfcc/raw_mfcc_train.8.ark:1443293
FGDP0_SX268 /home/sky/kaldi/egs/timit/s5/mfcc/raw_mfcc_train.1.ark:1412615
MPAR0_SI2206 /home/sky/kaldi/egs/timit/s5/mfcc/raw_mfcc_train.8.ark:494946
FTLG0_SI840 /home/sky/kaldi/egs/timit/s5/mfcc/raw_mfcc_train.3.ark:1289688
MBOM0_SI2274 /home/sky/kaldi/egs/timit/s5/mfcc/raw_mfcc_train.4.ark:577556
FSBK0_SI1069 /home/sky/kaldi/egs/timit/s5/mfcc/raw_mfcc_train.3.ark:551552
FGCS0_SX136 /home/sky/kaldi/egs/timit/s5/mfcc/raw_mfcc_train.1.ark:1375163
MSEM1_SX180 /home/sky/kaldi/egs/timit/s5/mfcc/raw_mfcc_train.9.ark:1178991
MJAE0_SX264 /home/sky/kaldi/egs/timit/s5/mfcc/raw_mfcc_train.6.ark:584473
MHXL0_SX332 /home/sky/kaldi/egs/timit/s5/mfcc/raw_mfcc_train.6.ark:492934
MVRW0_SX315 /home/sky/kaldi/egs/timit/s5/mfcc/raw_mfcc_train.10.ark:1120353
MTPP0_SI878 /home/sky/kaldi/egs/timit/s5/mfcc/raw_mfcc_train.10.ark:780852
MSFH0_SX136 /home/sky/kaldi/egs/timit/s5/mfcc/raw_mfcc_train.9.ark:1245406
MCEW0_SX272 /home/sky/kaldi/egs/timit/s5/mfcc/raw_mfcc_train.4.ark:910806
MREH1_SX429 /home/sky/kaldi/egs/timit/s5/mfcc/raw_mfcc_train.8.ark:1342943
MPEB0_SX60 /home/sky/kaldi/egs/timit/s5/mfcc/raw_mfcc_train.8.ark:545679
FSMM0_SI1314 /home/sky/kaldi/egs/timit/s5/mfcc/raw_mfcc_train.3.ark:1018610
MTAB0_SX402 /home/sky/kaldi/egs/timit/s5/mfcc/raw_mfcc_train.10.ark:74479
MBAR0_SI1949 /home/sky/kaldi/egs/timit/s5/mfcc/raw_mfcc_train.4.ark:296989
MEGJ0_SI707 /home/sky/kaldi/egs/timit/s5/mfcc/raw_mfcc_train.5.ark:1004175
MDLB0_SX226 /home/sky/kaldi/egs/timit/s5/mfcc/raw_mfcc_train.5.ark:215262
MKXL0_SI1185 /home/sky/kaldi/egs/timit/s5/mfcc/raw_mfcc_train.7.ark:836832
MRMS0_SI2057 /home/sky/kaldi/egs/timit/s5/mfcc/raw_mfcc_train.9.ark:582012
FVMH0_SI2096 /home/sky/kaldi/egs/timit/s5/mfcc/raw_mfcc_train.3.ark:1410641
MJHI0_SI698 /home/sky/kaldi/egs/timit/s5/mfcc/raw_mfcc_train.6.ark:1005516
MKRG0_SX141 /home/sky/kaldi/egs/timit/s5/mfcc/raw_mfcc_train.7.ark:822030
FCYL0_SI667 /home/sky/kaldi/egs/timit/s5/mfcc/raw_mfcc_train.1.ark:758249
MPGH0_SI924 /home/sky/kaldi/egs/timit/s5/mfcc/raw_mfcc_train.8.ark:594456
FTAJ0_SX339 /home/sky/kaldi/egs/timit/s5/mfcc/raw_mfcc_train.3.ark:1204233
MAKR0_SX182 /home/sky/kaldi/egs/timit/s5/mfcc/raw_mfcc_train.4.ark:181920
MSJK0_SX246 /home/sky/kaldi/egs/timit/s5/mfcc/raw_mfcc_train.9.ark:1322838
MJJJ0_SX263 /home/sky/kaldi/egs/timit/s5/mfcc/raw_mfcc_train.6.ark:1081825
MTAS0_SX35 /home/sky/kaldi/egs/timit/s5/mfcc/raw_mfcc_train.10.ark:101328
MMGK0_SX422 /home/sky/kaldi/egs/timit/s5/mfcc/raw_mfcc_train.8.ark:90514
MJAE0_SI2154 /home/sky/kaldi/egs/timit/s5/mfcc/raw_mfcc_train.6.ark:576321
MWSH0_SI796 /home/sky/kaldi/egs/timit/s5/mfcc/raw_mfcc_train.10.ark:1452435
MARW0_SI1276 /home/sky/kaldi/egs/timit/s5/mfcc/raw_mfcc_train.4.ark:257911
MJRK0_SX70 /home/sky/kaldi/egs/timit/s5/mfcc/raw_mfcc_train.7.ark:109872
FLJG0_SI2241 /home/sky/kaldi/egs/timit/s5/mfcc/raw_mfcc_train.2.ark:1001399
MTCS0_SX442 /home/sky/kaldi/egs/timit/s5/mfcc/raw_mfcc_train.10.ark:232480
MBWP0_SX439 /home/sky/kaldi/egs/timit/s5/mfcc/raw_mfcc_train.4.ark:681493
MJRK0_SI2103 /home/sky/kaldi/egs/timit/s5/mfcc/raw_mfcc_train.7.ark:83844
MGAW0_SX445 /home/sky/kaldi/egs/timit/s5/mfcc/raw_mfcc_train.6.ark:49498
FJXM0_SX401 /home/sky/kaldi/egs/timit/s5/mfcc/raw_mfcc_train.2.ark:419316
MPGR1_SX149 /home/sky/kaldi/egs/timit/s5/mfcc/raw_mfcc_train.8.ark:653585
MRJT0_SX418 /home/sky/kaldi/egs/timit/s5/mfcc/raw_mfcc_train.9.ark:243575
FETB0_SI1148 /home/sky/kaldi/egs/timit/s5/mfcc/raw_mfcc_train.1.ark:1294738
MGJC0_SX255 /home/sky/kaldi/egs/timit/s5/mfcc/raw_mfcc_train.6.ark:100117
FLMA0_SX73 /home/sky/kaldi/egs/timit/s5/mfcc/raw_mfcc_train.2.ark:1097376
MKDD0_SI1567 /home/sky/kaldi/egs/timit/s5/mfcc/raw_mfcc_train.7.ark:515993
MEAL0_SX107 /home/sky/kaldi/egs/timit/s5/mfcc/raw_mfcc_train.5.ark:915014
MMEB0_SX367 /home/sky/kaldi/egs/timit/s5/mfcc/raw_mfcc_train.8.ark:12
MJFH0_SX297 /home/sky/kaldi/egs/timit/s5/mfcc/raw_mfcc_train.6.ark:954522
MTJU0_SI2269 /home/sky/kaldi/egs/timit/s5/mfcc/raw_mfcc_train.10.ark:454052
MBEF0_SI1911 /home/sky/kaldi/egs/timit/s5/mfcc/raw_mfcc_train.4.ark:388615
FSSB0_SX272 /home/sky/kaldi/egs/timit/s5/mfcc/raw_mfcc_train.3.ark:1169070
FSBK0_SX79 /home/sky/kaldi/egs/timit/s5/mfcc/raw_mfcc_train.3.ark:582256
MJLB0_SX176 /home/sky/kaldi/egs/timit/s5/mfcc/raw_mfcc_train.6.ark:1176213
FAEM0_SX312 /home/sky/kaldi/egs/timit/s5/mfcc/raw_mfcc_train.1.ark:20537
MSMR0_SX235 /home/sky/kaldi/egs/timit/s5/mfcc/raw_mfcc_train.9.ark:1390785
FKLC1_SX238 /home/sky/kaldi/egs/timit/s5/mfcc/raw_mfcc_train.2.ark:686104
MDDC0_SX159 /home/sky/kaldi/egs/timit/s5/mfcc/raw_mfcc_train.4.ark:1420243
MSDH0_SX80 /home/sky/kaldi/egs/timit/s5/mfcc/raw_mfcc_train.9.ark:1116347
MJMM0_SX445 /home/sky/kaldi/egs/timit/s5/mfcc/raw_mfcc_train.6.ark:1340373
MDRD0_SX32 /home/sky/kaldi/egs/timit/s5/mfcc/raw_mfcc_train.5.ark:680746
FDXW0_SX251 /home/sky/kaldi/egs/timit/s5/mfcc/raw_mfcc_train.1.ark:1106705
MCAE0_SX7 /home/sky/kaldi/egs/timit/s5/mfcc/raw_mfcc_train.4.ark:723239
MEDR0_SX24 /home/sky/kaldi/egs/timit/s5/mfcc/raw_mfcc_train.5.ark:951654
MEGJ0_SI1967 /home/sky/kaldi/egs/timit/s5/mfcc/raw_mfcc_train.5.ark:1002309
MMDG0_SI520 /home/sky/kaldi/egs/timit/s5/mfcc/raw_mfcc_train.7.ark:1354805
MRCG0_SI1428 /home/sky/kaldi/egs/timit/s5/mfcc/raw_mfcc_train.8.ark:1121803
MDLC1_SI2065 /home/sky/kaldi/egs/timit/s5/mfcc/raw_mfcc_train.5.ark:274518
MCAL0_SX418 /home/sky/kaldi/egs/timit/s5/mfcc/raw_mfcc_train.4.ark:753755
MJDC0_SI1161 /home/sky/kaldi/egs/timit/s5/mfcc/raw_mfcc_train.6.ark:696096
MTML0_SI1065 /home/sky/kaldi/egs/timit/s5/mfcc/raw_mfcc_train.10.ark:610836
MTCS0_SI1972 /home/sky/kaldi/egs/timit/s5/mfcc/raw_mfcc_train.10.ark:208751
MRHL0_SX255 /home/sky/kaldi/egs/timit/s5/mfcc/raw_mfcc_train.9.ark:62406
MRJM1_SX308 /home/sky/kaldi/egs/timit/s5/mfcc/raw_mfcc_train.9.ark:206916
FCRZ0_SX253 /home/sky/kaldi/egs/timit/s5/mfcc/raw_mfcc_train.1.ark:735573
FEXM0_SX291 /home/sky/kaldi/egs/timit/s5/mfcc/raw_mfcc_train.1.ark:1350367
MCTH0_SX39 /home/sky/kaldi/egs/timit/s5/mfcc/raw_mfcc_train.4.ark:1145231
MBSB0_SI1353 /home/sky/kaldi/egs/timit/s5/mfcc/raw_mfcc_train.4.ark:597957
MGXP0_SX187 /home/sky/kaldi/egs/timit/s5/mfcc/raw_mfcc_train.6.ark:272511
MBAR0_SI689 /home/sky/kaldi/egs/timit/s5/mfcc/raw_mfcc_train.4.ark:298660
MJRK0_SI880 /home/sky/kaldi/egs/timit/s5/mfcc/raw_mfcc_train.7.ark:86139
MSTF0_SI766 /home/sky/kaldi/egs/timit/s5/mfcc/raw_mfcc_train.9.ark:1504402
MADC0_SX287 /home/sky/kaldi/egs/timit/s5/mfcc/raw_mfcc_train.3.ark:1489192
MRLD0_SX244 /home/sky/kaldi/egs/timit/s5/mfcc/raw_mfcc_train.9.ark:309648
MRMH0_SI1349 /home/sky/kaldi/egs/timit/s5/mfcc/raw_mfcc_train.9.ark:510852
FMMH0_SX187 /home/sky/kaldi/egs/timit/s5/mfcc/raw_mfcc_train.2.ark:1510697
FPAD0_SX176 /home/sky/kaldi/egs/timit/s5/mfcc/raw_mfcc_train.3.ark:168613
MSRR0_SI1761 /home/sky/kaldi/egs/timit/s5/mfcc/raw_mfcc_train.9.ark:1470950
MWAC0_SX431 /home/sky/kaldi/egs/timit/s5/mfcc/raw_mfcc_train.10.ark:1159898
MJPG0_SI1821 /home/sky/kaldi/egs/timit/s5/mfcc/raw_mfcc_train.6.ark:1349560
MRMH0_SI2281 /home/sky/kaldi/egs/timit/s5/mfcc/raw_mfcc_train.9.ark:515852
MESJ0_SX187 /home/sky/kaldi/egs/timit/s5/mfcc/raw_mfcc_train.5.ark:1137112
FRLL0_SX164 /home/sky/kaldi/egs/timit/s5/mfcc/raw_mfcc_train.3.ark:429094
MDDC0_SI2049 /home/sky/kaldi/egs/timit/s5/mfcc/raw_mfcc_train.4.ark:1413664
MGSH0_SI1176 /home/sky/kaldi/egs/timit/s5/mfcc/raw_mfcc_train.6.ark:185955
MTQC0_SX271 /home/sky/kaldi/egs/timit/s5/mfcc/raw_mfcc_train.10.ark:861983
MCAE0_SI2077 /home/sky/kaldi/egs/timit/s5/mfcc/raw_mfcc_train.4.ark:697947
MRLR0_SI566 /home/sky/kaldi/egs/timit/s5/mfcc/raw_mfcc_train.9.ark:421793
MCDR0_SX164 /home/sky/kaldi/egs/timit/s5/mfcc/raw_mfcc_train.4.ark:841330
MFWK0_SX439 /home/sky/kaldi/egs/timit/s5/mfcc/raw_mfcc_train.5.ark:1295237
MSRG0_SX141 /home/sky/kaldi/egs/timit/s5/mfcc/raw_mfcc_train.9.ark:1449821
MMWS0_SI1518 /home/sky/kaldi/egs/timit/s5/mfcc/raw_mfcc_train.8.ark:341243
MJAC0_SX431 /home/sky/kaldi/egs/timit/s5/mfcc/raw_mfcc_train.6.ark:560938
MMGK0_SX152 /home/sky/kaldi/egs/timit/s5/mfcc/raw_mfcc_train.8.ark:81432
MMGK0_SI1952 /home/sky/kaldi/egs/timit/s5/mfcc/raw_mfcc_train.8.ark:77050
MJJJ0_SX83 /home/sky/kaldi/egs/timit/s5/mfcc/raw_mfcc_train.6.ark:1094780
FBJL0_SX382 /home/sky/kaldi/egs/timit/s5/mfcc/raw_mfcc_train.1.ark:303245
MPAR0_SX406 /home/sky/kaldi/egs/timit/s5/mfcc/raw_mfcc_train.8.ark:513961
MDDC0_SX339 /home/sky/kaldi/egs/timit/s5/mfcc/raw_mfcc_train.4.ark:1427498
FDKN0_SX91 /home/sky/kaldi/egs/timit/s5/mfcc/raw_mfcc_train.1.ark:943808
MGJC0_SX345 /home/sky/kaldi/egs/timit/s5/mfcc/raw_mfcc_train.6.ark:104232
MPEB0_SI1034 /home/sky/kaldi/egs/timit/s5/mfcc/raw_mfcc_train.8.ark:520618
FLEH0_SX331 /home/sky/kaldi/egs/timit/s5/mfcc/raw_mfcc_train.2.ark:855618
MLSH0_SI787 /home/sky/kaldi/egs/timit/s5/mfcc/raw_mfcc_train.7.ark:1049727
FBCG1_SX352 /home/sky/kaldi/egs/timit/s5/mfcc/raw_mfcc_train.1.ark:225067
MKLS0_SX267 /home/sky/kaldi/egs/timit/s5/mfcc/raw_mfcc_train.7.ark:724339
MCAL0_SX238 /home/sky/kaldi/egs/timit/s5/mfcc/raw_mfcc_train.4.ark:745785
MDLM0_SX244 /home/sky/kaldi/egs/timit/s5/mfcc/raw_mfcc_train.5.ark:378281
MWRP0_SI2073 /home/sky/kaldi/egs/timit/s5/mfcc/raw_mfcc_train.10.ark:1391914
MDBB1_SX106 /home/sky/kaldi/egs/timit/s5/mfcc/raw_mfcc_train.4.ark:1292108
MMAR0_SX256 /home/sky/kaldi/egs/timit/s5/mfcc/raw_mfcc_train.7.ark:1229817
MMWS0_SX168 /home/sky/kaldi/egs/timit/s5/mfcc/raw_mfcc_train.8.ark:352574
MDLC1_SX175 /home/sky/kaldi/egs/timit/s5/mfcc/raw_mfcc_train.5.ark:281904
MBWP0_SI1969 /home/sky/kaldi/egs/timit/s5/mfcc/raw_mfcc_train.4.ark:659007
MRLR0_SX296 /home/sky/kaldi/egs/timit/s5/mfcc/raw_mfcc_train.9.ark:436731
FPLS0_SX3 /home/sky/kaldi/egs/timit/s5/mfcc/raw_mfcc_train.3.ark:308552
MMRP0_SX324 /home/sky/kaldi/egs/timit/s5/mfcc/raw_mfcc_train.8.ark:210699
MAKB0_SI1016 /home/sky/kaldi/egs/timit/s5/mfcc/raw_mfcc_train.4.ark:133948
MDRD0_SI2012 /home/sky/kaldi/egs/timit/s5/mfcc/raw_mfcc_train.5.ark:656051
FCLT0_SX178 /home/sky/kaldi/egs/timit/s5/mfcc/raw_mfcc_train.1.ark:633617
FSDC0_SX142 /home/sky/kaldi/egs/timit/s5/mfcc/raw_mfcc_train.3.ark:637138
FGCS0_SI2116 /home/sky/kaldi/egs/timit/s5/mfcc/raw_mfcc_train.1.ark:1368012
FDMY0_SX387 /home/sky/kaldi/egs/timit/s5/mfcc/raw_mfcc_train.1.ark:1014759
FKSR0_SX217 /home/sky/kaldi/egs/timit/s5/mfcc/raw_mfcc_train.2.ark:752765
FAEM0_SX132 /home/sky/kaldi/egs/timit/s5/mfcc/raw_mfcc_train.1.ark:13048
MTBC0_SX347 /home/sky/kaldi/egs/timit/s5/mfcc/raw_mfcc_train.10.ark:195795
MHJB0_SI1017 /home/sky/kaldi/egs/timit/s5/mfcc/raw_mfcc_train.6.ark:353349
MCDD0_SX253 /home/sky/kaldi/egs/timit/s5/mfcc/raw_mfcc_train.4.ark:808715
MJPM1_SX221 /home/sky/kaldi/egs/timit/s5/mfcc/raw_mfcc_train.6.ark:1420766
MSAH1_SX239 /home/sky/kaldi/egs/timit/s5/mfcc/raw_mfcc_train.9.ark:955815
MKAJ0_SX64 /home/sky/kaldi/egs/timit/s5/mfcc/raw_mfcc_train.7.ark:445970
MJRH0_SX315 /home/sky/kaldi/egs/timit/s5/mfcc/raw_mfcc_train.7.ark:38154
MEAL0_SX287 /home/sky/kaldi/egs/timit/s5/mfcc/raw_mfcc_train.5.ark:920332
FSJS0_SX91 /home/sky/kaldi/egs/timit/s5/mfcc/raw_mfcc_train.3.ark:820360
MKAG0_SI979 /home/sky/kaldi/egs/timit/s5/mfcc/raw_mfcc_train.7.ark:362519
MWDK0_SX356 /home/sky/kaldi/egs/timit/s5/mfcc/raw_mfcc_train.10.ark:1273495
MMCC0_SX348 /home/sky/kaldi/egs/timit/s5/mfcc/raw_mfcc_train.7.ark:1304402
MJKR0_SX391 /home/sky/kaldi/egs/timit/s5/mfcc/raw_mfcc_train.6.ark:1161142
FLMA0_SI1873 /home/sky/kaldi/egs/timit/s5/mfcc/raw_mfcc_train.2.ark:1074663
FDTD0_SI2191 /home/sky/kaldi/egs/timit/s5/mfcc/raw_mfcc_train.1.ark:1061555
MDEM0_SX68 /home/sky/kaldi/egs/timit/s5/mfcc/raw_mfcc_train.5.ark:64989
MRAV0_SX108 /home/sky/kaldi/egs/timit/s5/mfcc/raw_mfcc_train.8.ark:1073390
FJLG0_SX269 /home/sky/kaldi/egs/timit/s5/mfcc/raw_mfcc_train.2.ark:174919
FEAR0_SX442 /home/sky/kaldi/egs/timit/s5/mfcc/raw_mfcc_train.1.ark:1179139
MHJB0_SX207 /home/sky/kaldi/egs/timit/s5/mfcc/raw_mfcc_train.6.ark:368602
FCKE0_SX391 /home/sky/kaldi/egs/timit/s5/mfcc/raw_mfcc_train.1.ark:619508
MAKR0_SI1352 /home/sky/kaldi/egs/timit/s5/mfcc/raw_mfcc_train.4.ark:172239
MTAT0_SX210 /home/sky/kaldi/egs/timit/s5/mfcc/raw_mfcc_train.10.ark:127541
MLSH0_SX247 /home/sky/kaldi/egs/timit/s5/mfcc/raw_mfcc_train.7.ark:1056943
FSLS0_SX426 /home/sky/kaldi/egs/timit/s5/mfcc/raw_mfcc_train.3.ark:975886
MGSH0_SX186 /home/sky/kaldi/egs/timit/s5/mfcc/raw_mfcc_train.6.ark:204756
MJAI0_SX254 /home/sky/kaldi/egs/timit/s5/mfcc/raw_mfcc_train.6.ark:623048
MRJH0_SI914 /home/sky/kaldi/egs/timit/s5/mfcc/raw_mfcc_train.9.ark:127181
MRLD0_SX334 /home/sky/kaldi/egs/timit/s5/mfcc/raw_mfcc_train.9.ark:312996
FSJK1_SI696 /home/sky/kaldi/egs/timit/s5/mfcc/raw_mfcc_train.3.ark:767411
MJWG0_SX85 /home/sky/kaldi/egs/timit/s5/mfcc/raw_mfcc_train.7.ark:215394
MNET0_SX276 /home/sky/kaldi/egs/timit/s5/mfcc/raw_mfcc_train.8.ark:443738
MHRM0_SX238 /home/sky/kaldi/egs/timit/s5/mfcc/raw_mfcc_train.6.ark:456471
MRKM0_SX367 /home/sky/kaldi/egs/timit/s5/mfcc/raw_mfcc_train.9.ark:280935
FLMC0_SI1372 /home/sky/kaldi/egs/timit/s5/mfcc/raw_mfcc_train.2.ark:1100504
MDLR0_SI1233 /home/sky/kaldi/egs/timit/s5/mfcc/raw_mfcc_train.5.ark:390776
FCRZ0_SX343 /home/sky/kaldi/egs/timit/s5/mfcc/raw_mfcc_train.1.ark:738362
MTJM0_SX146 /home/sky/kaldi/egs/timit/s5/mfcc/raw_mfcc_train.10.ark:393398
MRMH0_SX31 /home/sky/kaldi/egs/timit/s5/mfcc/raw_mfcc_train.9.ark:530803
FSGF0_SX207 /home/sky/kaldi/egs/timit/s5/mfcc/raw_mfcc_train.3.ark:703975
MTAT1_SI779 /home/sky/kaldi/egs/timit/s5/mfcc/raw_mfcc_train.10.ark:146317
FAPB0_SX343 /home/sky/kaldi/egs/timit/s5/mfcc/raw_mfcc_train.1.ark:156585
MPRD0_SX441 /home/sky/kaldi/egs/timit/s5/mfcc/raw_mfcc_train.8.ark:827618
MRSP0_SI2059 /home/sky/kaldi/egs/timit/s5/mfcc/raw_mfcc_train.9.ark:718040
MDWM0_SX286 /home/sky/kaldi/egs/timit/s5/mfcc/raw_mfcc_train.5.ark:893026
FLKM0_SI1880 /home/sky/kaldi/egs/timit/s5/mfcc/raw_mfcc_train.2.ark:1035287
MGES0_SX221 /home/sky/kaldi/egs/timit/s5/mfcc/raw_mfcc_train.6.ark:66337
MMWB0_SX449 /home/sky/kaldi/egs/timit/s5/mfcc/raw_mfcc_train.8.ark:330907
MRAB1_SI1478 /home/sky/kaldi/egs/timit/s5/mfcc/raw_mfcc_train.8.ark:961434
FLTM0_SX260 /home/sky/kaldi/egs/timit/s5/mfcc/raw_mfcc_train.2.ark:1209218
FEEH0_SI1742 /home/sky/kaldi/egs/timit/s5/mfcc/raw_mfcc_train.1.ark:1230607
MHRM0_SI2218 /home/sky/kaldi/egs/timit/s5/mfcc/raw_mfcc_train.6.ark:444906
MVLO0_SX427 /home/sky/kaldi/egs/timit/s5/mfcc/raw_mfcc_train.10.ark:1094901
FCDR1_SX286 /home/sky/kaldi/egs/timit/s5/mfcc/raw_mfcc_train.1.ark:499777
MRDS0_SX357 /home/sky/kaldi/egs/timit/s5/mfcc/raw_mfcc_train.8.ark:1271412
MLJH0_SX64 /home/sky/kaldi/egs/timit/s5/mfcc/raw_mfcc_train.7.ark:1006825
MLBC0_SX429 /home/sky/kaldi/egs/timit/s5/mfcc/raw_mfcc_train.7.ark:891715
MMLM0_SI1527 /home/sky/kaldi/egs/timit/s5/mfcc/raw_mfcc_train.8.ark:131600
FCRZ0_SX163 /home/sky/kaldi/egs/timit/s5/mfcc/raw_mfcc_train.1.ark:731874
MJRG0_SX16 /home/sky/kaldi/egs/timit/s5/mfcc/raw_mfcc_train.7.ark:11
MJEB0_SI656 /home/sky/kaldi/egs/timit/s5/mfcc/raw_mfcc_train.6.ark:844292
MRAM0_SI1905 /home/sky/kaldi/egs/timit/s5/mfcc/raw_mfcc_train.8.ark:1034096
MWSH0_SX76 /home/sky/kaldi/egs/timit/s5/mfcc/raw_mfcc_train.10.ark:1476844
MNET0_SX186 /home/sky/kaldi/egs/timit/s5/mfcc/raw_mfcc_train.8.ark:440715
FEME0_SX155 /home/sky/kaldi/egs/timit/s5/mfcc/raw_mfcc_train.1.ark:1272837
MSES0_SX419 /home/sky/kaldi/egs/timit/s5/mfcc/raw_mfcc_train.9.ark:1223478
FCLT0_SI1438 /home/sky/kaldi/egs/timit/s5/mfcc/raw_mfcc_train.1.ark:622103
FBJL0_SX112 /home/sky/kaldi/egs/timit/s5/mfcc/raw_mfcc_train.1.ark:288190
MTAT0_SI811 /home/sky/kaldi/egs/timit/s5/mfcc/raw_mfcc_train.10.ark:117842
FSBK0_SX169 /home/sky/kaldi/egs/timit/s5/mfcc/raw_mfcc_train.3.ark:561871
MDLC2_SX84 /home/sky/kaldi/egs/timit/s5/mfcc/raw_mfcc_train.5.ark:324199
MRBC0_SX239 /home/sky/kaldi/egs/timit/s5/mfcc/raw_mfcc_train.8.ark:1105850
MPRK0_SX287 /home/sky/kaldi/egs/timit/s5/mfcc/raw_mfcc_train.8.ark:863970
MMWB0_SX179 /home/sky/kaldi/egs/timit/s5/mfcc/raw_mfcc_train.8.ark:315546
MWAC0_SX251 /home/sky/kaldi/egs/timit/s5/mfcc/raw_mfcc_train.10.ark:1149510
FJSP0_SX174 /home/sky/kaldi/egs/timit/s5/mfcc/raw_mfcc_train.2.ark:342261
MAKB0_SX26 /home/sky/kaldi/egs/timit/s5/mfcc/raw_mfcc_train.4.ark:162025
MTWH1_SX162 /home/sky/kaldi/egs/timit/s5/mfcc/raw_mfcc_train.10.ark:983779
MDPK0_SI1053 /home/sky/kaldi/egs/timit/s5/mfcc/raw_mfcc_train.5.ark:593724
MJAI0_SX344 /home/sky/kaldi/egs/timit/s5/mfcc/raw_mfcc_train.6.ark:625629
MKLN0_SX338 /home/sky/kaldi/egs/timit/s5/mfcc/raw_mfcc_train.7.ark:665067
MKAG0_SX79 /home/sky/kaldi/egs/timit/s5/mfcc/raw_mfcc_train.7.ark:384418
MFXS0_SX414 /home/sky/kaldi/egs/timit/s5/mfcc/raw_mfcc_train.5.ark:1325871
MRDM0_SX155 /home/sky/kaldi/egs/timit/s5/mfcc/raw_mfcc_train.8.ark:1233706
MEJS0_SX70 /home/sky/kaldi/egs/timit/s5/mfcc/raw_mfcc_train.5.ark:1089445
